2024-03-06 16:51:44,024 - mmcls - INFO - Environment info:
------------------------------------------------------------
sys.platform: linux
Python: 3.7.16 (default, Jan 17 2023, 22:20:44) [GCC 11.2.0]
CUDA available: True
GPU 0: NVIDIA GeForce RTX 2080 Ti
CUDA_HOME: /usr/local/cuda
NVCC: Cuda compilation tools, release 11.8, V11.8.89
GCC: gcc (Ubuntu 11.4.0-1ubuntu1~22.04) 11.4.0
PyTorch: 1.7.1
PyTorch compiling details: PyTorch built with:
  - GCC 7.3
  - C++ Version: 201402
  - Intel(R) oneAPI Math Kernel Library Version 2021.4-Product Build 20210904 for Intel(R) 64 architecture applications
  - Intel(R) MKL-DNN v1.6.0 (Git Hash 5ef631a030a6f73131c77892041042805a06064f)
  - OpenMP 201511 (a.k.a. OpenMP 4.5)
  - NNPACK is enabled
  - CPU capability usage: AVX2
  - CUDA Runtime 10.1
  - NVCC architecture flags: -gencode;arch=compute_37,code=sm_37;-gencode;arch=compute_50,code=sm_50;-gencode;arch=compute_60,code=sm_60;-gencode;arch=compute_61,code=sm_61;-gencode;arch=compute_70,code=sm_70;-gencode;arch=compute_75,code=sm_75;-gencode;arch=compute_37,code=compute_37
  - CuDNN 7.6.3
  - Magma 2.5.2
  - Build settings: BLAS=MKL, BUILD_TYPE=Release, CXX_FLAGS= -Wno-deprecated -fvisibility-inlines-hidden -DUSE_PTHREADPOOL -fopenmp -DNDEBUG -DUSE_FBGEMM -DUSE_QNNPACK -DUSE_PYTORCH_QNNPACK -DUSE_XNNPACK -DUSE_VULKAN_WRAPPER -O2 -fPIC -Wno-narrowing -Wall -Wextra -Werror=return-type -Wno-missing-field-initializers -Wno-type-limits -Wno-array-bounds -Wno-unknown-pragmas -Wno-sign-compare -Wno-unused-parameter -Wno-unused-variable -Wno-unused-function -Wno-unused-result -Wno-unused-local-typedefs -Wno-strict-overflow -Wno-strict-aliasing -Wno-error=deprecated-declarations -Wno-stringop-overflow -Wno-psabi -Wno-error=pedantic -Wno-error=redundant-decls -Wno-error=old-style-cast -fdiagnostics-color=always -faligned-new -Wno-unused-but-set-variable -Wno-maybe-uninitialized -fno-math-errno -fno-trapping-math -Werror=format -Wno-stringop-overflow, PERF_WITH_AVX=1, PERF_WITH_AVX2=1, PERF_WITH_AVX512=1, USE_CUDA=ON, USE_EXCEPTION_PTR=1, USE_GFLAGS=OFF, USE_GLOG=OFF, USE_MKL=ON, USE_MKLDNN=ON, USE_MPI=OFF, USE_NCCL=ON, USE_NNPACK=ON, USE_OPENMP=ON, 

TorchVision: 0.8.2
OpenCV: 4.9.0
MMCV: 1.5.0
MMCV Compiler: GCC 11.4
MMCV CUDA Compiler: 11.8
MMClassification: 0.15.0+cd68008
------------------------------------------------------------

2024-03-06 16:51:44,026 - mmcls - INFO - Distributed training: False
2024-03-06 16:51:44,222 - mmcls - INFO - Config:
model = dict(
    type='ImageClassifier',
    backbone=dict(
        type='VGG',
        depth=19,
        norm_cfg=dict(type='BN', requires_grad=True),
        num_classes=17),
    neck=None,
    head=dict(
        type='ClsHead', loss=dict(type='CrossEntropyLoss', loss_weight=1.0)))
dataset_type = 'Flowers'
img_norm_cfg = dict(
    mean=[123.675, 116.28, 103.53], std=[58.395, 57.12, 57.375], to_rgb=True)
train_pipeline = [
    dict(type='LoadImageFromFile'),
    dict(type='RandomResizedCrop', size=224),
    dict(type='RandomFlip', flip_prob=0.5, direction='horizontal'),
    dict(
        type='Normalize',
        mean=[123.675, 116.28, 103.53],
        std=[58.395, 57.12, 57.375],
        to_rgb=True),
    dict(type='ImageToTensor', keys=['img']),
    dict(type='ToTensor', keys=['gt_label']),
    dict(type='Collect', keys=['img', 'gt_label'])
]
test_pipeline = [
    dict(type='LoadImageFromFile'),
    dict(type='Resize', size=(256, -1)),
    dict(type='CenterCrop', crop_size=224),
    dict(
        type='Normalize',
        mean=[123.675, 116.28, 103.53],
        std=[58.395, 57.12, 57.375],
        to_rgb=True),
    dict(type='ImageToTensor', keys=['img']),
    dict(type='Collect', keys=['img'])
]
data = dict(
    samples_per_gpu=16,
    workers_per_gpu=1,
    train=dict(
        type='Flowers',
        data_prefix='data/flowers/train',
        ann_file='data/flowers/meta/train.txt',
        pipeline=[
            dict(type='LoadImageFromFile'),
            dict(type='RandomResizedCrop', size=224),
            dict(type='RandomFlip', flip_prob=0.5, direction='horizontal'),
            dict(
                type='Normalize',
                mean=[123.675, 116.28, 103.53],
                std=[58.395, 57.12, 57.375],
                to_rgb=True),
            dict(type='ImageToTensor', keys=['img']),
            dict(type='ToTensor', keys=['gt_label']),
            dict(type='Collect', keys=['img', 'gt_label'])
        ]),
    val=dict(
        type='Flowers',
        data_prefix='data/flowers/val',
        ann_file='data/flowers/meta/val.txt',
        pipeline=[
            dict(type='LoadImageFromFile'),
            dict(type='Resize', size=(256, -1)),
            dict(type='CenterCrop', crop_size=224),
            dict(
                type='Normalize',
                mean=[123.675, 116.28, 103.53],
                std=[58.395, 57.12, 57.375],
                to_rgb=True),
            dict(type='ImageToTensor', keys=['img']),
            dict(type='Collect', keys=['img'])
        ]),
    test=dict(
        type='Flowers',
        data_prefix='data/flowers/test',
        ann_file='data/flowers/meta/test.txt',
        pipeline=[
            dict(type='LoadImageFromFile'),
            dict(type='Resize', size=(256, -1)),
            dict(type='CenterCrop', crop_size=224),
            dict(
                type='Normalize',
                mean=[123.675, 116.28, 103.53],
                std=[58.395, 57.12, 57.375],
                to_rgb=True),
            dict(type='ImageToTensor', keys=['img']),
            dict(type='Collect', keys=['img'])
        ]))
evaluation = dict(interval=1, metric='accuracy')
optimizer = dict(type='SGD', lr=0.001, momentum=0.9, weight_decay=0.0001)
optimizer_config = dict(grad_clip=None)
lr_config = dict(policy='step', step=[100, 150])
runner = dict(type='EpochBasedRunner', max_epochs=200)
checkpoint_config = dict(interval=100)
log_config = dict(interval=100, hooks=[dict(type='TextLoggerHook')])
dist_params = dict(backend='nccl')
log_level = 'INFO'
load_from = None
resume_from = None
workflow = [('train', 1)]
work_dir = 'output/vgg19/vgg19_flowers_bs16_lr0.001'
gpu_ids = range(0, 1)

2024-03-06 16:51:45,840 - mmcls - INFO - initialize VGG with init_cfg [{'type': 'Kaiming', 'layer': ['Conv2d']}, {'type': 'Constant', 'val': 1.0, 'layer': ['_BatchNorm']}, {'type': 'Normal', 'std': 0.01, 'layer': ['Linear']}]
Name of parameter - Initialization information

backbone.features.0.conv.weight - torch.Size([64, 3, 3, 3]): 
KaimingInit: a=0, mode=fan_out, nonlinearity=relu, distribution =normal, bias=0 

backbone.features.0.conv.bias - torch.Size([64]): 
The value is the same before and after calling `init_weights` of ImageClassifier  

backbone.features.0.bn.weight - torch.Size([64]): 
The value is the same before and after calling `init_weights` of ImageClassifier  

backbone.features.0.bn.bias - torch.Size([64]): 
The value is the same before and after calling `init_weights` of ImageClassifier  

backbone.features.1.conv.weight - torch.Size([64, 64, 3, 3]): 
KaimingInit: a=0, mode=fan_out, nonlinearity=relu, distribution =normal, bias=0 

backbone.features.1.conv.bias - torch.Size([64]): 
The value is the same before and after calling `init_weights` of ImageClassifier  

backbone.features.1.bn.weight - torch.Size([64]): 
The value is the same before and after calling `init_weights` of ImageClassifier  

backbone.features.1.bn.bias - torch.Size([64]): 
The value is the same before and after calling `init_weights` of ImageClassifier  

backbone.features.3.conv.weight - torch.Size([128, 64, 3, 3]): 
KaimingInit: a=0, mode=fan_out, nonlinearity=relu, distribution =normal, bias=0 

backbone.features.3.conv.bias - torch.Size([128]): 
The value is the same before and after calling `init_weights` of ImageClassifier  

backbone.features.3.bn.weight - torch.Size([128]): 
The value is the same before and after calling `init_weights` of ImageClassifier  

backbone.features.3.bn.bias - torch.Size([128]): 
The value is the same before and after calling `init_weights` of ImageClassifier  

backbone.features.4.conv.weight - torch.Size([128, 128, 3, 3]): 
KaimingInit: a=0, mode=fan_out, nonlinearity=relu, distribution =normal, bias=0 

backbone.features.4.conv.bias - torch.Size([128]): 
The value is the same before and after calling `init_weights` of ImageClassifier  

backbone.features.4.bn.weight - torch.Size([128]): 
The value is the same before and after calling `init_weights` of ImageClassifier  

backbone.features.4.bn.bias - torch.Size([128]): 
The value is the same before and after calling `init_weights` of ImageClassifier  

backbone.features.6.conv.weight - torch.Size([256, 128, 3, 3]): 
KaimingInit: a=0, mode=fan_out, nonlinearity=relu, distribution =normal, bias=0 

backbone.features.6.conv.bias - torch.Size([256]): 
The value is the same before and after calling `init_weights` of ImageClassifier  

backbone.features.6.bn.weight - torch.Size([256]): 
The value is the same before and after calling `init_weights` of ImageClassifier  

backbone.features.6.bn.bias - torch.Size([256]): 
The value is the same before and after calling `init_weights` of ImageClassifier  

backbone.features.7.conv.weight - torch.Size([256, 256, 3, 3]): 
KaimingInit: a=0, mode=fan_out, nonlinearity=relu, distribution =normal, bias=0 

backbone.features.7.conv.bias - torch.Size([256]): 
The value is the same before and after calling `init_weights` of ImageClassifier  

backbone.features.7.bn.weight - torch.Size([256]): 
The value is the same before and after calling `init_weights` of ImageClassifier  

backbone.features.7.bn.bias - torch.Size([256]): 
The value is the same before and after calling `init_weights` of ImageClassifier  

backbone.features.8.conv.weight - torch.Size([256, 256, 3, 3]): 
KaimingInit: a=0, mode=fan_out, nonlinearity=relu, distribution =normal, bias=0 

backbone.features.8.conv.bias - torch.Size([256]): 
The value is the same before and after calling `init_weights` of ImageClassifier  

backbone.features.8.bn.weight - torch.Size([256]): 
The value is the same before and after calling `init_weights` of ImageClassifier  

backbone.features.8.bn.bias - torch.Size([256]): 
The value is the same before and after calling `init_weights` of ImageClassifier  

backbone.features.9.conv.weight - torch.Size([256, 256, 3, 3]): 
KaimingInit: a=0, mode=fan_out, nonlinearity=relu, distribution =normal, bias=0 

backbone.features.9.conv.bias - torch.Size([256]): 
The value is the same before and after calling `init_weights` of ImageClassifier  

backbone.features.9.bn.weight - torch.Size([256]): 
The value is the same before and after calling `init_weights` of ImageClassifier  

backbone.features.9.bn.bias - torch.Size([256]): 
The value is the same before and after calling `init_weights` of ImageClassifier  

backbone.features.11.conv.weight - torch.Size([512, 256, 3, 3]): 
KaimingInit: a=0, mode=fan_out, nonlinearity=relu, distribution =normal, bias=0 

backbone.features.11.conv.bias - torch.Size([512]): 
The value is the same before and after calling `init_weights` of ImageClassifier  

backbone.features.11.bn.weight - torch.Size([512]): 
The value is the same before and after calling `init_weights` of ImageClassifier  

backbone.features.11.bn.bias - torch.Size([512]): 
The value is the same before and after calling `init_weights` of ImageClassifier  

backbone.features.12.conv.weight - torch.Size([512, 512, 3, 3]): 
KaimingInit: a=0, mode=fan_out, nonlinearity=relu, distribution =normal, bias=0 

backbone.features.12.conv.bias - torch.Size([512]): 
The value is the same before and after calling `init_weights` of ImageClassifier  

backbone.features.12.bn.weight - torch.Size([512]): 
The value is the same before and after calling `init_weights` of ImageClassifier  

backbone.features.12.bn.bias - torch.Size([512]): 
The value is the same before and after calling `init_weights` of ImageClassifier  

backbone.features.13.conv.weight - torch.Size([512, 512, 3, 3]): 
KaimingInit: a=0, mode=fan_out, nonlinearity=relu, distribution =normal, bias=0 

backbone.features.13.conv.bias - torch.Size([512]): 
The value is the same before and after calling `init_weights` of ImageClassifier  

backbone.features.13.bn.weight - torch.Size([512]): 
The value is the same before and after calling `init_weights` of ImageClassifier  

backbone.features.13.bn.bias - torch.Size([512]): 
The value is the same before and after calling `init_weights` of ImageClassifier  

backbone.features.14.conv.weight - torch.Size([512, 512, 3, 3]): 
KaimingInit: a=0, mode=fan_out, nonlinearity=relu, distribution =normal, bias=0 

backbone.features.14.conv.bias - torch.Size([512]): 
The value is the same before and after calling `init_weights` of ImageClassifier  

backbone.features.14.bn.weight - torch.Size([512]): 
The value is the same before and after calling `init_weights` of ImageClassifier  

backbone.features.14.bn.bias - torch.Size([512]): 
The value is the same before and after calling `init_weights` of ImageClassifier  

backbone.features.16.conv.weight - torch.Size([512, 512, 3, 3]): 
KaimingInit: a=0, mode=fan_out, nonlinearity=relu, distribution =normal, bias=0 

backbone.features.16.conv.bias - torch.Size([512]): 
The value is the same before and after calling `init_weights` of ImageClassifier  

backbone.features.16.bn.weight - torch.Size([512]): 
The value is the same before and after calling `init_weights` of ImageClassifier  

backbone.features.16.bn.bias - torch.Size([512]): 
The value is the same before and after calling `init_weights` of ImageClassifier  

backbone.features.17.conv.weight - torch.Size([512, 512, 3, 3]): 
KaimingInit: a=0, mode=fan_out, nonlinearity=relu, distribution =normal, bias=0 

backbone.features.17.conv.bias - torch.Size([512]): 
The value is the same before and after calling `init_weights` of ImageClassifier  

backbone.features.17.bn.weight - torch.Size([512]): 
The value is the same before and after calling `init_weights` of ImageClassifier  

backbone.features.17.bn.bias - torch.Size([512]): 
The value is the same before and after calling `init_weights` of ImageClassifier  

backbone.features.18.conv.weight - torch.Size([512, 512, 3, 3]): 
KaimingInit: a=0, mode=fan_out, nonlinearity=relu, distribution =normal, bias=0 

backbone.features.18.conv.bias - torch.Size([512]): 
The value is the same before and after calling `init_weights` of ImageClassifier  

backbone.features.18.bn.weight - torch.Size([512]): 
The value is the same before and after calling `init_weights` of ImageClassifier  

backbone.features.18.bn.bias - torch.Size([512]): 
The value is the same before and after calling `init_weights` of ImageClassifier  

backbone.features.19.conv.weight - torch.Size([512, 512, 3, 3]): 
KaimingInit: a=0, mode=fan_out, nonlinearity=relu, distribution =normal, bias=0 

backbone.features.19.conv.bias - torch.Size([512]): 
The value is the same before and after calling `init_weights` of ImageClassifier  

backbone.features.19.bn.weight - torch.Size([512]): 
The value is the same before and after calling `init_weights` of ImageClassifier  

backbone.features.19.bn.bias - torch.Size([512]): 
The value is the same before and after calling `init_weights` of ImageClassifier  

backbone.classifier.0.weight - torch.Size([4096, 25088]): 
NormalInit: mean=0, std=0.01, bias=0 

backbone.classifier.0.bias - torch.Size([4096]): 
NormalInit: mean=0, std=0.01, bias=0 

backbone.classifier.3.weight - torch.Size([4096, 4096]): 
NormalInit: mean=0, std=0.01, bias=0 

backbone.classifier.3.bias - torch.Size([4096]): 
NormalInit: mean=0, std=0.01, bias=0 

backbone.classifier.6.weight - torch.Size([17, 4096]): 
NormalInit: mean=0, std=0.01, bias=0 

backbone.classifier.6.bias - torch.Size([17]): 
NormalInit: mean=0, std=0.01, bias=0 
2024-03-06 16:51:51,070 - mmcls - INFO - Start running, host: cshtimmy@gpu2-comp-100, work_dir: /userhome/cs2/cshtimmy/COMP3340Project/CNN_Image_Classification_Code/output/vgg19/vgg19_flowers_bs16_lr0.001
2024-03-06 16:51:51,071 - mmcls - INFO - Hooks will be executed in the following order:
before_run:
(VERY_HIGH   ) StepLrUpdaterHook                  
(NORMAL      ) CheckpointHook                     
(NORMAL      ) EvalHook                           
(VERY_LOW    ) TextLoggerHook                     
 -------------------- 
before_train_epoch:
(VERY_HIGH   ) StepLrUpdaterHook                  
(NORMAL      ) EvalHook                           
(LOW         ) IterTimerHook                      
(VERY_LOW    ) TextLoggerHook                     
 -------------------- 
before_train_iter:
(VERY_HIGH   ) StepLrUpdaterHook                  
(NORMAL      ) EvalHook                           
(LOW         ) IterTimerHook                      
 -------------------- 
after_train_iter:
(ABOVE_NORMAL) OptimizerHook                      
(NORMAL      ) CheckpointHook                     
(NORMAL      ) EvalHook                           
(LOW         ) IterTimerHook                      
(VERY_LOW    ) TextLoggerHook                     
 -------------------- 
after_train_epoch:
(NORMAL      ) CheckpointHook                     
(NORMAL      ) EvalHook                           
(VERY_LOW    ) TextLoggerHook                     
 -------------------- 
before_val_epoch:
(LOW         ) IterTimerHook                      
(VERY_LOW    ) TextLoggerHook                     
 -------------------- 
before_val_iter:
(LOW         ) IterTimerHook                      
 -------------------- 
after_val_iter:
(LOW         ) IterTimerHook                      
 -------------------- 
after_val_epoch:
(VERY_LOW    ) TextLoggerHook                     
 -------------------- 
after_run:
(VERY_LOW    ) TextLoggerHook                     
 -------------------- 
2024-03-06 16:51:51,071 - mmcls - INFO - workflow: [('train', 1)], max: 200 epochs
2024-03-06 16:51:51,071 - mmcls - INFO - Checkpoints will be saved to /userhome/cs2/cshtimmy/COMP3340Project/CNN_Image_Classification_Code/output/vgg19/vgg19_flowers_bs16_lr0.001 by HardDiskBackend.
2024-03-06 16:52:04,593 - mmcls - INFO - Epoch(val) [1][9]	accuracy_top-1: 14.7059, accuracy_top-5: 62.5000
2024-03-06 16:52:17,567 - mmcls - INFO - Epoch(val) [2][9]	accuracy_top-1: 22.7941, accuracy_top-5: 69.1176
2024-03-06 16:52:30,453 - mmcls - INFO - Epoch(val) [3][9]	accuracy_top-1: 22.7941, accuracy_top-5: 80.1471
2024-03-06 16:52:43,302 - mmcls - INFO - Epoch(val) [4][9]	accuracy_top-1: 32.3529, accuracy_top-5: 82.3529
2024-03-06 16:52:56,175 - mmcls - INFO - Epoch(val) [5][9]	accuracy_top-1: 38.9706, accuracy_top-5: 84.5588
2024-03-06 16:53:09,020 - mmcls - INFO - Epoch(val) [6][9]	accuracy_top-1: 43.3824, accuracy_top-5: 88.2353
2024-03-06 16:53:21,815 - mmcls - INFO - Epoch(val) [7][9]	accuracy_top-1: 48.5294, accuracy_top-5: 86.0294
2024-03-06 16:53:34,706 - mmcls - INFO - Epoch(val) [8][9]	accuracy_top-1: 47.0588, accuracy_top-5: 89.7059
2024-03-06 16:53:47,645 - mmcls - INFO - Epoch(val) [9][9]	accuracy_top-1: 55.8824, accuracy_top-5: 91.9118
2024-03-06 16:54:00,492 - mmcls - INFO - Epoch(val) [10][9]	accuracy_top-1: 49.2647, accuracy_top-5: 93.3824
2024-03-06 16:54:13,419 - mmcls - INFO - Epoch(val) [11][9]	accuracy_top-1: 49.2647, accuracy_top-5: 91.1765
2024-03-06 16:54:26,381 - mmcls - INFO - Epoch(val) [12][9]	accuracy_top-1: 58.8235, accuracy_top-5: 90.4412
2024-03-06 16:54:39,253 - mmcls - INFO - Epoch(val) [13][9]	accuracy_top-1: 50.0000, accuracy_top-5: 93.3824
2024-03-06 16:54:52,160 - mmcls - INFO - Epoch(val) [14][9]	accuracy_top-1: 56.6176, accuracy_top-5: 94.1176
2024-03-06 16:55:05,033 - mmcls - INFO - Epoch(val) [15][9]	accuracy_top-1: 61.0294, accuracy_top-5: 91.1765
2024-03-06 16:55:17,959 - mmcls - INFO - Epoch(val) [16][9]	accuracy_top-1: 59.5588, accuracy_top-5: 94.1176
2024-03-06 16:55:30,817 - mmcls - INFO - Epoch(val) [17][9]	accuracy_top-1: 61.0294, accuracy_top-5: 94.1176
2024-03-06 16:55:43,811 - mmcls - INFO - Epoch(val) [18][9]	accuracy_top-1: 63.2353, accuracy_top-5: 93.3824
2024-03-06 16:55:56,671 - mmcls - INFO - Epoch(val) [19][9]	accuracy_top-1: 62.5000, accuracy_top-5: 92.6471
2024-03-06 16:56:09,359 - mmcls - INFO - Epoch(val) [20][9]	accuracy_top-1: 65.4412, accuracy_top-5: 96.3235
2024-03-06 16:56:22,323 - mmcls - INFO - Epoch(val) [21][9]	accuracy_top-1: 66.9118, accuracy_top-5: 94.8529
2024-03-06 16:56:35,018 - mmcls - INFO - Epoch(val) [22][9]	accuracy_top-1: 69.1176, accuracy_top-5: 96.3235
2024-03-06 16:56:47,713 - mmcls - INFO - Epoch(val) [23][9]	accuracy_top-1: 66.1765, accuracy_top-5: 96.3235
2024-03-06 16:57:00,670 - mmcls - INFO - Epoch(val) [24][9]	accuracy_top-1: 68.3824, accuracy_top-5: 94.8529
2024-03-06 16:57:13,594 - mmcls - INFO - Epoch(val) [25][9]	accuracy_top-1: 66.1765, accuracy_top-5: 97.0588
2024-03-06 16:57:26,481 - mmcls - INFO - Epoch(val) [26][9]	accuracy_top-1: 64.7059, accuracy_top-5: 94.1176
2024-03-06 16:57:39,436 - mmcls - INFO - Epoch(val) [27][9]	accuracy_top-1: 69.8529, accuracy_top-5: 96.3235
2024-03-06 16:57:52,345 - mmcls - INFO - Epoch(val) [28][9]	accuracy_top-1: 69.1176, accuracy_top-5: 97.0588
2024-03-06 16:58:05,293 - mmcls - INFO - Epoch(val) [29][9]	accuracy_top-1: 69.1176, accuracy_top-5: 94.8529
2024-03-06 16:58:18,216 - mmcls - INFO - Epoch(val) [30][9]	accuracy_top-1: 69.1176, accuracy_top-5: 95.5882
2024-03-06 16:58:30,875 - mmcls - INFO - Epoch(val) [31][9]	accuracy_top-1: 72.0588, accuracy_top-5: 93.3824
2024-03-06 16:58:43,790 - mmcls - INFO - Epoch(val) [32][9]	accuracy_top-1: 62.5000, accuracy_top-5: 94.8529
2024-03-06 16:58:56,726 - mmcls - INFO - Epoch(val) [33][9]	accuracy_top-1: 69.1176, accuracy_top-5: 97.7941
2024-03-06 16:59:09,651 - mmcls - INFO - Epoch(val) [34][9]	accuracy_top-1: 69.1176, accuracy_top-5: 93.3824
2024-03-06 16:59:22,550 - mmcls - INFO - Epoch(val) [35][9]	accuracy_top-1: 69.8529, accuracy_top-5: 94.1176
2024-03-06 16:59:35,375 - mmcls - INFO - Epoch(val) [36][9]	accuracy_top-1: 70.5882, accuracy_top-5: 97.0588
2024-03-06 16:59:48,322 - mmcls - INFO - Epoch(val) [37][9]	accuracy_top-1: 72.7941, accuracy_top-5: 97.0588
2024-03-06 17:00:01,203 - mmcls - INFO - Epoch(val) [38][9]	accuracy_top-1: 72.7941, accuracy_top-5: 96.3235
2024-03-06 17:00:14,064 - mmcls - INFO - Epoch(val) [39][9]	accuracy_top-1: 75.0000, accuracy_top-5: 96.3235
2024-03-06 17:00:26,724 - mmcls - INFO - Epoch(val) [40][9]	accuracy_top-1: 67.6471, accuracy_top-5: 97.7941
2024-03-06 17:00:39,688 - mmcls - INFO - Epoch(val) [41][9]	accuracy_top-1: 72.7941, accuracy_top-5: 97.0588
2024-03-06 17:00:52,520 - mmcls - INFO - Epoch(val) [42][9]	accuracy_top-1: 70.5882, accuracy_top-5: 98.5294
2024-03-06 17:01:05,352 - mmcls - INFO - Epoch(val) [43][9]	accuracy_top-1: 74.2647, accuracy_top-5: 96.3235
2024-03-06 17:01:18,243 - mmcls - INFO - Epoch(val) [44][9]	accuracy_top-1: 74.2647, accuracy_top-5: 95.5882
2024-03-06 17:01:31,154 - mmcls - INFO - Epoch(val) [45][9]	accuracy_top-1: 75.7353, accuracy_top-5: 96.3235
2024-03-06 17:01:44,071 - mmcls - INFO - Epoch(val) [46][9]	accuracy_top-1: 76.4706, accuracy_top-5: 96.3235
2024-03-06 17:01:57,026 - mmcls - INFO - Epoch(val) [47][9]	accuracy_top-1: 75.0000, accuracy_top-5: 98.5294
2024-03-06 17:02:09,912 - mmcls - INFO - Epoch(val) [48][9]	accuracy_top-1: 75.0000, accuracy_top-5: 93.3824
2024-03-06 17:02:22,868 - mmcls - INFO - Epoch(val) [49][9]	accuracy_top-1: 72.7941, accuracy_top-5: 97.7941
2024-03-06 17:02:35,659 - mmcls - INFO - Epoch(val) [50][9]	accuracy_top-1: 76.4706, accuracy_top-5: 97.0588
2024-03-06 17:02:48,513 - mmcls - INFO - Epoch(val) [51][9]	accuracy_top-1: 75.0000, accuracy_top-5: 96.3235
2024-03-06 17:03:01,472 - mmcls - INFO - Epoch(val) [52][9]	accuracy_top-1: 72.0588, accuracy_top-5: 99.2647
2024-03-06 17:03:14,281 - mmcls - INFO - Epoch(val) [53][9]	accuracy_top-1: 77.2059, accuracy_top-5: 94.8529
2024-03-06 17:03:27,244 - mmcls - INFO - Epoch(val) [54][9]	accuracy_top-1: 75.0000, accuracy_top-5: 97.0588
2024-03-06 17:03:40,131 - mmcls - INFO - Epoch(val) [55][9]	accuracy_top-1: 75.0000, accuracy_top-5: 97.7941
2024-03-06 17:03:53,074 - mmcls - INFO - Epoch(val) [56][9]	accuracy_top-1: 69.8529, accuracy_top-5: 95.5882
2024-03-06 17:04:06,014 - mmcls - INFO - Epoch(val) [57][9]	accuracy_top-1: 75.7353, accuracy_top-5: 98.5294
2024-03-06 17:04:18,951 - mmcls - INFO - Epoch(val) [58][9]	accuracy_top-1: 78.6765, accuracy_top-5: 97.0588
2024-03-06 17:04:31,592 - mmcls - INFO - Epoch(val) [59][9]	accuracy_top-1: 77.9412, accuracy_top-5: 97.7941
2024-03-06 17:04:44,379 - mmcls - INFO - Epoch(val) [60][9]	accuracy_top-1: 75.7353, accuracy_top-5: 97.7941
2024-03-06 17:04:57,289 - mmcls - INFO - Epoch(val) [61][9]	accuracy_top-1: 74.2647, accuracy_top-5: 98.5294
2024-03-06 17:05:10,169 - mmcls - INFO - Epoch(val) [62][9]	accuracy_top-1: 74.2647, accuracy_top-5: 95.5882
2024-03-06 17:05:23,027 - mmcls - INFO - Epoch(val) [63][9]	accuracy_top-1: 75.7353, accuracy_top-5: 97.0588
2024-03-06 17:05:35,913 - mmcls - INFO - Epoch(val) [64][9]	accuracy_top-1: 77.9412, accuracy_top-5: 97.7941
2024-03-06 17:05:48,762 - mmcls - INFO - Epoch(val) [65][9]	accuracy_top-1: 77.2059, accuracy_top-5: 97.7941
2024-03-06 17:06:01,684 - mmcls - INFO - Epoch(val) [66][9]	accuracy_top-1: 77.9412, accuracy_top-5: 98.5294
2024-03-06 17:06:14,561 - mmcls - INFO - Epoch(val) [67][9]	accuracy_top-1: 77.9412, accuracy_top-5: 97.0588
2024-03-06 17:06:27,269 - mmcls - INFO - Epoch(val) [68][9]	accuracy_top-1: 76.4706, accuracy_top-5: 97.0588
2024-03-06 17:06:40,193 - mmcls - INFO - Epoch(val) [69][9]	accuracy_top-1: 76.4706, accuracy_top-5: 95.5882
2024-03-06 17:06:53,059 - mmcls - INFO - Epoch(val) [70][9]	accuracy_top-1: 75.0000, accuracy_top-5: 97.0588
2024-03-06 17:07:06,037 - mmcls - INFO - Epoch(val) [71][9]	accuracy_top-1: 76.4706, accuracy_top-5: 95.5882
2024-03-06 17:07:19,014 - mmcls - INFO - Epoch(val) [72][9]	accuracy_top-1: 77.2059, accuracy_top-5: 96.3235
2024-03-06 17:07:31,949 - mmcls - INFO - Epoch(val) [73][9]	accuracy_top-1: 77.9412, accuracy_top-5: 97.7941
2024-03-06 17:07:44,899 - mmcls - INFO - Epoch(val) [74][9]	accuracy_top-1: 77.2059, accuracy_top-5: 96.3235
2024-03-06 17:07:57,818 - mmcls - INFO - Epoch(val) [75][9]	accuracy_top-1: 80.1471, accuracy_top-5: 97.7941
2024-03-06 17:08:10,677 - mmcls - INFO - Epoch(val) [76][9]	accuracy_top-1: 80.8824, accuracy_top-5: 96.3235
2024-03-06 17:08:23,619 - mmcls - INFO - Epoch(val) [77][9]	accuracy_top-1: 80.1471, accuracy_top-5: 95.5882
2024-03-06 17:08:36,571 - mmcls - INFO - Epoch(val) [78][9]	accuracy_top-1: 79.4118, accuracy_top-5: 98.5294
2024-03-06 17:08:49,435 - mmcls - INFO - Epoch(val) [79][9]	accuracy_top-1: 75.7353, accuracy_top-5: 96.3235
2024-03-06 17:09:02,377 - mmcls - INFO - Epoch(val) [80][9]	accuracy_top-1: 77.2059, accuracy_top-5: 96.3235
2024-03-06 17:09:15,392 - mmcls - INFO - Epoch(val) [81][9]	accuracy_top-1: 76.4706, accuracy_top-5: 94.8529
2024-03-06 17:09:28,333 - mmcls - INFO - Epoch(val) [82][9]	accuracy_top-1: 77.9412, accuracy_top-5: 98.5294
2024-03-06 17:09:41,267 - mmcls - INFO - Epoch(val) [83][9]	accuracy_top-1: 79.4118, accuracy_top-5: 97.0588
2024-03-06 17:09:54,163 - mmcls - INFO - Epoch(val) [84][9]	accuracy_top-1: 77.9412, accuracy_top-5: 96.3235
2024-03-06 17:10:06,977 - mmcls - INFO - Epoch(val) [85][9]	accuracy_top-1: 77.9412, accuracy_top-5: 97.0588
2024-03-06 17:10:19,914 - mmcls - INFO - Epoch(val) [86][9]	accuracy_top-1: 74.2647, accuracy_top-5: 97.0588
2024-03-06 17:10:32,800 - mmcls - INFO - Epoch(val) [87][9]	accuracy_top-1: 80.1471, accuracy_top-5: 94.8529
2024-03-06 17:10:45,753 - mmcls - INFO - Epoch(val) [88][9]	accuracy_top-1: 79.4118, accuracy_top-5: 97.0588
2024-03-06 17:10:58,670 - mmcls - INFO - Epoch(val) [89][9]	accuracy_top-1: 74.2647, accuracy_top-5: 97.7941
2024-03-06 17:11:11,424 - mmcls - INFO - Epoch(val) [90][9]	accuracy_top-1: 82.3529, accuracy_top-5: 96.3235
2024-03-06 17:11:24,315 - mmcls - INFO - Epoch(val) [91][9]	accuracy_top-1: 80.1471, accuracy_top-5: 100.0000
2024-03-06 17:11:37,318 - mmcls - INFO - Epoch(val) [92][9]	accuracy_top-1: 79.4118, accuracy_top-5: 98.5294
2024-03-06 17:11:50,228 - mmcls - INFO - Epoch(val) [93][9]	accuracy_top-1: 76.4706, accuracy_top-5: 98.5294
2024-03-06 17:12:03,087 - mmcls - INFO - Epoch(val) [94][9]	accuracy_top-1: 77.9412, accuracy_top-5: 98.5294
2024-03-06 17:12:15,903 - mmcls - INFO - Epoch(val) [95][9]	accuracy_top-1: 79.4118, accuracy_top-5: 97.7941
2024-03-06 17:12:28,824 - mmcls - INFO - Epoch(val) [96][9]	accuracy_top-1: 80.1471, accuracy_top-5: 98.5294
2024-03-06 17:12:41,771 - mmcls - INFO - Epoch(val) [97][9]	accuracy_top-1: 80.1471, accuracy_top-5: 97.7941
2024-03-06 17:12:54,700 - mmcls - INFO - Epoch(val) [98][9]	accuracy_top-1: 77.2059, accuracy_top-5: 97.0588
2024-03-06 17:13:07,452 - mmcls - INFO - Epoch(val) [99][9]	accuracy_top-1: 78.6765, accuracy_top-5: 97.7941
2024-03-06 17:13:19,134 - mmcls - INFO - Saving checkpoint at 100 epochs
2024-03-06 17:13:27,104 - mmcls - INFO - Epoch(val) [100][9]	accuracy_top-1: 83.0882, accuracy_top-5: 96.3235
2024-03-06 17:13:39,699 - mmcls - INFO - Epoch(val) [101][9]	accuracy_top-1: 83.0882, accuracy_top-5: 98.5294
2024-03-06 17:13:52,588 - mmcls - INFO - Epoch(val) [102][9]	accuracy_top-1: 81.6176, accuracy_top-5: 97.7941
2024-03-06 17:14:05,425 - mmcls - INFO - Epoch(val) [103][9]	accuracy_top-1: 83.8235, accuracy_top-5: 98.5294
2024-03-06 17:14:18,396 - mmcls - INFO - Epoch(val) [104][9]	accuracy_top-1: 84.5588, accuracy_top-5: 98.5294
2024-03-06 17:14:31,316 - mmcls - INFO - Epoch(val) [105][9]	accuracy_top-1: 83.0882, accuracy_top-5: 98.5294
2024-03-06 17:14:44,187 - mmcls - INFO - Epoch(val) [106][9]	accuracy_top-1: 84.5588, accuracy_top-5: 98.5294
2024-03-06 17:14:57,233 - mmcls - INFO - Epoch(val) [107][9]	accuracy_top-1: 84.5588, accuracy_top-5: 98.5294
2024-03-06 17:15:10,104 - mmcls - INFO - Epoch(val) [108][9]	accuracy_top-1: 82.3529, accuracy_top-5: 98.5294
2024-03-06 17:15:22,999 - mmcls - INFO - Epoch(val) [109][9]	accuracy_top-1: 80.8824, accuracy_top-5: 97.0588
2024-03-06 17:15:35,894 - mmcls - INFO - Epoch(val) [110][9]	accuracy_top-1: 82.3529, accuracy_top-5: 97.7941
2024-03-06 17:15:48,880 - mmcls - INFO - Epoch(val) [111][9]	accuracy_top-1: 83.8235, accuracy_top-5: 97.7941
2024-03-06 17:16:01,815 - mmcls - INFO - Epoch(val) [112][9]	accuracy_top-1: 83.0882, accuracy_top-5: 97.7941
2024-03-06 17:16:14,733 - mmcls - INFO - Epoch(val) [113][9]	accuracy_top-1: 85.2941, accuracy_top-5: 97.7941
2024-03-06 17:16:27,654 - mmcls - INFO - Epoch(val) [114][9]	accuracy_top-1: 83.8235, accuracy_top-5: 98.5294
2024-03-06 17:16:40,514 - mmcls - INFO - Epoch(val) [115][9]	accuracy_top-1: 83.8235, accuracy_top-5: 98.5294
2024-03-06 17:16:53,365 - mmcls - INFO - Epoch(val) [116][9]	accuracy_top-1: 83.8235, accuracy_top-5: 99.2647
2024-03-06 17:17:06,178 - mmcls - INFO - Epoch(val) [117][9]	accuracy_top-1: 82.3529, accuracy_top-5: 98.5294
2024-03-06 17:17:19,115 - mmcls - INFO - Epoch(val) [118][9]	accuracy_top-1: 84.5588, accuracy_top-5: 99.2647
2024-03-06 17:17:32,149 - mmcls - INFO - Epoch(val) [119][9]	accuracy_top-1: 83.0882, accuracy_top-5: 98.5294
2024-03-06 17:17:45,066 - mmcls - INFO - Epoch(val) [120][9]	accuracy_top-1: 83.8235, accuracy_top-5: 98.5294
2024-03-06 17:17:57,918 - mmcls - INFO - Epoch(val) [121][9]	accuracy_top-1: 83.0882, accuracy_top-5: 99.2647
2024-03-06 17:18:10,860 - mmcls - INFO - Epoch(val) [122][9]	accuracy_top-1: 82.3529, accuracy_top-5: 99.2647
2024-03-06 17:18:23,757 - mmcls - INFO - Epoch(val) [123][9]	accuracy_top-1: 84.5588, accuracy_top-5: 99.2647
2024-03-06 17:18:36,730 - mmcls - INFO - Epoch(val) [124][9]	accuracy_top-1: 83.8235, accuracy_top-5: 98.5294
2024-03-06 17:18:49,583 - mmcls - INFO - Epoch(val) [125][9]	accuracy_top-1: 84.5588, accuracy_top-5: 99.2647
2024-03-06 17:19:02,553 - mmcls - INFO - Epoch(val) [126][9]	accuracy_top-1: 83.8235, accuracy_top-5: 99.2647
2024-03-06 17:19:15,518 - mmcls - INFO - Epoch(val) [127][9]	accuracy_top-1: 82.3529, accuracy_top-5: 97.7941
2024-03-06 17:19:28,455 - mmcls - INFO - Epoch(val) [128][9]	accuracy_top-1: 82.3529, accuracy_top-5: 98.5294
2024-03-06 17:19:41,455 - mmcls - INFO - Epoch(val) [129][9]	accuracy_top-1: 81.6176, accuracy_top-5: 99.2647
2024-03-06 17:19:54,364 - mmcls - INFO - Epoch(val) [130][9]	accuracy_top-1: 83.0882, accuracy_top-5: 98.5294
2024-03-06 17:20:07,371 - mmcls - INFO - Epoch(val) [131][9]	accuracy_top-1: 82.3529, accuracy_top-5: 97.7941
2024-03-06 17:20:20,301 - mmcls - INFO - Epoch(val) [132][9]	accuracy_top-1: 83.0882, accuracy_top-5: 98.5294
2024-03-06 17:20:33,195 - mmcls - INFO - Epoch(val) [133][9]	accuracy_top-1: 83.0882, accuracy_top-5: 98.5294
2024-03-06 17:20:46,195 - mmcls - INFO - Epoch(val) [134][9]	accuracy_top-1: 83.0882, accuracy_top-5: 98.5294
2024-03-06 17:20:59,076 - mmcls - INFO - Epoch(val) [135][9]	accuracy_top-1: 83.0882, accuracy_top-5: 98.5294
2024-03-06 17:21:12,049 - mmcls - INFO - Epoch(val) [136][9]	accuracy_top-1: 81.6176, accuracy_top-5: 98.5294
2024-03-06 17:21:25,056 - mmcls - INFO - Epoch(val) [137][9]	accuracy_top-1: 82.3529, accuracy_top-5: 99.2647
2024-03-06 17:21:37,949 - mmcls - INFO - Epoch(val) [138][9]	accuracy_top-1: 82.3529, accuracy_top-5: 98.5294
2024-03-06 17:21:50,850 - mmcls - INFO - Epoch(val) [139][9]	accuracy_top-1: 80.8824, accuracy_top-5: 98.5294
2024-03-06 17:22:03,732 - mmcls - INFO - Epoch(val) [140][9]	accuracy_top-1: 80.8824, accuracy_top-5: 99.2647
2024-03-06 17:22:16,668 - mmcls - INFO - Epoch(val) [141][9]	accuracy_top-1: 82.3529, accuracy_top-5: 97.7941
2024-03-06 17:22:29,632 - mmcls - INFO - Epoch(val) [142][9]	accuracy_top-1: 82.3529, accuracy_top-5: 97.7941
2024-03-06 17:22:42,535 - mmcls - INFO - Epoch(val) [143][9]	accuracy_top-1: 83.0882, accuracy_top-5: 98.5294
2024-03-06 17:22:55,473 - mmcls - INFO - Epoch(val) [144][9]	accuracy_top-1: 80.8824, accuracy_top-5: 98.5294
2024-03-06 17:23:08,124 - mmcls - INFO - Epoch(val) [145][9]	accuracy_top-1: 83.0882, accuracy_top-5: 97.7941
2024-03-06 17:23:20,833 - mmcls - INFO - Epoch(val) [146][9]	accuracy_top-1: 83.0882, accuracy_top-5: 99.2647
2024-03-06 17:23:33,682 - mmcls - INFO - Epoch(val) [147][9]	accuracy_top-1: 83.0882, accuracy_top-5: 99.2647
2024-03-06 17:23:46,509 - mmcls - INFO - Epoch(val) [148][9]	accuracy_top-1: 80.8824, accuracy_top-5: 99.2647
2024-03-06 17:23:59,484 - mmcls - INFO - Epoch(val) [149][9]	accuracy_top-1: 83.0882, accuracy_top-5: 99.2647
2024-03-06 17:24:12,373 - mmcls - INFO - Epoch(val) [150][9]	accuracy_top-1: 83.0882, accuracy_top-5: 99.2647
2024-03-06 17:24:25,298 - mmcls - INFO - Epoch(val) [151][9]	accuracy_top-1: 83.0882, accuracy_top-5: 98.5294
2024-03-06 17:24:38,181 - mmcls - INFO - Epoch(val) [152][9]	accuracy_top-1: 83.0882, accuracy_top-5: 99.2647
2024-03-06 17:24:51,107 - mmcls - INFO - Epoch(val) [153][9]	accuracy_top-1: 82.3529, accuracy_top-5: 99.2647
2024-03-06 17:25:04,016 - mmcls - INFO - Epoch(val) [154][9]	accuracy_top-1: 81.6176, accuracy_top-5: 99.2647
2024-03-06 17:25:16,934 - mmcls - INFO - Epoch(val) [155][9]	accuracy_top-1: 81.6176, accuracy_top-5: 99.2647
2024-03-06 17:25:29,893 - mmcls - INFO - Epoch(val) [156][9]	accuracy_top-1: 81.6176, accuracy_top-5: 99.2647
2024-03-06 17:25:42,819 - mmcls - INFO - Epoch(val) [157][9]	accuracy_top-1: 82.3529, accuracy_top-5: 98.5294
2024-03-06 17:25:55,657 - mmcls - INFO - Epoch(val) [158][9]	accuracy_top-1: 80.8824, accuracy_top-5: 98.5294
2024-03-06 17:26:08,592 - mmcls - INFO - Epoch(val) [159][9]	accuracy_top-1: 83.0882, accuracy_top-5: 99.2647
2024-03-06 17:26:21,563 - mmcls - INFO - Epoch(val) [160][9]	accuracy_top-1: 81.6176, accuracy_top-5: 98.5294
2024-03-06 17:26:34,538 - mmcls - INFO - Epoch(val) [161][9]	accuracy_top-1: 83.0882, accuracy_top-5: 98.5294
2024-03-06 17:26:47,537 - mmcls - INFO - Epoch(val) [162][9]	accuracy_top-1: 82.3529, accuracy_top-5: 99.2647
2024-03-06 17:27:00,359 - mmcls - INFO - Epoch(val) [163][9]	accuracy_top-1: 80.8824, accuracy_top-5: 99.2647
2024-03-06 17:27:13,342 - mmcls - INFO - Epoch(val) [164][9]	accuracy_top-1: 83.0882, accuracy_top-5: 98.5294
2024-03-06 17:27:26,485 - mmcls - INFO - Epoch(val) [165][9]	accuracy_top-1: 81.6176, accuracy_top-5: 99.2647
2024-03-06 17:27:39,485 - mmcls - INFO - Epoch(val) [166][9]	accuracy_top-1: 83.0882, accuracy_top-5: 98.5294
2024-03-06 17:27:52,500 - mmcls - INFO - Epoch(val) [167][9]	accuracy_top-1: 81.6176, accuracy_top-5: 99.2647
2024-03-06 17:28:05,406 - mmcls - INFO - Epoch(val) [168][9]	accuracy_top-1: 81.6176, accuracy_top-5: 99.2647
2024-03-06 17:28:18,228 - mmcls - INFO - Epoch(val) [169][9]	accuracy_top-1: 83.0882, accuracy_top-5: 98.5294
2024-03-06 17:28:30,980 - mmcls - INFO - Epoch(val) [170][9]	accuracy_top-1: 81.6176, accuracy_top-5: 99.2647
2024-03-06 17:28:43,902 - mmcls - INFO - Epoch(val) [171][9]	accuracy_top-1: 83.0882, accuracy_top-5: 98.5294
2024-03-06 17:28:56,815 - mmcls - INFO - Epoch(val) [172][9]	accuracy_top-1: 82.3529, accuracy_top-5: 99.2647
2024-03-06 17:29:09,668 - mmcls - INFO - Epoch(val) [173][9]	accuracy_top-1: 81.6176, accuracy_top-5: 99.2647
2024-03-06 17:29:22,670 - mmcls - INFO - Epoch(val) [174][9]	accuracy_top-1: 82.3529, accuracy_top-5: 99.2647
2024-03-06 17:29:35,529 - mmcls - INFO - Epoch(val) [175][9]	accuracy_top-1: 83.0882, accuracy_top-5: 99.2647
2024-03-06 17:29:48,337 - mmcls - INFO - Epoch(val) [176][9]	accuracy_top-1: 83.8235, accuracy_top-5: 99.2647
2024-03-06 17:30:01,298 - mmcls - INFO - Epoch(val) [177][9]	accuracy_top-1: 83.0882, accuracy_top-5: 99.2647
2024-03-06 17:30:14,261 - mmcls - INFO - Epoch(val) [178][9]	accuracy_top-1: 83.8235, accuracy_top-5: 99.2647
2024-03-06 17:30:27,246 - mmcls - INFO - Epoch(val) [179][9]	accuracy_top-1: 83.8235, accuracy_top-5: 99.2647
2024-03-06 17:30:40,167 - mmcls - INFO - Epoch(val) [180][9]	accuracy_top-1: 82.3529, accuracy_top-5: 98.5294
2024-03-06 17:30:53,192 - mmcls - INFO - Epoch(val) [181][9]	accuracy_top-1: 82.3529, accuracy_top-5: 99.2647
2024-03-06 17:31:06,122 - mmcls - INFO - Epoch(val) [182][9]	accuracy_top-1: 83.0882, accuracy_top-5: 99.2647
2024-03-06 17:31:19,058 - mmcls - INFO - Epoch(val) [183][9]	accuracy_top-1: 81.6176, accuracy_top-5: 99.2647
2024-03-06 17:31:31,779 - mmcls - INFO - Epoch(val) [184][9]	accuracy_top-1: 82.3529, accuracy_top-5: 99.2647
2024-03-06 17:31:44,676 - mmcls - INFO - Epoch(val) [185][9]	accuracy_top-1: 82.3529, accuracy_top-5: 99.2647
2024-03-06 17:31:57,615 - mmcls - INFO - Epoch(val) [186][9]	accuracy_top-1: 80.8824, accuracy_top-5: 99.2647
2024-03-06 17:32:10,548 - mmcls - INFO - Epoch(val) [187][9]	accuracy_top-1: 82.3529, accuracy_top-5: 99.2647
2024-03-06 17:32:23,468 - mmcls - INFO - Epoch(val) [188][9]	accuracy_top-1: 80.8824, accuracy_top-5: 99.2647
2024-03-06 17:32:36,478 - mmcls - INFO - Epoch(val) [189][9]	accuracy_top-1: 82.3529, accuracy_top-5: 98.5294
2024-03-06 17:32:49,294 - mmcls - INFO - Epoch(val) [190][9]	accuracy_top-1: 81.6176, accuracy_top-5: 99.2647
2024-03-06 17:33:02,193 - mmcls - INFO - Epoch(val) [191][9]	accuracy_top-1: 82.3529, accuracy_top-5: 99.2647
2024-03-06 17:33:15,044 - mmcls - INFO - Epoch(val) [192][9]	accuracy_top-1: 81.6176, accuracy_top-5: 99.2647
2024-03-06 17:33:27,921 - mmcls - INFO - Epoch(val) [193][9]	accuracy_top-1: 83.0882, accuracy_top-5: 99.2647
2024-03-06 17:33:40,801 - mmcls - INFO - Epoch(val) [194][9]	accuracy_top-1: 82.3529, accuracy_top-5: 99.2647
2024-03-06 17:33:53,650 - mmcls - INFO - Epoch(val) [195][9]	accuracy_top-1: 82.3529, accuracy_top-5: 99.2647
2024-03-06 17:34:06,484 - mmcls - INFO - Epoch(val) [196][9]	accuracy_top-1: 83.0882, accuracy_top-5: 99.2647
2024-03-06 17:34:19,393 - mmcls - INFO - Epoch(val) [197][9]	accuracy_top-1: 82.3529, accuracy_top-5: 98.5294
2024-03-06 17:34:32,296 - mmcls - INFO - Epoch(val) [198][9]	accuracy_top-1: 82.3529, accuracy_top-5: 99.2647
2024-03-06 17:34:45,301 - mmcls - INFO - Epoch(val) [199][9]	accuracy_top-1: 81.6176, accuracy_top-5: 99.2647
2024-03-06 17:34:56,950 - mmcls - INFO - Saving checkpoint at 200 epochs
2024-03-06 17:35:04,614 - mmcls - INFO - Epoch(val) [200][9]	accuracy_top-1: 82.3529, accuracy_top-5: 99.2647
