2024-04-12 18:01:26,817 - mmcls - INFO - Environment info:
------------------------------------------------------------
sys.platform: linux
Python: 3.7.16 (default, Jan 17 2023, 22:20:44) [GCC 11.2.0]
CUDA available: True
GPU 0: NVIDIA GeForce RTX 2080 Ti
CUDA_HOME: /usr/local/cuda
NVCC: Cuda compilation tools, release 11.8, V11.8.89
GCC: gcc (Ubuntu 11.4.0-1ubuntu1~22.04) 11.4.0
PyTorch: 1.7.1
PyTorch compiling details: PyTorch built with:
  - GCC 7.3
  - C++ Version: 201402
  - Intel(R) oneAPI Math Kernel Library Version 2021.4-Product Build 20210904 for Intel(R) 64 architecture applications
  - Intel(R) MKL-DNN v1.6.0 (Git Hash 5ef631a030a6f73131c77892041042805a06064f)
  - OpenMP 201511 (a.k.a. OpenMP 4.5)
  - NNPACK is enabled
  - CPU capability usage: AVX2
  - CUDA Runtime 10.1
  - NVCC architecture flags: -gencode;arch=compute_37,code=sm_37;-gencode;arch=compute_50,code=sm_50;-gencode;arch=compute_60,code=sm_60;-gencode;arch=compute_61,code=sm_61;-gencode;arch=compute_70,code=sm_70;-gencode;arch=compute_75,code=sm_75;-gencode;arch=compute_37,code=compute_37
  - CuDNN 7.6.3
  - Magma 2.5.2
  - Build settings: BLAS=MKL, BUILD_TYPE=Release, CXX_FLAGS= -Wno-deprecated -fvisibility-inlines-hidden -DUSE_PTHREADPOOL -fopenmp -DNDEBUG -DUSE_FBGEMM -DUSE_QNNPACK -DUSE_PYTORCH_QNNPACK -DUSE_XNNPACK -DUSE_VULKAN_WRAPPER -O2 -fPIC -Wno-narrowing -Wall -Wextra -Werror=return-type -Wno-missing-field-initializers -Wno-type-limits -Wno-array-bounds -Wno-unknown-pragmas -Wno-sign-compare -Wno-unused-parameter -Wno-unused-variable -Wno-unused-function -Wno-unused-result -Wno-unused-local-typedefs -Wno-strict-overflow -Wno-strict-aliasing -Wno-error=deprecated-declarations -Wno-stringop-overflow -Wno-psabi -Wno-error=pedantic -Wno-error=redundant-decls -Wno-error=old-style-cast -fdiagnostics-color=always -faligned-new -Wno-unused-but-set-variable -Wno-maybe-uninitialized -fno-math-errno -fno-trapping-math -Werror=format -Wno-stringop-overflow, PERF_WITH_AVX=1, PERF_WITH_AVX2=1, PERF_WITH_AVX512=1, USE_CUDA=ON, USE_EXCEPTION_PTR=1, USE_GFLAGS=OFF, USE_GLOG=OFF, USE_MKL=ON, USE_MKLDNN=ON, USE_MPI=OFF, USE_NCCL=ON, USE_NNPACK=ON, USE_OPENMP=ON, 

TorchVision: 0.8.2
OpenCV: 4.9.0
MMCV: 1.5.0
MMCV Compiler: GCC 11.4
MMCV CUDA Compiler: 11.8
MMClassification: 0.15.0+bd9e1f6
------------------------------------------------------------

2024-04-12 18:01:26,819 - mmcls - INFO - Distributed training: False
2024-04-12 18:01:27,037 - mmcls - INFO - Config:
model = dict(
    type='ImageClassifier',
    backbone=dict(
        return_tuple=False,
        type='VisionTransformer',
        num_layers=12,
        embed_dim=768,
        num_heads=12,
        img_size=224,
        patch_size=16,
        in_channels=3,
        feedforward_channels=3072,
        drop_rate=0.1,
        attn_drop_rate=0.0),
    neck=None,
    head=dict(
        type='VisionTransformerClsHead',
        num_classes=17,
        in_channels=768,
        hidden_dim=3072,
        loss=dict(type='LabelSmoothLoss', label_smooth_val=0.1),
        topk=(1, 5)),
    train_cfg=dict(
        augments=dict(type='BatchMixup', alpha=0.2, num_classes=17, prob=1.0)))
dataset_type = 'Flowers'
img_norm_cfg = dict(
    mean=[123.675, 116.28, 103.53], std=[58.395, 57.12, 57.375], to_rgb=True)
train_pipeline = [
    dict(type='LoadImageFromFile'),
    dict(type='RandomResizedCrop', size=224),
    dict(type='RandomFlip', flip_prob=0.5, direction='horizontal'),
    dict(
        type='Normalize',
        mean=[123.675, 116.28, 103.53],
        std=[58.395, 57.12, 57.375],
        to_rgb=True),
    dict(type='ImageToTensor', keys=['img']),
    dict(type='ToTensor', keys=['gt_label']),
    dict(type='Collect', keys=['img', 'gt_label'])
]
test_pipeline = [
    dict(type='LoadImageFromFile'),
    dict(type='Resize', size=(256, -1)),
    dict(type='CenterCrop', crop_size=224),
    dict(
        type='Normalize',
        mean=[123.675, 116.28, 103.53],
        std=[58.395, 57.12, 57.375],
        to_rgb=True),
    dict(type='ImageToTensor', keys=['img']),
    dict(type='Collect', keys=['img'])
]
data = dict(
    samples_per_gpu=32,
    workers_per_gpu=1,
    train=dict(
        type='Flowers',
        data_prefix='data/flowers/train',
        ann_file='data/flowers/meta/train.txt',
        pipeline=[
            dict(type='LoadImageFromFile'),
            dict(type='RandomResizedCrop', size=224),
            dict(type='RandomFlip', flip_prob=0.5, direction='horizontal'),
            dict(
                type='Normalize',
                mean=[123.675, 116.28, 103.53],
                std=[58.395, 57.12, 57.375],
                to_rgb=True),
            dict(type='ImageToTensor', keys=['img']),
            dict(type='ToTensor', keys=['gt_label']),
            dict(type='Collect', keys=['img', 'gt_label'])
        ]),
    val=dict(
        type='Flowers',
        data_prefix='data/flowers/val',
        ann_file='data/flowers/meta/val.txt',
        pipeline=[
            dict(type='LoadImageFromFile'),
            dict(type='Resize', size=(256, -1)),
            dict(type='CenterCrop', crop_size=224),
            dict(
                type='Normalize',
                mean=[123.675, 116.28, 103.53],
                std=[58.395, 57.12, 57.375],
                to_rgb=True),
            dict(type='ImageToTensor', keys=['img']),
            dict(type='Collect', keys=['img'])
        ]),
    test=dict(
        type='Flowers',
        data_prefix='data/flowers/test',
        ann_file='data/flowers/meta/test.txt',
        pipeline=[
            dict(type='LoadImageFromFile'),
            dict(type='Resize', size=(256, -1)),
            dict(type='CenterCrop', crop_size=224),
            dict(
                type='Normalize',
                mean=[123.675, 116.28, 103.53],
                std=[58.395, 57.12, 57.375],
                to_rgb=True),
            dict(type='ImageToTensor', keys=['img']),
            dict(type='Collect', keys=['img'])
        ]))
evaluation = dict(interval=1, metric='accuracy')
paramwise_cfg = dict(
    norm_decay_mult=0.0,
    bias_decay_mult=0.0,
    custom_keys=dict({
        '.absolute_pos_embed': dict(decay_mult=0.0),
        '.relative_position_bias_table': dict(decay_mult=0.0)
    }))
optimizer = dict(
    type='AdamW',
    lr=0.001,
    weight_decay=0.05,
    eps=1e-08,
    betas=(0.9, 0.999),
    paramwise_cfg=dict(
        norm_decay_mult=0.0,
        bias_decay_mult=0.0,
        custom_keys=dict({
            '.absolute_pos_embed': dict(decay_mult=0.0),
            '.relative_position_bias_table': dict(decay_mult=0.0)
        })))
optimizer_config = dict(grad_clip=dict(max_norm=5.0))
lr_config = dict(
    policy='CosineAnnealing',
    by_epoch=False,
    min_lr_ratio=0.01,
    warmup='linear',
    warmup_ratio=0.001,
    warmup_iters=102,
    warmup_by_epoch=False)
runner = dict(type='EpochBasedRunner', max_epochs=200)
checkpoint_config = dict(interval=100)
log_config = dict(interval=100, hooks=[dict(type='TextLoggerHook')])
dist_params = dict(backend='nccl')
log_level = 'INFO'
load_from = None
resume_from = None
workflow = [('train', 1)]
work_dir = 'output/vit/lr0.001/vit_base_patch16_224_fromscratch_flowers'
gpu_ids = range(0, 1)

Name of parameter - Initialization information

backbone.cls_token - torch.Size([1, 1, 768]): 
The value is the same before and after calling `init_weights` of ImageClassifier  

backbone.pos_embed - torch.Size([1, 197, 768]): 
Initialized by user-defined `init_weights` in VisionTransformer  

backbone.patch_embed.projection.weight - torch.Size([768, 3, 16, 16]): 
Initialized by user-defined `init_weights` in PatchEmbed  

backbone.patch_embed.projection.bias - torch.Size([768]): 
The value is the same before and after calling `init_weights` of ImageClassifier  

backbone.layers.0.ln1.weight - torch.Size([768]): 
The value is the same before and after calling `init_weights` of ImageClassifier  

backbone.layers.0.ln1.bias - torch.Size([768]): 
The value is the same before and after calling `init_weights` of ImageClassifier  

backbone.layers.0.attn.attn.in_proj_weight - torch.Size([2304, 768]): 
The value is the same before and after calling `init_weights` of ImageClassifier  

backbone.layers.0.attn.attn.in_proj_bias - torch.Size([2304]): 
The value is the same before and after calling `init_weights` of ImageClassifier  

backbone.layers.0.attn.attn.out_proj.weight - torch.Size([768, 768]): 
The value is the same before and after calling `init_weights` of ImageClassifier  

backbone.layers.0.attn.attn.out_proj.bias - torch.Size([768]): 
The value is the same before and after calling `init_weights` of ImageClassifier  

backbone.layers.0.ln2.weight - torch.Size([768]): 
The value is the same before and after calling `init_weights` of ImageClassifier  

backbone.layers.0.ln2.bias - torch.Size([768]): 
The value is the same before and after calling `init_weights` of ImageClassifier  

backbone.layers.0.mlp.layers.0.0.weight - torch.Size([3072, 768]): 
The value is the same before and after calling `init_weights` of ImageClassifier  

backbone.layers.0.mlp.layers.0.0.bias - torch.Size([3072]): 
The value is the same before and after calling `init_weights` of ImageClassifier  

backbone.layers.0.mlp.layers.1.weight - torch.Size([768, 3072]): 
The value is the same before and after calling `init_weights` of ImageClassifier  

backbone.layers.0.mlp.layers.1.bias - torch.Size([768]): 
The value is the same before and after calling `init_weights` of ImageClassifier  

backbone.layers.1.ln1.weight - torch.Size([768]): 
The value is the same before and after calling `init_weights` of ImageClassifier  

backbone.layers.1.ln1.bias - torch.Size([768]): 
The value is the same before and after calling `init_weights` of ImageClassifier  

backbone.layers.1.attn.attn.in_proj_weight - torch.Size([2304, 768]): 
The value is the same before and after calling `init_weights` of ImageClassifier  

backbone.layers.1.attn.attn.in_proj_bias - torch.Size([2304]): 
The value is the same before and after calling `init_weights` of ImageClassifier  

backbone.layers.1.attn.attn.out_proj.weight - torch.Size([768, 768]): 
The value is the same before and after calling `init_weights` of ImageClassifier  

backbone.layers.1.attn.attn.out_proj.bias - torch.Size([768]): 
The value is the same before and after calling `init_weights` of ImageClassifier  

backbone.layers.1.ln2.weight - torch.Size([768]): 
The value is the same before and after calling `init_weights` of ImageClassifier  

backbone.layers.1.ln2.bias - torch.Size([768]): 
The value is the same before and after calling `init_weights` of ImageClassifier  

backbone.layers.1.mlp.layers.0.0.weight - torch.Size([3072, 768]): 
The value is the same before and after calling `init_weights` of ImageClassifier  

backbone.layers.1.mlp.layers.0.0.bias - torch.Size([3072]): 
The value is the same before and after calling `init_weights` of ImageClassifier  

backbone.layers.1.mlp.layers.1.weight - torch.Size([768, 3072]): 
The value is the same before and after calling `init_weights` of ImageClassifier  

backbone.layers.1.mlp.layers.1.bias - torch.Size([768]): 
The value is the same before and after calling `init_weights` of ImageClassifier  

backbone.layers.2.ln1.weight - torch.Size([768]): 
The value is the same before and after calling `init_weights` of ImageClassifier  

backbone.layers.2.ln1.bias - torch.Size([768]): 
The value is the same before and after calling `init_weights` of ImageClassifier  

backbone.layers.2.attn.attn.in_proj_weight - torch.Size([2304, 768]): 
The value is the same before and after calling `init_weights` of ImageClassifier  

backbone.layers.2.attn.attn.in_proj_bias - torch.Size([2304]): 
The value is the same before and after calling `init_weights` of ImageClassifier  

backbone.layers.2.attn.attn.out_proj.weight - torch.Size([768, 768]): 
The value is the same before and after calling `init_weights` of ImageClassifier  

backbone.layers.2.attn.attn.out_proj.bias - torch.Size([768]): 
The value is the same before and after calling `init_weights` of ImageClassifier  

backbone.layers.2.ln2.weight - torch.Size([768]): 
The value is the same before and after calling `init_weights` of ImageClassifier  

backbone.layers.2.ln2.bias - torch.Size([768]): 
The value is the same before and after calling `init_weights` of ImageClassifier  

backbone.layers.2.mlp.layers.0.0.weight - torch.Size([3072, 768]): 
The value is the same before and after calling `init_weights` of ImageClassifier  

backbone.layers.2.mlp.layers.0.0.bias - torch.Size([3072]): 
The value is the same before and after calling `init_weights` of ImageClassifier  

backbone.layers.2.mlp.layers.1.weight - torch.Size([768, 3072]): 
The value is the same before and after calling `init_weights` of ImageClassifier  

backbone.layers.2.mlp.layers.1.bias - torch.Size([768]): 
The value is the same before and after calling `init_weights` of ImageClassifier  

backbone.layers.3.ln1.weight - torch.Size([768]): 
The value is the same before and after calling `init_weights` of ImageClassifier  

backbone.layers.3.ln1.bias - torch.Size([768]): 
The value is the same before and after calling `init_weights` of ImageClassifier  

backbone.layers.3.attn.attn.in_proj_weight - torch.Size([2304, 768]): 
The value is the same before and after calling `init_weights` of ImageClassifier  

backbone.layers.3.attn.attn.in_proj_bias - torch.Size([2304]): 
The value is the same before and after calling `init_weights` of ImageClassifier  

backbone.layers.3.attn.attn.out_proj.weight - torch.Size([768, 768]): 
The value is the same before and after calling `init_weights` of ImageClassifier  

backbone.layers.3.attn.attn.out_proj.bias - torch.Size([768]): 
The value is the same before and after calling `init_weights` of ImageClassifier  

backbone.layers.3.ln2.weight - torch.Size([768]): 
The value is the same before and after calling `init_weights` of ImageClassifier  

backbone.layers.3.ln2.bias - torch.Size([768]): 
The value is the same before and after calling `init_weights` of ImageClassifier  

backbone.layers.3.mlp.layers.0.0.weight - torch.Size([3072, 768]): 
The value is the same before and after calling `init_weights` of ImageClassifier  

backbone.layers.3.mlp.layers.0.0.bias - torch.Size([3072]): 
The value is the same before and after calling `init_weights` of ImageClassifier  

backbone.layers.3.mlp.layers.1.weight - torch.Size([768, 3072]): 
The value is the same before and after calling `init_weights` of ImageClassifier  

backbone.layers.3.mlp.layers.1.bias - torch.Size([768]): 
The value is the same before and after calling `init_weights` of ImageClassifier  

backbone.layers.4.ln1.weight - torch.Size([768]): 
The value is the same before and after calling `init_weights` of ImageClassifier  

backbone.layers.4.ln1.bias - torch.Size([768]): 
The value is the same before and after calling `init_weights` of ImageClassifier  

backbone.layers.4.attn.attn.in_proj_weight - torch.Size([2304, 768]): 
The value is the same before and after calling `init_weights` of ImageClassifier  

backbone.layers.4.attn.attn.in_proj_bias - torch.Size([2304]): 
The value is the same before and after calling `init_weights` of ImageClassifier  

backbone.layers.4.attn.attn.out_proj.weight - torch.Size([768, 768]): 
The value is the same before and after calling `init_weights` of ImageClassifier  

backbone.layers.4.attn.attn.out_proj.bias - torch.Size([768]): 
The value is the same before and after calling `init_weights` of ImageClassifier  

backbone.layers.4.ln2.weight - torch.Size([768]): 
The value is the same before and after calling `init_weights` of ImageClassifier  

backbone.layers.4.ln2.bias - torch.Size([768]): 
The value is the same before and after calling `init_weights` of ImageClassifier  

backbone.layers.4.mlp.layers.0.0.weight - torch.Size([3072, 768]): 
The value is the same before and after calling `init_weights` of ImageClassifier  

backbone.layers.4.mlp.layers.0.0.bias - torch.Size([3072]): 
The value is the same before and after calling `init_weights` of ImageClassifier  

backbone.layers.4.mlp.layers.1.weight - torch.Size([768, 3072]): 
The value is the same before and after calling `init_weights` of ImageClassifier  

backbone.layers.4.mlp.layers.1.bias - torch.Size([768]): 
The value is the same before and after calling `init_weights` of ImageClassifier  

backbone.layers.5.ln1.weight - torch.Size([768]): 
The value is the same before and after calling `init_weights` of ImageClassifier  

backbone.layers.5.ln1.bias - torch.Size([768]): 
The value is the same before and after calling `init_weights` of ImageClassifier  

backbone.layers.5.attn.attn.in_proj_weight - torch.Size([2304, 768]): 
The value is the same before and after calling `init_weights` of ImageClassifier  

backbone.layers.5.attn.attn.in_proj_bias - torch.Size([2304]): 
The value is the same before and after calling `init_weights` of ImageClassifier  

backbone.layers.5.attn.attn.out_proj.weight - torch.Size([768, 768]): 
The value is the same before and after calling `init_weights` of ImageClassifier  

backbone.layers.5.attn.attn.out_proj.bias - torch.Size([768]): 
The value is the same before and after calling `init_weights` of ImageClassifier  

backbone.layers.5.ln2.weight - torch.Size([768]): 
The value is the same before and after calling `init_weights` of ImageClassifier  

backbone.layers.5.ln2.bias - torch.Size([768]): 
The value is the same before and after calling `init_weights` of ImageClassifier  

backbone.layers.5.mlp.layers.0.0.weight - torch.Size([3072, 768]): 
The value is the same before and after calling `init_weights` of ImageClassifier  

backbone.layers.5.mlp.layers.0.0.bias - torch.Size([3072]): 
The value is the same before and after calling `init_weights` of ImageClassifier  

backbone.layers.5.mlp.layers.1.weight - torch.Size([768, 3072]): 
The value is the same before and after calling `init_weights` of ImageClassifier  

backbone.layers.5.mlp.layers.1.bias - torch.Size([768]): 
The value is the same before and after calling `init_weights` of ImageClassifier  

backbone.layers.6.ln1.weight - torch.Size([768]): 
The value is the same before and after calling `init_weights` of ImageClassifier  

backbone.layers.6.ln1.bias - torch.Size([768]): 
The value is the same before and after calling `init_weights` of ImageClassifier  

backbone.layers.6.attn.attn.in_proj_weight - torch.Size([2304, 768]): 
The value is the same before and after calling `init_weights` of ImageClassifier  

backbone.layers.6.attn.attn.in_proj_bias - torch.Size([2304]): 
The value is the same before and after calling `init_weights` of ImageClassifier  

backbone.layers.6.attn.attn.out_proj.weight - torch.Size([768, 768]): 
The value is the same before and after calling `init_weights` of ImageClassifier  

backbone.layers.6.attn.attn.out_proj.bias - torch.Size([768]): 
The value is the same before and after calling `init_weights` of ImageClassifier  

backbone.layers.6.ln2.weight - torch.Size([768]): 
The value is the same before and after calling `init_weights` of ImageClassifier  

backbone.layers.6.ln2.bias - torch.Size([768]): 
The value is the same before and after calling `init_weights` of ImageClassifier  

backbone.layers.6.mlp.layers.0.0.weight - torch.Size([3072, 768]): 
The value is the same before and after calling `init_weights` of ImageClassifier  

backbone.layers.6.mlp.layers.0.0.bias - torch.Size([3072]): 
The value is the same before and after calling `init_weights` of ImageClassifier  

backbone.layers.6.mlp.layers.1.weight - torch.Size([768, 3072]): 
The value is the same before and after calling `init_weights` of ImageClassifier  

backbone.layers.6.mlp.layers.1.bias - torch.Size([768]): 
The value is the same before and after calling `init_weights` of ImageClassifier  

backbone.layers.7.ln1.weight - torch.Size([768]): 
The value is the same before and after calling `init_weights` of ImageClassifier  

backbone.layers.7.ln1.bias - torch.Size([768]): 
The value is the same before and after calling `init_weights` of ImageClassifier  

backbone.layers.7.attn.attn.in_proj_weight - torch.Size([2304, 768]): 
The value is the same before and after calling `init_weights` of ImageClassifier  

backbone.layers.7.attn.attn.in_proj_bias - torch.Size([2304]): 
The value is the same before and after calling `init_weights` of ImageClassifier  

backbone.layers.7.attn.attn.out_proj.weight - torch.Size([768, 768]): 
The value is the same before and after calling `init_weights` of ImageClassifier  

backbone.layers.7.attn.attn.out_proj.bias - torch.Size([768]): 
The value is the same before and after calling `init_weights` of ImageClassifier  

backbone.layers.7.ln2.weight - torch.Size([768]): 
The value is the same before and after calling `init_weights` of ImageClassifier  

backbone.layers.7.ln2.bias - torch.Size([768]): 
The value is the same before and after calling `init_weights` of ImageClassifier  

backbone.layers.7.mlp.layers.0.0.weight - torch.Size([3072, 768]): 
The value is the same before and after calling `init_weights` of ImageClassifier  

backbone.layers.7.mlp.layers.0.0.bias - torch.Size([3072]): 
The value is the same before and after calling `init_weights` of ImageClassifier  

backbone.layers.7.mlp.layers.1.weight - torch.Size([768, 3072]): 
The value is the same before and after calling `init_weights` of ImageClassifier  

backbone.layers.7.mlp.layers.1.bias - torch.Size([768]): 
The value is the same before and after calling `init_weights` of ImageClassifier  

backbone.layers.8.ln1.weight - torch.Size([768]): 
The value is the same before and after calling `init_weights` of ImageClassifier  

backbone.layers.8.ln1.bias - torch.Size([768]): 
The value is the same before and after calling `init_weights` of ImageClassifier  

backbone.layers.8.attn.attn.in_proj_weight - torch.Size([2304, 768]): 
The value is the same before and after calling `init_weights` of ImageClassifier  

backbone.layers.8.attn.attn.in_proj_bias - torch.Size([2304]): 
The value is the same before and after calling `init_weights` of ImageClassifier  

backbone.layers.8.attn.attn.out_proj.weight - torch.Size([768, 768]): 
The value is the same before and after calling `init_weights` of ImageClassifier  

backbone.layers.8.attn.attn.out_proj.bias - torch.Size([768]): 
The value is the same before and after calling `init_weights` of ImageClassifier  

backbone.layers.8.ln2.weight - torch.Size([768]): 
The value is the same before and after calling `init_weights` of ImageClassifier  

backbone.layers.8.ln2.bias - torch.Size([768]): 
The value is the same before and after calling `init_weights` of ImageClassifier  

backbone.layers.8.mlp.layers.0.0.weight - torch.Size([3072, 768]): 
The value is the same before and after calling `init_weights` of ImageClassifier  

backbone.layers.8.mlp.layers.0.0.bias - torch.Size([3072]): 
The value is the same before and after calling `init_weights` of ImageClassifier  

backbone.layers.8.mlp.layers.1.weight - torch.Size([768, 3072]): 
The value is the same before and after calling `init_weights` of ImageClassifier  

backbone.layers.8.mlp.layers.1.bias - torch.Size([768]): 
The value is the same before and after calling `init_weights` of ImageClassifier  

backbone.layers.9.ln1.weight - torch.Size([768]): 
The value is the same before and after calling `init_weights` of ImageClassifier  

backbone.layers.9.ln1.bias - torch.Size([768]): 
The value is the same before and after calling `init_weights` of ImageClassifier  

backbone.layers.9.attn.attn.in_proj_weight - torch.Size([2304, 768]): 
The value is the same before and after calling `init_weights` of ImageClassifier  

backbone.layers.9.attn.attn.in_proj_bias - torch.Size([2304]): 
The value is the same before and after calling `init_weights` of ImageClassifier  

backbone.layers.9.attn.attn.out_proj.weight - torch.Size([768, 768]): 
The value is the same before and after calling `init_weights` of ImageClassifier  

backbone.layers.9.attn.attn.out_proj.bias - torch.Size([768]): 
The value is the same before and after calling `init_weights` of ImageClassifier  

backbone.layers.9.ln2.weight - torch.Size([768]): 
The value is the same before and after calling `init_weights` of ImageClassifier  

backbone.layers.9.ln2.bias - torch.Size([768]): 
The value is the same before and after calling `init_weights` of ImageClassifier  

backbone.layers.9.mlp.layers.0.0.weight - torch.Size([3072, 768]): 
The value is the same before and after calling `init_weights` of ImageClassifier  

backbone.layers.9.mlp.layers.0.0.bias - torch.Size([3072]): 
The value is the same before and after calling `init_weights` of ImageClassifier  

backbone.layers.9.mlp.layers.1.weight - torch.Size([768, 3072]): 
The value is the same before and after calling `init_weights` of ImageClassifier  

backbone.layers.9.mlp.layers.1.bias - torch.Size([768]): 
The value is the same before and after calling `init_weights` of ImageClassifier  

backbone.layers.10.ln1.weight - torch.Size([768]): 
The value is the same before and after calling `init_weights` of ImageClassifier  

backbone.layers.10.ln1.bias - torch.Size([768]): 
The value is the same before and after calling `init_weights` of ImageClassifier  

backbone.layers.10.attn.attn.in_proj_weight - torch.Size([2304, 768]): 
The value is the same before and after calling `init_weights` of ImageClassifier  

backbone.layers.10.attn.attn.in_proj_bias - torch.Size([2304]): 
The value is the same before and after calling `init_weights` of ImageClassifier  

backbone.layers.10.attn.attn.out_proj.weight - torch.Size([768, 768]): 
The value is the same before and after calling `init_weights` of ImageClassifier  

backbone.layers.10.attn.attn.out_proj.bias - torch.Size([768]): 
The value is the same before and after calling `init_weights` of ImageClassifier  

backbone.layers.10.ln2.weight - torch.Size([768]): 
The value is the same before and after calling `init_weights` of ImageClassifier  

backbone.layers.10.ln2.bias - torch.Size([768]): 
The value is the same before and after calling `init_weights` of ImageClassifier  

backbone.layers.10.mlp.layers.0.0.weight - torch.Size([3072, 768]): 
The value is the same before and after calling `init_weights` of ImageClassifier  

backbone.layers.10.mlp.layers.0.0.bias - torch.Size([3072]): 
The value is the same before and after calling `init_weights` of ImageClassifier  

backbone.layers.10.mlp.layers.1.weight - torch.Size([768, 3072]): 
The value is the same before and after calling `init_weights` of ImageClassifier  

backbone.layers.10.mlp.layers.1.bias - torch.Size([768]): 
The value is the same before and after calling `init_weights` of ImageClassifier  

backbone.layers.11.ln1.weight - torch.Size([768]): 
The value is the same before and after calling `init_weights` of ImageClassifier  

backbone.layers.11.ln1.bias - torch.Size([768]): 
The value is the same before and after calling `init_weights` of ImageClassifier  

backbone.layers.11.attn.attn.in_proj_weight - torch.Size([2304, 768]): 
The value is the same before and after calling `init_weights` of ImageClassifier  

backbone.layers.11.attn.attn.in_proj_bias - torch.Size([2304]): 
The value is the same before and after calling `init_weights` of ImageClassifier  

backbone.layers.11.attn.attn.out_proj.weight - torch.Size([768, 768]): 
The value is the same before and after calling `init_weights` of ImageClassifier  

backbone.layers.11.attn.attn.out_proj.bias - torch.Size([768]): 
The value is the same before and after calling `init_weights` of ImageClassifier  

backbone.layers.11.ln2.weight - torch.Size([768]): 
The value is the same before and after calling `init_weights` of ImageClassifier  

backbone.layers.11.ln2.bias - torch.Size([768]): 
The value is the same before and after calling `init_weights` of ImageClassifier  

backbone.layers.11.mlp.layers.0.0.weight - torch.Size([3072, 768]): 
The value is the same before and after calling `init_weights` of ImageClassifier  

backbone.layers.11.mlp.layers.0.0.bias - torch.Size([3072]): 
The value is the same before and after calling `init_weights` of ImageClassifier  

backbone.layers.11.mlp.layers.1.weight - torch.Size([768, 3072]): 
The value is the same before and after calling `init_weights` of ImageClassifier  

backbone.layers.11.mlp.layers.1.bias - torch.Size([768]): 
The value is the same before and after calling `init_weights` of ImageClassifier  

backbone.ln1.weight - torch.Size([768]): 
The value is the same before and after calling `init_weights` of ImageClassifier  

backbone.ln1.bias - torch.Size([768]): 
The value is the same before and after calling `init_weights` of ImageClassifier  

head.layers.pre_logits.weight - torch.Size([3072, 768]): 
Initialized by user-defined `init_weights` in VisionTransformerClsHead  

head.layers.pre_logits.bias - torch.Size([3072]): 
Initialized by user-defined `init_weights` in VisionTransformerClsHead  

head.layers.head.weight - torch.Size([17, 3072]): 
Initialized by user-defined `init_weights` in VisionTransformerClsHead  

head.layers.head.bias - torch.Size([17]): 
Initialized by user-defined `init_weights` in VisionTransformerClsHead  
2024-04-12 18:01:32,106 - mmcls - INFO - Start running, host: angusf77@gpu2-comp-117, work_dir: /userhome/cs2/angusf77/Projects/COMP3340Project/CNN_Image_Classification_Code/output/vit/lr0.001/vit_base_patch16_224_fromscratch_flowers
2024-04-12 18:01:32,106 - mmcls - INFO - Hooks will be executed in the following order:
before_run:
(VERY_HIGH   ) CosineAnnealingLrUpdaterHook       
(NORMAL      ) CheckpointHook                     
(NORMAL      ) EvalHook                           
(VERY_LOW    ) TextLoggerHook                     
 -------------------- 
before_train_epoch:
(VERY_HIGH   ) CosineAnnealingLrUpdaterHook       
(NORMAL      ) EvalHook                           
(LOW         ) IterTimerHook                      
(VERY_LOW    ) TextLoggerHook                     
 -------------------- 
before_train_iter:
(VERY_HIGH   ) CosineAnnealingLrUpdaterHook       
(NORMAL      ) EvalHook                           
(LOW         ) IterTimerHook                      
 -------------------- 
after_train_iter:
(ABOVE_NORMAL) OptimizerHook                      
(NORMAL      ) CheckpointHook                     
(NORMAL      ) EvalHook                           
(LOW         ) IterTimerHook                      
(VERY_LOW    ) TextLoggerHook                     
 -------------------- 
after_train_epoch:
(NORMAL      ) CheckpointHook                     
(NORMAL      ) EvalHook                           
(VERY_LOW    ) TextLoggerHook                     
 -------------------- 
before_val_epoch:
(LOW         ) IterTimerHook                      
(VERY_LOW    ) TextLoggerHook                     
 -------------------- 
before_val_iter:
(LOW         ) IterTimerHook                      
 -------------------- 
after_val_iter:
(LOW         ) IterTimerHook                      
 -------------------- 
after_val_epoch:
(VERY_LOW    ) TextLoggerHook                     
 -------------------- 
after_run:
(VERY_LOW    ) TextLoggerHook                     
 -------------------- 
2024-04-12 18:01:32,106 - mmcls - INFO - workflow: [('train', 1)], max: 200 epochs
2024-04-12 18:01:32,107 - mmcls - INFO - Checkpoints will be saved to /userhome/cs2/angusf77/Projects/COMP3340Project/CNN_Image_Classification_Code/output/vit/lr0.001/vit_base_patch16_224_fromscratch_flowers by HardDiskBackend.
2024-04-12 18:01:51,048 - mmcls - INFO - Epoch(val) [1][5]	accuracy_top-1: 30.1471, accuracy_top-5: 78.6765
2024-04-12 18:02:09,188 - mmcls - INFO - Epoch(val) [2][5]	accuracy_top-1: 18.3824, accuracy_top-5: 79.4118
2024-04-12 18:02:27,509 - mmcls - INFO - Epoch(val) [3][5]	accuracy_top-1: 8.8235, accuracy_top-5: 52.2059
2024-04-12 18:02:46,064 - mmcls - INFO - Epoch(val) [4][5]	accuracy_top-1: 24.2647, accuracy_top-5: 71.3235
2024-04-12 18:03:04,988 - mmcls - INFO - Epoch(val) [5][5]	accuracy_top-1: 25.0000, accuracy_top-5: 79.4118
2024-04-12 18:03:23,771 - mmcls - INFO - Epoch(val) [6][5]	accuracy_top-1: 25.0000, accuracy_top-5: 63.9706
2024-04-12 18:03:42,719 - mmcls - INFO - Epoch(val) [7][5]	accuracy_top-1: 22.7941, accuracy_top-5: 75.7353
2024-04-12 18:04:01,891 - mmcls - INFO - Epoch(val) [8][5]	accuracy_top-1: 14.7059, accuracy_top-5: 51.4706
2024-04-12 18:04:21,107 - mmcls - INFO - Epoch(val) [9][5]	accuracy_top-1: 22.0588, accuracy_top-5: 58.0882
2024-04-12 18:04:40,399 - mmcls - INFO - Epoch(val) [10][5]	accuracy_top-1: 24.2647, accuracy_top-5: 71.3235
2024-04-12 18:04:59,694 - mmcls - INFO - Epoch(val) [11][5]	accuracy_top-1: 19.8529, accuracy_top-5: 55.8824
2024-04-12 18:05:19,040 - mmcls - INFO - Epoch(val) [12][5]	accuracy_top-1: 38.2353, accuracy_top-5: 77.2059
2024-04-12 18:05:38,330 - mmcls - INFO - Epoch(val) [13][5]	accuracy_top-1: 14.7059, accuracy_top-5: 74.2647
2024-04-12 18:05:57,679 - mmcls - INFO - Epoch(val) [14][5]	accuracy_top-1: 29.4118, accuracy_top-5: 74.2647
2024-04-12 18:06:17,056 - mmcls - INFO - Epoch(val) [15][5]	accuracy_top-1: 26.4706, accuracy_top-5: 73.5294
2024-04-12 18:06:36,387 - mmcls - INFO - Epoch(val) [16][5]	accuracy_top-1: 31.6176, accuracy_top-5: 82.3529
2024-04-12 18:06:55,672 - mmcls - INFO - Epoch(val) [17][5]	accuracy_top-1: 36.7647, accuracy_top-5: 78.6765
2024-04-12 18:07:14,878 - mmcls - INFO - Epoch(val) [18][5]	accuracy_top-1: 37.5000, accuracy_top-5: 86.0294
2024-04-12 18:07:34,451 - mmcls - INFO - Epoch(val) [19][5]	accuracy_top-1: 38.9706, accuracy_top-5: 82.3529
2024-04-12 18:07:53,641 - mmcls - INFO - Epoch(val) [20][5]	accuracy_top-1: 43.3824, accuracy_top-5: 88.9706
2024-04-12 18:08:12,894 - mmcls - INFO - Epoch(val) [21][5]	accuracy_top-1: 30.8824, accuracy_top-5: 84.5588
2024-04-12 18:08:32,241 - mmcls - INFO - Epoch(val) [22][5]	accuracy_top-1: 30.8824, accuracy_top-5: 83.8235
2024-04-12 18:08:51,437 - mmcls - INFO - Epoch(val) [23][5]	accuracy_top-1: 37.5000, accuracy_top-5: 84.5588
2024-04-12 18:09:10,752 - mmcls - INFO - Epoch(val) [24][5]	accuracy_top-1: 34.5588, accuracy_top-5: 83.8235
2024-04-12 18:09:30,151 - mmcls - INFO - Epoch(val) [25][5]	accuracy_top-1: 31.6176, accuracy_top-5: 80.1471
2024-04-12 18:09:49,344 - mmcls - INFO - Epoch(val) [26][5]	accuracy_top-1: 27.9412, accuracy_top-5: 75.0000
2024-04-12 18:10:08,610 - mmcls - INFO - Epoch(val) [27][5]	accuracy_top-1: 34.5588, accuracy_top-5: 86.0294
2024-04-12 18:10:27,942 - mmcls - INFO - Epoch(val) [28][5]	accuracy_top-1: 41.9118, accuracy_top-5: 81.6176
2024-04-12 18:10:47,227 - mmcls - INFO - Epoch(val) [29][5]	accuracy_top-1: 38.2353, accuracy_top-5: 85.2941
2024-04-12 18:11:06,737 - mmcls - INFO - Epoch(val) [30][5]	accuracy_top-1: 36.7647, accuracy_top-5: 88.9706
2024-04-12 18:11:26,286 - mmcls - INFO - Epoch(val) [31][5]	accuracy_top-1: 40.4412, accuracy_top-5: 86.7647
2024-04-12 18:11:45,779 - mmcls - INFO - Epoch(val) [32][5]	accuracy_top-1: 43.3824, accuracy_top-5: 87.5000
2024-04-12 18:12:05,075 - mmcls - INFO - Epoch(val) [33][5]	accuracy_top-1: 36.0294, accuracy_top-5: 82.3529
2024-04-12 18:12:24,375 - mmcls - INFO - Epoch(val) [34][5]	accuracy_top-1: 36.0294, accuracy_top-5: 89.7059
2024-04-12 18:12:43,547 - mmcls - INFO - Epoch(val) [35][5]	accuracy_top-1: 32.3529, accuracy_top-5: 82.3529
2024-04-12 18:13:02,816 - mmcls - INFO - Epoch(val) [36][5]	accuracy_top-1: 31.6176, accuracy_top-5: 83.8235
2024-04-12 18:13:22,146 - mmcls - INFO - Epoch(val) [37][5]	accuracy_top-1: 38.2353, accuracy_top-5: 81.6176
2024-04-12 18:13:41,306 - mmcls - INFO - Epoch(val) [38][5]	accuracy_top-1: 41.1765, accuracy_top-5: 81.6176
2024-04-12 18:14:00,712 - mmcls - INFO - Epoch(val) [39][5]	accuracy_top-1: 44.8529, accuracy_top-5: 88.9706
2024-04-12 18:14:20,166 - mmcls - INFO - Epoch(val) [40][5]	accuracy_top-1: 42.6471, accuracy_top-5: 90.4412
2024-04-12 18:14:39,564 - mmcls - INFO - Epoch(val) [41][5]	accuracy_top-1: 40.4412, accuracy_top-5: 90.4412
2024-04-12 18:14:58,872 - mmcls - INFO - Epoch(val) [42][5]	accuracy_top-1: 41.9118, accuracy_top-5: 86.0294
2024-04-12 18:15:18,228 - mmcls - INFO - Epoch(val) [43][5]	accuracy_top-1: 39.7059, accuracy_top-5: 85.2941
2024-04-12 18:15:37,417 - mmcls - INFO - Epoch(val) [44][5]	accuracy_top-1: 38.9706, accuracy_top-5: 88.2353
2024-04-12 18:15:56,576 - mmcls - INFO - Epoch(val) [45][5]	accuracy_top-1: 40.4412, accuracy_top-5: 87.5000
2024-04-12 18:16:15,241 - mmcls - INFO - Epoch(val) [46][5]	accuracy_top-1: 37.5000, accuracy_top-5: 83.8235
2024-04-12 18:16:34,298 - mmcls - INFO - Epoch(val) [47][5]	accuracy_top-1: 38.9706, accuracy_top-5: 88.2353
2024-04-12 18:16:53,669 - mmcls - INFO - Epoch(val) [48][5]	accuracy_top-1: 46.3235, accuracy_top-5: 88.2353
2024-04-12 18:17:13,249 - mmcls - INFO - Epoch(val) [49][5]	accuracy_top-1: 43.3824, accuracy_top-5: 88.2353
2024-04-12 18:17:32,969 - mmcls - INFO - Epoch(val) [50][5]	accuracy_top-1: 40.4412, accuracy_top-5: 89.7059
2024-04-12 18:17:52,366 - mmcls - INFO - Epoch(val) [51][5]	accuracy_top-1: 28.6765, accuracy_top-5: 74.2647
2024-04-12 18:18:11,602 - mmcls - INFO - Epoch(val) [52][5]	accuracy_top-1: 26.4706, accuracy_top-5: 75.0000
2024-04-12 18:18:31,222 - mmcls - INFO - Epoch(val) [53][5]	accuracy_top-1: 30.8824, accuracy_top-5: 79.4118
2024-04-12 18:18:51,206 - mmcls - INFO - Epoch(val) [54][5]	accuracy_top-1: 39.7059, accuracy_top-5: 82.3529
2024-04-12 18:19:11,154 - mmcls - INFO - Epoch(val) [55][5]	accuracy_top-1: 37.5000, accuracy_top-5: 87.5000
2024-04-12 18:19:31,024 - mmcls - INFO - Epoch(val) [56][5]	accuracy_top-1: 37.5000, accuracy_top-5: 86.7647
2024-04-12 18:19:50,978 - mmcls - INFO - Epoch(val) [57][5]	accuracy_top-1: 40.4412, accuracy_top-5: 83.8235
2024-04-12 18:20:10,922 - mmcls - INFO - Epoch(val) [58][5]	accuracy_top-1: 38.2353, accuracy_top-5: 88.2353
2024-04-12 18:20:31,138 - mmcls - INFO - Epoch(val) [59][5]	accuracy_top-1: 38.2353, accuracy_top-5: 88.2353
2024-04-12 18:20:50,742 - mmcls - INFO - Epoch(val) [60][5]	accuracy_top-1: 36.0294, accuracy_top-5: 86.7647
2024-04-12 18:21:09,942 - mmcls - INFO - Epoch(val) [61][5]	accuracy_top-1: 36.0294, accuracy_top-5: 86.0294
2024-04-12 18:21:29,550 - mmcls - INFO - Epoch(val) [62][5]	accuracy_top-1: 45.5882, accuracy_top-5: 87.5000
2024-04-12 18:21:49,538 - mmcls - INFO - Epoch(val) [63][5]	accuracy_top-1: 47.7941, accuracy_top-5: 90.4412
2024-04-12 18:22:09,515 - mmcls - INFO - Epoch(val) [64][5]	accuracy_top-1: 43.3824, accuracy_top-5: 88.9706
2024-04-12 18:22:29,509 - mmcls - INFO - Epoch(val) [65][5]	accuracy_top-1: 44.1176, accuracy_top-5: 86.0294
2024-04-12 18:22:49,550 - mmcls - INFO - Epoch(val) [66][5]	accuracy_top-1: 33.8235, accuracy_top-5: 80.1471
2024-04-12 18:23:09,800 - mmcls - INFO - Epoch(val) [67][5]	accuracy_top-1: 38.9706, accuracy_top-5: 86.0294
2024-04-12 18:23:29,766 - mmcls - INFO - Epoch(val) [68][5]	accuracy_top-1: 41.9118, accuracy_top-5: 83.8235
2024-04-12 18:23:48,740 - mmcls - INFO - Epoch(val) [69][5]	accuracy_top-1: 41.1765, accuracy_top-5: 83.8235
2024-04-12 18:24:08,106 - mmcls - INFO - Epoch(val) [70][5]	accuracy_top-1: 44.8529, accuracy_top-5: 81.6176
2024-04-12 18:24:27,805 - mmcls - INFO - Epoch(val) [71][5]	accuracy_top-1: 36.7647, accuracy_top-5: 80.8824
2024-04-12 18:24:47,507 - mmcls - INFO - Epoch(val) [72][5]	accuracy_top-1: 42.6471, accuracy_top-5: 86.0294
2024-04-12 18:25:07,277 - mmcls - INFO - Epoch(val) [73][5]	accuracy_top-1: 45.5882, accuracy_top-5: 88.2353
2024-04-12 18:25:27,197 - mmcls - INFO - Epoch(val) [74][5]	accuracy_top-1: 47.0588, accuracy_top-5: 90.4412
2024-04-12 18:25:46,813 - mmcls - INFO - Epoch(val) [75][5]	accuracy_top-1: 43.3824, accuracy_top-5: 88.9706
2024-04-12 18:26:06,590 - mmcls - INFO - Epoch(val) [76][5]	accuracy_top-1: 47.7941, accuracy_top-5: 84.5588
2024-04-12 18:26:25,646 - mmcls - INFO - Epoch(val) [77][5]	accuracy_top-1: 39.7059, accuracy_top-5: 83.0882
2024-04-12 18:26:45,041 - mmcls - INFO - Epoch(val) [78][5]	accuracy_top-1: 41.9118, accuracy_top-5: 83.8235
2024-04-12 18:27:04,794 - mmcls - INFO - Epoch(val) [79][5]	accuracy_top-1: 44.1176, accuracy_top-5: 87.5000
2024-04-12 18:27:24,436 - mmcls - INFO - Epoch(val) [80][5]	accuracy_top-1: 44.1176, accuracy_top-5: 88.2353
2024-04-12 18:27:44,175 - mmcls - INFO - Epoch(val) [81][5]	accuracy_top-1: 44.1176, accuracy_top-5: 89.7059
2024-04-12 18:28:03,793 - mmcls - INFO - Epoch(val) [82][5]	accuracy_top-1: 44.8529, accuracy_top-5: 87.5000
2024-04-12 18:28:23,416 - mmcls - INFO - Epoch(val) [83][5]	accuracy_top-1: 45.5882, accuracy_top-5: 90.4412
2024-04-12 18:28:43,193 - mmcls - INFO - Epoch(val) [84][5]	accuracy_top-1: 46.3235, accuracy_top-5: 86.7647
2024-04-12 18:29:02,976 - mmcls - INFO - Epoch(val) [85][5]	accuracy_top-1: 46.3235, accuracy_top-5: 90.4412
2024-04-12 18:29:22,394 - mmcls - INFO - Epoch(val) [86][5]	accuracy_top-1: 46.3235, accuracy_top-5: 91.1765
2024-04-12 18:29:41,952 - mmcls - INFO - Epoch(val) [87][5]	accuracy_top-1: 48.5294, accuracy_top-5: 88.2353
2024-04-12 18:30:01,496 - mmcls - INFO - Epoch(val) [88][5]	accuracy_top-1: 43.3824, accuracy_top-5: 89.7059
2024-04-12 18:30:20,986 - mmcls - INFO - Epoch(val) [89][5]	accuracy_top-1: 45.5882, accuracy_top-5: 86.7647
2024-04-12 18:30:39,834 - mmcls - INFO - Epoch(val) [90][5]	accuracy_top-1: 49.2647, accuracy_top-5: 88.9706
2024-04-12 18:30:59,054 - mmcls - INFO - Epoch(val) [91][5]	accuracy_top-1: 42.6471, accuracy_top-5: 90.4412
2024-04-12 18:31:18,719 - mmcls - INFO - Epoch(val) [92][5]	accuracy_top-1: 47.7941, accuracy_top-5: 86.0294
2024-04-12 18:31:38,177 - mmcls - INFO - Epoch(val) [93][5]	accuracy_top-1: 41.9118, accuracy_top-5: 87.5000
2024-04-12 18:31:57,175 - mmcls - INFO - Epoch(val) [94][5]	accuracy_top-1: 48.5294, accuracy_top-5: 89.7059
2024-04-12 18:32:16,506 - mmcls - INFO - Epoch(val) [95][5]	accuracy_top-1: 47.0588, accuracy_top-5: 88.2353
2024-04-12 18:32:35,392 - mmcls - INFO - Epoch(val) [96][5]	accuracy_top-1: 47.7941, accuracy_top-5: 88.9706
2024-04-12 18:32:54,700 - mmcls - INFO - Epoch(val) [97][5]	accuracy_top-1: 47.7941, accuracy_top-5: 87.5000
2024-04-12 18:33:14,310 - mmcls - INFO - Epoch(val) [98][5]	accuracy_top-1: 47.0588, accuracy_top-5: 88.2353
2024-04-12 18:33:34,040 - mmcls - INFO - Epoch(val) [99][5]	accuracy_top-1: 46.3235, accuracy_top-5: 91.1765
2024-04-12 18:33:51,872 - mmcls - INFO - Saving checkpoint at 100 epochs
2024-04-12 18:33:58,674 - mmcls - INFO - Epoch(val) [100][5]	accuracy_top-1: 51.4706, accuracy_top-5: 89.7059
2024-04-12 18:34:17,497 - mmcls - INFO - Epoch(val) [101][5]	accuracy_top-1: 52.9412, accuracy_top-5: 91.9118
2024-04-12 18:34:37,009 - mmcls - INFO - Epoch(val) [102][5]	accuracy_top-1: 49.2647, accuracy_top-5: 90.4412
2024-04-12 18:34:56,735 - mmcls - INFO - Epoch(val) [103][5]	accuracy_top-1: 47.0588, accuracy_top-5: 87.5000
2024-04-12 18:35:15,663 - mmcls - INFO - Epoch(val) [104][5]	accuracy_top-1: 53.6765, accuracy_top-5: 89.7059
2024-04-12 18:35:35,050 - mmcls - INFO - Epoch(val) [105][5]	accuracy_top-1: 49.2647, accuracy_top-5: 92.6471
2024-04-12 18:35:54,802 - mmcls - INFO - Epoch(val) [106][5]	accuracy_top-1: 49.2647, accuracy_top-5: 91.9118
2024-04-12 18:36:14,527 - mmcls - INFO - Epoch(val) [107][5]	accuracy_top-1: 51.4706, accuracy_top-5: 94.1176
2024-04-12 18:36:34,253 - mmcls - INFO - Epoch(val) [108][5]	accuracy_top-1: 50.0000, accuracy_top-5: 94.1176
2024-04-12 18:36:54,203 - mmcls - INFO - Epoch(val) [109][5]	accuracy_top-1: 49.2647, accuracy_top-5: 88.2353
2024-04-12 18:37:13,164 - mmcls - INFO - Epoch(val) [110][5]	accuracy_top-1: 50.0000, accuracy_top-5: 91.9118
2024-04-12 18:37:32,531 - mmcls - INFO - Epoch(val) [111][5]	accuracy_top-1: 55.1471, accuracy_top-5: 91.9118
2024-04-12 18:37:51,574 - mmcls - INFO - Epoch(val) [112][5]	accuracy_top-1: 52.9412, accuracy_top-5: 94.8529
2024-04-12 18:38:10,993 - mmcls - INFO - Epoch(val) [113][5]	accuracy_top-1: 49.2647, accuracy_top-5: 93.3824
2024-04-12 18:38:30,545 - mmcls - INFO - Epoch(val) [114][5]	accuracy_top-1: 57.3529, accuracy_top-5: 91.9118
2024-04-12 18:38:50,439 - mmcls - INFO - Epoch(val) [115][5]	accuracy_top-1: 50.7353, accuracy_top-5: 94.8529
2024-04-12 18:39:10,220 - mmcls - INFO - Epoch(val) [116][5]	accuracy_top-1: 58.8235, accuracy_top-5: 94.1176
2024-04-12 18:39:30,182 - mmcls - INFO - Epoch(val) [117][5]	accuracy_top-1: 58.8235, accuracy_top-5: 93.3824
2024-04-12 18:39:49,762 - mmcls - INFO - Epoch(val) [118][5]	accuracy_top-1: 52.2059, accuracy_top-5: 96.3235
2024-04-12 18:40:09,341 - mmcls - INFO - Epoch(val) [119][5]	accuracy_top-1: 53.6765, accuracy_top-5: 90.4412
2024-04-12 18:40:28,505 - mmcls - INFO - Epoch(val) [120][5]	accuracy_top-1: 55.8824, accuracy_top-5: 94.1176
2024-04-12 18:40:47,295 - mmcls - INFO - Epoch(val) [121][5]	accuracy_top-1: 57.3529, accuracy_top-5: 95.5882
2024-04-12 18:41:06,584 - mmcls - INFO - Epoch(val) [122][5]	accuracy_top-1: 52.9412, accuracy_top-5: 93.3824
2024-04-12 18:41:26,283 - mmcls - INFO - Epoch(val) [123][5]	accuracy_top-1: 53.6765, accuracy_top-5: 94.8529
2024-04-12 18:41:45,166 - mmcls - INFO - Epoch(val) [124][5]	accuracy_top-1: 53.6765, accuracy_top-5: 94.8529
2024-04-12 18:42:04,477 - mmcls - INFO - Epoch(val) [125][5]	accuracy_top-1: 58.8235, accuracy_top-5: 91.9118
2024-04-12 18:42:24,345 - mmcls - INFO - Epoch(val) [126][5]	accuracy_top-1: 56.6176, accuracy_top-5: 91.1765
2024-04-12 18:42:44,225 - mmcls - INFO - Epoch(val) [127][5]	accuracy_top-1: 60.2941, accuracy_top-5: 95.5882
2024-04-12 18:43:03,285 - mmcls - INFO - Epoch(val) [128][5]	accuracy_top-1: 61.0294, accuracy_top-5: 93.3824
2024-04-12 18:43:22,582 - mmcls - INFO - Epoch(val) [129][5]	accuracy_top-1: 55.8824, accuracy_top-5: 92.6471
2024-04-12 18:43:42,229 - mmcls - INFO - Epoch(val) [130][5]	accuracy_top-1: 59.5588, accuracy_top-5: 91.1765
2024-04-12 18:44:02,410 - mmcls - INFO - Epoch(val) [131][5]	accuracy_top-1: 58.8235, accuracy_top-5: 94.8529
2024-04-12 18:44:22,243 - mmcls - INFO - Epoch(val) [132][5]	accuracy_top-1: 62.5000, accuracy_top-5: 94.1176
2024-04-12 18:44:42,084 - mmcls - INFO - Epoch(val) [133][5]	accuracy_top-1: 55.8824, accuracy_top-5: 93.3824
2024-04-12 18:45:01,546 - mmcls - INFO - Epoch(val) [134][5]	accuracy_top-1: 58.8235, accuracy_top-5: 91.9118
2024-04-12 18:45:20,610 - mmcls - INFO - Epoch(val) [135][5]	accuracy_top-1: 60.2941, accuracy_top-5: 93.3824
2024-04-12 18:45:40,092 - mmcls - INFO - Epoch(val) [136][5]	accuracy_top-1: 63.2353, accuracy_top-5: 94.8529
2024-04-12 18:46:00,303 - mmcls - INFO - Epoch(val) [137][5]	accuracy_top-1: 59.5588, accuracy_top-5: 96.3235
2024-04-12 18:46:20,249 - mmcls - INFO - Epoch(val) [138][5]	accuracy_top-1: 59.5588, accuracy_top-5: 93.3824
2024-04-12 18:46:39,772 - mmcls - INFO - Epoch(val) [139][5]	accuracy_top-1: 56.6176, accuracy_top-5: 94.1176
2024-04-12 18:46:59,020 - mmcls - INFO - Epoch(val) [140][5]	accuracy_top-1: 58.8235, accuracy_top-5: 92.6471
2024-04-12 18:47:18,556 - mmcls - INFO - Epoch(val) [141][5]	accuracy_top-1: 58.0882, accuracy_top-5: 94.1176
2024-04-12 18:47:38,279 - mmcls - INFO - Epoch(val) [142][5]	accuracy_top-1: 63.2353, accuracy_top-5: 92.6471
2024-04-12 18:47:58,234 - mmcls - INFO - Epoch(val) [143][5]	accuracy_top-1: 55.1471, accuracy_top-5: 92.6471
2024-04-12 18:48:17,847 - mmcls - INFO - Epoch(val) [144][5]	accuracy_top-1: 56.6176, accuracy_top-5: 93.3824
2024-04-12 18:48:37,145 - mmcls - INFO - Epoch(val) [145][5]	accuracy_top-1: 58.8235, accuracy_top-5: 91.1765
2024-04-12 18:48:56,164 - mmcls - INFO - Epoch(val) [146][5]	accuracy_top-1: 62.5000, accuracy_top-5: 90.4412
2024-04-12 18:49:15,403 - mmcls - INFO - Epoch(val) [147][5]	accuracy_top-1: 58.8235, accuracy_top-5: 94.8529
2024-04-12 18:49:34,802 - mmcls - INFO - Epoch(val) [148][5]	accuracy_top-1: 63.2353, accuracy_top-5: 92.6471
2024-04-12 18:49:54,236 - mmcls - INFO - Epoch(val) [149][5]	accuracy_top-1: 59.5588, accuracy_top-5: 94.1176
2024-04-12 18:50:13,680 - mmcls - INFO - Epoch(val) [150][5]	accuracy_top-1: 59.5588, accuracy_top-5: 92.6471
2024-04-12 18:50:33,275 - mmcls - INFO - Epoch(val) [151][5]	accuracy_top-1: 58.0882, accuracy_top-5: 94.1176
2024-04-12 18:50:52,571 - mmcls - INFO - Epoch(val) [152][5]	accuracy_top-1: 59.5588, accuracy_top-5: 94.8529
2024-04-12 18:51:11,678 - mmcls - INFO - Epoch(val) [153][5]	accuracy_top-1: 61.0294, accuracy_top-5: 95.5882
2024-04-12 18:51:31,070 - mmcls - INFO - Epoch(val) [154][5]	accuracy_top-1: 61.7647, accuracy_top-5: 93.3824
2024-04-12 18:51:50,367 - mmcls - INFO - Epoch(val) [155][5]	accuracy_top-1: 62.5000, accuracy_top-5: 94.1176
2024-04-12 18:52:09,798 - mmcls - INFO - Epoch(val) [156][5]	accuracy_top-1: 58.0882, accuracy_top-5: 92.6471
2024-04-12 18:52:29,019 - mmcls - INFO - Epoch(val) [157][5]	accuracy_top-1: 61.0294, accuracy_top-5: 93.3824
2024-04-12 18:52:48,155 - mmcls - INFO - Epoch(val) [158][5]	accuracy_top-1: 64.7059, accuracy_top-5: 93.3824
2024-04-12 18:53:07,269 - mmcls - INFO - Epoch(val) [159][5]	accuracy_top-1: 63.9706, accuracy_top-5: 93.3824
2024-04-12 18:53:26,415 - mmcls - INFO - Epoch(val) [160][5]	accuracy_top-1: 63.9706, accuracy_top-5: 94.1176
2024-04-12 18:53:45,600 - mmcls - INFO - Epoch(val) [161][5]	accuracy_top-1: 61.0294, accuracy_top-5: 92.6471
2024-04-12 18:54:04,945 - mmcls - INFO - Epoch(val) [162][5]	accuracy_top-1: 59.5588, accuracy_top-5: 93.3824
2024-04-12 18:54:23,900 - mmcls - INFO - Epoch(val) [163][5]	accuracy_top-1: 61.7647, accuracy_top-5: 93.3824
2024-04-12 18:54:42,895 - mmcls - INFO - Epoch(val) [164][5]	accuracy_top-1: 59.5588, accuracy_top-5: 92.6471
2024-04-12 18:55:02,158 - mmcls - INFO - Epoch(val) [165][5]	accuracy_top-1: 59.5588, accuracy_top-5: 92.6471
2024-04-12 18:55:21,603 - mmcls - INFO - Epoch(val) [166][5]	accuracy_top-1: 61.0294, accuracy_top-5: 92.6471
2024-04-12 18:55:40,478 - mmcls - INFO - Epoch(val) [167][5]	accuracy_top-1: 63.9706, accuracy_top-5: 91.9118
2024-04-12 18:55:59,659 - mmcls - INFO - Epoch(val) [168][5]	accuracy_top-1: 61.7647, accuracy_top-5: 95.5882
2024-04-12 18:56:18,724 - mmcls - INFO - Epoch(val) [169][5]	accuracy_top-1: 59.5588, accuracy_top-5: 92.6471
2024-04-12 18:56:37,886 - mmcls - INFO - Epoch(val) [170][5]	accuracy_top-1: 63.9706, accuracy_top-5: 92.6471
2024-04-12 18:56:56,959 - mmcls - INFO - Epoch(val) [171][5]	accuracy_top-1: 61.7647, accuracy_top-5: 92.6471
2024-04-12 18:57:16,010 - mmcls - INFO - Epoch(val) [172][5]	accuracy_top-1: 59.5588, accuracy_top-5: 94.1176
2024-04-12 18:57:35,068 - mmcls - INFO - Epoch(val) [173][5]	accuracy_top-1: 59.5588, accuracy_top-5: 94.1176
2024-04-12 18:57:54,134 - mmcls - INFO - Epoch(val) [174][5]	accuracy_top-1: 63.2353, accuracy_top-5: 92.6471
2024-04-12 18:58:13,348 - mmcls - INFO - Epoch(val) [175][5]	accuracy_top-1: 62.5000, accuracy_top-5: 94.8529
2024-04-12 18:58:32,462 - mmcls - INFO - Epoch(val) [176][5]	accuracy_top-1: 61.7647, accuracy_top-5: 94.8529
2024-04-12 18:58:51,591 - mmcls - INFO - Epoch(val) [177][5]	accuracy_top-1: 61.7647, accuracy_top-5: 94.8529
2024-04-12 18:59:10,623 - mmcls - INFO - Epoch(val) [178][5]	accuracy_top-1: 56.6176, accuracy_top-5: 93.3824
2024-04-12 18:59:29,145 - mmcls - INFO - Epoch(val) [179][5]	accuracy_top-1: 59.5588, accuracy_top-5: 91.9118
2024-04-12 18:59:47,796 - mmcls - INFO - Epoch(val) [180][5]	accuracy_top-1: 62.5000, accuracy_top-5: 92.6471
2024-04-12 19:00:06,645 - mmcls - INFO - Epoch(val) [181][5]	accuracy_top-1: 59.5588, accuracy_top-5: 93.3824
2024-04-12 19:00:25,624 - mmcls - INFO - Epoch(val) [182][5]	accuracy_top-1: 57.3529, accuracy_top-5: 93.3824
2024-04-12 19:00:44,690 - mmcls - INFO - Epoch(val) [183][5]	accuracy_top-1: 56.6176, accuracy_top-5: 94.8529
2024-04-12 19:01:03,890 - mmcls - INFO - Epoch(val) [184][5]	accuracy_top-1: 57.3529, accuracy_top-5: 94.1176
2024-04-12 19:01:23,360 - mmcls - INFO - Epoch(val) [185][5]	accuracy_top-1: 59.5588, accuracy_top-5: 92.6471
2024-04-12 19:01:42,448 - mmcls - INFO - Epoch(val) [186][5]	accuracy_top-1: 56.6176, accuracy_top-5: 93.3824
2024-04-12 19:02:01,518 - mmcls - INFO - Epoch(val) [187][5]	accuracy_top-1: 60.2941, accuracy_top-5: 92.6471
2024-04-12 19:02:20,495 - mmcls - INFO - Epoch(val) [188][5]	accuracy_top-1: 55.8824, accuracy_top-5: 92.6471
2024-04-12 19:02:39,496 - mmcls - INFO - Epoch(val) [189][5]	accuracy_top-1: 58.0882, accuracy_top-5: 93.3824
2024-04-12 19:02:58,412 - mmcls - INFO - Epoch(val) [190][5]	accuracy_top-1: 59.5588, accuracy_top-5: 93.3824
2024-04-12 19:03:17,685 - mmcls - INFO - Epoch(val) [191][5]	accuracy_top-1: 57.3529, accuracy_top-5: 93.3824
2024-04-12 19:03:37,046 - mmcls - INFO - Epoch(val) [192][5]	accuracy_top-1: 60.2941, accuracy_top-5: 92.6471
2024-04-12 19:03:56,044 - mmcls - INFO - Epoch(val) [193][5]	accuracy_top-1: 57.3529, accuracy_top-5: 93.3824
2024-04-12 19:04:15,195 - mmcls - INFO - Epoch(val) [194][5]	accuracy_top-1: 58.0882, accuracy_top-5: 93.3824
2024-04-12 19:04:34,371 - mmcls - INFO - Epoch(val) [195][5]	accuracy_top-1: 58.0882, accuracy_top-5: 93.3824
2024-04-12 19:04:53,442 - mmcls - INFO - Epoch(val) [196][5]	accuracy_top-1: 57.3529, accuracy_top-5: 92.6471
2024-04-12 19:05:12,615 - mmcls - INFO - Epoch(val) [197][5]	accuracy_top-1: 58.0882, accuracy_top-5: 91.9118
2024-04-12 19:05:31,612 - mmcls - INFO - Epoch(val) [198][5]	accuracy_top-1: 60.2941, accuracy_top-5: 91.9118
2024-04-12 19:05:50,898 - mmcls - INFO - Epoch(val) [199][5]	accuracy_top-1: 59.5588, accuracy_top-5: 92.6471
2024-04-12 19:06:08,670 - mmcls - INFO - Saving checkpoint at 200 epochs
2024-04-12 19:06:14,772 - mmcls - INFO - Epoch(val) [200][5]	accuracy_top-1: 59.5588, accuracy_top-5: 94.8529
