2024-04-04 09:49:20,015 - mmcls - INFO - Environment info:
------------------------------------------------------------
sys.platform: linux
Python: 3.7.16 (default, Jan 17 2023, 22:20:44) [GCC 11.2.0]
CUDA available: True
GPU 0: NVIDIA GeForce RTX 2080 Ti
CUDA_HOME: /usr/local/cuda
NVCC: Cuda compilation tools, release 11.8, V11.8.89
GCC: gcc (Ubuntu 11.4.0-1ubuntu1~22.04) 11.4.0
PyTorch: 1.7.1
PyTorch compiling details: PyTorch built with:
  - GCC 7.3
  - C++ Version: 201402
  - Intel(R) oneAPI Math Kernel Library Version 2021.4-Product Build 20210904 for Intel(R) 64 architecture applications
  - Intel(R) MKL-DNN v1.6.0 (Git Hash 5ef631a030a6f73131c77892041042805a06064f)
  - OpenMP 201511 (a.k.a. OpenMP 4.5)
  - NNPACK is enabled
  - CPU capability usage: AVX2
  - CUDA Runtime 10.1
  - NVCC architecture flags: -gencode;arch=compute_37,code=sm_37;-gencode;arch=compute_50,code=sm_50;-gencode;arch=compute_60,code=sm_60;-gencode;arch=compute_61,code=sm_61;-gencode;arch=compute_70,code=sm_70;-gencode;arch=compute_75,code=sm_75;-gencode;arch=compute_37,code=compute_37
  - CuDNN 7.6.3
  - Magma 2.5.2
  - Build settings: BLAS=MKL, BUILD_TYPE=Release, CXX_FLAGS= -Wno-deprecated -fvisibility-inlines-hidden -DUSE_PTHREADPOOL -fopenmp -DNDEBUG -DUSE_FBGEMM -DUSE_QNNPACK -DUSE_PYTORCH_QNNPACK -DUSE_XNNPACK -DUSE_VULKAN_WRAPPER -O2 -fPIC -Wno-narrowing -Wall -Wextra -Werror=return-type -Wno-missing-field-initializers -Wno-type-limits -Wno-array-bounds -Wno-unknown-pragmas -Wno-sign-compare -Wno-unused-parameter -Wno-unused-variable -Wno-unused-function -Wno-unused-result -Wno-unused-local-typedefs -Wno-strict-overflow -Wno-strict-aliasing -Wno-error=deprecated-declarations -Wno-stringop-overflow -Wno-psabi -Wno-error=pedantic -Wno-error=redundant-decls -Wno-error=old-style-cast -fdiagnostics-color=always -faligned-new -Wno-unused-but-set-variable -Wno-maybe-uninitialized -fno-math-errno -fno-trapping-math -Werror=format -Wno-stringop-overflow, PERF_WITH_AVX=1, PERF_WITH_AVX2=1, PERF_WITH_AVX512=1, USE_CUDA=ON, USE_EXCEPTION_PTR=1, USE_GFLAGS=OFF, USE_GLOG=OFF, USE_MKL=ON, USE_MKLDNN=ON, USE_MPI=OFF, USE_NCCL=ON, USE_NNPACK=ON, USE_OPENMP=ON, 

TorchVision: 0.8.2
OpenCV: 4.9.0
MMCV: 1.5.0
MMCV Compiler: n/a
MMCV CUDA Compiler: n/a
MMClassification: 0.15.0+96ebba7
------------------------------------------------------------

2024-04-04 09:49:20,015 - mmcls - INFO - Distributed training: False
2024-04-04 09:49:20,177 - mmcls - INFO - Config:
model = dict(
    type='ImageClassifier',
    backbone=dict(type='InceptionV3', num_classes=17, aux_logits=False),
    neck=None,
    head=dict(
        type='ClsHead', loss=dict(type='CrossEntropyLoss', loss_weight=1.0)))
dataset_type = 'Flowers'
img_norm_cfg = dict(
    mean=[123.675, 116.28, 103.53], std=[58.395, 57.12, 57.375], to_rgb=True)
train_pipeline = [
    dict(type='LoadImageFromFile'),
    dict(type='RandomResizedCrop', size=224),
    dict(type='RandomFlip', flip_prob=0.5, direction='horizontal'),
    dict(
        type='Normalize',
        mean=[123.675, 116.28, 103.53],
        std=[58.395, 57.12, 57.375],
        to_rgb=True),
    dict(type='ImageToTensor', keys=['img']),
    dict(type='ToTensor', keys=['gt_label']),
    dict(type='Collect', keys=['img', 'gt_label'])
]
test_pipeline = [
    dict(type='LoadImageFromFile'),
    dict(type='Resize', size=(256, -1)),
    dict(type='CenterCrop', crop_size=224),
    dict(
        type='Normalize',
        mean=[123.675, 116.28, 103.53],
        std=[58.395, 57.12, 57.375],
        to_rgb=True),
    dict(type='ImageToTensor', keys=['img']),
    dict(type='Collect', keys=['img'])
]
data = dict(
    samples_per_gpu=16,
    workers_per_gpu=1,
    train=dict(
        type='Flowers',
        data_prefix='data/flowers/train',
        ann_file='data/flowers/meta/train.txt',
        pipeline=[
            dict(type='LoadImageFromFile'),
            dict(type='RandomResizedCrop', size=224),
            dict(type='RandomFlip', flip_prob=0.5, direction='horizontal'),
            dict(
                type='Normalize',
                mean=[123.675, 116.28, 103.53],
                std=[58.395, 57.12, 57.375],
                to_rgb=True),
            dict(type='ImageToTensor', keys=['img']),
            dict(type='ToTensor', keys=['gt_label']),
            dict(type='Collect', keys=['img', 'gt_label'])
        ]),
    val=dict(
        type='Flowers',
        data_prefix='data/flowers/val',
        ann_file='data/flowers/meta/val.txt',
        pipeline=[
            dict(type='LoadImageFromFile'),
            dict(type='Resize', size=(256, -1)),
            dict(type='CenterCrop', crop_size=224),
            dict(
                type='Normalize',
                mean=[123.675, 116.28, 103.53],
                std=[58.395, 57.12, 57.375],
                to_rgb=True),
            dict(type='ImageToTensor', keys=['img']),
            dict(type='Collect', keys=['img'])
        ]),
    test=dict(
        type='Flowers',
        data_prefix='data/flowers/test',
        ann_file='data/flowers/meta/test.txt',
        pipeline=[
            dict(type='LoadImageFromFile'),
            dict(type='Resize', size=(256, -1)),
            dict(type='CenterCrop', crop_size=224),
            dict(
                type='Normalize',
                mean=[123.675, 116.28, 103.53],
                std=[58.395, 57.12, 57.375],
                to_rgb=True),
            dict(type='ImageToTensor', keys=['img']),
            dict(type='Collect', keys=['img'])
        ]))
evaluation = dict(interval=1, metric='accuracy')
optimizer = dict(type='SGD', lr=0.01, momentum=0.9, weight_decay=0.0001)
optimizer_config = dict(grad_clip=None)
lr_config = dict(policy='step', step=[100, 150])
runner = dict(type='EpochBasedRunner', max_epochs=200)
checkpoint_config = dict(interval=100)
log_config = dict(interval=100, hooks=[dict(type='TextLoggerHook')])
dist_params = dict(backend='nccl')
log_level = 'INFO'
load_from = None
resume_from = None
workflow = [('train', 1)]
work_dir = 'output/inception_v3/inception_v3_flowers_bs16_lr0.01'
gpu_ids = range(0, 1)

2024-04-04 09:49:20,460 - mmcls - INFO - initialize InceptionV3 with init_cfg [{'type': 'TruncNormal', 'layer': ['Conv2d', 'Linear'], 'std': 0.1}, {'type': 'Constant', 'layer': 'BatchNorm2d', 'val': 1}]
Name of parameter - Initialization information

backbone.Conv2d_1a_3x3.conv.weight - torch.Size([32, 3, 3, 3]): 
TruncNormalInit: a=-2, b=2, mean=0, std=0.1, bias=0 

backbone.Conv2d_1a_3x3.bn.weight - torch.Size([32]): 
The value is the same before and after calling `init_weights` of ImageClassifier  

backbone.Conv2d_1a_3x3.bn.bias - torch.Size([32]): 
The value is the same before and after calling `init_weights` of ImageClassifier  

backbone.Conv2d_2a_3x3.conv.weight - torch.Size([32, 32, 3, 3]): 
TruncNormalInit: a=-2, b=2, mean=0, std=0.1, bias=0 

backbone.Conv2d_2a_3x3.bn.weight - torch.Size([32]): 
The value is the same before and after calling `init_weights` of ImageClassifier  

backbone.Conv2d_2a_3x3.bn.bias - torch.Size([32]): 
The value is the same before and after calling `init_weights` of ImageClassifier  

backbone.Conv2d_2b_3x3.conv.weight - torch.Size([64, 32, 3, 3]): 
TruncNormalInit: a=-2, b=2, mean=0, std=0.1, bias=0 

backbone.Conv2d_2b_3x3.bn.weight - torch.Size([64]): 
The value is the same before and after calling `init_weights` of ImageClassifier  

backbone.Conv2d_2b_3x3.bn.bias - torch.Size([64]): 
The value is the same before and after calling `init_weights` of ImageClassifier  

backbone.Conv2d_3b_1x1.conv.weight - torch.Size([80, 64, 1, 1]): 
TruncNormalInit: a=-2, b=2, mean=0, std=0.1, bias=0 

backbone.Conv2d_3b_1x1.bn.weight - torch.Size([80]): 
The value is the same before and after calling `init_weights` of ImageClassifier  

backbone.Conv2d_3b_1x1.bn.bias - torch.Size([80]): 
The value is the same before and after calling `init_weights` of ImageClassifier  

backbone.Conv2d_4a_3x3.conv.weight - torch.Size([192, 80, 3, 3]): 
TruncNormalInit: a=-2, b=2, mean=0, std=0.1, bias=0 

backbone.Conv2d_4a_3x3.bn.weight - torch.Size([192]): 
The value is the same before and after calling `init_weights` of ImageClassifier  

backbone.Conv2d_4a_3x3.bn.bias - torch.Size([192]): 
The value is the same before and after calling `init_weights` of ImageClassifier  

backbone.Mixed_5b.branch1x1.conv.weight - torch.Size([64, 192, 1, 1]): 
TruncNormalInit: a=-2, b=2, mean=0, std=0.1, bias=0 

backbone.Mixed_5b.branch1x1.bn.weight - torch.Size([64]): 
The value is the same before and after calling `init_weights` of ImageClassifier  

backbone.Mixed_5b.branch1x1.bn.bias - torch.Size([64]): 
The value is the same before and after calling `init_weights` of ImageClassifier  

backbone.Mixed_5b.branch5x5_1.conv.weight - torch.Size([48, 192, 1, 1]): 
TruncNormalInit: a=-2, b=2, mean=0, std=0.1, bias=0 

backbone.Mixed_5b.branch5x5_1.bn.weight - torch.Size([48]): 
The value is the same before and after calling `init_weights` of ImageClassifier  

backbone.Mixed_5b.branch5x5_1.bn.bias - torch.Size([48]): 
The value is the same before and after calling `init_weights` of ImageClassifier  

backbone.Mixed_5b.branch5x5_2.conv.weight - torch.Size([64, 48, 5, 5]): 
TruncNormalInit: a=-2, b=2, mean=0, std=0.1, bias=0 

backbone.Mixed_5b.branch5x5_2.bn.weight - torch.Size([64]): 
The value is the same before and after calling `init_weights` of ImageClassifier  

backbone.Mixed_5b.branch5x5_2.bn.bias - torch.Size([64]): 
The value is the same before and after calling `init_weights` of ImageClassifier  

backbone.Mixed_5b.branch3x3dbl_1.conv.weight - torch.Size([64, 192, 1, 1]): 
TruncNormalInit: a=-2, b=2, mean=0, std=0.1, bias=0 

backbone.Mixed_5b.branch3x3dbl_1.bn.weight - torch.Size([64]): 
The value is the same before and after calling `init_weights` of ImageClassifier  

backbone.Mixed_5b.branch3x3dbl_1.bn.bias - torch.Size([64]): 
The value is the same before and after calling `init_weights` of ImageClassifier  

backbone.Mixed_5b.branch3x3dbl_2.conv.weight - torch.Size([96, 64, 3, 3]): 
TruncNormalInit: a=-2, b=2, mean=0, std=0.1, bias=0 

backbone.Mixed_5b.branch3x3dbl_2.bn.weight - torch.Size([96]): 
The value is the same before and after calling `init_weights` of ImageClassifier  

backbone.Mixed_5b.branch3x3dbl_2.bn.bias - torch.Size([96]): 
The value is the same before and after calling `init_weights` of ImageClassifier  

backbone.Mixed_5b.branch3x3dbl_3.conv.weight - torch.Size([96, 96, 3, 3]): 
TruncNormalInit: a=-2, b=2, mean=0, std=0.1, bias=0 

backbone.Mixed_5b.branch3x3dbl_3.bn.weight - torch.Size([96]): 
The value is the same before and after calling `init_weights` of ImageClassifier  

backbone.Mixed_5b.branch3x3dbl_3.bn.bias - torch.Size([96]): 
The value is the same before and after calling `init_weights` of ImageClassifier  

backbone.Mixed_5b.branch_pool.conv.weight - torch.Size([32, 192, 1, 1]): 
TruncNormalInit: a=-2, b=2, mean=0, std=0.1, bias=0 

backbone.Mixed_5b.branch_pool.bn.weight - torch.Size([32]): 
The value is the same before and after calling `init_weights` of ImageClassifier  

backbone.Mixed_5b.branch_pool.bn.bias - torch.Size([32]): 
The value is the same before and after calling `init_weights` of ImageClassifier  

backbone.Mixed_5c.branch1x1.conv.weight - torch.Size([64, 256, 1, 1]): 
TruncNormalInit: a=-2, b=2, mean=0, std=0.1, bias=0 

backbone.Mixed_5c.branch1x1.bn.weight - torch.Size([64]): 
The value is the same before and after calling `init_weights` of ImageClassifier  

backbone.Mixed_5c.branch1x1.bn.bias - torch.Size([64]): 
The value is the same before and after calling `init_weights` of ImageClassifier  

backbone.Mixed_5c.branch5x5_1.conv.weight - torch.Size([48, 256, 1, 1]): 
TruncNormalInit: a=-2, b=2, mean=0, std=0.1, bias=0 

backbone.Mixed_5c.branch5x5_1.bn.weight - torch.Size([48]): 
The value is the same before and after calling `init_weights` of ImageClassifier  

backbone.Mixed_5c.branch5x5_1.bn.bias - torch.Size([48]): 
The value is the same before and after calling `init_weights` of ImageClassifier  

backbone.Mixed_5c.branch5x5_2.conv.weight - torch.Size([64, 48, 5, 5]): 
TruncNormalInit: a=-2, b=2, mean=0, std=0.1, bias=0 

backbone.Mixed_5c.branch5x5_2.bn.weight - torch.Size([64]): 
The value is the same before and after calling `init_weights` of ImageClassifier  

backbone.Mixed_5c.branch5x5_2.bn.bias - torch.Size([64]): 
The value is the same before and after calling `init_weights` of ImageClassifier  

backbone.Mixed_5c.branch3x3dbl_1.conv.weight - torch.Size([64, 256, 1, 1]): 
TruncNormalInit: a=-2, b=2, mean=0, std=0.1, bias=0 

backbone.Mixed_5c.branch3x3dbl_1.bn.weight - torch.Size([64]): 
The value is the same before and after calling `init_weights` of ImageClassifier  

backbone.Mixed_5c.branch3x3dbl_1.bn.bias - torch.Size([64]): 
The value is the same before and after calling `init_weights` of ImageClassifier  

backbone.Mixed_5c.branch3x3dbl_2.conv.weight - torch.Size([96, 64, 3, 3]): 
TruncNormalInit: a=-2, b=2, mean=0, std=0.1, bias=0 

backbone.Mixed_5c.branch3x3dbl_2.bn.weight - torch.Size([96]): 
The value is the same before and after calling `init_weights` of ImageClassifier  

backbone.Mixed_5c.branch3x3dbl_2.bn.bias - torch.Size([96]): 
The value is the same before and after calling `init_weights` of ImageClassifier  

backbone.Mixed_5c.branch3x3dbl_3.conv.weight - torch.Size([96, 96, 3, 3]): 
TruncNormalInit: a=-2, b=2, mean=0, std=0.1, bias=0 

backbone.Mixed_5c.branch3x3dbl_3.bn.weight - torch.Size([96]): 
The value is the same before and after calling `init_weights` of ImageClassifier  

backbone.Mixed_5c.branch3x3dbl_3.bn.bias - torch.Size([96]): 
The value is the same before and after calling `init_weights` of ImageClassifier  

backbone.Mixed_5c.branch_pool.conv.weight - torch.Size([64, 256, 1, 1]): 
TruncNormalInit: a=-2, b=2, mean=0, std=0.1, bias=0 

backbone.Mixed_5c.branch_pool.bn.weight - torch.Size([64]): 
The value is the same before and after calling `init_weights` of ImageClassifier  

backbone.Mixed_5c.branch_pool.bn.bias - torch.Size([64]): 
The value is the same before and after calling `init_weights` of ImageClassifier  

backbone.Mixed_5d.branch1x1.conv.weight - torch.Size([64, 288, 1, 1]): 
TruncNormalInit: a=-2, b=2, mean=0, std=0.1, bias=0 

backbone.Mixed_5d.branch1x1.bn.weight - torch.Size([64]): 
The value is the same before and after calling `init_weights` of ImageClassifier  

backbone.Mixed_5d.branch1x1.bn.bias - torch.Size([64]): 
The value is the same before and after calling `init_weights` of ImageClassifier  

backbone.Mixed_5d.branch5x5_1.conv.weight - torch.Size([48, 288, 1, 1]): 
TruncNormalInit: a=-2, b=2, mean=0, std=0.1, bias=0 

backbone.Mixed_5d.branch5x5_1.bn.weight - torch.Size([48]): 
The value is the same before and after calling `init_weights` of ImageClassifier  

backbone.Mixed_5d.branch5x5_1.bn.bias - torch.Size([48]): 
The value is the same before and after calling `init_weights` of ImageClassifier  

backbone.Mixed_5d.branch5x5_2.conv.weight - torch.Size([64, 48, 5, 5]): 
TruncNormalInit: a=-2, b=2, mean=0, std=0.1, bias=0 

backbone.Mixed_5d.branch5x5_2.bn.weight - torch.Size([64]): 
The value is the same before and after calling `init_weights` of ImageClassifier  

backbone.Mixed_5d.branch5x5_2.bn.bias - torch.Size([64]): 
The value is the same before and after calling `init_weights` of ImageClassifier  

backbone.Mixed_5d.branch3x3dbl_1.conv.weight - torch.Size([64, 288, 1, 1]): 
TruncNormalInit: a=-2, b=2, mean=0, std=0.1, bias=0 

backbone.Mixed_5d.branch3x3dbl_1.bn.weight - torch.Size([64]): 
The value is the same before and after calling `init_weights` of ImageClassifier  

backbone.Mixed_5d.branch3x3dbl_1.bn.bias - torch.Size([64]): 
The value is the same before and after calling `init_weights` of ImageClassifier  

backbone.Mixed_5d.branch3x3dbl_2.conv.weight - torch.Size([96, 64, 3, 3]): 
TruncNormalInit: a=-2, b=2, mean=0, std=0.1, bias=0 

backbone.Mixed_5d.branch3x3dbl_2.bn.weight - torch.Size([96]): 
The value is the same before and after calling `init_weights` of ImageClassifier  

backbone.Mixed_5d.branch3x3dbl_2.bn.bias - torch.Size([96]): 
The value is the same before and after calling `init_weights` of ImageClassifier  

backbone.Mixed_5d.branch3x3dbl_3.conv.weight - torch.Size([96, 96, 3, 3]): 
TruncNormalInit: a=-2, b=2, mean=0, std=0.1, bias=0 

backbone.Mixed_5d.branch3x3dbl_3.bn.weight - torch.Size([96]): 
The value is the same before and after calling `init_weights` of ImageClassifier  

backbone.Mixed_5d.branch3x3dbl_3.bn.bias - torch.Size([96]): 
The value is the same before and after calling `init_weights` of ImageClassifier  

backbone.Mixed_5d.branch_pool.conv.weight - torch.Size([64, 288, 1, 1]): 
TruncNormalInit: a=-2, b=2, mean=0, std=0.1, bias=0 

backbone.Mixed_5d.branch_pool.bn.weight - torch.Size([64]): 
The value is the same before and after calling `init_weights` of ImageClassifier  

backbone.Mixed_5d.branch_pool.bn.bias - torch.Size([64]): 
The value is the same before and after calling `init_weights` of ImageClassifier  

backbone.Mixed_6a.branch3x3.conv.weight - torch.Size([384, 288, 3, 3]): 
TruncNormalInit: a=-2, b=2, mean=0, std=0.1, bias=0 

backbone.Mixed_6a.branch3x3.bn.weight - torch.Size([384]): 
The value is the same before and after calling `init_weights` of ImageClassifier  

backbone.Mixed_6a.branch3x3.bn.bias - torch.Size([384]): 
The value is the same before and after calling `init_weights` of ImageClassifier  

backbone.Mixed_6a.branch3x3dbl_1.conv.weight - torch.Size([64, 288, 1, 1]): 
TruncNormalInit: a=-2, b=2, mean=0, std=0.1, bias=0 

backbone.Mixed_6a.branch3x3dbl_1.bn.weight - torch.Size([64]): 
The value is the same before and after calling `init_weights` of ImageClassifier  

backbone.Mixed_6a.branch3x3dbl_1.bn.bias - torch.Size([64]): 
The value is the same before and after calling `init_weights` of ImageClassifier  

backbone.Mixed_6a.branch3x3dbl_2.conv.weight - torch.Size([96, 64, 3, 3]): 
TruncNormalInit: a=-2, b=2, mean=0, std=0.1, bias=0 

backbone.Mixed_6a.branch3x3dbl_2.bn.weight - torch.Size([96]): 
The value is the same before and after calling `init_weights` of ImageClassifier  

backbone.Mixed_6a.branch3x3dbl_2.bn.bias - torch.Size([96]): 
The value is the same before and after calling `init_weights` of ImageClassifier  

backbone.Mixed_6a.branch3x3dbl_3.conv.weight - torch.Size([96, 96, 3, 3]): 
TruncNormalInit: a=-2, b=2, mean=0, std=0.1, bias=0 

backbone.Mixed_6a.branch3x3dbl_3.bn.weight - torch.Size([96]): 
The value is the same before and after calling `init_weights` of ImageClassifier  

backbone.Mixed_6a.branch3x3dbl_3.bn.bias - torch.Size([96]): 
The value is the same before and after calling `init_weights` of ImageClassifier  

backbone.Mixed_6b.branch1x1.conv.weight - torch.Size([192, 768, 1, 1]): 
TruncNormalInit: a=-2, b=2, mean=0, std=0.1, bias=0 

backbone.Mixed_6b.branch1x1.bn.weight - torch.Size([192]): 
The value is the same before and after calling `init_weights` of ImageClassifier  

backbone.Mixed_6b.branch1x1.bn.bias - torch.Size([192]): 
The value is the same before and after calling `init_weights` of ImageClassifier  

backbone.Mixed_6b.branch7x7_1.conv.weight - torch.Size([128, 768, 1, 1]): 
TruncNormalInit: a=-2, b=2, mean=0, std=0.1, bias=0 

backbone.Mixed_6b.branch7x7_1.bn.weight - torch.Size([128]): 
The value is the same before and after calling `init_weights` of ImageClassifier  

backbone.Mixed_6b.branch7x7_1.bn.bias - torch.Size([128]): 
The value is the same before and after calling `init_weights` of ImageClassifier  

backbone.Mixed_6b.branch7x7_2.conv.weight - torch.Size([128, 128, 1, 7]): 
TruncNormalInit: a=-2, b=2, mean=0, std=0.1, bias=0 

backbone.Mixed_6b.branch7x7_2.bn.weight - torch.Size([128]): 
The value is the same before and after calling `init_weights` of ImageClassifier  

backbone.Mixed_6b.branch7x7_2.bn.bias - torch.Size([128]): 
The value is the same before and after calling `init_weights` of ImageClassifier  

backbone.Mixed_6b.branch7x7_3.conv.weight - torch.Size([192, 128, 7, 1]): 
TruncNormalInit: a=-2, b=2, mean=0, std=0.1, bias=0 

backbone.Mixed_6b.branch7x7_3.bn.weight - torch.Size([192]): 
The value is the same before and after calling `init_weights` of ImageClassifier  

backbone.Mixed_6b.branch7x7_3.bn.bias - torch.Size([192]): 
The value is the same before and after calling `init_weights` of ImageClassifier  

backbone.Mixed_6b.branch7x7dbl_1.conv.weight - torch.Size([128, 768, 1, 1]): 
TruncNormalInit: a=-2, b=2, mean=0, std=0.1, bias=0 

backbone.Mixed_6b.branch7x7dbl_1.bn.weight - torch.Size([128]): 
The value is the same before and after calling `init_weights` of ImageClassifier  

backbone.Mixed_6b.branch7x7dbl_1.bn.bias - torch.Size([128]): 
The value is the same before and after calling `init_weights` of ImageClassifier  

backbone.Mixed_6b.branch7x7dbl_2.conv.weight - torch.Size([128, 128, 7, 1]): 
TruncNormalInit: a=-2, b=2, mean=0, std=0.1, bias=0 

backbone.Mixed_6b.branch7x7dbl_2.bn.weight - torch.Size([128]): 
The value is the same before and after calling `init_weights` of ImageClassifier  

backbone.Mixed_6b.branch7x7dbl_2.bn.bias - torch.Size([128]): 
The value is the same before and after calling `init_weights` of ImageClassifier  

backbone.Mixed_6b.branch7x7dbl_3.conv.weight - torch.Size([128, 128, 1, 7]): 
TruncNormalInit: a=-2, b=2, mean=0, std=0.1, bias=0 

backbone.Mixed_6b.branch7x7dbl_3.bn.weight - torch.Size([128]): 
The value is the same before and after calling `init_weights` of ImageClassifier  

backbone.Mixed_6b.branch7x7dbl_3.bn.bias - torch.Size([128]): 
The value is the same before and after calling `init_weights` of ImageClassifier  

backbone.Mixed_6b.branch7x7dbl_4.conv.weight - torch.Size([128, 128, 7, 1]): 
TruncNormalInit: a=-2, b=2, mean=0, std=0.1, bias=0 

backbone.Mixed_6b.branch7x7dbl_4.bn.weight - torch.Size([128]): 
The value is the same before and after calling `init_weights` of ImageClassifier  

backbone.Mixed_6b.branch7x7dbl_4.bn.bias - torch.Size([128]): 
The value is the same before and after calling `init_weights` of ImageClassifier  

backbone.Mixed_6b.branch7x7dbl_5.conv.weight - torch.Size([192, 128, 1, 7]): 
TruncNormalInit: a=-2, b=2, mean=0, std=0.1, bias=0 

backbone.Mixed_6b.branch7x7dbl_5.bn.weight - torch.Size([192]): 
The value is the same before and after calling `init_weights` of ImageClassifier  

backbone.Mixed_6b.branch7x7dbl_5.bn.bias - torch.Size([192]): 
The value is the same before and after calling `init_weights` of ImageClassifier  

backbone.Mixed_6b.branch_pool.conv.weight - torch.Size([192, 768, 1, 1]): 
TruncNormalInit: a=-2, b=2, mean=0, std=0.1, bias=0 

backbone.Mixed_6b.branch_pool.bn.weight - torch.Size([192]): 
The value is the same before and after calling `init_weights` of ImageClassifier  

backbone.Mixed_6b.branch_pool.bn.bias - torch.Size([192]): 
The value is the same before and after calling `init_weights` of ImageClassifier  

backbone.Mixed_6c.branch1x1.conv.weight - torch.Size([192, 768, 1, 1]): 
TruncNormalInit: a=-2, b=2, mean=0, std=0.1, bias=0 

backbone.Mixed_6c.branch1x1.bn.weight - torch.Size([192]): 
The value is the same before and after calling `init_weights` of ImageClassifier  

backbone.Mixed_6c.branch1x1.bn.bias - torch.Size([192]): 
The value is the same before and after calling `init_weights` of ImageClassifier  

backbone.Mixed_6c.branch7x7_1.conv.weight - torch.Size([160, 768, 1, 1]): 
TruncNormalInit: a=-2, b=2, mean=0, std=0.1, bias=0 

backbone.Mixed_6c.branch7x7_1.bn.weight - torch.Size([160]): 
The value is the same before and after calling `init_weights` of ImageClassifier  

backbone.Mixed_6c.branch7x7_1.bn.bias - torch.Size([160]): 
The value is the same before and after calling `init_weights` of ImageClassifier  

backbone.Mixed_6c.branch7x7_2.conv.weight - torch.Size([160, 160, 1, 7]): 
TruncNormalInit: a=-2, b=2, mean=0, std=0.1, bias=0 

backbone.Mixed_6c.branch7x7_2.bn.weight - torch.Size([160]): 
The value is the same before and after calling `init_weights` of ImageClassifier  

backbone.Mixed_6c.branch7x7_2.bn.bias - torch.Size([160]): 
The value is the same before and after calling `init_weights` of ImageClassifier  

backbone.Mixed_6c.branch7x7_3.conv.weight - torch.Size([192, 160, 7, 1]): 
TruncNormalInit: a=-2, b=2, mean=0, std=0.1, bias=0 

backbone.Mixed_6c.branch7x7_3.bn.weight - torch.Size([192]): 
The value is the same before and after calling `init_weights` of ImageClassifier  

backbone.Mixed_6c.branch7x7_3.bn.bias - torch.Size([192]): 
The value is the same before and after calling `init_weights` of ImageClassifier  

backbone.Mixed_6c.branch7x7dbl_1.conv.weight - torch.Size([160, 768, 1, 1]): 
TruncNormalInit: a=-2, b=2, mean=0, std=0.1, bias=0 

backbone.Mixed_6c.branch7x7dbl_1.bn.weight - torch.Size([160]): 
The value is the same before and after calling `init_weights` of ImageClassifier  

backbone.Mixed_6c.branch7x7dbl_1.bn.bias - torch.Size([160]): 
The value is the same before and after calling `init_weights` of ImageClassifier  

backbone.Mixed_6c.branch7x7dbl_2.conv.weight - torch.Size([160, 160, 7, 1]): 
TruncNormalInit: a=-2, b=2, mean=0, std=0.1, bias=0 

backbone.Mixed_6c.branch7x7dbl_2.bn.weight - torch.Size([160]): 
The value is the same before and after calling `init_weights` of ImageClassifier  

backbone.Mixed_6c.branch7x7dbl_2.bn.bias - torch.Size([160]): 
The value is the same before and after calling `init_weights` of ImageClassifier  

backbone.Mixed_6c.branch7x7dbl_3.conv.weight - torch.Size([160, 160, 1, 7]): 
TruncNormalInit: a=-2, b=2, mean=0, std=0.1, bias=0 

backbone.Mixed_6c.branch7x7dbl_3.bn.weight - torch.Size([160]): 
The value is the same before and after calling `init_weights` of ImageClassifier  

backbone.Mixed_6c.branch7x7dbl_3.bn.bias - torch.Size([160]): 
The value is the same before and after calling `init_weights` of ImageClassifier  

backbone.Mixed_6c.branch7x7dbl_4.conv.weight - torch.Size([160, 160, 7, 1]): 
TruncNormalInit: a=-2, b=2, mean=0, std=0.1, bias=0 

backbone.Mixed_6c.branch7x7dbl_4.bn.weight - torch.Size([160]): 
The value is the same before and after calling `init_weights` of ImageClassifier  

backbone.Mixed_6c.branch7x7dbl_4.bn.bias - torch.Size([160]): 
The value is the same before and after calling `init_weights` of ImageClassifier  

backbone.Mixed_6c.branch7x7dbl_5.conv.weight - torch.Size([192, 160, 1, 7]): 
TruncNormalInit: a=-2, b=2, mean=0, std=0.1, bias=0 

backbone.Mixed_6c.branch7x7dbl_5.bn.weight - torch.Size([192]): 
The value is the same before and after calling `init_weights` of ImageClassifier  

backbone.Mixed_6c.branch7x7dbl_5.bn.bias - torch.Size([192]): 
The value is the same before and after calling `init_weights` of ImageClassifier  

backbone.Mixed_6c.branch_pool.conv.weight - torch.Size([192, 768, 1, 1]): 
TruncNormalInit: a=-2, b=2, mean=0, std=0.1, bias=0 

backbone.Mixed_6c.branch_pool.bn.weight - torch.Size([192]): 
The value is the same before and after calling `init_weights` of ImageClassifier  

backbone.Mixed_6c.branch_pool.bn.bias - torch.Size([192]): 
The value is the same before and after calling `init_weights` of ImageClassifier  

backbone.Mixed_6d.branch1x1.conv.weight - torch.Size([192, 768, 1, 1]): 
TruncNormalInit: a=-2, b=2, mean=0, std=0.1, bias=0 

backbone.Mixed_6d.branch1x1.bn.weight - torch.Size([192]): 
The value is the same before and after calling `init_weights` of ImageClassifier  

backbone.Mixed_6d.branch1x1.bn.bias - torch.Size([192]): 
The value is the same before and after calling `init_weights` of ImageClassifier  

backbone.Mixed_6d.branch7x7_1.conv.weight - torch.Size([160, 768, 1, 1]): 
TruncNormalInit: a=-2, b=2, mean=0, std=0.1, bias=0 

backbone.Mixed_6d.branch7x7_1.bn.weight - torch.Size([160]): 
The value is the same before and after calling `init_weights` of ImageClassifier  

backbone.Mixed_6d.branch7x7_1.bn.bias - torch.Size([160]): 
The value is the same before and after calling `init_weights` of ImageClassifier  

backbone.Mixed_6d.branch7x7_2.conv.weight - torch.Size([160, 160, 1, 7]): 
TruncNormalInit: a=-2, b=2, mean=0, std=0.1, bias=0 

backbone.Mixed_6d.branch7x7_2.bn.weight - torch.Size([160]): 
The value is the same before and after calling `init_weights` of ImageClassifier  

backbone.Mixed_6d.branch7x7_2.bn.bias - torch.Size([160]): 
The value is the same before and after calling `init_weights` of ImageClassifier  

backbone.Mixed_6d.branch7x7_3.conv.weight - torch.Size([192, 160, 7, 1]): 
TruncNormalInit: a=-2, b=2, mean=0, std=0.1, bias=0 

backbone.Mixed_6d.branch7x7_3.bn.weight - torch.Size([192]): 
The value is the same before and after calling `init_weights` of ImageClassifier  

backbone.Mixed_6d.branch7x7_3.bn.bias - torch.Size([192]): 
The value is the same before and after calling `init_weights` of ImageClassifier  

backbone.Mixed_6d.branch7x7dbl_1.conv.weight - torch.Size([160, 768, 1, 1]): 
TruncNormalInit: a=-2, b=2, mean=0, std=0.1, bias=0 

backbone.Mixed_6d.branch7x7dbl_1.bn.weight - torch.Size([160]): 
The value is the same before and after calling `init_weights` of ImageClassifier  

backbone.Mixed_6d.branch7x7dbl_1.bn.bias - torch.Size([160]): 
The value is the same before and after calling `init_weights` of ImageClassifier  

backbone.Mixed_6d.branch7x7dbl_2.conv.weight - torch.Size([160, 160, 7, 1]): 
TruncNormalInit: a=-2, b=2, mean=0, std=0.1, bias=0 

backbone.Mixed_6d.branch7x7dbl_2.bn.weight - torch.Size([160]): 
The value is the same before and after calling `init_weights` of ImageClassifier  

backbone.Mixed_6d.branch7x7dbl_2.bn.bias - torch.Size([160]): 
The value is the same before and after calling `init_weights` of ImageClassifier  

backbone.Mixed_6d.branch7x7dbl_3.conv.weight - torch.Size([160, 160, 1, 7]): 
TruncNormalInit: a=-2, b=2, mean=0, std=0.1, bias=0 

backbone.Mixed_6d.branch7x7dbl_3.bn.weight - torch.Size([160]): 
The value is the same before and after calling `init_weights` of ImageClassifier  

backbone.Mixed_6d.branch7x7dbl_3.bn.bias - torch.Size([160]): 
The value is the same before and after calling `init_weights` of ImageClassifier  

backbone.Mixed_6d.branch7x7dbl_4.conv.weight - torch.Size([160, 160, 7, 1]): 
TruncNormalInit: a=-2, b=2, mean=0, std=0.1, bias=0 

backbone.Mixed_6d.branch7x7dbl_4.bn.weight - torch.Size([160]): 
The value is the same before and after calling `init_weights` of ImageClassifier  

backbone.Mixed_6d.branch7x7dbl_4.bn.bias - torch.Size([160]): 
The value is the same before and after calling `init_weights` of ImageClassifier  

backbone.Mixed_6d.branch7x7dbl_5.conv.weight - torch.Size([192, 160, 1, 7]): 
TruncNormalInit: a=-2, b=2, mean=0, std=0.1, bias=0 

backbone.Mixed_6d.branch7x7dbl_5.bn.weight - torch.Size([192]): 
The value is the same before and after calling `init_weights` of ImageClassifier  

backbone.Mixed_6d.branch7x7dbl_5.bn.bias - torch.Size([192]): 
The value is the same before and after calling `init_weights` of ImageClassifier  

backbone.Mixed_6d.branch_pool.conv.weight - torch.Size([192, 768, 1, 1]): 
TruncNormalInit: a=-2, b=2, mean=0, std=0.1, bias=0 

backbone.Mixed_6d.branch_pool.bn.weight - torch.Size([192]): 
The value is the same before and after calling `init_weights` of ImageClassifier  

backbone.Mixed_6d.branch_pool.bn.bias - torch.Size([192]): 
The value is the same before and after calling `init_weights` of ImageClassifier  

backbone.Mixed_6e.branch1x1.conv.weight - torch.Size([192, 768, 1, 1]): 
TruncNormalInit: a=-2, b=2, mean=0, std=0.1, bias=0 

backbone.Mixed_6e.branch1x1.bn.weight - torch.Size([192]): 
The value is the same before and after calling `init_weights` of ImageClassifier  

backbone.Mixed_6e.branch1x1.bn.bias - torch.Size([192]): 
The value is the same before and after calling `init_weights` of ImageClassifier  

backbone.Mixed_6e.branch7x7_1.conv.weight - torch.Size([192, 768, 1, 1]): 
TruncNormalInit: a=-2, b=2, mean=0, std=0.1, bias=0 

backbone.Mixed_6e.branch7x7_1.bn.weight - torch.Size([192]): 
The value is the same before and after calling `init_weights` of ImageClassifier  

backbone.Mixed_6e.branch7x7_1.bn.bias - torch.Size([192]): 
The value is the same before and after calling `init_weights` of ImageClassifier  

backbone.Mixed_6e.branch7x7_2.conv.weight - torch.Size([192, 192, 1, 7]): 
TruncNormalInit: a=-2, b=2, mean=0, std=0.1, bias=0 

backbone.Mixed_6e.branch7x7_2.bn.weight - torch.Size([192]): 
The value is the same before and after calling `init_weights` of ImageClassifier  

backbone.Mixed_6e.branch7x7_2.bn.bias - torch.Size([192]): 
The value is the same before and after calling `init_weights` of ImageClassifier  

backbone.Mixed_6e.branch7x7_3.conv.weight - torch.Size([192, 192, 7, 1]): 
TruncNormalInit: a=-2, b=2, mean=0, std=0.1, bias=0 

backbone.Mixed_6e.branch7x7_3.bn.weight - torch.Size([192]): 
The value is the same before and after calling `init_weights` of ImageClassifier  

backbone.Mixed_6e.branch7x7_3.bn.bias - torch.Size([192]): 
The value is the same before and after calling `init_weights` of ImageClassifier  

backbone.Mixed_6e.branch7x7dbl_1.conv.weight - torch.Size([192, 768, 1, 1]): 
TruncNormalInit: a=-2, b=2, mean=0, std=0.1, bias=0 

backbone.Mixed_6e.branch7x7dbl_1.bn.weight - torch.Size([192]): 
The value is the same before and after calling `init_weights` of ImageClassifier  

backbone.Mixed_6e.branch7x7dbl_1.bn.bias - torch.Size([192]): 
The value is the same before and after calling `init_weights` of ImageClassifier  

backbone.Mixed_6e.branch7x7dbl_2.conv.weight - torch.Size([192, 192, 7, 1]): 
TruncNormalInit: a=-2, b=2, mean=0, std=0.1, bias=0 

backbone.Mixed_6e.branch7x7dbl_2.bn.weight - torch.Size([192]): 
The value is the same before and after calling `init_weights` of ImageClassifier  

backbone.Mixed_6e.branch7x7dbl_2.bn.bias - torch.Size([192]): 
The value is the same before and after calling `init_weights` of ImageClassifier  

backbone.Mixed_6e.branch7x7dbl_3.conv.weight - torch.Size([192, 192, 1, 7]): 
TruncNormalInit: a=-2, b=2, mean=0, std=0.1, bias=0 

backbone.Mixed_6e.branch7x7dbl_3.bn.weight - torch.Size([192]): 
The value is the same before and after calling `init_weights` of ImageClassifier  

backbone.Mixed_6e.branch7x7dbl_3.bn.bias - torch.Size([192]): 
The value is the same before and after calling `init_weights` of ImageClassifier  

backbone.Mixed_6e.branch7x7dbl_4.conv.weight - torch.Size([192, 192, 7, 1]): 
TruncNormalInit: a=-2, b=2, mean=0, std=0.1, bias=0 

backbone.Mixed_6e.branch7x7dbl_4.bn.weight - torch.Size([192]): 
The value is the same before and after calling `init_weights` of ImageClassifier  

backbone.Mixed_6e.branch7x7dbl_4.bn.bias - torch.Size([192]): 
The value is the same before and after calling `init_weights` of ImageClassifier  

backbone.Mixed_6e.branch7x7dbl_5.conv.weight - torch.Size([192, 192, 1, 7]): 
TruncNormalInit: a=-2, b=2, mean=0, std=0.1, bias=0 

backbone.Mixed_6e.branch7x7dbl_5.bn.weight - torch.Size([192]): 
The value is the same before and after calling `init_weights` of ImageClassifier  

backbone.Mixed_6e.branch7x7dbl_5.bn.bias - torch.Size([192]): 
The value is the same before and after calling `init_weights` of ImageClassifier  

backbone.Mixed_6e.branch_pool.conv.weight - torch.Size([192, 768, 1, 1]): 
TruncNormalInit: a=-2, b=2, mean=0, std=0.1, bias=0 

backbone.Mixed_6e.branch_pool.bn.weight - torch.Size([192]): 
The value is the same before and after calling `init_weights` of ImageClassifier  

backbone.Mixed_6e.branch_pool.bn.bias - torch.Size([192]): 
The value is the same before and after calling `init_weights` of ImageClassifier  

backbone.Mixed_7a.branch3x3_1.conv.weight - torch.Size([192, 768, 1, 1]): 
TruncNormalInit: a=-2, b=2, mean=0, std=0.1, bias=0 

backbone.Mixed_7a.branch3x3_1.bn.weight - torch.Size([192]): 
The value is the same before and after calling `init_weights` of ImageClassifier  

backbone.Mixed_7a.branch3x3_1.bn.bias - torch.Size([192]): 
The value is the same before and after calling `init_weights` of ImageClassifier  

backbone.Mixed_7a.branch3x3_2.conv.weight - torch.Size([320, 192, 3, 3]): 
TruncNormalInit: a=-2, b=2, mean=0, std=0.1, bias=0 

backbone.Mixed_7a.branch3x3_2.bn.weight - torch.Size([320]): 
The value is the same before and after calling `init_weights` of ImageClassifier  

backbone.Mixed_7a.branch3x3_2.bn.bias - torch.Size([320]): 
The value is the same before and after calling `init_weights` of ImageClassifier  

backbone.Mixed_7a.branch7x7x3_1.conv.weight - torch.Size([192, 768, 1, 1]): 
TruncNormalInit: a=-2, b=2, mean=0, std=0.1, bias=0 

backbone.Mixed_7a.branch7x7x3_1.bn.weight - torch.Size([192]): 
The value is the same before and after calling `init_weights` of ImageClassifier  

backbone.Mixed_7a.branch7x7x3_1.bn.bias - torch.Size([192]): 
The value is the same before and after calling `init_weights` of ImageClassifier  

backbone.Mixed_7a.branch7x7x3_2.conv.weight - torch.Size([192, 192, 1, 7]): 
TruncNormalInit: a=-2, b=2, mean=0, std=0.1, bias=0 

backbone.Mixed_7a.branch7x7x3_2.bn.weight - torch.Size([192]): 
The value is the same before and after calling `init_weights` of ImageClassifier  

backbone.Mixed_7a.branch7x7x3_2.bn.bias - torch.Size([192]): 
The value is the same before and after calling `init_weights` of ImageClassifier  

backbone.Mixed_7a.branch7x7x3_3.conv.weight - torch.Size([192, 192, 7, 1]): 
TruncNormalInit: a=-2, b=2, mean=0, std=0.1, bias=0 

backbone.Mixed_7a.branch7x7x3_3.bn.weight - torch.Size([192]): 
The value is the same before and after calling `init_weights` of ImageClassifier  

backbone.Mixed_7a.branch7x7x3_3.bn.bias - torch.Size([192]): 
The value is the same before and after calling `init_weights` of ImageClassifier  

backbone.Mixed_7a.branch7x7x3_4.conv.weight - torch.Size([192, 192, 3, 3]): 
TruncNormalInit: a=-2, b=2, mean=0, std=0.1, bias=0 

backbone.Mixed_7a.branch7x7x3_4.bn.weight - torch.Size([192]): 
The value is the same before and after calling `init_weights` of ImageClassifier  

backbone.Mixed_7a.branch7x7x3_4.bn.bias - torch.Size([192]): 
The value is the same before and after calling `init_weights` of ImageClassifier  

backbone.Mixed_7b.branch1x1.conv.weight - torch.Size([320, 1280, 1, 1]): 
TruncNormalInit: a=-2, b=2, mean=0, std=0.1, bias=0 

backbone.Mixed_7b.branch1x1.bn.weight - torch.Size([320]): 
The value is the same before and after calling `init_weights` of ImageClassifier  

backbone.Mixed_7b.branch1x1.bn.bias - torch.Size([320]): 
The value is the same before and after calling `init_weights` of ImageClassifier  

backbone.Mixed_7b.branch3x3_1.conv.weight - torch.Size([384, 1280, 1, 1]): 
TruncNormalInit: a=-2, b=2, mean=0, std=0.1, bias=0 

backbone.Mixed_7b.branch3x3_1.bn.weight - torch.Size([384]): 
The value is the same before and after calling `init_weights` of ImageClassifier  

backbone.Mixed_7b.branch3x3_1.bn.bias - torch.Size([384]): 
The value is the same before and after calling `init_weights` of ImageClassifier  

backbone.Mixed_7b.branch3x3_2a.conv.weight - torch.Size([384, 384, 1, 3]): 
TruncNormalInit: a=-2, b=2, mean=0, std=0.1, bias=0 

backbone.Mixed_7b.branch3x3_2a.bn.weight - torch.Size([384]): 
The value is the same before and after calling `init_weights` of ImageClassifier  

backbone.Mixed_7b.branch3x3_2a.bn.bias - torch.Size([384]): 
The value is the same before and after calling `init_weights` of ImageClassifier  

backbone.Mixed_7b.branch3x3_2b.conv.weight - torch.Size([384, 384, 3, 1]): 
TruncNormalInit: a=-2, b=2, mean=0, std=0.1, bias=0 

backbone.Mixed_7b.branch3x3_2b.bn.weight - torch.Size([384]): 
The value is the same before and after calling `init_weights` of ImageClassifier  

backbone.Mixed_7b.branch3x3_2b.bn.bias - torch.Size([384]): 
The value is the same before and after calling `init_weights` of ImageClassifier  

backbone.Mixed_7b.branch3x3dbl_1.conv.weight - torch.Size([448, 1280, 1, 1]): 
TruncNormalInit: a=-2, b=2, mean=0, std=0.1, bias=0 

backbone.Mixed_7b.branch3x3dbl_1.bn.weight - torch.Size([448]): 
The value is the same before and after calling `init_weights` of ImageClassifier  

backbone.Mixed_7b.branch3x3dbl_1.bn.bias - torch.Size([448]): 
The value is the same before and after calling `init_weights` of ImageClassifier  

backbone.Mixed_7b.branch3x3dbl_2.conv.weight - torch.Size([384, 448, 3, 3]): 
TruncNormalInit: a=-2, b=2, mean=0, std=0.1, bias=0 

backbone.Mixed_7b.branch3x3dbl_2.bn.weight - torch.Size([384]): 
The value is the same before and after calling `init_weights` of ImageClassifier  

backbone.Mixed_7b.branch3x3dbl_2.bn.bias - torch.Size([384]): 
The value is the same before and after calling `init_weights` of ImageClassifier  

backbone.Mixed_7b.branch3x3dbl_3a.conv.weight - torch.Size([384, 384, 1, 3]): 
TruncNormalInit: a=-2, b=2, mean=0, std=0.1, bias=0 

backbone.Mixed_7b.branch3x3dbl_3a.bn.weight - torch.Size([384]): 
The value is the same before and after calling `init_weights` of ImageClassifier  

backbone.Mixed_7b.branch3x3dbl_3a.bn.bias - torch.Size([384]): 
The value is the same before and after calling `init_weights` of ImageClassifier  

backbone.Mixed_7b.branch3x3dbl_3b.conv.weight - torch.Size([384, 384, 3, 1]): 
TruncNormalInit: a=-2, b=2, mean=0, std=0.1, bias=0 

backbone.Mixed_7b.branch3x3dbl_3b.bn.weight - torch.Size([384]): 
The value is the same before and after calling `init_weights` of ImageClassifier  

backbone.Mixed_7b.branch3x3dbl_3b.bn.bias - torch.Size([384]): 
The value is the same before and after calling `init_weights` of ImageClassifier  

backbone.Mixed_7b.branch_pool.conv.weight - torch.Size([192, 1280, 1, 1]): 
TruncNormalInit: a=-2, b=2, mean=0, std=0.1, bias=0 

backbone.Mixed_7b.branch_pool.bn.weight - torch.Size([192]): 
The value is the same before and after calling `init_weights` of ImageClassifier  

backbone.Mixed_7b.branch_pool.bn.bias - torch.Size([192]): 
The value is the same before and after calling `init_weights` of ImageClassifier  

backbone.Mixed_7c.branch1x1.conv.weight - torch.Size([320, 2048, 1, 1]): 
TruncNormalInit: a=-2, b=2, mean=0, std=0.1, bias=0 

backbone.Mixed_7c.branch1x1.bn.weight - torch.Size([320]): 
The value is the same before and after calling `init_weights` of ImageClassifier  

backbone.Mixed_7c.branch1x1.bn.bias - torch.Size([320]): 
The value is the same before and after calling `init_weights` of ImageClassifier  

backbone.Mixed_7c.branch3x3_1.conv.weight - torch.Size([384, 2048, 1, 1]): 
TruncNormalInit: a=-2, b=2, mean=0, std=0.1, bias=0 

backbone.Mixed_7c.branch3x3_1.bn.weight - torch.Size([384]): 
The value is the same before and after calling `init_weights` of ImageClassifier  

backbone.Mixed_7c.branch3x3_1.bn.bias - torch.Size([384]): 
The value is the same before and after calling `init_weights` of ImageClassifier  

backbone.Mixed_7c.branch3x3_2a.conv.weight - torch.Size([384, 384, 1, 3]): 
TruncNormalInit: a=-2, b=2, mean=0, std=0.1, bias=0 

backbone.Mixed_7c.branch3x3_2a.bn.weight - torch.Size([384]): 
The value is the same before and after calling `init_weights` of ImageClassifier  

backbone.Mixed_7c.branch3x3_2a.bn.bias - torch.Size([384]): 
The value is the same before and after calling `init_weights` of ImageClassifier  

backbone.Mixed_7c.branch3x3_2b.conv.weight - torch.Size([384, 384, 3, 1]): 
TruncNormalInit: a=-2, b=2, mean=0, std=0.1, bias=0 

backbone.Mixed_7c.branch3x3_2b.bn.weight - torch.Size([384]): 
The value is the same before and after calling `init_weights` of ImageClassifier  

backbone.Mixed_7c.branch3x3_2b.bn.bias - torch.Size([384]): 
The value is the same before and after calling `init_weights` of ImageClassifier  

backbone.Mixed_7c.branch3x3dbl_1.conv.weight - torch.Size([448, 2048, 1, 1]): 
TruncNormalInit: a=-2, b=2, mean=0, std=0.1, bias=0 

backbone.Mixed_7c.branch3x3dbl_1.bn.weight - torch.Size([448]): 
The value is the same before and after calling `init_weights` of ImageClassifier  

backbone.Mixed_7c.branch3x3dbl_1.bn.bias - torch.Size([448]): 
The value is the same before and after calling `init_weights` of ImageClassifier  

backbone.Mixed_7c.branch3x3dbl_2.conv.weight - torch.Size([384, 448, 3, 3]): 
TruncNormalInit: a=-2, b=2, mean=0, std=0.1, bias=0 

backbone.Mixed_7c.branch3x3dbl_2.bn.weight - torch.Size([384]): 
The value is the same before and after calling `init_weights` of ImageClassifier  

backbone.Mixed_7c.branch3x3dbl_2.bn.bias - torch.Size([384]): 
The value is the same before and after calling `init_weights` of ImageClassifier  

backbone.Mixed_7c.branch3x3dbl_3a.conv.weight - torch.Size([384, 384, 1, 3]): 
TruncNormalInit: a=-2, b=2, mean=0, std=0.1, bias=0 

backbone.Mixed_7c.branch3x3dbl_3a.bn.weight - torch.Size([384]): 
The value is the same before and after calling `init_weights` of ImageClassifier  

backbone.Mixed_7c.branch3x3dbl_3a.bn.bias - torch.Size([384]): 
The value is the same before and after calling `init_weights` of ImageClassifier  

backbone.Mixed_7c.branch3x3dbl_3b.conv.weight - torch.Size([384, 384, 3, 1]): 
TruncNormalInit: a=-2, b=2, mean=0, std=0.1, bias=0 

backbone.Mixed_7c.branch3x3dbl_3b.bn.weight - torch.Size([384]): 
The value is the same before and after calling `init_weights` of ImageClassifier  

backbone.Mixed_7c.branch3x3dbl_3b.bn.bias - torch.Size([384]): 
The value is the same before and after calling `init_weights` of ImageClassifier  

backbone.Mixed_7c.branch_pool.conv.weight - torch.Size([192, 2048, 1, 1]): 
TruncNormalInit: a=-2, b=2, mean=0, std=0.1, bias=0 

backbone.Mixed_7c.branch_pool.bn.weight - torch.Size([192]): 
The value is the same before and after calling `init_weights` of ImageClassifier  

backbone.Mixed_7c.branch_pool.bn.bias - torch.Size([192]): 
The value is the same before and after calling `init_weights` of ImageClassifier  

backbone.fc.weight - torch.Size([17, 2048]): 
TruncNormalInit: a=-2, b=2, mean=0, std=0.1, bias=0 

backbone.fc.bias - torch.Size([17]): 
TruncNormalInit: a=-2, b=2, mean=0, std=0.1, bias=0 
2024-04-04 09:49:24,424 - mmcls - INFO - Start running, host: ambr0se@gpu2-comp-111, work_dir: /userhome/cs2/ambr0se/COMP3340Project/CNN_Image_Classification_Code/output/inception_v3/inception_v3_flowers_bs16_lr0.01
2024-04-04 09:49:24,425 - mmcls - INFO - Hooks will be executed in the following order:
before_run:
(VERY_HIGH   ) StepLrUpdaterHook                  
(NORMAL      ) CheckpointHook                     
(NORMAL      ) EvalHook                           
(VERY_LOW    ) TextLoggerHook                     
 -------------------- 
before_train_epoch:
(VERY_HIGH   ) StepLrUpdaterHook                  
(NORMAL      ) EvalHook                           
(LOW         ) IterTimerHook                      
(VERY_LOW    ) TextLoggerHook                     
 -------------------- 
before_train_iter:
(VERY_HIGH   ) StepLrUpdaterHook                  
(NORMAL      ) EvalHook                           
(LOW         ) IterTimerHook                      
 -------------------- 
after_train_iter:
(ABOVE_NORMAL) OptimizerHook                      
(NORMAL      ) CheckpointHook                     
(NORMAL      ) EvalHook                           
(LOW         ) IterTimerHook                      
(VERY_LOW    ) TextLoggerHook                     
 -------------------- 
after_train_epoch:
(NORMAL      ) CheckpointHook                     
(NORMAL      ) EvalHook                           
(VERY_LOW    ) TextLoggerHook                     
 -------------------- 
before_val_epoch:
(LOW         ) IterTimerHook                      
(VERY_LOW    ) TextLoggerHook                     
 -------------------- 
before_val_iter:
(LOW         ) IterTimerHook                      
 -------------------- 
after_val_iter:
(LOW         ) IterTimerHook                      
 -------------------- 
after_val_epoch:
(VERY_LOW    ) TextLoggerHook                     
 -------------------- 
after_run:
(VERY_LOW    ) TextLoggerHook                     
 -------------------- 
2024-04-04 09:49:24,425 - mmcls - INFO - workflow: [('train', 1)], max: 200 epochs
2024-04-04 09:49:24,425 - mmcls - INFO - Checkpoints will be saved to /userhome/cs2/ambr0se/COMP3340Project/CNN_Image_Classification_Code/output/inception_v3/inception_v3_flowers_bs16_lr0.01 by HardDiskBackend.
2024-04-04 09:49:37,553 - mmcls - INFO - Epoch(val) [1][9]	accuracy_top-1: 16.1765, accuracy_top-5: 59.5588
2024-04-04 09:49:50,046 - mmcls - INFO - Epoch(val) [2][9]	accuracy_top-1: 19.1176, accuracy_top-5: 62.5000
2024-04-04 09:50:02,571 - mmcls - INFO - Epoch(val) [3][9]	accuracy_top-1: 25.0000, accuracy_top-5: 66.9118
2024-04-04 09:50:14,714 - mmcls - INFO - Epoch(val) [4][9]	accuracy_top-1: 22.7941, accuracy_top-5: 63.9706
2024-04-04 09:50:26,779 - mmcls - INFO - Epoch(val) [5][9]	accuracy_top-1: 29.4118, accuracy_top-5: 78.6765
2024-04-04 09:50:38,827 - mmcls - INFO - Epoch(val) [6][9]	accuracy_top-1: 33.0882, accuracy_top-5: 75.0000
2024-04-04 09:50:51,209 - mmcls - INFO - Epoch(val) [7][9]	accuracy_top-1: 34.5588, accuracy_top-5: 73.5294
2024-04-04 09:51:03,620 - mmcls - INFO - Epoch(val) [8][9]	accuracy_top-1: 30.8824, accuracy_top-5: 86.0294
2024-04-04 09:51:15,225 - mmcls - INFO - Epoch(val) [9][9]	accuracy_top-1: 30.8824, accuracy_top-5: 80.1471
2024-04-04 09:51:26,951 - mmcls - INFO - Epoch(val) [10][9]	accuracy_top-1: 33.8235, accuracy_top-5: 78.6765
2024-04-04 09:51:39,401 - mmcls - INFO - Epoch(val) [11][9]	accuracy_top-1: 39.7059, accuracy_top-5: 77.9412
2024-04-04 09:51:52,420 - mmcls - INFO - Epoch(val) [12][9]	accuracy_top-1: 31.6176, accuracy_top-5: 77.2059
2024-04-04 09:52:04,619 - mmcls - INFO - Epoch(val) [13][9]	accuracy_top-1: 27.2059, accuracy_top-5: 81.6176
2024-04-04 09:52:16,757 - mmcls - INFO - Epoch(val) [14][9]	accuracy_top-1: 32.3529, accuracy_top-5: 79.4118
2024-04-04 09:52:29,979 - mmcls - INFO - Epoch(val) [15][9]	accuracy_top-1: 33.0882, accuracy_top-5: 75.7353
2024-04-04 09:52:42,668 - mmcls - INFO - Epoch(val) [16][9]	accuracy_top-1: 41.1765, accuracy_top-5: 83.8235
2024-04-04 09:52:56,007 - mmcls - INFO - Epoch(val) [17][9]	accuracy_top-1: 40.4412, accuracy_top-5: 85.2941
2024-04-04 09:53:09,404 - mmcls - INFO - Epoch(val) [18][9]	accuracy_top-1: 43.3824, accuracy_top-5: 83.0882
2024-04-04 09:53:21,795 - mmcls - INFO - Epoch(val) [19][9]	accuracy_top-1: 41.9118, accuracy_top-5: 86.7647
2024-04-04 09:53:34,420 - mmcls - INFO - Epoch(val) [20][9]	accuracy_top-1: 51.4706, accuracy_top-5: 86.0294
2024-04-04 09:53:47,046 - mmcls - INFO - Epoch(val) [21][9]	accuracy_top-1: 44.1176, accuracy_top-5: 88.9706
2024-04-04 09:53:59,538 - mmcls - INFO - Epoch(val) [22][9]	accuracy_top-1: 50.0000, accuracy_top-5: 88.2353
2024-04-04 09:54:11,900 - mmcls - INFO - Epoch(val) [23][9]	accuracy_top-1: 49.2647, accuracy_top-5: 89.7059
2024-04-04 09:54:23,583 - mmcls - INFO - Epoch(val) [24][9]	accuracy_top-1: 44.8529, accuracy_top-5: 89.7059
2024-04-04 09:54:36,244 - mmcls - INFO - Epoch(val) [25][9]	accuracy_top-1: 51.4706, accuracy_top-5: 86.7647
2024-04-04 09:54:49,007 - mmcls - INFO - Epoch(val) [26][9]	accuracy_top-1: 50.7353, accuracy_top-5: 86.7647
2024-04-04 09:55:01,541 - mmcls - INFO - Epoch(val) [27][9]	accuracy_top-1: 52.2059, accuracy_top-5: 90.4412
2024-04-04 09:55:14,138 - mmcls - INFO - Epoch(val) [28][9]	accuracy_top-1: 55.8824, accuracy_top-5: 88.9706
2024-04-04 09:55:26,208 - mmcls - INFO - Epoch(val) [29][9]	accuracy_top-1: 50.7353, accuracy_top-5: 93.3824
2024-04-04 09:55:38,616 - mmcls - INFO - Epoch(val) [30][9]	accuracy_top-1: 50.7353, accuracy_top-5: 92.6471
2024-04-04 09:55:50,941 - mmcls - INFO - Epoch(val) [31][9]	accuracy_top-1: 57.3529, accuracy_top-5: 90.4412
2024-04-04 09:56:02,390 - mmcls - INFO - Epoch(val) [32][9]	accuracy_top-1: 56.6176, accuracy_top-5: 91.1765
2024-04-04 09:56:13,484 - mmcls - INFO - Epoch(val) [33][9]	accuracy_top-1: 59.5588, accuracy_top-5: 91.9118
2024-04-04 09:56:25,545 - mmcls - INFO - Epoch(val) [34][9]	accuracy_top-1: 52.9412, accuracy_top-5: 88.2353
2024-04-04 09:56:37,589 - mmcls - INFO - Epoch(val) [35][9]	accuracy_top-1: 55.1471, accuracy_top-5: 88.9706
2024-04-04 09:56:49,886 - mmcls - INFO - Epoch(val) [36][9]	accuracy_top-1: 60.2941, accuracy_top-5: 87.5000
2024-04-04 09:57:02,501 - mmcls - INFO - Epoch(val) [37][9]	accuracy_top-1: 58.8235, accuracy_top-5: 94.1176
2024-04-04 09:57:15,468 - mmcls - INFO - Epoch(val) [38][9]	accuracy_top-1: 62.5000, accuracy_top-5: 94.8529
2024-04-04 09:57:28,107 - mmcls - INFO - Epoch(val) [39][9]	accuracy_top-1: 68.3824, accuracy_top-5: 92.6471
2024-04-04 09:57:41,673 - mmcls - INFO - Epoch(val) [40][9]	accuracy_top-1: 58.0882, accuracy_top-5: 93.3824
2024-04-04 09:57:54,054 - mmcls - INFO - Epoch(val) [41][9]	accuracy_top-1: 56.6176, accuracy_top-5: 94.8529
2024-04-04 09:58:05,615 - mmcls - INFO - Epoch(val) [42][9]	accuracy_top-1: 61.0294, accuracy_top-5: 92.6471
2024-04-04 09:58:18,886 - mmcls - INFO - Epoch(val) [43][9]	accuracy_top-1: 63.9706, accuracy_top-5: 93.3824
2024-04-04 09:58:31,136 - mmcls - INFO - Epoch(val) [44][9]	accuracy_top-1: 66.1765, accuracy_top-5: 94.1176
2024-04-04 09:58:43,463 - mmcls - INFO - Epoch(val) [45][9]	accuracy_top-1: 59.5588, accuracy_top-5: 94.8529
2024-04-04 09:58:56,333 - mmcls - INFO - Epoch(val) [46][9]	accuracy_top-1: 67.6471, accuracy_top-5: 94.1176
2024-04-04 09:59:09,150 - mmcls - INFO - Epoch(val) [47][9]	accuracy_top-1: 66.1765, accuracy_top-5: 97.7941
2024-04-04 09:59:21,926 - mmcls - INFO - Epoch(val) [48][9]	accuracy_top-1: 63.2353, accuracy_top-5: 94.8529
2024-04-04 09:59:34,456 - mmcls - INFO - Epoch(val) [49][9]	accuracy_top-1: 64.7059, accuracy_top-5: 93.3824
2024-04-04 09:59:46,996 - mmcls - INFO - Epoch(val) [50][9]	accuracy_top-1: 65.4412, accuracy_top-5: 94.8529
2024-04-04 09:59:59,244 - mmcls - INFO - Epoch(val) [51][9]	accuracy_top-1: 66.1765, accuracy_top-5: 95.5882
2024-04-04 10:00:11,385 - mmcls - INFO - Epoch(val) [52][9]	accuracy_top-1: 66.1765, accuracy_top-5: 94.1176
2024-04-04 10:00:23,935 - mmcls - INFO - Epoch(val) [53][9]	accuracy_top-1: 65.4412, accuracy_top-5: 94.1176
2024-04-04 10:00:36,467 - mmcls - INFO - Epoch(val) [54][9]	accuracy_top-1: 62.5000, accuracy_top-5: 97.0588
2024-04-04 10:00:48,956 - mmcls - INFO - Epoch(val) [55][9]	accuracy_top-1: 61.0294, accuracy_top-5: 94.8529
2024-04-04 10:01:01,864 - mmcls - INFO - Epoch(val) [56][9]	accuracy_top-1: 69.1176, accuracy_top-5: 97.7941
2024-04-04 10:01:13,729 - mmcls - INFO - Epoch(val) [57][9]	accuracy_top-1: 67.6471, accuracy_top-5: 94.8529
2024-04-04 10:01:26,447 - mmcls - INFO - Epoch(val) [58][9]	accuracy_top-1: 64.7059, accuracy_top-5: 94.1176
2024-04-04 10:01:38,515 - mmcls - INFO - Epoch(val) [59][9]	accuracy_top-1: 64.7059, accuracy_top-5: 96.3235
2024-04-04 10:01:51,078 - mmcls - INFO - Epoch(val) [60][9]	accuracy_top-1: 69.8529, accuracy_top-5: 94.1176
2024-04-04 10:02:03,573 - mmcls - INFO - Epoch(val) [61][9]	accuracy_top-1: 72.0588, accuracy_top-5: 96.3235
2024-04-04 10:02:17,164 - mmcls - INFO - Epoch(val) [62][9]	accuracy_top-1: 70.5882, accuracy_top-5: 94.8529
2024-04-04 10:02:29,472 - mmcls - INFO - Epoch(val) [63][9]	accuracy_top-1: 69.8529, accuracy_top-5: 94.1176
2024-04-04 10:02:41,851 - mmcls - INFO - Epoch(val) [64][9]	accuracy_top-1: 67.6471, accuracy_top-5: 97.0588
2024-04-04 10:02:54,554 - mmcls - INFO - Epoch(val) [65][9]	accuracy_top-1: 69.1176, accuracy_top-5: 97.0588
2024-04-04 10:03:09,425 - mmcls - INFO - Epoch(val) [66][9]	accuracy_top-1: 70.5882, accuracy_top-5: 93.3824
2024-04-04 10:03:22,754 - mmcls - INFO - Epoch(val) [67][9]	accuracy_top-1: 71.3235, accuracy_top-5: 93.3824
2024-04-04 10:03:35,146 - mmcls - INFO - Epoch(val) [68][9]	accuracy_top-1: 69.1176, accuracy_top-5: 96.3235
2024-04-04 10:03:46,926 - mmcls - INFO - Epoch(val) [69][9]	accuracy_top-1: 69.8529, accuracy_top-5: 95.5882
2024-04-04 10:03:59,237 - mmcls - INFO - Epoch(val) [70][9]	accuracy_top-1: 69.1176, accuracy_top-5: 96.3235
2024-04-04 10:04:11,212 - mmcls - INFO - Epoch(val) [71][9]	accuracy_top-1: 66.9118, accuracy_top-5: 96.3235
2024-04-04 10:04:23,209 - mmcls - INFO - Epoch(val) [72][9]	accuracy_top-1: 66.9118, accuracy_top-5: 96.3235
2024-04-04 10:04:35,382 - mmcls - INFO - Epoch(val) [73][9]	accuracy_top-1: 71.3235, accuracy_top-5: 97.7941
2024-04-04 10:04:48,204 - mmcls - INFO - Epoch(val) [74][9]	accuracy_top-1: 75.7353, accuracy_top-5: 95.5882
2024-04-04 10:05:01,247 - mmcls - INFO - Epoch(val) [75][9]	accuracy_top-1: 71.3235, accuracy_top-5: 97.7941
2024-04-04 10:05:13,752 - mmcls - INFO - Epoch(val) [76][9]	accuracy_top-1: 68.3824, accuracy_top-5: 97.0588
2024-04-04 10:05:26,866 - mmcls - INFO - Epoch(val) [77][9]	accuracy_top-1: 68.3824, accuracy_top-5: 96.3235
2024-04-04 10:05:39,062 - mmcls - INFO - Epoch(val) [78][9]	accuracy_top-1: 68.3824, accuracy_top-5: 97.7941
2024-04-04 10:05:51,540 - mmcls - INFO - Epoch(val) [79][9]	accuracy_top-1: 72.0588, accuracy_top-5: 97.0588
2024-04-04 10:06:04,049 - mmcls - INFO - Epoch(val) [80][9]	accuracy_top-1: 67.6471, accuracy_top-5: 94.1176
2024-04-04 10:06:17,244 - mmcls - INFO - Epoch(val) [81][9]	accuracy_top-1: 73.5294, accuracy_top-5: 95.5882
2024-04-04 10:06:31,237 - mmcls - INFO - Epoch(val) [82][9]	accuracy_top-1: 74.2647, accuracy_top-5: 96.3235
2024-04-04 10:06:44,276 - mmcls - INFO - Epoch(val) [83][9]	accuracy_top-1: 72.7941, accuracy_top-5: 95.5882
2024-04-04 10:06:56,420 - mmcls - INFO - Epoch(val) [84][9]	accuracy_top-1: 72.7941, accuracy_top-5: 97.0588
2024-04-04 10:07:09,176 - mmcls - INFO - Epoch(val) [85][9]	accuracy_top-1: 71.3235, accuracy_top-5: 97.0588
2024-04-04 10:07:21,678 - mmcls - INFO - Epoch(val) [86][9]	accuracy_top-1: 69.8529, accuracy_top-5: 97.0588
2024-04-04 10:07:34,233 - mmcls - INFO - Epoch(val) [87][9]	accuracy_top-1: 75.7353, accuracy_top-5: 98.5294
2024-04-04 10:07:47,101 - mmcls - INFO - Epoch(val) [88][9]	accuracy_top-1: 72.7941, accuracy_top-5: 98.5294
2024-04-04 10:08:00,050 - mmcls - INFO - Epoch(val) [89][9]	accuracy_top-1: 70.5882, accuracy_top-5: 96.3235
2024-04-04 10:08:13,596 - mmcls - INFO - Epoch(val) [90][9]	accuracy_top-1: 73.5294, accuracy_top-5: 98.5294
2024-04-04 10:08:26,151 - mmcls - INFO - Epoch(val) [91][9]	accuracy_top-1: 73.5294, accuracy_top-5: 97.7941
2024-04-04 10:08:38,363 - mmcls - INFO - Epoch(val) [92][9]	accuracy_top-1: 72.0588, accuracy_top-5: 97.0588
2024-04-04 10:08:50,651 - mmcls - INFO - Epoch(val) [93][9]	accuracy_top-1: 75.0000, accuracy_top-5: 97.7941
2024-04-04 10:09:03,512 - mmcls - INFO - Epoch(val) [94][9]	accuracy_top-1: 77.2059, accuracy_top-5: 98.5294
2024-04-04 10:09:15,879 - mmcls - INFO - Epoch(val) [95][9]	accuracy_top-1: 77.2059, accuracy_top-5: 97.7941
2024-04-04 10:09:29,010 - mmcls - INFO - Epoch(val) [96][9]	accuracy_top-1: 72.7941, accuracy_top-5: 98.5294
2024-04-04 10:09:41,366 - mmcls - INFO - Epoch(val) [97][9]	accuracy_top-1: 74.2647, accuracy_top-5: 97.0588
2024-04-04 10:09:53,661 - mmcls - INFO - Epoch(val) [98][9]	accuracy_top-1: 73.5294, accuracy_top-5: 97.7941
2024-04-04 10:10:06,747 - mmcls - INFO - Epoch(val) [99][9]	accuracy_top-1: 77.9412, accuracy_top-5: 98.5294
2024-04-04 10:10:16,822 - mmcls - INFO - Saving checkpoint at 100 epochs
2024-04-04 10:10:19,039 - mmcls - INFO - Epoch(val) [100][9]	accuracy_top-1: 74.2647, accuracy_top-5: 97.0588
2024-04-04 10:10:32,518 - mmcls - INFO - Epoch(val) [101][9]	accuracy_top-1: 75.0000, accuracy_top-5: 96.3235
2024-04-04 10:10:46,466 - mmcls - INFO - Epoch(val) [102][9]	accuracy_top-1: 77.9412, accuracy_top-5: 97.7941
2024-04-04 10:10:59,161 - mmcls - INFO - Epoch(val) [103][9]	accuracy_top-1: 77.9412, accuracy_top-5: 97.0588
2024-04-04 10:11:11,540 - mmcls - INFO - Epoch(val) [104][9]	accuracy_top-1: 79.4118, accuracy_top-5: 98.5294
2024-04-04 10:11:23,510 - mmcls - INFO - Epoch(val) [105][9]	accuracy_top-1: 77.2059, accuracy_top-5: 98.5294
2024-04-04 10:11:35,235 - mmcls - INFO - Epoch(val) [106][9]	accuracy_top-1: 75.7353, accuracy_top-5: 97.7941
2024-04-04 10:11:48,056 - mmcls - INFO - Epoch(val) [107][9]	accuracy_top-1: 75.7353, accuracy_top-5: 97.7941
2024-04-04 10:12:00,473 - mmcls - INFO - Epoch(val) [108][9]	accuracy_top-1: 79.4118, accuracy_top-5: 98.5294
2024-04-04 10:12:12,564 - mmcls - INFO - Epoch(val) [109][9]	accuracy_top-1: 77.9412, accuracy_top-5: 98.5294
2024-04-04 10:12:24,828 - mmcls - INFO - Epoch(val) [110][9]	accuracy_top-1: 79.4118, accuracy_top-5: 98.5294
2024-04-04 10:12:37,304 - mmcls - INFO - Epoch(val) [111][9]	accuracy_top-1: 77.2059, accuracy_top-5: 99.2647
2024-04-04 10:12:49,209 - mmcls - INFO - Epoch(val) [112][9]	accuracy_top-1: 77.9412, accuracy_top-5: 99.2647
2024-04-04 10:13:01,616 - mmcls - INFO - Epoch(val) [113][9]	accuracy_top-1: 79.4118, accuracy_top-5: 97.7941
2024-04-04 10:13:13,876 - mmcls - INFO - Epoch(val) [114][9]	accuracy_top-1: 78.6765, accuracy_top-5: 98.5294
2024-04-04 10:13:27,041 - mmcls - INFO - Epoch(val) [115][9]	accuracy_top-1: 76.4706, accuracy_top-5: 98.5294
2024-04-04 10:13:39,594 - mmcls - INFO - Epoch(val) [116][9]	accuracy_top-1: 76.4706, accuracy_top-5: 98.5294
2024-04-04 10:13:51,922 - mmcls - INFO - Epoch(val) [117][9]	accuracy_top-1: 77.9412, accuracy_top-5: 97.7941
2024-04-04 10:14:04,779 - mmcls - INFO - Epoch(val) [118][9]	accuracy_top-1: 77.9412, accuracy_top-5: 99.2647
2024-04-04 10:14:17,218 - mmcls - INFO - Epoch(val) [119][9]	accuracy_top-1: 77.9412, accuracy_top-5: 99.2647
2024-04-04 10:14:29,423 - mmcls - INFO - Epoch(val) [120][9]	accuracy_top-1: 76.4706, accuracy_top-5: 99.2647
2024-04-04 10:14:42,912 - mmcls - INFO - Epoch(val) [121][9]	accuracy_top-1: 77.2059, accuracy_top-5: 98.5294
2024-04-04 10:14:54,267 - mmcls - INFO - Epoch(val) [122][9]	accuracy_top-1: 77.2059, accuracy_top-5: 99.2647
2024-04-04 10:15:07,681 - mmcls - INFO - Epoch(val) [123][9]	accuracy_top-1: 78.6765, accuracy_top-5: 99.2647
2024-04-04 10:15:19,877 - mmcls - INFO - Epoch(val) [124][9]	accuracy_top-1: 80.1471, accuracy_top-5: 99.2647
2024-04-04 10:15:32,208 - mmcls - INFO - Epoch(val) [125][9]	accuracy_top-1: 77.2059, accuracy_top-5: 98.5294
2024-04-04 10:15:45,248 - mmcls - INFO - Epoch(val) [126][9]	accuracy_top-1: 77.9412, accuracy_top-5: 99.2647
2024-04-04 10:15:58,803 - mmcls - INFO - Epoch(val) [127][9]	accuracy_top-1: 77.2059, accuracy_top-5: 99.2647
2024-04-04 10:16:10,992 - mmcls - INFO - Epoch(val) [128][9]	accuracy_top-1: 77.9412, accuracy_top-5: 99.2647
2024-04-04 10:16:23,809 - mmcls - INFO - Epoch(val) [129][9]	accuracy_top-1: 77.2059, accuracy_top-5: 99.2647
2024-04-04 10:16:36,214 - mmcls - INFO - Epoch(val) [130][9]	accuracy_top-1: 78.6765, accuracy_top-5: 99.2647
2024-04-04 10:16:48,346 - mmcls - INFO - Epoch(val) [131][9]	accuracy_top-1: 81.6176, accuracy_top-5: 98.5294
2024-04-04 10:17:00,889 - mmcls - INFO - Epoch(val) [132][9]	accuracy_top-1: 80.8824, accuracy_top-5: 99.2647
2024-04-04 10:17:12,950 - mmcls - INFO - Epoch(val) [133][9]	accuracy_top-1: 77.9412, accuracy_top-5: 98.5294
2024-04-04 10:17:25,748 - mmcls - INFO - Epoch(val) [134][9]	accuracy_top-1: 77.9412, accuracy_top-5: 98.5294
2024-04-04 10:17:38,366 - mmcls - INFO - Epoch(val) [135][9]	accuracy_top-1: 77.9412, accuracy_top-5: 98.5294
2024-04-04 10:17:50,661 - mmcls - INFO - Epoch(val) [136][9]	accuracy_top-1: 79.4118, accuracy_top-5: 98.5294
2024-04-04 10:18:03,571 - mmcls - INFO - Epoch(val) [137][9]	accuracy_top-1: 77.9412, accuracy_top-5: 99.2647
2024-04-04 10:18:15,857 - mmcls - INFO - Epoch(val) [138][9]	accuracy_top-1: 77.9412, accuracy_top-5: 99.2647
2024-04-04 10:18:28,190 - mmcls - INFO - Epoch(val) [139][9]	accuracy_top-1: 78.6765, accuracy_top-5: 97.7941
2024-04-04 10:18:40,397 - mmcls - INFO - Epoch(val) [140][9]	accuracy_top-1: 78.6765, accuracy_top-5: 98.5294
2024-04-04 10:18:52,448 - mmcls - INFO - Epoch(val) [141][9]	accuracy_top-1: 78.6765, accuracy_top-5: 98.5294
2024-04-04 10:19:04,724 - mmcls - INFO - Epoch(val) [142][9]	accuracy_top-1: 77.9412, accuracy_top-5: 99.2647
2024-04-04 10:19:17,841 - mmcls - INFO - Epoch(val) [143][9]	accuracy_top-1: 77.9412, accuracy_top-5: 98.5294
2024-04-04 10:19:29,345 - mmcls - INFO - Epoch(val) [144][9]	accuracy_top-1: 78.6765, accuracy_top-5: 99.2647
2024-04-04 10:19:42,291 - mmcls - INFO - Epoch(val) [145][9]	accuracy_top-1: 77.2059, accuracy_top-5: 99.2647
2024-04-04 10:19:54,350 - mmcls - INFO - Epoch(val) [146][9]	accuracy_top-1: 76.4706, accuracy_top-5: 99.2647
2024-04-04 10:20:07,382 - mmcls - INFO - Epoch(val) [147][9]	accuracy_top-1: 77.9412, accuracy_top-5: 99.2647
2024-04-04 10:20:20,046 - mmcls - INFO - Epoch(val) [148][9]	accuracy_top-1: 79.4118, accuracy_top-5: 98.5294
2024-04-04 10:20:31,858 - mmcls - INFO - Epoch(val) [149][9]	accuracy_top-1: 78.6765, accuracy_top-5: 99.2647
2024-04-04 10:20:43,424 - mmcls - INFO - Epoch(val) [150][9]	accuracy_top-1: 77.9412, accuracy_top-5: 98.5294
2024-04-04 10:20:56,407 - mmcls - INFO - Epoch(val) [151][9]	accuracy_top-1: 77.9412, accuracy_top-5: 98.5294
2024-04-04 10:21:08,937 - mmcls - INFO - Epoch(val) [152][9]	accuracy_top-1: 77.9412, accuracy_top-5: 98.5294
2024-04-04 10:21:21,309 - mmcls - INFO - Epoch(val) [153][9]	accuracy_top-1: 79.4118, accuracy_top-5: 98.5294
2024-04-04 10:21:34,344 - mmcls - INFO - Epoch(val) [154][9]	accuracy_top-1: 78.6765, accuracy_top-5: 97.7941
2024-04-04 10:21:46,109 - mmcls - INFO - Epoch(val) [155][9]	accuracy_top-1: 78.6765, accuracy_top-5: 98.5294
2024-04-04 10:21:58,541 - mmcls - INFO - Epoch(val) [156][9]	accuracy_top-1: 78.6765, accuracy_top-5: 97.7941
2024-04-04 10:22:10,955 - mmcls - INFO - Epoch(val) [157][9]	accuracy_top-1: 78.6765, accuracy_top-5: 99.2647
2024-04-04 10:22:23,744 - mmcls - INFO - Epoch(val) [158][9]	accuracy_top-1: 77.9412, accuracy_top-5: 98.5294
2024-04-04 10:22:36,429 - mmcls - INFO - Epoch(val) [159][9]	accuracy_top-1: 77.2059, accuracy_top-5: 96.3235
2024-04-04 10:22:49,792 - mmcls - INFO - Epoch(val) [160][9]	accuracy_top-1: 77.9412, accuracy_top-5: 97.0588
2024-04-04 10:23:01,823 - mmcls - INFO - Epoch(val) [161][9]	accuracy_top-1: 78.6765, accuracy_top-5: 97.7941
2024-04-04 10:23:14,159 - mmcls - INFO - Epoch(val) [162][9]	accuracy_top-1: 77.2059, accuracy_top-5: 98.5294
2024-04-04 10:23:26,042 - mmcls - INFO - Epoch(val) [163][9]	accuracy_top-1: 80.1471, accuracy_top-5: 98.5294
2024-04-04 10:23:37,816 - mmcls - INFO - Epoch(val) [164][9]	accuracy_top-1: 77.9412, accuracy_top-5: 98.5294
2024-04-04 10:23:50,364 - mmcls - INFO - Epoch(val) [165][9]	accuracy_top-1: 78.6765, accuracy_top-5: 99.2647
2024-04-04 10:24:02,622 - mmcls - INFO - Epoch(val) [166][9]	accuracy_top-1: 77.9412, accuracy_top-5: 98.5294
2024-04-04 10:24:14,564 - mmcls - INFO - Epoch(val) [167][9]	accuracy_top-1: 77.9412, accuracy_top-5: 99.2647
2024-04-04 10:24:26,866 - mmcls - INFO - Epoch(val) [168][9]	accuracy_top-1: 77.9412, accuracy_top-5: 97.0588
2024-04-04 10:24:39,642 - mmcls - INFO - Epoch(val) [169][9]	accuracy_top-1: 78.6765, accuracy_top-5: 98.5294
2024-04-04 10:24:53,401 - mmcls - INFO - Epoch(val) [170][9]	accuracy_top-1: 77.2059, accuracy_top-5: 97.7941
2024-04-04 10:25:05,618 - mmcls - INFO - Epoch(val) [171][9]	accuracy_top-1: 79.4118, accuracy_top-5: 99.2647
2024-04-04 10:25:17,615 - mmcls - INFO - Epoch(val) [172][9]	accuracy_top-1: 78.6765, accuracy_top-5: 97.0588
2024-04-04 10:25:29,217 - mmcls - INFO - Epoch(val) [173][9]	accuracy_top-1: 78.6765, accuracy_top-5: 98.5294
2024-04-04 10:25:41,692 - mmcls - INFO - Epoch(val) [174][9]	accuracy_top-1: 80.8824, accuracy_top-5: 97.7941
2024-04-04 10:25:54,566 - mmcls - INFO - Epoch(val) [175][9]	accuracy_top-1: 78.6765, accuracy_top-5: 99.2647
2024-04-04 10:26:06,542 - mmcls - INFO - Epoch(val) [176][9]	accuracy_top-1: 77.9412, accuracy_top-5: 97.0588
2024-04-04 10:26:18,478 - mmcls - INFO - Epoch(val) [177][9]	accuracy_top-1: 80.1471, accuracy_top-5: 98.5294
2024-04-04 10:26:31,882 - mmcls - INFO - Epoch(val) [178][9]	accuracy_top-1: 77.9412, accuracy_top-5: 99.2647
2024-04-04 10:26:44,861 - mmcls - INFO - Epoch(val) [179][9]	accuracy_top-1: 77.9412, accuracy_top-5: 99.2647
2024-04-04 10:26:57,039 - mmcls - INFO - Epoch(val) [180][9]	accuracy_top-1: 79.4118, accuracy_top-5: 99.2647
2024-04-04 10:27:09,692 - mmcls - INFO - Epoch(val) [181][9]	accuracy_top-1: 77.2059, accuracy_top-5: 99.2647
2024-04-04 10:27:21,534 - mmcls - INFO - Epoch(val) [182][9]	accuracy_top-1: 78.6765, accuracy_top-5: 98.5294
2024-04-04 10:27:33,756 - mmcls - INFO - Epoch(val) [183][9]	accuracy_top-1: 80.1471, accuracy_top-5: 99.2647
2024-04-04 10:27:46,085 - mmcls - INFO - Epoch(val) [184][9]	accuracy_top-1: 77.9412, accuracy_top-5: 99.2647
2024-04-04 10:27:58,287 - mmcls - INFO - Epoch(val) [185][9]	accuracy_top-1: 78.6765, accuracy_top-5: 98.5294
2024-04-04 10:28:10,580 - mmcls - INFO - Epoch(val) [186][9]	accuracy_top-1: 79.4118, accuracy_top-5: 97.7941
2024-04-04 10:28:22,875 - mmcls - INFO - Epoch(val) [187][9]	accuracy_top-1: 78.6765, accuracy_top-5: 99.2647
2024-04-04 10:28:34,853 - mmcls - INFO - Epoch(val) [188][9]	accuracy_top-1: 78.6765, accuracy_top-5: 99.2647
2024-04-04 10:28:47,251 - mmcls - INFO - Epoch(val) [189][9]	accuracy_top-1: 76.4706, accuracy_top-5: 98.5294
2024-04-04 10:29:00,041 - mmcls - INFO - Epoch(val) [190][9]	accuracy_top-1: 80.1471, accuracy_top-5: 99.2647
2024-04-04 10:29:12,562 - mmcls - INFO - Epoch(val) [191][9]	accuracy_top-1: 77.9412, accuracy_top-5: 98.5294
2024-04-04 10:29:25,773 - mmcls - INFO - Epoch(val) [192][9]	accuracy_top-1: 80.1471, accuracy_top-5: 98.5294
2024-04-04 10:29:37,882 - mmcls - INFO - Epoch(val) [193][9]	accuracy_top-1: 77.9412, accuracy_top-5: 99.2647
2024-04-04 10:29:50,339 - mmcls - INFO - Epoch(val) [194][9]	accuracy_top-1: 79.4118, accuracy_top-5: 98.5294
2024-04-04 10:30:03,210 - mmcls - INFO - Epoch(val) [195][9]	accuracy_top-1: 78.6765, accuracy_top-5: 99.2647
2024-04-04 10:30:15,771 - mmcls - INFO - Epoch(val) [196][9]	accuracy_top-1: 77.9412, accuracy_top-5: 98.5294
2024-04-04 10:30:28,609 - mmcls - INFO - Epoch(val) [197][9]	accuracy_top-1: 77.9412, accuracy_top-5: 99.2647
2024-04-04 10:30:41,055 - mmcls - INFO - Epoch(val) [198][9]	accuracy_top-1: 78.6765, accuracy_top-5: 99.2647
2024-04-04 10:30:54,240 - mmcls - INFO - Epoch(val) [199][9]	accuracy_top-1: 78.6765, accuracy_top-5: 99.2647
2024-04-04 10:31:05,648 - mmcls - INFO - Saving checkpoint at 200 epochs
2024-04-04 10:31:07,978 - mmcls - INFO - Epoch(val) [200][9]	accuracy_top-1: 78.6765, accuracy_top-5: 99.2647
