2024-04-12 16:46:34,852 - mmcls - INFO - Environment info:
------------------------------------------------------------
sys.platform: linux
Python: 3.7.16 (default, Jan 17 2023, 22:20:44) [GCC 11.2.0]
CUDA available: True
GPU 0: NVIDIA GeForce RTX 2080 Ti
CUDA_HOME: /usr/local/cuda
NVCC: Cuda compilation tools, release 11.8, V11.8.89
GCC: gcc (Ubuntu 11.4.0-1ubuntu1~22.04) 11.4.0
PyTorch: 1.7.1
PyTorch compiling details: PyTorch built with:
  - GCC 7.3
  - C++ Version: 201402
  - Intel(R) oneAPI Math Kernel Library Version 2021.4-Product Build 20210904 for Intel(R) 64 architecture applications
  - Intel(R) MKL-DNN v1.6.0 (Git Hash 5ef631a030a6f73131c77892041042805a06064f)
  - OpenMP 201511 (a.k.a. OpenMP 4.5)
  - NNPACK is enabled
  - CPU capability usage: AVX2
  - CUDA Runtime 10.1
  - NVCC architecture flags: -gencode;arch=compute_37,code=sm_37;-gencode;arch=compute_50,code=sm_50;-gencode;arch=compute_60,code=sm_60;-gencode;arch=compute_61,code=sm_61;-gencode;arch=compute_70,code=sm_70;-gencode;arch=compute_75,code=sm_75;-gencode;arch=compute_37,code=compute_37
  - CuDNN 7.6.3
  - Magma 2.5.2
  - Build settings: BLAS=MKL, BUILD_TYPE=Release, CXX_FLAGS= -Wno-deprecated -fvisibility-inlines-hidden -DUSE_PTHREADPOOL -fopenmp -DNDEBUG -DUSE_FBGEMM -DUSE_QNNPACK -DUSE_PYTORCH_QNNPACK -DUSE_XNNPACK -DUSE_VULKAN_WRAPPER -O2 -fPIC -Wno-narrowing -Wall -Wextra -Werror=return-type -Wno-missing-field-initializers -Wno-type-limits -Wno-array-bounds -Wno-unknown-pragmas -Wno-sign-compare -Wno-unused-parameter -Wno-unused-variable -Wno-unused-function -Wno-unused-result -Wno-unused-local-typedefs -Wno-strict-overflow -Wno-strict-aliasing -Wno-error=deprecated-declarations -Wno-stringop-overflow -Wno-psabi -Wno-error=pedantic -Wno-error=redundant-decls -Wno-error=old-style-cast -fdiagnostics-color=always -faligned-new -Wno-unused-but-set-variable -Wno-maybe-uninitialized -fno-math-errno -fno-trapping-math -Werror=format -Wno-stringop-overflow, PERF_WITH_AVX=1, PERF_WITH_AVX2=1, PERF_WITH_AVX512=1, USE_CUDA=ON, USE_EXCEPTION_PTR=1, USE_GFLAGS=OFF, USE_GLOG=OFF, USE_MKL=ON, USE_MKLDNN=ON, USE_MPI=OFF, USE_NCCL=ON, USE_NNPACK=ON, USE_OPENMP=ON, 

TorchVision: 0.8.2
OpenCV: 4.9.0
MMCV: 1.5.0
MMCV Compiler: GCC 11.4
MMCV CUDA Compiler: 11.8
MMClassification: 0.15.0+f73ae63
------------------------------------------------------------

2024-04-12 16:46:34,854 - mmcls - INFO - Distributed training: False
2024-04-12 16:46:35,090 - mmcls - INFO - Config:
model = dict(
    type='ImageClassifier',
    backbone=dict(
        return_tuple=False,
        type='VisionTransformer',
        num_layers=12,
        embed_dim=768,
        num_heads=12,
        img_size=224,
        patch_size=16,
        in_channels=3,
        feedforward_channels=3072,
        drop_rate=0.1,
        attn_drop_rate=0.0),
    neck=None,
    head=dict(
        type='VisionTransformerClsHead',
        num_classes=17,
        in_channels=768,
        hidden_dim=3072,
        loss=dict(type='LabelSmoothLoss', label_smooth_val=0.1),
        topk=(1, 5)),
    train_cfg=dict(
        augments=dict(type='BatchMixup', alpha=0.2, num_classes=17, prob=1.0)))
dataset_type = 'Flowers'
img_norm_cfg = dict(
    mean=[123.675, 116.28, 103.53], std=[58.395, 57.12, 57.375], to_rgb=True)
train_pipeline = [
    dict(type='LoadImageFromFile'),
    dict(type='RandomResizedCrop', size=224),
    dict(type='RandomFlip', flip_prob=0.5, direction='horizontal'),
    dict(
        type='Normalize',
        mean=[123.675, 116.28, 103.53],
        std=[58.395, 57.12, 57.375],
        to_rgb=True),
    dict(type='ImageToTensor', keys=['img']),
    dict(type='ToTensor', keys=['gt_label']),
    dict(type='Collect', keys=['img', 'gt_label'])
]
test_pipeline = [
    dict(type='LoadImageFromFile'),
    dict(type='Resize', size=(256, -1)),
    dict(type='CenterCrop', crop_size=224),
    dict(
        type='Normalize',
        mean=[123.675, 116.28, 103.53],
        std=[58.395, 57.12, 57.375],
        to_rgb=True),
    dict(type='ImageToTensor', keys=['img']),
    dict(type='Collect', keys=['img'])
]
data = dict(
    samples_per_gpu=32,
    workers_per_gpu=1,
    train=dict(
        type='Flowers',
        data_prefix='data/flowers/train',
        ann_file='data/flowers/meta/train.txt',
        pipeline=[
            dict(type='LoadImageFromFile'),
            dict(type='RandomResizedCrop', size=224),
            dict(type='RandomFlip', flip_prob=0.5, direction='horizontal'),
            dict(
                type='Normalize',
                mean=[123.675, 116.28, 103.53],
                std=[58.395, 57.12, 57.375],
                to_rgb=True),
            dict(type='ImageToTensor', keys=['img']),
            dict(type='ToTensor', keys=['gt_label']),
            dict(type='Collect', keys=['img', 'gt_label'])
        ]),
    val=dict(
        type='Flowers',
        data_prefix='data/flowers/val',
        ann_file='data/flowers/meta/val.txt',
        pipeline=[
            dict(type='LoadImageFromFile'),
            dict(type='Resize', size=(256, -1)),
            dict(type='CenterCrop', crop_size=224),
            dict(
                type='Normalize',
                mean=[123.675, 116.28, 103.53],
                std=[58.395, 57.12, 57.375],
                to_rgb=True),
            dict(type='ImageToTensor', keys=['img']),
            dict(type='Collect', keys=['img'])
        ]),
    test=dict(
        type='Flowers',
        data_prefix='data/flowers/test',
        ann_file='data/flowers/meta/test.txt',
        pipeline=[
            dict(type='LoadImageFromFile'),
            dict(type='Resize', size=(256, -1)),
            dict(type='CenterCrop', crop_size=224),
            dict(
                type='Normalize',
                mean=[123.675, 116.28, 103.53],
                std=[58.395, 57.12, 57.375],
                to_rgb=True),
            dict(type='ImageToTensor', keys=['img']),
            dict(type='Collect', keys=['img'])
        ]))
evaluation = dict(interval=1, metric='accuracy')
paramwise_cfg = dict(
    norm_decay_mult=0.0,
    bias_decay_mult=0.0,
    custom_keys=dict({
        '.absolute_pos_embed': dict(decay_mult=0.0),
        '.relative_position_bias_table': dict(decay_mult=0.0)
    }))
optimizer = dict(
    type='AdamW',
    lr=0.0001,
    weight_decay=0.05,
    eps=1e-08,
    betas=(0.9, 0.999),
    paramwise_cfg=dict(
        norm_decay_mult=0.0,
        bias_decay_mult=0.0,
        custom_keys=dict({
            '.absolute_pos_embed': dict(decay_mult=0.0),
            '.relative_position_bias_table': dict(decay_mult=0.0)
        })))
optimizer_config = dict(grad_clip=dict(max_norm=5.0))
lr_config = dict(
    policy='CosineAnnealing',
    by_epoch=False,
    min_lr_ratio=0.01,
    warmup='linear',
    warmup_ratio=0.001,
    warmup_iters=102,
    warmup_by_epoch=False)
runner = dict(type='EpochBasedRunner', max_epochs=200)
checkpoint_config = dict(interval=100)
log_config = dict(interval=100, hooks=[dict(type='TextLoggerHook')])
dist_params = dict(backend='nccl')
log_level = 'INFO'
load_from = None
resume_from = None
workflow = [('train', 1)]
work_dir = 'output/vit/lr0.0001/vit_base_patch16_224_fromscratch_flowers'
gpu_ids = range(0, 1)

Name of parameter - Initialization information

backbone.cls_token - torch.Size([1, 1, 768]): 
The value is the same before and after calling `init_weights` of ImageClassifier  

backbone.pos_embed - torch.Size([1, 197, 768]): 
Initialized by user-defined `init_weights` in VisionTransformer  

backbone.patch_embed.projection.weight - torch.Size([768, 3, 16, 16]): 
Initialized by user-defined `init_weights` in PatchEmbed  

backbone.patch_embed.projection.bias - torch.Size([768]): 
The value is the same before and after calling `init_weights` of ImageClassifier  

backbone.layers.0.ln1.weight - torch.Size([768]): 
The value is the same before and after calling `init_weights` of ImageClassifier  

backbone.layers.0.ln1.bias - torch.Size([768]): 
The value is the same before and after calling `init_weights` of ImageClassifier  

backbone.layers.0.attn.attn.in_proj_weight - torch.Size([2304, 768]): 
The value is the same before and after calling `init_weights` of ImageClassifier  

backbone.layers.0.attn.attn.in_proj_bias - torch.Size([2304]): 
The value is the same before and after calling `init_weights` of ImageClassifier  

backbone.layers.0.attn.attn.out_proj.weight - torch.Size([768, 768]): 
The value is the same before and after calling `init_weights` of ImageClassifier  

backbone.layers.0.attn.attn.out_proj.bias - torch.Size([768]): 
The value is the same before and after calling `init_weights` of ImageClassifier  

backbone.layers.0.ln2.weight - torch.Size([768]): 
The value is the same before and after calling `init_weights` of ImageClassifier  

backbone.layers.0.ln2.bias - torch.Size([768]): 
The value is the same before and after calling `init_weights` of ImageClassifier  

backbone.layers.0.mlp.layers.0.0.weight - torch.Size([3072, 768]): 
The value is the same before and after calling `init_weights` of ImageClassifier  

backbone.layers.0.mlp.layers.0.0.bias - torch.Size([3072]): 
The value is the same before and after calling `init_weights` of ImageClassifier  

backbone.layers.0.mlp.layers.1.weight - torch.Size([768, 3072]): 
The value is the same before and after calling `init_weights` of ImageClassifier  

backbone.layers.0.mlp.layers.1.bias - torch.Size([768]): 
The value is the same before and after calling `init_weights` of ImageClassifier  

backbone.layers.1.ln1.weight - torch.Size([768]): 
The value is the same before and after calling `init_weights` of ImageClassifier  

backbone.layers.1.ln1.bias - torch.Size([768]): 
The value is the same before and after calling `init_weights` of ImageClassifier  

backbone.layers.1.attn.attn.in_proj_weight - torch.Size([2304, 768]): 
The value is the same before and after calling `init_weights` of ImageClassifier  

backbone.layers.1.attn.attn.in_proj_bias - torch.Size([2304]): 
The value is the same before and after calling `init_weights` of ImageClassifier  

backbone.layers.1.attn.attn.out_proj.weight - torch.Size([768, 768]): 
The value is the same before and after calling `init_weights` of ImageClassifier  

backbone.layers.1.attn.attn.out_proj.bias - torch.Size([768]): 
The value is the same before and after calling `init_weights` of ImageClassifier  

backbone.layers.1.ln2.weight - torch.Size([768]): 
The value is the same before and after calling `init_weights` of ImageClassifier  

backbone.layers.1.ln2.bias - torch.Size([768]): 
The value is the same before and after calling `init_weights` of ImageClassifier  

backbone.layers.1.mlp.layers.0.0.weight - torch.Size([3072, 768]): 
The value is the same before and after calling `init_weights` of ImageClassifier  

backbone.layers.1.mlp.layers.0.0.bias - torch.Size([3072]): 
The value is the same before and after calling `init_weights` of ImageClassifier  

backbone.layers.1.mlp.layers.1.weight - torch.Size([768, 3072]): 
The value is the same before and after calling `init_weights` of ImageClassifier  

backbone.layers.1.mlp.layers.1.bias - torch.Size([768]): 
The value is the same before and after calling `init_weights` of ImageClassifier  

backbone.layers.2.ln1.weight - torch.Size([768]): 
The value is the same before and after calling `init_weights` of ImageClassifier  

backbone.layers.2.ln1.bias - torch.Size([768]): 
The value is the same before and after calling `init_weights` of ImageClassifier  

backbone.layers.2.attn.attn.in_proj_weight - torch.Size([2304, 768]): 
The value is the same before and after calling `init_weights` of ImageClassifier  

backbone.layers.2.attn.attn.in_proj_bias - torch.Size([2304]): 
The value is the same before and after calling `init_weights` of ImageClassifier  

backbone.layers.2.attn.attn.out_proj.weight - torch.Size([768, 768]): 
The value is the same before and after calling `init_weights` of ImageClassifier  

backbone.layers.2.attn.attn.out_proj.bias - torch.Size([768]): 
The value is the same before and after calling `init_weights` of ImageClassifier  

backbone.layers.2.ln2.weight - torch.Size([768]): 
The value is the same before and after calling `init_weights` of ImageClassifier  

backbone.layers.2.ln2.bias - torch.Size([768]): 
The value is the same before and after calling `init_weights` of ImageClassifier  

backbone.layers.2.mlp.layers.0.0.weight - torch.Size([3072, 768]): 
The value is the same before and after calling `init_weights` of ImageClassifier  

backbone.layers.2.mlp.layers.0.0.bias - torch.Size([3072]): 
The value is the same before and after calling `init_weights` of ImageClassifier  

backbone.layers.2.mlp.layers.1.weight - torch.Size([768, 3072]): 
The value is the same before and after calling `init_weights` of ImageClassifier  

backbone.layers.2.mlp.layers.1.bias - torch.Size([768]): 
The value is the same before and after calling `init_weights` of ImageClassifier  

backbone.layers.3.ln1.weight - torch.Size([768]): 
The value is the same before and after calling `init_weights` of ImageClassifier  

backbone.layers.3.ln1.bias - torch.Size([768]): 
The value is the same before and after calling `init_weights` of ImageClassifier  

backbone.layers.3.attn.attn.in_proj_weight - torch.Size([2304, 768]): 
The value is the same before and after calling `init_weights` of ImageClassifier  

backbone.layers.3.attn.attn.in_proj_bias - torch.Size([2304]): 
The value is the same before and after calling `init_weights` of ImageClassifier  

backbone.layers.3.attn.attn.out_proj.weight - torch.Size([768, 768]): 
The value is the same before and after calling `init_weights` of ImageClassifier  

backbone.layers.3.attn.attn.out_proj.bias - torch.Size([768]): 
The value is the same before and after calling `init_weights` of ImageClassifier  

backbone.layers.3.ln2.weight - torch.Size([768]): 
The value is the same before and after calling `init_weights` of ImageClassifier  

backbone.layers.3.ln2.bias - torch.Size([768]): 
The value is the same before and after calling `init_weights` of ImageClassifier  

backbone.layers.3.mlp.layers.0.0.weight - torch.Size([3072, 768]): 
The value is the same before and after calling `init_weights` of ImageClassifier  

backbone.layers.3.mlp.layers.0.0.bias - torch.Size([3072]): 
The value is the same before and after calling `init_weights` of ImageClassifier  

backbone.layers.3.mlp.layers.1.weight - torch.Size([768, 3072]): 
The value is the same before and after calling `init_weights` of ImageClassifier  

backbone.layers.3.mlp.layers.1.bias - torch.Size([768]): 
The value is the same before and after calling `init_weights` of ImageClassifier  

backbone.layers.4.ln1.weight - torch.Size([768]): 
The value is the same before and after calling `init_weights` of ImageClassifier  

backbone.layers.4.ln1.bias - torch.Size([768]): 
The value is the same before and after calling `init_weights` of ImageClassifier  

backbone.layers.4.attn.attn.in_proj_weight - torch.Size([2304, 768]): 
The value is the same before and after calling `init_weights` of ImageClassifier  

backbone.layers.4.attn.attn.in_proj_bias - torch.Size([2304]): 
The value is the same before and after calling `init_weights` of ImageClassifier  

backbone.layers.4.attn.attn.out_proj.weight - torch.Size([768, 768]): 
The value is the same before and after calling `init_weights` of ImageClassifier  

backbone.layers.4.attn.attn.out_proj.bias - torch.Size([768]): 
The value is the same before and after calling `init_weights` of ImageClassifier  

backbone.layers.4.ln2.weight - torch.Size([768]): 
The value is the same before and after calling `init_weights` of ImageClassifier  

backbone.layers.4.ln2.bias - torch.Size([768]): 
The value is the same before and after calling `init_weights` of ImageClassifier  

backbone.layers.4.mlp.layers.0.0.weight - torch.Size([3072, 768]): 
The value is the same before and after calling `init_weights` of ImageClassifier  

backbone.layers.4.mlp.layers.0.0.bias - torch.Size([3072]): 
The value is the same before and after calling `init_weights` of ImageClassifier  

backbone.layers.4.mlp.layers.1.weight - torch.Size([768, 3072]): 
The value is the same before and after calling `init_weights` of ImageClassifier  

backbone.layers.4.mlp.layers.1.bias - torch.Size([768]): 
The value is the same before and after calling `init_weights` of ImageClassifier  

backbone.layers.5.ln1.weight - torch.Size([768]): 
The value is the same before and after calling `init_weights` of ImageClassifier  

backbone.layers.5.ln1.bias - torch.Size([768]): 
The value is the same before and after calling `init_weights` of ImageClassifier  

backbone.layers.5.attn.attn.in_proj_weight - torch.Size([2304, 768]): 
The value is the same before and after calling `init_weights` of ImageClassifier  

backbone.layers.5.attn.attn.in_proj_bias - torch.Size([2304]): 
The value is the same before and after calling `init_weights` of ImageClassifier  

backbone.layers.5.attn.attn.out_proj.weight - torch.Size([768, 768]): 
The value is the same before and after calling `init_weights` of ImageClassifier  

backbone.layers.5.attn.attn.out_proj.bias - torch.Size([768]): 
The value is the same before and after calling `init_weights` of ImageClassifier  

backbone.layers.5.ln2.weight - torch.Size([768]): 
The value is the same before and after calling `init_weights` of ImageClassifier  

backbone.layers.5.ln2.bias - torch.Size([768]): 
The value is the same before and after calling `init_weights` of ImageClassifier  

backbone.layers.5.mlp.layers.0.0.weight - torch.Size([3072, 768]): 
The value is the same before and after calling `init_weights` of ImageClassifier  

backbone.layers.5.mlp.layers.0.0.bias - torch.Size([3072]): 
The value is the same before and after calling `init_weights` of ImageClassifier  

backbone.layers.5.mlp.layers.1.weight - torch.Size([768, 3072]): 
The value is the same before and after calling `init_weights` of ImageClassifier  

backbone.layers.5.mlp.layers.1.bias - torch.Size([768]): 
The value is the same before and after calling `init_weights` of ImageClassifier  

backbone.layers.6.ln1.weight - torch.Size([768]): 
The value is the same before and after calling `init_weights` of ImageClassifier  

backbone.layers.6.ln1.bias - torch.Size([768]): 
The value is the same before and after calling `init_weights` of ImageClassifier  

backbone.layers.6.attn.attn.in_proj_weight - torch.Size([2304, 768]): 
The value is the same before and after calling `init_weights` of ImageClassifier  

backbone.layers.6.attn.attn.in_proj_bias - torch.Size([2304]): 
The value is the same before and after calling `init_weights` of ImageClassifier  

backbone.layers.6.attn.attn.out_proj.weight - torch.Size([768, 768]): 
The value is the same before and after calling `init_weights` of ImageClassifier  

backbone.layers.6.attn.attn.out_proj.bias - torch.Size([768]): 
The value is the same before and after calling `init_weights` of ImageClassifier  

backbone.layers.6.ln2.weight - torch.Size([768]): 
The value is the same before and after calling `init_weights` of ImageClassifier  

backbone.layers.6.ln2.bias - torch.Size([768]): 
The value is the same before and after calling `init_weights` of ImageClassifier  

backbone.layers.6.mlp.layers.0.0.weight - torch.Size([3072, 768]): 
The value is the same before and after calling `init_weights` of ImageClassifier  

backbone.layers.6.mlp.layers.0.0.bias - torch.Size([3072]): 
The value is the same before and after calling `init_weights` of ImageClassifier  

backbone.layers.6.mlp.layers.1.weight - torch.Size([768, 3072]): 
The value is the same before and after calling `init_weights` of ImageClassifier  

backbone.layers.6.mlp.layers.1.bias - torch.Size([768]): 
The value is the same before and after calling `init_weights` of ImageClassifier  

backbone.layers.7.ln1.weight - torch.Size([768]): 
The value is the same before and after calling `init_weights` of ImageClassifier  

backbone.layers.7.ln1.bias - torch.Size([768]): 
The value is the same before and after calling `init_weights` of ImageClassifier  

backbone.layers.7.attn.attn.in_proj_weight - torch.Size([2304, 768]): 
The value is the same before and after calling `init_weights` of ImageClassifier  

backbone.layers.7.attn.attn.in_proj_bias - torch.Size([2304]): 
The value is the same before and after calling `init_weights` of ImageClassifier  

backbone.layers.7.attn.attn.out_proj.weight - torch.Size([768, 768]): 
The value is the same before and after calling `init_weights` of ImageClassifier  

backbone.layers.7.attn.attn.out_proj.bias - torch.Size([768]): 
The value is the same before and after calling `init_weights` of ImageClassifier  

backbone.layers.7.ln2.weight - torch.Size([768]): 
The value is the same before and after calling `init_weights` of ImageClassifier  

backbone.layers.7.ln2.bias - torch.Size([768]): 
The value is the same before and after calling `init_weights` of ImageClassifier  

backbone.layers.7.mlp.layers.0.0.weight - torch.Size([3072, 768]): 
The value is the same before and after calling `init_weights` of ImageClassifier  

backbone.layers.7.mlp.layers.0.0.bias - torch.Size([3072]): 
The value is the same before and after calling `init_weights` of ImageClassifier  

backbone.layers.7.mlp.layers.1.weight - torch.Size([768, 3072]): 
The value is the same before and after calling `init_weights` of ImageClassifier  

backbone.layers.7.mlp.layers.1.bias - torch.Size([768]): 
The value is the same before and after calling `init_weights` of ImageClassifier  

backbone.layers.8.ln1.weight - torch.Size([768]): 
The value is the same before and after calling `init_weights` of ImageClassifier  

backbone.layers.8.ln1.bias - torch.Size([768]): 
The value is the same before and after calling `init_weights` of ImageClassifier  

backbone.layers.8.attn.attn.in_proj_weight - torch.Size([2304, 768]): 
The value is the same before and after calling `init_weights` of ImageClassifier  

backbone.layers.8.attn.attn.in_proj_bias - torch.Size([2304]): 
The value is the same before and after calling `init_weights` of ImageClassifier  

backbone.layers.8.attn.attn.out_proj.weight - torch.Size([768, 768]): 
The value is the same before and after calling `init_weights` of ImageClassifier  

backbone.layers.8.attn.attn.out_proj.bias - torch.Size([768]): 
The value is the same before and after calling `init_weights` of ImageClassifier  

backbone.layers.8.ln2.weight - torch.Size([768]): 
The value is the same before and after calling `init_weights` of ImageClassifier  

backbone.layers.8.ln2.bias - torch.Size([768]): 
The value is the same before and after calling `init_weights` of ImageClassifier  

backbone.layers.8.mlp.layers.0.0.weight - torch.Size([3072, 768]): 
The value is the same before and after calling `init_weights` of ImageClassifier  

backbone.layers.8.mlp.layers.0.0.bias - torch.Size([3072]): 
The value is the same before and after calling `init_weights` of ImageClassifier  

backbone.layers.8.mlp.layers.1.weight - torch.Size([768, 3072]): 
The value is the same before and after calling `init_weights` of ImageClassifier  

backbone.layers.8.mlp.layers.1.bias - torch.Size([768]): 
The value is the same before and after calling `init_weights` of ImageClassifier  

backbone.layers.9.ln1.weight - torch.Size([768]): 
The value is the same before and after calling `init_weights` of ImageClassifier  

backbone.layers.9.ln1.bias - torch.Size([768]): 
The value is the same before and after calling `init_weights` of ImageClassifier  

backbone.layers.9.attn.attn.in_proj_weight - torch.Size([2304, 768]): 
The value is the same before and after calling `init_weights` of ImageClassifier  

backbone.layers.9.attn.attn.in_proj_bias - torch.Size([2304]): 
The value is the same before and after calling `init_weights` of ImageClassifier  

backbone.layers.9.attn.attn.out_proj.weight - torch.Size([768, 768]): 
The value is the same before and after calling `init_weights` of ImageClassifier  

backbone.layers.9.attn.attn.out_proj.bias - torch.Size([768]): 
The value is the same before and after calling `init_weights` of ImageClassifier  

backbone.layers.9.ln2.weight - torch.Size([768]): 
The value is the same before and after calling `init_weights` of ImageClassifier  

backbone.layers.9.ln2.bias - torch.Size([768]): 
The value is the same before and after calling `init_weights` of ImageClassifier  

backbone.layers.9.mlp.layers.0.0.weight - torch.Size([3072, 768]): 
The value is the same before and after calling `init_weights` of ImageClassifier  

backbone.layers.9.mlp.layers.0.0.bias - torch.Size([3072]): 
The value is the same before and after calling `init_weights` of ImageClassifier  

backbone.layers.9.mlp.layers.1.weight - torch.Size([768, 3072]): 
The value is the same before and after calling `init_weights` of ImageClassifier  

backbone.layers.9.mlp.layers.1.bias - torch.Size([768]): 
The value is the same before and after calling `init_weights` of ImageClassifier  

backbone.layers.10.ln1.weight - torch.Size([768]): 
The value is the same before and after calling `init_weights` of ImageClassifier  

backbone.layers.10.ln1.bias - torch.Size([768]): 
The value is the same before and after calling `init_weights` of ImageClassifier  

backbone.layers.10.attn.attn.in_proj_weight - torch.Size([2304, 768]): 
The value is the same before and after calling `init_weights` of ImageClassifier  

backbone.layers.10.attn.attn.in_proj_bias - torch.Size([2304]): 
The value is the same before and after calling `init_weights` of ImageClassifier  

backbone.layers.10.attn.attn.out_proj.weight - torch.Size([768, 768]): 
The value is the same before and after calling `init_weights` of ImageClassifier  

backbone.layers.10.attn.attn.out_proj.bias - torch.Size([768]): 
The value is the same before and after calling `init_weights` of ImageClassifier  

backbone.layers.10.ln2.weight - torch.Size([768]): 
The value is the same before and after calling `init_weights` of ImageClassifier  

backbone.layers.10.ln2.bias - torch.Size([768]): 
The value is the same before and after calling `init_weights` of ImageClassifier  

backbone.layers.10.mlp.layers.0.0.weight - torch.Size([3072, 768]): 
The value is the same before and after calling `init_weights` of ImageClassifier  

backbone.layers.10.mlp.layers.0.0.bias - torch.Size([3072]): 
The value is the same before and after calling `init_weights` of ImageClassifier  

backbone.layers.10.mlp.layers.1.weight - torch.Size([768, 3072]): 
The value is the same before and after calling `init_weights` of ImageClassifier  

backbone.layers.10.mlp.layers.1.bias - torch.Size([768]): 
The value is the same before and after calling `init_weights` of ImageClassifier  

backbone.layers.11.ln1.weight - torch.Size([768]): 
The value is the same before and after calling `init_weights` of ImageClassifier  

backbone.layers.11.ln1.bias - torch.Size([768]): 
The value is the same before and after calling `init_weights` of ImageClassifier  

backbone.layers.11.attn.attn.in_proj_weight - torch.Size([2304, 768]): 
The value is the same before and after calling `init_weights` of ImageClassifier  

backbone.layers.11.attn.attn.in_proj_bias - torch.Size([2304]): 
The value is the same before and after calling `init_weights` of ImageClassifier  

backbone.layers.11.attn.attn.out_proj.weight - torch.Size([768, 768]): 
The value is the same before and after calling `init_weights` of ImageClassifier  

backbone.layers.11.attn.attn.out_proj.bias - torch.Size([768]): 
The value is the same before and after calling `init_weights` of ImageClassifier  

backbone.layers.11.ln2.weight - torch.Size([768]): 
The value is the same before and after calling `init_weights` of ImageClassifier  

backbone.layers.11.ln2.bias - torch.Size([768]): 
The value is the same before and after calling `init_weights` of ImageClassifier  

backbone.layers.11.mlp.layers.0.0.weight - torch.Size([3072, 768]): 
The value is the same before and after calling `init_weights` of ImageClassifier  

backbone.layers.11.mlp.layers.0.0.bias - torch.Size([3072]): 
The value is the same before and after calling `init_weights` of ImageClassifier  

backbone.layers.11.mlp.layers.1.weight - torch.Size([768, 3072]): 
The value is the same before and after calling `init_weights` of ImageClassifier  

backbone.layers.11.mlp.layers.1.bias - torch.Size([768]): 
The value is the same before and after calling `init_weights` of ImageClassifier  

backbone.ln1.weight - torch.Size([768]): 
The value is the same before and after calling `init_weights` of ImageClassifier  

backbone.ln1.bias - torch.Size([768]): 
The value is the same before and after calling `init_weights` of ImageClassifier  

head.layers.pre_logits.weight - torch.Size([3072, 768]): 
Initialized by user-defined `init_weights` in VisionTransformerClsHead  

head.layers.pre_logits.bias - torch.Size([3072]): 
Initialized by user-defined `init_weights` in VisionTransformerClsHead  

head.layers.head.weight - torch.Size([17, 3072]): 
Initialized by user-defined `init_weights` in VisionTransformerClsHead  

head.layers.head.bias - torch.Size([17]): 
Initialized by user-defined `init_weights` in VisionTransformerClsHead  
2024-04-12 16:47:11,294 - mmcls - INFO - Start running, host: angusf77@gpu2-comp-117, work_dir: /userhome/cs2/angusf77/Projects/COMP3340Project/CNN_Image_Classification_Code/output/vit/lr0.0001/vit_base_patch16_224_fromscratch_flowers
2024-04-12 16:47:11,296 - mmcls - INFO - Hooks will be executed in the following order:
before_run:
(VERY_HIGH   ) CosineAnnealingLrUpdaterHook       
(NORMAL      ) CheckpointHook                     
(NORMAL      ) EvalHook                           
(VERY_LOW    ) TextLoggerHook                     
 -------------------- 
before_train_epoch:
(VERY_HIGH   ) CosineAnnealingLrUpdaterHook       
(NORMAL      ) EvalHook                           
(LOW         ) IterTimerHook                      
(VERY_LOW    ) TextLoggerHook                     
 -------------------- 
before_train_iter:
(VERY_HIGH   ) CosineAnnealingLrUpdaterHook       
(NORMAL      ) EvalHook                           
(LOW         ) IterTimerHook                      
 -------------------- 
after_train_iter:
(ABOVE_NORMAL) OptimizerHook                      
(NORMAL      ) CheckpointHook                     
(NORMAL      ) EvalHook                           
(LOW         ) IterTimerHook                      
(VERY_LOW    ) TextLoggerHook                     
 -------------------- 
after_train_epoch:
(NORMAL      ) CheckpointHook                     
(NORMAL      ) EvalHook                           
(VERY_LOW    ) TextLoggerHook                     
 -------------------- 
before_val_epoch:
(LOW         ) IterTimerHook                      
(VERY_LOW    ) TextLoggerHook                     
 -------------------- 
before_val_iter:
(LOW         ) IterTimerHook                      
 -------------------- 
after_val_iter:
(LOW         ) IterTimerHook                      
 -------------------- 
after_val_epoch:
(VERY_LOW    ) TextLoggerHook                     
 -------------------- 
after_run:
(VERY_LOW    ) TextLoggerHook                     
 -------------------- 
2024-04-12 16:47:11,296 - mmcls - INFO - workflow: [('train', 1)], max: 200 epochs
2024-04-12 16:47:11,297 - mmcls - INFO - Checkpoints will be saved to /userhome/cs2/angusf77/Projects/COMP3340Project/CNN_Image_Classification_Code/output/vit/lr0.0001/vit_base_patch16_224_fromscratch_flowers by HardDiskBackend.
2024-04-12 16:48:12,653 - mmcls - INFO - Epoch(val) [1][5]	accuracy_top-1: 14.7059, accuracy_top-5: 72.7941
2024-04-12 16:48:30,909 - mmcls - INFO - Epoch(val) [2][5]	accuracy_top-1: 27.9412, accuracy_top-5: 80.1471
2024-04-12 16:48:49,331 - mmcls - INFO - Epoch(val) [3][5]	accuracy_top-1: 33.8235, accuracy_top-5: 88.2353
2024-04-12 16:49:08,024 - mmcls - INFO - Epoch(val) [4][5]	accuracy_top-1: 34.5588, accuracy_top-5: 91.9118
2024-04-12 16:49:26,732 - mmcls - INFO - Epoch(val) [5][5]	accuracy_top-1: 44.1176, accuracy_top-5: 89.7059
2024-04-12 16:49:45,666 - mmcls - INFO - Epoch(val) [6][5]	accuracy_top-1: 47.7941, accuracy_top-5: 88.9706
2024-04-12 16:50:04,694 - mmcls - INFO - Epoch(val) [7][5]	accuracy_top-1: 46.3235, accuracy_top-5: 89.7059
2024-04-12 16:50:24,068 - mmcls - INFO - Epoch(val) [8][5]	accuracy_top-1: 48.5294, accuracy_top-5: 88.9706
2024-04-12 16:50:43,295 - mmcls - INFO - Epoch(val) [9][5]	accuracy_top-1: 56.6176, accuracy_top-5: 91.1765
2024-04-12 16:51:02,534 - mmcls - INFO - Epoch(val) [10][5]	accuracy_top-1: 57.3529, accuracy_top-5: 93.3824
2024-04-12 16:51:21,972 - mmcls - INFO - Epoch(val) [11][5]	accuracy_top-1: 57.3529, accuracy_top-5: 91.9118
2024-04-12 16:51:41,401 - mmcls - INFO - Epoch(val) [12][5]	accuracy_top-1: 52.2059, accuracy_top-5: 91.1765
2024-04-12 16:52:00,780 - mmcls - INFO - Epoch(val) [13][5]	accuracy_top-1: 58.0882, accuracy_top-5: 92.6471
2024-04-12 16:52:20,370 - mmcls - INFO - Epoch(val) [14][5]	accuracy_top-1: 58.8235, accuracy_top-5: 91.1765
2024-04-12 16:52:39,800 - mmcls - INFO - Epoch(val) [15][5]	accuracy_top-1: 59.5588, accuracy_top-5: 95.5882
2024-04-12 16:52:58,988 - mmcls - INFO - Epoch(val) [16][5]	accuracy_top-1: 64.7059, accuracy_top-5: 91.9118
2024-04-12 16:53:18,279 - mmcls - INFO - Epoch(val) [17][5]	accuracy_top-1: 64.7059, accuracy_top-5: 94.8529
2024-04-12 16:53:37,744 - mmcls - INFO - Epoch(val) [18][5]	accuracy_top-1: 67.6471, accuracy_top-5: 94.8529
2024-04-12 16:53:56,869 - mmcls - INFO - Epoch(val) [19][5]	accuracy_top-1: 68.3824, accuracy_top-5: 97.0588
2024-04-12 16:54:16,040 - mmcls - INFO - Epoch(val) [20][5]	accuracy_top-1: 66.9118, accuracy_top-5: 97.0588
2024-04-12 16:54:35,555 - mmcls - INFO - Epoch(val) [21][5]	accuracy_top-1: 66.9118, accuracy_top-5: 95.5882
2024-04-12 16:54:54,624 - mmcls - INFO - Epoch(val) [22][5]	accuracy_top-1: 64.7059, accuracy_top-5: 96.3235
2024-04-12 16:55:13,815 - mmcls - INFO - Epoch(val) [23][5]	accuracy_top-1: 65.4412, accuracy_top-5: 97.0588
2024-04-12 16:55:33,055 - mmcls - INFO - Epoch(val) [24][5]	accuracy_top-1: 74.2647, accuracy_top-5: 95.5882
2024-04-12 16:55:52,265 - mmcls - INFO - Epoch(val) [25][5]	accuracy_top-1: 72.7941, accuracy_top-5: 96.3235
2024-04-12 16:56:11,467 - mmcls - INFO - Epoch(val) [26][5]	accuracy_top-1: 68.3824, accuracy_top-5: 93.3824
2024-04-12 16:56:30,801 - mmcls - INFO - Epoch(val) [27][5]	accuracy_top-1: 72.0588, accuracy_top-5: 94.8529
2024-04-12 16:56:50,101 - mmcls - INFO - Epoch(val) [28][5]	accuracy_top-1: 63.9706, accuracy_top-5: 97.0588
2024-04-12 16:57:09,495 - mmcls - INFO - Epoch(val) [29][5]	accuracy_top-1: 67.6471, accuracy_top-5: 94.1176
2024-04-12 16:57:28,760 - mmcls - INFO - Epoch(val) [30][5]	accuracy_top-1: 69.1176, accuracy_top-5: 96.3235
2024-04-12 16:57:48,127 - mmcls - INFO - Epoch(val) [31][5]	accuracy_top-1: 73.5294, accuracy_top-5: 96.3235
2024-04-12 16:58:07,393 - mmcls - INFO - Epoch(val) [32][5]	accuracy_top-1: 73.5294, accuracy_top-5: 98.5294
2024-04-12 16:58:26,474 - mmcls - INFO - Epoch(val) [33][5]	accuracy_top-1: 66.1765, accuracy_top-5: 96.3235
2024-04-12 16:58:45,715 - mmcls - INFO - Epoch(val) [34][5]	accuracy_top-1: 72.0588, accuracy_top-5: 97.7941
2024-04-12 16:59:04,962 - mmcls - INFO - Epoch(val) [35][5]	accuracy_top-1: 61.7647, accuracy_top-5: 96.3235
2024-04-12 16:59:24,205 - mmcls - INFO - Epoch(val) [36][5]	accuracy_top-1: 75.0000, accuracy_top-5: 94.8529
2024-04-12 16:59:43,428 - mmcls - INFO - Epoch(val) [37][5]	accuracy_top-1: 74.2647, accuracy_top-5: 97.0588
2024-04-12 17:00:01,959 - mmcls - INFO - Epoch(val) [38][5]	accuracy_top-1: 72.0588, accuracy_top-5: 97.7941
2024-04-12 17:00:20,620 - mmcls - INFO - Epoch(val) [39][5]	accuracy_top-1: 71.3235, accuracy_top-5: 94.1176
2024-04-12 17:00:39,805 - mmcls - INFO - Epoch(val) [40][5]	accuracy_top-1: 69.8529, accuracy_top-5: 95.5882
2024-04-12 17:00:58,782 - mmcls - INFO - Epoch(val) [41][5]	accuracy_top-1: 74.2647, accuracy_top-5: 97.7941
2024-04-12 17:01:18,031 - mmcls - INFO - Epoch(val) [42][5]	accuracy_top-1: 74.2647, accuracy_top-5: 97.0588
2024-04-12 17:01:37,334 - mmcls - INFO - Epoch(val) [43][5]	accuracy_top-1: 76.4706, accuracy_top-5: 96.3235
2024-04-12 17:01:55,960 - mmcls - INFO - Epoch(val) [44][5]	accuracy_top-1: 75.0000, accuracy_top-5: 94.8529
2024-04-12 17:02:14,745 - mmcls - INFO - Epoch(val) [45][5]	accuracy_top-1: 74.2647, accuracy_top-5: 97.0588
2024-04-12 17:02:33,754 - mmcls - INFO - Epoch(val) [46][5]	accuracy_top-1: 79.4118, accuracy_top-5: 97.7941
2024-04-12 17:02:53,558 - mmcls - INFO - Epoch(val) [47][5]	accuracy_top-1: 77.2059, accuracy_top-5: 94.1176
2024-04-12 17:03:13,063 - mmcls - INFO - Epoch(val) [48][5]	accuracy_top-1: 75.0000, accuracy_top-5: 97.0588
2024-04-12 17:03:32,730 - mmcls - INFO - Epoch(val) [49][5]	accuracy_top-1: 75.0000, accuracy_top-5: 96.3235
2024-04-12 17:03:52,504 - mmcls - INFO - Epoch(val) [50][5]	accuracy_top-1: 75.0000, accuracy_top-5: 95.5882
2024-04-12 17:04:12,177 - mmcls - INFO - Epoch(val) [51][5]	accuracy_top-1: 73.5294, accuracy_top-5: 95.5882
2024-04-12 17:04:31,870 - mmcls - INFO - Epoch(val) [52][5]	accuracy_top-1: 77.2059, accuracy_top-5: 92.6471
2024-04-12 17:04:51,672 - mmcls - INFO - Epoch(val) [53][5]	accuracy_top-1: 75.7353, accuracy_top-5: 95.5882
2024-04-12 17:05:10,629 - mmcls - INFO - Epoch(val) [54][5]	accuracy_top-1: 76.4706, accuracy_top-5: 96.3235
2024-04-12 17:05:30,030 - mmcls - INFO - Epoch(val) [55][5]	accuracy_top-1: 74.2647, accuracy_top-5: 95.5882
2024-04-12 17:05:49,723 - mmcls - INFO - Epoch(val) [56][5]	accuracy_top-1: 74.2647, accuracy_top-5: 95.5882
2024-04-12 17:06:09,668 - mmcls - INFO - Epoch(val) [57][5]	accuracy_top-1: 77.2059, accuracy_top-5: 97.0588
2024-04-12 17:06:29,792 - mmcls - INFO - Epoch(val) [58][5]	accuracy_top-1: 69.1176, accuracy_top-5: 96.3235
2024-04-12 17:06:49,497 - mmcls - INFO - Epoch(val) [59][5]	accuracy_top-1: 74.2647, accuracy_top-5: 97.0588
2024-04-12 17:07:09,306 - mmcls - INFO - Epoch(val) [60][5]	accuracy_top-1: 75.7353, accuracy_top-5: 97.7941
2024-04-12 17:07:29,181 - mmcls - INFO - Epoch(val) [61][5]	accuracy_top-1: 76.4706, accuracy_top-5: 95.5882
2024-04-12 17:07:48,982 - mmcls - INFO - Epoch(val) [62][5]	accuracy_top-1: 71.3235, accuracy_top-5: 96.3235
2024-04-12 17:08:08,520 - mmcls - INFO - Epoch(val) [63][5]	accuracy_top-1: 74.2647, accuracy_top-5: 95.5882
2024-04-12 17:08:28,073 - mmcls - INFO - Epoch(val) [64][5]	accuracy_top-1: 77.2059, accuracy_top-5: 95.5882
2024-04-12 17:08:47,678 - mmcls - INFO - Epoch(val) [65][5]	accuracy_top-1: 75.0000, accuracy_top-5: 94.1176
2024-04-12 17:09:06,850 - mmcls - INFO - Epoch(val) [66][5]	accuracy_top-1: 75.7353, accuracy_top-5: 94.8529
2024-04-12 17:09:26,213 - mmcls - INFO - Epoch(val) [67][5]	accuracy_top-1: 72.0588, accuracy_top-5: 94.8529
2024-04-12 17:09:45,709 - mmcls - INFO - Epoch(val) [68][5]	accuracy_top-1: 72.0588, accuracy_top-5: 95.5882
2024-04-12 17:10:04,869 - mmcls - INFO - Epoch(val) [69][5]	accuracy_top-1: 80.8824, accuracy_top-5: 96.3235
2024-04-12 17:10:24,343 - mmcls - INFO - Epoch(val) [70][5]	accuracy_top-1: 75.0000, accuracy_top-5: 98.5294
2024-04-12 17:10:44,299 - mmcls - INFO - Epoch(val) [71][5]	accuracy_top-1: 77.2059, accuracy_top-5: 95.5882
2024-04-12 17:11:04,043 - mmcls - INFO - Epoch(val) [72][5]	accuracy_top-1: 77.9412, accuracy_top-5: 94.8529
2024-04-12 17:11:23,753 - mmcls - INFO - Epoch(val) [73][5]	accuracy_top-1: 78.6765, accuracy_top-5: 96.3235
2024-04-12 17:11:43,387 - mmcls - INFO - Epoch(val) [74][5]	accuracy_top-1: 72.7941, accuracy_top-5: 96.3235
2024-04-12 17:12:02,335 - mmcls - INFO - Epoch(val) [75][5]	accuracy_top-1: 77.2059, accuracy_top-5: 98.5294
2024-04-12 17:12:21,787 - mmcls - INFO - Epoch(val) [76][5]	accuracy_top-1: 80.8824, accuracy_top-5: 95.5882
2024-04-12 17:12:41,798 - mmcls - INFO - Epoch(val) [77][5]	accuracy_top-1: 77.2059, accuracy_top-5: 95.5882
2024-04-12 17:13:01,562 - mmcls - INFO - Epoch(val) [78][5]	accuracy_top-1: 76.4706, accuracy_top-5: 96.3235
2024-04-12 17:13:21,261 - mmcls - INFO - Epoch(val) [79][5]	accuracy_top-1: 78.6765, accuracy_top-5: 96.3235
2024-04-12 17:13:40,272 - mmcls - INFO - Epoch(val) [80][5]	accuracy_top-1: 77.2059, accuracy_top-5: 95.5882
2024-04-12 17:13:59,551 - mmcls - INFO - Epoch(val) [81][5]	accuracy_top-1: 75.0000, accuracy_top-5: 95.5882
2024-04-12 17:14:19,307 - mmcls - INFO - Epoch(val) [82][5]	accuracy_top-1: 78.6765, accuracy_top-5: 98.5294
2024-04-12 17:14:38,869 - mmcls - INFO - Epoch(val) [83][5]	accuracy_top-1: 75.7353, accuracy_top-5: 97.0588
2024-04-12 17:14:58,349 - mmcls - INFO - Epoch(val) [84][5]	accuracy_top-1: 77.9412, accuracy_top-5: 96.3235
2024-04-12 17:15:17,793 - mmcls - INFO - Epoch(val) [85][5]	accuracy_top-1: 77.2059, accuracy_top-5: 96.3235
2024-04-12 17:15:37,601 - mmcls - INFO - Epoch(val) [86][5]	accuracy_top-1: 78.6765, accuracy_top-5: 96.3235
2024-04-12 17:15:56,938 - mmcls - INFO - Epoch(val) [87][5]	accuracy_top-1: 75.7353, accuracy_top-5: 97.7941
2024-04-12 17:16:16,346 - mmcls - INFO - Epoch(val) [88][5]	accuracy_top-1: 75.0000, accuracy_top-5: 96.3235
2024-04-12 17:16:35,548 - mmcls - INFO - Epoch(val) [89][5]	accuracy_top-1: 78.6765, accuracy_top-5: 95.5882
2024-04-12 17:16:54,905 - mmcls - INFO - Epoch(val) [90][5]	accuracy_top-1: 75.7353, accuracy_top-5: 96.3235
2024-04-12 17:17:14,245 - mmcls - INFO - Epoch(val) [91][5]	accuracy_top-1: 79.4118, accuracy_top-5: 97.7941
2024-04-12 17:17:33,494 - mmcls - INFO - Epoch(val) [92][5]	accuracy_top-1: 78.6765, accuracy_top-5: 97.0588
2024-04-12 17:17:52,795 - mmcls - INFO - Epoch(val) [93][5]	accuracy_top-1: 77.2059, accuracy_top-5: 96.3235
2024-04-12 17:18:12,274 - mmcls - INFO - Epoch(val) [94][5]	accuracy_top-1: 79.4118, accuracy_top-5: 97.0588
2024-04-12 17:18:31,563 - mmcls - INFO - Epoch(val) [95][5]	accuracy_top-1: 80.1471, accuracy_top-5: 99.2647
2024-04-12 17:18:50,886 - mmcls - INFO - Epoch(val) [96][5]	accuracy_top-1: 77.2059, accuracy_top-5: 97.0588
2024-04-12 17:19:10,152 - mmcls - INFO - Epoch(val) [97][5]	accuracy_top-1: 76.4706, accuracy_top-5: 96.3235
2024-04-12 17:19:29,249 - mmcls - INFO - Epoch(val) [98][5]	accuracy_top-1: 77.9412, accuracy_top-5: 97.0588
2024-04-12 17:19:48,546 - mmcls - INFO - Epoch(val) [99][5]	accuracy_top-1: 80.1471, accuracy_top-5: 95.5882
2024-04-12 17:20:06,414 - mmcls - INFO - Saving checkpoint at 100 epochs
2024-04-12 17:20:13,016 - mmcls - INFO - Epoch(val) [100][5]	accuracy_top-1: 76.4706, accuracy_top-5: 97.0588
2024-04-12 17:20:31,942 - mmcls - INFO - Epoch(val) [101][5]	accuracy_top-1: 77.2059, accuracy_top-5: 97.0588
2024-04-12 17:20:51,066 - mmcls - INFO - Epoch(val) [102][5]	accuracy_top-1: 78.6765, accuracy_top-5: 99.2647
2024-04-12 17:21:10,427 - mmcls - INFO - Epoch(val) [103][5]	accuracy_top-1: 79.4118, accuracy_top-5: 96.3235
2024-04-12 17:21:29,842 - mmcls - INFO - Epoch(val) [104][5]	accuracy_top-1: 79.4118, accuracy_top-5: 97.0588
2024-04-12 17:21:49,073 - mmcls - INFO - Epoch(val) [105][5]	accuracy_top-1: 75.7353, accuracy_top-5: 95.5882
2024-04-12 17:22:08,078 - mmcls - INFO - Epoch(val) [106][5]	accuracy_top-1: 77.2059, accuracy_top-5: 95.5882
2024-04-12 17:22:27,362 - mmcls - INFO - Epoch(val) [107][5]	accuracy_top-1: 77.9412, accuracy_top-5: 97.7941
2024-04-12 17:22:46,815 - mmcls - INFO - Epoch(val) [108][5]	accuracy_top-1: 81.6176, accuracy_top-5: 98.5294
2024-04-12 17:23:06,597 - mmcls - INFO - Epoch(val) [109][5]	accuracy_top-1: 80.1471, accuracy_top-5: 99.2647
2024-04-12 17:23:26,562 - mmcls - INFO - Epoch(val) [110][5]	accuracy_top-1: 77.9412, accuracy_top-5: 97.7941
2024-04-12 17:23:46,600 - mmcls - INFO - Epoch(val) [111][5]	accuracy_top-1: 78.6765, accuracy_top-5: 98.5294
2024-04-12 17:24:06,581 - mmcls - INFO - Epoch(val) [112][5]	accuracy_top-1: 83.0882, accuracy_top-5: 97.7941
2024-04-12 17:24:25,633 - mmcls - INFO - Epoch(val) [113][5]	accuracy_top-1: 80.1471, accuracy_top-5: 97.7941
2024-04-12 17:24:45,050 - mmcls - INFO - Epoch(val) [114][5]	accuracy_top-1: 78.6765, accuracy_top-5: 98.5294
2024-04-12 17:25:04,881 - mmcls - INFO - Epoch(val) [115][5]	accuracy_top-1: 76.4706, accuracy_top-5: 96.3235
2024-04-12 17:25:24,698 - mmcls - INFO - Epoch(val) [116][5]	accuracy_top-1: 80.1471, accuracy_top-5: 98.5294
2024-04-12 17:25:44,722 - mmcls - INFO - Epoch(val) [117][5]	accuracy_top-1: 80.1471, accuracy_top-5: 97.0588
2024-04-12 17:26:04,495 - mmcls - INFO - Epoch(val) [118][5]	accuracy_top-1: 84.5588, accuracy_top-5: 97.0588
2024-04-12 17:26:24,236 - mmcls - INFO - Epoch(val) [119][5]	accuracy_top-1: 81.6176, accuracy_top-5: 96.3235
2024-04-12 17:26:43,245 - mmcls - INFO - Epoch(val) [120][5]	accuracy_top-1: 84.5588, accuracy_top-5: 97.7941
2024-04-12 17:27:02,720 - mmcls - INFO - Epoch(val) [121][5]	accuracy_top-1: 77.9412, accuracy_top-5: 94.8529
2024-04-12 17:27:22,693 - mmcls - INFO - Epoch(val) [122][5]	accuracy_top-1: 79.4118, accuracy_top-5: 96.3235
2024-04-12 17:27:42,621 - mmcls - INFO - Epoch(val) [123][5]	accuracy_top-1: 77.9412, accuracy_top-5: 97.7941
2024-04-12 17:28:01,610 - mmcls - INFO - Epoch(val) [124][5]	accuracy_top-1: 76.4706, accuracy_top-5: 97.7941
2024-04-12 17:28:20,907 - mmcls - INFO - Epoch(val) [125][5]	accuracy_top-1: 78.6765, accuracy_top-5: 97.7941
2024-04-12 17:28:40,409 - mmcls - INFO - Epoch(val) [126][5]	accuracy_top-1: 78.6765, accuracy_top-5: 97.0588
2024-04-12 17:28:59,597 - mmcls - INFO - Epoch(val) [127][5]	accuracy_top-1: 80.8824, accuracy_top-5: 97.0588
2024-04-12 17:29:19,399 - mmcls - INFO - Epoch(val) [128][5]	accuracy_top-1: 79.4118, accuracy_top-5: 97.7941
2024-04-12 17:29:38,403 - mmcls - INFO - Epoch(val) [129][5]	accuracy_top-1: 76.4706, accuracy_top-5: 97.0588
2024-04-12 17:29:57,835 - mmcls - INFO - Epoch(val) [130][5]	accuracy_top-1: 78.6765, accuracy_top-5: 97.7941
2024-04-12 17:30:16,896 - mmcls - INFO - Epoch(val) [131][5]	accuracy_top-1: 77.9412, accuracy_top-5: 97.0588
2024-04-12 17:30:36,333 - mmcls - INFO - Epoch(val) [132][5]	accuracy_top-1: 76.4706, accuracy_top-5: 97.0588
2024-04-12 17:30:55,959 - mmcls - INFO - Epoch(val) [133][5]	accuracy_top-1: 78.6765, accuracy_top-5: 97.0588
2024-04-12 17:31:15,785 - mmcls - INFO - Epoch(val) [134][5]	accuracy_top-1: 75.7353, accuracy_top-5: 97.7941
2024-04-12 17:31:35,575 - mmcls - INFO - Epoch(val) [135][5]	accuracy_top-1: 75.7353, accuracy_top-5: 97.0588
2024-04-12 17:31:55,531 - mmcls - INFO - Epoch(val) [136][5]	accuracy_top-1: 77.2059, accuracy_top-5: 97.0588
2024-04-12 17:32:15,220 - mmcls - INFO - Epoch(val) [137][5]	accuracy_top-1: 76.4706, accuracy_top-5: 97.0588
2024-04-12 17:32:34,817 - mmcls - INFO - Epoch(val) [138][5]	accuracy_top-1: 77.9412, accuracy_top-5: 98.5294
2024-04-12 17:32:54,151 - mmcls - INFO - Epoch(val) [139][5]	accuracy_top-1: 75.7353, accuracy_top-5: 97.0588
2024-04-12 17:33:13,688 - mmcls - INFO - Epoch(val) [140][5]	accuracy_top-1: 77.2059, accuracy_top-5: 96.3235
2024-04-12 17:33:33,103 - mmcls - INFO - Epoch(val) [141][5]	accuracy_top-1: 80.8824, accuracy_top-5: 97.0588
2024-04-12 17:33:52,599 - mmcls - INFO - Epoch(val) [142][5]	accuracy_top-1: 78.6765, accuracy_top-5: 97.7941
2024-04-12 17:34:11,338 - mmcls - INFO - Epoch(val) [143][5]	accuracy_top-1: 79.4118, accuracy_top-5: 98.5294
2024-04-12 17:34:30,565 - mmcls - INFO - Epoch(val) [144][5]	accuracy_top-1: 80.8824, accuracy_top-5: 97.7941
2024-04-12 17:34:49,827 - mmcls - INFO - Epoch(val) [145][5]	accuracy_top-1: 80.8824, accuracy_top-5: 98.5294
2024-04-12 17:35:09,221 - mmcls - INFO - Epoch(val) [146][5]	accuracy_top-1: 80.1471, accuracy_top-5: 99.2647
2024-04-12 17:35:28,498 - mmcls - INFO - Epoch(val) [147][5]	accuracy_top-1: 79.4118, accuracy_top-5: 98.5294
2024-04-12 17:35:47,704 - mmcls - INFO - Epoch(val) [148][5]	accuracy_top-1: 80.1471, accuracy_top-5: 98.5294
2024-04-12 17:36:07,159 - mmcls - INFO - Epoch(val) [149][5]	accuracy_top-1: 82.3529, accuracy_top-5: 98.5294
2024-04-12 17:36:26,567 - mmcls - INFO - Epoch(val) [150][5]	accuracy_top-1: 80.8824, accuracy_top-5: 97.7941
2024-04-12 17:36:45,790 - mmcls - INFO - Epoch(val) [151][5]	accuracy_top-1: 80.1471, accuracy_top-5: 96.3235
2024-04-12 17:37:05,140 - mmcls - INFO - Epoch(val) [152][5]	accuracy_top-1: 80.8824, accuracy_top-5: 97.0588
2024-04-12 17:37:24,244 - mmcls - INFO - Epoch(val) [153][5]	accuracy_top-1: 80.8824, accuracy_top-5: 96.3235
2024-04-12 17:37:43,762 - mmcls - INFO - Epoch(val) [154][5]	accuracy_top-1: 80.8824, accuracy_top-5: 95.5882
2024-04-12 17:38:03,014 - mmcls - INFO - Epoch(val) [155][5]	accuracy_top-1: 80.8824, accuracy_top-5: 97.0588
2024-04-12 17:38:22,176 - mmcls - INFO - Epoch(val) [156][5]	accuracy_top-1: 78.6765, accuracy_top-5: 97.7941
2024-04-12 17:38:41,427 - mmcls - INFO - Epoch(val) [157][5]	accuracy_top-1: 79.4118, accuracy_top-5: 98.5294
2024-04-12 17:39:00,744 - mmcls - INFO - Epoch(val) [158][5]	accuracy_top-1: 78.6765, accuracy_top-5: 97.7941
2024-04-12 17:39:20,025 - mmcls - INFO - Epoch(val) [159][5]	accuracy_top-1: 80.8824, accuracy_top-5: 97.7941
2024-04-12 17:39:39,397 - mmcls - INFO - Epoch(val) [160][5]	accuracy_top-1: 80.1471, accuracy_top-5: 97.0588
2024-04-12 17:39:58,289 - mmcls - INFO - Epoch(val) [161][5]	accuracy_top-1: 81.6176, accuracy_top-5: 97.0588
2024-04-12 17:40:17,319 - mmcls - INFO - Epoch(val) [162][5]	accuracy_top-1: 77.9412, accuracy_top-5: 96.3235
2024-04-12 17:40:36,870 - mmcls - INFO - Epoch(val) [163][5]	accuracy_top-1: 79.4118, accuracy_top-5: 96.3235
2024-04-12 17:40:56,206 - mmcls - INFO - Epoch(val) [164][5]	accuracy_top-1: 79.4118, accuracy_top-5: 95.5882
2024-04-12 17:41:15,747 - mmcls - INFO - Epoch(val) [165][5]	accuracy_top-1: 79.4118, accuracy_top-5: 97.0588
2024-04-12 17:41:35,107 - mmcls - INFO - Epoch(val) [166][5]	accuracy_top-1: 78.6765, accuracy_top-5: 95.5882
2024-04-12 17:41:54,787 - mmcls - INFO - Epoch(val) [167][5]	accuracy_top-1: 79.4118, accuracy_top-5: 97.0588
2024-04-12 17:42:14,097 - mmcls - INFO - Epoch(val) [168][5]	accuracy_top-1: 80.1471, accuracy_top-5: 97.7941
2024-04-12 17:42:33,407 - mmcls - INFO - Epoch(val) [169][5]	accuracy_top-1: 80.1471, accuracy_top-5: 97.0588
2024-04-12 17:42:52,577 - mmcls - INFO - Epoch(val) [170][5]	accuracy_top-1: 80.8824, accuracy_top-5: 96.3235
2024-04-12 17:43:11,900 - mmcls - INFO - Epoch(val) [171][5]	accuracy_top-1: 80.8824, accuracy_top-5: 97.0588
2024-04-12 17:43:31,170 - mmcls - INFO - Epoch(val) [172][5]	accuracy_top-1: 80.1471, accuracy_top-5: 97.0588
2024-04-12 17:43:50,513 - mmcls - INFO - Epoch(val) [173][5]	accuracy_top-1: 79.4118, accuracy_top-5: 97.7941
2024-04-12 17:44:10,103 - mmcls - INFO - Epoch(val) [174][5]	accuracy_top-1: 80.8824, accuracy_top-5: 96.3235
2024-04-12 17:44:29,403 - mmcls - INFO - Epoch(val) [175][5]	accuracy_top-1: 81.6176, accuracy_top-5: 96.3235
2024-04-12 17:44:48,535 - mmcls - INFO - Epoch(val) [176][5]	accuracy_top-1: 81.6176, accuracy_top-5: 96.3235
2024-04-12 17:45:07,652 - mmcls - INFO - Epoch(val) [177][5]	accuracy_top-1: 81.6176, accuracy_top-5: 97.0588
2024-04-12 17:45:26,707 - mmcls - INFO - Epoch(val) [178][5]	accuracy_top-1: 80.1471, accuracy_top-5: 96.3235
2024-04-12 17:45:45,774 - mmcls - INFO - Epoch(val) [179][5]	accuracy_top-1: 81.6176, accuracy_top-5: 96.3235
2024-04-12 17:46:04,814 - mmcls - INFO - Epoch(val) [180][5]	accuracy_top-1: 80.8824, accuracy_top-5: 96.3235
2024-04-12 17:46:23,814 - mmcls - INFO - Epoch(val) [181][5]	accuracy_top-1: 80.1471, accuracy_top-5: 97.0588
2024-04-12 17:46:42,840 - mmcls - INFO - Epoch(val) [182][5]	accuracy_top-1: 79.4118, accuracy_top-5: 96.3235
2024-04-12 17:47:01,718 - mmcls - INFO - Epoch(val) [183][5]	accuracy_top-1: 79.4118, accuracy_top-5: 97.0588
2024-04-12 17:47:20,574 - mmcls - INFO - Epoch(val) [184][5]	accuracy_top-1: 80.1471, accuracy_top-5: 97.7941
2024-04-12 17:47:39,593 - mmcls - INFO - Epoch(val) [185][5]	accuracy_top-1: 80.8824, accuracy_top-5: 97.0588
2024-04-12 17:47:58,575 - mmcls - INFO - Epoch(val) [186][5]	accuracy_top-1: 80.8824, accuracy_top-5: 97.0588
2024-04-12 17:48:17,527 - mmcls - INFO - Epoch(val) [187][5]	accuracy_top-1: 80.8824, accuracy_top-5: 97.0588
2024-04-12 17:48:36,509 - mmcls - INFO - Epoch(val) [188][5]	accuracy_top-1: 80.8824, accuracy_top-5: 97.0588
2024-04-12 17:48:55,467 - mmcls - INFO - Epoch(val) [189][5]	accuracy_top-1: 81.6176, accuracy_top-5: 97.0588
2024-04-12 17:49:14,523 - mmcls - INFO - Epoch(val) [190][5]	accuracy_top-1: 80.8824, accuracy_top-5: 97.0588
2024-04-12 17:49:33,476 - mmcls - INFO - Epoch(val) [191][5]	accuracy_top-1: 80.8824, accuracy_top-5: 97.0588
2024-04-12 17:49:52,498 - mmcls - INFO - Epoch(val) [192][5]	accuracy_top-1: 80.8824, accuracy_top-5: 97.0588
2024-04-12 17:50:11,526 - mmcls - INFO - Epoch(val) [193][5]	accuracy_top-1: 80.8824, accuracy_top-5: 97.0588
2024-04-12 17:50:30,590 - mmcls - INFO - Epoch(val) [194][5]	accuracy_top-1: 80.8824, accuracy_top-5: 97.0588
2024-04-12 17:50:49,601 - mmcls - INFO - Epoch(val) [195][5]	accuracy_top-1: 81.6176, accuracy_top-5: 97.0588
2024-04-12 17:51:08,904 - mmcls - INFO - Epoch(val) [196][5]	accuracy_top-1: 81.6176, accuracy_top-5: 97.0588
2024-04-12 17:51:28,079 - mmcls - INFO - Epoch(val) [197][5]	accuracy_top-1: 80.8824, accuracy_top-5: 97.0588
2024-04-12 17:51:47,216 - mmcls - INFO - Epoch(val) [198][5]	accuracy_top-1: 80.8824, accuracy_top-5: 97.0588
2024-04-12 17:52:06,711 - mmcls - INFO - Epoch(val) [199][5]	accuracy_top-1: 80.8824, accuracy_top-5: 97.0588
2024-04-12 17:52:24,664 - mmcls - INFO - Saving checkpoint at 200 epochs
2024-04-12 17:52:30,977 - mmcls - INFO - Epoch(val) [200][5]	accuracy_top-1: 80.8824, accuracy_top-5: 97.0588
