2024-04-14 08:56:30,910 - mmcls - INFO - Environment info:
------------------------------------------------------------
sys.platform: linux
Python: 3.7.16 (default, Jan 17 2023, 22:20:44) [GCC 11.2.0]
CUDA available: True
GPU 0: NVIDIA GeForce RTX 2080 Ti
CUDA_HOME: /usr/local/cuda
NVCC: Cuda compilation tools, release 11.8, V11.8.89
GCC: gcc (Ubuntu 11.4.0-1ubuntu1~22.04) 11.4.0
PyTorch: 1.7.1
PyTorch compiling details: PyTorch built with:
  - GCC 7.3
  - C++ Version: 201402
  - Intel(R) oneAPI Math Kernel Library Version 2021.4-Product Build 20210904 for Intel(R) 64 architecture applications
  - Intel(R) MKL-DNN v1.6.0 (Git Hash 5ef631a030a6f73131c77892041042805a06064f)
  - OpenMP 201511 (a.k.a. OpenMP 4.5)
  - NNPACK is enabled
  - CPU capability usage: AVX2
  - CUDA Runtime 10.1
  - NVCC architecture flags: -gencode;arch=compute_37,code=sm_37;-gencode;arch=compute_50,code=sm_50;-gencode;arch=compute_60,code=sm_60;-gencode;arch=compute_61,code=sm_61;-gencode;arch=compute_70,code=sm_70;-gencode;arch=compute_75,code=sm_75;-gencode;arch=compute_37,code=compute_37
  - CuDNN 7.6.3
  - Magma 2.5.2
  - Build settings: BLAS=MKL, BUILD_TYPE=Release, CXX_FLAGS= -Wno-deprecated -fvisibility-inlines-hidden -DUSE_PTHREADPOOL -fopenmp -DNDEBUG -DUSE_FBGEMM -DUSE_QNNPACK -DUSE_PYTORCH_QNNPACK -DUSE_XNNPACK -DUSE_VULKAN_WRAPPER -O2 -fPIC -Wno-narrowing -Wall -Wextra -Werror=return-type -Wno-missing-field-initializers -Wno-type-limits -Wno-array-bounds -Wno-unknown-pragmas -Wno-sign-compare -Wno-unused-parameter -Wno-unused-variable -Wno-unused-function -Wno-unused-result -Wno-unused-local-typedefs -Wno-strict-overflow -Wno-strict-aliasing -Wno-error=deprecated-declarations -Wno-stringop-overflow -Wno-psabi -Wno-error=pedantic -Wno-error=redundant-decls -Wno-error=old-style-cast -fdiagnostics-color=always -faligned-new -Wno-unused-but-set-variable -Wno-maybe-uninitialized -fno-math-errno -fno-trapping-math -Werror=format -Wno-stringop-overflow, PERF_WITH_AVX=1, PERF_WITH_AVX2=1, PERF_WITH_AVX512=1, USE_CUDA=ON, USE_EXCEPTION_PTR=1, USE_GFLAGS=OFF, USE_GLOG=OFF, USE_MKL=ON, USE_MKLDNN=ON, USE_MPI=OFF, USE_NCCL=ON, USE_NNPACK=ON, USE_OPENMP=ON, 

TorchVision: 0.8.2
OpenCV: 4.9.0
MMCV: 1.5.0
MMCV Compiler: n/a
MMCV CUDA Compiler: n/a
MMClassification: 0.15.0+2b78fde
------------------------------------------------------------

2024-04-14 08:56:30,912 - mmcls - INFO - Distributed training: False
2024-04-14 08:56:31,171 - mmcls - INFO - Config:
model = dict(
    type='ImageClassifier',
    backbone=dict(
        type='SwinTransformer', arch='base', img_size=224, drop_path_rate=0),
    neck=dict(type='GlobalAveragePooling'),
    head=dict(
        type='LinearClsHead',
        num_classes=17,
        in_channels=1024,
        init_cfg=None,
        loss=dict(
            type='LabelSmoothLoss', label_smooth_val=0.1, mode='original'),
        cal_acc=False),
    init_cfg=[
        dict(type='TruncNormal', layer='Linear', std=0.02, bias=0.0),
        dict(type='Constant', layer='LayerNorm', val=1.0, bias=0.0)
    ],
    train_cfg=dict(augments=[
        dict(type='BatchMixup', alpha=0.8, num_classes=17, prob=0.5),
        dict(type='BatchCutMix', alpha=1.0, num_classes=17, prob=0.5)
    ]))
dataset_type = 'Flowers'
img_norm_cfg = dict(
    mean=[123.675, 116.28, 103.53], std=[58.395, 57.12, 57.375], to_rgb=True)
train_pipeline = [
    dict(type='LoadImageFromFile'),
    dict(type='RandomResizedCrop', size=224),
    dict(type='RandomFlip', flip_prob=0.5, direction='horizontal'),
    dict(
        type='Normalize',
        mean=[123.675, 116.28, 103.53],
        std=[58.395, 57.12, 57.375],
        to_rgb=True),
    dict(type='ImageToTensor', keys=['img']),
    dict(type='ToTensor', keys=['gt_label']),
    dict(type='Collect', keys=['img', 'gt_label'])
]
test_pipeline = [
    dict(type='LoadImageFromFile'),
    dict(type='Resize', size=(256, -1)),
    dict(type='CenterCrop', crop_size=224),
    dict(
        type='Normalize',
        mean=[123.675, 116.28, 103.53],
        std=[58.395, 57.12, 57.375],
        to_rgb=True),
    dict(type='ImageToTensor', keys=['img']),
    dict(type='Collect', keys=['img'])
]
data = dict(
    samples_per_gpu=32,
    workers_per_gpu=1,
    train=dict(
        type='Flowers',
        data_prefix='data/flowers/train',
        ann_file='data/flowers/meta/train.txt',
        pipeline=[
            dict(type='LoadImageFromFile'),
            dict(type='RandomResizedCrop', size=224),
            dict(type='RandomFlip', flip_prob=0.5, direction='horizontal'),
            dict(
                type='Normalize',
                mean=[123.675, 116.28, 103.53],
                std=[58.395, 57.12, 57.375],
                to_rgb=True),
            dict(type='ImageToTensor', keys=['img']),
            dict(type='ToTensor', keys=['gt_label']),
            dict(type='Collect', keys=['img', 'gt_label'])
        ]),
    val=dict(
        type='Flowers',
        data_prefix='data/flowers/val',
        ann_file='data/flowers/meta/val.txt',
        pipeline=[
            dict(type='LoadImageFromFile'),
            dict(type='Resize', size=(256, -1)),
            dict(type='CenterCrop', crop_size=224),
            dict(
                type='Normalize',
                mean=[123.675, 116.28, 103.53],
                std=[58.395, 57.12, 57.375],
                to_rgb=True),
            dict(type='ImageToTensor', keys=['img']),
            dict(type='Collect', keys=['img'])
        ]),
    test=dict(
        type='Flowers',
        data_prefix='data/flowers/test',
        ann_file='data/flowers/meta/test.txt',
        pipeline=[
            dict(type='LoadImageFromFile'),
            dict(type='Resize', size=(256, -1)),
            dict(type='CenterCrop', crop_size=224),
            dict(
                type='Normalize',
                mean=[123.675, 116.28, 103.53],
                std=[58.395, 57.12, 57.375],
                to_rgb=True),
            dict(type='ImageToTensor', keys=['img']),
            dict(type='Collect', keys=['img'])
        ]))
evaluation = dict(interval=1, metric='accuracy')
optimizer = dict(type='SGD', lr=0.001, momentum=0.9, weight_decay=0.0001)
optimizer_config = dict(grad_clip=None)
lr_config = dict(policy='step', step=[100, 150])
runner = dict(type='EpochBasedRunner', max_epochs=200)
checkpoint_config = dict(interval=100)
log_config = dict(interval=100, hooks=[dict(type='TextLoggerHook')])
dist_params = dict(backend='nccl')
log_level = 'INFO'
load_from = None
resume_from = None
workflow = [('train', 1)]
work_dir = 'output/swin_transformer_no_StochasticDepth/bs32/lr0.001'
gpu_ids = range(0, 1)

2024-04-14 08:56:32,210 - mmcls - INFO - initialize ImageClassifier with init_cfg [{'type': 'TruncNormal', 'layer': 'Linear', 'std': 0.02, 'bias': 0.0}, {'type': 'Constant', 'layer': 'LayerNorm', 'val': 1.0, 'bias': 0.0}]
Name of parameter - Initialization information

backbone.patch_embed.projection.weight - torch.Size([128, 3, 4, 4]): 
The value is the same before and after calling `init_weights` of ImageClassifier  

backbone.patch_embed.projection.bias - torch.Size([128]): 
The value is the same before and after calling `init_weights` of ImageClassifier  

backbone.patch_embed.norm.weight - torch.Size([128]): 
The value is the same before and after calling `init_weights` of ImageClassifier  

backbone.patch_embed.norm.bias - torch.Size([128]): 
The value is the same before and after calling `init_weights` of ImageClassifier  

backbone.stages.0.blocks.0.norm1.weight - torch.Size([128]): 
The value is the same before and after calling `init_weights` of ImageClassifier  

backbone.stages.0.blocks.0.norm1.bias - torch.Size([128]): 
The value is the same before and after calling `init_weights` of ImageClassifier  

backbone.stages.0.blocks.0.attn.w_msa.relative_position_bias_table - torch.Size([169, 4]): 
Initialized by user-defined `init_weights` in WindowMSA  

backbone.stages.0.blocks.0.attn.w_msa.qkv.weight - torch.Size([384, 128]): 
TruncNormalInit: a=-2, b=2, mean=0, std=0.02, bias=0.0 

backbone.stages.0.blocks.0.attn.w_msa.qkv.bias - torch.Size([384]): 
TruncNormalInit: a=-2, b=2, mean=0, std=0.02, bias=0.0 

backbone.stages.0.blocks.0.attn.w_msa.proj.weight - torch.Size([128, 128]): 
TruncNormalInit: a=-2, b=2, mean=0, std=0.02, bias=0.0 

backbone.stages.0.blocks.0.attn.w_msa.proj.bias - torch.Size([128]): 
TruncNormalInit: a=-2, b=2, mean=0, std=0.02, bias=0.0 

backbone.stages.0.blocks.0.norm2.weight - torch.Size([128]): 
The value is the same before and after calling `init_weights` of ImageClassifier  

backbone.stages.0.blocks.0.norm2.bias - torch.Size([128]): 
The value is the same before and after calling `init_weights` of ImageClassifier  

backbone.stages.0.blocks.0.ffn.layers.0.0.weight - torch.Size([512, 128]): 
TruncNormalInit: a=-2, b=2, mean=0, std=0.02, bias=0.0 

backbone.stages.0.blocks.0.ffn.layers.0.0.bias - torch.Size([512]): 
TruncNormalInit: a=-2, b=2, mean=0, std=0.02, bias=0.0 

backbone.stages.0.blocks.0.ffn.layers.1.weight - torch.Size([128, 512]): 
TruncNormalInit: a=-2, b=2, mean=0, std=0.02, bias=0.0 

backbone.stages.0.blocks.0.ffn.layers.1.bias - torch.Size([128]): 
TruncNormalInit: a=-2, b=2, mean=0, std=0.02, bias=0.0 

backbone.stages.0.blocks.1.norm1.weight - torch.Size([128]): 
The value is the same before and after calling `init_weights` of ImageClassifier  

backbone.stages.0.blocks.1.norm1.bias - torch.Size([128]): 
The value is the same before and after calling `init_weights` of ImageClassifier  

backbone.stages.0.blocks.1.attn.w_msa.relative_position_bias_table - torch.Size([169, 4]): 
Initialized by user-defined `init_weights` in WindowMSA  

backbone.stages.0.blocks.1.attn.w_msa.qkv.weight - torch.Size([384, 128]): 
TruncNormalInit: a=-2, b=2, mean=0, std=0.02, bias=0.0 

backbone.stages.0.blocks.1.attn.w_msa.qkv.bias - torch.Size([384]): 
TruncNormalInit: a=-2, b=2, mean=0, std=0.02, bias=0.0 

backbone.stages.0.blocks.1.attn.w_msa.proj.weight - torch.Size([128, 128]): 
TruncNormalInit: a=-2, b=2, mean=0, std=0.02, bias=0.0 

backbone.stages.0.blocks.1.attn.w_msa.proj.bias - torch.Size([128]): 
TruncNormalInit: a=-2, b=2, mean=0, std=0.02, bias=0.0 

backbone.stages.0.blocks.1.norm2.weight - torch.Size([128]): 
The value is the same before and after calling `init_weights` of ImageClassifier  

backbone.stages.0.blocks.1.norm2.bias - torch.Size([128]): 
The value is the same before and after calling `init_weights` of ImageClassifier  

backbone.stages.0.blocks.1.ffn.layers.0.0.weight - torch.Size([512, 128]): 
TruncNormalInit: a=-2, b=2, mean=0, std=0.02, bias=0.0 

backbone.stages.0.blocks.1.ffn.layers.0.0.bias - torch.Size([512]): 
TruncNormalInit: a=-2, b=2, mean=0, std=0.02, bias=0.0 

backbone.stages.0.blocks.1.ffn.layers.1.weight - torch.Size([128, 512]): 
TruncNormalInit: a=-2, b=2, mean=0, std=0.02, bias=0.0 

backbone.stages.0.blocks.1.ffn.layers.1.bias - torch.Size([128]): 
TruncNormalInit: a=-2, b=2, mean=0, std=0.02, bias=0.0 

backbone.stages.0.downsample.norm.weight - torch.Size([512]): 
The value is the same before and after calling `init_weights` of ImageClassifier  

backbone.stages.0.downsample.norm.bias - torch.Size([512]): 
The value is the same before and after calling `init_weights` of ImageClassifier  

backbone.stages.0.downsample.reduction.weight - torch.Size([256, 512]): 
TruncNormalInit: a=-2, b=2, mean=0, std=0.02, bias=0.0 

backbone.stages.1.blocks.0.norm1.weight - torch.Size([256]): 
The value is the same before and after calling `init_weights` of ImageClassifier  

backbone.stages.1.blocks.0.norm1.bias - torch.Size([256]): 
The value is the same before and after calling `init_weights` of ImageClassifier  

backbone.stages.1.blocks.0.attn.w_msa.relative_position_bias_table - torch.Size([169, 8]): 
Initialized by user-defined `init_weights` in WindowMSA  

backbone.stages.1.blocks.0.attn.w_msa.qkv.weight - torch.Size([768, 256]): 
TruncNormalInit: a=-2, b=2, mean=0, std=0.02, bias=0.0 

backbone.stages.1.blocks.0.attn.w_msa.qkv.bias - torch.Size([768]): 
TruncNormalInit: a=-2, b=2, mean=0, std=0.02, bias=0.0 

backbone.stages.1.blocks.0.attn.w_msa.proj.weight - torch.Size([256, 256]): 
TruncNormalInit: a=-2, b=2, mean=0, std=0.02, bias=0.0 

backbone.stages.1.blocks.0.attn.w_msa.proj.bias - torch.Size([256]): 
TruncNormalInit: a=-2, b=2, mean=0, std=0.02, bias=0.0 

backbone.stages.1.blocks.0.norm2.weight - torch.Size([256]): 
The value is the same before and after calling `init_weights` of ImageClassifier  

backbone.stages.1.blocks.0.norm2.bias - torch.Size([256]): 
The value is the same before and after calling `init_weights` of ImageClassifier  

backbone.stages.1.blocks.0.ffn.layers.0.0.weight - torch.Size([1024, 256]): 
TruncNormalInit: a=-2, b=2, mean=0, std=0.02, bias=0.0 

backbone.stages.1.blocks.0.ffn.layers.0.0.bias - torch.Size([1024]): 
TruncNormalInit: a=-2, b=2, mean=0, std=0.02, bias=0.0 

backbone.stages.1.blocks.0.ffn.layers.1.weight - torch.Size([256, 1024]): 
TruncNormalInit: a=-2, b=2, mean=0, std=0.02, bias=0.0 

backbone.stages.1.blocks.0.ffn.layers.1.bias - torch.Size([256]): 
TruncNormalInit: a=-2, b=2, mean=0, std=0.02, bias=0.0 

backbone.stages.1.blocks.1.norm1.weight - torch.Size([256]): 
The value is the same before and after calling `init_weights` of ImageClassifier  

backbone.stages.1.blocks.1.norm1.bias - torch.Size([256]): 
The value is the same before and after calling `init_weights` of ImageClassifier  

backbone.stages.1.blocks.1.attn.w_msa.relative_position_bias_table - torch.Size([169, 8]): 
Initialized by user-defined `init_weights` in WindowMSA  

backbone.stages.1.blocks.1.attn.w_msa.qkv.weight - torch.Size([768, 256]): 
TruncNormalInit: a=-2, b=2, mean=0, std=0.02, bias=0.0 

backbone.stages.1.blocks.1.attn.w_msa.qkv.bias - torch.Size([768]): 
TruncNormalInit: a=-2, b=2, mean=0, std=0.02, bias=0.0 

backbone.stages.1.blocks.1.attn.w_msa.proj.weight - torch.Size([256, 256]): 
TruncNormalInit: a=-2, b=2, mean=0, std=0.02, bias=0.0 

backbone.stages.1.blocks.1.attn.w_msa.proj.bias - torch.Size([256]): 
TruncNormalInit: a=-2, b=2, mean=0, std=0.02, bias=0.0 

backbone.stages.1.blocks.1.norm2.weight - torch.Size([256]): 
The value is the same before and after calling `init_weights` of ImageClassifier  

backbone.stages.1.blocks.1.norm2.bias - torch.Size([256]): 
The value is the same before and after calling `init_weights` of ImageClassifier  

backbone.stages.1.blocks.1.ffn.layers.0.0.weight - torch.Size([1024, 256]): 
TruncNormalInit: a=-2, b=2, mean=0, std=0.02, bias=0.0 

backbone.stages.1.blocks.1.ffn.layers.0.0.bias - torch.Size([1024]): 
TruncNormalInit: a=-2, b=2, mean=0, std=0.02, bias=0.0 

backbone.stages.1.blocks.1.ffn.layers.1.weight - torch.Size([256, 1024]): 
TruncNormalInit: a=-2, b=2, mean=0, std=0.02, bias=0.0 

backbone.stages.1.blocks.1.ffn.layers.1.bias - torch.Size([256]): 
TruncNormalInit: a=-2, b=2, mean=0, std=0.02, bias=0.0 

backbone.stages.1.downsample.norm.weight - torch.Size([1024]): 
The value is the same before and after calling `init_weights` of ImageClassifier  

backbone.stages.1.downsample.norm.bias - torch.Size([1024]): 
The value is the same before and after calling `init_weights` of ImageClassifier  

backbone.stages.1.downsample.reduction.weight - torch.Size([512, 1024]): 
TruncNormalInit: a=-2, b=2, mean=0, std=0.02, bias=0.0 

backbone.stages.2.blocks.0.norm1.weight - torch.Size([512]): 
The value is the same before and after calling `init_weights` of ImageClassifier  

backbone.stages.2.blocks.0.norm1.bias - torch.Size([512]): 
The value is the same before and after calling `init_weights` of ImageClassifier  

backbone.stages.2.blocks.0.attn.w_msa.relative_position_bias_table - torch.Size([169, 16]): 
Initialized by user-defined `init_weights` in WindowMSA  

backbone.stages.2.blocks.0.attn.w_msa.qkv.weight - torch.Size([1536, 512]): 
TruncNormalInit: a=-2, b=2, mean=0, std=0.02, bias=0.0 

backbone.stages.2.blocks.0.attn.w_msa.qkv.bias - torch.Size([1536]): 
TruncNormalInit: a=-2, b=2, mean=0, std=0.02, bias=0.0 

backbone.stages.2.blocks.0.attn.w_msa.proj.weight - torch.Size([512, 512]): 
TruncNormalInit: a=-2, b=2, mean=0, std=0.02, bias=0.0 

backbone.stages.2.blocks.0.attn.w_msa.proj.bias - torch.Size([512]): 
TruncNormalInit: a=-2, b=2, mean=0, std=0.02, bias=0.0 

backbone.stages.2.blocks.0.norm2.weight - torch.Size([512]): 
The value is the same before and after calling `init_weights` of ImageClassifier  

backbone.stages.2.blocks.0.norm2.bias - torch.Size([512]): 
The value is the same before and after calling `init_weights` of ImageClassifier  

backbone.stages.2.blocks.0.ffn.layers.0.0.weight - torch.Size([2048, 512]): 
TruncNormalInit: a=-2, b=2, mean=0, std=0.02, bias=0.0 

backbone.stages.2.blocks.0.ffn.layers.0.0.bias - torch.Size([2048]): 
TruncNormalInit: a=-2, b=2, mean=0, std=0.02, bias=0.0 

backbone.stages.2.blocks.0.ffn.layers.1.weight - torch.Size([512, 2048]): 
TruncNormalInit: a=-2, b=2, mean=0, std=0.02, bias=0.0 

backbone.stages.2.blocks.0.ffn.layers.1.bias - torch.Size([512]): 
TruncNormalInit: a=-2, b=2, mean=0, std=0.02, bias=0.0 

backbone.stages.2.blocks.1.norm1.weight - torch.Size([512]): 
The value is the same before and after calling `init_weights` of ImageClassifier  

backbone.stages.2.blocks.1.norm1.bias - torch.Size([512]): 
The value is the same before and after calling `init_weights` of ImageClassifier  

backbone.stages.2.blocks.1.attn.w_msa.relative_position_bias_table - torch.Size([169, 16]): 
Initialized by user-defined `init_weights` in WindowMSA  

backbone.stages.2.blocks.1.attn.w_msa.qkv.weight - torch.Size([1536, 512]): 
TruncNormalInit: a=-2, b=2, mean=0, std=0.02, bias=0.0 

backbone.stages.2.blocks.1.attn.w_msa.qkv.bias - torch.Size([1536]): 
TruncNormalInit: a=-2, b=2, mean=0, std=0.02, bias=0.0 

backbone.stages.2.blocks.1.attn.w_msa.proj.weight - torch.Size([512, 512]): 
TruncNormalInit: a=-2, b=2, mean=0, std=0.02, bias=0.0 

backbone.stages.2.blocks.1.attn.w_msa.proj.bias - torch.Size([512]): 
TruncNormalInit: a=-2, b=2, mean=0, std=0.02, bias=0.0 

backbone.stages.2.blocks.1.norm2.weight - torch.Size([512]): 
The value is the same before and after calling `init_weights` of ImageClassifier  

backbone.stages.2.blocks.1.norm2.bias - torch.Size([512]): 
The value is the same before and after calling `init_weights` of ImageClassifier  

backbone.stages.2.blocks.1.ffn.layers.0.0.weight - torch.Size([2048, 512]): 
TruncNormalInit: a=-2, b=2, mean=0, std=0.02, bias=0.0 

backbone.stages.2.blocks.1.ffn.layers.0.0.bias - torch.Size([2048]): 
TruncNormalInit: a=-2, b=2, mean=0, std=0.02, bias=0.0 

backbone.stages.2.blocks.1.ffn.layers.1.weight - torch.Size([512, 2048]): 
TruncNormalInit: a=-2, b=2, mean=0, std=0.02, bias=0.0 

backbone.stages.2.blocks.1.ffn.layers.1.bias - torch.Size([512]): 
TruncNormalInit: a=-2, b=2, mean=0, std=0.02, bias=0.0 

backbone.stages.2.blocks.2.norm1.weight - torch.Size([512]): 
The value is the same before and after calling `init_weights` of ImageClassifier  

backbone.stages.2.blocks.2.norm1.bias - torch.Size([512]): 
The value is the same before and after calling `init_weights` of ImageClassifier  

backbone.stages.2.blocks.2.attn.w_msa.relative_position_bias_table - torch.Size([169, 16]): 
Initialized by user-defined `init_weights` in WindowMSA  

backbone.stages.2.blocks.2.attn.w_msa.qkv.weight - torch.Size([1536, 512]): 
TruncNormalInit: a=-2, b=2, mean=0, std=0.02, bias=0.0 

backbone.stages.2.blocks.2.attn.w_msa.qkv.bias - torch.Size([1536]): 
TruncNormalInit: a=-2, b=2, mean=0, std=0.02, bias=0.0 

backbone.stages.2.blocks.2.attn.w_msa.proj.weight - torch.Size([512, 512]): 
TruncNormalInit: a=-2, b=2, mean=0, std=0.02, bias=0.0 

backbone.stages.2.blocks.2.attn.w_msa.proj.bias - torch.Size([512]): 
TruncNormalInit: a=-2, b=2, mean=0, std=0.02, bias=0.0 

backbone.stages.2.blocks.2.norm2.weight - torch.Size([512]): 
The value is the same before and after calling `init_weights` of ImageClassifier  

backbone.stages.2.blocks.2.norm2.bias - torch.Size([512]): 
The value is the same before and after calling `init_weights` of ImageClassifier  

backbone.stages.2.blocks.2.ffn.layers.0.0.weight - torch.Size([2048, 512]): 
TruncNormalInit: a=-2, b=2, mean=0, std=0.02, bias=0.0 

backbone.stages.2.blocks.2.ffn.layers.0.0.bias - torch.Size([2048]): 
TruncNormalInit: a=-2, b=2, mean=0, std=0.02, bias=0.0 

backbone.stages.2.blocks.2.ffn.layers.1.weight - torch.Size([512, 2048]): 
TruncNormalInit: a=-2, b=2, mean=0, std=0.02, bias=0.0 

backbone.stages.2.blocks.2.ffn.layers.1.bias - torch.Size([512]): 
TruncNormalInit: a=-2, b=2, mean=0, std=0.02, bias=0.0 

backbone.stages.2.blocks.3.norm1.weight - torch.Size([512]): 
The value is the same before and after calling `init_weights` of ImageClassifier  

backbone.stages.2.blocks.3.norm1.bias - torch.Size([512]): 
The value is the same before and after calling `init_weights` of ImageClassifier  

backbone.stages.2.blocks.3.attn.w_msa.relative_position_bias_table - torch.Size([169, 16]): 
Initialized by user-defined `init_weights` in WindowMSA  

backbone.stages.2.blocks.3.attn.w_msa.qkv.weight - torch.Size([1536, 512]): 
TruncNormalInit: a=-2, b=2, mean=0, std=0.02, bias=0.0 

backbone.stages.2.blocks.3.attn.w_msa.qkv.bias - torch.Size([1536]): 
TruncNormalInit: a=-2, b=2, mean=0, std=0.02, bias=0.0 

backbone.stages.2.blocks.3.attn.w_msa.proj.weight - torch.Size([512, 512]): 
TruncNormalInit: a=-2, b=2, mean=0, std=0.02, bias=0.0 

backbone.stages.2.blocks.3.attn.w_msa.proj.bias - torch.Size([512]): 
TruncNormalInit: a=-2, b=2, mean=0, std=0.02, bias=0.0 

backbone.stages.2.blocks.3.norm2.weight - torch.Size([512]): 
The value is the same before and after calling `init_weights` of ImageClassifier  

backbone.stages.2.blocks.3.norm2.bias - torch.Size([512]): 
The value is the same before and after calling `init_weights` of ImageClassifier  

backbone.stages.2.blocks.3.ffn.layers.0.0.weight - torch.Size([2048, 512]): 
TruncNormalInit: a=-2, b=2, mean=0, std=0.02, bias=0.0 

backbone.stages.2.blocks.3.ffn.layers.0.0.bias - torch.Size([2048]): 
TruncNormalInit: a=-2, b=2, mean=0, std=0.02, bias=0.0 

backbone.stages.2.blocks.3.ffn.layers.1.weight - torch.Size([512, 2048]): 
TruncNormalInit: a=-2, b=2, mean=0, std=0.02, bias=0.0 

backbone.stages.2.blocks.3.ffn.layers.1.bias - torch.Size([512]): 
TruncNormalInit: a=-2, b=2, mean=0, std=0.02, bias=0.0 

backbone.stages.2.blocks.4.norm1.weight - torch.Size([512]): 
The value is the same before and after calling `init_weights` of ImageClassifier  

backbone.stages.2.blocks.4.norm1.bias - torch.Size([512]): 
The value is the same before and after calling `init_weights` of ImageClassifier  

backbone.stages.2.blocks.4.attn.w_msa.relative_position_bias_table - torch.Size([169, 16]): 
Initialized by user-defined `init_weights` in WindowMSA  

backbone.stages.2.blocks.4.attn.w_msa.qkv.weight - torch.Size([1536, 512]): 
TruncNormalInit: a=-2, b=2, mean=0, std=0.02, bias=0.0 

backbone.stages.2.blocks.4.attn.w_msa.qkv.bias - torch.Size([1536]): 
TruncNormalInit: a=-2, b=2, mean=0, std=0.02, bias=0.0 

backbone.stages.2.blocks.4.attn.w_msa.proj.weight - torch.Size([512, 512]): 
TruncNormalInit: a=-2, b=2, mean=0, std=0.02, bias=0.0 

backbone.stages.2.blocks.4.attn.w_msa.proj.bias - torch.Size([512]): 
TruncNormalInit: a=-2, b=2, mean=0, std=0.02, bias=0.0 

backbone.stages.2.blocks.4.norm2.weight - torch.Size([512]): 
The value is the same before and after calling `init_weights` of ImageClassifier  

backbone.stages.2.blocks.4.norm2.bias - torch.Size([512]): 
The value is the same before and after calling `init_weights` of ImageClassifier  

backbone.stages.2.blocks.4.ffn.layers.0.0.weight - torch.Size([2048, 512]): 
TruncNormalInit: a=-2, b=2, mean=0, std=0.02, bias=0.0 

backbone.stages.2.blocks.4.ffn.layers.0.0.bias - torch.Size([2048]): 
TruncNormalInit: a=-2, b=2, mean=0, std=0.02, bias=0.0 

backbone.stages.2.blocks.4.ffn.layers.1.weight - torch.Size([512, 2048]): 
TruncNormalInit: a=-2, b=2, mean=0, std=0.02, bias=0.0 

backbone.stages.2.blocks.4.ffn.layers.1.bias - torch.Size([512]): 
TruncNormalInit: a=-2, b=2, mean=0, std=0.02, bias=0.0 

backbone.stages.2.blocks.5.norm1.weight - torch.Size([512]): 
The value is the same before and after calling `init_weights` of ImageClassifier  

backbone.stages.2.blocks.5.norm1.bias - torch.Size([512]): 
The value is the same before and after calling `init_weights` of ImageClassifier  

backbone.stages.2.blocks.5.attn.w_msa.relative_position_bias_table - torch.Size([169, 16]): 
Initialized by user-defined `init_weights` in WindowMSA  

backbone.stages.2.blocks.5.attn.w_msa.qkv.weight - torch.Size([1536, 512]): 
TruncNormalInit: a=-2, b=2, mean=0, std=0.02, bias=0.0 

backbone.stages.2.blocks.5.attn.w_msa.qkv.bias - torch.Size([1536]): 
TruncNormalInit: a=-2, b=2, mean=0, std=0.02, bias=0.0 

backbone.stages.2.blocks.5.attn.w_msa.proj.weight - torch.Size([512, 512]): 
TruncNormalInit: a=-2, b=2, mean=0, std=0.02, bias=0.0 

backbone.stages.2.blocks.5.attn.w_msa.proj.bias - torch.Size([512]): 
TruncNormalInit: a=-2, b=2, mean=0, std=0.02, bias=0.0 

backbone.stages.2.blocks.5.norm2.weight - torch.Size([512]): 
The value is the same before and after calling `init_weights` of ImageClassifier  

backbone.stages.2.blocks.5.norm2.bias - torch.Size([512]): 
The value is the same before and after calling `init_weights` of ImageClassifier  

backbone.stages.2.blocks.5.ffn.layers.0.0.weight - torch.Size([2048, 512]): 
TruncNormalInit: a=-2, b=2, mean=0, std=0.02, bias=0.0 

backbone.stages.2.blocks.5.ffn.layers.0.0.bias - torch.Size([2048]): 
TruncNormalInit: a=-2, b=2, mean=0, std=0.02, bias=0.0 

backbone.stages.2.blocks.5.ffn.layers.1.weight - torch.Size([512, 2048]): 
TruncNormalInit: a=-2, b=2, mean=0, std=0.02, bias=0.0 

backbone.stages.2.blocks.5.ffn.layers.1.bias - torch.Size([512]): 
TruncNormalInit: a=-2, b=2, mean=0, std=0.02, bias=0.0 

backbone.stages.2.blocks.6.norm1.weight - torch.Size([512]): 
The value is the same before and after calling `init_weights` of ImageClassifier  

backbone.stages.2.blocks.6.norm1.bias - torch.Size([512]): 
The value is the same before and after calling `init_weights` of ImageClassifier  

backbone.stages.2.blocks.6.attn.w_msa.relative_position_bias_table - torch.Size([169, 16]): 
Initialized by user-defined `init_weights` in WindowMSA  

backbone.stages.2.blocks.6.attn.w_msa.qkv.weight - torch.Size([1536, 512]): 
TruncNormalInit: a=-2, b=2, mean=0, std=0.02, bias=0.0 

backbone.stages.2.blocks.6.attn.w_msa.qkv.bias - torch.Size([1536]): 
TruncNormalInit: a=-2, b=2, mean=0, std=0.02, bias=0.0 

backbone.stages.2.blocks.6.attn.w_msa.proj.weight - torch.Size([512, 512]): 
TruncNormalInit: a=-2, b=2, mean=0, std=0.02, bias=0.0 

backbone.stages.2.blocks.6.attn.w_msa.proj.bias - torch.Size([512]): 
TruncNormalInit: a=-2, b=2, mean=0, std=0.02, bias=0.0 

backbone.stages.2.blocks.6.norm2.weight - torch.Size([512]): 
The value is the same before and after calling `init_weights` of ImageClassifier  

backbone.stages.2.blocks.6.norm2.bias - torch.Size([512]): 
The value is the same before and after calling `init_weights` of ImageClassifier  

backbone.stages.2.blocks.6.ffn.layers.0.0.weight - torch.Size([2048, 512]): 
TruncNormalInit: a=-2, b=2, mean=0, std=0.02, bias=0.0 

backbone.stages.2.blocks.6.ffn.layers.0.0.bias - torch.Size([2048]): 
TruncNormalInit: a=-2, b=2, mean=0, std=0.02, bias=0.0 

backbone.stages.2.blocks.6.ffn.layers.1.weight - torch.Size([512, 2048]): 
TruncNormalInit: a=-2, b=2, mean=0, std=0.02, bias=0.0 

backbone.stages.2.blocks.6.ffn.layers.1.bias - torch.Size([512]): 
TruncNormalInit: a=-2, b=2, mean=0, std=0.02, bias=0.0 

backbone.stages.2.blocks.7.norm1.weight - torch.Size([512]): 
The value is the same before and after calling `init_weights` of ImageClassifier  

backbone.stages.2.blocks.7.norm1.bias - torch.Size([512]): 
The value is the same before and after calling `init_weights` of ImageClassifier  

backbone.stages.2.blocks.7.attn.w_msa.relative_position_bias_table - torch.Size([169, 16]): 
Initialized by user-defined `init_weights` in WindowMSA  

backbone.stages.2.blocks.7.attn.w_msa.qkv.weight - torch.Size([1536, 512]): 
TruncNormalInit: a=-2, b=2, mean=0, std=0.02, bias=0.0 

backbone.stages.2.blocks.7.attn.w_msa.qkv.bias - torch.Size([1536]): 
TruncNormalInit: a=-2, b=2, mean=0, std=0.02, bias=0.0 

backbone.stages.2.blocks.7.attn.w_msa.proj.weight - torch.Size([512, 512]): 
TruncNormalInit: a=-2, b=2, mean=0, std=0.02, bias=0.0 

backbone.stages.2.blocks.7.attn.w_msa.proj.bias - torch.Size([512]): 
TruncNormalInit: a=-2, b=2, mean=0, std=0.02, bias=0.0 

backbone.stages.2.blocks.7.norm2.weight - torch.Size([512]): 
The value is the same before and after calling `init_weights` of ImageClassifier  

backbone.stages.2.blocks.7.norm2.bias - torch.Size([512]): 
The value is the same before and after calling `init_weights` of ImageClassifier  

backbone.stages.2.blocks.7.ffn.layers.0.0.weight - torch.Size([2048, 512]): 
TruncNormalInit: a=-2, b=2, mean=0, std=0.02, bias=0.0 

backbone.stages.2.blocks.7.ffn.layers.0.0.bias - torch.Size([2048]): 
TruncNormalInit: a=-2, b=2, mean=0, std=0.02, bias=0.0 

backbone.stages.2.blocks.7.ffn.layers.1.weight - torch.Size([512, 2048]): 
TruncNormalInit: a=-2, b=2, mean=0, std=0.02, bias=0.0 

backbone.stages.2.blocks.7.ffn.layers.1.bias - torch.Size([512]): 
TruncNormalInit: a=-2, b=2, mean=0, std=0.02, bias=0.0 

backbone.stages.2.blocks.8.norm1.weight - torch.Size([512]): 
The value is the same before and after calling `init_weights` of ImageClassifier  

backbone.stages.2.blocks.8.norm1.bias - torch.Size([512]): 
The value is the same before and after calling `init_weights` of ImageClassifier  

backbone.stages.2.blocks.8.attn.w_msa.relative_position_bias_table - torch.Size([169, 16]): 
Initialized by user-defined `init_weights` in WindowMSA  

backbone.stages.2.blocks.8.attn.w_msa.qkv.weight - torch.Size([1536, 512]): 
TruncNormalInit: a=-2, b=2, mean=0, std=0.02, bias=0.0 

backbone.stages.2.blocks.8.attn.w_msa.qkv.bias - torch.Size([1536]): 
TruncNormalInit: a=-2, b=2, mean=0, std=0.02, bias=0.0 

backbone.stages.2.blocks.8.attn.w_msa.proj.weight - torch.Size([512, 512]): 
TruncNormalInit: a=-2, b=2, mean=0, std=0.02, bias=0.0 

backbone.stages.2.blocks.8.attn.w_msa.proj.bias - torch.Size([512]): 
TruncNormalInit: a=-2, b=2, mean=0, std=0.02, bias=0.0 

backbone.stages.2.blocks.8.norm2.weight - torch.Size([512]): 
The value is the same before and after calling `init_weights` of ImageClassifier  

backbone.stages.2.blocks.8.norm2.bias - torch.Size([512]): 
The value is the same before and after calling `init_weights` of ImageClassifier  

backbone.stages.2.blocks.8.ffn.layers.0.0.weight - torch.Size([2048, 512]): 
TruncNormalInit: a=-2, b=2, mean=0, std=0.02, bias=0.0 

backbone.stages.2.blocks.8.ffn.layers.0.0.bias - torch.Size([2048]): 
TruncNormalInit: a=-2, b=2, mean=0, std=0.02, bias=0.0 

backbone.stages.2.blocks.8.ffn.layers.1.weight - torch.Size([512, 2048]): 
TruncNormalInit: a=-2, b=2, mean=0, std=0.02, bias=0.0 

backbone.stages.2.blocks.8.ffn.layers.1.bias - torch.Size([512]): 
TruncNormalInit: a=-2, b=2, mean=0, std=0.02, bias=0.0 

backbone.stages.2.blocks.9.norm1.weight - torch.Size([512]): 
The value is the same before and after calling `init_weights` of ImageClassifier  

backbone.stages.2.blocks.9.norm1.bias - torch.Size([512]): 
The value is the same before and after calling `init_weights` of ImageClassifier  

backbone.stages.2.blocks.9.attn.w_msa.relative_position_bias_table - torch.Size([169, 16]): 
Initialized by user-defined `init_weights` in WindowMSA  

backbone.stages.2.blocks.9.attn.w_msa.qkv.weight - torch.Size([1536, 512]): 
TruncNormalInit: a=-2, b=2, mean=0, std=0.02, bias=0.0 

backbone.stages.2.blocks.9.attn.w_msa.qkv.bias - torch.Size([1536]): 
TruncNormalInit: a=-2, b=2, mean=0, std=0.02, bias=0.0 

backbone.stages.2.blocks.9.attn.w_msa.proj.weight - torch.Size([512, 512]): 
TruncNormalInit: a=-2, b=2, mean=0, std=0.02, bias=0.0 

backbone.stages.2.blocks.9.attn.w_msa.proj.bias - torch.Size([512]): 
TruncNormalInit: a=-2, b=2, mean=0, std=0.02, bias=0.0 

backbone.stages.2.blocks.9.norm2.weight - torch.Size([512]): 
The value is the same before and after calling `init_weights` of ImageClassifier  

backbone.stages.2.blocks.9.norm2.bias - torch.Size([512]): 
The value is the same before and after calling `init_weights` of ImageClassifier  

backbone.stages.2.blocks.9.ffn.layers.0.0.weight - torch.Size([2048, 512]): 
TruncNormalInit: a=-2, b=2, mean=0, std=0.02, bias=0.0 

backbone.stages.2.blocks.9.ffn.layers.0.0.bias - torch.Size([2048]): 
TruncNormalInit: a=-2, b=2, mean=0, std=0.02, bias=0.0 

backbone.stages.2.blocks.9.ffn.layers.1.weight - torch.Size([512, 2048]): 
TruncNormalInit: a=-2, b=2, mean=0, std=0.02, bias=0.0 

backbone.stages.2.blocks.9.ffn.layers.1.bias - torch.Size([512]): 
TruncNormalInit: a=-2, b=2, mean=0, std=0.02, bias=0.0 

backbone.stages.2.blocks.10.norm1.weight - torch.Size([512]): 
The value is the same before and after calling `init_weights` of ImageClassifier  

backbone.stages.2.blocks.10.norm1.bias - torch.Size([512]): 
The value is the same before and after calling `init_weights` of ImageClassifier  

backbone.stages.2.blocks.10.attn.w_msa.relative_position_bias_table - torch.Size([169, 16]): 
Initialized by user-defined `init_weights` in WindowMSA  

backbone.stages.2.blocks.10.attn.w_msa.qkv.weight - torch.Size([1536, 512]): 
TruncNormalInit: a=-2, b=2, mean=0, std=0.02, bias=0.0 

backbone.stages.2.blocks.10.attn.w_msa.qkv.bias - torch.Size([1536]): 
TruncNormalInit: a=-2, b=2, mean=0, std=0.02, bias=0.0 

backbone.stages.2.blocks.10.attn.w_msa.proj.weight - torch.Size([512, 512]): 
TruncNormalInit: a=-2, b=2, mean=0, std=0.02, bias=0.0 

backbone.stages.2.blocks.10.attn.w_msa.proj.bias - torch.Size([512]): 
TruncNormalInit: a=-2, b=2, mean=0, std=0.02, bias=0.0 

backbone.stages.2.blocks.10.norm2.weight - torch.Size([512]): 
The value is the same before and after calling `init_weights` of ImageClassifier  

backbone.stages.2.blocks.10.norm2.bias - torch.Size([512]): 
The value is the same before and after calling `init_weights` of ImageClassifier  

backbone.stages.2.blocks.10.ffn.layers.0.0.weight - torch.Size([2048, 512]): 
TruncNormalInit: a=-2, b=2, mean=0, std=0.02, bias=0.0 

backbone.stages.2.blocks.10.ffn.layers.0.0.bias - torch.Size([2048]): 
TruncNormalInit: a=-2, b=2, mean=0, std=0.02, bias=0.0 

backbone.stages.2.blocks.10.ffn.layers.1.weight - torch.Size([512, 2048]): 
TruncNormalInit: a=-2, b=2, mean=0, std=0.02, bias=0.0 

backbone.stages.2.blocks.10.ffn.layers.1.bias - torch.Size([512]): 
TruncNormalInit: a=-2, b=2, mean=0, std=0.02, bias=0.0 

backbone.stages.2.blocks.11.norm1.weight - torch.Size([512]): 
The value is the same before and after calling `init_weights` of ImageClassifier  

backbone.stages.2.blocks.11.norm1.bias - torch.Size([512]): 
The value is the same before and after calling `init_weights` of ImageClassifier  

backbone.stages.2.blocks.11.attn.w_msa.relative_position_bias_table - torch.Size([169, 16]): 
Initialized by user-defined `init_weights` in WindowMSA  

backbone.stages.2.blocks.11.attn.w_msa.qkv.weight - torch.Size([1536, 512]): 
TruncNormalInit: a=-2, b=2, mean=0, std=0.02, bias=0.0 

backbone.stages.2.blocks.11.attn.w_msa.qkv.bias - torch.Size([1536]): 
TruncNormalInit: a=-2, b=2, mean=0, std=0.02, bias=0.0 

backbone.stages.2.blocks.11.attn.w_msa.proj.weight - torch.Size([512, 512]): 
TruncNormalInit: a=-2, b=2, mean=0, std=0.02, bias=0.0 

backbone.stages.2.blocks.11.attn.w_msa.proj.bias - torch.Size([512]): 
TruncNormalInit: a=-2, b=2, mean=0, std=0.02, bias=0.0 

backbone.stages.2.blocks.11.norm2.weight - torch.Size([512]): 
The value is the same before and after calling `init_weights` of ImageClassifier  

backbone.stages.2.blocks.11.norm2.bias - torch.Size([512]): 
The value is the same before and after calling `init_weights` of ImageClassifier  

backbone.stages.2.blocks.11.ffn.layers.0.0.weight - torch.Size([2048, 512]): 
TruncNormalInit: a=-2, b=2, mean=0, std=0.02, bias=0.0 

backbone.stages.2.blocks.11.ffn.layers.0.0.bias - torch.Size([2048]): 
TruncNormalInit: a=-2, b=2, mean=0, std=0.02, bias=0.0 

backbone.stages.2.blocks.11.ffn.layers.1.weight - torch.Size([512, 2048]): 
TruncNormalInit: a=-2, b=2, mean=0, std=0.02, bias=0.0 

backbone.stages.2.blocks.11.ffn.layers.1.bias - torch.Size([512]): 
TruncNormalInit: a=-2, b=2, mean=0, std=0.02, bias=0.0 

backbone.stages.2.blocks.12.norm1.weight - torch.Size([512]): 
The value is the same before and after calling `init_weights` of ImageClassifier  

backbone.stages.2.blocks.12.norm1.bias - torch.Size([512]): 
The value is the same before and after calling `init_weights` of ImageClassifier  

backbone.stages.2.blocks.12.attn.w_msa.relative_position_bias_table - torch.Size([169, 16]): 
Initialized by user-defined `init_weights` in WindowMSA  

backbone.stages.2.blocks.12.attn.w_msa.qkv.weight - torch.Size([1536, 512]): 
TruncNormalInit: a=-2, b=2, mean=0, std=0.02, bias=0.0 

backbone.stages.2.blocks.12.attn.w_msa.qkv.bias - torch.Size([1536]): 
TruncNormalInit: a=-2, b=2, mean=0, std=0.02, bias=0.0 

backbone.stages.2.blocks.12.attn.w_msa.proj.weight - torch.Size([512, 512]): 
TruncNormalInit: a=-2, b=2, mean=0, std=0.02, bias=0.0 

backbone.stages.2.blocks.12.attn.w_msa.proj.bias - torch.Size([512]): 
TruncNormalInit: a=-2, b=2, mean=0, std=0.02, bias=0.0 

backbone.stages.2.blocks.12.norm2.weight - torch.Size([512]): 
The value is the same before and after calling `init_weights` of ImageClassifier  

backbone.stages.2.blocks.12.norm2.bias - torch.Size([512]): 
The value is the same before and after calling `init_weights` of ImageClassifier  

backbone.stages.2.blocks.12.ffn.layers.0.0.weight - torch.Size([2048, 512]): 
TruncNormalInit: a=-2, b=2, mean=0, std=0.02, bias=0.0 

backbone.stages.2.blocks.12.ffn.layers.0.0.bias - torch.Size([2048]): 
TruncNormalInit: a=-2, b=2, mean=0, std=0.02, bias=0.0 

backbone.stages.2.blocks.12.ffn.layers.1.weight - torch.Size([512, 2048]): 
TruncNormalInit: a=-2, b=2, mean=0, std=0.02, bias=0.0 

backbone.stages.2.blocks.12.ffn.layers.1.bias - torch.Size([512]): 
TruncNormalInit: a=-2, b=2, mean=0, std=0.02, bias=0.0 

backbone.stages.2.blocks.13.norm1.weight - torch.Size([512]): 
The value is the same before and after calling `init_weights` of ImageClassifier  

backbone.stages.2.blocks.13.norm1.bias - torch.Size([512]): 
The value is the same before and after calling `init_weights` of ImageClassifier  

backbone.stages.2.blocks.13.attn.w_msa.relative_position_bias_table - torch.Size([169, 16]): 
Initialized by user-defined `init_weights` in WindowMSA  

backbone.stages.2.blocks.13.attn.w_msa.qkv.weight - torch.Size([1536, 512]): 
TruncNormalInit: a=-2, b=2, mean=0, std=0.02, bias=0.0 

backbone.stages.2.blocks.13.attn.w_msa.qkv.bias - torch.Size([1536]): 
TruncNormalInit: a=-2, b=2, mean=0, std=0.02, bias=0.0 

backbone.stages.2.blocks.13.attn.w_msa.proj.weight - torch.Size([512, 512]): 
TruncNormalInit: a=-2, b=2, mean=0, std=0.02, bias=0.0 

backbone.stages.2.blocks.13.attn.w_msa.proj.bias - torch.Size([512]): 
TruncNormalInit: a=-2, b=2, mean=0, std=0.02, bias=0.0 

backbone.stages.2.blocks.13.norm2.weight - torch.Size([512]): 
The value is the same before and after calling `init_weights` of ImageClassifier  

backbone.stages.2.blocks.13.norm2.bias - torch.Size([512]): 
The value is the same before and after calling `init_weights` of ImageClassifier  

backbone.stages.2.blocks.13.ffn.layers.0.0.weight - torch.Size([2048, 512]): 
TruncNormalInit: a=-2, b=2, mean=0, std=0.02, bias=0.0 

backbone.stages.2.blocks.13.ffn.layers.0.0.bias - torch.Size([2048]): 
TruncNormalInit: a=-2, b=2, mean=0, std=0.02, bias=0.0 

backbone.stages.2.blocks.13.ffn.layers.1.weight - torch.Size([512, 2048]): 
TruncNormalInit: a=-2, b=2, mean=0, std=0.02, bias=0.0 

backbone.stages.2.blocks.13.ffn.layers.1.bias - torch.Size([512]): 
TruncNormalInit: a=-2, b=2, mean=0, std=0.02, bias=0.0 

backbone.stages.2.blocks.14.norm1.weight - torch.Size([512]): 
The value is the same before and after calling `init_weights` of ImageClassifier  

backbone.stages.2.blocks.14.norm1.bias - torch.Size([512]): 
The value is the same before and after calling `init_weights` of ImageClassifier  

backbone.stages.2.blocks.14.attn.w_msa.relative_position_bias_table - torch.Size([169, 16]): 
Initialized by user-defined `init_weights` in WindowMSA  

backbone.stages.2.blocks.14.attn.w_msa.qkv.weight - torch.Size([1536, 512]): 
TruncNormalInit: a=-2, b=2, mean=0, std=0.02, bias=0.0 

backbone.stages.2.blocks.14.attn.w_msa.qkv.bias - torch.Size([1536]): 
TruncNormalInit: a=-2, b=2, mean=0, std=0.02, bias=0.0 

backbone.stages.2.blocks.14.attn.w_msa.proj.weight - torch.Size([512, 512]): 
TruncNormalInit: a=-2, b=2, mean=0, std=0.02, bias=0.0 

backbone.stages.2.blocks.14.attn.w_msa.proj.bias - torch.Size([512]): 
TruncNormalInit: a=-2, b=2, mean=0, std=0.02, bias=0.0 

backbone.stages.2.blocks.14.norm2.weight - torch.Size([512]): 
The value is the same before and after calling `init_weights` of ImageClassifier  

backbone.stages.2.blocks.14.norm2.bias - torch.Size([512]): 
The value is the same before and after calling `init_weights` of ImageClassifier  

backbone.stages.2.blocks.14.ffn.layers.0.0.weight - torch.Size([2048, 512]): 
TruncNormalInit: a=-2, b=2, mean=0, std=0.02, bias=0.0 

backbone.stages.2.blocks.14.ffn.layers.0.0.bias - torch.Size([2048]): 
TruncNormalInit: a=-2, b=2, mean=0, std=0.02, bias=0.0 

backbone.stages.2.blocks.14.ffn.layers.1.weight - torch.Size([512, 2048]): 
TruncNormalInit: a=-2, b=2, mean=0, std=0.02, bias=0.0 

backbone.stages.2.blocks.14.ffn.layers.1.bias - torch.Size([512]): 
TruncNormalInit: a=-2, b=2, mean=0, std=0.02, bias=0.0 

backbone.stages.2.blocks.15.norm1.weight - torch.Size([512]): 
The value is the same before and after calling `init_weights` of ImageClassifier  

backbone.stages.2.blocks.15.norm1.bias - torch.Size([512]): 
The value is the same before and after calling `init_weights` of ImageClassifier  

backbone.stages.2.blocks.15.attn.w_msa.relative_position_bias_table - torch.Size([169, 16]): 
Initialized by user-defined `init_weights` in WindowMSA  

backbone.stages.2.blocks.15.attn.w_msa.qkv.weight - torch.Size([1536, 512]): 
TruncNormalInit: a=-2, b=2, mean=0, std=0.02, bias=0.0 

backbone.stages.2.blocks.15.attn.w_msa.qkv.bias - torch.Size([1536]): 
TruncNormalInit: a=-2, b=2, mean=0, std=0.02, bias=0.0 

backbone.stages.2.blocks.15.attn.w_msa.proj.weight - torch.Size([512, 512]): 
TruncNormalInit: a=-2, b=2, mean=0, std=0.02, bias=0.0 

backbone.stages.2.blocks.15.attn.w_msa.proj.bias - torch.Size([512]): 
TruncNormalInit: a=-2, b=2, mean=0, std=0.02, bias=0.0 

backbone.stages.2.blocks.15.norm2.weight - torch.Size([512]): 
The value is the same before and after calling `init_weights` of ImageClassifier  

backbone.stages.2.blocks.15.norm2.bias - torch.Size([512]): 
The value is the same before and after calling `init_weights` of ImageClassifier  

backbone.stages.2.blocks.15.ffn.layers.0.0.weight - torch.Size([2048, 512]): 
TruncNormalInit: a=-2, b=2, mean=0, std=0.02, bias=0.0 

backbone.stages.2.blocks.15.ffn.layers.0.0.bias - torch.Size([2048]): 
TruncNormalInit: a=-2, b=2, mean=0, std=0.02, bias=0.0 

backbone.stages.2.blocks.15.ffn.layers.1.weight - torch.Size([512, 2048]): 
TruncNormalInit: a=-2, b=2, mean=0, std=0.02, bias=0.0 

backbone.stages.2.blocks.15.ffn.layers.1.bias - torch.Size([512]): 
TruncNormalInit: a=-2, b=2, mean=0, std=0.02, bias=0.0 

backbone.stages.2.blocks.16.norm1.weight - torch.Size([512]): 
The value is the same before and after calling `init_weights` of ImageClassifier  

backbone.stages.2.blocks.16.norm1.bias - torch.Size([512]): 
The value is the same before and after calling `init_weights` of ImageClassifier  

backbone.stages.2.blocks.16.attn.w_msa.relative_position_bias_table - torch.Size([169, 16]): 
Initialized by user-defined `init_weights` in WindowMSA  

backbone.stages.2.blocks.16.attn.w_msa.qkv.weight - torch.Size([1536, 512]): 
TruncNormalInit: a=-2, b=2, mean=0, std=0.02, bias=0.0 

backbone.stages.2.blocks.16.attn.w_msa.qkv.bias - torch.Size([1536]): 
TruncNormalInit: a=-2, b=2, mean=0, std=0.02, bias=0.0 

backbone.stages.2.blocks.16.attn.w_msa.proj.weight - torch.Size([512, 512]): 
TruncNormalInit: a=-2, b=2, mean=0, std=0.02, bias=0.0 

backbone.stages.2.blocks.16.attn.w_msa.proj.bias - torch.Size([512]): 
TruncNormalInit: a=-2, b=2, mean=0, std=0.02, bias=0.0 

backbone.stages.2.blocks.16.norm2.weight - torch.Size([512]): 
The value is the same before and after calling `init_weights` of ImageClassifier  

backbone.stages.2.blocks.16.norm2.bias - torch.Size([512]): 
The value is the same before and after calling `init_weights` of ImageClassifier  

backbone.stages.2.blocks.16.ffn.layers.0.0.weight - torch.Size([2048, 512]): 
TruncNormalInit: a=-2, b=2, mean=0, std=0.02, bias=0.0 

backbone.stages.2.blocks.16.ffn.layers.0.0.bias - torch.Size([2048]): 
TruncNormalInit: a=-2, b=2, mean=0, std=0.02, bias=0.0 

backbone.stages.2.blocks.16.ffn.layers.1.weight - torch.Size([512, 2048]): 
TruncNormalInit: a=-2, b=2, mean=0, std=0.02, bias=0.0 

backbone.stages.2.blocks.16.ffn.layers.1.bias - torch.Size([512]): 
TruncNormalInit: a=-2, b=2, mean=0, std=0.02, bias=0.0 

backbone.stages.2.blocks.17.norm1.weight - torch.Size([512]): 
The value is the same before and after calling `init_weights` of ImageClassifier  

backbone.stages.2.blocks.17.norm1.bias - torch.Size([512]): 
The value is the same before and after calling `init_weights` of ImageClassifier  

backbone.stages.2.blocks.17.attn.w_msa.relative_position_bias_table - torch.Size([169, 16]): 
Initialized by user-defined `init_weights` in WindowMSA  

backbone.stages.2.blocks.17.attn.w_msa.qkv.weight - torch.Size([1536, 512]): 
TruncNormalInit: a=-2, b=2, mean=0, std=0.02, bias=0.0 

backbone.stages.2.blocks.17.attn.w_msa.qkv.bias - torch.Size([1536]): 
TruncNormalInit: a=-2, b=2, mean=0, std=0.02, bias=0.0 

backbone.stages.2.blocks.17.attn.w_msa.proj.weight - torch.Size([512, 512]): 
TruncNormalInit: a=-2, b=2, mean=0, std=0.02, bias=0.0 

backbone.stages.2.blocks.17.attn.w_msa.proj.bias - torch.Size([512]): 
TruncNormalInit: a=-2, b=2, mean=0, std=0.02, bias=0.0 

backbone.stages.2.blocks.17.norm2.weight - torch.Size([512]): 
The value is the same before and after calling `init_weights` of ImageClassifier  

backbone.stages.2.blocks.17.norm2.bias - torch.Size([512]): 
The value is the same before and after calling `init_weights` of ImageClassifier  

backbone.stages.2.blocks.17.ffn.layers.0.0.weight - torch.Size([2048, 512]): 
TruncNormalInit: a=-2, b=2, mean=0, std=0.02, bias=0.0 

backbone.stages.2.blocks.17.ffn.layers.0.0.bias - torch.Size([2048]): 
TruncNormalInit: a=-2, b=2, mean=0, std=0.02, bias=0.0 

backbone.stages.2.blocks.17.ffn.layers.1.weight - torch.Size([512, 2048]): 
TruncNormalInit: a=-2, b=2, mean=0, std=0.02, bias=0.0 

backbone.stages.2.blocks.17.ffn.layers.1.bias - torch.Size([512]): 
TruncNormalInit: a=-2, b=2, mean=0, std=0.02, bias=0.0 

backbone.stages.2.downsample.norm.weight - torch.Size([2048]): 
The value is the same before and after calling `init_weights` of ImageClassifier  

backbone.stages.2.downsample.norm.bias - torch.Size([2048]): 
The value is the same before and after calling `init_weights` of ImageClassifier  

backbone.stages.2.downsample.reduction.weight - torch.Size([1024, 2048]): 
TruncNormalInit: a=-2, b=2, mean=0, std=0.02, bias=0.0 

backbone.stages.3.blocks.0.norm1.weight - torch.Size([1024]): 
The value is the same before and after calling `init_weights` of ImageClassifier  

backbone.stages.3.blocks.0.norm1.bias - torch.Size([1024]): 
The value is the same before and after calling `init_weights` of ImageClassifier  

backbone.stages.3.blocks.0.attn.w_msa.relative_position_bias_table - torch.Size([169, 32]): 
Initialized by user-defined `init_weights` in WindowMSA  

backbone.stages.3.blocks.0.attn.w_msa.qkv.weight - torch.Size([3072, 1024]): 
TruncNormalInit: a=-2, b=2, mean=0, std=0.02, bias=0.0 

backbone.stages.3.blocks.0.attn.w_msa.qkv.bias - torch.Size([3072]): 
TruncNormalInit: a=-2, b=2, mean=0, std=0.02, bias=0.0 

backbone.stages.3.blocks.0.attn.w_msa.proj.weight - torch.Size([1024, 1024]): 
TruncNormalInit: a=-2, b=2, mean=0, std=0.02, bias=0.0 

backbone.stages.3.blocks.0.attn.w_msa.proj.bias - torch.Size([1024]): 
TruncNormalInit: a=-2, b=2, mean=0, std=0.02, bias=0.0 

backbone.stages.3.blocks.0.norm2.weight - torch.Size([1024]): 
The value is the same before and after calling `init_weights` of ImageClassifier  

backbone.stages.3.blocks.0.norm2.bias - torch.Size([1024]): 
The value is the same before and after calling `init_weights` of ImageClassifier  

backbone.stages.3.blocks.0.ffn.layers.0.0.weight - torch.Size([4096, 1024]): 
TruncNormalInit: a=-2, b=2, mean=0, std=0.02, bias=0.0 

backbone.stages.3.blocks.0.ffn.layers.0.0.bias - torch.Size([4096]): 
TruncNormalInit: a=-2, b=2, mean=0, std=0.02, bias=0.0 

backbone.stages.3.blocks.0.ffn.layers.1.weight - torch.Size([1024, 4096]): 
TruncNormalInit: a=-2, b=2, mean=0, std=0.02, bias=0.0 

backbone.stages.3.blocks.0.ffn.layers.1.bias - torch.Size([1024]): 
TruncNormalInit: a=-2, b=2, mean=0, std=0.02, bias=0.0 

backbone.stages.3.blocks.1.norm1.weight - torch.Size([1024]): 
The value is the same before and after calling `init_weights` of ImageClassifier  

backbone.stages.3.blocks.1.norm1.bias - torch.Size([1024]): 
The value is the same before and after calling `init_weights` of ImageClassifier  

backbone.stages.3.blocks.1.attn.w_msa.relative_position_bias_table - torch.Size([169, 32]): 
Initialized by user-defined `init_weights` in WindowMSA  

backbone.stages.3.blocks.1.attn.w_msa.qkv.weight - torch.Size([3072, 1024]): 
TruncNormalInit: a=-2, b=2, mean=0, std=0.02, bias=0.0 

backbone.stages.3.blocks.1.attn.w_msa.qkv.bias - torch.Size([3072]): 
TruncNormalInit: a=-2, b=2, mean=0, std=0.02, bias=0.0 

backbone.stages.3.blocks.1.attn.w_msa.proj.weight - torch.Size([1024, 1024]): 
TruncNormalInit: a=-2, b=2, mean=0, std=0.02, bias=0.0 

backbone.stages.3.blocks.1.attn.w_msa.proj.bias - torch.Size([1024]): 
TruncNormalInit: a=-2, b=2, mean=0, std=0.02, bias=0.0 

backbone.stages.3.blocks.1.norm2.weight - torch.Size([1024]): 
The value is the same before and after calling `init_weights` of ImageClassifier  

backbone.stages.3.blocks.1.norm2.bias - torch.Size([1024]): 
The value is the same before and after calling `init_weights` of ImageClassifier  

backbone.stages.3.blocks.1.ffn.layers.0.0.weight - torch.Size([4096, 1024]): 
TruncNormalInit: a=-2, b=2, mean=0, std=0.02, bias=0.0 

backbone.stages.3.blocks.1.ffn.layers.0.0.bias - torch.Size([4096]): 
TruncNormalInit: a=-2, b=2, mean=0, std=0.02, bias=0.0 

backbone.stages.3.blocks.1.ffn.layers.1.weight - torch.Size([1024, 4096]): 
TruncNormalInit: a=-2, b=2, mean=0, std=0.02, bias=0.0 

backbone.stages.3.blocks.1.ffn.layers.1.bias - torch.Size([1024]): 
TruncNormalInit: a=-2, b=2, mean=0, std=0.02, bias=0.0 

backbone.norm3.weight - torch.Size([1024]): 
The value is the same before and after calling `init_weights` of ImageClassifier  

backbone.norm3.bias - torch.Size([1024]): 
The value is the same before and after calling `init_weights` of ImageClassifier  

head.fc.weight - torch.Size([17, 1024]): 
TruncNormalInit: a=-2, b=2, mean=0, std=0.02, bias=0.0 

head.fc.bias - torch.Size([17]): 
TruncNormalInit: a=-2, b=2, mean=0, std=0.02, bias=0.0 
2024-04-14 08:56:37,564 - mmcls - INFO - Start running, host: cshtimmy@gpu2-comp-122, work_dir: /userhome/cs2/cshtimmy/COMP3340Project/CNN_Image_Classification_Code/output/swin_transformer_no_StochasticDepth/bs32/lr0.001
2024-04-14 08:56:37,564 - mmcls - INFO - Hooks will be executed in the following order:
before_run:
(VERY_HIGH   ) StepLrUpdaterHook                  
(NORMAL      ) CheckpointHook                     
(NORMAL      ) EvalHook                           
(VERY_LOW    ) TextLoggerHook                     
 -------------------- 
before_train_epoch:
(VERY_HIGH   ) StepLrUpdaterHook                  
(NORMAL      ) EvalHook                           
(LOW         ) IterTimerHook                      
(VERY_LOW    ) TextLoggerHook                     
 -------------------- 
before_train_iter:
(VERY_HIGH   ) StepLrUpdaterHook                  
(NORMAL      ) EvalHook                           
(LOW         ) IterTimerHook                      
 -------------------- 
after_train_iter:
(ABOVE_NORMAL) OptimizerHook                      
(NORMAL      ) CheckpointHook                     
(NORMAL      ) EvalHook                           
(LOW         ) IterTimerHook                      
(VERY_LOW    ) TextLoggerHook                     
 -------------------- 
after_train_epoch:
(NORMAL      ) CheckpointHook                     
(NORMAL      ) EvalHook                           
(VERY_LOW    ) TextLoggerHook                     
 -------------------- 
before_val_epoch:
(LOW         ) IterTimerHook                      
(VERY_LOW    ) TextLoggerHook                     
 -------------------- 
before_val_iter:
(LOW         ) IterTimerHook                      
 -------------------- 
after_val_iter:
(LOW         ) IterTimerHook                      
 -------------------- 
after_val_epoch:
(VERY_LOW    ) TextLoggerHook                     
 -------------------- 
after_run:
(VERY_LOW    ) TextLoggerHook                     
 -------------------- 
2024-04-14 08:56:37,565 - mmcls - INFO - workflow: [('train', 1)], max: 200 epochs
2024-04-14 08:56:37,565 - mmcls - INFO - Checkpoints will be saved to /userhome/cs2/cshtimmy/COMP3340Project/CNN_Image_Classification_Code/output/swin_transformer_no_StochasticDepth/bs32/lr0.001 by HardDiskBackend.
2024-04-14 08:56:59,805 - mmcls - INFO - Epoch(val) [1][5]	accuracy_top-1: 21.3235, accuracy_top-5: 75.0000
2024-04-14 08:57:21,158 - mmcls - INFO - Epoch(val) [2][5]	accuracy_top-1: 28.6765, accuracy_top-5: 73.5294
2024-04-14 08:57:43,056 - mmcls - INFO - Epoch(val) [3][5]	accuracy_top-1: 30.8824, accuracy_top-5: 80.8824
2024-04-14 08:58:05,021 - mmcls - INFO - Epoch(val) [4][5]	accuracy_top-1: 38.2353, accuracy_top-5: 85.2941
2024-04-14 08:58:27,208 - mmcls - INFO - Epoch(val) [5][5]	accuracy_top-1: 36.0294, accuracy_top-5: 86.7647
2024-04-14 08:58:49,208 - mmcls - INFO - Epoch(val) [6][5]	accuracy_top-1: 36.0294, accuracy_top-5: 88.2353
2024-04-14 08:59:11,590 - mmcls - INFO - Epoch(val) [7][5]	accuracy_top-1: 44.8529, accuracy_top-5: 91.1765
2024-04-14 08:59:34,486 - mmcls - INFO - Epoch(val) [8][5]	accuracy_top-1: 47.0588, accuracy_top-5: 91.1765
2024-04-14 08:59:57,478 - mmcls - INFO - Epoch(val) [9][5]	accuracy_top-1: 53.6765, accuracy_top-5: 89.7059
2024-04-14 09:00:20,494 - mmcls - INFO - Epoch(val) [10][5]	accuracy_top-1: 47.7941, accuracy_top-5: 91.1765
2024-04-14 09:00:43,878 - mmcls - INFO - Epoch(val) [11][5]	accuracy_top-1: 51.4706, accuracy_top-5: 90.4412
2024-04-14 09:01:07,112 - mmcls - INFO - Epoch(val) [12][5]	accuracy_top-1: 43.3824, accuracy_top-5: 87.5000
2024-04-14 09:01:30,663 - mmcls - INFO - Epoch(val) [13][5]	accuracy_top-1: 51.4706, accuracy_top-5: 92.6471
2024-04-14 09:01:54,095 - mmcls - INFO - Epoch(val) [14][5]	accuracy_top-1: 52.9412, accuracy_top-5: 90.4412
2024-04-14 09:02:17,763 - mmcls - INFO - Epoch(val) [15][5]	accuracy_top-1: 55.1471, accuracy_top-5: 93.3824
2024-04-14 09:02:41,247 - mmcls - INFO - Epoch(val) [16][5]	accuracy_top-1: 55.8824, accuracy_top-5: 92.6471
2024-04-14 09:03:04,669 - mmcls - INFO - Epoch(val) [17][5]	accuracy_top-1: 52.2059, accuracy_top-5: 90.4412
2024-04-14 09:03:28,188 - mmcls - INFO - Epoch(val) [18][5]	accuracy_top-1: 52.2059, accuracy_top-5: 93.3824
2024-04-14 09:03:51,793 - mmcls - INFO - Epoch(val) [19][5]	accuracy_top-1: 55.8824, accuracy_top-5: 93.3824
2024-04-14 09:04:15,145 - mmcls - INFO - Epoch(val) [20][5]	accuracy_top-1: 55.1471, accuracy_top-5: 90.4412
2024-04-14 09:04:38,577 - mmcls - INFO - Epoch(val) [21][5]	accuracy_top-1: 55.1471, accuracy_top-5: 94.1176
2024-04-14 09:05:02,230 - mmcls - INFO - Epoch(val) [22][5]	accuracy_top-1: 58.0882, accuracy_top-5: 90.4412
2024-04-14 09:05:25,700 - mmcls - INFO - Epoch(val) [23][5]	accuracy_top-1: 58.0882, accuracy_top-5: 92.6471
2024-04-14 09:05:49,140 - mmcls - INFO - Epoch(val) [24][5]	accuracy_top-1: 56.6176, accuracy_top-5: 93.3824
2024-04-14 09:06:12,804 - mmcls - INFO - Epoch(val) [25][5]	accuracy_top-1: 52.9412, accuracy_top-5: 93.3824
2024-04-14 09:06:36,114 - mmcls - INFO - Epoch(val) [26][5]	accuracy_top-1: 60.2941, accuracy_top-5: 92.6471
2024-04-14 09:06:59,655 - mmcls - INFO - Epoch(val) [27][5]	accuracy_top-1: 62.5000, accuracy_top-5: 91.1765
2024-04-14 09:07:23,139 - mmcls - INFO - Epoch(val) [28][5]	accuracy_top-1: 54.4118, accuracy_top-5: 91.1765
2024-04-14 09:07:46,992 - mmcls - INFO - Epoch(val) [29][5]	accuracy_top-1: 65.4412, accuracy_top-5: 91.1765
2024-04-14 09:08:10,469 - mmcls - INFO - Epoch(val) [30][5]	accuracy_top-1: 58.8235, accuracy_top-5: 91.9118
2024-04-14 09:08:33,905 - mmcls - INFO - Epoch(val) [31][5]	accuracy_top-1: 60.2941, accuracy_top-5: 94.1176
2024-04-14 09:08:57,172 - mmcls - INFO - Epoch(val) [32][5]	accuracy_top-1: 58.0882, accuracy_top-5: 92.6471
2024-04-14 09:09:20,306 - mmcls - INFO - Epoch(val) [33][5]	accuracy_top-1: 65.4412, accuracy_top-5: 92.6471
2024-04-14 09:09:43,639 - mmcls - INFO - Epoch(val) [34][5]	accuracy_top-1: 66.1765, accuracy_top-5: 94.1176
2024-04-14 09:10:06,793 - mmcls - INFO - Epoch(val) [35][5]	accuracy_top-1: 61.0294, accuracy_top-5: 93.3824
2024-04-14 09:10:29,913 - mmcls - INFO - Epoch(val) [36][5]	accuracy_top-1: 61.7647, accuracy_top-5: 94.1176
2024-04-14 09:10:53,098 - mmcls - INFO - Epoch(val) [37][5]	accuracy_top-1: 61.7647, accuracy_top-5: 91.1765
2024-04-14 09:11:16,287 - mmcls - INFO - Epoch(val) [38][5]	accuracy_top-1: 68.3824, accuracy_top-5: 92.6471
2024-04-14 09:11:39,074 - mmcls - INFO - Epoch(val) [39][5]	accuracy_top-1: 69.1176, accuracy_top-5: 94.1176
2024-04-14 09:12:01,738 - mmcls - INFO - Epoch(val) [40][5]	accuracy_top-1: 69.1176, accuracy_top-5: 95.5882
2024-04-14 09:12:24,331 - mmcls - INFO - Epoch(val) [41][5]	accuracy_top-1: 64.7059, accuracy_top-5: 93.3824
2024-04-14 09:12:47,451 - mmcls - INFO - Epoch(val) [42][5]	accuracy_top-1: 67.6471, accuracy_top-5: 94.1176
2024-04-14 09:13:10,417 - mmcls - INFO - Epoch(val) [43][5]	accuracy_top-1: 67.6471, accuracy_top-5: 94.8529
2024-04-14 09:13:33,469 - mmcls - INFO - Epoch(val) [44][5]	accuracy_top-1: 68.3824, accuracy_top-5: 93.3824
2024-04-14 09:13:56,632 - mmcls - INFO - Epoch(val) [45][5]	accuracy_top-1: 66.1765, accuracy_top-5: 95.5882
2024-04-14 09:14:19,639 - mmcls - INFO - Epoch(val) [46][5]	accuracy_top-1: 62.5000, accuracy_top-5: 95.5882
2024-04-14 09:14:42,579 - mmcls - INFO - Epoch(val) [47][5]	accuracy_top-1: 63.9706, accuracy_top-5: 93.3824
2024-04-14 09:15:05,535 - mmcls - INFO - Epoch(val) [48][5]	accuracy_top-1: 66.1765, accuracy_top-5: 94.1176
2024-04-14 09:15:28,507 - mmcls - INFO - Epoch(val) [49][5]	accuracy_top-1: 67.6471, accuracy_top-5: 94.8529
2024-04-14 09:15:51,451 - mmcls - INFO - Epoch(val) [50][5]	accuracy_top-1: 63.9706, accuracy_top-5: 94.1176
2024-04-14 09:16:14,405 - mmcls - INFO - Epoch(val) [51][5]	accuracy_top-1: 63.9706, accuracy_top-5: 93.3824
2024-04-14 09:16:37,532 - mmcls - INFO - Epoch(val) [52][5]	accuracy_top-1: 69.1176, accuracy_top-5: 94.1176
2024-04-14 09:17:00,427 - mmcls - INFO - Epoch(val) [53][5]	accuracy_top-1: 65.4412, accuracy_top-5: 92.6471
2024-04-14 09:17:23,360 - mmcls - INFO - Epoch(val) [54][5]	accuracy_top-1: 67.6471, accuracy_top-5: 94.1176
2024-04-14 09:17:46,355 - mmcls - INFO - Epoch(val) [55][5]	accuracy_top-1: 68.3824, accuracy_top-5: 94.8529
2024-04-14 09:18:09,026 - mmcls - INFO - Epoch(val) [56][5]	accuracy_top-1: 72.0588, accuracy_top-5: 93.3824
2024-04-14 09:18:32,030 - mmcls - INFO - Epoch(val) [57][5]	accuracy_top-1: 69.8529, accuracy_top-5: 93.3824
2024-04-14 09:18:54,999 - mmcls - INFO - Epoch(val) [58][5]	accuracy_top-1: 70.5882, accuracy_top-5: 95.5882
2024-04-14 09:19:17,886 - mmcls - INFO - Epoch(val) [59][5]	accuracy_top-1: 67.6471, accuracy_top-5: 92.6471
2024-04-14 09:19:40,753 - mmcls - INFO - Epoch(val) [60][5]	accuracy_top-1: 67.6471, accuracy_top-5: 95.5882
2024-04-14 09:20:03,813 - mmcls - INFO - Epoch(val) [61][5]	accuracy_top-1: 73.5294, accuracy_top-5: 95.5882
2024-04-14 09:20:26,823 - mmcls - INFO - Epoch(val) [62][5]	accuracy_top-1: 63.9706, accuracy_top-5: 96.3235
2024-04-14 09:20:49,976 - mmcls - INFO - Epoch(val) [63][5]	accuracy_top-1: 70.5882, accuracy_top-5: 94.8529
2024-04-14 09:21:13,133 - mmcls - INFO - Epoch(val) [64][5]	accuracy_top-1: 74.2647, accuracy_top-5: 93.3824
2024-04-14 09:21:36,180 - mmcls - INFO - Epoch(val) [65][5]	accuracy_top-1: 69.1176, accuracy_top-5: 93.3824
2024-04-14 09:21:59,286 - mmcls - INFO - Epoch(val) [66][5]	accuracy_top-1: 67.6471, accuracy_top-5: 93.3824
2024-04-14 09:22:22,460 - mmcls - INFO - Epoch(val) [67][5]	accuracy_top-1: 75.7353, accuracy_top-5: 91.9118
2024-04-14 09:22:45,569 - mmcls - INFO - Epoch(val) [68][5]	accuracy_top-1: 67.6471, accuracy_top-5: 95.5882
2024-04-14 09:23:08,739 - mmcls - INFO - Epoch(val) [69][5]	accuracy_top-1: 73.5294, accuracy_top-5: 97.0588
2024-04-14 09:23:31,837 - mmcls - INFO - Epoch(val) [70][5]	accuracy_top-1: 73.5294, accuracy_top-5: 95.5882
2024-04-14 09:23:54,806 - mmcls - INFO - Epoch(val) [71][5]	accuracy_top-1: 72.7941, accuracy_top-5: 96.3235
2024-04-14 09:24:17,764 - mmcls - INFO - Epoch(val) [72][5]	accuracy_top-1: 73.5294, accuracy_top-5: 95.5882
2024-04-14 09:24:40,713 - mmcls - INFO - Epoch(val) [73][5]	accuracy_top-1: 72.0588, accuracy_top-5: 97.0588
2024-04-14 09:25:03,694 - mmcls - INFO - Epoch(val) [74][5]	accuracy_top-1: 72.7941, accuracy_top-5: 95.5882
2024-04-14 09:25:26,759 - mmcls - INFO - Epoch(val) [75][5]	accuracy_top-1: 71.3235, accuracy_top-5: 96.3235
2024-04-14 09:25:49,877 - mmcls - INFO - Epoch(val) [76][5]	accuracy_top-1: 69.8529, accuracy_top-5: 96.3235
2024-04-14 09:26:12,688 - mmcls - INFO - Epoch(val) [77][5]	accuracy_top-1: 72.0588, accuracy_top-5: 96.3235
2024-04-14 09:26:35,552 - mmcls - INFO - Epoch(val) [78][5]	accuracy_top-1: 74.2647, accuracy_top-5: 96.3235
2024-04-14 09:26:58,488 - mmcls - INFO - Epoch(val) [79][5]	accuracy_top-1: 73.5294, accuracy_top-5: 97.7941
2024-04-14 09:27:21,554 - mmcls - INFO - Epoch(val) [80][5]	accuracy_top-1: 72.0588, accuracy_top-5: 97.0588
2024-04-14 09:27:44,337 - mmcls - INFO - Epoch(val) [81][5]	accuracy_top-1: 75.7353, accuracy_top-5: 95.5882
2024-04-14 09:28:06,791 - mmcls - INFO - Epoch(val) [82][5]	accuracy_top-1: 74.2647, accuracy_top-5: 97.0588
2024-04-14 09:28:29,872 - mmcls - INFO - Epoch(val) [83][5]	accuracy_top-1: 75.7353, accuracy_top-5: 97.0588
2024-04-14 09:28:52,548 - mmcls - INFO - Epoch(val) [84][5]	accuracy_top-1: 70.5882, accuracy_top-5: 97.7941
2024-04-14 09:29:15,535 - mmcls - INFO - Epoch(val) [85][5]	accuracy_top-1: 73.5294, accuracy_top-5: 95.5882
2024-04-14 09:29:38,127 - mmcls - INFO - Epoch(val) [86][5]	accuracy_top-1: 73.5294, accuracy_top-5: 98.5294
2024-04-14 09:30:00,592 - mmcls - INFO - Epoch(val) [87][5]	accuracy_top-1: 74.2647, accuracy_top-5: 97.0588
2024-04-14 09:30:22,887 - mmcls - INFO - Epoch(val) [88][5]	accuracy_top-1: 74.2647, accuracy_top-5: 96.3235
2024-04-14 09:30:45,695 - mmcls - INFO - Epoch(val) [89][5]	accuracy_top-1: 73.5294, accuracy_top-5: 97.7941
2024-04-14 09:31:08,724 - mmcls - INFO - Epoch(val) [90][5]	accuracy_top-1: 71.3235, accuracy_top-5: 95.5882
2024-04-14 09:31:31,719 - mmcls - INFO - Epoch(val) [91][5]	accuracy_top-1: 72.7941, accuracy_top-5: 96.3235
2024-04-14 09:31:54,684 - mmcls - INFO - Epoch(val) [92][5]	accuracy_top-1: 77.9412, accuracy_top-5: 96.3235
2024-04-14 09:32:17,693 - mmcls - INFO - Epoch(val) [93][5]	accuracy_top-1: 75.7353, accuracy_top-5: 94.8529
2024-04-14 09:32:40,858 - mmcls - INFO - Epoch(val) [94][5]	accuracy_top-1: 75.0000, accuracy_top-5: 97.0588
2024-04-14 09:33:04,072 - mmcls - INFO - Epoch(val) [95][5]	accuracy_top-1: 72.0588, accuracy_top-5: 97.7941
2024-04-14 09:33:27,079 - mmcls - INFO - Epoch(val) [96][5]	accuracy_top-1: 75.0000, accuracy_top-5: 96.3235
2024-04-14 09:33:49,954 - mmcls - INFO - Epoch(val) [97][5]	accuracy_top-1: 75.7353, accuracy_top-5: 98.5294
2024-04-14 09:34:12,854 - mmcls - INFO - Epoch(val) [98][5]	accuracy_top-1: 75.0000, accuracy_top-5: 98.5294
2024-04-14 09:34:35,940 - mmcls - INFO - Epoch(val) [99][5]	accuracy_top-1: 70.5882, accuracy_top-5: 99.2647
2024-04-14 09:34:57,729 - mmcls - INFO - Saving checkpoint at 100 epochs
2024-04-14 09:35:02,992 - mmcls - INFO - Epoch(val) [100][5]	accuracy_top-1: 75.7353, accuracy_top-5: 99.2647
2024-04-14 09:35:25,463 - mmcls - INFO - Epoch(val) [101][5]	accuracy_top-1: 76.4706, accuracy_top-5: 98.5294
2024-04-14 09:35:48,409 - mmcls - INFO - Epoch(val) [102][5]	accuracy_top-1: 76.4706, accuracy_top-5: 99.2647
2024-04-14 09:36:11,560 - mmcls - INFO - Epoch(val) [103][5]	accuracy_top-1: 76.4706, accuracy_top-5: 99.2647
2024-04-14 09:36:34,897 - mmcls - INFO - Epoch(val) [104][5]	accuracy_top-1: 76.4706, accuracy_top-5: 99.2647
2024-04-14 09:36:58,042 - mmcls - INFO - Epoch(val) [105][5]	accuracy_top-1: 77.9412, accuracy_top-5: 98.5294
2024-04-14 09:37:20,764 - mmcls - INFO - Epoch(val) [106][5]	accuracy_top-1: 75.0000, accuracy_top-5: 99.2647
2024-04-14 09:37:43,620 - mmcls - INFO - Epoch(val) [107][5]	accuracy_top-1: 76.4706, accuracy_top-5: 99.2647
2024-04-14 09:38:06,855 - mmcls - INFO - Epoch(val) [108][5]	accuracy_top-1: 77.2059, accuracy_top-5: 99.2647
2024-04-14 09:38:29,991 - mmcls - INFO - Epoch(val) [109][5]	accuracy_top-1: 75.7353, accuracy_top-5: 97.7941
2024-04-14 09:38:52,740 - mmcls - INFO - Epoch(val) [110][5]	accuracy_top-1: 77.2059, accuracy_top-5: 98.5294
2024-04-14 09:39:15,290 - mmcls - INFO - Epoch(val) [111][5]	accuracy_top-1: 77.2059, accuracy_top-5: 99.2647
2024-04-14 09:39:37,842 - mmcls - INFO - Epoch(val) [112][5]	accuracy_top-1: 77.9412, accuracy_top-5: 99.2647
2024-04-14 09:40:00,834 - mmcls - INFO - Epoch(val) [113][5]	accuracy_top-1: 78.6765, accuracy_top-5: 99.2647
2024-04-14 09:40:24,024 - mmcls - INFO - Epoch(val) [114][5]	accuracy_top-1: 77.9412, accuracy_top-5: 98.5294
2024-04-14 09:40:47,210 - mmcls - INFO - Epoch(val) [115][5]	accuracy_top-1: 77.2059, accuracy_top-5: 98.5294
2024-04-14 09:41:10,448 - mmcls - INFO - Epoch(val) [116][5]	accuracy_top-1: 77.2059, accuracy_top-5: 98.5294
2024-04-14 09:41:33,633 - mmcls - INFO - Epoch(val) [117][5]	accuracy_top-1: 78.6765, accuracy_top-5: 99.2647
2024-04-14 09:41:56,701 - mmcls - INFO - Epoch(val) [118][5]	accuracy_top-1: 77.2059, accuracy_top-5: 99.2647
2024-04-14 09:42:19,609 - mmcls - INFO - Epoch(val) [119][5]	accuracy_top-1: 80.1471, accuracy_top-5: 99.2647
2024-04-14 09:42:42,639 - mmcls - INFO - Epoch(val) [120][5]	accuracy_top-1: 76.4706, accuracy_top-5: 99.2647
2024-04-14 09:43:05,495 - mmcls - INFO - Epoch(val) [121][5]	accuracy_top-1: 77.2059, accuracy_top-5: 98.5294
2024-04-14 09:43:28,324 - mmcls - INFO - Epoch(val) [122][5]	accuracy_top-1: 77.2059, accuracy_top-5: 98.5294
2024-04-14 09:43:51,278 - mmcls - INFO - Epoch(val) [123][5]	accuracy_top-1: 76.4706, accuracy_top-5: 98.5294
2024-04-14 09:44:14,169 - mmcls - INFO - Epoch(val) [124][5]	accuracy_top-1: 75.7353, accuracy_top-5: 99.2647
2024-04-14 09:44:37,070 - mmcls - INFO - Epoch(val) [125][5]	accuracy_top-1: 77.9412, accuracy_top-5: 98.5294
2024-04-14 09:45:00,206 - mmcls - INFO - Epoch(val) [126][5]	accuracy_top-1: 77.2059, accuracy_top-5: 98.5294
2024-04-14 09:45:23,282 - mmcls - INFO - Epoch(val) [127][5]	accuracy_top-1: 76.4706, accuracy_top-5: 98.5294
2024-04-14 09:45:45,974 - mmcls - INFO - Epoch(val) [128][5]	accuracy_top-1: 75.7353, accuracy_top-5: 98.5294
2024-04-14 09:46:08,575 - mmcls - INFO - Epoch(val) [129][5]	accuracy_top-1: 76.4706, accuracy_top-5: 97.7941
2024-04-14 09:46:31,638 - mmcls - INFO - Epoch(val) [130][5]	accuracy_top-1: 76.4706, accuracy_top-5: 99.2647
2024-04-14 09:46:54,864 - mmcls - INFO - Epoch(val) [131][5]	accuracy_top-1: 75.0000, accuracy_top-5: 99.2647
2024-04-14 09:47:17,587 - mmcls - INFO - Epoch(val) [132][5]	accuracy_top-1: 76.4706, accuracy_top-5: 98.5294
2024-04-14 09:47:40,732 - mmcls - INFO - Epoch(val) [133][5]	accuracy_top-1: 77.9412, accuracy_top-5: 97.7941
2024-04-14 09:48:03,901 - mmcls - INFO - Epoch(val) [134][5]	accuracy_top-1: 76.4706, accuracy_top-5: 99.2647
2024-04-14 09:48:27,056 - mmcls - INFO - Epoch(val) [135][5]	accuracy_top-1: 75.0000, accuracy_top-5: 99.2647
2024-04-14 09:48:50,127 - mmcls - INFO - Epoch(val) [136][5]	accuracy_top-1: 77.9412, accuracy_top-5: 98.5294
2024-04-14 09:49:13,352 - mmcls - INFO - Epoch(val) [137][5]	accuracy_top-1: 78.6765, accuracy_top-5: 98.5294
2024-04-14 09:49:36,710 - mmcls - INFO - Epoch(val) [138][5]	accuracy_top-1: 77.2059, accuracy_top-5: 98.5294
2024-04-14 09:49:59,974 - mmcls - INFO - Epoch(val) [139][5]	accuracy_top-1: 76.4706, accuracy_top-5: 98.5294
2024-04-14 09:50:23,096 - mmcls - INFO - Epoch(val) [140][5]	accuracy_top-1: 77.9412, accuracy_top-5: 99.2647
2024-04-14 09:50:46,347 - mmcls - INFO - Epoch(val) [141][5]	accuracy_top-1: 77.2059, accuracy_top-5: 99.2647
2024-04-14 09:51:09,190 - mmcls - INFO - Epoch(val) [142][5]	accuracy_top-1: 77.9412, accuracy_top-5: 98.5294
2024-04-14 09:51:32,354 - mmcls - INFO - Epoch(val) [143][5]	accuracy_top-1: 78.6765, accuracy_top-5: 98.5294
2024-04-14 09:51:55,478 - mmcls - INFO - Epoch(val) [144][5]	accuracy_top-1: 77.9412, accuracy_top-5: 98.5294
2024-04-14 09:52:18,852 - mmcls - INFO - Epoch(val) [145][5]	accuracy_top-1: 79.4118, accuracy_top-5: 98.5294
2024-04-14 09:52:41,896 - mmcls - INFO - Epoch(val) [146][5]	accuracy_top-1: 79.4118, accuracy_top-5: 98.5294
2024-04-14 09:53:04,928 - mmcls - INFO - Epoch(val) [147][5]	accuracy_top-1: 77.2059, accuracy_top-5: 98.5294
2024-04-14 09:53:28,163 - mmcls - INFO - Epoch(val) [148][5]	accuracy_top-1: 77.2059, accuracy_top-5: 98.5294
2024-04-14 09:53:51,289 - mmcls - INFO - Epoch(val) [149][5]	accuracy_top-1: 77.2059, accuracy_top-5: 97.7941
2024-04-14 09:54:14,437 - mmcls - INFO - Epoch(val) [150][5]	accuracy_top-1: 76.4706, accuracy_top-5: 98.5294
2024-04-14 09:54:37,441 - mmcls - INFO - Epoch(val) [151][5]	accuracy_top-1: 77.2059, accuracy_top-5: 98.5294
2024-04-14 09:55:00,423 - mmcls - INFO - Epoch(val) [152][5]	accuracy_top-1: 77.2059, accuracy_top-5: 98.5294
2024-04-14 09:55:23,325 - mmcls - INFO - Epoch(val) [153][5]	accuracy_top-1: 77.2059, accuracy_top-5: 98.5294
2024-04-14 09:55:46,256 - mmcls - INFO - Epoch(val) [154][5]	accuracy_top-1: 77.2059, accuracy_top-5: 98.5294
2024-04-14 09:56:09,337 - mmcls - INFO - Epoch(val) [155][5]	accuracy_top-1: 77.2059, accuracy_top-5: 98.5294
2024-04-14 09:56:32,384 - mmcls - INFO - Epoch(val) [156][5]	accuracy_top-1: 77.9412, accuracy_top-5: 98.5294
2024-04-14 09:56:55,583 - mmcls - INFO - Epoch(val) [157][5]	accuracy_top-1: 77.2059, accuracy_top-5: 98.5294
2024-04-14 09:57:18,111 - mmcls - INFO - Epoch(val) [158][5]	accuracy_top-1: 77.9412, accuracy_top-5: 98.5294
2024-04-14 09:57:40,842 - mmcls - INFO - Epoch(val) [159][5]	accuracy_top-1: 77.2059, accuracy_top-5: 98.5294
2024-04-14 09:58:03,885 - mmcls - INFO - Epoch(val) [160][5]	accuracy_top-1: 77.2059, accuracy_top-5: 98.5294
2024-04-14 09:58:26,923 - mmcls - INFO - Epoch(val) [161][5]	accuracy_top-1: 77.2059, accuracy_top-5: 98.5294
2024-04-14 09:58:49,977 - mmcls - INFO - Epoch(val) [162][5]	accuracy_top-1: 76.4706, accuracy_top-5: 98.5294
2024-04-14 09:59:12,915 - mmcls - INFO - Epoch(val) [163][5]	accuracy_top-1: 76.4706, accuracy_top-5: 98.5294
2024-04-14 09:59:35,891 - mmcls - INFO - Epoch(val) [164][5]	accuracy_top-1: 77.2059, accuracy_top-5: 98.5294
2024-04-14 09:59:59,139 - mmcls - INFO - Epoch(val) [165][5]	accuracy_top-1: 77.9412, accuracy_top-5: 98.5294
2024-04-14 10:00:22,309 - mmcls - INFO - Epoch(val) [166][5]	accuracy_top-1: 76.4706, accuracy_top-5: 98.5294
2024-04-14 10:00:45,474 - mmcls - INFO - Epoch(val) [167][5]	accuracy_top-1: 77.2059, accuracy_top-5: 98.5294
2024-04-14 10:01:08,739 - mmcls - INFO - Epoch(val) [168][5]	accuracy_top-1: 77.2059, accuracy_top-5: 98.5294
2024-04-14 10:01:32,002 - mmcls - INFO - Epoch(val) [169][5]	accuracy_top-1: 77.9412, accuracy_top-5: 98.5294
2024-04-14 10:01:55,325 - mmcls - INFO - Epoch(val) [170][5]	accuracy_top-1: 77.2059, accuracy_top-5: 98.5294
2024-04-14 10:02:18,057 - mmcls - INFO - Epoch(val) [171][5]	accuracy_top-1: 77.2059, accuracy_top-5: 98.5294
2024-04-14 10:02:40,978 - mmcls - INFO - Epoch(val) [172][5]	accuracy_top-1: 76.4706, accuracy_top-5: 98.5294
2024-04-14 10:03:04,136 - mmcls - INFO - Epoch(val) [173][5]	accuracy_top-1: 77.2059, accuracy_top-5: 98.5294
2024-04-14 10:03:27,175 - mmcls - INFO - Epoch(val) [174][5]	accuracy_top-1: 77.2059, accuracy_top-5: 98.5294
2024-04-14 10:03:50,482 - mmcls - INFO - Epoch(val) [175][5]	accuracy_top-1: 78.6765, accuracy_top-5: 98.5294
2024-04-14 10:04:13,555 - mmcls - INFO - Epoch(val) [176][5]	accuracy_top-1: 77.9412, accuracy_top-5: 98.5294
2024-04-14 10:04:36,622 - mmcls - INFO - Epoch(val) [177][5]	accuracy_top-1: 77.9412, accuracy_top-5: 98.5294
2024-04-14 10:04:59,753 - mmcls - INFO - Epoch(val) [178][5]	accuracy_top-1: 77.9412, accuracy_top-5: 98.5294
2024-04-14 10:05:22,943 - mmcls - INFO - Epoch(val) [179][5]	accuracy_top-1: 76.4706, accuracy_top-5: 98.5294
2024-04-14 10:05:46,007 - mmcls - INFO - Epoch(val) [180][5]	accuracy_top-1: 77.2059, accuracy_top-5: 98.5294
2024-04-14 10:06:09,244 - mmcls - INFO - Epoch(val) [181][5]	accuracy_top-1: 77.9412, accuracy_top-5: 98.5294
2024-04-14 10:06:32,043 - mmcls - INFO - Epoch(val) [182][5]	accuracy_top-1: 77.9412, accuracy_top-5: 98.5294
2024-04-14 10:06:55,047 - mmcls - INFO - Epoch(val) [183][5]	accuracy_top-1: 77.2059, accuracy_top-5: 98.5294
2024-04-14 10:07:17,784 - mmcls - INFO - Epoch(val) [184][5]	accuracy_top-1: 77.2059, accuracy_top-5: 98.5294
2024-04-14 10:07:40,918 - mmcls - INFO - Epoch(val) [185][5]	accuracy_top-1: 77.2059, accuracy_top-5: 98.5294
2024-04-14 10:08:03,793 - mmcls - INFO - Epoch(val) [186][5]	accuracy_top-1: 77.9412, accuracy_top-5: 98.5294
2024-04-14 10:08:26,825 - mmcls - INFO - Epoch(val) [187][5]	accuracy_top-1: 77.2059, accuracy_top-5: 98.5294
2024-04-14 10:08:49,940 - mmcls - INFO - Epoch(val) [188][5]	accuracy_top-1: 77.9412, accuracy_top-5: 98.5294
2024-04-14 10:09:12,881 - mmcls - INFO - Epoch(val) [189][5]	accuracy_top-1: 77.9412, accuracy_top-5: 98.5294
2024-04-14 10:09:35,915 - mmcls - INFO - Epoch(val) [190][5]	accuracy_top-1: 76.4706, accuracy_top-5: 98.5294
2024-04-14 10:09:59,058 - mmcls - INFO - Epoch(val) [191][5]	accuracy_top-1: 77.2059, accuracy_top-5: 98.5294
2024-04-14 10:10:22,147 - mmcls - INFO - Epoch(val) [192][5]	accuracy_top-1: 75.7353, accuracy_top-5: 98.5294
2024-04-14 10:10:45,332 - mmcls - INFO - Epoch(val) [193][5]	accuracy_top-1: 75.7353, accuracy_top-5: 98.5294
2024-04-14 10:11:08,535 - mmcls - INFO - Epoch(val) [194][5]	accuracy_top-1: 75.7353, accuracy_top-5: 98.5294
2024-04-14 10:11:31,506 - mmcls - INFO - Epoch(val) [195][5]	accuracy_top-1: 75.7353, accuracy_top-5: 98.5294
2024-04-14 10:11:54,085 - mmcls - INFO - Epoch(val) [196][5]	accuracy_top-1: 76.4706, accuracy_top-5: 98.5294
2024-04-14 10:12:16,457 - mmcls - INFO - Epoch(val) [197][5]	accuracy_top-1: 76.4706, accuracy_top-5: 98.5294
2024-04-14 10:12:39,315 - mmcls - INFO - Epoch(val) [198][5]	accuracy_top-1: 77.2059, accuracy_top-5: 98.5294
2024-04-14 10:13:02,338 - mmcls - INFO - Epoch(val) [199][5]	accuracy_top-1: 77.2059, accuracy_top-5: 98.5294
2024-04-14 10:13:24,024 - mmcls - INFO - Saving checkpoint at 200 epochs
2024-04-14 10:13:28,917 - mmcls - INFO - Epoch(val) [200][5]	accuracy_top-1: 77.2059, accuracy_top-5: 98.5294
