2024-04-12 09:55:19,991 - mmcls - INFO - Environment info:
------------------------------------------------------------
sys.platform: linux
Python: 3.7.16 (default, Jan 17 2023, 22:20:44) [GCC 11.2.0]
CUDA available: True
GPU 0: NVIDIA GeForce RTX 2080 Ti
CUDA_HOME: /usr/local/cuda
NVCC: Cuda compilation tools, release 11.8, V11.8.89
GCC: gcc (Ubuntu 11.4.0-1ubuntu1~22.04) 11.4.0
PyTorch: 1.7.1
PyTorch compiling details: PyTorch built with:
  - GCC 7.3
  - C++ Version: 201402
  - Intel(R) oneAPI Math Kernel Library Version 2021.4-Product Build 20210904 for Intel(R) 64 architecture applications
  - Intel(R) MKL-DNN v1.6.0 (Git Hash 5ef631a030a6f73131c77892041042805a06064f)
  - OpenMP 201511 (a.k.a. OpenMP 4.5)
  - NNPACK is enabled
  - CPU capability usage: AVX2
  - CUDA Runtime 10.1
  - NVCC architecture flags: -gencode;arch=compute_37,code=sm_37;-gencode;arch=compute_50,code=sm_50;-gencode;arch=compute_60,code=sm_60;-gencode;arch=compute_61,code=sm_61;-gencode;arch=compute_70,code=sm_70;-gencode;arch=compute_75,code=sm_75;-gencode;arch=compute_37,code=compute_37
  - CuDNN 7.6.3
  - Magma 2.5.2
  - Build settings: BLAS=MKL, BUILD_TYPE=Release, CXX_FLAGS= -Wno-deprecated -fvisibility-inlines-hidden -DUSE_PTHREADPOOL -fopenmp -DNDEBUG -DUSE_FBGEMM -DUSE_QNNPACK -DUSE_PYTORCH_QNNPACK -DUSE_XNNPACK -DUSE_VULKAN_WRAPPER -O2 -fPIC -Wno-narrowing -Wall -Wextra -Werror=return-type -Wno-missing-field-initializers -Wno-type-limits -Wno-array-bounds -Wno-unknown-pragmas -Wno-sign-compare -Wno-unused-parameter -Wno-unused-variable -Wno-unused-function -Wno-unused-result -Wno-unused-local-typedefs -Wno-strict-overflow -Wno-strict-aliasing -Wno-error=deprecated-declarations -Wno-stringop-overflow -Wno-psabi -Wno-error=pedantic -Wno-error=redundant-decls -Wno-error=old-style-cast -fdiagnostics-color=always -faligned-new -Wno-unused-but-set-variable -Wno-maybe-uninitialized -fno-math-errno -fno-trapping-math -Werror=format -Wno-stringop-overflow, PERF_WITH_AVX=1, PERF_WITH_AVX2=1, PERF_WITH_AVX512=1, USE_CUDA=ON, USE_EXCEPTION_PTR=1, USE_GFLAGS=OFF, USE_GLOG=OFF, USE_MKL=ON, USE_MKLDNN=ON, USE_MPI=OFF, USE_NCCL=ON, USE_NNPACK=ON, USE_OPENMP=ON, 

TorchVision: 0.8.2
OpenCV: 4.9.0
MMCV: 1.5.0
MMCV Compiler: n/a
MMCV CUDA Compiler: n/a
MMClassification: 0.15.0+2b78fde
------------------------------------------------------------

2024-04-12 09:55:19,993 - mmcls - INFO - Distributed training: False
2024-04-12 09:55:20,310 - mmcls - INFO - Config:
model = dict(
    type='ImageClassifier',
    backbone=dict(
        type='SwinTransformer', arch='base', img_size=224, drop_path_rate=0.5),
    neck=dict(type='GlobalAveragePooling'),
    head=dict(
        type='LinearClsHead',
        num_classes=17,
        in_channels=1024,
        init_cfg=None,
        loss=dict(
            type='LabelSmoothLoss', label_smooth_val=0.1, mode='original'),
        cal_acc=False),
    init_cfg=[
        dict(type='TruncNormal', layer='Linear', std=0.02, bias=0.0),
        dict(type='Constant', layer='LayerNorm', val=1.0, bias=0.0)
    ],
    train_cfg=dict(augments=[
        dict(type='BatchMixup', alpha=0.8, num_classes=17, prob=0.5),
        dict(type='BatchCutMix', alpha=1.0, num_classes=17, prob=0.5)
    ]))
dataset_type = 'Flowers'
img_norm_cfg = dict(
    mean=[123.675, 116.28, 103.53], std=[58.395, 57.12, 57.375], to_rgb=True)
train_pipeline = [
    dict(type='LoadImageFromFile'),
    dict(type='RandomResizedCrop', size=224),
    dict(type='RandomFlip', flip_prob=0.5, direction='horizontal'),
    dict(
        type='Normalize',
        mean=[123.675, 116.28, 103.53],
        std=[58.395, 57.12, 57.375],
        to_rgb=True),
    dict(type='ImageToTensor', keys=['img']),
    dict(type='ToTensor', keys=['gt_label']),
    dict(type='Collect', keys=['img', 'gt_label'])
]
test_pipeline = [
    dict(type='LoadImageFromFile'),
    dict(type='Resize', size=(256, -1)),
    dict(type='CenterCrop', crop_size=224),
    dict(
        type='Normalize',
        mean=[123.675, 116.28, 103.53],
        std=[58.395, 57.12, 57.375],
        to_rgb=True),
    dict(type='ImageToTensor', keys=['img']),
    dict(type='Collect', keys=['img'])
]
data = dict(
    samples_per_gpu=16,
    workers_per_gpu=1,
    train=dict(
        type='Flowers',
        data_prefix='data/flowers/train',
        ann_file='data/flowers/meta/train.txt',
        pipeline=[
            dict(type='LoadImageFromFile'),
            dict(type='RandomResizedCrop', size=224),
            dict(type='RandomFlip', flip_prob=0.5, direction='horizontal'),
            dict(
                type='Normalize',
                mean=[123.675, 116.28, 103.53],
                std=[58.395, 57.12, 57.375],
                to_rgb=True),
            dict(type='ImageToTensor', keys=['img']),
            dict(type='ToTensor', keys=['gt_label']),
            dict(type='Collect', keys=['img', 'gt_label'])
        ]),
    val=dict(
        type='Flowers',
        data_prefix='data/flowers/val',
        ann_file='data/flowers/meta/val.txt',
        pipeline=[
            dict(type='LoadImageFromFile'),
            dict(type='Resize', size=(256, -1)),
            dict(type='CenterCrop', crop_size=224),
            dict(
                type='Normalize',
                mean=[123.675, 116.28, 103.53],
                std=[58.395, 57.12, 57.375],
                to_rgb=True),
            dict(type='ImageToTensor', keys=['img']),
            dict(type='Collect', keys=['img'])
        ]),
    test=dict(
        type='Flowers',
        data_prefix='data/flowers/test',
        ann_file='data/flowers/meta/test.txt',
        pipeline=[
            dict(type='LoadImageFromFile'),
            dict(type='Resize', size=(256, -1)),
            dict(type='CenterCrop', crop_size=224),
            dict(
                type='Normalize',
                mean=[123.675, 116.28, 103.53],
                std=[58.395, 57.12, 57.375],
                to_rgb=True),
            dict(type='ImageToTensor', keys=['img']),
            dict(type='Collect', keys=['img'])
        ]))
evaluation = dict(interval=1, metric='accuracy')
optimizer = dict(type='SGD', lr=0.01, momentum=0.9, weight_decay=0.0001)
optimizer_config = dict(grad_clip=None)
lr_config = dict(policy='step', step=[100, 150])
runner = dict(type='EpochBasedRunner', max_epochs=200)
checkpoint_config = dict(interval=100)
log_config = dict(interval=100, hooks=[dict(type='TextLoggerHook')])
dist_params = dict(backend='nccl')
log_level = 'INFO'
load_from = None
resume_from = None
workflow = [('train', 1)]
work_dir = 'output/swin_transformer/bs16/lr0.01'
gpu_ids = range(0, 1)

2024-04-12 09:55:21,958 - mmcls - INFO - initialize ImageClassifier with init_cfg [{'type': 'TruncNormal', 'layer': 'Linear', 'std': 0.02, 'bias': 0.0}, {'type': 'Constant', 'layer': 'LayerNorm', 'val': 1.0, 'bias': 0.0}]
Name of parameter - Initialization information

backbone.patch_embed.projection.weight - torch.Size([128, 3, 4, 4]): 
The value is the same before and after calling `init_weights` of ImageClassifier  

backbone.patch_embed.projection.bias - torch.Size([128]): 
The value is the same before and after calling `init_weights` of ImageClassifier  

backbone.patch_embed.norm.weight - torch.Size([128]): 
The value is the same before and after calling `init_weights` of ImageClassifier  

backbone.patch_embed.norm.bias - torch.Size([128]): 
The value is the same before and after calling `init_weights` of ImageClassifier  

backbone.stages.0.blocks.0.norm1.weight - torch.Size([128]): 
The value is the same before and after calling `init_weights` of ImageClassifier  

backbone.stages.0.blocks.0.norm1.bias - torch.Size([128]): 
The value is the same before and after calling `init_weights` of ImageClassifier  

backbone.stages.0.blocks.0.attn.w_msa.relative_position_bias_table - torch.Size([169, 4]): 
Initialized by user-defined `init_weights` in WindowMSA  

backbone.stages.0.blocks.0.attn.w_msa.qkv.weight - torch.Size([384, 128]): 
TruncNormalInit: a=-2, b=2, mean=0, std=0.02, bias=0.0 

backbone.stages.0.blocks.0.attn.w_msa.qkv.bias - torch.Size([384]): 
TruncNormalInit: a=-2, b=2, mean=0, std=0.02, bias=0.0 

backbone.stages.0.blocks.0.attn.w_msa.proj.weight - torch.Size([128, 128]): 
TruncNormalInit: a=-2, b=2, mean=0, std=0.02, bias=0.0 

backbone.stages.0.blocks.0.attn.w_msa.proj.bias - torch.Size([128]): 
TruncNormalInit: a=-2, b=2, mean=0, std=0.02, bias=0.0 

backbone.stages.0.blocks.0.norm2.weight - torch.Size([128]): 
The value is the same before and after calling `init_weights` of ImageClassifier  

backbone.stages.0.blocks.0.norm2.bias - torch.Size([128]): 
The value is the same before and after calling `init_weights` of ImageClassifier  

backbone.stages.0.blocks.0.ffn.layers.0.0.weight - torch.Size([512, 128]): 
TruncNormalInit: a=-2, b=2, mean=0, std=0.02, bias=0.0 

backbone.stages.0.blocks.0.ffn.layers.0.0.bias - torch.Size([512]): 
TruncNormalInit: a=-2, b=2, mean=0, std=0.02, bias=0.0 

backbone.stages.0.blocks.0.ffn.layers.1.weight - torch.Size([128, 512]): 
TruncNormalInit: a=-2, b=2, mean=0, std=0.02, bias=0.0 

backbone.stages.0.blocks.0.ffn.layers.1.bias - torch.Size([128]): 
TruncNormalInit: a=-2, b=2, mean=0, std=0.02, bias=0.0 

backbone.stages.0.blocks.1.norm1.weight - torch.Size([128]): 
The value is the same before and after calling `init_weights` of ImageClassifier  

backbone.stages.0.blocks.1.norm1.bias - torch.Size([128]): 
The value is the same before and after calling `init_weights` of ImageClassifier  

backbone.stages.0.blocks.1.attn.w_msa.relative_position_bias_table - torch.Size([169, 4]): 
Initialized by user-defined `init_weights` in WindowMSA  

backbone.stages.0.blocks.1.attn.w_msa.qkv.weight - torch.Size([384, 128]): 
TruncNormalInit: a=-2, b=2, mean=0, std=0.02, bias=0.0 

backbone.stages.0.blocks.1.attn.w_msa.qkv.bias - torch.Size([384]): 
TruncNormalInit: a=-2, b=2, mean=0, std=0.02, bias=0.0 

backbone.stages.0.blocks.1.attn.w_msa.proj.weight - torch.Size([128, 128]): 
TruncNormalInit: a=-2, b=2, mean=0, std=0.02, bias=0.0 

backbone.stages.0.blocks.1.attn.w_msa.proj.bias - torch.Size([128]): 
TruncNormalInit: a=-2, b=2, mean=0, std=0.02, bias=0.0 

backbone.stages.0.blocks.1.norm2.weight - torch.Size([128]): 
The value is the same before and after calling `init_weights` of ImageClassifier  

backbone.stages.0.blocks.1.norm2.bias - torch.Size([128]): 
The value is the same before and after calling `init_weights` of ImageClassifier  

backbone.stages.0.blocks.1.ffn.layers.0.0.weight - torch.Size([512, 128]): 
TruncNormalInit: a=-2, b=2, mean=0, std=0.02, bias=0.0 

backbone.stages.0.blocks.1.ffn.layers.0.0.bias - torch.Size([512]): 
TruncNormalInit: a=-2, b=2, mean=0, std=0.02, bias=0.0 

backbone.stages.0.blocks.1.ffn.layers.1.weight - torch.Size([128, 512]): 
TruncNormalInit: a=-2, b=2, mean=0, std=0.02, bias=0.0 

backbone.stages.0.blocks.1.ffn.layers.1.bias - torch.Size([128]): 
TruncNormalInit: a=-2, b=2, mean=0, std=0.02, bias=0.0 

backbone.stages.0.downsample.norm.weight - torch.Size([512]): 
The value is the same before and after calling `init_weights` of ImageClassifier  

backbone.stages.0.downsample.norm.bias - torch.Size([512]): 
The value is the same before and after calling `init_weights` of ImageClassifier  

backbone.stages.0.downsample.reduction.weight - torch.Size([256, 512]): 
TruncNormalInit: a=-2, b=2, mean=0, std=0.02, bias=0.0 

backbone.stages.1.blocks.0.norm1.weight - torch.Size([256]): 
The value is the same before and after calling `init_weights` of ImageClassifier  

backbone.stages.1.blocks.0.norm1.bias - torch.Size([256]): 
The value is the same before and after calling `init_weights` of ImageClassifier  

backbone.stages.1.blocks.0.attn.w_msa.relative_position_bias_table - torch.Size([169, 8]): 
Initialized by user-defined `init_weights` in WindowMSA  

backbone.stages.1.blocks.0.attn.w_msa.qkv.weight - torch.Size([768, 256]): 
TruncNormalInit: a=-2, b=2, mean=0, std=0.02, bias=0.0 

backbone.stages.1.blocks.0.attn.w_msa.qkv.bias - torch.Size([768]): 
TruncNormalInit: a=-2, b=2, mean=0, std=0.02, bias=0.0 

backbone.stages.1.blocks.0.attn.w_msa.proj.weight - torch.Size([256, 256]): 
TruncNormalInit: a=-2, b=2, mean=0, std=0.02, bias=0.0 

backbone.stages.1.blocks.0.attn.w_msa.proj.bias - torch.Size([256]): 
TruncNormalInit: a=-2, b=2, mean=0, std=0.02, bias=0.0 

backbone.stages.1.blocks.0.norm2.weight - torch.Size([256]): 
The value is the same before and after calling `init_weights` of ImageClassifier  

backbone.stages.1.blocks.0.norm2.bias - torch.Size([256]): 
The value is the same before and after calling `init_weights` of ImageClassifier  

backbone.stages.1.blocks.0.ffn.layers.0.0.weight - torch.Size([1024, 256]): 
TruncNormalInit: a=-2, b=2, mean=0, std=0.02, bias=0.0 

backbone.stages.1.blocks.0.ffn.layers.0.0.bias - torch.Size([1024]): 
TruncNormalInit: a=-2, b=2, mean=0, std=0.02, bias=0.0 

backbone.stages.1.blocks.0.ffn.layers.1.weight - torch.Size([256, 1024]): 
TruncNormalInit: a=-2, b=2, mean=0, std=0.02, bias=0.0 

backbone.stages.1.blocks.0.ffn.layers.1.bias - torch.Size([256]): 
TruncNormalInit: a=-2, b=2, mean=0, std=0.02, bias=0.0 

backbone.stages.1.blocks.1.norm1.weight - torch.Size([256]): 
The value is the same before and after calling `init_weights` of ImageClassifier  

backbone.stages.1.blocks.1.norm1.bias - torch.Size([256]): 
The value is the same before and after calling `init_weights` of ImageClassifier  

backbone.stages.1.blocks.1.attn.w_msa.relative_position_bias_table - torch.Size([169, 8]): 
Initialized by user-defined `init_weights` in WindowMSA  

backbone.stages.1.blocks.1.attn.w_msa.qkv.weight - torch.Size([768, 256]): 
TruncNormalInit: a=-2, b=2, mean=0, std=0.02, bias=0.0 

backbone.stages.1.blocks.1.attn.w_msa.qkv.bias - torch.Size([768]): 
TruncNormalInit: a=-2, b=2, mean=0, std=0.02, bias=0.0 

backbone.stages.1.blocks.1.attn.w_msa.proj.weight - torch.Size([256, 256]): 
TruncNormalInit: a=-2, b=2, mean=0, std=0.02, bias=0.0 

backbone.stages.1.blocks.1.attn.w_msa.proj.bias - torch.Size([256]): 
TruncNormalInit: a=-2, b=2, mean=0, std=0.02, bias=0.0 

backbone.stages.1.blocks.1.norm2.weight - torch.Size([256]): 
The value is the same before and after calling `init_weights` of ImageClassifier  

backbone.stages.1.blocks.1.norm2.bias - torch.Size([256]): 
The value is the same before and after calling `init_weights` of ImageClassifier  

backbone.stages.1.blocks.1.ffn.layers.0.0.weight - torch.Size([1024, 256]): 
TruncNormalInit: a=-2, b=2, mean=0, std=0.02, bias=0.0 

backbone.stages.1.blocks.1.ffn.layers.0.0.bias - torch.Size([1024]): 
TruncNormalInit: a=-2, b=2, mean=0, std=0.02, bias=0.0 

backbone.stages.1.blocks.1.ffn.layers.1.weight - torch.Size([256, 1024]): 
TruncNormalInit: a=-2, b=2, mean=0, std=0.02, bias=0.0 

backbone.stages.1.blocks.1.ffn.layers.1.bias - torch.Size([256]): 
TruncNormalInit: a=-2, b=2, mean=0, std=0.02, bias=0.0 

backbone.stages.1.downsample.norm.weight - torch.Size([1024]): 
The value is the same before and after calling `init_weights` of ImageClassifier  

backbone.stages.1.downsample.norm.bias - torch.Size([1024]): 
The value is the same before and after calling `init_weights` of ImageClassifier  

backbone.stages.1.downsample.reduction.weight - torch.Size([512, 1024]): 
TruncNormalInit: a=-2, b=2, mean=0, std=0.02, bias=0.0 

backbone.stages.2.blocks.0.norm1.weight - torch.Size([512]): 
The value is the same before and after calling `init_weights` of ImageClassifier  

backbone.stages.2.blocks.0.norm1.bias - torch.Size([512]): 
The value is the same before and after calling `init_weights` of ImageClassifier  

backbone.stages.2.blocks.0.attn.w_msa.relative_position_bias_table - torch.Size([169, 16]): 
Initialized by user-defined `init_weights` in WindowMSA  

backbone.stages.2.blocks.0.attn.w_msa.qkv.weight - torch.Size([1536, 512]): 
TruncNormalInit: a=-2, b=2, mean=0, std=0.02, bias=0.0 

backbone.stages.2.blocks.0.attn.w_msa.qkv.bias - torch.Size([1536]): 
TruncNormalInit: a=-2, b=2, mean=0, std=0.02, bias=0.0 

backbone.stages.2.blocks.0.attn.w_msa.proj.weight - torch.Size([512, 512]): 
TruncNormalInit: a=-2, b=2, mean=0, std=0.02, bias=0.0 

backbone.stages.2.blocks.0.attn.w_msa.proj.bias - torch.Size([512]): 
TruncNormalInit: a=-2, b=2, mean=0, std=0.02, bias=0.0 

backbone.stages.2.blocks.0.norm2.weight - torch.Size([512]): 
The value is the same before and after calling `init_weights` of ImageClassifier  

backbone.stages.2.blocks.0.norm2.bias - torch.Size([512]): 
The value is the same before and after calling `init_weights` of ImageClassifier  

backbone.stages.2.blocks.0.ffn.layers.0.0.weight - torch.Size([2048, 512]): 
TruncNormalInit: a=-2, b=2, mean=0, std=0.02, bias=0.0 

backbone.stages.2.blocks.0.ffn.layers.0.0.bias - torch.Size([2048]): 
TruncNormalInit: a=-2, b=2, mean=0, std=0.02, bias=0.0 

backbone.stages.2.blocks.0.ffn.layers.1.weight - torch.Size([512, 2048]): 
TruncNormalInit: a=-2, b=2, mean=0, std=0.02, bias=0.0 

backbone.stages.2.blocks.0.ffn.layers.1.bias - torch.Size([512]): 
TruncNormalInit: a=-2, b=2, mean=0, std=0.02, bias=0.0 

backbone.stages.2.blocks.1.norm1.weight - torch.Size([512]): 
The value is the same before and after calling `init_weights` of ImageClassifier  

backbone.stages.2.blocks.1.norm1.bias - torch.Size([512]): 
The value is the same before and after calling `init_weights` of ImageClassifier  

backbone.stages.2.blocks.1.attn.w_msa.relative_position_bias_table - torch.Size([169, 16]): 
Initialized by user-defined `init_weights` in WindowMSA  

backbone.stages.2.blocks.1.attn.w_msa.qkv.weight - torch.Size([1536, 512]): 
TruncNormalInit: a=-2, b=2, mean=0, std=0.02, bias=0.0 

backbone.stages.2.blocks.1.attn.w_msa.qkv.bias - torch.Size([1536]): 
TruncNormalInit: a=-2, b=2, mean=0, std=0.02, bias=0.0 

backbone.stages.2.blocks.1.attn.w_msa.proj.weight - torch.Size([512, 512]): 
TruncNormalInit: a=-2, b=2, mean=0, std=0.02, bias=0.0 

backbone.stages.2.blocks.1.attn.w_msa.proj.bias - torch.Size([512]): 
TruncNormalInit: a=-2, b=2, mean=0, std=0.02, bias=0.0 

backbone.stages.2.blocks.1.norm2.weight - torch.Size([512]): 
The value is the same before and after calling `init_weights` of ImageClassifier  

backbone.stages.2.blocks.1.norm2.bias - torch.Size([512]): 
The value is the same before and after calling `init_weights` of ImageClassifier  

backbone.stages.2.blocks.1.ffn.layers.0.0.weight - torch.Size([2048, 512]): 
TruncNormalInit: a=-2, b=2, mean=0, std=0.02, bias=0.0 

backbone.stages.2.blocks.1.ffn.layers.0.0.bias - torch.Size([2048]): 
TruncNormalInit: a=-2, b=2, mean=0, std=0.02, bias=0.0 

backbone.stages.2.blocks.1.ffn.layers.1.weight - torch.Size([512, 2048]): 
TruncNormalInit: a=-2, b=2, mean=0, std=0.02, bias=0.0 

backbone.stages.2.blocks.1.ffn.layers.1.bias - torch.Size([512]): 
TruncNormalInit: a=-2, b=2, mean=0, std=0.02, bias=0.0 

backbone.stages.2.blocks.2.norm1.weight - torch.Size([512]): 
The value is the same before and after calling `init_weights` of ImageClassifier  

backbone.stages.2.blocks.2.norm1.bias - torch.Size([512]): 
The value is the same before and after calling `init_weights` of ImageClassifier  

backbone.stages.2.blocks.2.attn.w_msa.relative_position_bias_table - torch.Size([169, 16]): 
Initialized by user-defined `init_weights` in WindowMSA  

backbone.stages.2.blocks.2.attn.w_msa.qkv.weight - torch.Size([1536, 512]): 
TruncNormalInit: a=-2, b=2, mean=0, std=0.02, bias=0.0 

backbone.stages.2.blocks.2.attn.w_msa.qkv.bias - torch.Size([1536]): 
TruncNormalInit: a=-2, b=2, mean=0, std=0.02, bias=0.0 

backbone.stages.2.blocks.2.attn.w_msa.proj.weight - torch.Size([512, 512]): 
TruncNormalInit: a=-2, b=2, mean=0, std=0.02, bias=0.0 

backbone.stages.2.blocks.2.attn.w_msa.proj.bias - torch.Size([512]): 
TruncNormalInit: a=-2, b=2, mean=0, std=0.02, bias=0.0 

backbone.stages.2.blocks.2.norm2.weight - torch.Size([512]): 
The value is the same before and after calling `init_weights` of ImageClassifier  

backbone.stages.2.blocks.2.norm2.bias - torch.Size([512]): 
The value is the same before and after calling `init_weights` of ImageClassifier  

backbone.stages.2.blocks.2.ffn.layers.0.0.weight - torch.Size([2048, 512]): 
TruncNormalInit: a=-2, b=2, mean=0, std=0.02, bias=0.0 

backbone.stages.2.blocks.2.ffn.layers.0.0.bias - torch.Size([2048]): 
TruncNormalInit: a=-2, b=2, mean=0, std=0.02, bias=0.0 

backbone.stages.2.blocks.2.ffn.layers.1.weight - torch.Size([512, 2048]): 
TruncNormalInit: a=-2, b=2, mean=0, std=0.02, bias=0.0 

backbone.stages.2.blocks.2.ffn.layers.1.bias - torch.Size([512]): 
TruncNormalInit: a=-2, b=2, mean=0, std=0.02, bias=0.0 

backbone.stages.2.blocks.3.norm1.weight - torch.Size([512]): 
The value is the same before and after calling `init_weights` of ImageClassifier  

backbone.stages.2.blocks.3.norm1.bias - torch.Size([512]): 
The value is the same before and after calling `init_weights` of ImageClassifier  

backbone.stages.2.blocks.3.attn.w_msa.relative_position_bias_table - torch.Size([169, 16]): 
Initialized by user-defined `init_weights` in WindowMSA  

backbone.stages.2.blocks.3.attn.w_msa.qkv.weight - torch.Size([1536, 512]): 
TruncNormalInit: a=-2, b=2, mean=0, std=0.02, bias=0.0 

backbone.stages.2.blocks.3.attn.w_msa.qkv.bias - torch.Size([1536]): 
TruncNormalInit: a=-2, b=2, mean=0, std=0.02, bias=0.0 

backbone.stages.2.blocks.3.attn.w_msa.proj.weight - torch.Size([512, 512]): 
TruncNormalInit: a=-2, b=2, mean=0, std=0.02, bias=0.0 

backbone.stages.2.blocks.3.attn.w_msa.proj.bias - torch.Size([512]): 
TruncNormalInit: a=-2, b=2, mean=0, std=0.02, bias=0.0 

backbone.stages.2.blocks.3.norm2.weight - torch.Size([512]): 
The value is the same before and after calling `init_weights` of ImageClassifier  

backbone.stages.2.blocks.3.norm2.bias - torch.Size([512]): 
The value is the same before and after calling `init_weights` of ImageClassifier  

backbone.stages.2.blocks.3.ffn.layers.0.0.weight - torch.Size([2048, 512]): 
TruncNormalInit: a=-2, b=2, mean=0, std=0.02, bias=0.0 

backbone.stages.2.blocks.3.ffn.layers.0.0.bias - torch.Size([2048]): 
TruncNormalInit: a=-2, b=2, mean=0, std=0.02, bias=0.0 

backbone.stages.2.blocks.3.ffn.layers.1.weight - torch.Size([512, 2048]): 
TruncNormalInit: a=-2, b=2, mean=0, std=0.02, bias=0.0 

backbone.stages.2.blocks.3.ffn.layers.1.bias - torch.Size([512]): 
TruncNormalInit: a=-2, b=2, mean=0, std=0.02, bias=0.0 

backbone.stages.2.blocks.4.norm1.weight - torch.Size([512]): 
The value is the same before and after calling `init_weights` of ImageClassifier  

backbone.stages.2.blocks.4.norm1.bias - torch.Size([512]): 
The value is the same before and after calling `init_weights` of ImageClassifier  

backbone.stages.2.blocks.4.attn.w_msa.relative_position_bias_table - torch.Size([169, 16]): 
Initialized by user-defined `init_weights` in WindowMSA  

backbone.stages.2.blocks.4.attn.w_msa.qkv.weight - torch.Size([1536, 512]): 
TruncNormalInit: a=-2, b=2, mean=0, std=0.02, bias=0.0 

backbone.stages.2.blocks.4.attn.w_msa.qkv.bias - torch.Size([1536]): 
TruncNormalInit: a=-2, b=2, mean=0, std=0.02, bias=0.0 

backbone.stages.2.blocks.4.attn.w_msa.proj.weight - torch.Size([512, 512]): 
TruncNormalInit: a=-2, b=2, mean=0, std=0.02, bias=0.0 

backbone.stages.2.blocks.4.attn.w_msa.proj.bias - torch.Size([512]): 
TruncNormalInit: a=-2, b=2, mean=0, std=0.02, bias=0.0 

backbone.stages.2.blocks.4.norm2.weight - torch.Size([512]): 
The value is the same before and after calling `init_weights` of ImageClassifier  

backbone.stages.2.blocks.4.norm2.bias - torch.Size([512]): 
The value is the same before and after calling `init_weights` of ImageClassifier  

backbone.stages.2.blocks.4.ffn.layers.0.0.weight - torch.Size([2048, 512]): 
TruncNormalInit: a=-2, b=2, mean=0, std=0.02, bias=0.0 

backbone.stages.2.blocks.4.ffn.layers.0.0.bias - torch.Size([2048]): 
TruncNormalInit: a=-2, b=2, mean=0, std=0.02, bias=0.0 

backbone.stages.2.blocks.4.ffn.layers.1.weight - torch.Size([512, 2048]): 
TruncNormalInit: a=-2, b=2, mean=0, std=0.02, bias=0.0 

backbone.stages.2.blocks.4.ffn.layers.1.bias - torch.Size([512]): 
TruncNormalInit: a=-2, b=2, mean=0, std=0.02, bias=0.0 

backbone.stages.2.blocks.5.norm1.weight - torch.Size([512]): 
The value is the same before and after calling `init_weights` of ImageClassifier  

backbone.stages.2.blocks.5.norm1.bias - torch.Size([512]): 
The value is the same before and after calling `init_weights` of ImageClassifier  

backbone.stages.2.blocks.5.attn.w_msa.relative_position_bias_table - torch.Size([169, 16]): 
Initialized by user-defined `init_weights` in WindowMSA  

backbone.stages.2.blocks.5.attn.w_msa.qkv.weight - torch.Size([1536, 512]): 
TruncNormalInit: a=-2, b=2, mean=0, std=0.02, bias=0.0 

backbone.stages.2.blocks.5.attn.w_msa.qkv.bias - torch.Size([1536]): 
TruncNormalInit: a=-2, b=2, mean=0, std=0.02, bias=0.0 

backbone.stages.2.blocks.5.attn.w_msa.proj.weight - torch.Size([512, 512]): 
TruncNormalInit: a=-2, b=2, mean=0, std=0.02, bias=0.0 

backbone.stages.2.blocks.5.attn.w_msa.proj.bias - torch.Size([512]): 
TruncNormalInit: a=-2, b=2, mean=0, std=0.02, bias=0.0 

backbone.stages.2.blocks.5.norm2.weight - torch.Size([512]): 
The value is the same before and after calling `init_weights` of ImageClassifier  

backbone.stages.2.blocks.5.norm2.bias - torch.Size([512]): 
The value is the same before and after calling `init_weights` of ImageClassifier  

backbone.stages.2.blocks.5.ffn.layers.0.0.weight - torch.Size([2048, 512]): 
TruncNormalInit: a=-2, b=2, mean=0, std=0.02, bias=0.0 

backbone.stages.2.blocks.5.ffn.layers.0.0.bias - torch.Size([2048]): 
TruncNormalInit: a=-2, b=2, mean=0, std=0.02, bias=0.0 

backbone.stages.2.blocks.5.ffn.layers.1.weight - torch.Size([512, 2048]): 
TruncNormalInit: a=-2, b=2, mean=0, std=0.02, bias=0.0 

backbone.stages.2.blocks.5.ffn.layers.1.bias - torch.Size([512]): 
TruncNormalInit: a=-2, b=2, mean=0, std=0.02, bias=0.0 

backbone.stages.2.blocks.6.norm1.weight - torch.Size([512]): 
The value is the same before and after calling `init_weights` of ImageClassifier  

backbone.stages.2.blocks.6.norm1.bias - torch.Size([512]): 
The value is the same before and after calling `init_weights` of ImageClassifier  

backbone.stages.2.blocks.6.attn.w_msa.relative_position_bias_table - torch.Size([169, 16]): 
Initialized by user-defined `init_weights` in WindowMSA  

backbone.stages.2.blocks.6.attn.w_msa.qkv.weight - torch.Size([1536, 512]): 
TruncNormalInit: a=-2, b=2, mean=0, std=0.02, bias=0.0 

backbone.stages.2.blocks.6.attn.w_msa.qkv.bias - torch.Size([1536]): 
TruncNormalInit: a=-2, b=2, mean=0, std=0.02, bias=0.0 

backbone.stages.2.blocks.6.attn.w_msa.proj.weight - torch.Size([512, 512]): 
TruncNormalInit: a=-2, b=2, mean=0, std=0.02, bias=0.0 

backbone.stages.2.blocks.6.attn.w_msa.proj.bias - torch.Size([512]): 
TruncNormalInit: a=-2, b=2, mean=0, std=0.02, bias=0.0 

backbone.stages.2.blocks.6.norm2.weight - torch.Size([512]): 
The value is the same before and after calling `init_weights` of ImageClassifier  

backbone.stages.2.blocks.6.norm2.bias - torch.Size([512]): 
The value is the same before and after calling `init_weights` of ImageClassifier  

backbone.stages.2.blocks.6.ffn.layers.0.0.weight - torch.Size([2048, 512]): 
TruncNormalInit: a=-2, b=2, mean=0, std=0.02, bias=0.0 

backbone.stages.2.blocks.6.ffn.layers.0.0.bias - torch.Size([2048]): 
TruncNormalInit: a=-2, b=2, mean=0, std=0.02, bias=0.0 

backbone.stages.2.blocks.6.ffn.layers.1.weight - torch.Size([512, 2048]): 
TruncNormalInit: a=-2, b=2, mean=0, std=0.02, bias=0.0 

backbone.stages.2.blocks.6.ffn.layers.1.bias - torch.Size([512]): 
TruncNormalInit: a=-2, b=2, mean=0, std=0.02, bias=0.0 

backbone.stages.2.blocks.7.norm1.weight - torch.Size([512]): 
The value is the same before and after calling `init_weights` of ImageClassifier  

backbone.stages.2.blocks.7.norm1.bias - torch.Size([512]): 
The value is the same before and after calling `init_weights` of ImageClassifier  

backbone.stages.2.blocks.7.attn.w_msa.relative_position_bias_table - torch.Size([169, 16]): 
Initialized by user-defined `init_weights` in WindowMSA  

backbone.stages.2.blocks.7.attn.w_msa.qkv.weight - torch.Size([1536, 512]): 
TruncNormalInit: a=-2, b=2, mean=0, std=0.02, bias=0.0 

backbone.stages.2.blocks.7.attn.w_msa.qkv.bias - torch.Size([1536]): 
TruncNormalInit: a=-2, b=2, mean=0, std=0.02, bias=0.0 

backbone.stages.2.blocks.7.attn.w_msa.proj.weight - torch.Size([512, 512]): 
TruncNormalInit: a=-2, b=2, mean=0, std=0.02, bias=0.0 

backbone.stages.2.blocks.7.attn.w_msa.proj.bias - torch.Size([512]): 
TruncNormalInit: a=-2, b=2, mean=0, std=0.02, bias=0.0 

backbone.stages.2.blocks.7.norm2.weight - torch.Size([512]): 
The value is the same before and after calling `init_weights` of ImageClassifier  

backbone.stages.2.blocks.7.norm2.bias - torch.Size([512]): 
The value is the same before and after calling `init_weights` of ImageClassifier  

backbone.stages.2.blocks.7.ffn.layers.0.0.weight - torch.Size([2048, 512]): 
TruncNormalInit: a=-2, b=2, mean=0, std=0.02, bias=0.0 

backbone.stages.2.blocks.7.ffn.layers.0.0.bias - torch.Size([2048]): 
TruncNormalInit: a=-2, b=2, mean=0, std=0.02, bias=0.0 

backbone.stages.2.blocks.7.ffn.layers.1.weight - torch.Size([512, 2048]): 
TruncNormalInit: a=-2, b=2, mean=0, std=0.02, bias=0.0 

backbone.stages.2.blocks.7.ffn.layers.1.bias - torch.Size([512]): 
TruncNormalInit: a=-2, b=2, mean=0, std=0.02, bias=0.0 

backbone.stages.2.blocks.8.norm1.weight - torch.Size([512]): 
The value is the same before and after calling `init_weights` of ImageClassifier  

backbone.stages.2.blocks.8.norm1.bias - torch.Size([512]): 
The value is the same before and after calling `init_weights` of ImageClassifier  

backbone.stages.2.blocks.8.attn.w_msa.relative_position_bias_table - torch.Size([169, 16]): 
Initialized by user-defined `init_weights` in WindowMSA  

backbone.stages.2.blocks.8.attn.w_msa.qkv.weight - torch.Size([1536, 512]): 
TruncNormalInit: a=-2, b=2, mean=0, std=0.02, bias=0.0 

backbone.stages.2.blocks.8.attn.w_msa.qkv.bias - torch.Size([1536]): 
TruncNormalInit: a=-2, b=2, mean=0, std=0.02, bias=0.0 

backbone.stages.2.blocks.8.attn.w_msa.proj.weight - torch.Size([512, 512]): 
TruncNormalInit: a=-2, b=2, mean=0, std=0.02, bias=0.0 

backbone.stages.2.blocks.8.attn.w_msa.proj.bias - torch.Size([512]): 
TruncNormalInit: a=-2, b=2, mean=0, std=0.02, bias=0.0 

backbone.stages.2.blocks.8.norm2.weight - torch.Size([512]): 
The value is the same before and after calling `init_weights` of ImageClassifier  

backbone.stages.2.blocks.8.norm2.bias - torch.Size([512]): 
The value is the same before and after calling `init_weights` of ImageClassifier  

backbone.stages.2.blocks.8.ffn.layers.0.0.weight - torch.Size([2048, 512]): 
TruncNormalInit: a=-2, b=2, mean=0, std=0.02, bias=0.0 

backbone.stages.2.blocks.8.ffn.layers.0.0.bias - torch.Size([2048]): 
TruncNormalInit: a=-2, b=2, mean=0, std=0.02, bias=0.0 

backbone.stages.2.blocks.8.ffn.layers.1.weight - torch.Size([512, 2048]): 
TruncNormalInit: a=-2, b=2, mean=0, std=0.02, bias=0.0 

backbone.stages.2.blocks.8.ffn.layers.1.bias - torch.Size([512]): 
TruncNormalInit: a=-2, b=2, mean=0, std=0.02, bias=0.0 

backbone.stages.2.blocks.9.norm1.weight - torch.Size([512]): 
The value is the same before and after calling `init_weights` of ImageClassifier  

backbone.stages.2.blocks.9.norm1.bias - torch.Size([512]): 
The value is the same before and after calling `init_weights` of ImageClassifier  

backbone.stages.2.blocks.9.attn.w_msa.relative_position_bias_table - torch.Size([169, 16]): 
Initialized by user-defined `init_weights` in WindowMSA  

backbone.stages.2.blocks.9.attn.w_msa.qkv.weight - torch.Size([1536, 512]): 
TruncNormalInit: a=-2, b=2, mean=0, std=0.02, bias=0.0 

backbone.stages.2.blocks.9.attn.w_msa.qkv.bias - torch.Size([1536]): 
TruncNormalInit: a=-2, b=2, mean=0, std=0.02, bias=0.0 

backbone.stages.2.blocks.9.attn.w_msa.proj.weight - torch.Size([512, 512]): 
TruncNormalInit: a=-2, b=2, mean=0, std=0.02, bias=0.0 

backbone.stages.2.blocks.9.attn.w_msa.proj.bias - torch.Size([512]): 
TruncNormalInit: a=-2, b=2, mean=0, std=0.02, bias=0.0 

backbone.stages.2.blocks.9.norm2.weight - torch.Size([512]): 
The value is the same before and after calling `init_weights` of ImageClassifier  

backbone.stages.2.blocks.9.norm2.bias - torch.Size([512]): 
The value is the same before and after calling `init_weights` of ImageClassifier  

backbone.stages.2.blocks.9.ffn.layers.0.0.weight - torch.Size([2048, 512]): 
TruncNormalInit: a=-2, b=2, mean=0, std=0.02, bias=0.0 

backbone.stages.2.blocks.9.ffn.layers.0.0.bias - torch.Size([2048]): 
TruncNormalInit: a=-2, b=2, mean=0, std=0.02, bias=0.0 

backbone.stages.2.blocks.9.ffn.layers.1.weight - torch.Size([512, 2048]): 
TruncNormalInit: a=-2, b=2, mean=0, std=0.02, bias=0.0 

backbone.stages.2.blocks.9.ffn.layers.1.bias - torch.Size([512]): 
TruncNormalInit: a=-2, b=2, mean=0, std=0.02, bias=0.0 

backbone.stages.2.blocks.10.norm1.weight - torch.Size([512]): 
The value is the same before and after calling `init_weights` of ImageClassifier  

backbone.stages.2.blocks.10.norm1.bias - torch.Size([512]): 
The value is the same before and after calling `init_weights` of ImageClassifier  

backbone.stages.2.blocks.10.attn.w_msa.relative_position_bias_table - torch.Size([169, 16]): 
Initialized by user-defined `init_weights` in WindowMSA  

backbone.stages.2.blocks.10.attn.w_msa.qkv.weight - torch.Size([1536, 512]): 
TruncNormalInit: a=-2, b=2, mean=0, std=0.02, bias=0.0 

backbone.stages.2.blocks.10.attn.w_msa.qkv.bias - torch.Size([1536]): 
TruncNormalInit: a=-2, b=2, mean=0, std=0.02, bias=0.0 

backbone.stages.2.blocks.10.attn.w_msa.proj.weight - torch.Size([512, 512]): 
TruncNormalInit: a=-2, b=2, mean=0, std=0.02, bias=0.0 

backbone.stages.2.blocks.10.attn.w_msa.proj.bias - torch.Size([512]): 
TruncNormalInit: a=-2, b=2, mean=0, std=0.02, bias=0.0 

backbone.stages.2.blocks.10.norm2.weight - torch.Size([512]): 
The value is the same before and after calling `init_weights` of ImageClassifier  

backbone.stages.2.blocks.10.norm2.bias - torch.Size([512]): 
The value is the same before and after calling `init_weights` of ImageClassifier  

backbone.stages.2.blocks.10.ffn.layers.0.0.weight - torch.Size([2048, 512]): 
TruncNormalInit: a=-2, b=2, mean=0, std=0.02, bias=0.0 

backbone.stages.2.blocks.10.ffn.layers.0.0.bias - torch.Size([2048]): 
TruncNormalInit: a=-2, b=2, mean=0, std=0.02, bias=0.0 

backbone.stages.2.blocks.10.ffn.layers.1.weight - torch.Size([512, 2048]): 
TruncNormalInit: a=-2, b=2, mean=0, std=0.02, bias=0.0 

backbone.stages.2.blocks.10.ffn.layers.1.bias - torch.Size([512]): 
TruncNormalInit: a=-2, b=2, mean=0, std=0.02, bias=0.0 

backbone.stages.2.blocks.11.norm1.weight - torch.Size([512]): 
The value is the same before and after calling `init_weights` of ImageClassifier  

backbone.stages.2.blocks.11.norm1.bias - torch.Size([512]): 
The value is the same before and after calling `init_weights` of ImageClassifier  

backbone.stages.2.blocks.11.attn.w_msa.relative_position_bias_table - torch.Size([169, 16]): 
Initialized by user-defined `init_weights` in WindowMSA  

backbone.stages.2.blocks.11.attn.w_msa.qkv.weight - torch.Size([1536, 512]): 
TruncNormalInit: a=-2, b=2, mean=0, std=0.02, bias=0.0 

backbone.stages.2.blocks.11.attn.w_msa.qkv.bias - torch.Size([1536]): 
TruncNormalInit: a=-2, b=2, mean=0, std=0.02, bias=0.0 

backbone.stages.2.blocks.11.attn.w_msa.proj.weight - torch.Size([512, 512]): 
TruncNormalInit: a=-2, b=2, mean=0, std=0.02, bias=0.0 

backbone.stages.2.blocks.11.attn.w_msa.proj.bias - torch.Size([512]): 
TruncNormalInit: a=-2, b=2, mean=0, std=0.02, bias=0.0 

backbone.stages.2.blocks.11.norm2.weight - torch.Size([512]): 
The value is the same before and after calling `init_weights` of ImageClassifier  

backbone.stages.2.blocks.11.norm2.bias - torch.Size([512]): 
The value is the same before and after calling `init_weights` of ImageClassifier  

backbone.stages.2.blocks.11.ffn.layers.0.0.weight - torch.Size([2048, 512]): 
TruncNormalInit: a=-2, b=2, mean=0, std=0.02, bias=0.0 

backbone.stages.2.blocks.11.ffn.layers.0.0.bias - torch.Size([2048]): 
TruncNormalInit: a=-2, b=2, mean=0, std=0.02, bias=0.0 

backbone.stages.2.blocks.11.ffn.layers.1.weight - torch.Size([512, 2048]): 
TruncNormalInit: a=-2, b=2, mean=0, std=0.02, bias=0.0 

backbone.stages.2.blocks.11.ffn.layers.1.bias - torch.Size([512]): 
TruncNormalInit: a=-2, b=2, mean=0, std=0.02, bias=0.0 

backbone.stages.2.blocks.12.norm1.weight - torch.Size([512]): 
The value is the same before and after calling `init_weights` of ImageClassifier  

backbone.stages.2.blocks.12.norm1.bias - torch.Size([512]): 
The value is the same before and after calling `init_weights` of ImageClassifier  

backbone.stages.2.blocks.12.attn.w_msa.relative_position_bias_table - torch.Size([169, 16]): 
Initialized by user-defined `init_weights` in WindowMSA  

backbone.stages.2.blocks.12.attn.w_msa.qkv.weight - torch.Size([1536, 512]): 
TruncNormalInit: a=-2, b=2, mean=0, std=0.02, bias=0.0 

backbone.stages.2.blocks.12.attn.w_msa.qkv.bias - torch.Size([1536]): 
TruncNormalInit: a=-2, b=2, mean=0, std=0.02, bias=0.0 

backbone.stages.2.blocks.12.attn.w_msa.proj.weight - torch.Size([512, 512]): 
TruncNormalInit: a=-2, b=2, mean=0, std=0.02, bias=0.0 

backbone.stages.2.blocks.12.attn.w_msa.proj.bias - torch.Size([512]): 
TruncNormalInit: a=-2, b=2, mean=0, std=0.02, bias=0.0 

backbone.stages.2.blocks.12.norm2.weight - torch.Size([512]): 
The value is the same before and after calling `init_weights` of ImageClassifier  

backbone.stages.2.blocks.12.norm2.bias - torch.Size([512]): 
The value is the same before and after calling `init_weights` of ImageClassifier  

backbone.stages.2.blocks.12.ffn.layers.0.0.weight - torch.Size([2048, 512]): 
TruncNormalInit: a=-2, b=2, mean=0, std=0.02, bias=0.0 

backbone.stages.2.blocks.12.ffn.layers.0.0.bias - torch.Size([2048]): 
TruncNormalInit: a=-2, b=2, mean=0, std=0.02, bias=0.0 

backbone.stages.2.blocks.12.ffn.layers.1.weight - torch.Size([512, 2048]): 
TruncNormalInit: a=-2, b=2, mean=0, std=0.02, bias=0.0 

backbone.stages.2.blocks.12.ffn.layers.1.bias - torch.Size([512]): 
TruncNormalInit: a=-2, b=2, mean=0, std=0.02, bias=0.0 

backbone.stages.2.blocks.13.norm1.weight - torch.Size([512]): 
The value is the same before and after calling `init_weights` of ImageClassifier  

backbone.stages.2.blocks.13.norm1.bias - torch.Size([512]): 
The value is the same before and after calling `init_weights` of ImageClassifier  

backbone.stages.2.blocks.13.attn.w_msa.relative_position_bias_table - torch.Size([169, 16]): 
Initialized by user-defined `init_weights` in WindowMSA  

backbone.stages.2.blocks.13.attn.w_msa.qkv.weight - torch.Size([1536, 512]): 
TruncNormalInit: a=-2, b=2, mean=0, std=0.02, bias=0.0 

backbone.stages.2.blocks.13.attn.w_msa.qkv.bias - torch.Size([1536]): 
TruncNormalInit: a=-2, b=2, mean=0, std=0.02, bias=0.0 

backbone.stages.2.blocks.13.attn.w_msa.proj.weight - torch.Size([512, 512]): 
TruncNormalInit: a=-2, b=2, mean=0, std=0.02, bias=0.0 

backbone.stages.2.blocks.13.attn.w_msa.proj.bias - torch.Size([512]): 
TruncNormalInit: a=-2, b=2, mean=0, std=0.02, bias=0.0 

backbone.stages.2.blocks.13.norm2.weight - torch.Size([512]): 
The value is the same before and after calling `init_weights` of ImageClassifier  

backbone.stages.2.blocks.13.norm2.bias - torch.Size([512]): 
The value is the same before and after calling `init_weights` of ImageClassifier  

backbone.stages.2.blocks.13.ffn.layers.0.0.weight - torch.Size([2048, 512]): 
TruncNormalInit: a=-2, b=2, mean=0, std=0.02, bias=0.0 

backbone.stages.2.blocks.13.ffn.layers.0.0.bias - torch.Size([2048]): 
TruncNormalInit: a=-2, b=2, mean=0, std=0.02, bias=0.0 

backbone.stages.2.blocks.13.ffn.layers.1.weight - torch.Size([512, 2048]): 
TruncNormalInit: a=-2, b=2, mean=0, std=0.02, bias=0.0 

backbone.stages.2.blocks.13.ffn.layers.1.bias - torch.Size([512]): 
TruncNormalInit: a=-2, b=2, mean=0, std=0.02, bias=0.0 

backbone.stages.2.blocks.14.norm1.weight - torch.Size([512]): 
The value is the same before and after calling `init_weights` of ImageClassifier  

backbone.stages.2.blocks.14.norm1.bias - torch.Size([512]): 
The value is the same before and after calling `init_weights` of ImageClassifier  

backbone.stages.2.blocks.14.attn.w_msa.relative_position_bias_table - torch.Size([169, 16]): 
Initialized by user-defined `init_weights` in WindowMSA  

backbone.stages.2.blocks.14.attn.w_msa.qkv.weight - torch.Size([1536, 512]): 
TruncNormalInit: a=-2, b=2, mean=0, std=0.02, bias=0.0 

backbone.stages.2.blocks.14.attn.w_msa.qkv.bias - torch.Size([1536]): 
TruncNormalInit: a=-2, b=2, mean=0, std=0.02, bias=0.0 

backbone.stages.2.blocks.14.attn.w_msa.proj.weight - torch.Size([512, 512]): 
TruncNormalInit: a=-2, b=2, mean=0, std=0.02, bias=0.0 

backbone.stages.2.blocks.14.attn.w_msa.proj.bias - torch.Size([512]): 
TruncNormalInit: a=-2, b=2, mean=0, std=0.02, bias=0.0 

backbone.stages.2.blocks.14.norm2.weight - torch.Size([512]): 
The value is the same before and after calling `init_weights` of ImageClassifier  

backbone.stages.2.blocks.14.norm2.bias - torch.Size([512]): 
The value is the same before and after calling `init_weights` of ImageClassifier  

backbone.stages.2.blocks.14.ffn.layers.0.0.weight - torch.Size([2048, 512]): 
TruncNormalInit: a=-2, b=2, mean=0, std=0.02, bias=0.0 

backbone.stages.2.blocks.14.ffn.layers.0.0.bias - torch.Size([2048]): 
TruncNormalInit: a=-2, b=2, mean=0, std=0.02, bias=0.0 

backbone.stages.2.blocks.14.ffn.layers.1.weight - torch.Size([512, 2048]): 
TruncNormalInit: a=-2, b=2, mean=0, std=0.02, bias=0.0 

backbone.stages.2.blocks.14.ffn.layers.1.bias - torch.Size([512]): 
TruncNormalInit: a=-2, b=2, mean=0, std=0.02, bias=0.0 

backbone.stages.2.blocks.15.norm1.weight - torch.Size([512]): 
The value is the same before and after calling `init_weights` of ImageClassifier  

backbone.stages.2.blocks.15.norm1.bias - torch.Size([512]): 
The value is the same before and after calling `init_weights` of ImageClassifier  

backbone.stages.2.blocks.15.attn.w_msa.relative_position_bias_table - torch.Size([169, 16]): 
Initialized by user-defined `init_weights` in WindowMSA  

backbone.stages.2.blocks.15.attn.w_msa.qkv.weight - torch.Size([1536, 512]): 
TruncNormalInit: a=-2, b=2, mean=0, std=0.02, bias=0.0 

backbone.stages.2.blocks.15.attn.w_msa.qkv.bias - torch.Size([1536]): 
TruncNormalInit: a=-2, b=2, mean=0, std=0.02, bias=0.0 

backbone.stages.2.blocks.15.attn.w_msa.proj.weight - torch.Size([512, 512]): 
TruncNormalInit: a=-2, b=2, mean=0, std=0.02, bias=0.0 

backbone.stages.2.blocks.15.attn.w_msa.proj.bias - torch.Size([512]): 
TruncNormalInit: a=-2, b=2, mean=0, std=0.02, bias=0.0 

backbone.stages.2.blocks.15.norm2.weight - torch.Size([512]): 
The value is the same before and after calling `init_weights` of ImageClassifier  

backbone.stages.2.blocks.15.norm2.bias - torch.Size([512]): 
The value is the same before and after calling `init_weights` of ImageClassifier  

backbone.stages.2.blocks.15.ffn.layers.0.0.weight - torch.Size([2048, 512]): 
TruncNormalInit: a=-2, b=2, mean=0, std=0.02, bias=0.0 

backbone.stages.2.blocks.15.ffn.layers.0.0.bias - torch.Size([2048]): 
TruncNormalInit: a=-2, b=2, mean=0, std=0.02, bias=0.0 

backbone.stages.2.blocks.15.ffn.layers.1.weight - torch.Size([512, 2048]): 
TruncNormalInit: a=-2, b=2, mean=0, std=0.02, bias=0.0 

backbone.stages.2.blocks.15.ffn.layers.1.bias - torch.Size([512]): 
TruncNormalInit: a=-2, b=2, mean=0, std=0.02, bias=0.0 

backbone.stages.2.blocks.16.norm1.weight - torch.Size([512]): 
The value is the same before and after calling `init_weights` of ImageClassifier  

backbone.stages.2.blocks.16.norm1.bias - torch.Size([512]): 
The value is the same before and after calling `init_weights` of ImageClassifier  

backbone.stages.2.blocks.16.attn.w_msa.relative_position_bias_table - torch.Size([169, 16]): 
Initialized by user-defined `init_weights` in WindowMSA  

backbone.stages.2.blocks.16.attn.w_msa.qkv.weight - torch.Size([1536, 512]): 
TruncNormalInit: a=-2, b=2, mean=0, std=0.02, bias=0.0 

backbone.stages.2.blocks.16.attn.w_msa.qkv.bias - torch.Size([1536]): 
TruncNormalInit: a=-2, b=2, mean=0, std=0.02, bias=0.0 

backbone.stages.2.blocks.16.attn.w_msa.proj.weight - torch.Size([512, 512]): 
TruncNormalInit: a=-2, b=2, mean=0, std=0.02, bias=0.0 

backbone.stages.2.blocks.16.attn.w_msa.proj.bias - torch.Size([512]): 
TruncNormalInit: a=-2, b=2, mean=0, std=0.02, bias=0.0 

backbone.stages.2.blocks.16.norm2.weight - torch.Size([512]): 
The value is the same before and after calling `init_weights` of ImageClassifier  

backbone.stages.2.blocks.16.norm2.bias - torch.Size([512]): 
The value is the same before and after calling `init_weights` of ImageClassifier  

backbone.stages.2.blocks.16.ffn.layers.0.0.weight - torch.Size([2048, 512]): 
TruncNormalInit: a=-2, b=2, mean=0, std=0.02, bias=0.0 

backbone.stages.2.blocks.16.ffn.layers.0.0.bias - torch.Size([2048]): 
TruncNormalInit: a=-2, b=2, mean=0, std=0.02, bias=0.0 

backbone.stages.2.blocks.16.ffn.layers.1.weight - torch.Size([512, 2048]): 
TruncNormalInit: a=-2, b=2, mean=0, std=0.02, bias=0.0 

backbone.stages.2.blocks.16.ffn.layers.1.bias - torch.Size([512]): 
TruncNormalInit: a=-2, b=2, mean=0, std=0.02, bias=0.0 

backbone.stages.2.blocks.17.norm1.weight - torch.Size([512]): 
The value is the same before and after calling `init_weights` of ImageClassifier  

backbone.stages.2.blocks.17.norm1.bias - torch.Size([512]): 
The value is the same before and after calling `init_weights` of ImageClassifier  

backbone.stages.2.blocks.17.attn.w_msa.relative_position_bias_table - torch.Size([169, 16]): 
Initialized by user-defined `init_weights` in WindowMSA  

backbone.stages.2.blocks.17.attn.w_msa.qkv.weight - torch.Size([1536, 512]): 
TruncNormalInit: a=-2, b=2, mean=0, std=0.02, bias=0.0 

backbone.stages.2.blocks.17.attn.w_msa.qkv.bias - torch.Size([1536]): 
TruncNormalInit: a=-2, b=2, mean=0, std=0.02, bias=0.0 

backbone.stages.2.blocks.17.attn.w_msa.proj.weight - torch.Size([512, 512]): 
TruncNormalInit: a=-2, b=2, mean=0, std=0.02, bias=0.0 

backbone.stages.2.blocks.17.attn.w_msa.proj.bias - torch.Size([512]): 
TruncNormalInit: a=-2, b=2, mean=0, std=0.02, bias=0.0 

backbone.stages.2.blocks.17.norm2.weight - torch.Size([512]): 
The value is the same before and after calling `init_weights` of ImageClassifier  

backbone.stages.2.blocks.17.norm2.bias - torch.Size([512]): 
The value is the same before and after calling `init_weights` of ImageClassifier  

backbone.stages.2.blocks.17.ffn.layers.0.0.weight - torch.Size([2048, 512]): 
TruncNormalInit: a=-2, b=2, mean=0, std=0.02, bias=0.0 

backbone.stages.2.blocks.17.ffn.layers.0.0.bias - torch.Size([2048]): 
TruncNormalInit: a=-2, b=2, mean=0, std=0.02, bias=0.0 

backbone.stages.2.blocks.17.ffn.layers.1.weight - torch.Size([512, 2048]): 
TruncNormalInit: a=-2, b=2, mean=0, std=0.02, bias=0.0 

backbone.stages.2.blocks.17.ffn.layers.1.bias - torch.Size([512]): 
TruncNormalInit: a=-2, b=2, mean=0, std=0.02, bias=0.0 

backbone.stages.2.downsample.norm.weight - torch.Size([2048]): 
The value is the same before and after calling `init_weights` of ImageClassifier  

backbone.stages.2.downsample.norm.bias - torch.Size([2048]): 
The value is the same before and after calling `init_weights` of ImageClassifier  

backbone.stages.2.downsample.reduction.weight - torch.Size([1024, 2048]): 
TruncNormalInit: a=-2, b=2, mean=0, std=0.02, bias=0.0 

backbone.stages.3.blocks.0.norm1.weight - torch.Size([1024]): 
The value is the same before and after calling `init_weights` of ImageClassifier  

backbone.stages.3.blocks.0.norm1.bias - torch.Size([1024]): 
The value is the same before and after calling `init_weights` of ImageClassifier  

backbone.stages.3.blocks.0.attn.w_msa.relative_position_bias_table - torch.Size([169, 32]): 
Initialized by user-defined `init_weights` in WindowMSA  

backbone.stages.3.blocks.0.attn.w_msa.qkv.weight - torch.Size([3072, 1024]): 
TruncNormalInit: a=-2, b=2, mean=0, std=0.02, bias=0.0 

backbone.stages.3.blocks.0.attn.w_msa.qkv.bias - torch.Size([3072]): 
TruncNormalInit: a=-2, b=2, mean=0, std=0.02, bias=0.0 

backbone.stages.3.blocks.0.attn.w_msa.proj.weight - torch.Size([1024, 1024]): 
TruncNormalInit: a=-2, b=2, mean=0, std=0.02, bias=0.0 

backbone.stages.3.blocks.0.attn.w_msa.proj.bias - torch.Size([1024]): 
TruncNormalInit: a=-2, b=2, mean=0, std=0.02, bias=0.0 

backbone.stages.3.blocks.0.norm2.weight - torch.Size([1024]): 
The value is the same before and after calling `init_weights` of ImageClassifier  

backbone.stages.3.blocks.0.norm2.bias - torch.Size([1024]): 
The value is the same before and after calling `init_weights` of ImageClassifier  

backbone.stages.3.blocks.0.ffn.layers.0.0.weight - torch.Size([4096, 1024]): 
TruncNormalInit: a=-2, b=2, mean=0, std=0.02, bias=0.0 

backbone.stages.3.blocks.0.ffn.layers.0.0.bias - torch.Size([4096]): 
TruncNormalInit: a=-2, b=2, mean=0, std=0.02, bias=0.0 

backbone.stages.3.blocks.0.ffn.layers.1.weight - torch.Size([1024, 4096]): 
TruncNormalInit: a=-2, b=2, mean=0, std=0.02, bias=0.0 

backbone.stages.3.blocks.0.ffn.layers.1.bias - torch.Size([1024]): 
TruncNormalInit: a=-2, b=2, mean=0, std=0.02, bias=0.0 

backbone.stages.3.blocks.1.norm1.weight - torch.Size([1024]): 
The value is the same before and after calling `init_weights` of ImageClassifier  

backbone.stages.3.blocks.1.norm1.bias - torch.Size([1024]): 
The value is the same before and after calling `init_weights` of ImageClassifier  

backbone.stages.3.blocks.1.attn.w_msa.relative_position_bias_table - torch.Size([169, 32]): 
Initialized by user-defined `init_weights` in WindowMSA  

backbone.stages.3.blocks.1.attn.w_msa.qkv.weight - torch.Size([3072, 1024]): 
TruncNormalInit: a=-2, b=2, mean=0, std=0.02, bias=0.0 

backbone.stages.3.blocks.1.attn.w_msa.qkv.bias - torch.Size([3072]): 
TruncNormalInit: a=-2, b=2, mean=0, std=0.02, bias=0.0 

backbone.stages.3.blocks.1.attn.w_msa.proj.weight - torch.Size([1024, 1024]): 
TruncNormalInit: a=-2, b=2, mean=0, std=0.02, bias=0.0 

backbone.stages.3.blocks.1.attn.w_msa.proj.bias - torch.Size([1024]): 
TruncNormalInit: a=-2, b=2, mean=0, std=0.02, bias=0.0 

backbone.stages.3.blocks.1.norm2.weight - torch.Size([1024]): 
The value is the same before and after calling `init_weights` of ImageClassifier  

backbone.stages.3.blocks.1.norm2.bias - torch.Size([1024]): 
The value is the same before and after calling `init_weights` of ImageClassifier  

backbone.stages.3.blocks.1.ffn.layers.0.0.weight - torch.Size([4096, 1024]): 
TruncNormalInit: a=-2, b=2, mean=0, std=0.02, bias=0.0 

backbone.stages.3.blocks.1.ffn.layers.0.0.bias - torch.Size([4096]): 
TruncNormalInit: a=-2, b=2, mean=0, std=0.02, bias=0.0 

backbone.stages.3.blocks.1.ffn.layers.1.weight - torch.Size([1024, 4096]): 
TruncNormalInit: a=-2, b=2, mean=0, std=0.02, bias=0.0 

backbone.stages.3.blocks.1.ffn.layers.1.bias - torch.Size([1024]): 
TruncNormalInit: a=-2, b=2, mean=0, std=0.02, bias=0.0 

backbone.norm3.weight - torch.Size([1024]): 
The value is the same before and after calling `init_weights` of ImageClassifier  

backbone.norm3.bias - torch.Size([1024]): 
The value is the same before and after calling `init_weights` of ImageClassifier  

head.fc.weight - torch.Size([17, 1024]): 
TruncNormalInit: a=-2, b=2, mean=0, std=0.02, bias=0.0 

head.fc.bias - torch.Size([17]): 
TruncNormalInit: a=-2, b=2, mean=0, std=0.02, bias=0.0 
2024-04-12 09:55:49,366 - mmcls - INFO - Start running, host: cshtimmy@gpu2-comp-102, work_dir: /userhome/cs2/cshtimmy/COMP3340Project/CNN_Image_Classification_Code/output/swin_transformer/bs16/lr0.01
2024-04-12 09:55:49,367 - mmcls - INFO - Hooks will be executed in the following order:
before_run:
(VERY_HIGH   ) StepLrUpdaterHook                  
(NORMAL      ) CheckpointHook                     
(NORMAL      ) EvalHook                           
(VERY_LOW    ) TextLoggerHook                     
 -------------------- 
before_train_epoch:
(VERY_HIGH   ) StepLrUpdaterHook                  
(NORMAL      ) EvalHook                           
(LOW         ) IterTimerHook                      
(VERY_LOW    ) TextLoggerHook                     
 -------------------- 
before_train_iter:
(VERY_HIGH   ) StepLrUpdaterHook                  
(NORMAL      ) EvalHook                           
(LOW         ) IterTimerHook                      
 -------------------- 
after_train_iter:
(ABOVE_NORMAL) OptimizerHook                      
(NORMAL      ) CheckpointHook                     
(NORMAL      ) EvalHook                           
(LOW         ) IterTimerHook                      
(VERY_LOW    ) TextLoggerHook                     
 -------------------- 
after_train_epoch:
(NORMAL      ) CheckpointHook                     
(NORMAL      ) EvalHook                           
(VERY_LOW    ) TextLoggerHook                     
 -------------------- 
before_val_epoch:
(LOW         ) IterTimerHook                      
(VERY_LOW    ) TextLoggerHook                     
 -------------------- 
before_val_iter:
(LOW         ) IterTimerHook                      
 -------------------- 
after_val_iter:
(LOW         ) IterTimerHook                      
 -------------------- 
after_val_epoch:
(VERY_LOW    ) TextLoggerHook                     
 -------------------- 
after_run:
(VERY_LOW    ) TextLoggerHook                     
 -------------------- 
2024-04-12 09:55:49,367 - mmcls - INFO - workflow: [('train', 1)], max: 200 epochs
2024-04-12 09:55:49,368 - mmcls - INFO - Checkpoints will be saved to /userhome/cs2/cshtimmy/COMP3340Project/CNN_Image_Classification_Code/output/swin_transformer/bs16/lr0.01 by HardDiskBackend.
2024-04-12 09:56:23,960 - mmcls - INFO - Epoch(val) [1][9]	accuracy_top-1: 17.6471, accuracy_top-5: 62.5000
2024-04-12 09:56:49,040 - mmcls - INFO - Epoch(val) [2][9]	accuracy_top-1: 22.0588, accuracy_top-5: 60.2941
2024-04-12 09:57:13,808 - mmcls - INFO - Epoch(val) [3][9]	accuracy_top-1: 18.3824, accuracy_top-5: 67.6471
2024-04-12 09:57:38,908 - mmcls - INFO - Epoch(val) [4][9]	accuracy_top-1: 22.7941, accuracy_top-5: 75.7353
2024-04-12 09:58:03,595 - mmcls - INFO - Epoch(val) [5][9]	accuracy_top-1: 23.5294, accuracy_top-5: 79.4118
2024-04-12 09:58:28,461 - mmcls - INFO - Epoch(val) [6][9]	accuracy_top-1: 27.2059, accuracy_top-5: 77.9412
2024-04-12 09:58:52,805 - mmcls - INFO - Epoch(val) [7][9]	accuracy_top-1: 23.5294, accuracy_top-5: 77.9412
2024-04-12 09:59:18,345 - mmcls - INFO - Epoch(val) [8][9]	accuracy_top-1: 34.5588, accuracy_top-5: 81.6176
2024-04-12 09:59:43,608 - mmcls - INFO - Epoch(val) [9][9]	accuracy_top-1: 33.0882, accuracy_top-5: 85.2941
2024-04-12 10:00:09,076 - mmcls - INFO - Epoch(val) [10][9]	accuracy_top-1: 42.6471, accuracy_top-5: 85.2941
2024-04-12 10:00:34,344 - mmcls - INFO - Epoch(val) [11][9]	accuracy_top-1: 38.2353, accuracy_top-5: 83.0882
2024-04-12 10:00:59,301 - mmcls - INFO - Epoch(val) [12][9]	accuracy_top-1: 44.1176, accuracy_top-5: 87.5000
2024-04-12 10:01:24,845 - mmcls - INFO - Epoch(val) [13][9]	accuracy_top-1: 47.7941, accuracy_top-5: 91.1765
2024-04-12 10:01:50,359 - mmcls - INFO - Epoch(val) [14][9]	accuracy_top-1: 47.7941, accuracy_top-5: 91.9118
2024-04-12 10:02:16,045 - mmcls - INFO - Epoch(val) [15][9]	accuracy_top-1: 44.1176, accuracy_top-5: 88.2353
2024-04-12 10:02:41,695 - mmcls - INFO - Epoch(val) [16][9]	accuracy_top-1: 43.3824, accuracy_top-5: 87.5000
2024-04-12 10:03:07,037 - mmcls - INFO - Epoch(val) [17][9]	accuracy_top-1: 47.0588, accuracy_top-5: 91.1765
2024-04-12 10:03:32,683 - mmcls - INFO - Epoch(val) [18][9]	accuracy_top-1: 47.0588, accuracy_top-5: 90.4412
2024-04-12 10:03:58,207 - mmcls - INFO - Epoch(val) [19][9]	accuracy_top-1: 46.3235, accuracy_top-5: 87.5000
2024-04-12 10:04:23,404 - mmcls - INFO - Epoch(val) [20][9]	accuracy_top-1: 48.5294, accuracy_top-5: 86.7647
2024-04-12 10:04:48,556 - mmcls - INFO - Epoch(val) [21][9]	accuracy_top-1: 47.7941, accuracy_top-5: 90.4412
2024-04-12 10:05:14,137 - mmcls - INFO - Epoch(val) [22][9]	accuracy_top-1: 48.5294, accuracy_top-5: 89.7059
2024-04-12 10:05:39,596 - mmcls - INFO - Epoch(val) [23][9]	accuracy_top-1: 52.2059, accuracy_top-5: 91.9118
2024-04-12 10:06:05,283 - mmcls - INFO - Epoch(val) [24][9]	accuracy_top-1: 56.6176, accuracy_top-5: 90.4412
2024-04-12 10:06:30,403 - mmcls - INFO - Epoch(val) [25][9]	accuracy_top-1: 53.6765, accuracy_top-5: 91.9118
2024-04-12 10:06:55,989 - mmcls - INFO - Epoch(val) [26][9]	accuracy_top-1: 55.1471, accuracy_top-5: 93.3824
2024-04-12 10:07:21,190 - mmcls - INFO - Epoch(val) [27][9]	accuracy_top-1: 47.7941, accuracy_top-5: 94.1176
2024-04-12 10:07:46,572 - mmcls - INFO - Epoch(val) [28][9]	accuracy_top-1: 47.0588, accuracy_top-5: 92.6471
2024-04-12 10:08:12,039 - mmcls - INFO - Epoch(val) [29][9]	accuracy_top-1: 50.7353, accuracy_top-5: 90.4412
2024-04-12 10:08:37,344 - mmcls - INFO - Epoch(val) [30][9]	accuracy_top-1: 58.8235, accuracy_top-5: 94.1176
2024-04-12 10:09:02,527 - mmcls - INFO - Epoch(val) [31][9]	accuracy_top-1: 57.3529, accuracy_top-5: 90.4412
2024-04-12 10:09:27,726 - mmcls - INFO - Epoch(val) [32][9]	accuracy_top-1: 59.5588, accuracy_top-5: 93.3824
2024-04-12 10:09:53,277 - mmcls - INFO - Epoch(val) [33][9]	accuracy_top-1: 53.6765, accuracy_top-5: 92.6471
2024-04-12 10:10:18,420 - mmcls - INFO - Epoch(val) [34][9]	accuracy_top-1: 57.3529, accuracy_top-5: 92.6471
2024-04-12 10:10:43,832 - mmcls - INFO - Epoch(val) [35][9]	accuracy_top-1: 58.8235, accuracy_top-5: 94.1176
2024-04-12 10:11:08,592 - mmcls - INFO - Epoch(val) [36][9]	accuracy_top-1: 58.0882, accuracy_top-5: 93.3824
2024-04-12 10:11:33,436 - mmcls - INFO - Epoch(val) [37][9]	accuracy_top-1: 61.7647, accuracy_top-5: 96.3235
2024-04-12 10:11:58,414 - mmcls - INFO - Epoch(val) [38][9]	accuracy_top-1: 65.4412, accuracy_top-5: 94.1176
2024-04-12 10:12:22,420 - mmcls - INFO - Epoch(val) [39][9]	accuracy_top-1: 60.2941, accuracy_top-5: 94.8529
2024-04-12 10:12:46,998 - mmcls - INFO - Epoch(val) [40][9]	accuracy_top-1: 62.5000, accuracy_top-5: 94.1176
2024-04-12 10:13:12,121 - mmcls - INFO - Epoch(val) [41][9]	accuracy_top-1: 63.2353, accuracy_top-5: 94.8529
2024-04-12 10:13:36,837 - mmcls - INFO - Epoch(val) [42][9]	accuracy_top-1: 64.7059, accuracy_top-5: 95.5882
2024-04-12 10:14:01,728 - mmcls - INFO - Epoch(val) [43][9]	accuracy_top-1: 59.5588, accuracy_top-5: 97.7941
2024-04-12 10:14:26,437 - mmcls - INFO - Epoch(val) [44][9]	accuracy_top-1: 61.7647, accuracy_top-5: 91.9118
2024-04-12 10:14:51,860 - mmcls - INFO - Epoch(val) [45][9]	accuracy_top-1: 63.9706, accuracy_top-5: 95.5882
2024-04-12 10:15:17,457 - mmcls - INFO - Epoch(val) [46][9]	accuracy_top-1: 66.9118, accuracy_top-5: 93.3824
2024-04-12 10:15:42,958 - mmcls - INFO - Epoch(val) [47][9]	accuracy_top-1: 61.7647, accuracy_top-5: 94.1176
2024-04-12 10:16:08,312 - mmcls - INFO - Epoch(val) [48][9]	accuracy_top-1: 68.3824, accuracy_top-5: 94.8529
2024-04-12 10:16:33,268 - mmcls - INFO - Epoch(val) [49][9]	accuracy_top-1: 66.9118, accuracy_top-5: 94.8529
2024-04-12 10:16:58,631 - mmcls - INFO - Epoch(val) [50][9]	accuracy_top-1: 65.4412, accuracy_top-5: 96.3235
2024-04-12 10:17:23,935 - mmcls - INFO - Epoch(val) [51][9]	accuracy_top-1: 69.1176, accuracy_top-5: 95.5882
2024-04-12 10:17:48,990 - mmcls - INFO - Epoch(val) [52][9]	accuracy_top-1: 65.4412, accuracy_top-5: 94.1176
2024-04-12 10:18:14,722 - mmcls - INFO - Epoch(val) [53][9]	accuracy_top-1: 66.9118, accuracy_top-5: 96.3235
2024-04-12 10:18:39,744 - mmcls - INFO - Epoch(val) [54][9]	accuracy_top-1: 65.4412, accuracy_top-5: 97.7941
2024-04-12 10:19:05,064 - mmcls - INFO - Epoch(val) [55][9]	accuracy_top-1: 63.9706, accuracy_top-5: 95.5882
2024-04-12 10:19:29,579 - mmcls - INFO - Epoch(val) [56][9]	accuracy_top-1: 71.3235, accuracy_top-5: 96.3235
2024-04-12 10:19:54,695 - mmcls - INFO - Epoch(val) [57][9]	accuracy_top-1: 69.1176, accuracy_top-5: 97.0588
2024-04-12 10:20:19,114 - mmcls - INFO - Epoch(val) [58][9]	accuracy_top-1: 62.5000, accuracy_top-5: 94.8529
2024-04-12 10:20:44,289 - mmcls - INFO - Epoch(val) [59][9]	accuracy_top-1: 65.4412, accuracy_top-5: 96.3235
2024-04-12 10:21:08,891 - mmcls - INFO - Epoch(val) [60][9]	accuracy_top-1: 69.8529, accuracy_top-5: 95.5882
2024-04-12 10:21:34,367 - mmcls - INFO - Epoch(val) [61][9]	accuracy_top-1: 65.4412, accuracy_top-5: 93.3824
2024-04-12 10:21:59,543 - mmcls - INFO - Epoch(val) [62][9]	accuracy_top-1: 66.9118, accuracy_top-5: 98.5294
2024-04-12 10:22:24,544 - mmcls - INFO - Epoch(val) [63][9]	accuracy_top-1: 71.3235, accuracy_top-5: 97.7941
2024-04-12 10:22:49,902 - mmcls - INFO - Epoch(val) [64][9]	accuracy_top-1: 65.4412, accuracy_top-5: 96.3235
2024-04-12 10:23:15,372 - mmcls - INFO - Epoch(val) [65][9]	accuracy_top-1: 66.9118, accuracy_top-5: 97.7941
2024-04-12 10:23:40,412 - mmcls - INFO - Epoch(val) [66][9]	accuracy_top-1: 67.6471, accuracy_top-5: 97.0588
2024-04-12 10:24:05,264 - mmcls - INFO - Epoch(val) [67][9]	accuracy_top-1: 68.3824, accuracy_top-5: 96.3235
2024-04-12 10:24:30,845 - mmcls - INFO - Epoch(val) [68][9]	accuracy_top-1: 66.9118, accuracy_top-5: 97.0588
2024-04-12 10:24:55,891 - mmcls - INFO - Epoch(val) [69][9]	accuracy_top-1: 69.1176, accuracy_top-5: 96.3235
2024-04-12 10:25:21,282 - mmcls - INFO - Epoch(val) [70][9]	accuracy_top-1: 68.3824, accuracy_top-5: 96.3235
2024-04-12 10:25:45,627 - mmcls - INFO - Epoch(val) [71][9]	accuracy_top-1: 69.8529, accuracy_top-5: 97.0588
2024-04-12 10:26:10,047 - mmcls - INFO - Epoch(val) [72][9]	accuracy_top-1: 68.3824, accuracy_top-5: 94.8529
2024-04-12 10:26:35,083 - mmcls - INFO - Epoch(val) [73][9]	accuracy_top-1: 70.5882, accuracy_top-5: 97.7941
2024-04-12 10:26:59,870 - mmcls - INFO - Epoch(val) [74][9]	accuracy_top-1: 69.1176, accuracy_top-5: 95.5882
2024-04-12 10:27:25,079 - mmcls - INFO - Epoch(val) [75][9]	accuracy_top-1: 72.7941, accuracy_top-5: 97.7941
2024-04-12 10:27:49,483 - mmcls - INFO - Epoch(val) [76][9]	accuracy_top-1: 72.0588, accuracy_top-5: 97.0588
2024-04-12 10:28:14,944 - mmcls - INFO - Epoch(val) [77][9]	accuracy_top-1: 71.3235, accuracy_top-5: 94.1176
2024-04-12 10:28:39,701 - mmcls - INFO - Epoch(val) [78][9]	accuracy_top-1: 72.7941, accuracy_top-5: 98.5294
2024-04-12 10:29:04,336 - mmcls - INFO - Epoch(val) [79][9]	accuracy_top-1: 69.1176, accuracy_top-5: 94.8529
2024-04-12 10:29:29,706 - mmcls - INFO - Epoch(val) [80][9]	accuracy_top-1: 71.3235, accuracy_top-5: 97.0588
2024-04-12 10:29:55,016 - mmcls - INFO - Epoch(val) [81][9]	accuracy_top-1: 72.0588, accuracy_top-5: 96.3235
2024-04-12 10:30:20,400 - mmcls - INFO - Epoch(val) [82][9]	accuracy_top-1: 69.8529, accuracy_top-5: 96.3235
2024-04-12 10:30:45,319 - mmcls - INFO - Epoch(val) [83][9]	accuracy_top-1: 69.1176, accuracy_top-5: 95.5882
2024-04-12 10:31:10,180 - mmcls - INFO - Epoch(val) [84][9]	accuracy_top-1: 75.0000, accuracy_top-5: 97.7941
2024-04-12 10:31:35,514 - mmcls - INFO - Epoch(val) [85][9]	accuracy_top-1: 68.3824, accuracy_top-5: 95.5882
2024-04-12 10:32:00,921 - mmcls - INFO - Epoch(val) [86][9]	accuracy_top-1: 70.5882, accuracy_top-5: 94.1176
2024-04-12 10:32:26,279 - mmcls - INFO - Epoch(val) [87][9]	accuracy_top-1: 64.7059, accuracy_top-5: 94.1176
2024-04-12 10:32:50,449 - mmcls - INFO - Epoch(val) [88][9]	accuracy_top-1: 72.0588, accuracy_top-5: 97.7941
2024-04-12 10:33:15,543 - mmcls - INFO - Epoch(val) [89][9]	accuracy_top-1: 70.5882, accuracy_top-5: 97.0588
2024-04-12 10:33:40,493 - mmcls - INFO - Epoch(val) [90][9]	accuracy_top-1: 73.5294, accuracy_top-5: 98.5294
2024-04-12 10:34:05,920 - mmcls - INFO - Epoch(val) [91][9]	accuracy_top-1: 69.8529, accuracy_top-5: 97.0588
2024-04-12 10:34:31,240 - mmcls - INFO - Epoch(val) [92][9]	accuracy_top-1: 72.0588, accuracy_top-5: 96.3235
2024-04-12 10:34:56,578 - mmcls - INFO - Epoch(val) [93][9]	accuracy_top-1: 76.4706, accuracy_top-5: 95.5882
2024-04-12 10:35:21,007 - mmcls - INFO - Epoch(val) [94][9]	accuracy_top-1: 76.4706, accuracy_top-5: 94.8529
2024-04-12 10:35:46,035 - mmcls - INFO - Epoch(val) [95][9]	accuracy_top-1: 71.3235, accuracy_top-5: 95.5882
2024-04-12 10:36:11,503 - mmcls - INFO - Epoch(val) [96][9]	accuracy_top-1: 73.5294, accuracy_top-5: 94.8529
2024-04-12 10:36:35,826 - mmcls - INFO - Epoch(val) [97][9]	accuracy_top-1: 69.8529, accuracy_top-5: 95.5882
2024-04-12 10:36:59,255 - mmcls - INFO - Epoch(val) [98][9]	accuracy_top-1: 72.7941, accuracy_top-5: 97.7941
2024-04-12 10:37:24,925 - mmcls - INFO - Epoch(val) [99][9]	accuracy_top-1: 69.8529, accuracy_top-5: 97.0588
2024-04-12 10:37:49,393 - mmcls - INFO - Saving checkpoint at 100 epochs
2024-04-12 10:37:54,324 - mmcls - INFO - Epoch(val) [100][9]	accuracy_top-1: 72.7941, accuracy_top-5: 97.0588
2024-04-12 10:38:19,849 - mmcls - INFO - Epoch(val) [101][9]	accuracy_top-1: 74.2647, accuracy_top-5: 97.0588
2024-04-12 10:38:45,112 - mmcls - INFO - Epoch(val) [102][9]	accuracy_top-1: 75.0000, accuracy_top-5: 97.0588
2024-04-12 10:39:10,458 - mmcls - INFO - Epoch(val) [103][9]	accuracy_top-1: 75.0000, accuracy_top-5: 97.7941
2024-04-12 10:39:35,634 - mmcls - INFO - Epoch(val) [104][9]	accuracy_top-1: 74.2647, accuracy_top-5: 98.5294
2024-04-12 10:40:00,927 - mmcls - INFO - Epoch(val) [105][9]	accuracy_top-1: 75.0000, accuracy_top-5: 99.2647
2024-04-12 10:40:25,548 - mmcls - INFO - Epoch(val) [106][9]	accuracy_top-1: 75.0000, accuracy_top-5: 97.7941
2024-04-12 10:40:50,536 - mmcls - INFO - Epoch(val) [107][9]	accuracy_top-1: 77.9412, accuracy_top-5: 97.0588
2024-04-12 10:41:15,623 - mmcls - INFO - Epoch(val) [108][9]	accuracy_top-1: 75.7353, accuracy_top-5: 97.7941
2024-04-12 10:41:41,139 - mmcls - INFO - Epoch(val) [109][9]	accuracy_top-1: 75.0000, accuracy_top-5: 97.7941
2024-04-12 10:42:06,713 - mmcls - INFO - Epoch(val) [110][9]	accuracy_top-1: 72.7941, accuracy_top-5: 97.0588
2024-04-12 10:42:31,687 - mmcls - INFO - Epoch(val) [111][9]	accuracy_top-1: 76.4706, accuracy_top-5: 98.5294
2024-04-12 10:42:56,876 - mmcls - INFO - Epoch(val) [112][9]	accuracy_top-1: 71.3235, accuracy_top-5: 97.7941
2024-04-12 10:43:22,261 - mmcls - INFO - Epoch(val) [113][9]	accuracy_top-1: 73.5294, accuracy_top-5: 97.0588
2024-04-12 10:43:47,684 - mmcls - INFO - Epoch(val) [114][9]	accuracy_top-1: 74.2647, accuracy_top-5: 97.0588
2024-04-12 10:44:12,462 - mmcls - INFO - Epoch(val) [115][9]	accuracy_top-1: 72.7941, accuracy_top-5: 97.0588
2024-04-12 10:44:38,116 - mmcls - INFO - Epoch(val) [116][9]	accuracy_top-1: 72.0588, accuracy_top-5: 97.0588
2024-04-12 10:45:03,472 - mmcls - INFO - Epoch(val) [117][9]	accuracy_top-1: 73.5294, accuracy_top-5: 97.7941
2024-04-12 10:45:28,676 - mmcls - INFO - Epoch(val) [118][9]	accuracy_top-1: 75.7353, accuracy_top-5: 97.0588
2024-04-12 10:45:53,351 - mmcls - INFO - Epoch(val) [119][9]	accuracy_top-1: 72.7941, accuracy_top-5: 97.0588
2024-04-12 10:46:18,402 - mmcls - INFO - Epoch(val) [120][9]	accuracy_top-1: 73.5294, accuracy_top-5: 97.7941
2024-04-12 10:46:43,315 - mmcls - INFO - Epoch(val) [121][9]	accuracy_top-1: 74.2647, accuracy_top-5: 97.0588
2024-04-12 10:47:08,391 - mmcls - INFO - Epoch(val) [122][9]	accuracy_top-1: 73.5294, accuracy_top-5: 97.7941
2024-04-12 10:47:33,966 - mmcls - INFO - Epoch(val) [123][9]	accuracy_top-1: 72.7941, accuracy_top-5: 97.7941
2024-04-12 10:47:58,979 - mmcls - INFO - Epoch(val) [124][9]	accuracy_top-1: 72.7941, accuracy_top-5: 97.0588
2024-04-12 10:48:24,331 - mmcls - INFO - Epoch(val) [125][9]	accuracy_top-1: 73.5294, accuracy_top-5: 97.7941
2024-04-12 10:48:49,743 - mmcls - INFO - Epoch(val) [126][9]	accuracy_top-1: 75.0000, accuracy_top-5: 98.5294
2024-04-12 10:49:14,832 - mmcls - INFO - Epoch(val) [127][9]	accuracy_top-1: 74.2647, accuracy_top-5: 97.7941
2024-04-12 10:49:39,720 - mmcls - INFO - Epoch(val) [128][9]	accuracy_top-1: 75.7353, accuracy_top-5: 99.2647
2024-04-12 10:50:05,157 - mmcls - INFO - Epoch(val) [129][9]	accuracy_top-1: 74.2647, accuracy_top-5: 98.5294
2024-04-12 10:50:30,371 - mmcls - INFO - Epoch(val) [130][9]	accuracy_top-1: 75.0000, accuracy_top-5: 97.7941
2024-04-12 10:50:55,393 - mmcls - INFO - Epoch(val) [131][9]	accuracy_top-1: 75.0000, accuracy_top-5: 98.5294
2024-04-12 10:51:20,392 - mmcls - INFO - Epoch(val) [132][9]	accuracy_top-1: 75.0000, accuracy_top-5: 98.5294
2024-04-12 10:51:45,443 - mmcls - INFO - Epoch(val) [133][9]	accuracy_top-1: 75.0000, accuracy_top-5: 98.5294
2024-04-12 10:52:10,744 - mmcls - INFO - Epoch(val) [134][9]	accuracy_top-1: 73.5294, accuracy_top-5: 97.7941
2024-04-12 10:52:36,292 - mmcls - INFO - Epoch(val) [135][9]	accuracy_top-1: 75.7353, accuracy_top-5: 97.0588
2024-04-12 10:53:01,842 - mmcls - INFO - Epoch(val) [136][9]	accuracy_top-1: 76.4706, accuracy_top-5: 97.0588
2024-04-12 10:53:26,812 - mmcls - INFO - Epoch(val) [137][9]	accuracy_top-1: 77.2059, accuracy_top-5: 97.0588
2024-04-12 10:53:52,486 - mmcls - INFO - Epoch(val) [138][9]	accuracy_top-1: 77.2059, accuracy_top-5: 98.5294
2024-04-12 10:54:18,055 - mmcls - INFO - Epoch(val) [139][9]	accuracy_top-1: 78.6765, accuracy_top-5: 97.7941
2024-04-12 10:54:43,602 - mmcls - INFO - Epoch(val) [140][9]	accuracy_top-1: 77.2059, accuracy_top-5: 97.7941
2024-04-12 10:55:09,325 - mmcls - INFO - Epoch(val) [141][9]	accuracy_top-1: 76.4706, accuracy_top-5: 96.3235
2024-04-12 10:55:34,682 - mmcls - INFO - Epoch(val) [142][9]	accuracy_top-1: 75.0000, accuracy_top-5: 97.7941
2024-04-12 10:55:59,683 - mmcls - INFO - Epoch(val) [143][9]	accuracy_top-1: 75.0000, accuracy_top-5: 98.5294
2024-04-12 10:56:24,899 - mmcls - INFO - Epoch(val) [144][9]	accuracy_top-1: 74.2647, accuracy_top-5: 97.7941
2024-04-12 10:56:50,332 - mmcls - INFO - Epoch(val) [145][9]	accuracy_top-1: 77.2059, accuracy_top-5: 97.7941
2024-04-12 10:57:15,553 - mmcls - INFO - Epoch(val) [146][9]	accuracy_top-1: 75.7353, accuracy_top-5: 98.5294
2024-04-12 10:57:41,007 - mmcls - INFO - Epoch(val) [147][9]	accuracy_top-1: 74.2647, accuracy_top-5: 97.0588
2024-04-12 10:58:06,238 - mmcls - INFO - Epoch(val) [148][9]	accuracy_top-1: 76.4706, accuracy_top-5: 97.7941
2024-04-12 10:58:31,861 - mmcls - INFO - Epoch(val) [149][9]	accuracy_top-1: 76.4706, accuracy_top-5: 97.7941
2024-04-12 10:58:56,234 - mmcls - INFO - Epoch(val) [150][9]	accuracy_top-1: 75.7353, accuracy_top-5: 97.0588
2024-04-12 10:59:21,719 - mmcls - INFO - Epoch(val) [151][9]	accuracy_top-1: 75.0000, accuracy_top-5: 97.0588
2024-04-12 10:59:46,296 - mmcls - INFO - Epoch(val) [152][9]	accuracy_top-1: 75.0000, accuracy_top-5: 97.7941
2024-04-12 11:00:11,468 - mmcls - INFO - Epoch(val) [153][9]	accuracy_top-1: 75.7353, accuracy_top-5: 97.7941
2024-04-12 11:00:36,617 - mmcls - INFO - Epoch(val) [154][9]	accuracy_top-1: 75.7353, accuracy_top-5: 97.7941
2024-04-12 11:01:01,023 - mmcls - INFO - Epoch(val) [155][9]	accuracy_top-1: 75.7353, accuracy_top-5: 97.7941
2024-04-12 11:01:25,541 - mmcls - INFO - Epoch(val) [156][9]	accuracy_top-1: 76.4706, accuracy_top-5: 97.7941
2024-04-12 11:01:51,016 - mmcls - INFO - Epoch(val) [157][9]	accuracy_top-1: 76.4706, accuracy_top-5: 98.5294
2024-04-12 11:02:16,299 - mmcls - INFO - Epoch(val) [158][9]	accuracy_top-1: 75.7353, accuracy_top-5: 98.5294
2024-04-12 11:02:41,412 - mmcls - INFO - Epoch(val) [159][9]	accuracy_top-1: 75.7353, accuracy_top-5: 98.5294
2024-04-12 11:03:05,841 - mmcls - INFO - Epoch(val) [160][9]	accuracy_top-1: 75.7353, accuracy_top-5: 98.5294
2024-04-12 11:03:31,228 - mmcls - INFO - Epoch(val) [161][9]	accuracy_top-1: 75.7353, accuracy_top-5: 98.5294
2024-04-12 11:03:56,554 - mmcls - INFO - Epoch(val) [162][9]	accuracy_top-1: 75.7353, accuracy_top-5: 97.7941
2024-04-12 11:04:21,971 - mmcls - INFO - Epoch(val) [163][9]	accuracy_top-1: 75.0000, accuracy_top-5: 98.5294
2024-04-12 11:04:46,768 - mmcls - INFO - Epoch(val) [164][9]	accuracy_top-1: 75.7353, accuracy_top-5: 98.5294
2024-04-12 11:05:11,670 - mmcls - INFO - Epoch(val) [165][9]	accuracy_top-1: 75.0000, accuracy_top-5: 98.5294
2024-04-12 11:05:36,495 - mmcls - INFO - Epoch(val) [166][9]	accuracy_top-1: 75.0000, accuracy_top-5: 98.5294
2024-04-12 11:06:01,273 - mmcls - INFO - Epoch(val) [167][9]	accuracy_top-1: 75.0000, accuracy_top-5: 98.5294
2024-04-12 11:06:26,250 - mmcls - INFO - Epoch(val) [168][9]	accuracy_top-1: 75.0000, accuracy_top-5: 98.5294
2024-04-12 11:06:50,551 - mmcls - INFO - Epoch(val) [169][9]	accuracy_top-1: 75.7353, accuracy_top-5: 98.5294
2024-04-12 11:07:15,079 - mmcls - INFO - Epoch(val) [170][9]	accuracy_top-1: 75.7353, accuracy_top-5: 98.5294
2024-04-12 11:07:39,394 - mmcls - INFO - Epoch(val) [171][9]	accuracy_top-1: 75.0000, accuracy_top-5: 98.5294
2024-04-12 11:08:04,464 - mmcls - INFO - Epoch(val) [172][9]	accuracy_top-1: 75.7353, accuracy_top-5: 98.5294
2024-04-12 11:08:29,728 - mmcls - INFO - Epoch(val) [173][9]	accuracy_top-1: 75.0000, accuracy_top-5: 98.5294
2024-04-12 11:08:54,040 - mmcls - INFO - Epoch(val) [174][9]	accuracy_top-1: 76.4706, accuracy_top-5: 98.5294
2024-04-12 11:09:19,306 - mmcls - INFO - Epoch(val) [175][9]	accuracy_top-1: 76.4706, accuracy_top-5: 98.5294
2024-04-12 11:09:43,728 - mmcls - INFO - Epoch(val) [176][9]	accuracy_top-1: 76.4706, accuracy_top-5: 98.5294
2024-04-12 11:10:08,998 - mmcls - INFO - Epoch(val) [177][9]	accuracy_top-1: 75.0000, accuracy_top-5: 98.5294
2024-04-12 11:10:34,335 - mmcls - INFO - Epoch(val) [178][9]	accuracy_top-1: 75.7353, accuracy_top-5: 98.5294
2024-04-12 11:10:59,739 - mmcls - INFO - Epoch(val) [179][9]	accuracy_top-1: 75.7353, accuracy_top-5: 98.5294
2024-04-12 11:11:24,916 - mmcls - INFO - Epoch(val) [180][9]	accuracy_top-1: 76.4706, accuracy_top-5: 98.5294
2024-04-12 11:11:50,265 - mmcls - INFO - Epoch(val) [181][9]	accuracy_top-1: 76.4706, accuracy_top-5: 98.5294
2024-04-12 11:12:15,766 - mmcls - INFO - Epoch(val) [182][9]	accuracy_top-1: 75.7353, accuracy_top-5: 98.5294
2024-04-12 11:12:41,021 - mmcls - INFO - Epoch(val) [183][9]	accuracy_top-1: 76.4706, accuracy_top-5: 98.5294
2024-04-12 11:13:05,692 - mmcls - INFO - Epoch(val) [184][9]	accuracy_top-1: 76.4706, accuracy_top-5: 98.5294
2024-04-12 11:13:29,120 - mmcls - INFO - Epoch(val) [185][9]	accuracy_top-1: 76.4706, accuracy_top-5: 98.5294
2024-04-12 11:13:53,771 - mmcls - INFO - Epoch(val) [186][9]	accuracy_top-1: 75.0000, accuracy_top-5: 98.5294
2024-04-12 11:14:18,524 - mmcls - INFO - Epoch(val) [187][9]	accuracy_top-1: 76.4706, accuracy_top-5: 97.7941
2024-04-12 11:14:44,014 - mmcls - INFO - Epoch(val) [188][9]	accuracy_top-1: 75.0000, accuracy_top-5: 98.5294
2024-04-12 11:15:09,316 - mmcls - INFO - Epoch(val) [189][9]	accuracy_top-1: 75.0000, accuracy_top-5: 98.5294
2024-04-12 11:15:34,511 - mmcls - INFO - Epoch(val) [190][9]	accuracy_top-1: 75.7353, accuracy_top-5: 98.5294
2024-04-12 11:15:59,485 - mmcls - INFO - Epoch(val) [191][9]	accuracy_top-1: 75.7353, accuracy_top-5: 98.5294
2024-04-12 11:16:24,616 - mmcls - INFO - Epoch(val) [192][9]	accuracy_top-1: 75.7353, accuracy_top-5: 97.7941
2024-04-12 11:16:49,872 - mmcls - INFO - Epoch(val) [193][9]	accuracy_top-1: 75.0000, accuracy_top-5: 97.7941
2024-04-12 11:17:15,374 - mmcls - INFO - Epoch(val) [194][9]	accuracy_top-1: 75.7353, accuracy_top-5: 97.7941
2024-04-12 11:17:40,040 - mmcls - INFO - Epoch(val) [195][9]	accuracy_top-1: 75.0000, accuracy_top-5: 97.7941
2024-04-12 11:18:04,605 - mmcls - INFO - Epoch(val) [196][9]	accuracy_top-1: 74.2647, accuracy_top-5: 97.0588
2024-04-12 11:18:29,913 - mmcls - INFO - Epoch(val) [197][9]	accuracy_top-1: 75.0000, accuracy_top-5: 97.0588
2024-04-12 11:18:55,119 - mmcls - INFO - Epoch(val) [198][9]	accuracy_top-1: 75.7353, accuracy_top-5: 97.0588
2024-04-12 11:19:20,463 - mmcls - INFO - Epoch(val) [199][9]	accuracy_top-1: 75.0000, accuracy_top-5: 97.0588
2024-04-12 11:19:43,950 - mmcls - INFO - Saving checkpoint at 200 epochs
2024-04-12 11:19:48,610 - mmcls - INFO - Epoch(val) [200][9]	accuracy_top-1: 75.7353, accuracy_top-5: 97.7941
