2024-03-06 19:34:03,765 - mmcls - INFO - Environment info:
------------------------------------------------------------
sys.platform: linux
Python: 3.7.16 (default, Jan 17 2023, 22:20:44) [GCC 11.2.0]
CUDA available: True
GPU 0: NVIDIA GeForce RTX 2080 Ti
CUDA_HOME: /usr/local/cuda
NVCC: Cuda compilation tools, release 11.8, V11.8.89
GCC: gcc (Ubuntu 11.4.0-1ubuntu1~22.04) 11.4.0
PyTorch: 1.7.1
PyTorch compiling details: PyTorch built with:
  - GCC 7.3
  - C++ Version: 201402
  - Intel(R) oneAPI Math Kernel Library Version 2021.4-Product Build 20210904 for Intel(R) 64 architecture applications
  - Intel(R) MKL-DNN v1.6.0 (Git Hash 5ef631a030a6f73131c77892041042805a06064f)
  - OpenMP 201511 (a.k.a. OpenMP 4.5)
  - NNPACK is enabled
  - CPU capability usage: AVX2
  - CUDA Runtime 10.1
  - NVCC architecture flags: -gencode;arch=compute_37,code=sm_37;-gencode;arch=compute_50,code=sm_50;-gencode;arch=compute_60,code=sm_60;-gencode;arch=compute_61,code=sm_61;-gencode;arch=compute_70,code=sm_70;-gencode;arch=compute_75,code=sm_75;-gencode;arch=compute_37,code=compute_37
  - CuDNN 7.6.3
  - Magma 2.5.2
  - Build settings: BLAS=MKL, BUILD_TYPE=Release, CXX_FLAGS= -Wno-deprecated -fvisibility-inlines-hidden -DUSE_PTHREADPOOL -fopenmp -DNDEBUG -DUSE_FBGEMM -DUSE_QNNPACK -DUSE_PYTORCH_QNNPACK -DUSE_XNNPACK -DUSE_VULKAN_WRAPPER -O2 -fPIC -Wno-narrowing -Wall -Wextra -Werror=return-type -Wno-missing-field-initializers -Wno-type-limits -Wno-array-bounds -Wno-unknown-pragmas -Wno-sign-compare -Wno-unused-parameter -Wno-unused-variable -Wno-unused-function -Wno-unused-result -Wno-unused-local-typedefs -Wno-strict-overflow -Wno-strict-aliasing -Wno-error=deprecated-declarations -Wno-stringop-overflow -Wno-psabi -Wno-error=pedantic -Wno-error=redundant-decls -Wno-error=old-style-cast -fdiagnostics-color=always -faligned-new -Wno-unused-but-set-variable -Wno-maybe-uninitialized -fno-math-errno -fno-trapping-math -Werror=format -Wno-stringop-overflow, PERF_WITH_AVX=1, PERF_WITH_AVX2=1, PERF_WITH_AVX512=1, USE_CUDA=ON, USE_EXCEPTION_PTR=1, USE_GFLAGS=OFF, USE_GLOG=OFF, USE_MKL=ON, USE_MKLDNN=ON, USE_MPI=OFF, USE_NCCL=ON, USE_NNPACK=ON, USE_OPENMP=ON, 

TorchVision: 0.8.2
OpenCV: 4.9.0
MMCV: 1.5.0
MMCV Compiler: GCC 11.4
MMCV CUDA Compiler: 11.8
MMClassification: 0.15.0+6b1435e
------------------------------------------------------------

2024-03-06 19:34:03,765 - mmcls - INFO - Distributed training: False
2024-03-06 19:34:03,891 - mmcls - INFO - Config:
model = dict(
    type='ImageClassifier',
    backbone=dict(
        type='ResNet',
        depth=18,
        num_stages=4,
        out_indices=(3, ),
        style='pytorch'),
    neck=dict(type='GlobalAveragePooling'),
    head=dict(
        type='LinearClsHead',
        num_classes=17,
        in_channels=512,
        loss=dict(type='CrossEntropyLoss', loss_weight=1.0)))
dataset_type = 'Flowers'
img_norm_cfg = dict(
    mean=[123.675, 116.28, 103.53], std=[58.395, 57.12, 57.375], to_rgb=True)
train_pipeline = [
    dict(type='LoadImageFromFile'),
    dict(type='RandomResizedCrop', size=224),
    dict(type='RandomFlip', flip_prob=0.5, direction='horizontal'),
    dict(
        type='Normalize',
        mean=[123.675, 116.28, 103.53],
        std=[58.395, 57.12, 57.375],
        to_rgb=True),
    dict(type='ImageToTensor', keys=['img']),
    dict(type='ToTensor', keys=['gt_label']),
    dict(type='Collect', keys=['img', 'gt_label'])
]
test_pipeline = [
    dict(type='LoadImageFromFile'),
    dict(type='Resize', size=(256, -1)),
    dict(type='CenterCrop', crop_size=224),
    dict(
        type='Normalize',
        mean=[123.675, 116.28, 103.53],
        std=[58.395, 57.12, 57.375],
        to_rgb=True),
    dict(type='ImageToTensor', keys=['img']),
    dict(type='Collect', keys=['img'])
]
data = dict(
    samples_per_gpu=32,
    workers_per_gpu=1,
    train=dict(
        type='Flowers',
        data_prefix='data/flowers/train',
        ann_file='data/flowers/meta/train.txt',
        pipeline=[
            dict(type='LoadImageFromFile'),
            dict(type='RandomResizedCrop', size=224),
            dict(type='RandomFlip', flip_prob=0.5, direction='horizontal'),
            dict(
                type='Normalize',
                mean=[123.675, 116.28, 103.53],
                std=[58.395, 57.12, 57.375],
                to_rgb=True),
            dict(type='ImageToTensor', keys=['img']),
            dict(type='ToTensor', keys=['gt_label']),
            dict(type='Collect', keys=['img', 'gt_label'])
        ]),
    val=dict(
        type='Flowers',
        data_prefix='data/flowers/val',
        ann_file='data/flowers/meta/val.txt',
        pipeline=[
            dict(type='LoadImageFromFile'),
            dict(type='Resize', size=(256, -1)),
            dict(type='CenterCrop', crop_size=224),
            dict(
                type='Normalize',
                mean=[123.675, 116.28, 103.53],
                std=[58.395, 57.12, 57.375],
                to_rgb=True),
            dict(type='ImageToTensor', keys=['img']),
            dict(type='Collect', keys=['img'])
        ]),
    test=dict(
        type='Flowers',
        data_prefix='data/flowers/test',
        ann_file='data/flowers/meta/test.txt',
        pipeline=[
            dict(type='LoadImageFromFile'),
            dict(type='Resize', size=(256, -1)),
            dict(type='CenterCrop', crop_size=224),
            dict(
                type='Normalize',
                mean=[123.675, 116.28, 103.53],
                std=[58.395, 57.12, 57.375],
                to_rgb=True),
            dict(type='ImageToTensor', keys=['img']),
            dict(type='Collect', keys=['img'])
        ]))
evaluation = dict(interval=1, metric='accuracy')
optimizer = dict(type='SGD', lr=0.02, momentum=0.9, weight_decay=0.0001)
optimizer_config = dict(grad_clip=None)
lr_config = dict(policy='step', step=[100, 150])
runner = dict(type='EpochBasedRunner', max_epochs=200)
checkpoint_config = dict(interval=100)
log_config = dict(interval=100, hooks=[dict(type='TextLoggerHook')])
dist_params = dict(backend='nccl')
log_level = 'INFO'
load_from = None
resume_from = None
workflow = [('train', 1)]
work_dir = 'output/resnet18_flowers_bs128'
gpu_ids = range(0, 1)

2024-03-06 19:34:04,004 - mmcls - INFO - initialize ResNet with init_cfg [{'type': 'Kaiming', 'layer': ['Conv2d']}, {'type': 'Constant', 'val': 1, 'layer': ['_BatchNorm', 'GroupNorm']}]
2024-03-06 19:34:04,141 - mmcls - INFO - initialize LinearClsHead with init_cfg {'type': 'Normal', 'layer': 'Linear', 'std': 0.01}
Name of parameter - Initialization information

backbone.conv1.weight - torch.Size([64, 3, 7, 7]): 
KaimingInit: a=0, mode=fan_out, nonlinearity=relu, distribution =normal, bias=0 

backbone.bn1.weight - torch.Size([64]): 
The value is the same before and after calling `init_weights` of ImageClassifier  

backbone.bn1.bias - torch.Size([64]): 
The value is the same before and after calling `init_weights` of ImageClassifier  

backbone.layer1.0.conv1.weight - torch.Size([64, 64, 3, 3]): 
KaimingInit: a=0, mode=fan_out, nonlinearity=relu, distribution =normal, bias=0 

backbone.layer1.0.bn1.weight - torch.Size([64]): 
The value is the same before and after calling `init_weights` of ImageClassifier  

backbone.layer1.0.bn1.bias - torch.Size([64]): 
The value is the same before and after calling `init_weights` of ImageClassifier  

backbone.layer1.0.conv2.weight - torch.Size([64, 64, 3, 3]): 
KaimingInit: a=0, mode=fan_out, nonlinearity=relu, distribution =normal, bias=0 

backbone.layer1.0.bn2.weight - torch.Size([64]): 
Initialized by user-defined `init_weights` in ResNet  

backbone.layer1.0.bn2.bias - torch.Size([64]): 
The value is the same before and after calling `init_weights` of ImageClassifier  

backbone.layer1.1.conv1.weight - torch.Size([64, 64, 3, 3]): 
KaimingInit: a=0, mode=fan_out, nonlinearity=relu, distribution =normal, bias=0 

backbone.layer1.1.bn1.weight - torch.Size([64]): 
The value is the same before and after calling `init_weights` of ImageClassifier  

backbone.layer1.1.bn1.bias - torch.Size([64]): 
The value is the same before and after calling `init_weights` of ImageClassifier  

backbone.layer1.1.conv2.weight - torch.Size([64, 64, 3, 3]): 
KaimingInit: a=0, mode=fan_out, nonlinearity=relu, distribution =normal, bias=0 

backbone.layer1.1.bn2.weight - torch.Size([64]): 
Initialized by user-defined `init_weights` in ResNet  

backbone.layer1.1.bn2.bias - torch.Size([64]): 
The value is the same before and after calling `init_weights` of ImageClassifier  

backbone.layer2.0.conv1.weight - torch.Size([128, 64, 3, 3]): 
KaimingInit: a=0, mode=fan_out, nonlinearity=relu, distribution =normal, bias=0 

backbone.layer2.0.bn1.weight - torch.Size([128]): 
The value is the same before and after calling `init_weights` of ImageClassifier  

backbone.layer2.0.bn1.bias - torch.Size([128]): 
The value is the same before and after calling `init_weights` of ImageClassifier  

backbone.layer2.0.conv2.weight - torch.Size([128, 128, 3, 3]): 
KaimingInit: a=0, mode=fan_out, nonlinearity=relu, distribution =normal, bias=0 

backbone.layer2.0.bn2.weight - torch.Size([128]): 
Initialized by user-defined `init_weights` in ResNet  

backbone.layer2.0.bn2.bias - torch.Size([128]): 
The value is the same before and after calling `init_weights` of ImageClassifier  

backbone.layer2.0.downsample.0.weight - torch.Size([128, 64, 1, 1]): 
KaimingInit: a=0, mode=fan_out, nonlinearity=relu, distribution =normal, bias=0 

backbone.layer2.0.downsample.1.weight - torch.Size([128]): 
The value is the same before and after calling `init_weights` of ImageClassifier  

backbone.layer2.0.downsample.1.bias - torch.Size([128]): 
The value is the same before and after calling `init_weights` of ImageClassifier  

backbone.layer2.1.conv1.weight - torch.Size([128, 128, 3, 3]): 
KaimingInit: a=0, mode=fan_out, nonlinearity=relu, distribution =normal, bias=0 

backbone.layer2.1.bn1.weight - torch.Size([128]): 
The value is the same before and after calling `init_weights` of ImageClassifier  

backbone.layer2.1.bn1.bias - torch.Size([128]): 
The value is the same before and after calling `init_weights` of ImageClassifier  

backbone.layer2.1.conv2.weight - torch.Size([128, 128, 3, 3]): 
KaimingInit: a=0, mode=fan_out, nonlinearity=relu, distribution =normal, bias=0 

backbone.layer2.1.bn2.weight - torch.Size([128]): 
Initialized by user-defined `init_weights` in ResNet  

backbone.layer2.1.bn2.bias - torch.Size([128]): 
The value is the same before and after calling `init_weights` of ImageClassifier  

backbone.layer3.0.conv1.weight - torch.Size([256, 128, 3, 3]): 
KaimingInit: a=0, mode=fan_out, nonlinearity=relu, distribution =normal, bias=0 

backbone.layer3.0.bn1.weight - torch.Size([256]): 
The value is the same before and after calling `init_weights` of ImageClassifier  

backbone.layer3.0.bn1.bias - torch.Size([256]): 
The value is the same before and after calling `init_weights` of ImageClassifier  

backbone.layer3.0.conv2.weight - torch.Size([256, 256, 3, 3]): 
KaimingInit: a=0, mode=fan_out, nonlinearity=relu, distribution =normal, bias=0 

backbone.layer3.0.bn2.weight - torch.Size([256]): 
Initialized by user-defined `init_weights` in ResNet  

backbone.layer3.0.bn2.bias - torch.Size([256]): 
The value is the same before and after calling `init_weights` of ImageClassifier  

backbone.layer3.0.downsample.0.weight - torch.Size([256, 128, 1, 1]): 
KaimingInit: a=0, mode=fan_out, nonlinearity=relu, distribution =normal, bias=0 

backbone.layer3.0.downsample.1.weight - torch.Size([256]): 
The value is the same before and after calling `init_weights` of ImageClassifier  

backbone.layer3.0.downsample.1.bias - torch.Size([256]): 
The value is the same before and after calling `init_weights` of ImageClassifier  

backbone.layer3.1.conv1.weight - torch.Size([256, 256, 3, 3]): 
KaimingInit: a=0, mode=fan_out, nonlinearity=relu, distribution =normal, bias=0 

backbone.layer3.1.bn1.weight - torch.Size([256]): 
The value is the same before and after calling `init_weights` of ImageClassifier  

backbone.layer3.1.bn1.bias - torch.Size([256]): 
The value is the same before and after calling `init_weights` of ImageClassifier  

backbone.layer3.1.conv2.weight - torch.Size([256, 256, 3, 3]): 
KaimingInit: a=0, mode=fan_out, nonlinearity=relu, distribution =normal, bias=0 

backbone.layer3.1.bn2.weight - torch.Size([256]): 
Initialized by user-defined `init_weights` in ResNet  

backbone.layer3.1.bn2.bias - torch.Size([256]): 
The value is the same before and after calling `init_weights` of ImageClassifier  

backbone.layer4.0.conv1.weight - torch.Size([512, 256, 3, 3]): 
KaimingInit: a=0, mode=fan_out, nonlinearity=relu, distribution =normal, bias=0 

backbone.layer4.0.bn1.weight - torch.Size([512]): 
The value is the same before and after calling `init_weights` of ImageClassifier  

backbone.layer4.0.bn1.bias - torch.Size([512]): 
The value is the same before and after calling `init_weights` of ImageClassifier  

backbone.layer4.0.conv2.weight - torch.Size([512, 512, 3, 3]): 
KaimingInit: a=0, mode=fan_out, nonlinearity=relu, distribution =normal, bias=0 

backbone.layer4.0.bn2.weight - torch.Size([512]): 
Initialized by user-defined `init_weights` in ResNet  

backbone.layer4.0.bn2.bias - torch.Size([512]): 
The value is the same before and after calling `init_weights` of ImageClassifier  

backbone.layer4.0.downsample.0.weight - torch.Size([512, 256, 1, 1]): 
KaimingInit: a=0, mode=fan_out, nonlinearity=relu, distribution =normal, bias=0 

backbone.layer4.0.downsample.1.weight - torch.Size([512]): 
The value is the same before and after calling `init_weights` of ImageClassifier  

backbone.layer4.0.downsample.1.bias - torch.Size([512]): 
The value is the same before and after calling `init_weights` of ImageClassifier  

backbone.layer4.1.conv1.weight - torch.Size([512, 512, 3, 3]): 
KaimingInit: a=0, mode=fan_out, nonlinearity=relu, distribution =normal, bias=0 

backbone.layer4.1.bn1.weight - torch.Size([512]): 
The value is the same before and after calling `init_weights` of ImageClassifier  

backbone.layer4.1.bn1.bias - torch.Size([512]): 
The value is the same before and after calling `init_weights` of ImageClassifier  

backbone.layer4.1.conv2.weight - torch.Size([512, 512, 3, 3]): 
KaimingInit: a=0, mode=fan_out, nonlinearity=relu, distribution =normal, bias=0 

backbone.layer4.1.bn2.weight - torch.Size([512]): 
Initialized by user-defined `init_weights` in ResNet  

backbone.layer4.1.bn2.bias - torch.Size([512]): 
The value is the same before and after calling `init_weights` of ImageClassifier  

head.fc.weight - torch.Size([17, 512]): 
NormalInit: mean=0, std=0.01, bias=0 

head.fc.bias - torch.Size([17]): 
NormalInit: mean=0, std=0.01, bias=0 
2024-03-06 19:34:07,361 - mmcls - INFO - Start running, host: cshtimmy@gpu2-comp-100, work_dir: /userhome/cs2/cshtimmy/COMP3340Project/CNN_Image_Classification_Code/output/resnet18_flowers_bs128
2024-03-06 19:34:07,361 - mmcls - INFO - Hooks will be executed in the following order:
before_run:
(VERY_HIGH   ) StepLrUpdaterHook                  
(NORMAL      ) CheckpointHook                     
(NORMAL      ) EvalHook                           
(VERY_LOW    ) TextLoggerHook                     
 -------------------- 
before_train_epoch:
(VERY_HIGH   ) StepLrUpdaterHook                  
(NORMAL      ) EvalHook                           
(LOW         ) IterTimerHook                      
(VERY_LOW    ) TextLoggerHook                     
 -------------------- 
before_train_iter:
(VERY_HIGH   ) StepLrUpdaterHook                  
(NORMAL      ) EvalHook                           
(LOW         ) IterTimerHook                      
 -------------------- 
after_train_iter:
(ABOVE_NORMAL) OptimizerHook                      
(NORMAL      ) CheckpointHook                     
(NORMAL      ) EvalHook                           
(LOW         ) IterTimerHook                      
(VERY_LOW    ) TextLoggerHook                     
 -------------------- 
after_train_epoch:
(NORMAL      ) CheckpointHook                     
(NORMAL      ) EvalHook                           
(VERY_LOW    ) TextLoggerHook                     
 -------------------- 
before_val_epoch:
(LOW         ) IterTimerHook                      
(VERY_LOW    ) TextLoggerHook                     
 -------------------- 
before_val_iter:
(LOW         ) IterTimerHook                      
 -------------------- 
after_val_iter:
(LOW         ) IterTimerHook                      
 -------------------- 
after_val_epoch:
(VERY_LOW    ) TextLoggerHook                     
 -------------------- 
after_run:
(VERY_LOW    ) TextLoggerHook                     
 -------------------- 
2024-03-06 19:34:07,361 - mmcls - INFO - workflow: [('train', 1)], max: 200 epochs
2024-03-06 19:34:07,361 - mmcls - INFO - Checkpoints will be saved to /userhome/cs2/cshtimmy/COMP3340Project/CNN_Image_Classification_Code/output/resnet18_flowers_bs128 by HardDiskBackend.
2024-03-06 19:34:19,816 - mmcls - INFO - Epoch(val) [1][5]	accuracy_top-1: 36.0294, accuracy_top-5: 80.8824
2024-03-06 19:34:29,869 - mmcls - INFO - Epoch(val) [2][5]	accuracy_top-1: 36.7647, accuracy_top-5: 86.0294
2024-03-06 19:34:39,712 - mmcls - INFO - Epoch(val) [3][5]	accuracy_top-1: 41.1765, accuracy_top-5: 91.1765
2024-03-06 19:34:49,769 - mmcls - INFO - Epoch(val) [4][5]	accuracy_top-1: 50.0000, accuracy_top-5: 89.7059
2024-03-06 19:34:59,606 - mmcls - INFO - Epoch(val) [5][5]	accuracy_top-1: 52.2059, accuracy_top-5: 94.8529
2024-03-06 19:35:09,438 - mmcls - INFO - Epoch(val) [6][5]	accuracy_top-1: 53.6765, accuracy_top-5: 89.7059
2024-03-06 19:35:19,488 - mmcls - INFO - Epoch(val) [7][5]	accuracy_top-1: 49.2647, accuracy_top-5: 91.1765
2024-03-06 19:35:29,638 - mmcls - INFO - Epoch(val) [8][5]	accuracy_top-1: 59.5588, accuracy_top-5: 91.9118
2024-03-06 19:35:39,545 - mmcls - INFO - Epoch(val) [9][5]	accuracy_top-1: 48.5294, accuracy_top-5: 91.9118
2024-03-06 19:35:49,606 - mmcls - INFO - Epoch(val) [10][5]	accuracy_top-1: 59.5588, accuracy_top-5: 92.6471
2024-03-06 19:35:59,710 - mmcls - INFO - Epoch(val) [11][5]	accuracy_top-1: 54.4118, accuracy_top-5: 94.1176
2024-03-06 19:36:09,689 - mmcls - INFO - Epoch(val) [12][5]	accuracy_top-1: 47.7941, accuracy_top-5: 91.1765
2024-03-06 19:36:19,741 - mmcls - INFO - Epoch(val) [13][5]	accuracy_top-1: 49.2647, accuracy_top-5: 91.1765
2024-03-06 19:36:29,821 - mmcls - INFO - Epoch(val) [14][5]	accuracy_top-1: 60.2941, accuracy_top-5: 94.1176
2024-03-06 19:36:40,239 - mmcls - INFO - Epoch(val) [15][5]	accuracy_top-1: 49.2647, accuracy_top-5: 92.6471
2024-03-06 19:36:50,136 - mmcls - INFO - Epoch(val) [16][5]	accuracy_top-1: 54.4118, accuracy_top-5: 91.9118
2024-03-06 19:36:59,860 - mmcls - INFO - Epoch(val) [17][5]	accuracy_top-1: 60.2941, accuracy_top-5: 94.8529
2024-03-06 19:37:09,504 - mmcls - INFO - Epoch(val) [18][5]	accuracy_top-1: 63.2353, accuracy_top-5: 94.1176
2024-03-06 19:37:19,610 - mmcls - INFO - Epoch(val) [19][5]	accuracy_top-1: 55.8824, accuracy_top-5: 94.1176
2024-03-06 19:37:29,691 - mmcls - INFO - Epoch(val) [20][5]	accuracy_top-1: 58.8235, accuracy_top-5: 94.1176
2024-03-06 19:37:39,468 - mmcls - INFO - Epoch(val) [21][5]	accuracy_top-1: 65.4412, accuracy_top-5: 93.3824
2024-03-06 19:37:49,832 - mmcls - INFO - Epoch(val) [22][5]	accuracy_top-1: 59.5588, accuracy_top-5: 91.1765
2024-03-06 19:37:59,996 - mmcls - INFO - Epoch(val) [23][5]	accuracy_top-1: 60.2941, accuracy_top-5: 94.8529
2024-03-06 19:38:09,913 - mmcls - INFO - Epoch(val) [24][5]	accuracy_top-1: 66.1765, accuracy_top-5: 94.1176
2024-03-06 19:38:20,003 - mmcls - INFO - Epoch(val) [25][5]	accuracy_top-1: 66.1765, accuracy_top-5: 94.1176
2024-03-06 19:38:30,231 - mmcls - INFO - Epoch(val) [26][5]	accuracy_top-1: 64.7059, accuracy_top-5: 92.6471
2024-03-06 19:38:40,620 - mmcls - INFO - Epoch(val) [27][5]	accuracy_top-1: 61.7647, accuracy_top-5: 93.3824
2024-03-06 19:38:50,224 - mmcls - INFO - Epoch(val) [28][5]	accuracy_top-1: 66.1765, accuracy_top-5: 96.3235
2024-03-06 19:39:00,211 - mmcls - INFO - Epoch(val) [29][5]	accuracy_top-1: 69.8529, accuracy_top-5: 94.8529
2024-03-06 19:39:10,163 - mmcls - INFO - Epoch(val) [30][5]	accuracy_top-1: 65.4412, accuracy_top-5: 95.5882
2024-03-06 19:39:20,263 - mmcls - INFO - Epoch(val) [31][5]	accuracy_top-1: 61.7647, accuracy_top-5: 94.1176
2024-03-06 19:39:30,072 - mmcls - INFO - Epoch(val) [32][5]	accuracy_top-1: 61.0294, accuracy_top-5: 93.3824
2024-03-06 19:39:40,207 - mmcls - INFO - Epoch(val) [33][5]	accuracy_top-1: 63.9706, accuracy_top-5: 95.5882
2024-03-06 19:39:50,082 - mmcls - INFO - Epoch(val) [34][5]	accuracy_top-1: 63.9706, accuracy_top-5: 95.5882
2024-03-06 19:40:00,029 - mmcls - INFO - Epoch(val) [35][5]	accuracy_top-1: 67.6471, accuracy_top-5: 95.5882
2024-03-06 19:40:10,090 - mmcls - INFO - Epoch(val) [36][5]	accuracy_top-1: 68.3824, accuracy_top-5: 94.1176
2024-03-06 19:40:19,942 - mmcls - INFO - Epoch(val) [37][5]	accuracy_top-1: 72.0588, accuracy_top-5: 94.8529
2024-03-06 19:40:30,031 - mmcls - INFO - Epoch(val) [38][5]	accuracy_top-1: 69.1176, accuracy_top-5: 97.0588
2024-03-06 19:40:40,147 - mmcls - INFO - Epoch(val) [39][5]	accuracy_top-1: 65.4412, accuracy_top-5: 96.3235
2024-03-06 19:40:50,169 - mmcls - INFO - Epoch(val) [40][5]	accuracy_top-1: 66.1765, accuracy_top-5: 94.8529
2024-03-06 19:41:00,022 - mmcls - INFO - Epoch(val) [41][5]	accuracy_top-1: 72.7941, accuracy_top-5: 94.8529
2024-03-06 19:41:09,833 - mmcls - INFO - Epoch(val) [42][5]	accuracy_top-1: 63.9706, accuracy_top-5: 94.8529
2024-03-06 19:41:20,035 - mmcls - INFO - Epoch(val) [43][5]	accuracy_top-1: 70.5882, accuracy_top-5: 97.0588
2024-03-06 19:41:30,239 - mmcls - INFO - Epoch(val) [44][5]	accuracy_top-1: 67.6471, accuracy_top-5: 91.1765
2024-03-06 19:41:40,472 - mmcls - INFO - Epoch(val) [45][5]	accuracy_top-1: 67.6471, accuracy_top-5: 93.3824
2024-03-06 19:41:50,611 - mmcls - INFO - Epoch(val) [46][5]	accuracy_top-1: 77.9412, accuracy_top-5: 97.0588
2024-03-06 19:42:00,580 - mmcls - INFO - Epoch(val) [47][5]	accuracy_top-1: 72.7941, accuracy_top-5: 94.8529
2024-03-06 19:42:10,677 - mmcls - INFO - Epoch(val) [48][5]	accuracy_top-1: 68.3824, accuracy_top-5: 96.3235
2024-03-06 19:42:20,759 - mmcls - INFO - Epoch(val) [49][5]	accuracy_top-1: 77.2059, accuracy_top-5: 96.3235
2024-03-06 19:42:31,031 - mmcls - INFO - Epoch(val) [50][5]	accuracy_top-1: 74.2647, accuracy_top-5: 97.7941
2024-03-06 19:42:41,141 - mmcls - INFO - Epoch(val) [51][5]	accuracy_top-1: 74.2647, accuracy_top-5: 97.0588
2024-03-06 19:42:51,468 - mmcls - INFO - Epoch(val) [52][5]	accuracy_top-1: 76.4706, accuracy_top-5: 98.5294
2024-03-06 19:43:01,756 - mmcls - INFO - Epoch(val) [53][5]	accuracy_top-1: 77.9412, accuracy_top-5: 95.5882
2024-03-06 19:43:11,802 - mmcls - INFO - Epoch(val) [54][5]	accuracy_top-1: 60.2941, accuracy_top-5: 94.8529
2024-03-06 19:43:21,971 - mmcls - INFO - Epoch(val) [55][5]	accuracy_top-1: 72.7941, accuracy_top-5: 95.5882
2024-03-06 19:43:32,176 - mmcls - INFO - Epoch(val) [56][5]	accuracy_top-1: 72.7941, accuracy_top-5: 95.5882
2024-03-06 19:43:42,487 - mmcls - INFO - Epoch(val) [57][5]	accuracy_top-1: 72.7941, accuracy_top-5: 97.0588
2024-03-06 19:43:53,033 - mmcls - INFO - Epoch(val) [58][5]	accuracy_top-1: 66.9118, accuracy_top-5: 97.0588
2024-03-06 19:44:03,313 - mmcls - INFO - Epoch(val) [59][5]	accuracy_top-1: 73.5294, accuracy_top-5: 96.3235
2024-03-06 19:44:13,424 - mmcls - INFO - Epoch(val) [60][5]	accuracy_top-1: 71.3235, accuracy_top-5: 96.3235
2024-03-06 19:44:23,573 - mmcls - INFO - Epoch(val) [61][5]	accuracy_top-1: 66.1765, accuracy_top-5: 95.5882
2024-03-06 19:44:33,603 - mmcls - INFO - Epoch(val) [62][5]	accuracy_top-1: 72.7941, accuracy_top-5: 96.3235
2024-03-06 19:44:43,771 - mmcls - INFO - Epoch(val) [63][5]	accuracy_top-1: 77.9412, accuracy_top-5: 98.5294
2024-03-06 19:44:53,862 - mmcls - INFO - Epoch(val) [64][5]	accuracy_top-1: 74.2647, accuracy_top-5: 97.7941
2024-03-06 19:45:03,737 - mmcls - INFO - Epoch(val) [65][5]	accuracy_top-1: 80.1471, accuracy_top-5: 95.5882
2024-03-06 19:45:13,664 - mmcls - INFO - Epoch(val) [66][5]	accuracy_top-1: 75.0000, accuracy_top-5: 97.0588
2024-03-06 19:45:23,848 - mmcls - INFO - Epoch(val) [67][5]	accuracy_top-1: 73.5294, accuracy_top-5: 99.2647
2024-03-06 19:45:33,868 - mmcls - INFO - Epoch(val) [68][5]	accuracy_top-1: 72.0588, accuracy_top-5: 97.0588
2024-03-06 19:45:43,766 - mmcls - INFO - Epoch(val) [69][5]	accuracy_top-1: 76.4706, accuracy_top-5: 96.3235
2024-03-06 19:45:53,949 - mmcls - INFO - Epoch(val) [70][5]	accuracy_top-1: 83.0882, accuracy_top-5: 99.2647
2024-03-06 19:46:04,235 - mmcls - INFO - Epoch(val) [71][5]	accuracy_top-1: 80.1471, accuracy_top-5: 97.0588
2024-03-06 19:46:14,586 - mmcls - INFO - Epoch(val) [72][5]	accuracy_top-1: 78.6765, accuracy_top-5: 97.0588
2024-03-06 19:46:24,842 - mmcls - INFO - Epoch(val) [73][5]	accuracy_top-1: 80.1471, accuracy_top-5: 97.7941
2024-03-06 19:46:35,057 - mmcls - INFO - Epoch(val) [74][5]	accuracy_top-1: 76.4706, accuracy_top-5: 97.0588
2024-03-06 19:46:45,075 - mmcls - INFO - Epoch(val) [75][5]	accuracy_top-1: 76.4706, accuracy_top-5: 94.8529
2024-03-06 19:46:55,219 - mmcls - INFO - Epoch(val) [76][5]	accuracy_top-1: 70.5882, accuracy_top-5: 98.5294
2024-03-06 19:47:05,916 - mmcls - INFO - Epoch(val) [77][5]	accuracy_top-1: 75.0000, accuracy_top-5: 97.0588
2024-03-06 19:47:16,371 - mmcls - INFO - Epoch(val) [78][5]	accuracy_top-1: 77.9412, accuracy_top-5: 97.0588
2024-03-06 19:47:26,825 - mmcls - INFO - Epoch(val) [79][5]	accuracy_top-1: 78.6765, accuracy_top-5: 94.8529
2024-03-06 19:47:36,897 - mmcls - INFO - Epoch(val) [80][5]	accuracy_top-1: 76.4706, accuracy_top-5: 97.7941
2024-03-06 19:47:47,151 - mmcls - INFO - Epoch(val) [81][5]	accuracy_top-1: 76.4706, accuracy_top-5: 96.3235
2024-03-06 19:47:57,469 - mmcls - INFO - Epoch(val) [82][5]	accuracy_top-1: 71.3235, accuracy_top-5: 97.0588
2024-03-06 19:48:07,813 - mmcls - INFO - Epoch(val) [83][5]	accuracy_top-1: 74.2647, accuracy_top-5: 98.5294
2024-03-06 19:48:17,988 - mmcls - INFO - Epoch(val) [84][5]	accuracy_top-1: 81.6176, accuracy_top-5: 97.7941
2024-03-06 19:48:28,125 - mmcls - INFO - Epoch(val) [85][5]	accuracy_top-1: 76.4706, accuracy_top-5: 97.0588
2024-03-06 19:48:38,367 - mmcls - INFO - Epoch(val) [86][5]	accuracy_top-1: 78.6765, accuracy_top-5: 98.5294
2024-03-06 19:48:48,767 - mmcls - INFO - Epoch(val) [87][5]	accuracy_top-1: 77.9412, accuracy_top-5: 99.2647
2024-03-06 19:48:58,908 - mmcls - INFO - Epoch(val) [88][5]	accuracy_top-1: 69.1176, accuracy_top-5: 97.7941
2024-03-06 19:49:08,635 - mmcls - INFO - Epoch(val) [89][5]	accuracy_top-1: 77.2059, accuracy_top-5: 97.0588
2024-03-06 19:49:18,536 - mmcls - INFO - Epoch(val) [90][5]	accuracy_top-1: 80.1471, accuracy_top-5: 98.5294
2024-03-06 19:49:28,937 - mmcls - INFO - Epoch(val) [91][5]	accuracy_top-1: 80.8824, accuracy_top-5: 99.2647
2024-03-06 19:49:38,711 - mmcls - INFO - Epoch(val) [92][5]	accuracy_top-1: 82.3529, accuracy_top-5: 97.7941
2024-03-06 19:49:48,728 - mmcls - INFO - Epoch(val) [93][5]	accuracy_top-1: 80.8824, accuracy_top-5: 98.5294
2024-03-06 19:49:58,984 - mmcls - INFO - Epoch(val) [94][5]	accuracy_top-1: 77.9412, accuracy_top-5: 97.7941
2024-03-06 19:50:09,547 - mmcls - INFO - Epoch(val) [95][5]	accuracy_top-1: 80.8824, accuracy_top-5: 96.3235
2024-03-06 19:50:20,178 - mmcls - INFO - Epoch(val) [96][5]	accuracy_top-1: 83.0882, accuracy_top-5: 99.2647
2024-03-06 19:50:30,657 - mmcls - INFO - Epoch(val) [97][5]	accuracy_top-1: 77.2059, accuracy_top-5: 97.7941
2024-03-06 19:50:40,881 - mmcls - INFO - Epoch(val) [98][5]	accuracy_top-1: 82.3529, accuracy_top-5: 97.7941
2024-03-06 19:50:51,005 - mmcls - INFO - Epoch(val) [99][5]	accuracy_top-1: 78.6765, accuracy_top-5: 97.7941
2024-03-06 19:50:59,920 - mmcls - INFO - Saving checkpoint at 100 epochs
2024-03-06 19:51:01,830 - mmcls - INFO - Epoch(val) [100][5]	accuracy_top-1: 80.8824, accuracy_top-5: 98.5294
2024-03-06 19:51:11,712 - mmcls - INFO - Epoch(val) [101][5]	accuracy_top-1: 78.6765, accuracy_top-5: 98.5294
2024-03-06 19:51:21,646 - mmcls - INFO - Epoch(val) [102][5]	accuracy_top-1: 80.1471, accuracy_top-5: 99.2647
2024-03-06 19:51:31,490 - mmcls - INFO - Epoch(val) [103][5]	accuracy_top-1: 80.8824, accuracy_top-5: 99.2647
2024-03-06 19:51:41,756 - mmcls - INFO - Epoch(val) [104][5]	accuracy_top-1: 81.6176, accuracy_top-5: 99.2647
2024-03-06 19:51:51,923 - mmcls - INFO - Epoch(val) [105][5]	accuracy_top-1: 82.3529, accuracy_top-5: 99.2647
2024-03-06 19:52:02,008 - mmcls - INFO - Epoch(val) [106][5]	accuracy_top-1: 83.8235, accuracy_top-5: 99.2647
2024-03-06 19:52:12,204 - mmcls - INFO - Epoch(val) [107][5]	accuracy_top-1: 82.3529, accuracy_top-5: 99.2647
2024-03-06 19:52:22,512 - mmcls - INFO - Epoch(val) [108][5]	accuracy_top-1: 82.3529, accuracy_top-5: 99.2647
2024-03-06 19:52:32,525 - mmcls - INFO - Epoch(val) [109][5]	accuracy_top-1: 84.5588, accuracy_top-5: 99.2647
2024-03-06 19:52:42,534 - mmcls - INFO - Epoch(val) [110][5]	accuracy_top-1: 83.8235, accuracy_top-5: 98.5294
2024-03-06 19:52:52,539 - mmcls - INFO - Epoch(val) [111][5]	accuracy_top-1: 82.3529, accuracy_top-5: 99.2647
2024-03-06 19:53:02,573 - mmcls - INFO - Epoch(val) [112][5]	accuracy_top-1: 84.5588, accuracy_top-5: 99.2647
2024-03-06 19:53:13,114 - mmcls - INFO - Epoch(val) [113][5]	accuracy_top-1: 82.3529, accuracy_top-5: 99.2647
2024-03-06 19:53:23,703 - mmcls - INFO - Epoch(val) [114][5]	accuracy_top-1: 80.1471, accuracy_top-5: 99.2647
2024-03-06 19:53:34,148 - mmcls - INFO - Epoch(val) [115][5]	accuracy_top-1: 81.6176, accuracy_top-5: 99.2647
2024-03-06 19:53:44,301 - mmcls - INFO - Epoch(val) [116][5]	accuracy_top-1: 81.6176, accuracy_top-5: 100.0000
2024-03-06 19:53:55,227 - mmcls - INFO - Epoch(val) [117][5]	accuracy_top-1: 83.0882, accuracy_top-5: 99.2647
2024-03-06 19:54:05,993 - mmcls - INFO - Epoch(val) [118][5]	accuracy_top-1: 81.6176, accuracy_top-5: 99.2647
2024-03-06 19:54:16,736 - mmcls - INFO - Epoch(val) [119][5]	accuracy_top-1: 83.8235, accuracy_top-5: 98.5294
2024-03-06 19:54:27,431 - mmcls - INFO - Epoch(val) [120][5]	accuracy_top-1: 82.3529, accuracy_top-5: 99.2647
2024-03-06 19:54:37,695 - mmcls - INFO - Epoch(val) [121][5]	accuracy_top-1: 81.6176, accuracy_top-5: 98.5294
2024-03-06 19:54:48,097 - mmcls - INFO - Epoch(val) [122][5]	accuracy_top-1: 84.5588, accuracy_top-5: 99.2647
2024-03-06 19:54:58,246 - mmcls - INFO - Epoch(val) [123][5]	accuracy_top-1: 81.6176, accuracy_top-5: 99.2647
2024-03-06 19:55:08,838 - mmcls - INFO - Epoch(val) [124][5]	accuracy_top-1: 81.6176, accuracy_top-5: 99.2647
2024-03-06 19:55:19,055 - mmcls - INFO - Epoch(val) [125][5]	accuracy_top-1: 83.8235, accuracy_top-5: 99.2647
2024-03-06 19:55:29,223 - mmcls - INFO - Epoch(val) [126][5]	accuracy_top-1: 82.3529, accuracy_top-5: 99.2647
2024-03-06 19:55:39,070 - mmcls - INFO - Epoch(val) [127][5]	accuracy_top-1: 82.3529, accuracy_top-5: 99.2647
2024-03-06 19:55:48,718 - mmcls - INFO - Epoch(val) [128][5]	accuracy_top-1: 83.8235, accuracy_top-5: 99.2647
2024-03-06 19:55:58,580 - mmcls - INFO - Epoch(val) [129][5]	accuracy_top-1: 83.0882, accuracy_top-5: 99.2647
2024-03-06 19:56:08,299 - mmcls - INFO - Epoch(val) [130][5]	accuracy_top-1: 82.3529, accuracy_top-5: 99.2647
2024-03-06 19:56:18,482 - mmcls - INFO - Epoch(val) [131][5]	accuracy_top-1: 83.8235, accuracy_top-5: 99.2647
2024-03-06 19:56:29,193 - mmcls - INFO - Epoch(val) [132][5]	accuracy_top-1: 84.5588, accuracy_top-5: 99.2647
2024-03-06 19:56:38,916 - mmcls - INFO - Epoch(val) [133][5]	accuracy_top-1: 82.3529, accuracy_top-5: 99.2647
2024-03-06 19:56:48,888 - mmcls - INFO - Epoch(val) [134][5]	accuracy_top-1: 81.6176, accuracy_top-5: 99.2647
2024-03-06 19:56:59,503 - mmcls - INFO - Epoch(val) [135][5]	accuracy_top-1: 83.0882, accuracy_top-5: 99.2647
2024-03-06 19:57:09,811 - mmcls - INFO - Epoch(val) [136][5]	accuracy_top-1: 83.0882, accuracy_top-5: 99.2647
2024-03-06 19:57:20,250 - mmcls - INFO - Epoch(val) [137][5]	accuracy_top-1: 83.0882, accuracy_top-5: 99.2647
2024-03-06 19:57:30,151 - mmcls - INFO - Epoch(val) [138][5]	accuracy_top-1: 83.0882, accuracy_top-5: 98.5294
2024-03-06 19:57:40,059 - mmcls - INFO - Epoch(val) [139][5]	accuracy_top-1: 83.8235, accuracy_top-5: 99.2647
2024-03-06 19:57:50,103 - mmcls - INFO - Epoch(val) [140][5]	accuracy_top-1: 84.5588, accuracy_top-5: 99.2647
2024-03-06 19:58:00,287 - mmcls - INFO - Epoch(val) [141][5]	accuracy_top-1: 86.0294, accuracy_top-5: 99.2647
2024-03-06 19:58:10,139 - mmcls - INFO - Epoch(val) [142][5]	accuracy_top-1: 85.2941, accuracy_top-5: 99.2647
2024-03-06 19:58:20,159 - mmcls - INFO - Epoch(val) [143][5]	accuracy_top-1: 82.3529, accuracy_top-5: 99.2647
2024-03-06 19:58:30,201 - mmcls - INFO - Epoch(val) [144][5]	accuracy_top-1: 85.2941, accuracy_top-5: 99.2647
2024-03-06 19:58:40,268 - mmcls - INFO - Epoch(val) [145][5]	accuracy_top-1: 84.5588, accuracy_top-5: 100.0000
2024-03-06 19:58:50,280 - mmcls - INFO - Epoch(val) [146][5]	accuracy_top-1: 84.5588, accuracy_top-5: 100.0000
2024-03-06 19:59:00,456 - mmcls - INFO - Epoch(val) [147][5]	accuracy_top-1: 84.5588, accuracy_top-5: 98.5294
2024-03-06 19:59:10,424 - mmcls - INFO - Epoch(val) [148][5]	accuracy_top-1: 83.0882, accuracy_top-5: 99.2647
2024-03-06 19:59:20,348 - mmcls - INFO - Epoch(val) [149][5]	accuracy_top-1: 86.0294, accuracy_top-5: 99.2647
2024-03-06 19:59:30,731 - mmcls - INFO - Epoch(val) [150][5]	accuracy_top-1: 80.8824, accuracy_top-5: 99.2647
2024-03-06 19:59:41,056 - mmcls - INFO - Epoch(val) [151][5]	accuracy_top-1: 81.6176, accuracy_top-5: 99.2647
2024-03-06 19:59:51,260 - mmcls - INFO - Epoch(val) [152][5]	accuracy_top-1: 83.8235, accuracy_top-5: 99.2647
2024-03-06 20:00:01,463 - mmcls - INFO - Epoch(val) [153][5]	accuracy_top-1: 82.3529, accuracy_top-5: 99.2647
2024-03-06 20:00:11,477 - mmcls - INFO - Epoch(val) [154][5]	accuracy_top-1: 83.0882, accuracy_top-5: 99.2647
2024-03-06 20:00:21,627 - mmcls - INFO - Epoch(val) [155][5]	accuracy_top-1: 84.5588, accuracy_top-5: 98.5294
2024-03-06 20:00:31,850 - mmcls - INFO - Epoch(val) [156][5]	accuracy_top-1: 83.8235, accuracy_top-5: 99.2647
2024-03-06 20:00:42,233 - mmcls - INFO - Epoch(val) [157][5]	accuracy_top-1: 83.0882, accuracy_top-5: 99.2647
2024-03-06 20:00:52,496 - mmcls - INFO - Epoch(val) [158][5]	accuracy_top-1: 82.3529, accuracy_top-5: 99.2647
2024-03-06 20:01:02,667 - mmcls - INFO - Epoch(val) [159][5]	accuracy_top-1: 83.0882, accuracy_top-5: 99.2647
2024-03-06 20:01:12,503 - mmcls - INFO - Epoch(val) [160][5]	accuracy_top-1: 83.0882, accuracy_top-5: 99.2647
2024-03-06 20:01:22,717 - mmcls - INFO - Epoch(val) [161][5]	accuracy_top-1: 82.3529, accuracy_top-5: 99.2647
2024-03-06 20:01:32,788 - mmcls - INFO - Epoch(val) [162][5]	accuracy_top-1: 83.8235, accuracy_top-5: 99.2647
2024-03-06 20:01:42,475 - mmcls - INFO - Epoch(val) [163][5]	accuracy_top-1: 83.0882, accuracy_top-5: 99.2647
2024-03-06 20:01:52,021 - mmcls - INFO - Epoch(val) [164][5]	accuracy_top-1: 83.8235, accuracy_top-5: 99.2647
2024-03-06 20:02:01,909 - mmcls - INFO - Epoch(val) [165][5]	accuracy_top-1: 83.0882, accuracy_top-5: 99.2647
2024-03-06 20:02:12,015 - mmcls - INFO - Epoch(val) [166][5]	accuracy_top-1: 83.8235, accuracy_top-5: 99.2647
2024-03-06 20:02:21,966 - mmcls - INFO - Epoch(val) [167][5]	accuracy_top-1: 83.8235, accuracy_top-5: 99.2647
2024-03-06 20:02:31,839 - mmcls - INFO - Epoch(val) [168][5]	accuracy_top-1: 83.0882, accuracy_top-5: 99.2647
2024-03-06 20:02:41,806 - mmcls - INFO - Epoch(val) [169][5]	accuracy_top-1: 84.5588, accuracy_top-5: 99.2647
2024-03-06 20:02:51,912 - mmcls - INFO - Epoch(val) [170][5]	accuracy_top-1: 83.0882, accuracy_top-5: 99.2647
2024-03-06 20:03:01,947 - mmcls - INFO - Epoch(val) [171][5]	accuracy_top-1: 82.3529, accuracy_top-5: 99.2647
2024-03-06 20:03:12,101 - mmcls - INFO - Epoch(val) [172][5]	accuracy_top-1: 84.5588, accuracy_top-5: 99.2647
2024-03-06 20:03:22,012 - mmcls - INFO - Epoch(val) [173][5]	accuracy_top-1: 83.0882, accuracy_top-5: 99.2647
2024-03-06 20:03:32,123 - mmcls - INFO - Epoch(val) [174][5]	accuracy_top-1: 83.8235, accuracy_top-5: 99.2647
2024-03-06 20:03:42,406 - mmcls - INFO - Epoch(val) [175][5]	accuracy_top-1: 83.0882, accuracy_top-5: 99.2647
2024-03-06 20:03:52,637 - mmcls - INFO - Epoch(val) [176][5]	accuracy_top-1: 84.5588, accuracy_top-5: 99.2647
2024-03-06 20:04:02,497 - mmcls - INFO - Epoch(val) [177][5]	accuracy_top-1: 84.5588, accuracy_top-5: 99.2647
2024-03-06 20:04:12,464 - mmcls - INFO - Epoch(val) [178][5]	accuracy_top-1: 83.8235, accuracy_top-5: 99.2647
2024-03-06 20:04:22,442 - mmcls - INFO - Epoch(val) [179][5]	accuracy_top-1: 83.8235, accuracy_top-5: 99.2647
2024-03-06 20:04:32,297 - mmcls - INFO - Epoch(val) [180][5]	accuracy_top-1: 84.5588, accuracy_top-5: 99.2647
2024-03-06 20:04:42,328 - mmcls - INFO - Epoch(val) [181][5]	accuracy_top-1: 83.0882, accuracy_top-5: 99.2647
2024-03-06 20:04:52,178 - mmcls - INFO - Epoch(val) [182][5]	accuracy_top-1: 84.5588, accuracy_top-5: 99.2647
2024-03-06 20:05:02,321 - mmcls - INFO - Epoch(val) [183][5]	accuracy_top-1: 83.8235, accuracy_top-5: 99.2647
2024-03-06 20:05:12,211 - mmcls - INFO - Epoch(val) [184][5]	accuracy_top-1: 83.0882, accuracy_top-5: 99.2647
2024-03-06 20:05:21,998 - mmcls - INFO - Epoch(val) [185][5]	accuracy_top-1: 82.3529, accuracy_top-5: 99.2647
2024-03-06 20:05:32,208 - mmcls - INFO - Epoch(val) [186][5]	accuracy_top-1: 84.5588, accuracy_top-5: 99.2647
2024-03-06 20:05:43,000 - mmcls - INFO - Epoch(val) [187][5]	accuracy_top-1: 83.0882, accuracy_top-5: 99.2647
2024-03-06 20:05:53,051 - mmcls - INFO - Epoch(val) [188][5]	accuracy_top-1: 84.5588, accuracy_top-5: 99.2647
2024-03-06 20:06:02,977 - mmcls - INFO - Epoch(val) [189][5]	accuracy_top-1: 83.8235, accuracy_top-5: 99.2647
2024-03-06 20:06:12,956 - mmcls - INFO - Epoch(val) [190][5]	accuracy_top-1: 84.5588, accuracy_top-5: 99.2647
2024-03-06 20:06:22,882 - mmcls - INFO - Epoch(val) [191][5]	accuracy_top-1: 86.0294, accuracy_top-5: 99.2647
2024-03-06 20:06:32,950 - mmcls - INFO - Epoch(val) [192][5]	accuracy_top-1: 83.0882, accuracy_top-5: 99.2647
2024-03-06 20:06:42,757 - mmcls - INFO - Epoch(val) [193][5]	accuracy_top-1: 83.8235, accuracy_top-5: 99.2647
2024-03-06 20:06:53,685 - mmcls - INFO - Epoch(val) [194][5]	accuracy_top-1: 84.5588, accuracy_top-5: 99.2647
2024-03-06 20:07:03,630 - mmcls - INFO - Epoch(val) [195][5]	accuracy_top-1: 83.0882, accuracy_top-5: 99.2647
2024-03-06 20:07:13,703 - mmcls - INFO - Epoch(val) [196][5]	accuracy_top-1: 83.8235, accuracy_top-5: 99.2647
2024-03-06 20:07:23,602 - mmcls - INFO - Epoch(val) [197][5]	accuracy_top-1: 84.5588, accuracy_top-5: 99.2647
2024-03-06 20:07:33,744 - mmcls - INFO - Epoch(val) [198][5]	accuracy_top-1: 83.0882, accuracy_top-5: 99.2647
2024-03-06 20:07:43,988 - mmcls - INFO - Epoch(val) [199][5]	accuracy_top-1: 83.0882, accuracy_top-5: 99.2647
2024-03-06 20:07:52,833 - mmcls - INFO - Saving checkpoint at 200 epochs
2024-03-06 20:07:54,772 - mmcls - INFO - Epoch(val) [200][5]	accuracy_top-1: 83.8235, accuracy_top-5: 99.2647
