2024-04-12 11:36:29,249 - mmcls - INFO - Environment info:
------------------------------------------------------------
sys.platform: linux
Python: 3.7.16 (default, Jan 17 2023, 22:20:44) [GCC 11.2.0]
CUDA available: True
GPU 0: NVIDIA GeForce RTX 2080 Ti
CUDA_HOME: /usr/local/cuda
NVCC: Cuda compilation tools, release 11.8, V11.8.89
GCC: gcc (Ubuntu 11.4.0-1ubuntu1~22.04) 11.4.0
PyTorch: 1.7.1
PyTorch compiling details: PyTorch built with:
  - GCC 7.3
  - C++ Version: 201402
  - Intel(R) oneAPI Math Kernel Library Version 2021.4-Product Build 20210904 for Intel(R) 64 architecture applications
  - Intel(R) MKL-DNN v1.6.0 (Git Hash 5ef631a030a6f73131c77892041042805a06064f)
  - OpenMP 201511 (a.k.a. OpenMP 4.5)
  - NNPACK is enabled
  - CPU capability usage: AVX2
  - CUDA Runtime 10.1
  - NVCC architecture flags: -gencode;arch=compute_37,code=sm_37;-gencode;arch=compute_50,code=sm_50;-gencode;arch=compute_60,code=sm_60;-gencode;arch=compute_61,code=sm_61;-gencode;arch=compute_70,code=sm_70;-gencode;arch=compute_75,code=sm_75;-gencode;arch=compute_37,code=compute_37
  - CuDNN 7.6.3
  - Magma 2.5.2
  - Build settings: BLAS=MKL, BUILD_TYPE=Release, CXX_FLAGS= -Wno-deprecated -fvisibility-inlines-hidden -DUSE_PTHREADPOOL -fopenmp -DNDEBUG -DUSE_FBGEMM -DUSE_QNNPACK -DUSE_PYTORCH_QNNPACK -DUSE_XNNPACK -DUSE_VULKAN_WRAPPER -O2 -fPIC -Wno-narrowing -Wall -Wextra -Werror=return-type -Wno-missing-field-initializers -Wno-type-limits -Wno-array-bounds -Wno-unknown-pragmas -Wno-sign-compare -Wno-unused-parameter -Wno-unused-variable -Wno-unused-function -Wno-unused-result -Wno-unused-local-typedefs -Wno-strict-overflow -Wno-strict-aliasing -Wno-error=deprecated-declarations -Wno-stringop-overflow -Wno-psabi -Wno-error=pedantic -Wno-error=redundant-decls -Wno-error=old-style-cast -fdiagnostics-color=always -faligned-new -Wno-unused-but-set-variable -Wno-maybe-uninitialized -fno-math-errno -fno-trapping-math -Werror=format -Wno-stringop-overflow, PERF_WITH_AVX=1, PERF_WITH_AVX2=1, PERF_WITH_AVX512=1, USE_CUDA=ON, USE_EXCEPTION_PTR=1, USE_GFLAGS=OFF, USE_GLOG=OFF, USE_MKL=ON, USE_MKLDNN=ON, USE_MPI=OFF, USE_NCCL=ON, USE_NNPACK=ON, USE_OPENMP=ON, 

TorchVision: 0.8.2
OpenCV: 4.9.0
MMCV: 1.5.0
MMCV Compiler: n/a
MMCV CUDA Compiler: n/a
MMClassification: 0.15.0+2b78fde
------------------------------------------------------------

2024-04-12 11:36:29,251 - mmcls - INFO - Distributed training: False
2024-04-12 11:36:29,553 - mmcls - INFO - Config:
model = dict(
    type='ImageClassifier',
    backbone=dict(
        type='SwinTransformer', arch='base', img_size=224, drop_path_rate=0.5),
    neck=dict(type='GlobalAveragePooling'),
    head=dict(
        type='LinearClsHead',
        num_classes=17,
        in_channels=1024,
        init_cfg=None,
        loss=dict(
            type='LabelSmoothLoss', label_smooth_val=0.1, mode='original'),
        cal_acc=False),
    init_cfg=[
        dict(type='TruncNormal', layer='Linear', std=0.02, bias=0.0),
        dict(type='Constant', layer='LayerNorm', val=1.0, bias=0.0)
    ],
    train_cfg=dict(augments=[
        dict(type='BatchMixup', alpha=0.8, num_classes=17, prob=0.5),
        dict(type='BatchCutMix', alpha=1.0, num_classes=17, prob=0.5)
    ]))
dataset_type = 'Flowers'
img_norm_cfg = dict(
    mean=[123.675, 116.28, 103.53], std=[58.395, 57.12, 57.375], to_rgb=True)
train_pipeline = [
    dict(type='LoadImageFromFile'),
    dict(type='RandomResizedCrop', size=224),
    dict(type='RandomFlip', flip_prob=0.5, direction='horizontal'),
    dict(
        type='Normalize',
        mean=[123.675, 116.28, 103.53],
        std=[58.395, 57.12, 57.375],
        to_rgb=True),
    dict(type='ImageToTensor', keys=['img']),
    dict(type='ToTensor', keys=['gt_label']),
    dict(type='Collect', keys=['img', 'gt_label'])
]
test_pipeline = [
    dict(type='LoadImageFromFile'),
    dict(type='Resize', size=(256, -1)),
    dict(type='CenterCrop', crop_size=224),
    dict(
        type='Normalize',
        mean=[123.675, 116.28, 103.53],
        std=[58.395, 57.12, 57.375],
        to_rgb=True),
    dict(type='ImageToTensor', keys=['img']),
    dict(type='Collect', keys=['img'])
]
data = dict(
    samples_per_gpu=16,
    workers_per_gpu=1,
    train=dict(
        type='Flowers',
        data_prefix='data/flowers/train',
        ann_file='data/flowers/meta/train.txt',
        pipeline=[
            dict(type='LoadImageFromFile'),
            dict(type='RandomResizedCrop', size=224),
            dict(type='RandomFlip', flip_prob=0.5, direction='horizontal'),
            dict(
                type='Normalize',
                mean=[123.675, 116.28, 103.53],
                std=[58.395, 57.12, 57.375],
                to_rgb=True),
            dict(type='ImageToTensor', keys=['img']),
            dict(type='ToTensor', keys=['gt_label']),
            dict(type='Collect', keys=['img', 'gt_label'])
        ]),
    val=dict(
        type='Flowers',
        data_prefix='data/flowers/val',
        ann_file='data/flowers/meta/val.txt',
        pipeline=[
            dict(type='LoadImageFromFile'),
            dict(type='Resize', size=(256, -1)),
            dict(type='CenterCrop', crop_size=224),
            dict(
                type='Normalize',
                mean=[123.675, 116.28, 103.53],
                std=[58.395, 57.12, 57.375],
                to_rgb=True),
            dict(type='ImageToTensor', keys=['img']),
            dict(type='Collect', keys=['img'])
        ]),
    test=dict(
        type='Flowers',
        data_prefix='data/flowers/test',
        ann_file='data/flowers/meta/test.txt',
        pipeline=[
            dict(type='LoadImageFromFile'),
            dict(type='Resize', size=(256, -1)),
            dict(type='CenterCrop', crop_size=224),
            dict(
                type='Normalize',
                mean=[123.675, 116.28, 103.53],
                std=[58.395, 57.12, 57.375],
                to_rgb=True),
            dict(type='ImageToTensor', keys=['img']),
            dict(type='Collect', keys=['img'])
        ]))
evaluation = dict(interval=1, metric='accuracy')
optimizer = dict(type='SGD', lr=0.001, momentum=0.9, weight_decay=0.0001)
optimizer_config = dict(grad_clip=None)
lr_config = dict(policy='step', step=[100, 150])
runner = dict(type='EpochBasedRunner', max_epochs=200)
checkpoint_config = dict(interval=100)
log_config = dict(interval=100, hooks=[dict(type='TextLoggerHook')])
dist_params = dict(backend='nccl')
log_level = 'INFO'
load_from = None
resume_from = None
workflow = [('train', 1)]
work_dir = 'output/swin_transformer/bs16/lr0.001'
gpu_ids = range(0, 1)

2024-04-12 11:36:30,592 - mmcls - INFO - initialize ImageClassifier with init_cfg [{'type': 'TruncNormal', 'layer': 'Linear', 'std': 0.02, 'bias': 0.0}, {'type': 'Constant', 'layer': 'LayerNorm', 'val': 1.0, 'bias': 0.0}]
Name of parameter - Initialization information

backbone.patch_embed.projection.weight - torch.Size([128, 3, 4, 4]): 
The value is the same before and after calling `init_weights` of ImageClassifier  

backbone.patch_embed.projection.bias - torch.Size([128]): 
The value is the same before and after calling `init_weights` of ImageClassifier  

backbone.patch_embed.norm.weight - torch.Size([128]): 
The value is the same before and after calling `init_weights` of ImageClassifier  

backbone.patch_embed.norm.bias - torch.Size([128]): 
The value is the same before and after calling `init_weights` of ImageClassifier  

backbone.stages.0.blocks.0.norm1.weight - torch.Size([128]): 
The value is the same before and after calling `init_weights` of ImageClassifier  

backbone.stages.0.blocks.0.norm1.bias - torch.Size([128]): 
The value is the same before and after calling `init_weights` of ImageClassifier  

backbone.stages.0.blocks.0.attn.w_msa.relative_position_bias_table - torch.Size([169, 4]): 
Initialized by user-defined `init_weights` in WindowMSA  

backbone.stages.0.blocks.0.attn.w_msa.qkv.weight - torch.Size([384, 128]): 
TruncNormalInit: a=-2, b=2, mean=0, std=0.02, bias=0.0 

backbone.stages.0.blocks.0.attn.w_msa.qkv.bias - torch.Size([384]): 
TruncNormalInit: a=-2, b=2, mean=0, std=0.02, bias=0.0 

backbone.stages.0.blocks.0.attn.w_msa.proj.weight - torch.Size([128, 128]): 
TruncNormalInit: a=-2, b=2, mean=0, std=0.02, bias=0.0 

backbone.stages.0.blocks.0.attn.w_msa.proj.bias - torch.Size([128]): 
TruncNormalInit: a=-2, b=2, mean=0, std=0.02, bias=0.0 

backbone.stages.0.blocks.0.norm2.weight - torch.Size([128]): 
The value is the same before and after calling `init_weights` of ImageClassifier  

backbone.stages.0.blocks.0.norm2.bias - torch.Size([128]): 
The value is the same before and after calling `init_weights` of ImageClassifier  

backbone.stages.0.blocks.0.ffn.layers.0.0.weight - torch.Size([512, 128]): 
TruncNormalInit: a=-2, b=2, mean=0, std=0.02, bias=0.0 

backbone.stages.0.blocks.0.ffn.layers.0.0.bias - torch.Size([512]): 
TruncNormalInit: a=-2, b=2, mean=0, std=0.02, bias=0.0 

backbone.stages.0.blocks.0.ffn.layers.1.weight - torch.Size([128, 512]): 
TruncNormalInit: a=-2, b=2, mean=0, std=0.02, bias=0.0 

backbone.stages.0.blocks.0.ffn.layers.1.bias - torch.Size([128]): 
TruncNormalInit: a=-2, b=2, mean=0, std=0.02, bias=0.0 

backbone.stages.0.blocks.1.norm1.weight - torch.Size([128]): 
The value is the same before and after calling `init_weights` of ImageClassifier  

backbone.stages.0.blocks.1.norm1.bias - torch.Size([128]): 
The value is the same before and after calling `init_weights` of ImageClassifier  

backbone.stages.0.blocks.1.attn.w_msa.relative_position_bias_table - torch.Size([169, 4]): 
Initialized by user-defined `init_weights` in WindowMSA  

backbone.stages.0.blocks.1.attn.w_msa.qkv.weight - torch.Size([384, 128]): 
TruncNormalInit: a=-2, b=2, mean=0, std=0.02, bias=0.0 

backbone.stages.0.blocks.1.attn.w_msa.qkv.bias - torch.Size([384]): 
TruncNormalInit: a=-2, b=2, mean=0, std=0.02, bias=0.0 

backbone.stages.0.blocks.1.attn.w_msa.proj.weight - torch.Size([128, 128]): 
TruncNormalInit: a=-2, b=2, mean=0, std=0.02, bias=0.0 

backbone.stages.0.blocks.1.attn.w_msa.proj.bias - torch.Size([128]): 
TruncNormalInit: a=-2, b=2, mean=0, std=0.02, bias=0.0 

backbone.stages.0.blocks.1.norm2.weight - torch.Size([128]): 
The value is the same before and after calling `init_weights` of ImageClassifier  

backbone.stages.0.blocks.1.norm2.bias - torch.Size([128]): 
The value is the same before and after calling `init_weights` of ImageClassifier  

backbone.stages.0.blocks.1.ffn.layers.0.0.weight - torch.Size([512, 128]): 
TruncNormalInit: a=-2, b=2, mean=0, std=0.02, bias=0.0 

backbone.stages.0.blocks.1.ffn.layers.0.0.bias - torch.Size([512]): 
TruncNormalInit: a=-2, b=2, mean=0, std=0.02, bias=0.0 

backbone.stages.0.blocks.1.ffn.layers.1.weight - torch.Size([128, 512]): 
TruncNormalInit: a=-2, b=2, mean=0, std=0.02, bias=0.0 

backbone.stages.0.blocks.1.ffn.layers.1.bias - torch.Size([128]): 
TruncNormalInit: a=-2, b=2, mean=0, std=0.02, bias=0.0 

backbone.stages.0.downsample.norm.weight - torch.Size([512]): 
The value is the same before and after calling `init_weights` of ImageClassifier  

backbone.stages.0.downsample.norm.bias - torch.Size([512]): 
The value is the same before and after calling `init_weights` of ImageClassifier  

backbone.stages.0.downsample.reduction.weight - torch.Size([256, 512]): 
TruncNormalInit: a=-2, b=2, mean=0, std=0.02, bias=0.0 

backbone.stages.1.blocks.0.norm1.weight - torch.Size([256]): 
The value is the same before and after calling `init_weights` of ImageClassifier  

backbone.stages.1.blocks.0.norm1.bias - torch.Size([256]): 
The value is the same before and after calling `init_weights` of ImageClassifier  

backbone.stages.1.blocks.0.attn.w_msa.relative_position_bias_table - torch.Size([169, 8]): 
Initialized by user-defined `init_weights` in WindowMSA  

backbone.stages.1.blocks.0.attn.w_msa.qkv.weight - torch.Size([768, 256]): 
TruncNormalInit: a=-2, b=2, mean=0, std=0.02, bias=0.0 

backbone.stages.1.blocks.0.attn.w_msa.qkv.bias - torch.Size([768]): 
TruncNormalInit: a=-2, b=2, mean=0, std=0.02, bias=0.0 

backbone.stages.1.blocks.0.attn.w_msa.proj.weight - torch.Size([256, 256]): 
TruncNormalInit: a=-2, b=2, mean=0, std=0.02, bias=0.0 

backbone.stages.1.blocks.0.attn.w_msa.proj.bias - torch.Size([256]): 
TruncNormalInit: a=-2, b=2, mean=0, std=0.02, bias=0.0 

backbone.stages.1.blocks.0.norm2.weight - torch.Size([256]): 
The value is the same before and after calling `init_weights` of ImageClassifier  

backbone.stages.1.blocks.0.norm2.bias - torch.Size([256]): 
The value is the same before and after calling `init_weights` of ImageClassifier  

backbone.stages.1.blocks.0.ffn.layers.0.0.weight - torch.Size([1024, 256]): 
TruncNormalInit: a=-2, b=2, mean=0, std=0.02, bias=0.0 

backbone.stages.1.blocks.0.ffn.layers.0.0.bias - torch.Size([1024]): 
TruncNormalInit: a=-2, b=2, mean=0, std=0.02, bias=0.0 

backbone.stages.1.blocks.0.ffn.layers.1.weight - torch.Size([256, 1024]): 
TruncNormalInit: a=-2, b=2, mean=0, std=0.02, bias=0.0 

backbone.stages.1.blocks.0.ffn.layers.1.bias - torch.Size([256]): 
TruncNormalInit: a=-2, b=2, mean=0, std=0.02, bias=0.0 

backbone.stages.1.blocks.1.norm1.weight - torch.Size([256]): 
The value is the same before and after calling `init_weights` of ImageClassifier  

backbone.stages.1.blocks.1.norm1.bias - torch.Size([256]): 
The value is the same before and after calling `init_weights` of ImageClassifier  

backbone.stages.1.blocks.1.attn.w_msa.relative_position_bias_table - torch.Size([169, 8]): 
Initialized by user-defined `init_weights` in WindowMSA  

backbone.stages.1.blocks.1.attn.w_msa.qkv.weight - torch.Size([768, 256]): 
TruncNormalInit: a=-2, b=2, mean=0, std=0.02, bias=0.0 

backbone.stages.1.blocks.1.attn.w_msa.qkv.bias - torch.Size([768]): 
TruncNormalInit: a=-2, b=2, mean=0, std=0.02, bias=0.0 

backbone.stages.1.blocks.1.attn.w_msa.proj.weight - torch.Size([256, 256]): 
TruncNormalInit: a=-2, b=2, mean=0, std=0.02, bias=0.0 

backbone.stages.1.blocks.1.attn.w_msa.proj.bias - torch.Size([256]): 
TruncNormalInit: a=-2, b=2, mean=0, std=0.02, bias=0.0 

backbone.stages.1.blocks.1.norm2.weight - torch.Size([256]): 
The value is the same before and after calling `init_weights` of ImageClassifier  

backbone.stages.1.blocks.1.norm2.bias - torch.Size([256]): 
The value is the same before and after calling `init_weights` of ImageClassifier  

backbone.stages.1.blocks.1.ffn.layers.0.0.weight - torch.Size([1024, 256]): 
TruncNormalInit: a=-2, b=2, mean=0, std=0.02, bias=0.0 

backbone.stages.1.blocks.1.ffn.layers.0.0.bias - torch.Size([1024]): 
TruncNormalInit: a=-2, b=2, mean=0, std=0.02, bias=0.0 

backbone.stages.1.blocks.1.ffn.layers.1.weight - torch.Size([256, 1024]): 
TruncNormalInit: a=-2, b=2, mean=0, std=0.02, bias=0.0 

backbone.stages.1.blocks.1.ffn.layers.1.bias - torch.Size([256]): 
TruncNormalInit: a=-2, b=2, mean=0, std=0.02, bias=0.0 

backbone.stages.1.downsample.norm.weight - torch.Size([1024]): 
The value is the same before and after calling `init_weights` of ImageClassifier  

backbone.stages.1.downsample.norm.bias - torch.Size([1024]): 
The value is the same before and after calling `init_weights` of ImageClassifier  

backbone.stages.1.downsample.reduction.weight - torch.Size([512, 1024]): 
TruncNormalInit: a=-2, b=2, mean=0, std=0.02, bias=0.0 

backbone.stages.2.blocks.0.norm1.weight - torch.Size([512]): 
The value is the same before and after calling `init_weights` of ImageClassifier  

backbone.stages.2.blocks.0.norm1.bias - torch.Size([512]): 
The value is the same before and after calling `init_weights` of ImageClassifier  

backbone.stages.2.blocks.0.attn.w_msa.relative_position_bias_table - torch.Size([169, 16]): 
Initialized by user-defined `init_weights` in WindowMSA  

backbone.stages.2.blocks.0.attn.w_msa.qkv.weight - torch.Size([1536, 512]): 
TruncNormalInit: a=-2, b=2, mean=0, std=0.02, bias=0.0 

backbone.stages.2.blocks.0.attn.w_msa.qkv.bias - torch.Size([1536]): 
TruncNormalInit: a=-2, b=2, mean=0, std=0.02, bias=0.0 

backbone.stages.2.blocks.0.attn.w_msa.proj.weight - torch.Size([512, 512]): 
TruncNormalInit: a=-2, b=2, mean=0, std=0.02, bias=0.0 

backbone.stages.2.blocks.0.attn.w_msa.proj.bias - torch.Size([512]): 
TruncNormalInit: a=-2, b=2, mean=0, std=0.02, bias=0.0 

backbone.stages.2.blocks.0.norm2.weight - torch.Size([512]): 
The value is the same before and after calling `init_weights` of ImageClassifier  

backbone.stages.2.blocks.0.norm2.bias - torch.Size([512]): 
The value is the same before and after calling `init_weights` of ImageClassifier  

backbone.stages.2.blocks.0.ffn.layers.0.0.weight - torch.Size([2048, 512]): 
TruncNormalInit: a=-2, b=2, mean=0, std=0.02, bias=0.0 

backbone.stages.2.blocks.0.ffn.layers.0.0.bias - torch.Size([2048]): 
TruncNormalInit: a=-2, b=2, mean=0, std=0.02, bias=0.0 

backbone.stages.2.blocks.0.ffn.layers.1.weight - torch.Size([512, 2048]): 
TruncNormalInit: a=-2, b=2, mean=0, std=0.02, bias=0.0 

backbone.stages.2.blocks.0.ffn.layers.1.bias - torch.Size([512]): 
TruncNormalInit: a=-2, b=2, mean=0, std=0.02, bias=0.0 

backbone.stages.2.blocks.1.norm1.weight - torch.Size([512]): 
The value is the same before and after calling `init_weights` of ImageClassifier  

backbone.stages.2.blocks.1.norm1.bias - torch.Size([512]): 
The value is the same before and after calling `init_weights` of ImageClassifier  

backbone.stages.2.blocks.1.attn.w_msa.relative_position_bias_table - torch.Size([169, 16]): 
Initialized by user-defined `init_weights` in WindowMSA  

backbone.stages.2.blocks.1.attn.w_msa.qkv.weight - torch.Size([1536, 512]): 
TruncNormalInit: a=-2, b=2, mean=0, std=0.02, bias=0.0 

backbone.stages.2.blocks.1.attn.w_msa.qkv.bias - torch.Size([1536]): 
TruncNormalInit: a=-2, b=2, mean=0, std=0.02, bias=0.0 

backbone.stages.2.blocks.1.attn.w_msa.proj.weight - torch.Size([512, 512]): 
TruncNormalInit: a=-2, b=2, mean=0, std=0.02, bias=0.0 

backbone.stages.2.blocks.1.attn.w_msa.proj.bias - torch.Size([512]): 
TruncNormalInit: a=-2, b=2, mean=0, std=0.02, bias=0.0 

backbone.stages.2.blocks.1.norm2.weight - torch.Size([512]): 
The value is the same before and after calling `init_weights` of ImageClassifier  

backbone.stages.2.blocks.1.norm2.bias - torch.Size([512]): 
The value is the same before and after calling `init_weights` of ImageClassifier  

backbone.stages.2.blocks.1.ffn.layers.0.0.weight - torch.Size([2048, 512]): 
TruncNormalInit: a=-2, b=2, mean=0, std=0.02, bias=0.0 

backbone.stages.2.blocks.1.ffn.layers.0.0.bias - torch.Size([2048]): 
TruncNormalInit: a=-2, b=2, mean=0, std=0.02, bias=0.0 

backbone.stages.2.blocks.1.ffn.layers.1.weight - torch.Size([512, 2048]): 
TruncNormalInit: a=-2, b=2, mean=0, std=0.02, bias=0.0 

backbone.stages.2.blocks.1.ffn.layers.1.bias - torch.Size([512]): 
TruncNormalInit: a=-2, b=2, mean=0, std=0.02, bias=0.0 

backbone.stages.2.blocks.2.norm1.weight - torch.Size([512]): 
The value is the same before and after calling `init_weights` of ImageClassifier  

backbone.stages.2.blocks.2.norm1.bias - torch.Size([512]): 
The value is the same before and after calling `init_weights` of ImageClassifier  

backbone.stages.2.blocks.2.attn.w_msa.relative_position_bias_table - torch.Size([169, 16]): 
Initialized by user-defined `init_weights` in WindowMSA  

backbone.stages.2.blocks.2.attn.w_msa.qkv.weight - torch.Size([1536, 512]): 
TruncNormalInit: a=-2, b=2, mean=0, std=0.02, bias=0.0 

backbone.stages.2.blocks.2.attn.w_msa.qkv.bias - torch.Size([1536]): 
TruncNormalInit: a=-2, b=2, mean=0, std=0.02, bias=0.0 

backbone.stages.2.blocks.2.attn.w_msa.proj.weight - torch.Size([512, 512]): 
TruncNormalInit: a=-2, b=2, mean=0, std=0.02, bias=0.0 

backbone.stages.2.blocks.2.attn.w_msa.proj.bias - torch.Size([512]): 
TruncNormalInit: a=-2, b=2, mean=0, std=0.02, bias=0.0 

backbone.stages.2.blocks.2.norm2.weight - torch.Size([512]): 
The value is the same before and after calling `init_weights` of ImageClassifier  

backbone.stages.2.blocks.2.norm2.bias - torch.Size([512]): 
The value is the same before and after calling `init_weights` of ImageClassifier  

backbone.stages.2.blocks.2.ffn.layers.0.0.weight - torch.Size([2048, 512]): 
TruncNormalInit: a=-2, b=2, mean=0, std=0.02, bias=0.0 

backbone.stages.2.blocks.2.ffn.layers.0.0.bias - torch.Size([2048]): 
TruncNormalInit: a=-2, b=2, mean=0, std=0.02, bias=0.0 

backbone.stages.2.blocks.2.ffn.layers.1.weight - torch.Size([512, 2048]): 
TruncNormalInit: a=-2, b=2, mean=0, std=0.02, bias=0.0 

backbone.stages.2.blocks.2.ffn.layers.1.bias - torch.Size([512]): 
TruncNormalInit: a=-2, b=2, mean=0, std=0.02, bias=0.0 

backbone.stages.2.blocks.3.norm1.weight - torch.Size([512]): 
The value is the same before and after calling `init_weights` of ImageClassifier  

backbone.stages.2.blocks.3.norm1.bias - torch.Size([512]): 
The value is the same before and after calling `init_weights` of ImageClassifier  

backbone.stages.2.blocks.3.attn.w_msa.relative_position_bias_table - torch.Size([169, 16]): 
Initialized by user-defined `init_weights` in WindowMSA  

backbone.stages.2.blocks.3.attn.w_msa.qkv.weight - torch.Size([1536, 512]): 
TruncNormalInit: a=-2, b=2, mean=0, std=0.02, bias=0.0 

backbone.stages.2.blocks.3.attn.w_msa.qkv.bias - torch.Size([1536]): 
TruncNormalInit: a=-2, b=2, mean=0, std=0.02, bias=0.0 

backbone.stages.2.blocks.3.attn.w_msa.proj.weight - torch.Size([512, 512]): 
TruncNormalInit: a=-2, b=2, mean=0, std=0.02, bias=0.0 

backbone.stages.2.blocks.3.attn.w_msa.proj.bias - torch.Size([512]): 
TruncNormalInit: a=-2, b=2, mean=0, std=0.02, bias=0.0 

backbone.stages.2.blocks.3.norm2.weight - torch.Size([512]): 
The value is the same before and after calling `init_weights` of ImageClassifier  

backbone.stages.2.blocks.3.norm2.bias - torch.Size([512]): 
The value is the same before and after calling `init_weights` of ImageClassifier  

backbone.stages.2.blocks.3.ffn.layers.0.0.weight - torch.Size([2048, 512]): 
TruncNormalInit: a=-2, b=2, mean=0, std=0.02, bias=0.0 

backbone.stages.2.blocks.3.ffn.layers.0.0.bias - torch.Size([2048]): 
TruncNormalInit: a=-2, b=2, mean=0, std=0.02, bias=0.0 

backbone.stages.2.blocks.3.ffn.layers.1.weight - torch.Size([512, 2048]): 
TruncNormalInit: a=-2, b=2, mean=0, std=0.02, bias=0.0 

backbone.stages.2.blocks.3.ffn.layers.1.bias - torch.Size([512]): 
TruncNormalInit: a=-2, b=2, mean=0, std=0.02, bias=0.0 

backbone.stages.2.blocks.4.norm1.weight - torch.Size([512]): 
The value is the same before and after calling `init_weights` of ImageClassifier  

backbone.stages.2.blocks.4.norm1.bias - torch.Size([512]): 
The value is the same before and after calling `init_weights` of ImageClassifier  

backbone.stages.2.blocks.4.attn.w_msa.relative_position_bias_table - torch.Size([169, 16]): 
Initialized by user-defined `init_weights` in WindowMSA  

backbone.stages.2.blocks.4.attn.w_msa.qkv.weight - torch.Size([1536, 512]): 
TruncNormalInit: a=-2, b=2, mean=0, std=0.02, bias=0.0 

backbone.stages.2.blocks.4.attn.w_msa.qkv.bias - torch.Size([1536]): 
TruncNormalInit: a=-2, b=2, mean=0, std=0.02, bias=0.0 

backbone.stages.2.blocks.4.attn.w_msa.proj.weight - torch.Size([512, 512]): 
TruncNormalInit: a=-2, b=2, mean=0, std=0.02, bias=0.0 

backbone.stages.2.blocks.4.attn.w_msa.proj.bias - torch.Size([512]): 
TruncNormalInit: a=-2, b=2, mean=0, std=0.02, bias=0.0 

backbone.stages.2.blocks.4.norm2.weight - torch.Size([512]): 
The value is the same before and after calling `init_weights` of ImageClassifier  

backbone.stages.2.blocks.4.norm2.bias - torch.Size([512]): 
The value is the same before and after calling `init_weights` of ImageClassifier  

backbone.stages.2.blocks.4.ffn.layers.0.0.weight - torch.Size([2048, 512]): 
TruncNormalInit: a=-2, b=2, mean=0, std=0.02, bias=0.0 

backbone.stages.2.blocks.4.ffn.layers.0.0.bias - torch.Size([2048]): 
TruncNormalInit: a=-2, b=2, mean=0, std=0.02, bias=0.0 

backbone.stages.2.blocks.4.ffn.layers.1.weight - torch.Size([512, 2048]): 
TruncNormalInit: a=-2, b=2, mean=0, std=0.02, bias=0.0 

backbone.stages.2.blocks.4.ffn.layers.1.bias - torch.Size([512]): 
TruncNormalInit: a=-2, b=2, mean=0, std=0.02, bias=0.0 

backbone.stages.2.blocks.5.norm1.weight - torch.Size([512]): 
The value is the same before and after calling `init_weights` of ImageClassifier  

backbone.stages.2.blocks.5.norm1.bias - torch.Size([512]): 
The value is the same before and after calling `init_weights` of ImageClassifier  

backbone.stages.2.blocks.5.attn.w_msa.relative_position_bias_table - torch.Size([169, 16]): 
Initialized by user-defined `init_weights` in WindowMSA  

backbone.stages.2.blocks.5.attn.w_msa.qkv.weight - torch.Size([1536, 512]): 
TruncNormalInit: a=-2, b=2, mean=0, std=0.02, bias=0.0 

backbone.stages.2.blocks.5.attn.w_msa.qkv.bias - torch.Size([1536]): 
TruncNormalInit: a=-2, b=2, mean=0, std=0.02, bias=0.0 

backbone.stages.2.blocks.5.attn.w_msa.proj.weight - torch.Size([512, 512]): 
TruncNormalInit: a=-2, b=2, mean=0, std=0.02, bias=0.0 

backbone.stages.2.blocks.5.attn.w_msa.proj.bias - torch.Size([512]): 
TruncNormalInit: a=-2, b=2, mean=0, std=0.02, bias=0.0 

backbone.stages.2.blocks.5.norm2.weight - torch.Size([512]): 
The value is the same before and after calling `init_weights` of ImageClassifier  

backbone.stages.2.blocks.5.norm2.bias - torch.Size([512]): 
The value is the same before and after calling `init_weights` of ImageClassifier  

backbone.stages.2.blocks.5.ffn.layers.0.0.weight - torch.Size([2048, 512]): 
TruncNormalInit: a=-2, b=2, mean=0, std=0.02, bias=0.0 

backbone.stages.2.blocks.5.ffn.layers.0.0.bias - torch.Size([2048]): 
TruncNormalInit: a=-2, b=2, mean=0, std=0.02, bias=0.0 

backbone.stages.2.blocks.5.ffn.layers.1.weight - torch.Size([512, 2048]): 
TruncNormalInit: a=-2, b=2, mean=0, std=0.02, bias=0.0 

backbone.stages.2.blocks.5.ffn.layers.1.bias - torch.Size([512]): 
TruncNormalInit: a=-2, b=2, mean=0, std=0.02, bias=0.0 

backbone.stages.2.blocks.6.norm1.weight - torch.Size([512]): 
The value is the same before and after calling `init_weights` of ImageClassifier  

backbone.stages.2.blocks.6.norm1.bias - torch.Size([512]): 
The value is the same before and after calling `init_weights` of ImageClassifier  

backbone.stages.2.blocks.6.attn.w_msa.relative_position_bias_table - torch.Size([169, 16]): 
Initialized by user-defined `init_weights` in WindowMSA  

backbone.stages.2.blocks.6.attn.w_msa.qkv.weight - torch.Size([1536, 512]): 
TruncNormalInit: a=-2, b=2, mean=0, std=0.02, bias=0.0 

backbone.stages.2.blocks.6.attn.w_msa.qkv.bias - torch.Size([1536]): 
TruncNormalInit: a=-2, b=2, mean=0, std=0.02, bias=0.0 

backbone.stages.2.blocks.6.attn.w_msa.proj.weight - torch.Size([512, 512]): 
TruncNormalInit: a=-2, b=2, mean=0, std=0.02, bias=0.0 

backbone.stages.2.blocks.6.attn.w_msa.proj.bias - torch.Size([512]): 
TruncNormalInit: a=-2, b=2, mean=0, std=0.02, bias=0.0 

backbone.stages.2.blocks.6.norm2.weight - torch.Size([512]): 
The value is the same before and after calling `init_weights` of ImageClassifier  

backbone.stages.2.blocks.6.norm2.bias - torch.Size([512]): 
The value is the same before and after calling `init_weights` of ImageClassifier  

backbone.stages.2.blocks.6.ffn.layers.0.0.weight - torch.Size([2048, 512]): 
TruncNormalInit: a=-2, b=2, mean=0, std=0.02, bias=0.0 

backbone.stages.2.blocks.6.ffn.layers.0.0.bias - torch.Size([2048]): 
TruncNormalInit: a=-2, b=2, mean=0, std=0.02, bias=0.0 

backbone.stages.2.blocks.6.ffn.layers.1.weight - torch.Size([512, 2048]): 
TruncNormalInit: a=-2, b=2, mean=0, std=0.02, bias=0.0 

backbone.stages.2.blocks.6.ffn.layers.1.bias - torch.Size([512]): 
TruncNormalInit: a=-2, b=2, mean=0, std=0.02, bias=0.0 

backbone.stages.2.blocks.7.norm1.weight - torch.Size([512]): 
The value is the same before and after calling `init_weights` of ImageClassifier  

backbone.stages.2.blocks.7.norm1.bias - torch.Size([512]): 
The value is the same before and after calling `init_weights` of ImageClassifier  

backbone.stages.2.blocks.7.attn.w_msa.relative_position_bias_table - torch.Size([169, 16]): 
Initialized by user-defined `init_weights` in WindowMSA  

backbone.stages.2.blocks.7.attn.w_msa.qkv.weight - torch.Size([1536, 512]): 
TruncNormalInit: a=-2, b=2, mean=0, std=0.02, bias=0.0 

backbone.stages.2.blocks.7.attn.w_msa.qkv.bias - torch.Size([1536]): 
TruncNormalInit: a=-2, b=2, mean=0, std=0.02, bias=0.0 

backbone.stages.2.blocks.7.attn.w_msa.proj.weight - torch.Size([512, 512]): 
TruncNormalInit: a=-2, b=2, mean=0, std=0.02, bias=0.0 

backbone.stages.2.blocks.7.attn.w_msa.proj.bias - torch.Size([512]): 
TruncNormalInit: a=-2, b=2, mean=0, std=0.02, bias=0.0 

backbone.stages.2.blocks.7.norm2.weight - torch.Size([512]): 
The value is the same before and after calling `init_weights` of ImageClassifier  

backbone.stages.2.blocks.7.norm2.bias - torch.Size([512]): 
The value is the same before and after calling `init_weights` of ImageClassifier  

backbone.stages.2.blocks.7.ffn.layers.0.0.weight - torch.Size([2048, 512]): 
TruncNormalInit: a=-2, b=2, mean=0, std=0.02, bias=0.0 

backbone.stages.2.blocks.7.ffn.layers.0.0.bias - torch.Size([2048]): 
TruncNormalInit: a=-2, b=2, mean=0, std=0.02, bias=0.0 

backbone.stages.2.blocks.7.ffn.layers.1.weight - torch.Size([512, 2048]): 
TruncNormalInit: a=-2, b=2, mean=0, std=0.02, bias=0.0 

backbone.stages.2.blocks.7.ffn.layers.1.bias - torch.Size([512]): 
TruncNormalInit: a=-2, b=2, mean=0, std=0.02, bias=0.0 

backbone.stages.2.blocks.8.norm1.weight - torch.Size([512]): 
The value is the same before and after calling `init_weights` of ImageClassifier  

backbone.stages.2.blocks.8.norm1.bias - torch.Size([512]): 
The value is the same before and after calling `init_weights` of ImageClassifier  

backbone.stages.2.blocks.8.attn.w_msa.relative_position_bias_table - torch.Size([169, 16]): 
Initialized by user-defined `init_weights` in WindowMSA  

backbone.stages.2.blocks.8.attn.w_msa.qkv.weight - torch.Size([1536, 512]): 
TruncNormalInit: a=-2, b=2, mean=0, std=0.02, bias=0.0 

backbone.stages.2.blocks.8.attn.w_msa.qkv.bias - torch.Size([1536]): 
TruncNormalInit: a=-2, b=2, mean=0, std=0.02, bias=0.0 

backbone.stages.2.blocks.8.attn.w_msa.proj.weight - torch.Size([512, 512]): 
TruncNormalInit: a=-2, b=2, mean=0, std=0.02, bias=0.0 

backbone.stages.2.blocks.8.attn.w_msa.proj.bias - torch.Size([512]): 
TruncNormalInit: a=-2, b=2, mean=0, std=0.02, bias=0.0 

backbone.stages.2.blocks.8.norm2.weight - torch.Size([512]): 
The value is the same before and after calling `init_weights` of ImageClassifier  

backbone.stages.2.blocks.8.norm2.bias - torch.Size([512]): 
The value is the same before and after calling `init_weights` of ImageClassifier  

backbone.stages.2.blocks.8.ffn.layers.0.0.weight - torch.Size([2048, 512]): 
TruncNormalInit: a=-2, b=2, mean=0, std=0.02, bias=0.0 

backbone.stages.2.blocks.8.ffn.layers.0.0.bias - torch.Size([2048]): 
TruncNormalInit: a=-2, b=2, mean=0, std=0.02, bias=0.0 

backbone.stages.2.blocks.8.ffn.layers.1.weight - torch.Size([512, 2048]): 
TruncNormalInit: a=-2, b=2, mean=0, std=0.02, bias=0.0 

backbone.stages.2.blocks.8.ffn.layers.1.bias - torch.Size([512]): 
TruncNormalInit: a=-2, b=2, mean=0, std=0.02, bias=0.0 

backbone.stages.2.blocks.9.norm1.weight - torch.Size([512]): 
The value is the same before and after calling `init_weights` of ImageClassifier  

backbone.stages.2.blocks.9.norm1.bias - torch.Size([512]): 
The value is the same before and after calling `init_weights` of ImageClassifier  

backbone.stages.2.blocks.9.attn.w_msa.relative_position_bias_table - torch.Size([169, 16]): 
Initialized by user-defined `init_weights` in WindowMSA  

backbone.stages.2.blocks.9.attn.w_msa.qkv.weight - torch.Size([1536, 512]): 
TruncNormalInit: a=-2, b=2, mean=0, std=0.02, bias=0.0 

backbone.stages.2.blocks.9.attn.w_msa.qkv.bias - torch.Size([1536]): 
TruncNormalInit: a=-2, b=2, mean=0, std=0.02, bias=0.0 

backbone.stages.2.blocks.9.attn.w_msa.proj.weight - torch.Size([512, 512]): 
TruncNormalInit: a=-2, b=2, mean=0, std=0.02, bias=0.0 

backbone.stages.2.blocks.9.attn.w_msa.proj.bias - torch.Size([512]): 
TruncNormalInit: a=-2, b=2, mean=0, std=0.02, bias=0.0 

backbone.stages.2.blocks.9.norm2.weight - torch.Size([512]): 
The value is the same before and after calling `init_weights` of ImageClassifier  

backbone.stages.2.blocks.9.norm2.bias - torch.Size([512]): 
The value is the same before and after calling `init_weights` of ImageClassifier  

backbone.stages.2.blocks.9.ffn.layers.0.0.weight - torch.Size([2048, 512]): 
TruncNormalInit: a=-2, b=2, mean=0, std=0.02, bias=0.0 

backbone.stages.2.blocks.9.ffn.layers.0.0.bias - torch.Size([2048]): 
TruncNormalInit: a=-2, b=2, mean=0, std=0.02, bias=0.0 

backbone.stages.2.blocks.9.ffn.layers.1.weight - torch.Size([512, 2048]): 
TruncNormalInit: a=-2, b=2, mean=0, std=0.02, bias=0.0 

backbone.stages.2.blocks.9.ffn.layers.1.bias - torch.Size([512]): 
TruncNormalInit: a=-2, b=2, mean=0, std=0.02, bias=0.0 

backbone.stages.2.blocks.10.norm1.weight - torch.Size([512]): 
The value is the same before and after calling `init_weights` of ImageClassifier  

backbone.stages.2.blocks.10.norm1.bias - torch.Size([512]): 
The value is the same before and after calling `init_weights` of ImageClassifier  

backbone.stages.2.blocks.10.attn.w_msa.relative_position_bias_table - torch.Size([169, 16]): 
Initialized by user-defined `init_weights` in WindowMSA  

backbone.stages.2.blocks.10.attn.w_msa.qkv.weight - torch.Size([1536, 512]): 
TruncNormalInit: a=-2, b=2, mean=0, std=0.02, bias=0.0 

backbone.stages.2.blocks.10.attn.w_msa.qkv.bias - torch.Size([1536]): 
TruncNormalInit: a=-2, b=2, mean=0, std=0.02, bias=0.0 

backbone.stages.2.blocks.10.attn.w_msa.proj.weight - torch.Size([512, 512]): 
TruncNormalInit: a=-2, b=2, mean=0, std=0.02, bias=0.0 

backbone.stages.2.blocks.10.attn.w_msa.proj.bias - torch.Size([512]): 
TruncNormalInit: a=-2, b=2, mean=0, std=0.02, bias=0.0 

backbone.stages.2.blocks.10.norm2.weight - torch.Size([512]): 
The value is the same before and after calling `init_weights` of ImageClassifier  

backbone.stages.2.blocks.10.norm2.bias - torch.Size([512]): 
The value is the same before and after calling `init_weights` of ImageClassifier  

backbone.stages.2.blocks.10.ffn.layers.0.0.weight - torch.Size([2048, 512]): 
TruncNormalInit: a=-2, b=2, mean=0, std=0.02, bias=0.0 

backbone.stages.2.blocks.10.ffn.layers.0.0.bias - torch.Size([2048]): 
TruncNormalInit: a=-2, b=2, mean=0, std=0.02, bias=0.0 

backbone.stages.2.blocks.10.ffn.layers.1.weight - torch.Size([512, 2048]): 
TruncNormalInit: a=-2, b=2, mean=0, std=0.02, bias=0.0 

backbone.stages.2.blocks.10.ffn.layers.1.bias - torch.Size([512]): 
TruncNormalInit: a=-2, b=2, mean=0, std=0.02, bias=0.0 

backbone.stages.2.blocks.11.norm1.weight - torch.Size([512]): 
The value is the same before and after calling `init_weights` of ImageClassifier  

backbone.stages.2.blocks.11.norm1.bias - torch.Size([512]): 
The value is the same before and after calling `init_weights` of ImageClassifier  

backbone.stages.2.blocks.11.attn.w_msa.relative_position_bias_table - torch.Size([169, 16]): 
Initialized by user-defined `init_weights` in WindowMSA  

backbone.stages.2.blocks.11.attn.w_msa.qkv.weight - torch.Size([1536, 512]): 
TruncNormalInit: a=-2, b=2, mean=0, std=0.02, bias=0.0 

backbone.stages.2.blocks.11.attn.w_msa.qkv.bias - torch.Size([1536]): 
TruncNormalInit: a=-2, b=2, mean=0, std=0.02, bias=0.0 

backbone.stages.2.blocks.11.attn.w_msa.proj.weight - torch.Size([512, 512]): 
TruncNormalInit: a=-2, b=2, mean=0, std=0.02, bias=0.0 

backbone.stages.2.blocks.11.attn.w_msa.proj.bias - torch.Size([512]): 
TruncNormalInit: a=-2, b=2, mean=0, std=0.02, bias=0.0 

backbone.stages.2.blocks.11.norm2.weight - torch.Size([512]): 
The value is the same before and after calling `init_weights` of ImageClassifier  

backbone.stages.2.blocks.11.norm2.bias - torch.Size([512]): 
The value is the same before and after calling `init_weights` of ImageClassifier  

backbone.stages.2.blocks.11.ffn.layers.0.0.weight - torch.Size([2048, 512]): 
TruncNormalInit: a=-2, b=2, mean=0, std=0.02, bias=0.0 

backbone.stages.2.blocks.11.ffn.layers.0.0.bias - torch.Size([2048]): 
TruncNormalInit: a=-2, b=2, mean=0, std=0.02, bias=0.0 

backbone.stages.2.blocks.11.ffn.layers.1.weight - torch.Size([512, 2048]): 
TruncNormalInit: a=-2, b=2, mean=0, std=0.02, bias=0.0 

backbone.stages.2.blocks.11.ffn.layers.1.bias - torch.Size([512]): 
TruncNormalInit: a=-2, b=2, mean=0, std=0.02, bias=0.0 

backbone.stages.2.blocks.12.norm1.weight - torch.Size([512]): 
The value is the same before and after calling `init_weights` of ImageClassifier  

backbone.stages.2.blocks.12.norm1.bias - torch.Size([512]): 
The value is the same before and after calling `init_weights` of ImageClassifier  

backbone.stages.2.blocks.12.attn.w_msa.relative_position_bias_table - torch.Size([169, 16]): 
Initialized by user-defined `init_weights` in WindowMSA  

backbone.stages.2.blocks.12.attn.w_msa.qkv.weight - torch.Size([1536, 512]): 
TruncNormalInit: a=-2, b=2, mean=0, std=0.02, bias=0.0 

backbone.stages.2.blocks.12.attn.w_msa.qkv.bias - torch.Size([1536]): 
TruncNormalInit: a=-2, b=2, mean=0, std=0.02, bias=0.0 

backbone.stages.2.blocks.12.attn.w_msa.proj.weight - torch.Size([512, 512]): 
TruncNormalInit: a=-2, b=2, mean=0, std=0.02, bias=0.0 

backbone.stages.2.blocks.12.attn.w_msa.proj.bias - torch.Size([512]): 
TruncNormalInit: a=-2, b=2, mean=0, std=0.02, bias=0.0 

backbone.stages.2.blocks.12.norm2.weight - torch.Size([512]): 
The value is the same before and after calling `init_weights` of ImageClassifier  

backbone.stages.2.blocks.12.norm2.bias - torch.Size([512]): 
The value is the same before and after calling `init_weights` of ImageClassifier  

backbone.stages.2.blocks.12.ffn.layers.0.0.weight - torch.Size([2048, 512]): 
TruncNormalInit: a=-2, b=2, mean=0, std=0.02, bias=0.0 

backbone.stages.2.blocks.12.ffn.layers.0.0.bias - torch.Size([2048]): 
TruncNormalInit: a=-2, b=2, mean=0, std=0.02, bias=0.0 

backbone.stages.2.blocks.12.ffn.layers.1.weight - torch.Size([512, 2048]): 
TruncNormalInit: a=-2, b=2, mean=0, std=0.02, bias=0.0 

backbone.stages.2.blocks.12.ffn.layers.1.bias - torch.Size([512]): 
TruncNormalInit: a=-2, b=2, mean=0, std=0.02, bias=0.0 

backbone.stages.2.blocks.13.norm1.weight - torch.Size([512]): 
The value is the same before and after calling `init_weights` of ImageClassifier  

backbone.stages.2.blocks.13.norm1.bias - torch.Size([512]): 
The value is the same before and after calling `init_weights` of ImageClassifier  

backbone.stages.2.blocks.13.attn.w_msa.relative_position_bias_table - torch.Size([169, 16]): 
Initialized by user-defined `init_weights` in WindowMSA  

backbone.stages.2.blocks.13.attn.w_msa.qkv.weight - torch.Size([1536, 512]): 
TruncNormalInit: a=-2, b=2, mean=0, std=0.02, bias=0.0 

backbone.stages.2.blocks.13.attn.w_msa.qkv.bias - torch.Size([1536]): 
TruncNormalInit: a=-2, b=2, mean=0, std=0.02, bias=0.0 

backbone.stages.2.blocks.13.attn.w_msa.proj.weight - torch.Size([512, 512]): 
TruncNormalInit: a=-2, b=2, mean=0, std=0.02, bias=0.0 

backbone.stages.2.blocks.13.attn.w_msa.proj.bias - torch.Size([512]): 
TruncNormalInit: a=-2, b=2, mean=0, std=0.02, bias=0.0 

backbone.stages.2.blocks.13.norm2.weight - torch.Size([512]): 
The value is the same before and after calling `init_weights` of ImageClassifier  

backbone.stages.2.blocks.13.norm2.bias - torch.Size([512]): 
The value is the same before and after calling `init_weights` of ImageClassifier  

backbone.stages.2.blocks.13.ffn.layers.0.0.weight - torch.Size([2048, 512]): 
TruncNormalInit: a=-2, b=2, mean=0, std=0.02, bias=0.0 

backbone.stages.2.blocks.13.ffn.layers.0.0.bias - torch.Size([2048]): 
TruncNormalInit: a=-2, b=2, mean=0, std=0.02, bias=0.0 

backbone.stages.2.blocks.13.ffn.layers.1.weight - torch.Size([512, 2048]): 
TruncNormalInit: a=-2, b=2, mean=0, std=0.02, bias=0.0 

backbone.stages.2.blocks.13.ffn.layers.1.bias - torch.Size([512]): 
TruncNormalInit: a=-2, b=2, mean=0, std=0.02, bias=0.0 

backbone.stages.2.blocks.14.norm1.weight - torch.Size([512]): 
The value is the same before and after calling `init_weights` of ImageClassifier  

backbone.stages.2.blocks.14.norm1.bias - torch.Size([512]): 
The value is the same before and after calling `init_weights` of ImageClassifier  

backbone.stages.2.blocks.14.attn.w_msa.relative_position_bias_table - torch.Size([169, 16]): 
Initialized by user-defined `init_weights` in WindowMSA  

backbone.stages.2.blocks.14.attn.w_msa.qkv.weight - torch.Size([1536, 512]): 
TruncNormalInit: a=-2, b=2, mean=0, std=0.02, bias=0.0 

backbone.stages.2.blocks.14.attn.w_msa.qkv.bias - torch.Size([1536]): 
TruncNormalInit: a=-2, b=2, mean=0, std=0.02, bias=0.0 

backbone.stages.2.blocks.14.attn.w_msa.proj.weight - torch.Size([512, 512]): 
TruncNormalInit: a=-2, b=2, mean=0, std=0.02, bias=0.0 

backbone.stages.2.blocks.14.attn.w_msa.proj.bias - torch.Size([512]): 
TruncNormalInit: a=-2, b=2, mean=0, std=0.02, bias=0.0 

backbone.stages.2.blocks.14.norm2.weight - torch.Size([512]): 
The value is the same before and after calling `init_weights` of ImageClassifier  

backbone.stages.2.blocks.14.norm2.bias - torch.Size([512]): 
The value is the same before and after calling `init_weights` of ImageClassifier  

backbone.stages.2.blocks.14.ffn.layers.0.0.weight - torch.Size([2048, 512]): 
TruncNormalInit: a=-2, b=2, mean=0, std=0.02, bias=0.0 

backbone.stages.2.blocks.14.ffn.layers.0.0.bias - torch.Size([2048]): 
TruncNormalInit: a=-2, b=2, mean=0, std=0.02, bias=0.0 

backbone.stages.2.blocks.14.ffn.layers.1.weight - torch.Size([512, 2048]): 
TruncNormalInit: a=-2, b=2, mean=0, std=0.02, bias=0.0 

backbone.stages.2.blocks.14.ffn.layers.1.bias - torch.Size([512]): 
TruncNormalInit: a=-2, b=2, mean=0, std=0.02, bias=0.0 

backbone.stages.2.blocks.15.norm1.weight - torch.Size([512]): 
The value is the same before and after calling `init_weights` of ImageClassifier  

backbone.stages.2.blocks.15.norm1.bias - torch.Size([512]): 
The value is the same before and after calling `init_weights` of ImageClassifier  

backbone.stages.2.blocks.15.attn.w_msa.relative_position_bias_table - torch.Size([169, 16]): 
Initialized by user-defined `init_weights` in WindowMSA  

backbone.stages.2.blocks.15.attn.w_msa.qkv.weight - torch.Size([1536, 512]): 
TruncNormalInit: a=-2, b=2, mean=0, std=0.02, bias=0.0 

backbone.stages.2.blocks.15.attn.w_msa.qkv.bias - torch.Size([1536]): 
TruncNormalInit: a=-2, b=2, mean=0, std=0.02, bias=0.0 

backbone.stages.2.blocks.15.attn.w_msa.proj.weight - torch.Size([512, 512]): 
TruncNormalInit: a=-2, b=2, mean=0, std=0.02, bias=0.0 

backbone.stages.2.blocks.15.attn.w_msa.proj.bias - torch.Size([512]): 
TruncNormalInit: a=-2, b=2, mean=0, std=0.02, bias=0.0 

backbone.stages.2.blocks.15.norm2.weight - torch.Size([512]): 
The value is the same before and after calling `init_weights` of ImageClassifier  

backbone.stages.2.blocks.15.norm2.bias - torch.Size([512]): 
The value is the same before and after calling `init_weights` of ImageClassifier  

backbone.stages.2.blocks.15.ffn.layers.0.0.weight - torch.Size([2048, 512]): 
TruncNormalInit: a=-2, b=2, mean=0, std=0.02, bias=0.0 

backbone.stages.2.blocks.15.ffn.layers.0.0.bias - torch.Size([2048]): 
TruncNormalInit: a=-2, b=2, mean=0, std=0.02, bias=0.0 

backbone.stages.2.blocks.15.ffn.layers.1.weight - torch.Size([512, 2048]): 
TruncNormalInit: a=-2, b=2, mean=0, std=0.02, bias=0.0 

backbone.stages.2.blocks.15.ffn.layers.1.bias - torch.Size([512]): 
TruncNormalInit: a=-2, b=2, mean=0, std=0.02, bias=0.0 

backbone.stages.2.blocks.16.norm1.weight - torch.Size([512]): 
The value is the same before and after calling `init_weights` of ImageClassifier  

backbone.stages.2.blocks.16.norm1.bias - torch.Size([512]): 
The value is the same before and after calling `init_weights` of ImageClassifier  

backbone.stages.2.blocks.16.attn.w_msa.relative_position_bias_table - torch.Size([169, 16]): 
Initialized by user-defined `init_weights` in WindowMSA  

backbone.stages.2.blocks.16.attn.w_msa.qkv.weight - torch.Size([1536, 512]): 
TruncNormalInit: a=-2, b=2, mean=0, std=0.02, bias=0.0 

backbone.stages.2.blocks.16.attn.w_msa.qkv.bias - torch.Size([1536]): 
TruncNormalInit: a=-2, b=2, mean=0, std=0.02, bias=0.0 

backbone.stages.2.blocks.16.attn.w_msa.proj.weight - torch.Size([512, 512]): 
TruncNormalInit: a=-2, b=2, mean=0, std=0.02, bias=0.0 

backbone.stages.2.blocks.16.attn.w_msa.proj.bias - torch.Size([512]): 
TruncNormalInit: a=-2, b=2, mean=0, std=0.02, bias=0.0 

backbone.stages.2.blocks.16.norm2.weight - torch.Size([512]): 
The value is the same before and after calling `init_weights` of ImageClassifier  

backbone.stages.2.blocks.16.norm2.bias - torch.Size([512]): 
The value is the same before and after calling `init_weights` of ImageClassifier  

backbone.stages.2.blocks.16.ffn.layers.0.0.weight - torch.Size([2048, 512]): 
TruncNormalInit: a=-2, b=2, mean=0, std=0.02, bias=0.0 

backbone.stages.2.blocks.16.ffn.layers.0.0.bias - torch.Size([2048]): 
TruncNormalInit: a=-2, b=2, mean=0, std=0.02, bias=0.0 

backbone.stages.2.blocks.16.ffn.layers.1.weight - torch.Size([512, 2048]): 
TruncNormalInit: a=-2, b=2, mean=0, std=0.02, bias=0.0 

backbone.stages.2.blocks.16.ffn.layers.1.bias - torch.Size([512]): 
TruncNormalInit: a=-2, b=2, mean=0, std=0.02, bias=0.0 

backbone.stages.2.blocks.17.norm1.weight - torch.Size([512]): 
The value is the same before and after calling `init_weights` of ImageClassifier  

backbone.stages.2.blocks.17.norm1.bias - torch.Size([512]): 
The value is the same before and after calling `init_weights` of ImageClassifier  

backbone.stages.2.blocks.17.attn.w_msa.relative_position_bias_table - torch.Size([169, 16]): 
Initialized by user-defined `init_weights` in WindowMSA  

backbone.stages.2.blocks.17.attn.w_msa.qkv.weight - torch.Size([1536, 512]): 
TruncNormalInit: a=-2, b=2, mean=0, std=0.02, bias=0.0 

backbone.stages.2.blocks.17.attn.w_msa.qkv.bias - torch.Size([1536]): 
TruncNormalInit: a=-2, b=2, mean=0, std=0.02, bias=0.0 

backbone.stages.2.blocks.17.attn.w_msa.proj.weight - torch.Size([512, 512]): 
TruncNormalInit: a=-2, b=2, mean=0, std=0.02, bias=0.0 

backbone.stages.2.blocks.17.attn.w_msa.proj.bias - torch.Size([512]): 
TruncNormalInit: a=-2, b=2, mean=0, std=0.02, bias=0.0 

backbone.stages.2.blocks.17.norm2.weight - torch.Size([512]): 
The value is the same before and after calling `init_weights` of ImageClassifier  

backbone.stages.2.blocks.17.norm2.bias - torch.Size([512]): 
The value is the same before and after calling `init_weights` of ImageClassifier  

backbone.stages.2.blocks.17.ffn.layers.0.0.weight - torch.Size([2048, 512]): 
TruncNormalInit: a=-2, b=2, mean=0, std=0.02, bias=0.0 

backbone.stages.2.blocks.17.ffn.layers.0.0.bias - torch.Size([2048]): 
TruncNormalInit: a=-2, b=2, mean=0, std=0.02, bias=0.0 

backbone.stages.2.blocks.17.ffn.layers.1.weight - torch.Size([512, 2048]): 
TruncNormalInit: a=-2, b=2, mean=0, std=0.02, bias=0.0 

backbone.stages.2.blocks.17.ffn.layers.1.bias - torch.Size([512]): 
TruncNormalInit: a=-2, b=2, mean=0, std=0.02, bias=0.0 

backbone.stages.2.downsample.norm.weight - torch.Size([2048]): 
The value is the same before and after calling `init_weights` of ImageClassifier  

backbone.stages.2.downsample.norm.bias - torch.Size([2048]): 
The value is the same before and after calling `init_weights` of ImageClassifier  

backbone.stages.2.downsample.reduction.weight - torch.Size([1024, 2048]): 
TruncNormalInit: a=-2, b=2, mean=0, std=0.02, bias=0.0 

backbone.stages.3.blocks.0.norm1.weight - torch.Size([1024]): 
The value is the same before and after calling `init_weights` of ImageClassifier  

backbone.stages.3.blocks.0.norm1.bias - torch.Size([1024]): 
The value is the same before and after calling `init_weights` of ImageClassifier  

backbone.stages.3.blocks.0.attn.w_msa.relative_position_bias_table - torch.Size([169, 32]): 
Initialized by user-defined `init_weights` in WindowMSA  

backbone.stages.3.blocks.0.attn.w_msa.qkv.weight - torch.Size([3072, 1024]): 
TruncNormalInit: a=-2, b=2, mean=0, std=0.02, bias=0.0 

backbone.stages.3.blocks.0.attn.w_msa.qkv.bias - torch.Size([3072]): 
TruncNormalInit: a=-2, b=2, mean=0, std=0.02, bias=0.0 

backbone.stages.3.blocks.0.attn.w_msa.proj.weight - torch.Size([1024, 1024]): 
TruncNormalInit: a=-2, b=2, mean=0, std=0.02, bias=0.0 

backbone.stages.3.blocks.0.attn.w_msa.proj.bias - torch.Size([1024]): 
TruncNormalInit: a=-2, b=2, mean=0, std=0.02, bias=0.0 

backbone.stages.3.blocks.0.norm2.weight - torch.Size([1024]): 
The value is the same before and after calling `init_weights` of ImageClassifier  

backbone.stages.3.blocks.0.norm2.bias - torch.Size([1024]): 
The value is the same before and after calling `init_weights` of ImageClassifier  

backbone.stages.3.blocks.0.ffn.layers.0.0.weight - torch.Size([4096, 1024]): 
TruncNormalInit: a=-2, b=2, mean=0, std=0.02, bias=0.0 

backbone.stages.3.blocks.0.ffn.layers.0.0.bias - torch.Size([4096]): 
TruncNormalInit: a=-2, b=2, mean=0, std=0.02, bias=0.0 

backbone.stages.3.blocks.0.ffn.layers.1.weight - torch.Size([1024, 4096]): 
TruncNormalInit: a=-2, b=2, mean=0, std=0.02, bias=0.0 

backbone.stages.3.blocks.0.ffn.layers.1.bias - torch.Size([1024]): 
TruncNormalInit: a=-2, b=2, mean=0, std=0.02, bias=0.0 

backbone.stages.3.blocks.1.norm1.weight - torch.Size([1024]): 
The value is the same before and after calling `init_weights` of ImageClassifier  

backbone.stages.3.blocks.1.norm1.bias - torch.Size([1024]): 
The value is the same before and after calling `init_weights` of ImageClassifier  

backbone.stages.3.blocks.1.attn.w_msa.relative_position_bias_table - torch.Size([169, 32]): 
Initialized by user-defined `init_weights` in WindowMSA  

backbone.stages.3.blocks.1.attn.w_msa.qkv.weight - torch.Size([3072, 1024]): 
TruncNormalInit: a=-2, b=2, mean=0, std=0.02, bias=0.0 

backbone.stages.3.blocks.1.attn.w_msa.qkv.bias - torch.Size([3072]): 
TruncNormalInit: a=-2, b=2, mean=0, std=0.02, bias=0.0 

backbone.stages.3.blocks.1.attn.w_msa.proj.weight - torch.Size([1024, 1024]): 
TruncNormalInit: a=-2, b=2, mean=0, std=0.02, bias=0.0 

backbone.stages.3.blocks.1.attn.w_msa.proj.bias - torch.Size([1024]): 
TruncNormalInit: a=-2, b=2, mean=0, std=0.02, bias=0.0 

backbone.stages.3.blocks.1.norm2.weight - torch.Size([1024]): 
The value is the same before and after calling `init_weights` of ImageClassifier  

backbone.stages.3.blocks.1.norm2.bias - torch.Size([1024]): 
The value is the same before and after calling `init_weights` of ImageClassifier  

backbone.stages.3.blocks.1.ffn.layers.0.0.weight - torch.Size([4096, 1024]): 
TruncNormalInit: a=-2, b=2, mean=0, std=0.02, bias=0.0 

backbone.stages.3.blocks.1.ffn.layers.0.0.bias - torch.Size([4096]): 
TruncNormalInit: a=-2, b=2, mean=0, std=0.02, bias=0.0 

backbone.stages.3.blocks.1.ffn.layers.1.weight - torch.Size([1024, 4096]): 
TruncNormalInit: a=-2, b=2, mean=0, std=0.02, bias=0.0 

backbone.stages.3.blocks.1.ffn.layers.1.bias - torch.Size([1024]): 
TruncNormalInit: a=-2, b=2, mean=0, std=0.02, bias=0.0 

backbone.norm3.weight - torch.Size([1024]): 
The value is the same before and after calling `init_weights` of ImageClassifier  

backbone.norm3.bias - torch.Size([1024]): 
The value is the same before and after calling `init_weights` of ImageClassifier  

head.fc.weight - torch.Size([17, 1024]): 
TruncNormalInit: a=-2, b=2, mean=0, std=0.02, bias=0.0 

head.fc.bias - torch.Size([17]): 
TruncNormalInit: a=-2, b=2, mean=0, std=0.02, bias=0.0 
2024-04-12 11:36:36,120 - mmcls - INFO - Start running, host: cshtimmy@gpu2-comp-102, work_dir: /userhome/cs2/cshtimmy/COMP3340Project/CNN_Image_Classification_Code/output/swin_transformer/bs16/lr0.001
2024-04-12 11:36:36,120 - mmcls - INFO - Hooks will be executed in the following order:
before_run:
(VERY_HIGH   ) StepLrUpdaterHook                  
(NORMAL      ) CheckpointHook                     
(NORMAL      ) EvalHook                           
(VERY_LOW    ) TextLoggerHook                     
 -------------------- 
before_train_epoch:
(VERY_HIGH   ) StepLrUpdaterHook                  
(NORMAL      ) EvalHook                           
(LOW         ) IterTimerHook                      
(VERY_LOW    ) TextLoggerHook                     
 -------------------- 
before_train_iter:
(VERY_HIGH   ) StepLrUpdaterHook                  
(NORMAL      ) EvalHook                           
(LOW         ) IterTimerHook                      
 -------------------- 
after_train_iter:
(ABOVE_NORMAL) OptimizerHook                      
(NORMAL      ) CheckpointHook                     
(NORMAL      ) EvalHook                           
(LOW         ) IterTimerHook                      
(VERY_LOW    ) TextLoggerHook                     
 -------------------- 
after_train_epoch:
(NORMAL      ) CheckpointHook                     
(NORMAL      ) EvalHook                           
(VERY_LOW    ) TextLoggerHook                     
 -------------------- 
before_val_epoch:
(LOW         ) IterTimerHook                      
(VERY_LOW    ) TextLoggerHook                     
 -------------------- 
before_val_iter:
(LOW         ) IterTimerHook                      
 -------------------- 
after_val_iter:
(LOW         ) IterTimerHook                      
 -------------------- 
after_val_epoch:
(VERY_LOW    ) TextLoggerHook                     
 -------------------- 
after_run:
(VERY_LOW    ) TextLoggerHook                     
 -------------------- 
2024-04-12 11:36:36,120 - mmcls - INFO - workflow: [('train', 1)], max: 200 epochs
2024-04-12 11:36:36,121 - mmcls - INFO - Checkpoints will be saved to /userhome/cs2/cshtimmy/COMP3340Project/CNN_Image_Classification_Code/output/swin_transformer/bs16/lr0.001 by HardDiskBackend.
2024-04-12 11:37:02,843 - mmcls - INFO - Epoch(val) [1][9]	accuracy_top-1: 22.0588, accuracy_top-5: 69.1176
2024-04-12 11:37:27,878 - mmcls - INFO - Epoch(val) [2][9]	accuracy_top-1: 26.4706, accuracy_top-5: 81.6176
2024-04-12 11:37:53,242 - mmcls - INFO - Epoch(val) [3][9]	accuracy_top-1: 31.6176, accuracy_top-5: 83.0882
2024-04-12 11:38:18,304 - mmcls - INFO - Epoch(val) [4][9]	accuracy_top-1: 33.8235, accuracy_top-5: 85.2941
2024-04-12 11:38:42,484 - mmcls - INFO - Epoch(val) [5][9]	accuracy_top-1: 36.0294, accuracy_top-5: 82.3529
2024-04-12 11:39:07,857 - mmcls - INFO - Epoch(val) [6][9]	accuracy_top-1: 36.7647, accuracy_top-5: 85.2941
2024-04-12 11:39:33,056 - mmcls - INFO - Epoch(val) [7][9]	accuracy_top-1: 38.2353, accuracy_top-5: 86.7647
2024-04-12 11:39:57,982 - mmcls - INFO - Epoch(val) [8][9]	accuracy_top-1: 44.1176, accuracy_top-5: 88.2353
2024-04-12 11:40:23,356 - mmcls - INFO - Epoch(val) [9][9]	accuracy_top-1: 39.7059, accuracy_top-5: 94.8529
2024-04-12 11:40:48,931 - mmcls - INFO - Epoch(val) [10][9]	accuracy_top-1: 38.2353, accuracy_top-5: 90.4412
2024-04-12 11:41:14,128 - mmcls - INFO - Epoch(val) [11][9]	accuracy_top-1: 42.6471, accuracy_top-5: 94.1176
2024-04-12 11:41:39,084 - mmcls - INFO - Epoch(val) [12][9]	accuracy_top-1: 47.7941, accuracy_top-5: 92.6471
2024-04-12 11:42:04,408 - mmcls - INFO - Epoch(val) [13][9]	accuracy_top-1: 50.7353, accuracy_top-5: 92.6471
2024-04-12 11:42:29,716 - mmcls - INFO - Epoch(val) [14][9]	accuracy_top-1: 53.6765, accuracy_top-5: 93.3824
2024-04-12 11:42:54,869 - mmcls - INFO - Epoch(val) [15][9]	accuracy_top-1: 47.7941, accuracy_top-5: 92.6471
2024-04-12 11:43:19,235 - mmcls - INFO - Epoch(val) [16][9]	accuracy_top-1: 45.5882, accuracy_top-5: 90.4412
2024-04-12 11:43:44,402 - mmcls - INFO - Epoch(val) [17][9]	accuracy_top-1: 48.5294, accuracy_top-5: 93.3824
2024-04-12 11:44:09,936 - mmcls - INFO - Epoch(val) [18][9]	accuracy_top-1: 45.5882, accuracy_top-5: 92.6471
2024-04-12 11:44:35,238 - mmcls - INFO - Epoch(val) [19][9]	accuracy_top-1: 52.2059, accuracy_top-5: 94.8529
2024-04-12 11:45:00,676 - mmcls - INFO - Epoch(val) [20][9]	accuracy_top-1: 50.0000, accuracy_top-5: 94.1176
2024-04-12 11:45:25,821 - mmcls - INFO - Epoch(val) [21][9]	accuracy_top-1: 47.0588, accuracy_top-5: 93.3824
2024-04-12 11:45:51,120 - mmcls - INFO - Epoch(val) [22][9]	accuracy_top-1: 51.4706, accuracy_top-5: 93.3824
2024-04-12 11:46:16,769 - mmcls - INFO - Epoch(val) [23][9]	accuracy_top-1: 54.4118, accuracy_top-5: 90.4412
2024-04-12 11:46:41,898 - mmcls - INFO - Epoch(val) [24][9]	accuracy_top-1: 55.1471, accuracy_top-5: 92.6471
2024-04-12 11:47:07,278 - mmcls - INFO - Epoch(val) [25][9]	accuracy_top-1: 60.2941, accuracy_top-5: 94.1176
2024-04-12 11:47:32,581 - mmcls - INFO - Epoch(val) [26][9]	accuracy_top-1: 56.6176, accuracy_top-5: 92.6471
2024-04-12 11:47:57,953 - mmcls - INFO - Epoch(val) [27][9]	accuracy_top-1: 53.6765, accuracy_top-5: 92.6471
2024-04-12 11:48:23,478 - mmcls - INFO - Epoch(val) [28][9]	accuracy_top-1: 51.4706, accuracy_top-5: 93.3824
2024-04-12 11:48:48,952 - mmcls - INFO - Epoch(val) [29][9]	accuracy_top-1: 55.1471, accuracy_top-5: 94.1176
2024-04-12 11:49:14,177 - mmcls - INFO - Epoch(val) [30][9]	accuracy_top-1: 52.9412, accuracy_top-5: 94.8529
2024-04-12 11:49:39,725 - mmcls - INFO - Epoch(val) [31][9]	accuracy_top-1: 57.3529, accuracy_top-5: 91.9118
2024-04-12 11:50:05,273 - mmcls - INFO - Epoch(val) [32][9]	accuracy_top-1: 54.4118, accuracy_top-5: 94.1176
2024-04-12 11:50:30,651 - mmcls - INFO - Epoch(val) [33][9]	accuracy_top-1: 56.6176, accuracy_top-5: 94.1176
2024-04-12 11:50:55,068 - mmcls - INFO - Epoch(val) [34][9]	accuracy_top-1: 55.8824, accuracy_top-5: 92.6471
2024-04-12 11:51:20,197 - mmcls - INFO - Epoch(val) [35][9]	accuracy_top-1: 56.6176, accuracy_top-5: 93.3824
2024-04-12 11:51:44,475 - mmcls - INFO - Epoch(val) [36][9]	accuracy_top-1: 55.8824, accuracy_top-5: 94.1176
2024-04-12 11:52:09,523 - mmcls - INFO - Epoch(val) [37][9]	accuracy_top-1: 54.4118, accuracy_top-5: 93.3824
2024-04-12 11:52:34,549 - mmcls - INFO - Epoch(val) [38][9]	accuracy_top-1: 50.0000, accuracy_top-5: 94.1176
2024-04-12 11:52:59,320 - mmcls - INFO - Epoch(val) [39][9]	accuracy_top-1: 55.1471, accuracy_top-5: 94.1176
2024-04-12 11:53:24,495 - mmcls - INFO - Epoch(val) [40][9]	accuracy_top-1: 57.3529, accuracy_top-5: 95.5882
2024-04-12 11:53:49,470 - mmcls - INFO - Epoch(val) [41][9]	accuracy_top-1: 58.0882, accuracy_top-5: 93.3824
2024-04-12 11:54:14,713 - mmcls - INFO - Epoch(val) [42][9]	accuracy_top-1: 60.2941, accuracy_top-5: 94.1176
2024-04-12 11:54:40,185 - mmcls - INFO - Epoch(val) [43][9]	accuracy_top-1: 58.8235, accuracy_top-5: 97.0588
2024-04-12 11:55:05,791 - mmcls - INFO - Epoch(val) [44][9]	accuracy_top-1: 56.6176, accuracy_top-5: 93.3824
2024-04-12 11:55:30,543 - mmcls - INFO - Epoch(val) [45][9]	accuracy_top-1: 59.5588, accuracy_top-5: 94.8529
2024-04-12 11:55:55,172 - mmcls - INFO - Epoch(val) [46][9]	accuracy_top-1: 53.6765, accuracy_top-5: 93.3824
2024-04-12 11:56:20,256 - mmcls - INFO - Epoch(val) [47][9]	accuracy_top-1: 62.5000, accuracy_top-5: 93.3824
2024-04-12 11:56:45,915 - mmcls - INFO - Epoch(val) [48][9]	accuracy_top-1: 59.5588, accuracy_top-5: 93.3824
2024-04-12 11:57:11,464 - mmcls - INFO - Epoch(val) [49][9]	accuracy_top-1: 63.9706, accuracy_top-5: 92.6471
2024-04-12 11:57:36,964 - mmcls - INFO - Epoch(val) [50][9]	accuracy_top-1: 59.5588, accuracy_top-5: 95.5882
2024-04-12 11:58:02,561 - mmcls - INFO - Epoch(val) [51][9]	accuracy_top-1: 58.0882, accuracy_top-5: 92.6471
2024-04-12 11:58:26,668 - mmcls - INFO - Epoch(val) [52][9]	accuracy_top-1: 61.7647, accuracy_top-5: 92.6471
2024-04-12 11:58:52,082 - mmcls - INFO - Epoch(val) [53][9]	accuracy_top-1: 62.5000, accuracy_top-5: 94.8529
2024-04-12 11:59:17,647 - mmcls - INFO - Epoch(val) [54][9]	accuracy_top-1: 58.8235, accuracy_top-5: 93.3824
2024-04-12 11:59:42,774 - mmcls - INFO - Epoch(val) [55][9]	accuracy_top-1: 58.0882, accuracy_top-5: 93.3824
2024-04-12 12:00:07,961 - mmcls - INFO - Epoch(val) [56][9]	accuracy_top-1: 58.8235, accuracy_top-5: 92.6471
2024-04-12 12:00:33,381 - mmcls - INFO - Epoch(val) [57][9]	accuracy_top-1: 64.7059, accuracy_top-5: 94.8529
2024-04-12 12:00:58,459 - mmcls - INFO - Epoch(val) [58][9]	accuracy_top-1: 63.9706, accuracy_top-5: 93.3824
2024-04-12 12:01:23,355 - mmcls - INFO - Epoch(val) [59][9]	accuracy_top-1: 66.9118, accuracy_top-5: 94.1176
2024-04-12 12:01:48,329 - mmcls - INFO - Epoch(val) [60][9]	accuracy_top-1: 66.1765, accuracy_top-5: 93.3824
2024-04-12 12:02:13,834 - mmcls - INFO - Epoch(val) [61][9]	accuracy_top-1: 65.4412, accuracy_top-5: 94.8529
2024-04-12 12:02:38,659 - mmcls - INFO - Epoch(val) [62][9]	accuracy_top-1: 63.2353, accuracy_top-5: 95.5882
2024-04-12 12:03:04,212 - mmcls - INFO - Epoch(val) [63][9]	accuracy_top-1: 61.0294, accuracy_top-5: 97.0588
2024-04-12 12:03:28,485 - mmcls - INFO - Epoch(val) [64][9]	accuracy_top-1: 63.2353, accuracy_top-5: 94.1176
2024-04-12 12:03:53,266 - mmcls - INFO - Epoch(val) [65][9]	accuracy_top-1: 61.0294, accuracy_top-5: 94.8529
2024-04-12 12:04:18,345 - mmcls - INFO - Epoch(val) [66][9]	accuracy_top-1: 63.9706, accuracy_top-5: 93.3824
2024-04-12 12:04:43,212 - mmcls - INFO - Epoch(val) [67][9]	accuracy_top-1: 67.6471, accuracy_top-5: 95.5882
2024-04-12 12:05:07,939 - mmcls - INFO - Epoch(val) [68][9]	accuracy_top-1: 67.6471, accuracy_top-5: 94.1176
2024-04-12 12:05:33,284 - mmcls - INFO - Epoch(val) [69][9]	accuracy_top-1: 63.2353, accuracy_top-5: 92.6471
2024-04-12 12:05:58,346 - mmcls - INFO - Epoch(val) [70][9]	accuracy_top-1: 63.2353, accuracy_top-5: 93.3824
2024-04-12 12:06:23,626 - mmcls - INFO - Epoch(val) [71][9]	accuracy_top-1: 61.0294, accuracy_top-5: 94.1176
2024-04-12 12:06:48,594 - mmcls - INFO - Epoch(val) [72][9]	accuracy_top-1: 63.9706, accuracy_top-5: 94.8529
2024-04-12 12:07:13,948 - mmcls - INFO - Epoch(val) [73][9]	accuracy_top-1: 63.9706, accuracy_top-5: 95.5882
2024-04-12 12:07:38,005 - mmcls - INFO - Epoch(val) [74][9]	accuracy_top-1: 67.6471, accuracy_top-5: 94.8529
2024-04-12 12:08:03,235 - mmcls - INFO - Epoch(val) [75][9]	accuracy_top-1: 67.6471, accuracy_top-5: 94.8529
2024-04-12 12:08:28,562 - mmcls - INFO - Epoch(val) [76][9]	accuracy_top-1: 69.1176, accuracy_top-5: 91.9118
2024-04-12 12:08:53,761 - mmcls - INFO - Epoch(val) [77][9]	accuracy_top-1: 64.7059, accuracy_top-5: 95.5882
2024-04-12 12:09:18,827 - mmcls - INFO - Epoch(val) [78][9]	accuracy_top-1: 68.3824, accuracy_top-5: 95.5882
2024-04-12 12:09:44,025 - mmcls - INFO - Epoch(val) [79][9]	accuracy_top-1: 67.6471, accuracy_top-5: 94.8529
2024-04-12 12:10:09,416 - mmcls - INFO - Epoch(val) [80][9]	accuracy_top-1: 66.9118, accuracy_top-5: 95.5882
2024-04-12 12:10:34,552 - mmcls - INFO - Epoch(val) [81][9]	accuracy_top-1: 69.8529, accuracy_top-5: 94.8529
2024-04-12 12:10:59,795 - mmcls - INFO - Epoch(val) [82][9]	accuracy_top-1: 63.9706, accuracy_top-5: 95.5882
2024-04-12 12:11:25,000 - mmcls - INFO - Epoch(val) [83][9]	accuracy_top-1: 63.9706, accuracy_top-5: 92.6471
2024-04-12 12:11:50,118 - mmcls - INFO - Epoch(val) [84][9]	accuracy_top-1: 68.3824, accuracy_top-5: 96.3235
2024-04-12 12:12:15,460 - mmcls - INFO - Epoch(val) [85][9]	accuracy_top-1: 66.1765, accuracy_top-5: 94.8529
2024-04-12 12:12:40,968 - mmcls - INFO - Epoch(val) [86][9]	accuracy_top-1: 66.9118, accuracy_top-5: 94.8529
2024-04-12 12:13:06,152 - mmcls - INFO - Epoch(val) [87][9]	accuracy_top-1: 68.3824, accuracy_top-5: 94.1176
2024-04-12 12:13:31,570 - mmcls - INFO - Epoch(val) [88][9]	accuracy_top-1: 66.1765, accuracy_top-5: 94.1176
2024-04-12 12:13:57,012 - mmcls - INFO - Epoch(val) [89][9]	accuracy_top-1: 65.4412, accuracy_top-5: 97.0588
2024-04-12 12:14:21,986 - mmcls - INFO - Epoch(val) [90][9]	accuracy_top-1: 71.3235, accuracy_top-5: 95.5882
2024-04-12 12:14:47,448 - mmcls - INFO - Epoch(val) [91][9]	accuracy_top-1: 64.7059, accuracy_top-5: 97.7941
2024-04-12 12:15:12,933 - mmcls - INFO - Epoch(val) [92][9]	accuracy_top-1: 66.1765, accuracy_top-5: 94.8529
2024-04-12 12:15:37,938 - mmcls - INFO - Epoch(val) [93][9]	accuracy_top-1: 68.3824, accuracy_top-5: 96.3235
2024-04-12 12:16:03,105 - mmcls - INFO - Epoch(val) [94][9]	accuracy_top-1: 66.1765, accuracy_top-5: 95.5882
2024-04-12 12:16:28,499 - mmcls - INFO - Epoch(val) [95][9]	accuracy_top-1: 67.6471, accuracy_top-5: 94.8529
2024-04-12 12:16:53,790 - mmcls - INFO - Epoch(val) [96][9]	accuracy_top-1: 72.0588, accuracy_top-5: 94.8529
2024-04-12 12:17:19,010 - mmcls - INFO - Epoch(val) [97][9]	accuracy_top-1: 67.6471, accuracy_top-5: 96.3235
2024-04-12 12:17:44,076 - mmcls - INFO - Epoch(val) [98][9]	accuracy_top-1: 71.3235, accuracy_top-5: 93.3824
2024-04-12 12:18:08,916 - mmcls - INFO - Epoch(val) [99][9]	accuracy_top-1: 69.1176, accuracy_top-5: 95.5882
2024-04-12 12:18:31,481 - mmcls - INFO - Saving checkpoint at 100 epochs
2024-04-12 12:18:36,122 - mmcls - INFO - Epoch(val) [100][9]	accuracy_top-1: 69.1176, accuracy_top-5: 94.8529
2024-04-12 12:19:00,867 - mmcls - INFO - Epoch(val) [101][9]	accuracy_top-1: 72.7941, accuracy_top-5: 94.8529
2024-04-12 12:19:25,831 - mmcls - INFO - Epoch(val) [102][9]	accuracy_top-1: 72.7941, accuracy_top-5: 96.3235
2024-04-12 12:19:50,812 - mmcls - INFO - Epoch(val) [103][9]	accuracy_top-1: 72.0588, accuracy_top-5: 96.3235
2024-04-12 12:20:15,335 - mmcls - INFO - Epoch(val) [104][9]	accuracy_top-1: 73.5294, accuracy_top-5: 96.3235
2024-04-12 12:20:40,271 - mmcls - INFO - Epoch(val) [105][9]	accuracy_top-1: 73.5294, accuracy_top-5: 97.0588
2024-04-12 12:21:04,714 - mmcls - INFO - Epoch(val) [106][9]	accuracy_top-1: 71.3235, accuracy_top-5: 94.8529
2024-04-12 12:21:29,971 - mmcls - INFO - Epoch(val) [107][9]	accuracy_top-1: 73.5294, accuracy_top-5: 95.5882
2024-04-12 12:21:55,510 - mmcls - INFO - Epoch(val) [108][9]	accuracy_top-1: 72.0588, accuracy_top-5: 95.5882
2024-04-12 12:22:20,937 - mmcls - INFO - Epoch(val) [109][9]	accuracy_top-1: 72.0588, accuracy_top-5: 95.5882
2024-04-12 12:22:46,563 - mmcls - INFO - Epoch(val) [110][9]	accuracy_top-1: 70.5882, accuracy_top-5: 95.5882
2024-04-12 12:23:11,862 - mmcls - INFO - Epoch(val) [111][9]	accuracy_top-1: 70.5882, accuracy_top-5: 95.5882
2024-04-12 12:23:37,207 - mmcls - INFO - Epoch(val) [112][9]	accuracy_top-1: 72.7941, accuracy_top-5: 94.8529
2024-04-12 12:24:02,628 - mmcls - INFO - Epoch(val) [113][9]	accuracy_top-1: 72.7941, accuracy_top-5: 94.8529
2024-04-12 12:24:28,013 - mmcls - INFO - Epoch(val) [114][9]	accuracy_top-1: 74.2647, accuracy_top-5: 94.8529
2024-04-12 12:24:52,457 - mmcls - INFO - Epoch(val) [115][9]	accuracy_top-1: 72.7941, accuracy_top-5: 94.8529
2024-04-12 12:25:17,179 - mmcls - INFO - Epoch(val) [116][9]	accuracy_top-1: 73.5294, accuracy_top-5: 94.8529
2024-04-12 12:25:42,497 - mmcls - INFO - Epoch(val) [117][9]	accuracy_top-1: 72.0588, accuracy_top-5: 96.3235
2024-04-12 12:26:07,042 - mmcls - INFO - Epoch(val) [118][9]	accuracy_top-1: 74.2647, accuracy_top-5: 95.5882
2024-04-12 12:26:31,721 - mmcls - INFO - Epoch(val) [119][9]	accuracy_top-1: 72.7941, accuracy_top-5: 96.3235
2024-04-12 12:26:57,006 - mmcls - INFO - Epoch(val) [120][9]	accuracy_top-1: 73.5294, accuracy_top-5: 96.3235
2024-04-12 12:27:22,354 - mmcls - INFO - Epoch(val) [121][9]	accuracy_top-1: 72.7941, accuracy_top-5: 95.5882
2024-04-12 12:27:47,528 - mmcls - INFO - Epoch(val) [122][9]	accuracy_top-1: 72.0588, accuracy_top-5: 95.5882
2024-04-12 12:28:10,940 - mmcls - INFO - Epoch(val) [123][9]	accuracy_top-1: 73.5294, accuracy_top-5: 94.8529
2024-04-12 12:28:36,197 - mmcls - INFO - Epoch(val) [124][9]	accuracy_top-1: 73.5294, accuracy_top-5: 96.3235
2024-04-12 12:29:01,365 - mmcls - INFO - Epoch(val) [125][9]	accuracy_top-1: 73.5294, accuracy_top-5: 95.5882
2024-04-12 12:29:26,678 - mmcls - INFO - Epoch(val) [126][9]	accuracy_top-1: 73.5294, accuracy_top-5: 95.5882
2024-04-12 12:29:51,922 - mmcls - INFO - Epoch(val) [127][9]	accuracy_top-1: 72.0588, accuracy_top-5: 95.5882
2024-04-12 12:30:17,019 - mmcls - INFO - Epoch(val) [128][9]	accuracy_top-1: 75.7353, accuracy_top-5: 95.5882
2024-04-12 12:30:42,424 - mmcls - INFO - Epoch(val) [129][9]	accuracy_top-1: 73.5294, accuracy_top-5: 94.8529
2024-04-12 12:31:06,767 - mmcls - INFO - Epoch(val) [130][9]	accuracy_top-1: 74.2647, accuracy_top-5: 95.5882
2024-04-12 12:31:30,206 - mmcls - INFO - Epoch(val) [131][9]	accuracy_top-1: 72.7941, accuracy_top-5: 95.5882
2024-04-12 12:31:55,475 - mmcls - INFO - Epoch(val) [132][9]	accuracy_top-1: 73.5294, accuracy_top-5: 96.3235
2024-04-12 12:32:20,966 - mmcls - INFO - Epoch(val) [133][9]	accuracy_top-1: 73.5294, accuracy_top-5: 96.3235
2024-04-12 12:32:46,253 - mmcls - INFO - Epoch(val) [134][9]	accuracy_top-1: 73.5294, accuracy_top-5: 95.5882
2024-04-12 12:33:11,804 - mmcls - INFO - Epoch(val) [135][9]	accuracy_top-1: 75.7353, accuracy_top-5: 95.5882
2024-04-12 12:33:37,535 - mmcls - INFO - Epoch(val) [136][9]	accuracy_top-1: 75.7353, accuracy_top-5: 95.5882
2024-04-12 12:34:02,355 - mmcls - INFO - Epoch(val) [137][9]	accuracy_top-1: 73.5294, accuracy_top-5: 96.3235
2024-04-12 12:34:27,312 - mmcls - INFO - Epoch(val) [138][9]	accuracy_top-1: 72.7941, accuracy_top-5: 95.5882
2024-04-12 12:34:52,460 - mmcls - INFO - Epoch(val) [139][9]	accuracy_top-1: 74.2647, accuracy_top-5: 95.5882
2024-04-12 12:35:17,731 - mmcls - INFO - Epoch(val) [140][9]	accuracy_top-1: 75.0000, accuracy_top-5: 95.5882
2024-04-12 12:35:43,043 - mmcls - INFO - Epoch(val) [141][9]	accuracy_top-1: 74.2647, accuracy_top-5: 95.5882
2024-04-12 12:36:08,489 - mmcls - INFO - Epoch(val) [142][9]	accuracy_top-1: 73.5294, accuracy_top-5: 95.5882
2024-04-12 12:36:32,570 - mmcls - INFO - Epoch(val) [143][9]	accuracy_top-1: 75.0000, accuracy_top-5: 95.5882
2024-04-12 12:36:57,545 - mmcls - INFO - Epoch(val) [144][9]	accuracy_top-1: 74.2647, accuracy_top-5: 95.5882
2024-04-12 12:37:22,689 - mmcls - INFO - Epoch(val) [145][9]	accuracy_top-1: 73.5294, accuracy_top-5: 94.8529
2024-04-12 12:37:47,774 - mmcls - INFO - Epoch(val) [146][9]	accuracy_top-1: 73.5294, accuracy_top-5: 96.3235
2024-04-12 12:38:12,864 - mmcls - INFO - Epoch(val) [147][9]	accuracy_top-1: 74.2647, accuracy_top-5: 96.3235
2024-04-12 12:38:38,030 - mmcls - INFO - Epoch(val) [148][9]	accuracy_top-1: 72.0588, accuracy_top-5: 96.3235
2024-04-12 12:39:03,240 - mmcls - INFO - Epoch(val) [149][9]	accuracy_top-1: 74.2647, accuracy_top-5: 96.3235
2024-04-12 12:39:28,456 - mmcls - INFO - Epoch(val) [150][9]	accuracy_top-1: 75.7353, accuracy_top-5: 96.3235
2024-04-12 12:39:53,678 - mmcls - INFO - Epoch(val) [151][9]	accuracy_top-1: 75.7353, accuracy_top-5: 96.3235
2024-04-12 12:40:16,882 - mmcls - INFO - Epoch(val) [152][9]	accuracy_top-1: 75.7353, accuracy_top-5: 96.3235
2024-04-12 12:40:42,159 - mmcls - INFO - Epoch(val) [153][9]	accuracy_top-1: 75.7353, accuracy_top-5: 96.3235
2024-04-12 12:41:07,374 - mmcls - INFO - Epoch(val) [154][9]	accuracy_top-1: 75.0000, accuracy_top-5: 96.3235
2024-04-12 12:41:32,794 - mmcls - INFO - Epoch(val) [155][9]	accuracy_top-1: 74.2647, accuracy_top-5: 96.3235
2024-04-12 12:41:58,110 - mmcls - INFO - Epoch(val) [156][9]	accuracy_top-1: 74.2647, accuracy_top-5: 96.3235
2024-04-12 12:42:23,107 - mmcls - INFO - Epoch(val) [157][9]	accuracy_top-1: 74.2647, accuracy_top-5: 96.3235
2024-04-12 12:42:45,940 - mmcls - INFO - Epoch(val) [158][9]	accuracy_top-1: 74.2647, accuracy_top-5: 96.3235
2024-04-12 12:43:11,000 - mmcls - INFO - Epoch(val) [159][9]	accuracy_top-1: 74.2647, accuracy_top-5: 96.3235
2024-04-12 12:43:34,741 - mmcls - INFO - Epoch(val) [160][9]	accuracy_top-1: 74.2647, accuracy_top-5: 96.3235
2024-04-12 12:43:59,111 - mmcls - INFO - Epoch(val) [161][9]	accuracy_top-1: 74.2647, accuracy_top-5: 96.3235
2024-04-12 12:44:23,908 - mmcls - INFO - Epoch(val) [162][9]	accuracy_top-1: 74.2647, accuracy_top-5: 96.3235
2024-04-12 12:44:48,895 - mmcls - INFO - Epoch(val) [163][9]	accuracy_top-1: 74.2647, accuracy_top-5: 96.3235
2024-04-12 12:45:14,128 - mmcls - INFO - Epoch(val) [164][9]	accuracy_top-1: 74.2647, accuracy_top-5: 96.3235
2024-04-12 12:45:39,048 - mmcls - INFO - Epoch(val) [165][9]	accuracy_top-1: 74.2647, accuracy_top-5: 96.3235
2024-04-12 12:46:03,848 - mmcls - INFO - Epoch(val) [166][9]	accuracy_top-1: 74.2647, accuracy_top-5: 96.3235
2024-04-12 12:46:29,133 - mmcls - INFO - Epoch(val) [167][9]	accuracy_top-1: 74.2647, accuracy_top-5: 96.3235
2024-04-12 12:46:54,012 - mmcls - INFO - Epoch(val) [168][9]	accuracy_top-1: 74.2647, accuracy_top-5: 96.3235
2024-04-12 12:47:18,962 - mmcls - INFO - Epoch(val) [169][9]	accuracy_top-1: 74.2647, accuracy_top-5: 95.5882
2024-04-12 12:47:43,989 - mmcls - INFO - Epoch(val) [170][9]	accuracy_top-1: 74.2647, accuracy_top-5: 96.3235
2024-04-12 12:48:08,714 - mmcls - INFO - Epoch(val) [171][9]	accuracy_top-1: 74.2647, accuracy_top-5: 96.3235
2024-04-12 12:48:33,771 - mmcls - INFO - Epoch(val) [172][9]	accuracy_top-1: 74.2647, accuracy_top-5: 96.3235
2024-04-12 12:48:58,917 - mmcls - INFO - Epoch(val) [173][9]	accuracy_top-1: 74.2647, accuracy_top-5: 96.3235
2024-04-12 12:49:23,850 - mmcls - INFO - Epoch(val) [174][9]	accuracy_top-1: 74.2647, accuracy_top-5: 96.3235
2024-04-12 12:49:49,074 - mmcls - INFO - Epoch(val) [175][9]	accuracy_top-1: 74.2647, accuracy_top-5: 96.3235
2024-04-12 12:50:14,241 - mmcls - INFO - Epoch(val) [176][9]	accuracy_top-1: 74.2647, accuracy_top-5: 96.3235
2024-04-12 12:50:39,752 - mmcls - INFO - Epoch(val) [177][9]	accuracy_top-1: 75.0000, accuracy_top-5: 96.3235
2024-04-12 12:51:04,764 - mmcls - INFO - Epoch(val) [178][9]	accuracy_top-1: 74.2647, accuracy_top-5: 96.3235
2024-04-12 12:51:29,828 - mmcls - INFO - Epoch(val) [179][9]	accuracy_top-1: 75.0000, accuracy_top-5: 96.3235
2024-04-12 12:51:54,820 - mmcls - INFO - Epoch(val) [180][9]	accuracy_top-1: 75.0000, accuracy_top-5: 96.3235
2024-04-12 12:52:19,970 - mmcls - INFO - Epoch(val) [181][9]	accuracy_top-1: 75.0000, accuracy_top-5: 96.3235
2024-04-12 12:52:44,428 - mmcls - INFO - Epoch(val) [182][9]	accuracy_top-1: 74.2647, accuracy_top-5: 96.3235
2024-04-12 12:53:09,461 - mmcls - INFO - Epoch(val) [183][9]	accuracy_top-1: 75.0000, accuracy_top-5: 96.3235
2024-04-12 12:53:34,855 - mmcls - INFO - Epoch(val) [184][9]	accuracy_top-1: 75.0000, accuracy_top-5: 96.3235
2024-04-12 12:54:00,099 - mmcls - INFO - Epoch(val) [185][9]	accuracy_top-1: 75.0000, accuracy_top-5: 96.3235
2024-04-12 12:54:25,199 - mmcls - INFO - Epoch(val) [186][9]	accuracy_top-1: 75.0000, accuracy_top-5: 96.3235
2024-04-12 12:54:50,364 - mmcls - INFO - Epoch(val) [187][9]	accuracy_top-1: 74.2647, accuracy_top-5: 96.3235
2024-04-12 12:55:15,273 - mmcls - INFO - Epoch(val) [188][9]	accuracy_top-1: 74.2647, accuracy_top-5: 96.3235
2024-04-12 12:55:40,600 - mmcls - INFO - Epoch(val) [189][9]	accuracy_top-1: 75.0000, accuracy_top-5: 96.3235
2024-04-12 12:56:05,341 - mmcls - INFO - Epoch(val) [190][9]	accuracy_top-1: 75.0000, accuracy_top-5: 96.3235
2024-04-12 12:56:30,440 - mmcls - INFO - Epoch(val) [191][9]	accuracy_top-1: 74.2647, accuracy_top-5: 96.3235
2024-04-12 12:56:55,394 - mmcls - INFO - Epoch(val) [192][9]	accuracy_top-1: 75.0000, accuracy_top-5: 96.3235
2024-04-12 12:57:20,287 - mmcls - INFO - Epoch(val) [193][9]	accuracy_top-1: 75.7353, accuracy_top-5: 96.3235
2024-04-12 12:57:44,923 - mmcls - INFO - Epoch(val) [194][9]	accuracy_top-1: 75.0000, accuracy_top-5: 96.3235
2024-04-12 12:58:09,853 - mmcls - INFO - Epoch(val) [195][9]	accuracy_top-1: 75.0000, accuracy_top-5: 96.3235
2024-04-12 12:58:34,537 - mmcls - INFO - Epoch(val) [196][9]	accuracy_top-1: 75.7353, accuracy_top-5: 96.3235
2024-04-12 12:58:59,556 - mmcls - INFO - Epoch(val) [197][9]	accuracy_top-1: 74.2647, accuracy_top-5: 96.3235
2024-04-12 12:59:24,669 - mmcls - INFO - Epoch(val) [198][9]	accuracy_top-1: 75.7353, accuracy_top-5: 96.3235
2024-04-12 12:59:49,992 - mmcls - INFO - Epoch(val) [199][9]	accuracy_top-1: 75.0000, accuracy_top-5: 96.3235
2024-04-12 13:00:13,476 - mmcls - INFO - Saving checkpoint at 200 epochs
2024-04-12 13:00:18,349 - mmcls - INFO - Epoch(val) [200][9]	accuracy_top-1: 75.7353, accuracy_top-5: 96.3235
