2024-03-03 18:29:57,999 - mmcls - INFO - Environment info:
------------------------------------------------------------
sys.platform: linux
Python: 3.7.16 (default, Jan 17 2023, 22:20:44) [GCC 11.2.0]
CUDA available: True
GPU 0: NVIDIA GeForce RTX 2080 Ti
CUDA_HOME: /usr/local/cuda
NVCC: Cuda compilation tools, release 11.8, V11.8.89
GCC: gcc (Ubuntu 11.4.0-1ubuntu1~22.04) 11.4.0
PyTorch: 1.7.1
PyTorch compiling details: PyTorch built with:
  - GCC 7.3
  - C++ Version: 201402
  - Intel(R) oneAPI Math Kernel Library Version 2021.4-Product Build 20210904 for Intel(R) 64 architecture applications
  - Intel(R) MKL-DNN v1.6.0 (Git Hash 5ef631a030a6f73131c77892041042805a06064f)
  - OpenMP 201511 (a.k.a. OpenMP 4.5)
  - NNPACK is enabled
  - CPU capability usage: AVX2
  - CUDA Runtime 10.1
  - NVCC architecture flags: -gencode;arch=compute_37,code=sm_37;-gencode;arch=compute_50,code=sm_50;-gencode;arch=compute_60,code=sm_60;-gencode;arch=compute_61,code=sm_61;-gencode;arch=compute_70,code=sm_70;-gencode;arch=compute_75,code=sm_75;-gencode;arch=compute_37,code=compute_37
  - CuDNN 7.6.3
  - Magma 2.5.2
  - Build settings: BLAS=MKL, BUILD_TYPE=Release, CXX_FLAGS= -Wno-deprecated -fvisibility-inlines-hidden -DUSE_PTHREADPOOL -fopenmp -DNDEBUG -DUSE_FBGEMM -DUSE_QNNPACK -DUSE_PYTORCH_QNNPACK -DUSE_XNNPACK -DUSE_VULKAN_WRAPPER -O2 -fPIC -Wno-narrowing -Wall -Wextra -Werror=return-type -Wno-missing-field-initializers -Wno-type-limits -Wno-array-bounds -Wno-unknown-pragmas -Wno-sign-compare -Wno-unused-parameter -Wno-unused-variable -Wno-unused-function -Wno-unused-result -Wno-unused-local-typedefs -Wno-strict-overflow -Wno-strict-aliasing -Wno-error=deprecated-declarations -Wno-stringop-overflow -Wno-psabi -Wno-error=pedantic -Wno-error=redundant-decls -Wno-error=old-style-cast -fdiagnostics-color=always -faligned-new -Wno-unused-but-set-variable -Wno-maybe-uninitialized -fno-math-errno -fno-trapping-math -Werror=format -Wno-stringop-overflow, PERF_WITH_AVX=1, PERF_WITH_AVX2=1, PERF_WITH_AVX512=1, USE_CUDA=ON, USE_EXCEPTION_PTR=1, USE_GFLAGS=OFF, USE_GLOG=OFF, USE_MKL=ON, USE_MKLDNN=ON, USE_MPI=OFF, USE_NCCL=ON, USE_NNPACK=ON, USE_OPENMP=ON, 

TorchVision: 0.8.2
OpenCV: 4.9.0
MMCV: 1.5.0
MMCV Compiler: GCC 11.4
MMCV CUDA Compiler: 11.8
MMClassification: 0.15.0+aaa8f02
------------------------------------------------------------

2024-03-03 18:29:58,000 - mmcls - INFO - Distributed training: False
2024-03-03 18:29:58,222 - mmcls - INFO - Config:
model = dict(
    type='ImageClassifier',
    backbone=dict(type='VGG', depth=16, num_classes=17),
    neck=None,
    head=dict(
        type='ClsHead',
        loss=dict(type='CrossEntropyLoss', loss_weight=1.0),
        topk=(1, 5)))
dataset_type = 'Flowers'
img_norm_cfg = dict(
    mean=[123.675, 116.28, 103.53], std=[58.395, 57.12, 57.375], to_rgb=True)
train_pipeline = [
    dict(type='LoadImageFromFile'),
    dict(type='RandomResizedCrop', size=224),
    dict(type='RandomFlip', flip_prob=0.5, direction='horizontal'),
    dict(
        type='Normalize',
        mean=[123.675, 116.28, 103.53],
        std=[58.395, 57.12, 57.375],
        to_rgb=True),
    dict(type='ImageToTensor', keys=['img']),
    dict(type='ToTensor', keys=['gt_label']),
    dict(type='Collect', keys=['img', 'gt_label'])
]
test_pipeline = [
    dict(type='LoadImageFromFile'),
    dict(type='Resize', size=(256, -1)),
    dict(type='CenterCrop', crop_size=224),
    dict(
        type='Normalize',
        mean=[123.675, 116.28, 103.53],
        std=[58.395, 57.12, 57.375],
        to_rgb=True),
    dict(type='ImageToTensor', keys=['img']),
    dict(type='Collect', keys=['img'])
]
data = dict(
    samples_per_gpu=16,
    workers_per_gpu=1,
    train=dict(
        type='Flowers',
        data_prefix='data/flowers/train',
        ann_file='data/flowers/meta/train.txt',
        pipeline=[
            dict(type='LoadImageFromFile'),
            dict(type='RandomResizedCrop', size=224),
            dict(type='RandomFlip', flip_prob=0.5, direction='horizontal'),
            dict(
                type='Normalize',
                mean=[123.675, 116.28, 103.53],
                std=[58.395, 57.12, 57.375],
                to_rgb=True),
            dict(type='ImageToTensor', keys=['img']),
            dict(type='ToTensor', keys=['gt_label']),
            dict(type='Collect', keys=['img', 'gt_label'])
        ]),
    val=dict(
        type='Flowers',
        data_prefix='data/flowers/val',
        ann_file='data/flowers/meta/val.txt',
        pipeline=[
            dict(type='LoadImageFromFile'),
            dict(type='Resize', size=(256, -1)),
            dict(type='CenterCrop', crop_size=224),
            dict(
                type='Normalize',
                mean=[123.675, 116.28, 103.53],
                std=[58.395, 57.12, 57.375],
                to_rgb=True),
            dict(type='ImageToTensor', keys=['img']),
            dict(type='Collect', keys=['img'])
        ]),
    test=dict(
        type='Flowers',
        data_prefix='data/flowers/test',
        ann_file='data/flowers/meta/test.txt',
        pipeline=[
            dict(type='LoadImageFromFile'),
            dict(type='Resize', size=(256, -1)),
            dict(type='CenterCrop', crop_size=224),
            dict(
                type='Normalize',
                mean=[123.675, 116.28, 103.53],
                std=[58.395, 57.12, 57.375],
                to_rgb=True),
            dict(type='ImageToTensor', keys=['img']),
            dict(type='Collect', keys=['img'])
        ]))
evaluation = dict(interval=1, metric='accuracy')
optimizer = dict(type='SGD', lr=0.0001, momentum=0.9, weight_decay=0.0001)
optimizer_config = dict(grad_clip=None)
lr_config = dict(policy='step', step=[100, 150])
runner = dict(type='EpochBasedRunner', max_epochs=200)
checkpoint_config = dict(interval=100)
log_config = dict(interval=100, hooks=[dict(type='TextLoggerHook')])
dist_params = dict(backend='nccl')
log_level = 'INFO'
load_from = None
resume_from = None
workflow = [('train', 1)]
work_dir = 'output/vgg16/bs16/lr0.0001'
gpu_ids = range(0, 1)

2024-03-03 18:29:59,753 - mmcls - INFO - initialize VGG with init_cfg [{'type': 'Kaiming', 'layer': ['Conv2d']}, {'type': 'Constant', 'val': 1.0, 'layer': ['_BatchNorm']}, {'type': 'Normal', 'std': 0.01, 'layer': ['Linear']}]
Name of parameter - Initialization information

backbone.features.0.conv.weight - torch.Size([64, 3, 3, 3]): 
KaimingInit: a=0, mode=fan_out, nonlinearity=relu, distribution =normal, bias=0 

backbone.features.0.conv.bias - torch.Size([64]): 
The value is the same before and after calling `init_weights` of ImageClassifier  

backbone.features.1.conv.weight - torch.Size([64, 64, 3, 3]): 
KaimingInit: a=0, mode=fan_out, nonlinearity=relu, distribution =normal, bias=0 

backbone.features.1.conv.bias - torch.Size([64]): 
The value is the same before and after calling `init_weights` of ImageClassifier  

backbone.features.3.conv.weight - torch.Size([128, 64, 3, 3]): 
KaimingInit: a=0, mode=fan_out, nonlinearity=relu, distribution =normal, bias=0 

backbone.features.3.conv.bias - torch.Size([128]): 
The value is the same before and after calling `init_weights` of ImageClassifier  

backbone.features.4.conv.weight - torch.Size([128, 128, 3, 3]): 
KaimingInit: a=0, mode=fan_out, nonlinearity=relu, distribution =normal, bias=0 

backbone.features.4.conv.bias - torch.Size([128]): 
The value is the same before and after calling `init_weights` of ImageClassifier  

backbone.features.6.conv.weight - torch.Size([256, 128, 3, 3]): 
KaimingInit: a=0, mode=fan_out, nonlinearity=relu, distribution =normal, bias=0 

backbone.features.6.conv.bias - torch.Size([256]): 
The value is the same before and after calling `init_weights` of ImageClassifier  

backbone.features.7.conv.weight - torch.Size([256, 256, 3, 3]): 
KaimingInit: a=0, mode=fan_out, nonlinearity=relu, distribution =normal, bias=0 

backbone.features.7.conv.bias - torch.Size([256]): 
The value is the same before and after calling `init_weights` of ImageClassifier  

backbone.features.8.conv.weight - torch.Size([256, 256, 3, 3]): 
KaimingInit: a=0, mode=fan_out, nonlinearity=relu, distribution =normal, bias=0 

backbone.features.8.conv.bias - torch.Size([256]): 
The value is the same before and after calling `init_weights` of ImageClassifier  

backbone.features.10.conv.weight - torch.Size([512, 256, 3, 3]): 
KaimingInit: a=0, mode=fan_out, nonlinearity=relu, distribution =normal, bias=0 

backbone.features.10.conv.bias - torch.Size([512]): 
The value is the same before and after calling `init_weights` of ImageClassifier  

backbone.features.11.conv.weight - torch.Size([512, 512, 3, 3]): 
KaimingInit: a=0, mode=fan_out, nonlinearity=relu, distribution =normal, bias=0 

backbone.features.11.conv.bias - torch.Size([512]): 
The value is the same before and after calling `init_weights` of ImageClassifier  

backbone.features.12.conv.weight - torch.Size([512, 512, 3, 3]): 
KaimingInit: a=0, mode=fan_out, nonlinearity=relu, distribution =normal, bias=0 

backbone.features.12.conv.bias - torch.Size([512]): 
The value is the same before and after calling `init_weights` of ImageClassifier  

backbone.features.14.conv.weight - torch.Size([512, 512, 3, 3]): 
KaimingInit: a=0, mode=fan_out, nonlinearity=relu, distribution =normal, bias=0 

backbone.features.14.conv.bias - torch.Size([512]): 
The value is the same before and after calling `init_weights` of ImageClassifier  

backbone.features.15.conv.weight - torch.Size([512, 512, 3, 3]): 
KaimingInit: a=0, mode=fan_out, nonlinearity=relu, distribution =normal, bias=0 

backbone.features.15.conv.bias - torch.Size([512]): 
The value is the same before and after calling `init_weights` of ImageClassifier  

backbone.features.16.conv.weight - torch.Size([512, 512, 3, 3]): 
KaimingInit: a=0, mode=fan_out, nonlinearity=relu, distribution =normal, bias=0 

backbone.features.16.conv.bias - torch.Size([512]): 
The value is the same before and after calling `init_weights` of ImageClassifier  

backbone.classifier.0.weight - torch.Size([4096, 25088]): 
NormalInit: mean=0, std=0.01, bias=0 

backbone.classifier.0.bias - torch.Size([4096]): 
NormalInit: mean=0, std=0.01, bias=0 

backbone.classifier.3.weight - torch.Size([4096, 4096]): 
NormalInit: mean=0, std=0.01, bias=0 

backbone.classifier.3.bias - torch.Size([4096]): 
NormalInit: mean=0, std=0.01, bias=0 

backbone.classifier.6.weight - torch.Size([17, 4096]): 
NormalInit: mean=0, std=0.01, bias=0 

backbone.classifier.6.bias - torch.Size([17]): 
NormalInit: mean=0, std=0.01, bias=0 
2024-03-03 18:30:05,869 - mmcls - INFO - Start running, host: cshtimmy@gpu2-comp-4, work_dir: /userhome/cs2/cshtimmy/COMP3340Project/CNN_Image_Classification_Code/output/vgg16/bs16/lr0.0001
2024-03-03 18:30:05,870 - mmcls - INFO - Hooks will be executed in the following order:
before_run:
(VERY_HIGH   ) StepLrUpdaterHook                  
(NORMAL      ) CheckpointHook                     
(NORMAL      ) EvalHook                           
(VERY_LOW    ) TextLoggerHook                     
 -------------------- 
before_train_epoch:
(VERY_HIGH   ) StepLrUpdaterHook                  
(NORMAL      ) EvalHook                           
(LOW         ) IterTimerHook                      
(VERY_LOW    ) TextLoggerHook                     
 -------------------- 
before_train_iter:
(VERY_HIGH   ) StepLrUpdaterHook                  
(NORMAL      ) EvalHook                           
(LOW         ) IterTimerHook                      
 -------------------- 
after_train_iter:
(ABOVE_NORMAL) OptimizerHook                      
(NORMAL      ) CheckpointHook                     
(NORMAL      ) EvalHook                           
(LOW         ) IterTimerHook                      
(VERY_LOW    ) TextLoggerHook                     
 -------------------- 
after_train_epoch:
(NORMAL      ) CheckpointHook                     
(NORMAL      ) EvalHook                           
(VERY_LOW    ) TextLoggerHook                     
 -------------------- 
before_val_epoch:
(LOW         ) IterTimerHook                      
(VERY_LOW    ) TextLoggerHook                     
 -------------------- 
before_val_iter:
(LOW         ) IterTimerHook                      
 -------------------- 
after_val_iter:
(LOW         ) IterTimerHook                      
 -------------------- 
after_val_epoch:
(VERY_LOW    ) TextLoggerHook                     
 -------------------- 
after_run:
(VERY_LOW    ) TextLoggerHook                     
 -------------------- 
2024-03-03 18:30:05,870 - mmcls - INFO - workflow: [('train', 1)], max: 200 epochs
2024-03-03 18:30:05,870 - mmcls - INFO - Checkpoints will be saved to /userhome/cs2/cshtimmy/COMP3340Project/CNN_Image_Classification_Code/output/vgg16/bs16/lr0.0001 by HardDiskBackend.
2024-03-03 18:30:28,360 - mmcls - INFO - Epoch(val) [1][9]	accuracy_top-1: 4.4118, accuracy_top-5: 31.6176
2024-03-03 18:30:39,126 - mmcls - INFO - Epoch(val) [2][9]	accuracy_top-1: 5.8824, accuracy_top-5: 30.1471
2024-03-03 18:30:49,997 - mmcls - INFO - Epoch(val) [3][9]	accuracy_top-1: 5.8824, accuracy_top-5: 36.0294
2024-03-03 18:31:00,812 - mmcls - INFO - Epoch(val) [4][9]	accuracy_top-1: 5.8824, accuracy_top-5: 37.5000
2024-03-03 18:31:11,598 - mmcls - INFO - Epoch(val) [5][9]	accuracy_top-1: 5.8824, accuracy_top-5: 38.9706
2024-03-03 18:31:23,025 - mmcls - INFO - Epoch(val) [6][9]	accuracy_top-1: 5.8824, accuracy_top-5: 37.5000
2024-03-03 18:31:34,055 - mmcls - INFO - Epoch(val) [7][9]	accuracy_top-1: 5.8824, accuracy_top-5: 37.5000
2024-03-03 18:31:45,150 - mmcls - INFO - Epoch(val) [8][9]	accuracy_top-1: 5.8824, accuracy_top-5: 40.4412
2024-03-03 18:31:56,219 - mmcls - INFO - Epoch(val) [9][9]	accuracy_top-1: 8.0882, accuracy_top-5: 41.9118
2024-03-03 18:32:07,418 - mmcls - INFO - Epoch(val) [10][9]	accuracy_top-1: 10.2941, accuracy_top-5: 46.3235
2024-03-03 18:32:18,545 - mmcls - INFO - Epoch(val) [11][9]	accuracy_top-1: 13.9706, accuracy_top-5: 56.6176
2024-03-03 18:32:29,639 - mmcls - INFO - Epoch(val) [12][9]	accuracy_top-1: 19.1176, accuracy_top-5: 61.0294
2024-03-03 18:32:40,883 - mmcls - INFO - Epoch(val) [13][9]	accuracy_top-1: 19.8529, accuracy_top-5: 62.5000
2024-03-03 18:32:51,960 - mmcls - INFO - Epoch(val) [14][9]	accuracy_top-1: 16.9118, accuracy_top-5: 68.3824
2024-03-03 18:33:03,016 - mmcls - INFO - Epoch(val) [15][9]	accuracy_top-1: 20.5882, accuracy_top-5: 74.2647
2024-03-03 18:33:14,035 - mmcls - INFO - Epoch(val) [16][9]	accuracy_top-1: 20.5882, accuracy_top-5: 72.0588
2024-03-03 18:33:25,076 - mmcls - INFO - Epoch(val) [17][9]	accuracy_top-1: 23.5294, accuracy_top-5: 72.7941
2024-03-03 18:33:36,224 - mmcls - INFO - Epoch(val) [18][9]	accuracy_top-1: 26.4706, accuracy_top-5: 77.9412
2024-03-03 18:33:47,284 - mmcls - INFO - Epoch(val) [19][9]	accuracy_top-1: 23.5294, accuracy_top-5: 79.4118
2024-03-03 18:33:58,507 - mmcls - INFO - Epoch(val) [20][9]	accuracy_top-1: 26.4706, accuracy_top-5: 79.4118
2024-03-03 18:34:09,700 - mmcls - INFO - Epoch(val) [21][9]	accuracy_top-1: 25.7353, accuracy_top-5: 80.8824
2024-03-03 18:34:21,158 - mmcls - INFO - Epoch(val) [22][9]	accuracy_top-1: 31.6176, accuracy_top-5: 83.0882
2024-03-03 18:34:32,302 - mmcls - INFO - Epoch(val) [23][9]	accuracy_top-1: 33.0882, accuracy_top-5: 80.1471
2024-03-03 18:34:43,436 - mmcls - INFO - Epoch(val) [24][9]	accuracy_top-1: 39.7059, accuracy_top-5: 86.0294
2024-03-03 18:34:54,560 - mmcls - INFO - Epoch(val) [25][9]	accuracy_top-1: 34.5588, accuracy_top-5: 80.1471
2024-03-03 18:35:05,682 - mmcls - INFO - Epoch(val) [26][9]	accuracy_top-1: 37.5000, accuracy_top-5: 87.5000
2024-03-03 18:35:16,983 - mmcls - INFO - Epoch(val) [27][9]	accuracy_top-1: 35.2941, accuracy_top-5: 82.3529
2024-03-03 18:35:27,766 - mmcls - INFO - Epoch(val) [28][9]	accuracy_top-1: 39.7059, accuracy_top-5: 89.7059
2024-03-03 18:35:38,507 - mmcls - INFO - Epoch(val) [29][9]	accuracy_top-1: 38.9706, accuracy_top-5: 88.2353
2024-03-03 18:35:49,554 - mmcls - INFO - Epoch(val) [30][9]	accuracy_top-1: 38.2353, accuracy_top-5: 89.7059
2024-03-03 18:36:00,587 - mmcls - INFO - Epoch(val) [31][9]	accuracy_top-1: 41.9118, accuracy_top-5: 88.2353
2024-03-03 18:36:11,532 - mmcls - INFO - Epoch(val) [32][9]	accuracy_top-1: 46.3235, accuracy_top-5: 91.1765
2024-03-03 18:36:22,644 - mmcls - INFO - Epoch(val) [33][9]	accuracy_top-1: 41.1765, accuracy_top-5: 89.7059
2024-03-03 18:36:33,643 - mmcls - INFO - Epoch(val) [34][9]	accuracy_top-1: 47.7941, accuracy_top-5: 90.4412
2024-03-03 18:36:44,697 - mmcls - INFO - Epoch(val) [35][9]	accuracy_top-1: 44.1176, accuracy_top-5: 89.7059
2024-03-03 18:36:56,048 - mmcls - INFO - Epoch(val) [36][9]	accuracy_top-1: 45.5882, accuracy_top-5: 88.2353
2024-03-03 18:37:07,099 - mmcls - INFO - Epoch(val) [37][9]	accuracy_top-1: 43.3824, accuracy_top-5: 85.2941
2024-03-03 18:37:18,068 - mmcls - INFO - Epoch(val) [38][9]	accuracy_top-1: 48.5294, accuracy_top-5: 91.1765
2024-03-03 18:37:29,196 - mmcls - INFO - Epoch(val) [39][9]	accuracy_top-1: 50.0000, accuracy_top-5: 91.9118
2024-03-03 18:37:40,260 - mmcls - INFO - Epoch(val) [40][9]	accuracy_top-1: 44.8529, accuracy_top-5: 91.9118
2024-03-03 18:37:51,443 - mmcls - INFO - Epoch(val) [41][9]	accuracy_top-1: 42.6471, accuracy_top-5: 91.1765
2024-03-03 18:38:02,509 - mmcls - INFO - Epoch(val) [42][9]	accuracy_top-1: 50.0000, accuracy_top-5: 94.8529
2024-03-03 18:38:13,538 - mmcls - INFO - Epoch(val) [43][9]	accuracy_top-1: 50.0000, accuracy_top-5: 94.1176
2024-03-03 18:38:24,654 - mmcls - INFO - Epoch(val) [44][9]	accuracy_top-1: 50.7353, accuracy_top-5: 93.3824
2024-03-03 18:38:35,729 - mmcls - INFO - Epoch(val) [45][9]	accuracy_top-1: 52.9412, accuracy_top-5: 91.9118
2024-03-03 18:38:47,265 - mmcls - INFO - Epoch(val) [46][9]	accuracy_top-1: 47.7941, accuracy_top-5: 93.3824
2024-03-03 18:38:58,494 - mmcls - INFO - Epoch(val) [47][9]	accuracy_top-1: 51.4706, accuracy_top-5: 93.3824
2024-03-03 18:39:09,640 - mmcls - INFO - Epoch(val) [48][9]	accuracy_top-1: 51.4706, accuracy_top-5: 89.7059
2024-03-03 18:39:20,860 - mmcls - INFO - Epoch(val) [49][9]	accuracy_top-1: 50.0000, accuracy_top-5: 89.7059
2024-03-03 18:39:31,928 - mmcls - INFO - Epoch(val) [50][9]	accuracy_top-1: 53.6765, accuracy_top-5: 91.9118
2024-03-03 18:39:42,998 - mmcls - INFO - Epoch(val) [51][9]	accuracy_top-1: 52.2059, accuracy_top-5: 91.9118
2024-03-03 18:39:54,209 - mmcls - INFO - Epoch(val) [52][9]	accuracy_top-1: 47.0588, accuracy_top-5: 94.1176
2024-03-03 18:40:05,507 - mmcls - INFO - Epoch(val) [53][9]	accuracy_top-1: 55.1471, accuracy_top-5: 94.1176
2024-03-03 18:40:16,661 - mmcls - INFO - Epoch(val) [54][9]	accuracy_top-1: 52.9412, accuracy_top-5: 91.9118
2024-03-03 18:40:27,930 - mmcls - INFO - Epoch(val) [55][9]	accuracy_top-1: 54.4118, accuracy_top-5: 91.1765
2024-03-03 18:40:39,176 - mmcls - INFO - Epoch(val) [56][9]	accuracy_top-1: 52.9412, accuracy_top-5: 88.9706
2024-03-03 18:40:50,394 - mmcls - INFO - Epoch(val) [57][9]	accuracy_top-1: 55.8824, accuracy_top-5: 91.9118
2024-03-03 18:41:01,753 - mmcls - INFO - Epoch(val) [58][9]	accuracy_top-1: 46.3235, accuracy_top-5: 88.2353
2024-03-03 18:41:13,406 - mmcls - INFO - Epoch(val) [59][9]	accuracy_top-1: 55.1471, accuracy_top-5: 94.8529
2024-03-03 18:41:24,720 - mmcls - INFO - Epoch(val) [60][9]	accuracy_top-1: 58.8235, accuracy_top-5: 91.9118
2024-03-03 18:41:35,911 - mmcls - INFO - Epoch(val) [61][9]	accuracy_top-1: 51.4706, accuracy_top-5: 93.3824
2024-03-03 18:41:47,300 - mmcls - INFO - Epoch(val) [62][9]	accuracy_top-1: 54.4118, accuracy_top-5: 91.9118
2024-03-03 18:41:58,504 - mmcls - INFO - Epoch(val) [63][9]	accuracy_top-1: 56.6176, accuracy_top-5: 90.4412
2024-03-03 18:42:09,606 - mmcls - INFO - Epoch(val) [64][9]	accuracy_top-1: 58.0882, accuracy_top-5: 93.3824
2024-03-03 18:42:20,981 - mmcls - INFO - Epoch(val) [65][9]	accuracy_top-1: 55.8824, accuracy_top-5: 92.6471
2024-03-03 18:42:32,228 - mmcls - INFO - Epoch(val) [66][9]	accuracy_top-1: 61.0294, accuracy_top-5: 93.3824
2024-03-03 18:42:43,609 - mmcls - INFO - Epoch(val) [67][9]	accuracy_top-1: 54.4118, accuracy_top-5: 94.1176
2024-03-03 18:42:54,964 - mmcls - INFO - Epoch(val) [68][9]	accuracy_top-1: 49.2647, accuracy_top-5: 96.3235
2024-03-03 18:43:06,076 - mmcls - INFO - Epoch(val) [69][9]	accuracy_top-1: 61.7647, accuracy_top-5: 91.9118
2024-03-03 18:43:17,420 - mmcls - INFO - Epoch(val) [70][9]	accuracy_top-1: 63.9706, accuracy_top-5: 90.4412
2024-03-03 18:43:28,686 - mmcls - INFO - Epoch(val) [71][9]	accuracy_top-1: 59.5588, accuracy_top-5: 92.6471
2024-03-03 18:43:40,002 - mmcls - INFO - Epoch(val) [72][9]	accuracy_top-1: 61.7647, accuracy_top-5: 90.4412
2024-03-03 18:43:51,391 - mmcls - INFO - Epoch(val) [73][9]	accuracy_top-1: 56.6176, accuracy_top-5: 94.1176
2024-03-03 18:44:02,571 - mmcls - INFO - Epoch(val) [74][9]	accuracy_top-1: 62.5000, accuracy_top-5: 93.3824
2024-03-03 18:44:13,721 - mmcls - INFO - Epoch(val) [75][9]	accuracy_top-1: 55.8824, accuracy_top-5: 95.5882
2024-03-03 18:44:24,918 - mmcls - INFO - Epoch(val) [76][9]	accuracy_top-1: 55.1471, accuracy_top-5: 95.5882
2024-03-03 18:44:36,257 - mmcls - INFO - Epoch(val) [77][9]	accuracy_top-1: 60.2941, accuracy_top-5: 94.8529
2024-03-03 18:44:47,393 - mmcls - INFO - Epoch(val) [78][9]	accuracy_top-1: 54.4118, accuracy_top-5: 92.6471
2024-03-03 18:44:58,898 - mmcls - INFO - Epoch(val) [79][9]	accuracy_top-1: 51.4706, accuracy_top-5: 95.5882
2024-03-03 18:45:10,224 - mmcls - INFO - Epoch(val) [80][9]	accuracy_top-1: 61.7647, accuracy_top-5: 94.1176
2024-03-03 18:45:21,299 - mmcls - INFO - Epoch(val) [81][9]	accuracy_top-1: 66.9118, accuracy_top-5: 94.1176
2024-03-03 18:45:32,563 - mmcls - INFO - Epoch(val) [82][9]	accuracy_top-1: 57.3529, accuracy_top-5: 92.6471
2024-03-03 18:45:43,729 - mmcls - INFO - Epoch(val) [83][9]	accuracy_top-1: 59.5588, accuracy_top-5: 92.6471
2024-03-03 18:45:54,856 - mmcls - INFO - Epoch(val) [84][9]	accuracy_top-1: 64.7059, accuracy_top-5: 93.3824
2024-03-03 18:46:06,021 - mmcls - INFO - Epoch(val) [85][9]	accuracy_top-1: 59.5588, accuracy_top-5: 91.9118
2024-03-03 18:46:17,231 - mmcls - INFO - Epoch(val) [86][9]	accuracy_top-1: 65.4412, accuracy_top-5: 92.6471
2024-03-03 18:46:28,344 - mmcls - INFO - Epoch(val) [87][9]	accuracy_top-1: 63.9706, accuracy_top-5: 92.6471
2024-03-03 18:46:39,482 - mmcls - INFO - Epoch(val) [88][9]	accuracy_top-1: 62.5000, accuracy_top-5: 93.3824
2024-03-03 18:46:50,799 - mmcls - INFO - Epoch(val) [89][9]	accuracy_top-1: 64.7059, accuracy_top-5: 91.9118
2024-03-03 18:47:02,002 - mmcls - INFO - Epoch(val) [90][9]	accuracy_top-1: 60.2941, accuracy_top-5: 91.9118
2024-03-03 18:47:13,185 - mmcls - INFO - Epoch(val) [91][9]	accuracy_top-1: 60.2941, accuracy_top-5: 90.4412
2024-03-03 18:47:24,360 - mmcls - INFO - Epoch(val) [92][9]	accuracy_top-1: 63.2353, accuracy_top-5: 91.1765
2024-03-03 18:47:35,688 - mmcls - INFO - Epoch(val) [93][9]	accuracy_top-1: 61.0294, accuracy_top-5: 94.8529
2024-03-03 18:47:47,078 - mmcls - INFO - Epoch(val) [94][9]	accuracy_top-1: 63.2353, accuracy_top-5: 92.6471
2024-03-03 18:47:58,427 - mmcls - INFO - Epoch(val) [95][9]	accuracy_top-1: 63.2353, accuracy_top-5: 91.9118
2024-03-03 18:48:09,571 - mmcls - INFO - Epoch(val) [96][9]	accuracy_top-1: 63.2353, accuracy_top-5: 93.3824
2024-03-03 18:48:20,710 - mmcls - INFO - Epoch(val) [97][9]	accuracy_top-1: 57.3529, accuracy_top-5: 94.1176
2024-03-03 18:48:31,975 - mmcls - INFO - Epoch(val) [98][9]	accuracy_top-1: 62.5000, accuracy_top-5: 94.8529
2024-03-03 18:48:43,087 - mmcls - INFO - Epoch(val) [99][9]	accuracy_top-1: 61.7647, accuracy_top-5: 92.6471
2024-03-03 18:48:52,932 - mmcls - INFO - Saving checkpoint at 100 epochs
2024-03-03 18:49:03,201 - mmcls - INFO - Epoch(val) [100][9]	accuracy_top-1: 63.2353, accuracy_top-5: 93.3824
2024-03-03 18:49:14,260 - mmcls - INFO - Epoch(val) [101][9]	accuracy_top-1: 66.9118, accuracy_top-5: 93.3824
2024-03-03 18:49:25,304 - mmcls - INFO - Epoch(val) [102][9]	accuracy_top-1: 66.9118, accuracy_top-5: 93.3824
2024-03-03 18:49:36,349 - mmcls - INFO - Epoch(val) [103][9]	accuracy_top-1: 66.1765, accuracy_top-5: 94.1176
2024-03-03 18:49:47,330 - mmcls - INFO - Epoch(val) [104][9]	accuracy_top-1: 67.6471, accuracy_top-5: 93.3824
2024-03-03 18:49:58,410 - mmcls - INFO - Epoch(val) [105][9]	accuracy_top-1: 66.9118, accuracy_top-5: 94.1176
2024-03-03 18:50:10,039 - mmcls - INFO - Epoch(val) [106][9]	accuracy_top-1: 66.9118, accuracy_top-5: 93.3824
2024-03-03 18:50:21,083 - mmcls - INFO - Epoch(val) [107][9]	accuracy_top-1: 66.1765, accuracy_top-5: 94.1176
2024-03-03 18:50:32,033 - mmcls - INFO - Epoch(val) [108][9]	accuracy_top-1: 66.9118, accuracy_top-5: 94.1176
2024-03-03 18:50:42,989 - mmcls - INFO - Epoch(val) [109][9]	accuracy_top-1: 66.1765, accuracy_top-5: 94.1176
2024-03-03 18:50:53,980 - mmcls - INFO - Epoch(val) [110][9]	accuracy_top-1: 67.6471, accuracy_top-5: 93.3824
2024-03-03 18:51:04,933 - mmcls - INFO - Epoch(val) [111][9]	accuracy_top-1: 67.6471, accuracy_top-5: 94.1176
2024-03-03 18:51:16,216 - mmcls - INFO - Epoch(val) [112][9]	accuracy_top-1: 66.1765, accuracy_top-5: 94.1176
2024-03-03 18:51:27,320 - mmcls - INFO - Epoch(val) [113][9]	accuracy_top-1: 66.1765, accuracy_top-5: 94.1176
2024-03-03 18:51:38,352 - mmcls - INFO - Epoch(val) [114][9]	accuracy_top-1: 68.3824, accuracy_top-5: 93.3824
2024-03-03 18:51:49,554 - mmcls - INFO - Epoch(val) [115][9]	accuracy_top-1: 66.1765, accuracy_top-5: 94.1176
2024-03-03 18:52:00,567 - mmcls - INFO - Epoch(val) [116][9]	accuracy_top-1: 67.6471, accuracy_top-5: 93.3824
2024-03-03 18:52:11,516 - mmcls - INFO - Epoch(val) [117][9]	accuracy_top-1: 65.4412, accuracy_top-5: 94.1176
2024-03-03 18:52:22,442 - mmcls - INFO - Epoch(val) [118][9]	accuracy_top-1: 66.1765, accuracy_top-5: 94.1176
2024-03-03 18:52:33,417 - mmcls - INFO - Epoch(val) [119][9]	accuracy_top-1: 66.9118, accuracy_top-5: 94.1176
2024-03-03 18:52:44,454 - mmcls - INFO - Epoch(val) [120][9]	accuracy_top-1: 66.9118, accuracy_top-5: 94.1176
2024-03-03 18:52:55,704 - mmcls - INFO - Epoch(val) [121][9]	accuracy_top-1: 66.9118, accuracy_top-5: 93.3824
2024-03-03 18:53:06,734 - mmcls - INFO - Epoch(val) [122][9]	accuracy_top-1: 65.4412, accuracy_top-5: 93.3824
2024-03-03 18:53:17,731 - mmcls - INFO - Epoch(val) [123][9]	accuracy_top-1: 66.1765, accuracy_top-5: 94.1176
2024-03-03 18:53:28,708 - mmcls - INFO - Epoch(val) [124][9]	accuracy_top-1: 66.1765, accuracy_top-5: 94.1176
2024-03-03 18:53:39,722 - mmcls - INFO - Epoch(val) [125][9]	accuracy_top-1: 66.9118, accuracy_top-5: 94.1176
2024-03-03 18:53:50,761 - mmcls - INFO - Epoch(val) [126][9]	accuracy_top-1: 66.9118, accuracy_top-5: 94.1176
2024-03-03 18:54:02,083 - mmcls - INFO - Epoch(val) [127][9]	accuracy_top-1: 66.1765, accuracy_top-5: 94.1176
2024-03-03 18:54:13,076 - mmcls - INFO - Epoch(val) [128][9]	accuracy_top-1: 66.9118, accuracy_top-5: 93.3824
2024-03-03 18:54:24,023 - mmcls - INFO - Epoch(val) [129][9]	accuracy_top-1: 67.6471, accuracy_top-5: 93.3824
2024-03-03 18:54:35,002 - mmcls - INFO - Epoch(val) [130][9]	accuracy_top-1: 66.9118, accuracy_top-5: 94.1176
2024-03-03 18:54:46,294 - mmcls - INFO - Epoch(val) [131][9]	accuracy_top-1: 66.9118, accuracy_top-5: 94.1176
2024-03-03 18:54:57,279 - mmcls - INFO - Epoch(val) [132][9]	accuracy_top-1: 68.3824, accuracy_top-5: 93.3824
2024-03-03 18:55:08,273 - mmcls - INFO - Epoch(val) [133][9]	accuracy_top-1: 66.9118, accuracy_top-5: 94.1176
2024-03-03 18:55:19,319 - mmcls - INFO - Epoch(val) [134][9]	accuracy_top-1: 66.9118, accuracy_top-5: 94.1176
2024-03-03 18:55:30,256 - mmcls - INFO - Epoch(val) [135][9]	accuracy_top-1: 66.9118, accuracy_top-5: 94.1176
2024-03-03 18:55:41,211 - mmcls - INFO - Epoch(val) [136][9]	accuracy_top-1: 65.4412, accuracy_top-5: 94.1176
2024-03-03 18:55:52,160 - mmcls - INFO - Epoch(val) [137][9]	accuracy_top-1: 66.1765, accuracy_top-5: 94.1176
2024-03-03 18:56:03,272 - mmcls - INFO - Epoch(val) [138][9]	accuracy_top-1: 67.6471, accuracy_top-5: 93.3824
2024-03-03 18:56:14,780 - mmcls - INFO - Epoch(val) [139][9]	accuracy_top-1: 66.9118, accuracy_top-5: 94.1176
2024-03-03 18:56:25,785 - mmcls - INFO - Epoch(val) [140][9]	accuracy_top-1: 66.9118, accuracy_top-5: 94.1176
2024-03-03 18:56:36,678 - mmcls - INFO - Epoch(val) [141][9]	accuracy_top-1: 66.9118, accuracy_top-5: 93.3824
2024-03-03 18:56:47,766 - mmcls - INFO - Epoch(val) [142][9]	accuracy_top-1: 66.9118, accuracy_top-5: 93.3824
2024-03-03 18:56:58,917 - mmcls - INFO - Epoch(val) [143][9]	accuracy_top-1: 66.1765, accuracy_top-5: 95.5882
2024-03-03 18:57:10,075 - mmcls - INFO - Epoch(val) [144][9]	accuracy_top-1: 68.3824, accuracy_top-5: 94.1176
2024-03-03 18:57:21,066 - mmcls - INFO - Epoch(val) [145][9]	accuracy_top-1: 66.1765, accuracy_top-5: 94.1176
2024-03-03 18:57:32,335 - mmcls - INFO - Epoch(val) [146][9]	accuracy_top-1: 66.9118, accuracy_top-5: 94.1176
2024-03-03 18:57:43,345 - mmcls - INFO - Epoch(val) [147][9]	accuracy_top-1: 66.1765, accuracy_top-5: 94.1176
2024-03-03 18:57:54,307 - mmcls - INFO - Epoch(val) [148][9]	accuracy_top-1: 66.9118, accuracy_top-5: 95.5882
2024-03-03 18:58:05,195 - mmcls - INFO - Epoch(val) [149][9]	accuracy_top-1: 66.1765, accuracy_top-5: 94.1176
2024-03-03 18:58:16,406 - mmcls - INFO - Epoch(val) [150][9]	accuracy_top-1: 66.9118, accuracy_top-5: 94.1176
2024-03-03 18:58:27,438 - mmcls - INFO - Epoch(val) [151][9]	accuracy_top-1: 66.9118, accuracy_top-5: 94.1176
2024-03-03 18:58:38,401 - mmcls - INFO - Epoch(val) [152][9]	accuracy_top-1: 66.9118, accuracy_top-5: 94.1176
2024-03-03 18:58:49,385 - mmcls - INFO - Epoch(val) [153][9]	accuracy_top-1: 66.1765, accuracy_top-5: 94.1176
2024-03-03 18:59:00,208 - mmcls - INFO - Epoch(val) [154][9]	accuracy_top-1: 66.1765, accuracy_top-5: 94.1176
2024-03-03 18:59:11,393 - mmcls - INFO - Epoch(val) [155][9]	accuracy_top-1: 66.1765, accuracy_top-5: 94.1176
2024-03-03 18:59:22,184 - mmcls - INFO - Epoch(val) [156][9]	accuracy_top-1: 66.1765, accuracy_top-5: 94.1176
2024-03-03 18:59:32,987 - mmcls - INFO - Epoch(val) [157][9]	accuracy_top-1: 66.1765, accuracy_top-5: 94.1176
2024-03-03 18:59:43,924 - mmcls - INFO - Epoch(val) [158][9]	accuracy_top-1: 66.1765, accuracy_top-5: 94.1176
2024-03-03 18:59:54,740 - mmcls - INFO - Epoch(val) [159][9]	accuracy_top-1: 66.1765, accuracy_top-5: 94.1176
2024-03-03 19:00:05,845 - mmcls - INFO - Epoch(val) [160][9]	accuracy_top-1: 66.1765, accuracy_top-5: 94.1176
2024-03-03 19:00:16,793 - mmcls - INFO - Epoch(val) [161][9]	accuracy_top-1: 66.1765, accuracy_top-5: 94.1176
2024-03-03 19:00:27,862 - mmcls - INFO - Epoch(val) [162][9]	accuracy_top-1: 66.1765, accuracy_top-5: 94.1176
2024-03-03 19:00:38,920 - mmcls - INFO - Epoch(val) [163][9]	accuracy_top-1: 66.1765, accuracy_top-5: 94.1176
2024-03-03 19:00:50,012 - mmcls - INFO - Epoch(val) [164][9]	accuracy_top-1: 66.1765, accuracy_top-5: 94.1176
2024-03-03 19:01:01,344 - mmcls - INFO - Epoch(val) [165][9]	accuracy_top-1: 66.1765, accuracy_top-5: 94.1176
2024-03-03 19:01:12,429 - mmcls - INFO - Epoch(val) [166][9]	accuracy_top-1: 66.1765, accuracy_top-5: 94.1176
2024-03-03 19:01:23,512 - mmcls - INFO - Epoch(val) [167][9]	accuracy_top-1: 66.9118, accuracy_top-5: 94.1176
2024-03-03 19:01:34,528 - mmcls - INFO - Epoch(val) [168][9]	accuracy_top-1: 66.9118, accuracy_top-5: 94.1176
2024-03-03 19:01:46,018 - mmcls - INFO - Epoch(val) [169][9]	accuracy_top-1: 66.9118, accuracy_top-5: 94.1176
2024-03-03 19:01:57,011 - mmcls - INFO - Epoch(val) [170][9]	accuracy_top-1: 66.9118, accuracy_top-5: 94.1176
2024-03-03 19:02:07,975 - mmcls - INFO - Epoch(val) [171][9]	accuracy_top-1: 66.9118, accuracy_top-5: 94.1176
2024-03-03 19:02:19,042 - mmcls - INFO - Epoch(val) [172][9]	accuracy_top-1: 66.1765, accuracy_top-5: 94.1176
2024-03-03 19:02:30,397 - mmcls - INFO - Epoch(val) [173][9]	accuracy_top-1: 65.4412, accuracy_top-5: 94.1176
2024-03-03 19:02:41,422 - mmcls - INFO - Epoch(val) [174][9]	accuracy_top-1: 65.4412, accuracy_top-5: 94.1176
2024-03-03 19:02:52,470 - mmcls - INFO - Epoch(val) [175][9]	accuracy_top-1: 65.4412, accuracy_top-5: 94.1176
2024-03-03 19:03:03,721 - mmcls - INFO - Epoch(val) [176][9]	accuracy_top-1: 66.1765, accuracy_top-5: 94.1176
2024-03-03 19:03:15,319 - mmcls - INFO - Epoch(val) [177][9]	accuracy_top-1: 66.1765, accuracy_top-5: 94.1176
2024-03-03 19:03:26,524 - mmcls - INFO - Epoch(val) [178][9]	accuracy_top-1: 66.1765, accuracy_top-5: 94.1176
2024-03-03 19:03:37,587 - mmcls - INFO - Epoch(val) [179][9]	accuracy_top-1: 66.1765, accuracy_top-5: 94.1176
2024-03-03 19:03:48,751 - mmcls - INFO - Epoch(val) [180][9]	accuracy_top-1: 66.1765, accuracy_top-5: 94.1176
2024-03-03 19:03:59,924 - mmcls - INFO - Epoch(val) [181][9]	accuracy_top-1: 66.1765, accuracy_top-5: 94.1176
2024-03-03 19:04:10,916 - mmcls - INFO - Epoch(val) [182][9]	accuracy_top-1: 66.1765, accuracy_top-5: 94.1176
2024-03-03 19:04:21,885 - mmcls - INFO - Epoch(val) [183][9]	accuracy_top-1: 66.1765, accuracy_top-5: 94.1176
2024-03-03 19:04:33,020 - mmcls - INFO - Epoch(val) [184][9]	accuracy_top-1: 66.1765, accuracy_top-5: 94.1176
2024-03-03 19:04:43,852 - mmcls - INFO - Epoch(val) [185][9]	accuracy_top-1: 66.1765, accuracy_top-5: 94.1176
2024-03-03 19:04:54,974 - mmcls - INFO - Epoch(val) [186][9]	accuracy_top-1: 65.4412, accuracy_top-5: 94.1176
2024-03-03 19:05:05,983 - mmcls - INFO - Epoch(val) [187][9]	accuracy_top-1: 66.1765, accuracy_top-5: 94.1176
2024-03-03 19:05:16,952 - mmcls - INFO - Epoch(val) [188][9]	accuracy_top-1: 66.9118, accuracy_top-5: 94.1176
2024-03-03 19:05:27,913 - mmcls - INFO - Epoch(val) [189][9]	accuracy_top-1: 66.9118, accuracy_top-5: 94.1176
2024-03-03 19:05:39,000 - mmcls - INFO - Epoch(val) [190][9]	accuracy_top-1: 66.1765, accuracy_top-5: 94.1176
2024-03-03 19:05:49,983 - mmcls - INFO - Epoch(val) [191][9]	accuracy_top-1: 66.1765, accuracy_top-5: 94.1176
2024-03-03 19:06:00,909 - mmcls - INFO - Epoch(val) [192][9]	accuracy_top-1: 66.1765, accuracy_top-5: 94.1176
2024-03-03 19:06:12,078 - mmcls - INFO - Epoch(val) [193][9]	accuracy_top-1: 66.1765, accuracy_top-5: 94.1176
2024-03-03 19:06:22,926 - mmcls - INFO - Epoch(val) [194][9]	accuracy_top-1: 66.1765, accuracy_top-5: 94.1176
2024-03-03 19:06:33,893 - mmcls - INFO - Epoch(val) [195][9]	accuracy_top-1: 66.1765, accuracy_top-5: 94.1176
2024-03-03 19:06:44,810 - mmcls - INFO - Epoch(val) [196][9]	accuracy_top-1: 66.1765, accuracy_top-5: 94.1176
2024-03-03 19:06:55,840 - mmcls - INFO - Epoch(val) [197][9]	accuracy_top-1: 66.9118, accuracy_top-5: 94.1176
2024-03-03 19:07:06,795 - mmcls - INFO - Epoch(val) [198][9]	accuracy_top-1: 66.9118, accuracy_top-5: 94.1176
2024-03-03 19:07:17,721 - mmcls - INFO - Epoch(val) [199][9]	accuracy_top-1: 66.9118, accuracy_top-5: 94.1176
2024-03-03 19:07:27,943 - mmcls - INFO - Saving checkpoint at 200 epochs
2024-03-03 19:07:35,730 - mmcls - INFO - Epoch(val) [200][9]	accuracy_top-1: 66.9118, accuracy_top-5: 94.1176
