2024-03-06 11:43:18,205 - mmcls - INFO - Environment info:
------------------------------------------------------------
sys.platform: linux
Python: 3.7.16 (default, Jan 17 2023, 22:20:44) [GCC 11.2.0]
CUDA available: True
GPU 0: NVIDIA GeForce RTX 2080 Ti
CUDA_HOME: /usr/local/cuda
NVCC: Cuda compilation tools, release 11.8, V11.8.89
GCC: gcc (Ubuntu 11.4.0-1ubuntu1~22.04) 11.4.0
PyTorch: 1.7.1
PyTorch compiling details: PyTorch built with:
  - GCC 7.3
  - C++ Version: 201402
  - Intel(R) oneAPI Math Kernel Library Version 2021.4-Product Build 20210904 for Intel(R) 64 architecture applications
  - Intel(R) MKL-DNN v1.6.0 (Git Hash 5ef631a030a6f73131c77892041042805a06064f)
  - OpenMP 201511 (a.k.a. OpenMP 4.5)
  - NNPACK is enabled
  - CPU capability usage: AVX2
  - CUDA Runtime 10.1
  - NVCC architecture flags: -gencode;arch=compute_37,code=sm_37;-gencode;arch=compute_50,code=sm_50;-gencode;arch=compute_60,code=sm_60;-gencode;arch=compute_61,code=sm_61;-gencode;arch=compute_70,code=sm_70;-gencode;arch=compute_75,code=sm_75;-gencode;arch=compute_37,code=compute_37
  - CuDNN 7.6.3
  - Magma 2.5.2
  - Build settings: BLAS=MKL, BUILD_TYPE=Release, CXX_FLAGS= -Wno-deprecated -fvisibility-inlines-hidden -DUSE_PTHREADPOOL -fopenmp -DNDEBUG -DUSE_FBGEMM -DUSE_QNNPACK -DUSE_PYTORCH_QNNPACK -DUSE_XNNPACK -DUSE_VULKAN_WRAPPER -O2 -fPIC -Wno-narrowing -Wall -Wextra -Werror=return-type -Wno-missing-field-initializers -Wno-type-limits -Wno-array-bounds -Wno-unknown-pragmas -Wno-sign-compare -Wno-unused-parameter -Wno-unused-variable -Wno-unused-function -Wno-unused-result -Wno-unused-local-typedefs -Wno-strict-overflow -Wno-strict-aliasing -Wno-error=deprecated-declarations -Wno-stringop-overflow -Wno-psabi -Wno-error=pedantic -Wno-error=redundant-decls -Wno-error=old-style-cast -fdiagnostics-color=always -faligned-new -Wno-unused-but-set-variable -Wno-maybe-uninitialized -fno-math-errno -fno-trapping-math -Werror=format -Wno-stringop-overflow, PERF_WITH_AVX=1, PERF_WITH_AVX2=1, PERF_WITH_AVX512=1, USE_CUDA=ON, USE_EXCEPTION_PTR=1, USE_GFLAGS=OFF, USE_GLOG=OFF, USE_MKL=ON, USE_MKLDNN=ON, USE_MPI=OFF, USE_NCCL=ON, USE_NNPACK=ON, USE_OPENMP=ON, 

TorchVision: 0.8.2
OpenCV: 4.9.0
MMCV: 1.5.0
MMCV Compiler: GCC 11.4
MMCV CUDA Compiler: 11.8
MMClassification: 0.15.0+cd68008
------------------------------------------------------------

2024-03-06 11:43:18,213 - mmcls - INFO - Distributed training: False
2024-03-06 11:43:18,432 - mmcls - INFO - Config:
model = dict(
    type='ImageClassifier',
    backbone=dict(
        type='VGG',
        depth=19,
        norm_cfg=dict(type='BN', requires_grad=True),
        num_classes=17),
    neck=None,
    head=dict(
        type='ClsHead', loss=dict(type='CrossEntropyLoss', loss_weight=1.0)))
dataset_type = 'Flowers'
img_norm_cfg = dict(
    mean=[123.675, 116.28, 103.53], std=[58.395, 57.12, 57.375], to_rgb=True)
train_pipeline = [
    dict(type='LoadImageFromFile'),
    dict(type='RandomResizedCrop', size=224, backend='pillow'),
    dict(type='RandomFlip', flip_prob=0.5, direction='horizontal'),
    dict(
        type='Normalize',
        mean=[123.675, 116.28, 103.53],
        std=[58.395, 57.12, 57.375],
        to_rgb=True),
    dict(type='ImageToTensor', keys=['img']),
    dict(type='ToTensor', keys=['gt_label']),
    dict(type='Collect', keys=['img', 'gt_label'])
]
test_pipeline = [
    dict(type='LoadImageFromFile'),
    dict(type='Resize', size=(256, -1), backend='pillow'),
    dict(type='CenterCrop', crop_size=224),
    dict(
        type='Normalize',
        mean=[123.675, 116.28, 103.53],
        std=[58.395, 57.12, 57.375],
        to_rgb=True),
    dict(type='ImageToTensor', keys=['img']),
    dict(type='Collect', keys=['img'])
]
data = dict(
    samples_per_gpu=4,
    workers_per_gpu=1,
    train=dict(
        type='Flowers',
        data_prefix='data/flowers/train',
        ann_file='data/flowers/meta/train.txt',
        pipeline=[
            dict(type='LoadImageFromFile'),
            dict(type='RandomResizedCrop', size=224, backend='pillow'),
            dict(type='RandomFlip', flip_prob=0.5, direction='horizontal'),
            dict(
                type='Normalize',
                mean=[123.675, 116.28, 103.53],
                std=[58.395, 57.12, 57.375],
                to_rgb=True),
            dict(type='ImageToTensor', keys=['img']),
            dict(type='ToTensor', keys=['gt_label']),
            dict(type='Collect', keys=['img', 'gt_label'])
        ]),
    val=dict(
        type='Flowers',
        data_prefix='data/flowers/val',
        ann_file='data/flowers/meta/val.txt',
        pipeline=[
            dict(type='LoadImageFromFile'),
            dict(type='Resize', size=(256, -1), backend='pillow'),
            dict(type='CenterCrop', crop_size=224),
            dict(
                type='Normalize',
                mean=[123.675, 116.28, 103.53],
                std=[58.395, 57.12, 57.375],
                to_rgb=True),
            dict(type='ImageToTensor', keys=['img']),
            dict(type='Collect', keys=['img'])
        ]),
    test=dict(
        type='Flowers',
        data_prefix='data/flowers/test',
        ann_file='data/flowers/meta/test.txt',
        pipeline=[
            dict(type='LoadImageFromFile'),
            dict(type='Resize', size=(256, -1), backend='pillow'),
            dict(type='CenterCrop', crop_size=224),
            dict(
                type='Normalize',
                mean=[123.675, 116.28, 103.53],
                std=[58.395, 57.12, 57.375],
                to_rgb=True),
            dict(type='ImageToTensor', keys=['img']),
            dict(type='Collect', keys=['img'])
        ]))
evaluation = dict(interval=1, metric='accuracy')
optimizer = dict(type='SGD', lr=0.1, momentum=0.9, weight_decay=0.0001)
optimizer_config = dict(grad_clip=None)
lr_config = dict(policy='step', step=[100, 150])
runner = dict(type='EpochBasedRunner', max_epochs=200)
checkpoint_config = dict(interval=100)
log_config = dict(interval=100, hooks=[dict(type='TextLoggerHook')])
dist_params = dict(backend='nccl')
log_level = 'INFO'
load_from = None
resume_from = None
workflow = [('train', 1)]
work_dir = 'output/vgg19/vgg19_flowers_bs4_lr0.1'
gpu_ids = range(0, 1)

2024-03-06 11:43:20,525 - mmcls - INFO - initialize VGG with init_cfg [{'type': 'Kaiming', 'layer': ['Conv2d']}, {'type': 'Constant', 'val': 1.0, 'layer': ['_BatchNorm']}, {'type': 'Normal', 'std': 0.01, 'layer': ['Linear']}]
Name of parameter - Initialization information

backbone.features.0.conv.weight - torch.Size([64, 3, 3, 3]): 
KaimingInit: a=0, mode=fan_out, nonlinearity=relu, distribution =normal, bias=0 

backbone.features.0.conv.bias - torch.Size([64]): 
The value is the same before and after calling `init_weights` of ImageClassifier  

backbone.features.0.bn.weight - torch.Size([64]): 
The value is the same before and after calling `init_weights` of ImageClassifier  

backbone.features.0.bn.bias - torch.Size([64]): 
The value is the same before and after calling `init_weights` of ImageClassifier  

backbone.features.1.conv.weight - torch.Size([64, 64, 3, 3]): 
KaimingInit: a=0, mode=fan_out, nonlinearity=relu, distribution =normal, bias=0 

backbone.features.1.conv.bias - torch.Size([64]): 
The value is the same before and after calling `init_weights` of ImageClassifier  

backbone.features.1.bn.weight - torch.Size([64]): 
The value is the same before and after calling `init_weights` of ImageClassifier  

backbone.features.1.bn.bias - torch.Size([64]): 
The value is the same before and after calling `init_weights` of ImageClassifier  

backbone.features.3.conv.weight - torch.Size([128, 64, 3, 3]): 
KaimingInit: a=0, mode=fan_out, nonlinearity=relu, distribution =normal, bias=0 

backbone.features.3.conv.bias - torch.Size([128]): 
The value is the same before and after calling `init_weights` of ImageClassifier  

backbone.features.3.bn.weight - torch.Size([128]): 
The value is the same before and after calling `init_weights` of ImageClassifier  

backbone.features.3.bn.bias - torch.Size([128]): 
The value is the same before and after calling `init_weights` of ImageClassifier  

backbone.features.4.conv.weight - torch.Size([128, 128, 3, 3]): 
KaimingInit: a=0, mode=fan_out, nonlinearity=relu, distribution =normal, bias=0 

backbone.features.4.conv.bias - torch.Size([128]): 
The value is the same before and after calling `init_weights` of ImageClassifier  

backbone.features.4.bn.weight - torch.Size([128]): 
The value is the same before and after calling `init_weights` of ImageClassifier  

backbone.features.4.bn.bias - torch.Size([128]): 
The value is the same before and after calling `init_weights` of ImageClassifier  

backbone.features.6.conv.weight - torch.Size([256, 128, 3, 3]): 
KaimingInit: a=0, mode=fan_out, nonlinearity=relu, distribution =normal, bias=0 

backbone.features.6.conv.bias - torch.Size([256]): 
The value is the same before and after calling `init_weights` of ImageClassifier  

backbone.features.6.bn.weight - torch.Size([256]): 
The value is the same before and after calling `init_weights` of ImageClassifier  

backbone.features.6.bn.bias - torch.Size([256]): 
The value is the same before and after calling `init_weights` of ImageClassifier  

backbone.features.7.conv.weight - torch.Size([256, 256, 3, 3]): 
KaimingInit: a=0, mode=fan_out, nonlinearity=relu, distribution =normal, bias=0 

backbone.features.7.conv.bias - torch.Size([256]): 
The value is the same before and after calling `init_weights` of ImageClassifier  

backbone.features.7.bn.weight - torch.Size([256]): 
The value is the same before and after calling `init_weights` of ImageClassifier  

backbone.features.7.bn.bias - torch.Size([256]): 
The value is the same before and after calling `init_weights` of ImageClassifier  

backbone.features.8.conv.weight - torch.Size([256, 256, 3, 3]): 
KaimingInit: a=0, mode=fan_out, nonlinearity=relu, distribution =normal, bias=0 

backbone.features.8.conv.bias - torch.Size([256]): 
The value is the same before and after calling `init_weights` of ImageClassifier  

backbone.features.8.bn.weight - torch.Size([256]): 
The value is the same before and after calling `init_weights` of ImageClassifier  

backbone.features.8.bn.bias - torch.Size([256]): 
The value is the same before and after calling `init_weights` of ImageClassifier  

backbone.features.9.conv.weight - torch.Size([256, 256, 3, 3]): 
KaimingInit: a=0, mode=fan_out, nonlinearity=relu, distribution =normal, bias=0 

backbone.features.9.conv.bias - torch.Size([256]): 
The value is the same before and after calling `init_weights` of ImageClassifier  

backbone.features.9.bn.weight - torch.Size([256]): 
The value is the same before and after calling `init_weights` of ImageClassifier  

backbone.features.9.bn.bias - torch.Size([256]): 
The value is the same before and after calling `init_weights` of ImageClassifier  

backbone.features.11.conv.weight - torch.Size([512, 256, 3, 3]): 
KaimingInit: a=0, mode=fan_out, nonlinearity=relu, distribution =normal, bias=0 

backbone.features.11.conv.bias - torch.Size([512]): 
The value is the same before and after calling `init_weights` of ImageClassifier  

backbone.features.11.bn.weight - torch.Size([512]): 
The value is the same before and after calling `init_weights` of ImageClassifier  

backbone.features.11.bn.bias - torch.Size([512]): 
The value is the same before and after calling `init_weights` of ImageClassifier  

backbone.features.12.conv.weight - torch.Size([512, 512, 3, 3]): 
KaimingInit: a=0, mode=fan_out, nonlinearity=relu, distribution =normal, bias=0 

backbone.features.12.conv.bias - torch.Size([512]): 
The value is the same before and after calling `init_weights` of ImageClassifier  

backbone.features.12.bn.weight - torch.Size([512]): 
The value is the same before and after calling `init_weights` of ImageClassifier  

backbone.features.12.bn.bias - torch.Size([512]): 
The value is the same before and after calling `init_weights` of ImageClassifier  

backbone.features.13.conv.weight - torch.Size([512, 512, 3, 3]): 
KaimingInit: a=0, mode=fan_out, nonlinearity=relu, distribution =normal, bias=0 

backbone.features.13.conv.bias - torch.Size([512]): 
The value is the same before and after calling `init_weights` of ImageClassifier  

backbone.features.13.bn.weight - torch.Size([512]): 
The value is the same before and after calling `init_weights` of ImageClassifier  

backbone.features.13.bn.bias - torch.Size([512]): 
The value is the same before and after calling `init_weights` of ImageClassifier  

backbone.features.14.conv.weight - torch.Size([512, 512, 3, 3]): 
KaimingInit: a=0, mode=fan_out, nonlinearity=relu, distribution =normal, bias=0 

backbone.features.14.conv.bias - torch.Size([512]): 
The value is the same before and after calling `init_weights` of ImageClassifier  

backbone.features.14.bn.weight - torch.Size([512]): 
The value is the same before and after calling `init_weights` of ImageClassifier  

backbone.features.14.bn.bias - torch.Size([512]): 
The value is the same before and after calling `init_weights` of ImageClassifier  

backbone.features.16.conv.weight - torch.Size([512, 512, 3, 3]): 
KaimingInit: a=0, mode=fan_out, nonlinearity=relu, distribution =normal, bias=0 

backbone.features.16.conv.bias - torch.Size([512]): 
The value is the same before and after calling `init_weights` of ImageClassifier  

backbone.features.16.bn.weight - torch.Size([512]): 
The value is the same before and after calling `init_weights` of ImageClassifier  

backbone.features.16.bn.bias - torch.Size([512]): 
The value is the same before and after calling `init_weights` of ImageClassifier  

backbone.features.17.conv.weight - torch.Size([512, 512, 3, 3]): 
KaimingInit: a=0, mode=fan_out, nonlinearity=relu, distribution =normal, bias=0 

backbone.features.17.conv.bias - torch.Size([512]): 
The value is the same before and after calling `init_weights` of ImageClassifier  

backbone.features.17.bn.weight - torch.Size([512]): 
The value is the same before and after calling `init_weights` of ImageClassifier  

backbone.features.17.bn.bias - torch.Size([512]): 
The value is the same before and after calling `init_weights` of ImageClassifier  

backbone.features.18.conv.weight - torch.Size([512, 512, 3, 3]): 
KaimingInit: a=0, mode=fan_out, nonlinearity=relu, distribution =normal, bias=0 

backbone.features.18.conv.bias - torch.Size([512]): 
The value is the same before and after calling `init_weights` of ImageClassifier  

backbone.features.18.bn.weight - torch.Size([512]): 
The value is the same before and after calling `init_weights` of ImageClassifier  

backbone.features.18.bn.bias - torch.Size([512]): 
The value is the same before and after calling `init_weights` of ImageClassifier  

backbone.features.19.conv.weight - torch.Size([512, 512, 3, 3]): 
KaimingInit: a=0, mode=fan_out, nonlinearity=relu, distribution =normal, bias=0 

backbone.features.19.conv.bias - torch.Size([512]): 
The value is the same before and after calling `init_weights` of ImageClassifier  

backbone.features.19.bn.weight - torch.Size([512]): 
The value is the same before and after calling `init_weights` of ImageClassifier  

backbone.features.19.bn.bias - torch.Size([512]): 
The value is the same before and after calling `init_weights` of ImageClassifier  

backbone.classifier.0.weight - torch.Size([4096, 25088]): 
NormalInit: mean=0, std=0.01, bias=0 

backbone.classifier.0.bias - torch.Size([4096]): 
NormalInit: mean=0, std=0.01, bias=0 

backbone.classifier.3.weight - torch.Size([4096, 4096]): 
NormalInit: mean=0, std=0.01, bias=0 

backbone.classifier.3.bias - torch.Size([4096]): 
NormalInit: mean=0, std=0.01, bias=0 

backbone.classifier.6.weight - torch.Size([17, 4096]): 
NormalInit: mean=0, std=0.01, bias=0 

backbone.classifier.6.bias - torch.Size([17]): 
NormalInit: mean=0, std=0.01, bias=0 
2024-03-06 11:43:41,534 - mmcls - INFO - Start running, host: zaychan@gpu2-comp-100, work_dir: /userhome/cs2/zaychan/COMP3340Project/CNN_Image_Classification_Code/output/vgg19/vgg19_flowers_bs4_lr0.1
2024-03-06 11:43:41,534 - mmcls - INFO - Hooks will be executed in the following order:
before_run:
(VERY_HIGH   ) StepLrUpdaterHook                  
(NORMAL      ) CheckpointHook                     
(NORMAL      ) EvalHook                           
(VERY_LOW    ) TextLoggerHook                     
 -------------------- 
before_train_epoch:
(VERY_HIGH   ) StepLrUpdaterHook                  
(NORMAL      ) EvalHook                           
(LOW         ) IterTimerHook                      
(VERY_LOW    ) TextLoggerHook                     
 -------------------- 
before_train_iter:
(VERY_HIGH   ) StepLrUpdaterHook                  
(NORMAL      ) EvalHook                           
(LOW         ) IterTimerHook                      
 -------------------- 
after_train_iter:
(ABOVE_NORMAL) OptimizerHook                      
(NORMAL      ) CheckpointHook                     
(NORMAL      ) EvalHook                           
(LOW         ) IterTimerHook                      
(VERY_LOW    ) TextLoggerHook                     
 -------------------- 
after_train_epoch:
(NORMAL      ) CheckpointHook                     
(NORMAL      ) EvalHook                           
(VERY_LOW    ) TextLoggerHook                     
 -------------------- 
before_val_epoch:
(LOW         ) IterTimerHook                      
(VERY_LOW    ) TextLoggerHook                     
 -------------------- 
before_val_iter:
(LOW         ) IterTimerHook                      
 -------------------- 
after_val_iter:
(LOW         ) IterTimerHook                      
 -------------------- 
after_val_epoch:
(VERY_LOW    ) TextLoggerHook                     
 -------------------- 
after_run:
(VERY_LOW    ) TextLoggerHook                     
 -------------------- 
2024-03-06 11:43:41,535 - mmcls - INFO - workflow: [('train', 1)], max: 200 epochs
2024-03-06 11:43:41,535 - mmcls - INFO - Checkpoints will be saved to /userhome/cs2/zaychan/COMP3340Project/CNN_Image_Classification_Code/output/vgg19/vgg19_flowers_bs4_lr0.1 by HardDiskBackend.
2024-03-06 11:44:02,089 - mmcls - INFO - Epoch [1][100/272]	lr: 1.000e-01, eta: 3:05:47, time: 0.205, data_time: 0.124, memory: 2525, loss: nan
2024-03-06 11:44:16,384 - mmcls - INFO - Epoch [1][200/272]	lr: 1.000e-01, eta: 2:37:16, time: 0.143, data_time: 0.092, memory: 2525, loss: nan
2024-03-06 11:44:32,129 - mmcls - INFO - Epoch(val) [1][34]	accuracy_top-1: 0.0000, accuracy_top-5: 0.0000
2024-03-06 11:44:40,019 - mmcls - INFO - Epoch [2][100/272]	lr: 1.000e-01, eta: 1:43:17, time: 0.079, data_time: 0.026, memory: 2525, loss: nan
2024-03-06 11:44:45,644 - mmcls - INFO - Epoch [2][200/272]	lr: 1.000e-01, eta: 1:31:58, time: 0.056, data_time: 0.004, memory: 2525, loss: nan
2024-03-06 11:44:51,481 - mmcls - INFO - Epoch(val) [2][34]	accuracy_top-1: 0.0000, accuracy_top-5: 0.0000
2024-03-06 11:44:59,455 - mmcls - INFO - Epoch [3][100/272]	lr: 1.000e-01, eta: 1:18:14, time: 0.079, data_time: 0.027, memory: 2525, loss: nan
2024-03-06 11:45:05,060 - mmcls - INFO - Epoch [3][200/272]	lr: 1.000e-01, eta: 1:14:20, time: 0.056, data_time: 0.004, memory: 2525, loss: nan
2024-03-06 11:45:10,872 - mmcls - INFO - Epoch(val) [3][34]	accuracy_top-1: 0.0000, accuracy_top-5: 0.0000
2024-03-06 11:45:18,739 - mmcls - INFO - Epoch [4][100/272]	lr: 1.000e-01, eta: 1:07:48, time: 0.078, data_time: 0.026, memory: 2525, loss: nan
2024-03-06 11:45:24,384 - mmcls - INFO - Epoch [4][200/272]	lr: 1.000e-01, eta: 1:05:57, time: 0.056, data_time: 0.006, memory: 2525, loss: nan
2024-03-06 11:45:30,230 - mmcls - INFO - Epoch(val) [4][34]	accuracy_top-1: 0.0000, accuracy_top-5: 0.0000
2024-03-06 11:45:38,143 - mmcls - INFO - Epoch [5][100/272]	lr: 1.000e-01, eta: 1:02:06, time: 0.079, data_time: 0.026, memory: 2525, loss: nan
2024-03-06 11:45:43,772 - mmcls - INFO - Epoch [5][200/272]	lr: 1.000e-01, eta: 1:01:02, time: 0.056, data_time: 0.003, memory: 2525, loss: nan
2024-03-06 11:45:49,569 - mmcls - INFO - Epoch(val) [5][34]	accuracy_top-1: 0.0000, accuracy_top-5: 0.0000
2024-03-06 11:45:57,465 - mmcls - INFO - Epoch [6][100/272]	lr: 1.000e-01, eta: 0:58:25, time: 0.079, data_time: 0.025, memory: 2525, loss: nan
2024-03-06 11:46:03,082 - mmcls - INFO - Epoch [6][200/272]	lr: 1.000e-01, eta: 0:57:45, time: 0.056, data_time: 0.002, memory: 2525, loss: nan
2024-03-06 11:46:08,869 - mmcls - INFO - Epoch(val) [6][34]	accuracy_top-1: 0.0000, accuracy_top-5: 0.0000
2024-03-06 11:46:16,737 - mmcls - INFO - Epoch [7][100/272]	lr: 1.000e-01, eta: 0:55:49, time: 0.078, data_time: 0.026, memory: 2525, loss: nan
2024-03-06 11:46:22,385 - mmcls - INFO - Epoch [7][200/272]	lr: 1.000e-01, eta: 0:55:22, time: 0.056, data_time: 0.006, memory: 2525, loss: nan
2024-03-06 11:46:28,325 - mmcls - INFO - Epoch(val) [7][34]	accuracy_top-1: 0.0000, accuracy_top-5: 0.0000
2024-03-06 11:46:36,250 - mmcls - INFO - Epoch [8][100/272]	lr: 1.000e-01, eta: 0:53:53, time: 0.079, data_time: 0.026, memory: 2525, loss: nan
2024-03-06 11:46:41,887 - mmcls - INFO - Epoch [8][200/272]	lr: 1.000e-01, eta: 0:53:33, time: 0.056, data_time: 0.004, memory: 2525, loss: nan
2024-03-06 11:46:47,674 - mmcls - INFO - Epoch(val) [8][34]	accuracy_top-1: 0.0000, accuracy_top-5: 0.0000
2024-03-06 11:46:55,568 - mmcls - INFO - Epoch [9][100/272]	lr: 1.000e-01, eta: 0:52:21, time: 0.079, data_time: 0.026, memory: 2525, loss: nan
2024-03-06 11:47:01,207 - mmcls - INFO - Epoch [9][200/272]	lr: 1.000e-01, eta: 0:52:06, time: 0.056, data_time: 0.004, memory: 2525, loss: nan
2024-03-06 11:47:07,059 - mmcls - INFO - Epoch(val) [9][34]	accuracy_top-1: 0.0000, accuracy_top-5: 0.0000
2024-03-06 11:47:14,973 - mmcls - INFO - Epoch [10][100/272]	lr: 1.000e-01, eta: 0:51:06, time: 0.079, data_time: 0.025, memory: 2525, loss: nan
2024-03-06 11:47:20,633 - mmcls - INFO - Epoch [10][200/272]	lr: 1.000e-01, eta: 0:50:55, time: 0.057, data_time: 0.003, memory: 2525, loss: nan
2024-03-06 11:47:26,452 - mmcls - INFO - Epoch(val) [10][34]	accuracy_top-1: 0.0000, accuracy_top-5: 0.0000
2024-03-06 11:47:34,365 - mmcls - INFO - Epoch [11][100/272]	lr: 1.000e-01, eta: 0:50:03, time: 0.079, data_time: 0.025, memory: 2525, loss: nan
2024-03-06 11:47:40,000 - mmcls - INFO - Epoch [11][200/272]	lr: 1.000e-01, eta: 0:49:54, time: 0.056, data_time: 0.003, memory: 2525, loss: nan
2024-03-06 11:47:45,785 - mmcls - INFO - Epoch(val) [11][34]	accuracy_top-1: 0.0000, accuracy_top-5: 0.0000
2024-03-06 11:47:53,666 - mmcls - INFO - Epoch [12][100/272]	lr: 1.000e-01, eta: 0:49:08, time: 0.078, data_time: 0.025, memory: 2525, loss: nan
2024-03-06 11:47:59,300 - mmcls - INFO - Epoch [12][200/272]	lr: 1.000e-01, eta: 0:49:01, time: 0.056, data_time: 0.003, memory: 2525, loss: nan
2024-03-06 11:48:05,091 - mmcls - INFO - Epoch(val) [12][34]	accuracy_top-1: 0.0000, accuracy_top-5: 0.0000
2024-03-06 11:48:13,013 - mmcls - INFO - Epoch [13][100/272]	lr: 1.000e-01, eta: 0:48:21, time: 0.079, data_time: 0.025, memory: 2525, loss: nan
2024-03-06 11:48:18,675 - mmcls - INFO - Epoch [13][200/272]	lr: 1.000e-01, eta: 0:48:14, time: 0.057, data_time: 0.003, memory: 2525, loss: nan
2024-03-06 11:48:24,665 - mmcls - INFO - Epoch(val) [13][34]	accuracy_top-1: 0.0000, accuracy_top-5: 0.0000
2024-03-06 11:48:32,538 - mmcls - INFO - Epoch [14][100/272]	lr: 1.000e-01, eta: 0:47:38, time: 0.078, data_time: 0.025, memory: 2525, loss: nan
2024-03-06 11:48:38,197 - mmcls - INFO - Epoch [14][200/272]	lr: 1.000e-01, eta: 0:47:32, time: 0.057, data_time: 0.004, memory: 2525, loss: nan
2024-03-06 11:48:44,087 - mmcls - INFO - Epoch(val) [14][34]	accuracy_top-1: 0.0000, accuracy_top-5: 0.0000
2024-03-06 11:48:51,986 - mmcls - INFO - Epoch [15][100/272]	lr: 1.000e-01, eta: 0:46:59, time: 0.079, data_time: 0.025, memory: 2525, loss: nan
2024-03-06 11:48:57,625 - mmcls - INFO - Epoch [15][200/272]	lr: 1.000e-01, eta: 0:46:54, time: 0.056, data_time: 0.002, memory: 2525, loss: nan
2024-03-06 11:49:03,384 - mmcls - INFO - Epoch(val) [15][34]	accuracy_top-1: 0.0000, accuracy_top-5: 0.0000
2024-03-06 11:49:11,283 - mmcls - INFO - Epoch [16][100/272]	lr: 1.000e-01, eta: 0:46:24, time: 0.079, data_time: 0.025, memory: 2525, loss: nan
2024-03-06 11:49:16,921 - mmcls - INFO - Epoch [16][200/272]	lr: 1.000e-01, eta: 0:46:19, time: 0.056, data_time: 0.002, memory: 2525, loss: nan
2024-03-06 11:49:22,717 - mmcls - INFO - Epoch(val) [16][34]	accuracy_top-1: 0.0000, accuracy_top-5: 0.0000
2024-03-06 11:49:30,638 - mmcls - INFO - Epoch [17][100/272]	lr: 1.000e-01, eta: 0:45:51, time: 0.079, data_time: 0.027, memory: 2525, loss: nan
2024-03-06 11:49:36,272 - mmcls - INFO - Epoch [17][200/272]	lr: 1.000e-01, eta: 0:45:47, time: 0.056, data_time: 0.004, memory: 2525, loss: nan
2024-03-06 11:49:42,122 - mmcls - INFO - Epoch(val) [17][34]	accuracy_top-1: 0.0000, accuracy_top-5: 0.0000
2024-03-06 11:49:50,066 - mmcls - INFO - Epoch [18][100/272]	lr: 1.000e-01, eta: 0:45:21, time: 0.079, data_time: 0.026, memory: 2525, loss: nan
2024-03-06 11:49:55,720 - mmcls - INFO - Epoch [18][200/272]	lr: 1.000e-01, eta: 0:45:17, time: 0.057, data_time: 0.003, memory: 2525, loss: nan
2024-03-06 11:50:01,484 - mmcls - INFO - Epoch(val) [18][34]	accuracy_top-1: 0.0000, accuracy_top-5: 0.0000
2024-03-06 11:50:09,367 - mmcls - INFO - Epoch [19][100/272]	lr: 1.000e-01, eta: 0:44:52, time: 0.078, data_time: 0.025, memory: 2525, loss: nan
2024-03-06 11:50:15,005 - mmcls - INFO - Epoch [19][200/272]	lr: 1.000e-01, eta: 0:44:49, time: 0.056, data_time: 0.004, memory: 2525, loss: nan
2024-03-06 11:50:20,828 - mmcls - INFO - Epoch(val) [19][34]	accuracy_top-1: 0.0000, accuracy_top-5: 0.0000
2024-03-06 11:50:28,725 - mmcls - INFO - Epoch [20][100/272]	lr: 1.000e-01, eta: 0:44:25, time: 0.079, data_time: 0.025, memory: 2525, loss: nan
2024-03-06 11:50:34,363 - mmcls - INFO - Epoch [20][200/272]	lr: 1.000e-01, eta: 0:44:21, time: 0.056, data_time: 0.004, memory: 2525, loss: nan
2024-03-06 11:50:40,127 - mmcls - INFO - Epoch(val) [20][34]	accuracy_top-1: 0.0000, accuracy_top-5: 0.0000
2024-03-06 11:50:48,056 - mmcls - INFO - Epoch [21][100/272]	lr: 1.000e-01, eta: 0:43:59, time: 0.079, data_time: 0.027, memory: 2525, loss: nan
2024-03-06 11:50:53,726 - mmcls - INFO - Epoch [21][200/272]	lr: 1.000e-01, eta: 0:43:56, time: 0.057, data_time: 0.004, memory: 2525, loss: nan
2024-03-06 11:50:59,504 - mmcls - INFO - Epoch(val) [21][34]	accuracy_top-1: 0.0000, accuracy_top-5: 0.0000
2024-03-06 11:51:07,473 - mmcls - INFO - Epoch [22][100/272]	lr: 1.000e-01, eta: 0:43:36, time: 0.079, data_time: 0.027, memory: 2525, loss: nan
2024-03-06 11:51:13,123 - mmcls - INFO - Epoch [22][200/272]	lr: 1.000e-01, eta: 0:43:32, time: 0.056, data_time: 0.004, memory: 2525, loss: nan
2024-03-06 11:51:18,897 - mmcls - INFO - Epoch(val) [22][34]	accuracy_top-1: 0.0000, accuracy_top-5: 0.0000
2024-03-06 11:51:26,806 - mmcls - INFO - Epoch [23][100/272]	lr: 1.000e-01, eta: 0:43:12, time: 0.079, data_time: 0.025, memory: 2525, loss: nan
2024-03-06 11:51:32,444 - mmcls - INFO - Epoch [23][200/272]	lr: 1.000e-01, eta: 0:43:09, time: 0.056, data_time: 0.003, memory: 2525, loss: nan
2024-03-06 11:51:38,204 - mmcls - INFO - Epoch(val) [23][34]	accuracy_top-1: 0.0000, accuracy_top-5: 0.0000
2024-03-06 11:51:46,105 - mmcls - INFO - Epoch [24][100/272]	lr: 1.000e-01, eta: 0:42:49, time: 0.079, data_time: 0.026, memory: 2525, loss: nan
2024-03-06 11:51:51,769 - mmcls - INFO - Epoch [24][200/272]	lr: 1.000e-01, eta: 0:42:46, time: 0.057, data_time: 0.004, memory: 2525, loss: nan
2024-03-06 11:51:57,609 - mmcls - INFO - Epoch(val) [24][34]	accuracy_top-1: 0.0000, accuracy_top-5: 0.0000
2024-03-06 11:52:05,501 - mmcls - INFO - Epoch [25][100/272]	lr: 1.000e-01, eta: 0:42:27, time: 0.079, data_time: 0.025, memory: 2525, loss: nan
2024-03-06 11:52:11,136 - mmcls - INFO - Epoch [25][200/272]	lr: 1.000e-01, eta: 0:42:24, time: 0.056, data_time: 0.003, memory: 2525, loss: nan
2024-03-06 11:52:16,878 - mmcls - INFO - Epoch(val) [25][34]	accuracy_top-1: 0.0000, accuracy_top-5: 0.0000
2024-03-06 11:52:24,780 - mmcls - INFO - Epoch [26][100/272]	lr: 1.000e-01, eta: 0:42:06, time: 0.079, data_time: 0.025, memory: 2525, loss: nan
2024-03-06 11:52:30,425 - mmcls - INFO - Epoch [26][200/272]	lr: 1.000e-01, eta: 0:42:03, time: 0.056, data_time: 0.003, memory: 2525, loss: nan
2024-03-06 11:52:36,172 - mmcls - INFO - Epoch(val) [26][34]	accuracy_top-1: 0.0000, accuracy_top-5: 0.0000
2024-03-06 11:52:44,064 - mmcls - INFO - Epoch [27][100/272]	lr: 1.000e-01, eta: 0:41:45, time: 0.079, data_time: 0.025, memory: 2525, loss: nan
2024-03-06 11:52:49,700 - mmcls - INFO - Epoch [27][200/272]	lr: 1.000e-01, eta: 0:41:42, time: 0.056, data_time: 0.002, memory: 2525, loss: nan
2024-03-06 11:52:55,371 - mmcls - INFO - Epoch(val) [27][34]	accuracy_top-1: 0.0000, accuracy_top-5: 0.0000
2024-03-06 11:53:03,251 - mmcls - INFO - Epoch [28][100/272]	lr: 1.000e-01, eta: 0:41:24, time: 0.078, data_time: 0.025, memory: 2525, loss: nan
2024-03-06 11:53:08,884 - mmcls - INFO - Epoch [28][200/272]	lr: 1.000e-01, eta: 0:41:21, time: 0.056, data_time: 0.003, memory: 2525, loss: nan
2024-03-06 11:53:14,624 - mmcls - INFO - Epoch(val) [28][34]	accuracy_top-1: 0.0000, accuracy_top-5: 0.0000
2024-03-06 11:53:22,537 - mmcls - INFO - Epoch [29][100/272]	lr: 1.000e-01, eta: 0:41:05, time: 0.079, data_time: 0.025, memory: 2525, loss: nan
2024-03-06 11:53:28,224 - mmcls - INFO - Epoch [29][200/272]	lr: 1.000e-01, eta: 0:41:02, time: 0.057, data_time: 0.006, memory: 2525, loss: nan
2024-03-06 11:53:34,032 - mmcls - INFO - Epoch(val) [29][34]	accuracy_top-1: 0.0000, accuracy_top-5: 0.0000
2024-03-06 11:53:41,936 - mmcls - INFO - Epoch [30][100/272]	lr: 1.000e-01, eta: 0:40:46, time: 0.079, data_time: 0.025, memory: 2525, loss: nan
2024-03-06 11:53:47,569 - mmcls - INFO - Epoch [30][200/272]	lr: 1.000e-01, eta: 0:40:42, time: 0.056, data_time: 0.003, memory: 2525, loss: nan
2024-03-06 11:53:53,315 - mmcls - INFO - Epoch(val) [30][34]	accuracy_top-1: 0.0000, accuracy_top-5: 0.0000
2024-03-06 11:54:01,257 - mmcls - INFO - Epoch [31][100/272]	lr: 1.000e-01, eta: 0:40:27, time: 0.079, data_time: 0.026, memory: 2525, loss: nan
2024-03-06 11:54:06,954 - mmcls - INFO - Epoch [31][200/272]	lr: 1.000e-01, eta: 0:40:24, time: 0.057, data_time: 0.004, memory: 2525, loss: nan
2024-03-06 11:54:12,727 - mmcls - INFO - Epoch(val) [31][34]	accuracy_top-1: 0.0000, accuracy_top-5: 0.0000
2024-03-06 11:54:20,613 - mmcls - INFO - Epoch [32][100/272]	lr: 1.000e-01, eta: 0:40:08, time: 0.079, data_time: 0.025, memory: 2525, loss: nan
2024-03-06 11:54:26,253 - mmcls - INFO - Epoch [32][200/272]	lr: 1.000e-01, eta: 0:40:05, time: 0.056, data_time: 0.003, memory: 2525, loss: nan
2024-03-06 11:54:32,039 - mmcls - INFO - Epoch(val) [32][34]	accuracy_top-1: 0.0000, accuracy_top-5: 0.0000
2024-03-06 11:54:39,985 - mmcls - INFO - Epoch [33][100/272]	lr: 1.000e-01, eta: 0:39:50, time: 0.079, data_time: 0.026, memory: 2525, loss: nan
2024-03-06 11:54:45,632 - mmcls - INFO - Epoch [33][200/272]	lr: 1.000e-01, eta: 0:39:47, time: 0.056, data_time: 0.003, memory: 2525, loss: nan
2024-03-06 11:54:51,362 - mmcls - INFO - Epoch(val) [33][34]	accuracy_top-1: 0.0000, accuracy_top-5: 0.0000
2024-03-06 11:54:59,328 - mmcls - INFO - Epoch [34][100/272]	lr: 1.000e-01, eta: 0:39:33, time: 0.079, data_time: 0.028, memory: 2525, loss: nan
2024-03-06 11:55:04,968 - mmcls - INFO - Epoch [34][200/272]	lr: 1.000e-01, eta: 0:39:29, time: 0.056, data_time: 0.003, memory: 2525, loss: nan
2024-03-06 11:55:10,751 - mmcls - INFO - Epoch(val) [34][34]	accuracy_top-1: 0.0000, accuracy_top-5: 0.0000
2024-03-06 11:55:18,677 - mmcls - INFO - Epoch [35][100/272]	lr: 1.000e-01, eta: 0:39:15, time: 0.079, data_time: 0.026, memory: 2525, loss: nan
2024-03-06 11:55:24,406 - mmcls - INFO - Epoch [35][200/272]	lr: 1.000e-01, eta: 0:39:12, time: 0.057, data_time: 0.006, memory: 2525, loss: nan
2024-03-06 11:55:30,191 - mmcls - INFO - Epoch(val) [35][34]	accuracy_top-1: 0.0000, accuracy_top-5: 0.0000
2024-03-06 11:55:38,180 - mmcls - INFO - Epoch [36][100/272]	lr: 1.000e-01, eta: 0:38:58, time: 0.080, data_time: 0.027, memory: 2525, loss: nan
2024-03-06 11:55:43,828 - mmcls - INFO - Epoch [36][200/272]	lr: 1.000e-01, eta: 0:38:55, time: 0.056, data_time: 0.004, memory: 2525, loss: nan
2024-03-06 11:55:49,481 - mmcls - INFO - Epoch(val) [36][34]	accuracy_top-1: 0.0000, accuracy_top-5: 0.0000
2024-03-06 11:55:57,350 - mmcls - INFO - Epoch [37][100/272]	lr: 1.000e-01, eta: 0:38:41, time: 0.078, data_time: 0.024, memory: 2525, loss: nan
2024-03-06 11:56:03,058 - mmcls - INFO - Epoch [37][200/272]	lr: 1.000e-01, eta: 0:38:38, time: 0.057, data_time: 0.005, memory: 2525, loss: nan
2024-03-06 11:56:08,886 - mmcls - INFO - Epoch(val) [37][34]	accuracy_top-1: 0.0000, accuracy_top-5: 0.0000
2024-03-06 11:56:16,825 - mmcls - INFO - Epoch [38][100/272]	lr: 1.000e-01, eta: 0:38:24, time: 0.079, data_time: 0.026, memory: 2525, loss: nan
2024-03-06 11:56:22,484 - mmcls - INFO - Epoch [38][200/272]	lr: 1.000e-01, eta: 0:38:21, time: 0.057, data_time: 0.003, memory: 2525, loss: nan
2024-03-06 11:56:28,260 - mmcls - INFO - Epoch(val) [38][34]	accuracy_top-1: 0.0000, accuracy_top-5: 0.0000
2024-03-06 11:56:36,159 - mmcls - INFO - Epoch [39][100/272]	lr: 1.000e-01, eta: 0:38:07, time: 0.079, data_time: 0.027, memory: 2525, loss: nan
2024-03-06 11:56:41,785 - mmcls - INFO - Epoch [39][200/272]	lr: 1.000e-01, eta: 0:38:04, time: 0.056, data_time: 0.003, memory: 2525, loss: nan
2024-03-06 11:56:47,667 - mmcls - INFO - Epoch(val) [39][34]	accuracy_top-1: 0.0000, accuracy_top-5: 0.0000
2024-03-06 11:56:55,583 - mmcls - INFO - Epoch [40][100/272]	lr: 1.000e-01, eta: 0:37:50, time: 0.079, data_time: 0.025, memory: 2525, loss: nan
2024-03-06 11:57:01,228 - mmcls - INFO - Epoch [40][200/272]	lr: 1.000e-01, eta: 0:37:47, time: 0.056, data_time: 0.002, memory: 2525, loss: nan
2024-03-06 11:57:06,813 - mmcls - INFO - Epoch(val) [40][34]	accuracy_top-1: 0.0000, accuracy_top-5: 0.0000
2024-03-06 11:57:14,744 - mmcls - INFO - Epoch [41][100/272]	lr: 1.000e-01, eta: 0:37:34, time: 0.079, data_time: 0.026, memory: 2525, loss: nan
2024-03-06 11:57:20,432 - mmcls - INFO - Epoch [41][200/272]	lr: 1.000e-01, eta: 0:37:31, time: 0.057, data_time: 0.005, memory: 2525, loss: nan
2024-03-06 11:57:26,256 - mmcls - INFO - Epoch(val) [41][34]	accuracy_top-1: 0.0000, accuracy_top-5: 0.0000
2024-03-06 11:57:34,162 - mmcls - INFO - Epoch [42][100/272]	lr: 1.000e-01, eta: 0:37:18, time: 0.079, data_time: 0.026, memory: 2525, loss: nan
2024-03-06 11:57:39,813 - mmcls - INFO - Epoch [42][200/272]	lr: 1.000e-01, eta: 0:37:14, time: 0.057, data_time: 0.003, memory: 2525, loss: nan
2024-03-06 11:57:45,530 - mmcls - INFO - Epoch(val) [42][34]	accuracy_top-1: 0.0000, accuracy_top-5: 0.0000
2024-03-06 11:57:53,411 - mmcls - INFO - Epoch [43][100/272]	lr: 1.000e-01, eta: 0:37:01, time: 0.078, data_time: 0.025, memory: 2525, loss: nan
2024-03-06 11:57:59,049 - mmcls - INFO - Epoch [43][200/272]	lr: 1.000e-01, eta: 0:36:58, time: 0.056, data_time: 0.002, memory: 2525, loss: nan
2024-03-06 11:58:04,809 - mmcls - INFO - Epoch(val) [43][34]	accuracy_top-1: 0.0000, accuracy_top-5: 0.0000
2024-03-06 11:58:12,705 - mmcls - INFO - Epoch [44][100/272]	lr: 1.000e-01, eta: 0:36:45, time: 0.079, data_time: 0.025, memory: 2525, loss: nan
2024-03-06 11:58:18,343 - mmcls - INFO - Epoch [44][200/272]	lr: 1.000e-01, eta: 0:36:41, time: 0.056, data_time: 0.002, memory: 2525, loss: nan
2024-03-06 11:58:24,132 - mmcls - INFO - Epoch(val) [44][34]	accuracy_top-1: 0.0000, accuracy_top-5: 0.0000
2024-03-06 11:58:32,034 - mmcls - INFO - Epoch [45][100/272]	lr: 1.000e-01, eta: 0:36:29, time: 0.079, data_time: 0.025, memory: 2525, loss: nan
2024-03-06 11:58:37,683 - mmcls - INFO - Epoch [45][200/272]	lr: 1.000e-01, eta: 0:36:25, time: 0.056, data_time: 0.003, memory: 2525, loss: nan
2024-03-06 11:58:43,478 - mmcls - INFO - Epoch(val) [45][34]	accuracy_top-1: 0.0000, accuracy_top-5: 0.0000
2024-03-06 11:58:51,387 - mmcls - INFO - Epoch [46][100/272]	lr: 1.000e-01, eta: 0:36:13, time: 0.079, data_time: 0.026, memory: 2525, loss: nan
2024-03-06 11:58:57,051 - mmcls - INFO - Epoch [46][200/272]	lr: 1.000e-01, eta: 0:36:09, time: 0.057, data_time: 0.004, memory: 2525, loss: nan
2024-03-06 11:59:02,911 - mmcls - INFO - Epoch(val) [46][34]	accuracy_top-1: 0.0000, accuracy_top-5: 0.0000
2024-03-06 11:59:10,808 - mmcls - INFO - Epoch [47][100/272]	lr: 1.000e-01, eta: 0:35:57, time: 0.079, data_time: 0.025, memory: 2525, loss: nan
2024-03-06 11:59:16,453 - mmcls - INFO - Epoch [47][200/272]	lr: 1.000e-01, eta: 0:35:54, time: 0.056, data_time: 0.002, memory: 2525, loss: nan
2024-03-06 11:59:22,424 - mmcls - INFO - Epoch(val) [47][34]	accuracy_top-1: 0.0000, accuracy_top-5: 0.0000
2024-03-06 11:59:30,388 - mmcls - INFO - Epoch [48][100/272]	lr: 1.000e-01, eta: 0:35:42, time: 0.079, data_time: 0.026, memory: 2525, loss: nan
2024-03-06 11:59:36,035 - mmcls - INFO - Epoch [48][200/272]	lr: 1.000e-01, eta: 0:35:38, time: 0.056, data_time: 0.004, memory: 2525, loss: nan
2024-03-06 11:59:41,931 - mmcls - INFO - Epoch(val) [48][34]	accuracy_top-1: 0.0000, accuracy_top-5: 0.0000
2024-03-06 11:59:49,794 - mmcls - INFO - Epoch [49][100/272]	lr: 1.000e-01, eta: 0:35:26, time: 0.078, data_time: 0.025, memory: 2525, loss: nan
2024-03-06 11:59:55,430 - mmcls - INFO - Epoch [49][200/272]	lr: 1.000e-01, eta: 0:35:22, time: 0.056, data_time: 0.002, memory: 2525, loss: nan
2024-03-06 12:00:01,116 - mmcls - INFO - Epoch(val) [49][34]	accuracy_top-1: 0.0000, accuracy_top-5: 0.0000
2024-03-06 12:00:09,036 - mmcls - INFO - Epoch [50][100/272]	lr: 1.000e-01, eta: 0:35:10, time: 0.079, data_time: 0.026, memory: 2525, loss: nan
2024-03-06 12:00:14,674 - mmcls - INFO - Epoch [50][200/272]	lr: 1.000e-01, eta: 0:35:06, time: 0.056, data_time: 0.003, memory: 2525, loss: nan
2024-03-06 12:00:20,473 - mmcls - INFO - Epoch(val) [50][34]	accuracy_top-1: 0.0000, accuracy_top-5: 0.0000
2024-03-06 12:00:28,358 - mmcls - INFO - Epoch [51][100/272]	lr: 1.000e-01, eta: 0:34:55, time: 0.078, data_time: 0.025, memory: 2525, loss: nan
2024-03-06 12:00:33,993 - mmcls - INFO - Epoch [51][200/272]	lr: 1.000e-01, eta: 0:34:51, time: 0.056, data_time: 0.004, memory: 2525, loss: nan
2024-03-06 12:00:39,841 - mmcls - INFO - Epoch(val) [51][34]	accuracy_top-1: 0.0000, accuracy_top-5: 0.0000
2024-03-06 12:00:47,723 - mmcls - INFO - Epoch [52][100/272]	lr: 1.000e-01, eta: 0:34:39, time: 0.078, data_time: 0.026, memory: 2525, loss: nan
2024-03-06 12:00:53,350 - mmcls - INFO - Epoch [52][200/272]	lr: 1.000e-01, eta: 0:34:35, time: 0.056, data_time: 0.003, memory: 2525, loss: nan
2024-03-06 12:00:59,204 - mmcls - INFO - Epoch(val) [52][34]	accuracy_top-1: 0.0000, accuracy_top-5: 0.0000
2024-03-06 12:01:07,082 - mmcls - INFO - Epoch [53][100/272]	lr: 1.000e-01, eta: 0:34:24, time: 0.078, data_time: 0.025, memory: 2525, loss: nan
2024-03-06 12:01:12,712 - mmcls - INFO - Epoch [53][200/272]	lr: 1.000e-01, eta: 0:34:20, time: 0.056, data_time: 0.002, memory: 2525, loss: nan
2024-03-06 12:01:18,490 - mmcls - INFO - Epoch(val) [53][34]	accuracy_top-1: 0.0000, accuracy_top-5: 0.0000
2024-03-06 12:01:26,462 - mmcls - INFO - Epoch [54][100/272]	lr: 1.000e-01, eta: 0:34:08, time: 0.079, data_time: 0.027, memory: 2525, loss: nan
2024-03-06 12:01:32,126 - mmcls - INFO - Epoch [54][200/272]	lr: 1.000e-01, eta: 0:34:05, time: 0.057, data_time: 0.005, memory: 2525, loss: nan
2024-03-06 12:01:37,899 - mmcls - INFO - Epoch(val) [54][34]	accuracy_top-1: 0.0000, accuracy_top-5: 0.0000
2024-03-06 12:01:45,797 - mmcls - INFO - Epoch [55][100/272]	lr: 1.000e-01, eta: 0:33:53, time: 0.079, data_time: 0.025, memory: 2525, loss: nan
2024-03-06 12:01:51,430 - mmcls - INFO - Epoch [55][200/272]	lr: 1.000e-01, eta: 0:33:50, time: 0.056, data_time: 0.002, memory: 2525, loss: nan
2024-03-06 12:01:57,209 - mmcls - INFO - Epoch(val) [55][34]	accuracy_top-1: 0.0000, accuracy_top-5: 0.0000
2024-03-06 12:02:05,110 - mmcls - INFO - Epoch [56][100/272]	lr: 1.000e-01, eta: 0:33:38, time: 0.079, data_time: 0.025, memory: 2525, loss: nan
2024-03-06 12:02:10,924 - mmcls - INFO - Epoch [56][200/272]	lr: 1.000e-01, eta: 0:33:35, time: 0.058, data_time: 0.009, memory: 2525, loss: nan
2024-03-06 12:02:16,799 - mmcls - INFO - Epoch(val) [56][34]	accuracy_top-1: 0.0000, accuracy_top-5: 0.0000
2024-03-06 12:02:24,713 - mmcls - INFO - Epoch [57][100/272]	lr: 1.000e-01, eta: 0:33:23, time: 0.079, data_time: 0.026, memory: 2525, loss: nan
2024-03-06 12:02:30,426 - mmcls - INFO - Epoch [57][200/272]	lr: 1.000e-01, eta: 0:33:20, time: 0.057, data_time: 0.005, memory: 2525, loss: nan
2024-03-06 12:02:36,304 - mmcls - INFO - Epoch(val) [57][34]	accuracy_top-1: 0.0000, accuracy_top-5: 0.0000
2024-03-06 12:02:44,213 - mmcls - INFO - Epoch [58][100/272]	lr: 1.000e-01, eta: 0:33:09, time: 0.079, data_time: 0.025, memory: 2525, loss: nan
2024-03-06 12:02:49,857 - mmcls - INFO - Epoch [58][200/272]	lr: 1.000e-01, eta: 0:33:05, time: 0.056, data_time: 0.002, memory: 2525, loss: nan
2024-03-06 12:02:55,662 - mmcls - INFO - Epoch(val) [58][34]	accuracy_top-1: 0.0000, accuracy_top-5: 0.0000
2024-03-06 12:03:03,625 - mmcls - INFO - Epoch [59][100/272]	lr: 1.000e-01, eta: 0:32:54, time: 0.079, data_time: 0.027, memory: 2525, loss: nan
2024-03-06 12:03:09,321 - mmcls - INFO - Epoch [59][200/272]	lr: 1.000e-01, eta: 0:32:50, time: 0.057, data_time: 0.007, memory: 2525, loss: nan
2024-03-06 12:03:15,110 - mmcls - INFO - Epoch(val) [59][34]	accuracy_top-1: 0.0000, accuracy_top-5: 0.0000
2024-03-06 12:03:22,978 - mmcls - INFO - Epoch [60][100/272]	lr: 1.000e-01, eta: 0:32:39, time: 0.078, data_time: 0.026, memory: 2525, loss: nan
2024-03-06 12:03:28,639 - mmcls - INFO - Epoch [60][200/272]	lr: 1.000e-01, eta: 0:32:35, time: 0.057, data_time: 0.003, memory: 2525, loss: nan
2024-03-06 12:03:34,411 - mmcls - INFO - Epoch(val) [60][34]	accuracy_top-1: 0.0000, accuracy_top-5: 0.0000
2024-03-06 12:03:42,372 - mmcls - INFO - Epoch [61][100/272]	lr: 1.000e-01, eta: 0:32:24, time: 0.079, data_time: 0.028, memory: 2525, loss: nan
2024-03-06 12:03:48,001 - mmcls - INFO - Epoch [61][200/272]	lr: 1.000e-01, eta: 0:32:20, time: 0.056, data_time: 0.004, memory: 2525, loss: nan
2024-03-06 12:03:53,850 - mmcls - INFO - Epoch(val) [61][34]	accuracy_top-1: 0.0000, accuracy_top-5: 0.0000
2024-03-06 12:04:01,819 - mmcls - INFO - Epoch [62][100/272]	lr: 1.000e-01, eta: 0:32:09, time: 0.079, data_time: 0.026, memory: 2525, loss: nan
2024-03-06 12:04:07,461 - mmcls - INFO - Epoch [62][200/272]	lr: 1.000e-01, eta: 0:32:05, time: 0.056, data_time: 0.002, memory: 2525, loss: nan
2024-03-06 12:04:13,262 - mmcls - INFO - Epoch(val) [62][34]	accuracy_top-1: 0.0000, accuracy_top-5: 0.0000
2024-03-06 12:04:21,218 - mmcls - INFO - Epoch [63][100/272]	lr: 1.000e-01, eta: 0:31:55, time: 0.079, data_time: 0.027, memory: 2525, loss: nan
2024-03-06 12:04:26,858 - mmcls - INFO - Epoch [63][200/272]	lr: 1.000e-01, eta: 0:31:51, time: 0.056, data_time: 0.004, memory: 2525, loss: nan
2024-03-06 12:04:32,720 - mmcls - INFO - Epoch(val) [63][34]	accuracy_top-1: 0.0000, accuracy_top-5: 0.0000
2024-03-06 12:04:40,632 - mmcls - INFO - Epoch [64][100/272]	lr: 1.000e-01, eta: 0:31:40, time: 0.079, data_time: 0.026, memory: 2525, loss: nan
2024-03-06 12:04:46,272 - mmcls - INFO - Epoch [64][200/272]	lr: 1.000e-01, eta: 0:31:36, time: 0.056, data_time: 0.002, memory: 2525, loss: nan
2024-03-06 12:04:52,013 - mmcls - INFO - Epoch(val) [64][34]	accuracy_top-1: 0.0000, accuracy_top-5: 0.0000
2024-03-06 12:04:59,885 - mmcls - INFO - Epoch [65][100/272]	lr: 1.000e-01, eta: 0:31:25, time: 0.078, data_time: 0.024, memory: 2525, loss: nan
2024-03-06 12:05:05,572 - mmcls - INFO - Epoch [65][200/272]	lr: 1.000e-01, eta: 0:31:21, time: 0.057, data_time: 0.005, memory: 2525, loss: nan
2024-03-06 12:05:11,361 - mmcls - INFO - Epoch(val) [65][34]	accuracy_top-1: 0.0000, accuracy_top-5: 0.0000
2024-03-06 12:05:19,263 - mmcls - INFO - Epoch [66][100/272]	lr: 1.000e-01, eta: 0:31:10, time: 0.079, data_time: 0.025, memory: 2525, loss: nan
2024-03-06 12:05:24,986 - mmcls - INFO - Epoch [66][200/272]	lr: 1.000e-01, eta: 0:31:07, time: 0.057, data_time: 0.006, memory: 2525, loss: nan
2024-03-06 12:05:30,880 - mmcls - INFO - Epoch(val) [66][34]	accuracy_top-1: 0.0000, accuracy_top-5: 0.0000
2024-03-06 12:05:38,800 - mmcls - INFO - Epoch [67][100/272]	lr: 1.000e-01, eta: 0:30:56, time: 0.079, data_time: 0.026, memory: 2525, loss: nan
2024-03-06 12:05:44,466 - mmcls - INFO - Epoch [67][200/272]	lr: 1.000e-01, eta: 0:30:52, time: 0.057, data_time: 0.004, memory: 2525, loss: nan
2024-03-06 12:05:50,199 - mmcls - INFO - Epoch(val) [67][34]	accuracy_top-1: 0.0000, accuracy_top-5: 0.0000
2024-03-06 12:05:58,071 - mmcls - INFO - Epoch [68][100/272]	lr: 1.000e-01, eta: 0:30:41, time: 0.078, data_time: 0.024, memory: 2525, loss: nan
2024-03-06 12:06:03,699 - mmcls - INFO - Epoch [68][200/272]	lr: 1.000e-01, eta: 0:30:37, time: 0.056, data_time: 0.003, memory: 2525, loss: nan
2024-03-06 12:06:09,378 - mmcls - INFO - Epoch(val) [68][34]	accuracy_top-1: 0.0000, accuracy_top-5: 0.0000
2024-03-06 12:06:17,226 - mmcls - INFO - Epoch [69][100/272]	lr: 1.000e-01, eta: 0:30:27, time: 0.078, data_time: 0.025, memory: 2525, loss: nan
2024-03-06 12:06:22,920 - mmcls - INFO - Epoch [69][200/272]	lr: 1.000e-01, eta: 0:30:23, time: 0.057, data_time: 0.006, memory: 2525, loss: nan
2024-03-06 12:06:28,770 - mmcls - INFO - Epoch(val) [69][34]	accuracy_top-1: 0.0000, accuracy_top-5: 0.0000
2024-03-06 12:06:36,723 - mmcls - INFO - Epoch [70][100/272]	lr: 1.000e-01, eta: 0:30:12, time: 0.079, data_time: 0.026, memory: 2525, loss: nan
2024-03-06 12:06:42,371 - mmcls - INFO - Epoch [70][200/272]	lr: 1.000e-01, eta: 0:30:08, time: 0.056, data_time: 0.003, memory: 2525, loss: nan
2024-03-06 12:06:48,103 - mmcls - INFO - Epoch(val) [70][34]	accuracy_top-1: 0.0000, accuracy_top-5: 0.0000
2024-03-06 12:06:56,001 - mmcls - INFO - Epoch [71][100/272]	lr: 1.000e-01, eta: 0:29:58, time: 0.079, data_time: 0.026, memory: 2525, loss: nan
2024-03-06 12:07:01,662 - mmcls - INFO - Epoch [71][200/272]	lr: 1.000e-01, eta: 0:29:54, time: 0.057, data_time: 0.004, memory: 2525, loss: nan
2024-03-06 12:07:07,517 - mmcls - INFO - Epoch(val) [71][34]	accuracy_top-1: 0.0000, accuracy_top-5: 0.0000
2024-03-06 12:07:15,451 - mmcls - INFO - Epoch [72][100/272]	lr: 1.000e-01, eta: 0:29:43, time: 0.079, data_time: 0.026, memory: 2525, loss: nan
2024-03-06 12:07:21,089 - mmcls - INFO - Epoch [72][200/272]	lr: 1.000e-01, eta: 0:29:39, time: 0.056, data_time: 0.002, memory: 2525, loss: nan
2024-03-06 12:07:26,787 - mmcls - INFO - Epoch(val) [72][34]	accuracy_top-1: 0.0000, accuracy_top-5: 0.0000
2024-03-06 12:07:34,678 - mmcls - INFO - Epoch [73][100/272]	lr: 1.000e-01, eta: 0:29:29, time: 0.079, data_time: 0.025, memory: 2525, loss: nan
2024-03-06 12:07:40,306 - mmcls - INFO - Epoch [73][200/272]	lr: 1.000e-01, eta: 0:29:24, time: 0.056, data_time: 0.004, memory: 2525, loss: nan
2024-03-06 12:07:46,036 - mmcls - INFO - Epoch(val) [73][34]	accuracy_top-1: 0.0000, accuracy_top-5: 0.0000
2024-03-06 12:07:53,929 - mmcls - INFO - Epoch [74][100/272]	lr: 1.000e-01, eta: 0:29:14, time: 0.079, data_time: 0.026, memory: 2525, loss: nan
2024-03-06 12:07:59,564 - mmcls - INFO - Epoch [74][200/272]	lr: 1.000e-01, eta: 0:29:10, time: 0.056, data_time: 0.004, memory: 2525, loss: nan
2024-03-06 12:08:05,203 - mmcls - INFO - Epoch(val) [74][34]	accuracy_top-1: 0.0000, accuracy_top-5: 0.0000
2024-03-06 12:08:13,115 - mmcls - INFO - Epoch [75][100/272]	lr: 1.000e-01, eta: 0:29:00, time: 0.079, data_time: 0.025, memory: 2525, loss: nan
2024-03-06 12:08:18,751 - mmcls - INFO - Epoch [75][200/272]	lr: 1.000e-01, eta: 0:28:56, time: 0.056, data_time: 0.002, memory: 2525, loss: nan
2024-03-06 12:08:24,449 - mmcls - INFO - Epoch(val) [75][34]	accuracy_top-1: 0.0000, accuracy_top-5: 0.0000
2024-03-06 12:08:32,337 - mmcls - INFO - Epoch [76][100/272]	lr: 1.000e-01, eta: 0:28:45, time: 0.079, data_time: 0.026, memory: 2525, loss: nan
2024-03-06 12:08:37,976 - mmcls - INFO - Epoch [76][200/272]	lr: 1.000e-01, eta: 0:28:41, time: 0.056, data_time: 0.004, memory: 2525, loss: nan
2024-03-06 12:08:43,750 - mmcls - INFO - Epoch(val) [76][34]	accuracy_top-1: 0.0000, accuracy_top-5: 0.0000
2024-03-06 12:08:51,634 - mmcls - INFO - Epoch [77][100/272]	lr: 1.000e-01, eta: 0:28:31, time: 0.078, data_time: 0.026, memory: 2525, loss: nan
2024-03-06 12:08:57,268 - mmcls - INFO - Epoch [77][200/272]	lr: 1.000e-01, eta: 0:28:27, time: 0.056, data_time: 0.004, memory: 2525, loss: nan
2024-03-06 12:09:03,100 - mmcls - INFO - Epoch(val) [77][34]	accuracy_top-1: 0.0000, accuracy_top-5: 0.0000
2024-03-06 12:09:10,976 - mmcls - INFO - Epoch [78][100/272]	lr: 1.000e-01, eta: 0:28:16, time: 0.078, data_time: 0.026, memory: 2525, loss: nan
2024-03-06 12:09:16,612 - mmcls - INFO - Epoch [78][200/272]	lr: 1.000e-01, eta: 0:28:12, time: 0.056, data_time: 0.004, memory: 2525, loss: nan
2024-03-06 12:09:22,420 - mmcls - INFO - Epoch(val) [78][34]	accuracy_top-1: 0.0000, accuracy_top-5: 0.0000
2024-03-06 12:09:30,296 - mmcls - INFO - Epoch [79][100/272]	lr: 1.000e-01, eta: 0:28:02, time: 0.078, data_time: 0.025, memory: 2525, loss: nan
2024-03-06 12:09:35,937 - mmcls - INFO - Epoch [79][200/272]	lr: 1.000e-01, eta: 0:27:58, time: 0.056, data_time: 0.002, memory: 2525, loss: nan
2024-03-06 12:09:41,685 - mmcls - INFO - Epoch(val) [79][34]	accuracy_top-1: 0.0000, accuracy_top-5: 0.0000
2024-03-06 12:09:49,562 - mmcls - INFO - Epoch [80][100/272]	lr: 1.000e-01, eta: 0:27:48, time: 0.078, data_time: 0.025, memory: 2525, loss: nan
2024-03-06 12:09:55,189 - mmcls - INFO - Epoch [80][200/272]	lr: 1.000e-01, eta: 0:27:43, time: 0.056, data_time: 0.003, memory: 2525, loss: nan
2024-03-06 12:10:00,784 - mmcls - INFO - Epoch(val) [80][34]	accuracy_top-1: 0.0000, accuracy_top-5: 0.0000
2024-03-06 12:10:08,678 - mmcls - INFO - Epoch [81][100/272]	lr: 1.000e-01, eta: 0:27:33, time: 0.079, data_time: 0.026, memory: 2525, loss: nan
2024-03-06 12:10:14,313 - mmcls - INFO - Epoch [81][200/272]	lr: 1.000e-01, eta: 0:27:29, time: 0.056, data_time: 0.003, memory: 2525, loss: nan
2024-03-06 12:10:19,978 - mmcls - INFO - Epoch(val) [81][34]	accuracy_top-1: 0.0000, accuracy_top-5: 0.0000
2024-03-06 12:10:27,885 - mmcls - INFO - Epoch [82][100/272]	lr: 1.000e-01, eta: 0:27:19, time: 0.079, data_time: 0.025, memory: 2525, loss: nan
2024-03-06 12:10:33,593 - mmcls - INFO - Epoch [82][200/272]	lr: 1.000e-01, eta: 0:27:15, time: 0.057, data_time: 0.004, memory: 2525, loss: nan
2024-03-06 12:10:39,511 - mmcls - INFO - Epoch(val) [82][34]	accuracy_top-1: 0.0000, accuracy_top-5: 0.0000
2024-03-06 12:10:47,411 - mmcls - INFO - Epoch [83][100/272]	lr: 1.000e-01, eta: 0:27:05, time: 0.079, data_time: 0.026, memory: 2525, loss: nan
2024-03-06 12:10:53,097 - mmcls - INFO - Epoch [83][200/272]	lr: 1.000e-01, eta: 0:27:01, time: 0.057, data_time: 0.005, memory: 2525, loss: nan
2024-03-06 12:10:58,981 - mmcls - INFO - Epoch(val) [83][34]	accuracy_top-1: 0.0000, accuracy_top-5: 0.0000
2024-03-06 12:11:06,864 - mmcls - INFO - Epoch [84][100/272]	lr: 1.000e-01, eta: 0:26:51, time: 0.078, data_time: 0.025, memory: 2525, loss: nan
2024-03-06 12:11:12,499 - mmcls - INFO - Epoch [84][200/272]	lr: 1.000e-01, eta: 0:26:46, time: 0.056, data_time: 0.003, memory: 2525, loss: nan
2024-03-06 12:11:18,259 - mmcls - INFO - Epoch(val) [84][34]	accuracy_top-1: 0.0000, accuracy_top-5: 0.0000
2024-03-06 12:11:26,354 - mmcls - INFO - Epoch [85][100/272]	lr: 1.000e-01, eta: 0:26:37, time: 0.081, data_time: 0.028, memory: 2525, loss: nan
2024-03-06 12:11:31,996 - mmcls - INFO - Epoch [85][200/272]	lr: 1.000e-01, eta: 0:26:32, time: 0.056, data_time: 0.002, memory: 2525, loss: nan
2024-03-06 12:11:37,776 - mmcls - INFO - Epoch(val) [85][34]	accuracy_top-1: 0.0000, accuracy_top-5: 0.0000
2024-03-06 12:11:45,670 - mmcls - INFO - Epoch [86][100/272]	lr: 1.000e-01, eta: 0:26:22, time: 0.079, data_time: 0.025, memory: 2525, loss: nan
2024-03-06 12:11:51,328 - mmcls - INFO - Epoch [86][200/272]	lr: 1.000e-01, eta: 0:26:18, time: 0.057, data_time: 0.003, memory: 2525, loss: nan
2024-03-06 12:11:57,083 - mmcls - INFO - Epoch(val) [86][34]	accuracy_top-1: 0.0000, accuracy_top-5: 0.0000
2024-03-06 12:12:04,962 - mmcls - INFO - Epoch [87][100/272]	lr: 1.000e-01, eta: 0:26:08, time: 0.078, data_time: 0.026, memory: 2525, loss: nan
2024-03-06 12:12:10,629 - mmcls - INFO - Epoch [87][200/272]	lr: 1.000e-01, eta: 0:26:04, time: 0.057, data_time: 0.006, memory: 2525, loss: nan
2024-03-06 12:12:16,610 - mmcls - INFO - Epoch(val) [87][34]	accuracy_top-1: 0.0000, accuracy_top-5: 0.0000
2024-03-06 12:12:24,462 - mmcls - INFO - Epoch [88][100/272]	lr: 1.000e-01, eta: 0:25:54, time: 0.078, data_time: 0.024, memory: 2525, loss: nan
2024-03-06 12:12:30,096 - mmcls - INFO - Epoch [88][200/272]	lr: 1.000e-01, eta: 0:25:50, time: 0.056, data_time: 0.002, memory: 2525, loss: nan
2024-03-06 12:12:35,840 - mmcls - INFO - Epoch(val) [88][34]	accuracy_top-1: 0.0000, accuracy_top-5: 0.0000
2024-03-06 12:12:43,724 - mmcls - INFO - Epoch [89][100/272]	lr: 1.000e-01, eta: 0:25:40, time: 0.079, data_time: 0.026, memory: 2525, loss: nan
2024-03-06 12:12:49,571 - mmcls - INFO - Epoch [89][200/272]	lr: 1.000e-01, eta: 0:25:36, time: 0.058, data_time: 0.008, memory: 2525, loss: nan
2024-03-06 12:12:55,417 - mmcls - INFO - Epoch(val) [89][34]	accuracy_top-1: 0.0000, accuracy_top-5: 0.0000
2024-03-06 12:13:03,308 - mmcls - INFO - Epoch [90][100/272]	lr: 1.000e-01, eta: 0:25:26, time: 0.079, data_time: 0.026, memory: 2525, loss: nan
2024-03-06 12:13:08,982 - mmcls - INFO - Epoch [90][200/272]	lr: 1.000e-01, eta: 0:25:22, time: 0.057, data_time: 0.005, memory: 2525, loss: nan
2024-03-06 12:13:14,780 - mmcls - INFO - Epoch(val) [90][34]	accuracy_top-1: 0.0000, accuracy_top-5: 0.0000
2024-03-06 12:13:22,657 - mmcls - INFO - Epoch [91][100/272]	lr: 1.000e-01, eta: 0:25:12, time: 0.078, data_time: 0.024, memory: 2525, loss: nan
2024-03-06 12:13:28,284 - mmcls - INFO - Epoch [91][200/272]	lr: 1.000e-01, eta: 0:25:07, time: 0.056, data_time: 0.003, memory: 2525, loss: nan
2024-03-06 12:13:34,091 - mmcls - INFO - Epoch(val) [91][34]	accuracy_top-1: 0.0000, accuracy_top-5: 0.0000
2024-03-06 12:13:42,501 - mmcls - INFO - Epoch [92][100/272]	lr: 1.000e-01, eta: 0:24:58, time: 0.084, data_time: 0.030, memory: 2525, loss: nan
2024-03-06 12:13:48,128 - mmcls - INFO - Epoch [92][200/272]	lr: 1.000e-01, eta: 0:24:54, time: 0.056, data_time: 0.003, memory: 2525, loss: nan
2024-03-06 12:13:53,841 - mmcls - INFO - Epoch(val) [92][34]	accuracy_top-1: 0.0000, accuracy_top-5: 0.0000
2024-03-06 12:14:01,746 - mmcls - INFO - Epoch [93][100/272]	lr: 1.000e-01, eta: 0:24:44, time: 0.079, data_time: 0.026, memory: 2525, loss: nan
2024-03-06 12:14:07,413 - mmcls - INFO - Epoch [93][200/272]	lr: 1.000e-01, eta: 0:24:40, time: 0.057, data_time: 0.004, memory: 2525, loss: nan
2024-03-06 12:14:13,022 - mmcls - INFO - Epoch(val) [93][34]	accuracy_top-1: 0.0000, accuracy_top-5: 0.0000
2024-03-06 12:14:20,945 - mmcls - INFO - Epoch [94][100/272]	lr: 1.000e-01, eta: 0:24:30, time: 0.079, data_time: 0.026, memory: 2525, loss: nan
2024-03-06 12:14:26,599 - mmcls - INFO - Epoch [94][200/272]	lr: 1.000e-01, eta: 0:24:26, time: 0.057, data_time: 0.003, memory: 2525, loss: nan
2024-03-06 12:14:32,456 - mmcls - INFO - Epoch(val) [94][34]	accuracy_top-1: 0.0000, accuracy_top-5: 0.0000
2024-03-06 12:14:40,340 - mmcls - INFO - Epoch [95][100/272]	lr: 1.000e-01, eta: 0:24:16, time: 0.078, data_time: 0.025, memory: 2525, loss: nan
2024-03-06 12:14:45,972 - mmcls - INFO - Epoch [95][200/272]	lr: 1.000e-01, eta: 0:24:11, time: 0.056, data_time: 0.004, memory: 2525, loss: nan
2024-03-06 12:14:51,816 - mmcls - INFO - Epoch(val) [95][34]	accuracy_top-1: 0.0000, accuracy_top-5: 0.0000
2024-03-06 12:14:59,736 - mmcls - INFO - Epoch [96][100/272]	lr: 1.000e-01, eta: 0:24:02, time: 0.079, data_time: 0.025, memory: 2525, loss: nan
2024-03-06 12:15:05,401 - mmcls - INFO - Epoch [96][200/272]	lr: 1.000e-01, eta: 0:23:57, time: 0.057, data_time: 0.005, memory: 2525, loss: nan
2024-03-06 12:15:11,080 - mmcls - INFO - Epoch(val) [96][34]	accuracy_top-1: 0.0000, accuracy_top-5: 0.0000
2024-03-06 12:15:18,972 - mmcls - INFO - Epoch [97][100/272]	lr: 1.000e-01, eta: 0:23:48, time: 0.079, data_time: 0.026, memory: 2525, loss: nan
2024-03-06 12:15:24,600 - mmcls - INFO - Epoch [97][200/272]	lr: 1.000e-01, eta: 0:23:43, time: 0.056, data_time: 0.002, memory: 2525, loss: nan
2024-03-06 12:15:30,311 - mmcls - INFO - Epoch(val) [97][34]	accuracy_top-1: 0.0000, accuracy_top-5: 0.0000
2024-03-06 12:15:38,190 - mmcls - INFO - Epoch [98][100/272]	lr: 1.000e-01, eta: 0:23:34, time: 0.078, data_time: 0.026, memory: 2525, loss: nan
2024-03-06 12:15:43,829 - mmcls - INFO - Epoch [98][200/272]	lr: 1.000e-01, eta: 0:23:29, time: 0.056, data_time: 0.004, memory: 2525, loss: nan
2024-03-06 12:15:49,593 - mmcls - INFO - Epoch(val) [98][34]	accuracy_top-1: 0.0000, accuracy_top-5: 0.0000
2024-03-06 12:15:57,495 - mmcls - INFO - Epoch [99][100/272]	lr: 1.000e-01, eta: 0:23:20, time: 0.079, data_time: 0.026, memory: 2525, loss: nan
2024-03-06 12:16:03,170 - mmcls - INFO - Epoch [99][200/272]	lr: 1.000e-01, eta: 0:23:15, time: 0.057, data_time: 0.004, memory: 2525, loss: nan
2024-03-06 12:16:08,899 - mmcls - INFO - Epoch(val) [99][34]	accuracy_top-1: 0.0000, accuracy_top-5: 0.0000
2024-03-06 12:16:16,854 - mmcls - INFO - Epoch [100][100/272]	lr: 1.000e-01, eta: 0:23:06, time: 0.079, data_time: 0.027, memory: 2525, loss: nan
2024-03-06 12:16:22,526 - mmcls - INFO - Epoch [100][200/272]	lr: 1.000e-01, eta: 0:23:01, time: 0.057, data_time: 0.003, memory: 2525, loss: nan
2024-03-06 12:16:26,608 - mmcls - INFO - Saving checkpoint at 100 epochs
2024-03-06 12:16:35,105 - mmcls - INFO - Epoch(val) [100][34]	accuracy_top-1: 0.0000, accuracy_top-5: 0.0000
2024-03-06 12:16:43,061 - mmcls - INFO - Epoch [101][100/272]	lr: 1.000e-02, eta: 0:22:52, time: 0.079, data_time: 0.027, memory: 2525, loss: nan
2024-03-06 12:16:48,680 - mmcls - INFO - Epoch [101][200/272]	lr: 1.000e-02, eta: 0:22:47, time: 0.056, data_time: 0.004, memory: 2525, loss: nan
2024-03-06 12:16:54,457 - mmcls - INFO - Epoch(val) [101][34]	accuracy_top-1: 0.0000, accuracy_top-5: 0.0000
2024-03-06 12:17:02,336 - mmcls - INFO - Epoch [102][100/272]	lr: 1.000e-02, eta: 0:22:38, time: 0.078, data_time: 0.024, memory: 2525, loss: nan
2024-03-06 12:17:07,962 - mmcls - INFO - Epoch [102][200/272]	lr: 1.000e-02, eta: 0:22:33, time: 0.056, data_time: 0.002, memory: 2525, loss: nan
2024-03-06 12:17:13,774 - mmcls - INFO - Epoch(val) [102][34]	accuracy_top-1: 0.0000, accuracy_top-5: 0.0000
2024-03-06 12:17:21,671 - mmcls - INFO - Epoch [103][100/272]	lr: 1.000e-02, eta: 0:22:23, time: 0.079, data_time: 0.025, memory: 2525, loss: nan
2024-03-06 12:17:27,332 - mmcls - INFO - Epoch [103][200/272]	lr: 1.000e-02, eta: 0:22:19, time: 0.057, data_time: 0.003, memory: 2525, loss: nan
2024-03-06 12:17:33,126 - mmcls - INFO - Epoch(val) [103][34]	accuracy_top-1: 0.0000, accuracy_top-5: 0.0000
2024-03-06 12:17:41,023 - mmcls - INFO - Epoch [104][100/272]	lr: 1.000e-02, eta: 0:22:09, time: 0.079, data_time: 0.025, memory: 2525, loss: nan
2024-03-06 12:17:46,649 - mmcls - INFO - Epoch [104][200/272]	lr: 1.000e-02, eta: 0:22:05, time: 0.056, data_time: 0.003, memory: 2525, loss: nan
2024-03-06 12:17:52,460 - mmcls - INFO - Epoch(val) [104][34]	accuracy_top-1: 0.0000, accuracy_top-5: 0.0000
2024-03-06 12:18:00,365 - mmcls - INFO - Epoch [105][100/272]	lr: 1.000e-02, eta: 0:21:55, time: 0.079, data_time: 0.025, memory: 2525, loss: nan
2024-03-06 12:18:06,069 - mmcls - INFO - Epoch [105][200/272]	lr: 1.000e-02, eta: 0:21:51, time: 0.057, data_time: 0.007, memory: 2525, loss: nan
2024-03-06 12:18:11,872 - mmcls - INFO - Epoch(val) [105][34]	accuracy_top-1: 0.0000, accuracy_top-5: 0.0000
2024-03-06 12:18:19,801 - mmcls - INFO - Epoch [106][100/272]	lr: 1.000e-02, eta: 0:21:42, time: 0.079, data_time: 0.026, memory: 2525, loss: nan
2024-03-06 12:18:25,452 - mmcls - INFO - Epoch [106][200/272]	lr: 1.000e-02, eta: 0:21:37, time: 0.056, data_time: 0.005, memory: 2525, loss: nan
2024-03-06 12:18:31,183 - mmcls - INFO - Epoch(val) [106][34]	accuracy_top-1: 0.0000, accuracy_top-5: 0.0000
2024-03-06 12:18:39,072 - mmcls - INFO - Epoch [107][100/272]	lr: 1.000e-02, eta: 0:21:28, time: 0.079, data_time: 0.026, memory: 2525, loss: nan
2024-03-06 12:18:44,722 - mmcls - INFO - Epoch [107][200/272]	lr: 1.000e-02, eta: 0:21:23, time: 0.056, data_time: 0.003, memory: 2525, loss: nan
2024-03-06 12:18:50,500 - mmcls - INFO - Epoch(val) [107][34]	accuracy_top-1: 0.0000, accuracy_top-5: 0.0000
2024-03-06 12:18:58,397 - mmcls - INFO - Epoch [108][100/272]	lr: 1.000e-02, eta: 0:21:14, time: 0.079, data_time: 0.024, memory: 2525, loss: nan
2024-03-06 12:19:04,036 - mmcls - INFO - Epoch [108][200/272]	lr: 1.000e-02, eta: 0:21:09, time: 0.056, data_time: 0.002, memory: 2525, loss: nan
2024-03-06 12:19:09,911 - mmcls - INFO - Epoch(val) [108][34]	accuracy_top-1: 0.0000, accuracy_top-5: 0.0000
2024-03-06 12:19:17,885 - mmcls - INFO - Epoch [109][100/272]	lr: 1.000e-02, eta: 0:21:00, time: 0.079, data_time: 0.027, memory: 2525, loss: nan
2024-03-06 12:19:23,664 - mmcls - INFO - Epoch [109][200/272]	lr: 1.000e-02, eta: 0:20:55, time: 0.058, data_time: 0.007, memory: 2525, loss: nan
2024-03-06 12:19:29,651 - mmcls - INFO - Epoch(val) [109][34]	accuracy_top-1: 0.0000, accuracy_top-5: 0.0000
2024-03-06 12:19:37,538 - mmcls - INFO - Epoch [110][100/272]	lr: 1.000e-02, eta: 0:20:46, time: 0.078, data_time: 0.025, memory: 2525, loss: nan
2024-03-06 12:19:43,173 - mmcls - INFO - Epoch [110][200/272]	lr: 1.000e-02, eta: 0:20:41, time: 0.056, data_time: 0.003, memory: 2525, loss: nan
2024-03-06 12:19:49,004 - mmcls - INFO - Epoch(val) [110][34]	accuracy_top-1: 0.0000, accuracy_top-5: 0.0000
2024-03-06 12:19:56,984 - mmcls - INFO - Epoch [111][100/272]	lr: 1.000e-02, eta: 0:20:32, time: 0.079, data_time: 0.026, memory: 2525, loss: nan
2024-03-06 12:20:02,752 - mmcls - INFO - Epoch [111][200/272]	lr: 1.000e-02, eta: 0:20:27, time: 0.058, data_time: 0.008, memory: 2525, loss: nan
2024-03-06 12:20:08,387 - mmcls - INFO - Epoch(val) [111][34]	accuracy_top-1: 0.0000, accuracy_top-5: 0.0000
2024-03-06 12:20:16,284 - mmcls - INFO - Epoch [112][100/272]	lr: 1.000e-02, eta: 0:20:18, time: 0.079, data_time: 0.025, memory: 2525, loss: nan
2024-03-06 12:20:21,930 - mmcls - INFO - Epoch [112][200/272]	lr: 1.000e-02, eta: 0:20:14, time: 0.056, data_time: 0.003, memory: 2525, loss: nan
2024-03-06 12:20:27,596 - mmcls - INFO - Epoch(val) [112][34]	accuracy_top-1: 0.0000, accuracy_top-5: 0.0000
2024-03-06 12:20:35,502 - mmcls - INFO - Epoch [113][100/272]	lr: 1.000e-02, eta: 0:20:04, time: 0.079, data_time: 0.025, memory: 2525, loss: nan
2024-03-06 12:20:41,160 - mmcls - INFO - Epoch [113][200/272]	lr: 1.000e-02, eta: 0:20:00, time: 0.057, data_time: 0.003, memory: 2525, loss: nan
2024-03-06 12:20:46,937 - mmcls - INFO - Epoch(val) [113][34]	accuracy_top-1: 0.0000, accuracy_top-5: 0.0000
2024-03-06 12:20:54,837 - mmcls - INFO - Epoch [114][100/272]	lr: 1.000e-02, eta: 0:19:50, time: 0.079, data_time: 0.026, memory: 2525, loss: nan
2024-03-06 12:21:00,471 - mmcls - INFO - Epoch [114][200/272]	lr: 1.000e-02, eta: 0:19:46, time: 0.056, data_time: 0.003, memory: 2525, loss: nan
2024-03-06 12:21:06,244 - mmcls - INFO - Epoch(val) [114][34]	accuracy_top-1: 0.0000, accuracy_top-5: 0.0000
2024-03-06 12:21:14,145 - mmcls - INFO - Epoch [115][100/272]	lr: 1.000e-02, eta: 0:19:36, time: 0.079, data_time: 0.025, memory: 2525, loss: nan
2024-03-06 12:21:19,913 - mmcls - INFO - Epoch [115][200/272]	lr: 1.000e-02, eta: 0:19:32, time: 0.058, data_time: 0.006, memory: 2525, loss: nan
2024-03-06 12:21:25,622 - mmcls - INFO - Epoch(val) [115][34]	accuracy_top-1: 0.0000, accuracy_top-5: 0.0000
2024-03-06 12:21:33,487 - mmcls - INFO - Epoch [116][100/272]	lr: 1.000e-02, eta: 0:19:22, time: 0.078, data_time: 0.025, memory: 2525, loss: nan
2024-03-06 12:21:39,121 - mmcls - INFO - Epoch [116][200/272]	lr: 1.000e-02, eta: 0:19:18, time: 0.056, data_time: 0.002, memory: 2525, loss: nan
2024-03-06 12:21:44,917 - mmcls - INFO - Epoch(val) [116][34]	accuracy_top-1: 0.0000, accuracy_top-5: 0.0000
2024-03-06 12:21:52,837 - mmcls - INFO - Epoch [117][100/272]	lr: 1.000e-02, eta: 0:19:09, time: 0.079, data_time: 0.026, memory: 2525, loss: nan
2024-03-06 12:21:58,473 - mmcls - INFO - Epoch [117][200/272]	lr: 1.000e-02, eta: 0:19:04, time: 0.056, data_time: 0.003, memory: 2525, loss: nan
2024-03-06 12:22:04,255 - mmcls - INFO - Epoch(val) [117][34]	accuracy_top-1: 0.0000, accuracy_top-5: 0.0000
2024-03-06 12:22:12,164 - mmcls - INFO - Epoch [118][100/272]	lr: 1.000e-02, eta: 0:18:55, time: 0.079, data_time: 0.025, memory: 2525, loss: nan
2024-03-06 12:22:17,805 - mmcls - INFO - Epoch [118][200/272]	lr: 1.000e-02, eta: 0:18:50, time: 0.056, data_time: 0.002, memory: 2525, loss: nan
2024-03-06 12:22:23,564 - mmcls - INFO - Epoch(val) [118][34]	accuracy_top-1: 0.0000, accuracy_top-5: 0.0000
2024-03-06 12:22:31,517 - mmcls - INFO - Epoch [119][100/272]	lr: 1.000e-02, eta: 0:18:41, time: 0.079, data_time: 0.026, memory: 2525, loss: nan
2024-03-06 12:22:37,179 - mmcls - INFO - Epoch [119][200/272]	lr: 1.000e-02, eta: 0:18:36, time: 0.057, data_time: 0.003, memory: 2525, loss: nan
2024-03-06 12:22:43,008 - mmcls - INFO - Epoch(val) [119][34]	accuracy_top-1: 0.0000, accuracy_top-5: 0.0000
2024-03-06 12:22:50,895 - mmcls - INFO - Epoch [120][100/272]	lr: 1.000e-02, eta: 0:18:27, time: 0.079, data_time: 0.026, memory: 2525, loss: nan
2024-03-06 12:22:56,537 - mmcls - INFO - Epoch [120][200/272]	lr: 1.000e-02, eta: 0:18:22, time: 0.056, data_time: 0.003, memory: 2525, loss: nan
2024-03-06 12:23:02,373 - mmcls - INFO - Epoch(val) [120][34]	accuracy_top-1: 0.0000, accuracy_top-5: 0.0000
2024-03-06 12:23:10,320 - mmcls - INFO - Epoch [121][100/272]	lr: 1.000e-02, eta: 0:18:13, time: 0.079, data_time: 0.027, memory: 2525, loss: nan
2024-03-06 12:23:16,023 - mmcls - INFO - Epoch [121][200/272]	lr: 1.000e-02, eta: 0:18:08, time: 0.057, data_time: 0.007, memory: 2525, loss: nan
2024-03-06 12:23:21,842 - mmcls - INFO - Epoch(val) [121][34]	accuracy_top-1: 0.0000, accuracy_top-5: 0.0000
2024-03-06 12:23:29,765 - mmcls - INFO - Epoch [122][100/272]	lr: 1.000e-02, eta: 0:17:59, time: 0.079, data_time: 0.025, memory: 2525, loss: nan
2024-03-06 12:23:35,398 - mmcls - INFO - Epoch [122][200/272]	lr: 1.000e-02, eta: 0:17:55, time: 0.056, data_time: 0.003, memory: 2525, loss: nan
2024-03-06 12:23:41,251 - mmcls - INFO - Epoch(val) [122][34]	accuracy_top-1: 0.0000, accuracy_top-5: 0.0000
2024-03-06 12:23:49,147 - mmcls - INFO - Epoch [123][100/272]	lr: 1.000e-02, eta: 0:17:45, time: 0.079, data_time: 0.025, memory: 2525, loss: nan
2024-03-06 12:23:54,780 - mmcls - INFO - Epoch [123][200/272]	lr: 1.000e-02, eta: 0:17:41, time: 0.056, data_time: 0.003, memory: 2525, loss: nan
2024-03-06 12:24:00,576 - mmcls - INFO - Epoch(val) [123][34]	accuracy_top-1: 0.0000, accuracy_top-5: 0.0000
2024-03-06 12:24:08,473 - mmcls - INFO - Epoch [124][100/272]	lr: 1.000e-02, eta: 0:17:31, time: 0.079, data_time: 0.025, memory: 2525, loss: nan
2024-03-06 12:24:14,126 - mmcls - INFO - Epoch [124][200/272]	lr: 1.000e-02, eta: 0:17:27, time: 0.056, data_time: 0.005, memory: 2525, loss: nan
2024-03-06 12:24:19,968 - mmcls - INFO - Epoch(val) [124][34]	accuracy_top-1: 0.0000, accuracy_top-5: 0.0000
2024-03-06 12:24:27,888 - mmcls - INFO - Epoch [125][100/272]	lr: 1.000e-02, eta: 0:17:18, time: 0.079, data_time: 0.026, memory: 2525, loss: nan
2024-03-06 12:24:33,521 - mmcls - INFO - Epoch [125][200/272]	lr: 1.000e-02, eta: 0:17:13, time: 0.056, data_time: 0.003, memory: 2525, loss: nan
2024-03-06 12:24:39,360 - mmcls - INFO - Epoch(val) [125][34]	accuracy_top-1: 0.0000, accuracy_top-5: 0.0000
2024-03-06 12:24:47,238 - mmcls - INFO - Epoch [126][100/272]	lr: 1.000e-02, eta: 0:17:04, time: 0.078, data_time: 0.026, memory: 2525, loss: nan
2024-03-06 12:24:52,816 - mmcls - INFO - Epoch [126][200/272]	lr: 1.000e-02, eta: 0:16:59, time: 0.056, data_time: 0.003, memory: 2525, loss: nan
2024-03-06 12:24:58,608 - mmcls - INFO - Epoch(val) [126][34]	accuracy_top-1: 0.0000, accuracy_top-5: 0.0000
2024-03-06 12:25:06,556 - mmcls - INFO - Epoch [127][100/272]	lr: 1.000e-02, eta: 0:16:50, time: 0.079, data_time: 0.027, memory: 2525, loss: nan
2024-03-06 12:25:12,225 - mmcls - INFO - Epoch [127][200/272]	lr: 1.000e-02, eta: 0:16:45, time: 0.057, data_time: 0.004, memory: 2525, loss: nan
2024-03-06 12:25:17,980 - mmcls - INFO - Epoch(val) [127][34]	accuracy_top-1: 0.0000, accuracy_top-5: 0.0000
2024-03-06 12:25:25,862 - mmcls - INFO - Epoch [128][100/272]	lr: 1.000e-02, eta: 0:16:36, time: 0.078, data_time: 0.025, memory: 2525, loss: nan
2024-03-06 12:25:31,490 - mmcls - INFO - Epoch [128][200/272]	lr: 1.000e-02, eta: 0:16:31, time: 0.056, data_time: 0.003, memory: 2525, loss: nan
2024-03-06 12:25:37,323 - mmcls - INFO - Epoch(val) [128][34]	accuracy_top-1: 0.0000, accuracy_top-5: 0.0000
2024-03-06 12:25:45,214 - mmcls - INFO - Epoch [129][100/272]	lr: 1.000e-02, eta: 0:16:22, time: 0.079, data_time: 0.024, memory: 2525, loss: nan
2024-03-06 12:25:50,843 - mmcls - INFO - Epoch [129][200/272]	lr: 1.000e-02, eta: 0:16:17, time: 0.056, data_time: 0.002, memory: 2525, loss: nan
2024-03-06 12:25:56,556 - mmcls - INFO - Epoch(val) [129][34]	accuracy_top-1: 0.0000, accuracy_top-5: 0.0000
2024-03-06 12:26:04,421 - mmcls - INFO - Epoch [130][100/272]	lr: 1.000e-02, eta: 0:16:08, time: 0.078, data_time: 0.025, memory: 2525, loss: nan
2024-03-06 12:26:10,088 - mmcls - INFO - Epoch [130][200/272]	lr: 1.000e-02, eta: 0:16:04, time: 0.057, data_time: 0.005, memory: 2525, loss: nan
2024-03-06 12:26:15,857 - mmcls - INFO - Epoch(val) [130][34]	accuracy_top-1: 0.0000, accuracy_top-5: 0.0000
2024-03-06 12:26:23,741 - mmcls - INFO - Epoch [131][100/272]	lr: 1.000e-02, eta: 0:15:55, time: 0.078, data_time: 0.025, memory: 2525, loss: nan
2024-03-06 12:26:29,390 - mmcls - INFO - Epoch [131][200/272]	lr: 1.000e-02, eta: 0:15:50, time: 0.057, data_time: 0.004, memory: 2525, loss: nan
2024-03-06 12:26:35,197 - mmcls - INFO - Epoch(val) [131][34]	accuracy_top-1: 0.0000, accuracy_top-5: 0.0000
2024-03-06 12:26:43,141 - mmcls - INFO - Epoch [132][100/272]	lr: 1.000e-02, eta: 0:15:41, time: 0.079, data_time: 0.026, memory: 2525, loss: nan
2024-03-06 12:26:48,790 - mmcls - INFO - Epoch [132][200/272]	lr: 1.000e-02, eta: 0:15:36, time: 0.056, data_time: 0.003, memory: 2525, loss: nan
2024-03-06 12:26:54,578 - mmcls - INFO - Epoch(val) [132][34]	accuracy_top-1: 0.0000, accuracy_top-5: 0.0000
2024-03-06 12:27:02,477 - mmcls - INFO - Epoch [133][100/272]	lr: 1.000e-02, eta: 0:15:27, time: 0.079, data_time: 0.027, memory: 2525, loss: nan
2024-03-06 12:27:08,112 - mmcls - INFO - Epoch [133][200/272]	lr: 1.000e-02, eta: 0:15:22, time: 0.056, data_time: 0.004, memory: 2525, loss: nan
2024-03-06 12:27:13,801 - mmcls - INFO - Epoch(val) [133][34]	accuracy_top-1: 0.0000, accuracy_top-5: 0.0000
2024-03-06 12:27:21,730 - mmcls - INFO - Epoch [134][100/272]	lr: 1.000e-02, eta: 0:15:13, time: 0.079, data_time: 0.025, memory: 2525, loss: nan
2024-03-06 12:27:27,369 - mmcls - INFO - Epoch [134][200/272]	lr: 1.000e-02, eta: 0:15:08, time: 0.056, data_time: 0.002, memory: 2525, loss: nan
2024-03-06 12:27:33,072 - mmcls - INFO - Epoch(val) [134][34]	accuracy_top-1: 0.0000, accuracy_top-5: 0.0000
2024-03-06 12:27:40,907 - mmcls - INFO - Epoch [135][100/272]	lr: 1.000e-02, eta: 0:14:59, time: 0.078, data_time: 0.025, memory: 2525, loss: nan
2024-03-06 12:27:46,594 - mmcls - INFO - Epoch [135][200/272]	lr: 1.000e-02, eta: 0:14:55, time: 0.057, data_time: 0.007, memory: 2525, loss: nan
2024-03-06 12:27:52,284 - mmcls - INFO - Epoch(val) [135][34]	accuracy_top-1: 0.0000, accuracy_top-5: 0.0000
2024-03-06 12:28:00,202 - mmcls - INFO - Epoch [136][100/272]	lr: 1.000e-02, eta: 0:14:45, time: 0.079, data_time: 0.027, memory: 2525, loss: nan
2024-03-06 12:28:05,837 - mmcls - INFO - Epoch [136][200/272]	lr: 1.000e-02, eta: 0:14:41, time: 0.056, data_time: 0.003, memory: 2525, loss: nan
2024-03-06 12:28:11,582 - mmcls - INFO - Epoch(val) [136][34]	accuracy_top-1: 0.0000, accuracy_top-5: 0.0000
2024-03-06 12:28:19,460 - mmcls - INFO - Epoch [137][100/272]	lr: 1.000e-02, eta: 0:14:32, time: 0.078, data_time: 0.026, memory: 2525, loss: nan
2024-03-06 12:28:25,091 - mmcls - INFO - Epoch [137][200/272]	lr: 1.000e-02, eta: 0:14:27, time: 0.056, data_time: 0.004, memory: 2525, loss: nan
2024-03-06 12:28:30,899 - mmcls - INFO - Epoch(val) [137][34]	accuracy_top-1: 0.0000, accuracy_top-5: 0.0000
2024-03-06 12:28:38,785 - mmcls - INFO - Epoch [138][100/272]	lr: 1.000e-02, eta: 0:14:18, time: 0.079, data_time: 0.025, memory: 2525, loss: nan
2024-03-06 12:28:44,453 - mmcls - INFO - Epoch [138][200/272]	lr: 1.000e-02, eta: 0:14:13, time: 0.057, data_time: 0.004, memory: 2525, loss: nan
2024-03-06 12:28:50,354 - mmcls - INFO - Epoch(val) [138][34]	accuracy_top-1: 0.0000, accuracy_top-5: 0.0000
2024-03-06 12:28:58,277 - mmcls - INFO - Epoch [139][100/272]	lr: 1.000e-02, eta: 0:14:04, time: 0.079, data_time: 0.026, memory: 2525, loss: nan
2024-03-06 12:29:03,948 - mmcls - INFO - Epoch [139][200/272]	lr: 1.000e-02, eta: 0:13:59, time: 0.057, data_time: 0.004, memory: 2525, loss: nan
2024-03-06 12:29:09,719 - mmcls - INFO - Epoch(val) [139][34]	accuracy_top-1: 0.0000, accuracy_top-5: 0.0000
2024-03-06 12:29:17,637 - mmcls - INFO - Epoch [140][100/272]	lr: 1.000e-02, eta: 0:13:50, time: 0.079, data_time: 0.025, memory: 2525, loss: nan
2024-03-06 12:29:23,286 - mmcls - INFO - Epoch [140][200/272]	lr: 1.000e-02, eta: 0:13:46, time: 0.056, data_time: 0.003, memory: 2525, loss: nan
2024-03-06 12:29:29,124 - mmcls - INFO - Epoch(val) [140][34]	accuracy_top-1: 0.0000, accuracy_top-5: 0.0000
2024-03-06 12:29:37,023 - mmcls - INFO - Epoch [141][100/272]	lr: 1.000e-02, eta: 0:13:37, time: 0.079, data_time: 0.026, memory: 2525, loss: nan
2024-03-06 12:29:42,708 - mmcls - INFO - Epoch [141][200/272]	lr: 1.000e-02, eta: 0:13:32, time: 0.057, data_time: 0.005, memory: 2525, loss: nan
2024-03-06 12:29:48,455 - mmcls - INFO - Epoch(val) [141][34]	accuracy_top-1: 0.0000, accuracy_top-5: 0.0000
2024-03-06 12:29:56,366 - mmcls - INFO - Epoch [142][100/272]	lr: 1.000e-02, eta: 0:13:23, time: 0.079, data_time: 0.025, memory: 2525, loss: nan
2024-03-06 12:30:02,008 - mmcls - INFO - Epoch [142][200/272]	lr: 1.000e-02, eta: 0:13:18, time: 0.056, data_time: 0.003, memory: 2525, loss: nan
2024-03-06 12:30:07,709 - mmcls - INFO - Epoch(val) [142][34]	accuracy_top-1: 0.0000, accuracy_top-5: 0.0000
2024-03-06 12:30:15,595 - mmcls - INFO - Epoch [143][100/272]	lr: 1.000e-02, eta: 0:13:09, time: 0.078, data_time: 0.026, memory: 2525, loss: nan
2024-03-06 12:30:21,241 - mmcls - INFO - Epoch [143][200/272]	lr: 1.000e-02, eta: 0:13:04, time: 0.056, data_time: 0.005, memory: 2525, loss: nan
2024-03-06 12:30:27,151 - mmcls - INFO - Epoch(val) [143][34]	accuracy_top-1: 0.0000, accuracy_top-5: 0.0000
2024-03-06 12:30:35,046 - mmcls - INFO - Epoch [144][100/272]	lr: 1.000e-02, eta: 0:12:55, time: 0.079, data_time: 0.026, memory: 2525, loss: nan
2024-03-06 12:30:40,679 - mmcls - INFO - Epoch [144][200/272]	lr: 1.000e-02, eta: 0:12:50, time: 0.056, data_time: 0.003, memory: 2525, loss: nan
2024-03-06 12:30:46,457 - mmcls - INFO - Epoch(val) [144][34]	accuracy_top-1: 0.0000, accuracy_top-5: 0.0000
2024-03-06 12:30:54,352 - mmcls - INFO - Epoch [145][100/272]	lr: 1.000e-02, eta: 0:12:41, time: 0.079, data_time: 0.026, memory: 2525, loss: nan
2024-03-06 12:30:59,984 - mmcls - INFO - Epoch [145][200/272]	lr: 1.000e-02, eta: 0:12:37, time: 0.056, data_time: 0.004, memory: 2525, loss: nan
2024-03-06 12:31:05,833 - mmcls - INFO - Epoch(val) [145][34]	accuracy_top-1: 0.0000, accuracy_top-5: 0.0000
2024-03-06 12:31:13,721 - mmcls - INFO - Epoch [146][100/272]	lr: 1.000e-02, eta: 0:12:28, time: 0.079, data_time: 0.025, memory: 2525, loss: nan
2024-03-06 12:31:19,395 - mmcls - INFO - Epoch [146][200/272]	lr: 1.000e-02, eta: 0:12:23, time: 0.057, data_time: 0.006, memory: 2525, loss: nan
2024-03-06 12:31:25,163 - mmcls - INFO - Epoch(val) [146][34]	accuracy_top-1: 0.0000, accuracy_top-5: 0.0000
2024-03-06 12:31:33,029 - mmcls - INFO - Epoch [147][100/272]	lr: 1.000e-02, eta: 0:12:14, time: 0.078, data_time: 0.025, memory: 2525, loss: nan
2024-03-06 12:31:38,664 - mmcls - INFO - Epoch [147][200/272]	lr: 1.000e-02, eta: 0:12:09, time: 0.056, data_time: 0.003, memory: 2525, loss: nan
2024-03-06 12:31:44,497 - mmcls - INFO - Epoch(val) [147][34]	accuracy_top-1: 0.0000, accuracy_top-5: 0.0000
2024-03-06 12:31:52,385 - mmcls - INFO - Epoch [148][100/272]	lr: 1.000e-02, eta: 0:12:00, time: 0.079, data_time: 0.024, memory: 2525, loss: nan
2024-03-06 12:31:58,029 - mmcls - INFO - Epoch [148][200/272]	lr: 1.000e-02, eta: 0:11:55, time: 0.056, data_time: 0.003, memory: 2525, loss: nan
2024-03-06 12:32:03,798 - mmcls - INFO - Epoch(val) [148][34]	accuracy_top-1: 0.0000, accuracy_top-5: 0.0000
2024-03-06 12:32:11,682 - mmcls - INFO - Epoch [149][100/272]	lr: 1.000e-02, eta: 0:11:46, time: 0.078, data_time: 0.026, memory: 2525, loss: nan
2024-03-06 12:32:17,317 - mmcls - INFO - Epoch [149][200/272]	lr: 1.000e-02, eta: 0:11:42, time: 0.056, data_time: 0.004, memory: 2525, loss: nan
2024-03-06 12:32:23,192 - mmcls - INFO - Epoch(val) [149][34]	accuracy_top-1: 0.0000, accuracy_top-5: 0.0000
2024-03-06 12:32:31,086 - mmcls - INFO - Epoch [150][100/272]	lr: 1.000e-02, eta: 0:11:33, time: 0.079, data_time: 0.025, memory: 2525, loss: nan
2024-03-06 12:32:36,725 - mmcls - INFO - Epoch [150][200/272]	lr: 1.000e-02, eta: 0:11:28, time: 0.056, data_time: 0.002, memory: 2525, loss: nan
2024-03-06 12:32:42,539 - mmcls - INFO - Epoch(val) [150][34]	accuracy_top-1: 0.0000, accuracy_top-5: 0.0000
2024-03-06 12:32:50,464 - mmcls - INFO - Epoch [151][100/272]	lr: 1.000e-03, eta: 0:11:19, time: 0.079, data_time: 0.026, memory: 2525, loss: nan
2024-03-06 12:32:56,119 - mmcls - INFO - Epoch [151][200/272]	lr: 1.000e-03, eta: 0:11:14, time: 0.057, data_time: 0.003, memory: 2525, loss: nan
2024-03-06 12:33:01,980 - mmcls - INFO - Epoch(val) [151][34]	accuracy_top-1: 0.0000, accuracy_top-5: 0.0000
2024-03-06 12:33:09,951 - mmcls - INFO - Epoch [152][100/272]	lr: 1.000e-03, eta: 0:11:05, time: 0.079, data_time: 0.027, memory: 2525, loss: nan
2024-03-06 12:33:15,595 - mmcls - INFO - Epoch [152][200/272]	lr: 1.000e-03, eta: 0:11:00, time: 0.056, data_time: 0.003, memory: 2525, loss: nan
2024-03-06 12:33:21,365 - mmcls - INFO - Epoch(val) [152][34]	accuracy_top-1: 0.0000, accuracy_top-5: 0.0000
2024-03-06 12:33:29,242 - mmcls - INFO - Epoch [153][100/272]	lr: 1.000e-03, eta: 0:10:51, time: 0.078, data_time: 0.025, memory: 2525, loss: nan
2024-03-06 12:33:34,876 - mmcls - INFO - Epoch [153][200/272]	lr: 1.000e-03, eta: 0:10:47, time: 0.056, data_time: 0.003, memory: 2525, loss: nan
2024-03-06 12:33:40,600 - mmcls - INFO - Epoch(val) [153][34]	accuracy_top-1: 0.0000, accuracy_top-5: 0.0000
2024-03-06 12:33:48,513 - mmcls - INFO - Epoch [154][100/272]	lr: 1.000e-03, eta: 0:10:38, time: 0.079, data_time: 0.025, memory: 2525, loss: nan
2024-03-06 12:33:54,154 - mmcls - INFO - Epoch [154][200/272]	lr: 1.000e-03, eta: 0:10:33, time: 0.056, data_time: 0.004, memory: 2525, loss: nan
2024-03-06 12:34:00,012 - mmcls - INFO - Epoch(val) [154][34]	accuracy_top-1: 0.0000, accuracy_top-5: 0.0000
2024-03-06 12:34:07,970 - mmcls - INFO - Epoch [155][100/272]	lr: 1.000e-03, eta: 0:10:24, time: 0.079, data_time: 0.027, memory: 2525, loss: nan
2024-03-06 12:34:13,604 - mmcls - INFO - Epoch [155][200/272]	lr: 1.000e-03, eta: 0:10:19, time: 0.056, data_time: 0.003, memory: 2525, loss: nan
2024-03-06 12:34:19,405 - mmcls - INFO - Epoch(val) [155][34]	accuracy_top-1: 0.0000, accuracy_top-5: 0.0000
2024-03-06 12:34:27,311 - mmcls - INFO - Epoch [156][100/272]	lr: 1.000e-03, eta: 0:10:10, time: 0.079, data_time: 0.025, memory: 2525, loss: nan
2024-03-06 12:34:33,085 - mmcls - INFO - Epoch [156][200/272]	lr: 1.000e-03, eta: 0:10:05, time: 0.058, data_time: 0.007, memory: 2525, loss: nan
2024-03-06 12:34:38,912 - mmcls - INFO - Epoch(val) [156][34]	accuracy_top-1: 0.0000, accuracy_top-5: 0.0000
2024-03-06 12:34:46,773 - mmcls - INFO - Epoch [157][100/272]	lr: 1.000e-03, eta: 0:09:56, time: 0.078, data_time: 0.025, memory: 2525, loss: nan
2024-03-06 12:34:52,477 - mmcls - INFO - Epoch [157][200/272]	lr: 1.000e-03, eta: 0:09:52, time: 0.057, data_time: 0.006, memory: 2525, loss: nan
2024-03-06 12:34:58,243 - mmcls - INFO - Epoch(val) [157][34]	accuracy_top-1: 0.0000, accuracy_top-5: 0.0000
2024-03-06 12:35:06,120 - mmcls - INFO - Epoch [158][100/272]	lr: 1.000e-03, eta: 0:09:43, time: 0.078, data_time: 0.026, memory: 2525, loss: nan
2024-03-06 12:35:11,761 - mmcls - INFO - Epoch [158][200/272]	lr: 1.000e-03, eta: 0:09:38, time: 0.056, data_time: 0.004, memory: 2525, loss: nan
2024-03-06 12:35:17,632 - mmcls - INFO - Epoch(val) [158][34]	accuracy_top-1: 0.0000, accuracy_top-5: 0.0000
2024-03-06 12:35:25,550 - mmcls - INFO - Epoch [159][100/272]	lr: 1.000e-03, eta: 0:09:29, time: 0.079, data_time: 0.025, memory: 2525, loss: nan
2024-03-06 12:35:31,211 - mmcls - INFO - Epoch [159][200/272]	lr: 1.000e-03, eta: 0:09:24, time: 0.057, data_time: 0.003, memory: 2525, loss: nan
2024-03-06 12:35:37,128 - mmcls - INFO - Epoch(val) [159][34]	accuracy_top-1: 0.0000, accuracy_top-5: 0.0000
2024-03-06 12:35:45,034 - mmcls - INFO - Epoch [160][100/272]	lr: 1.000e-03, eta: 0:09:15, time: 0.079, data_time: 0.026, memory: 2525, loss: nan
2024-03-06 12:35:50,694 - mmcls - INFO - Epoch [160][200/272]	lr: 1.000e-03, eta: 0:09:10, time: 0.057, data_time: 0.005, memory: 2525, loss: nan
2024-03-06 12:35:56,467 - mmcls - INFO - Epoch(val) [160][34]	accuracy_top-1: 0.0000, accuracy_top-5: 0.0000
2024-03-06 12:36:04,361 - mmcls - INFO - Epoch [161][100/272]	lr: 1.000e-03, eta: 0:09:02, time: 0.079, data_time: 0.025, memory: 2525, loss: nan
2024-03-06 12:36:09,989 - mmcls - INFO - Epoch [161][200/272]	lr: 1.000e-03, eta: 0:08:57, time: 0.056, data_time: 0.003, memory: 2525, loss: nan
2024-03-06 12:36:15,826 - mmcls - INFO - Epoch(val) [161][34]	accuracy_top-1: 0.0000, accuracy_top-5: 0.0000
2024-03-06 12:36:23,686 - mmcls - INFO - Epoch [162][100/272]	lr: 1.000e-03, eta: 0:08:48, time: 0.078, data_time: 0.024, memory: 2525, loss: nan
2024-03-06 12:36:29,327 - mmcls - INFO - Epoch [162][200/272]	lr: 1.000e-03, eta: 0:08:43, time: 0.056, data_time: 0.003, memory: 2525, loss: nan
2024-03-06 12:36:35,095 - mmcls - INFO - Epoch(val) [162][34]	accuracy_top-1: 0.0000, accuracy_top-5: 0.0000
2024-03-06 12:36:43,002 - mmcls - INFO - Epoch [163][100/272]	lr: 1.000e-03, eta: 0:08:34, time: 0.079, data_time: 0.025, memory: 2525, loss: nan
2024-03-06 12:36:48,679 - mmcls - INFO - Epoch [163][200/272]	lr: 1.000e-03, eta: 0:08:29, time: 0.057, data_time: 0.005, memory: 2525, loss: nan
2024-03-06 12:36:54,510 - mmcls - INFO - Epoch(val) [163][34]	accuracy_top-1: 0.0000, accuracy_top-5: 0.0000
2024-03-06 12:37:02,405 - mmcls - INFO - Epoch [164][100/272]	lr: 1.000e-03, eta: 0:08:20, time: 0.079, data_time: 0.025, memory: 2525, loss: nan
2024-03-06 12:37:08,040 - mmcls - INFO - Epoch [164][200/272]	lr: 1.000e-03, eta: 0:08:16, time: 0.056, data_time: 0.003, memory: 2525, loss: nan
2024-03-06 12:37:13,820 - mmcls - INFO - Epoch(val) [164][34]	accuracy_top-1: 0.0000, accuracy_top-5: 0.0000
2024-03-06 12:37:21,741 - mmcls - INFO - Epoch [165][100/272]	lr: 1.000e-03, eta: 0:08:07, time: 0.079, data_time: 0.026, memory: 2525, loss: nan
2024-03-06 12:37:27,381 - mmcls - INFO - Epoch [165][200/272]	lr: 1.000e-03, eta: 0:08:02, time: 0.056, data_time: 0.004, memory: 2525, loss: nan
2024-03-06 12:37:33,252 - mmcls - INFO - Epoch(val) [165][34]	accuracy_top-1: 0.0000, accuracy_top-5: 0.0000
2024-03-06 12:37:41,169 - mmcls - INFO - Epoch [166][100/272]	lr: 1.000e-03, eta: 0:07:53, time: 0.079, data_time: 0.026, memory: 2525, loss: nan
2024-03-06 12:37:46,801 - mmcls - INFO - Epoch [166][200/272]	lr: 1.000e-03, eta: 0:07:48, time: 0.056, data_time: 0.002, memory: 2525, loss: nan
2024-03-06 12:37:52,749 - mmcls - INFO - Epoch(val) [166][34]	accuracy_top-1: 0.0000, accuracy_top-5: 0.0000
2024-03-06 12:38:00,650 - mmcls - INFO - Epoch [167][100/272]	lr: 1.000e-03, eta: 0:07:39, time: 0.079, data_time: 0.026, memory: 2525, loss: nan
2024-03-06 12:38:06,283 - mmcls - INFO - Epoch [167][200/272]	lr: 1.000e-03, eta: 0:07:34, time: 0.056, data_time: 0.003, memory: 2525, loss: nan
2024-03-06 12:38:12,050 - mmcls - INFO - Epoch(val) [167][34]	accuracy_top-1: 0.0000, accuracy_top-5: 0.0000
2024-03-06 12:38:19,945 - mmcls - INFO - Epoch [168][100/272]	lr: 1.000e-03, eta: 0:07:26, time: 0.079, data_time: 0.025, memory: 2525, loss: nan
2024-03-06 12:38:25,572 - mmcls - INFO - Epoch [168][200/272]	lr: 1.000e-03, eta: 0:07:21, time: 0.056, data_time: 0.002, memory: 2525, loss: nan
2024-03-06 12:38:31,340 - mmcls - INFO - Epoch(val) [168][34]	accuracy_top-1: 0.0000, accuracy_top-5: 0.0000
2024-03-06 12:38:39,276 - mmcls - INFO - Epoch [169][100/272]	lr: 1.000e-03, eta: 0:07:12, time: 0.079, data_time: 0.027, memory: 2525, loss: nan
2024-03-06 12:38:44,908 - mmcls - INFO - Epoch [169][200/272]	lr: 1.000e-03, eta: 0:07:07, time: 0.056, data_time: 0.004, memory: 2525, loss: nan
2024-03-06 12:38:50,450 - mmcls - INFO - Epoch(val) [169][34]	accuracy_top-1: 0.0000, accuracy_top-5: 0.0000
2024-03-06 12:38:58,376 - mmcls - INFO - Epoch [170][100/272]	lr: 1.000e-03, eta: 0:06:58, time: 0.079, data_time: 0.026, memory: 2525, loss: nan
2024-03-06 12:39:04,026 - mmcls - INFO - Epoch [170][200/272]	lr: 1.000e-03, eta: 0:06:53, time: 0.056, data_time: 0.003, memory: 2525, loss: nan
2024-03-06 12:39:09,748 - mmcls - INFO - Epoch(val) [170][34]	accuracy_top-1: 0.0000, accuracy_top-5: 0.0000
2024-03-06 12:39:17,640 - mmcls - INFO - Epoch [171][100/272]	lr: 1.000e-03, eta: 0:06:45, time: 0.079, data_time: 0.026, memory: 2525, loss: nan
2024-03-06 12:39:23,310 - mmcls - INFO - Epoch [171][200/272]	lr: 1.000e-03, eta: 0:06:40, time: 0.057, data_time: 0.005, memory: 2525, loss: nan
2024-03-06 12:39:29,522 - mmcls - INFO - Epoch(val) [171][34]	accuracy_top-1: 0.0000, accuracy_top-5: 0.0000
2024-03-06 12:39:37,410 - mmcls - INFO - Epoch [172][100/272]	lr: 1.000e-03, eta: 0:06:31, time: 0.079, data_time: 0.026, memory: 2525, loss: nan
2024-03-06 12:39:43,035 - mmcls - INFO - Epoch [172][200/272]	lr: 1.000e-03, eta: 0:06:26, time: 0.056, data_time: 0.003, memory: 2525, loss: nan
2024-03-06 12:39:48,841 - mmcls - INFO - Epoch(val) [172][34]	accuracy_top-1: 0.0000, accuracy_top-5: 0.0000
2024-03-06 12:39:56,742 - mmcls - INFO - Epoch [173][100/272]	lr: 1.000e-03, eta: 0:06:17, time: 0.079, data_time: 0.025, memory: 2525, loss: nan
2024-03-06 12:40:02,370 - mmcls - INFO - Epoch [173][200/272]	lr: 1.000e-03, eta: 0:06:12, time: 0.056, data_time: 0.002, memory: 2525, loss: nan
2024-03-06 12:40:08,216 - mmcls - INFO - Epoch(val) [173][34]	accuracy_top-1: 0.0000, accuracy_top-5: 0.0000
2024-03-06 12:40:16,120 - mmcls - INFO - Epoch [174][100/272]	lr: 1.000e-03, eta: 0:06:03, time: 0.079, data_time: 0.025, memory: 2525, loss: nan
2024-03-06 12:40:21,812 - mmcls - INFO - Epoch [174][200/272]	lr: 1.000e-03, eta: 0:05:59, time: 0.057, data_time: 0.005, memory: 2525, loss: nan
2024-03-06 12:40:27,669 - mmcls - INFO - Epoch(val) [174][34]	accuracy_top-1: 0.0000, accuracy_top-5: 0.0000
2024-03-06 12:40:35,554 - mmcls - INFO - Epoch [175][100/272]	lr: 1.000e-03, eta: 0:05:50, time: 0.079, data_time: 0.025, memory: 2525, loss: nan
2024-03-06 12:40:41,202 - mmcls - INFO - Epoch [175][200/272]	lr: 1.000e-03, eta: 0:05:45, time: 0.056, data_time: 0.002, memory: 2525, loss: nan
2024-03-06 12:40:46,993 - mmcls - INFO - Epoch(val) [175][34]	accuracy_top-1: 0.0000, accuracy_top-5: 0.0000
2024-03-06 12:40:54,900 - mmcls - INFO - Epoch [176][100/272]	lr: 1.000e-03, eta: 0:05:36, time: 0.079, data_time: 0.025, memory: 2525, loss: nan
2024-03-06 12:41:00,545 - mmcls - INFO - Epoch [176][200/272]	lr: 1.000e-03, eta: 0:05:31, time: 0.056, data_time: 0.003, memory: 2525, loss: nan
2024-03-06 12:41:06,399 - mmcls - INFO - Epoch(val) [176][34]	accuracy_top-1: 0.0000, accuracy_top-5: 0.0000
2024-03-06 12:41:14,298 - mmcls - INFO - Epoch [177][100/272]	lr: 1.000e-03, eta: 0:05:22, time: 0.079, data_time: 0.025, memory: 2525, loss: nan
2024-03-06 12:41:19,950 - mmcls - INFO - Epoch [177][200/272]	lr: 1.000e-03, eta: 0:05:17, time: 0.056, data_time: 0.003, memory: 2525, loss: nan
2024-03-06 12:41:25,669 - mmcls - INFO - Epoch(val) [177][34]	accuracy_top-1: 0.0000, accuracy_top-5: 0.0000
2024-03-06 12:41:33,577 - mmcls - INFO - Epoch [178][100/272]	lr: 1.000e-03, eta: 0:05:09, time: 0.079, data_time: 0.025, memory: 2525, loss: nan
2024-03-06 12:41:39,224 - mmcls - INFO - Epoch [178][200/272]	lr: 1.000e-03, eta: 0:05:04, time: 0.056, data_time: 0.003, memory: 2525, loss: nan
2024-03-06 12:41:44,982 - mmcls - INFO - Epoch(val) [178][34]	accuracy_top-1: 0.0000, accuracy_top-5: 0.0000
2024-03-06 12:41:52,868 - mmcls - INFO - Epoch [179][100/272]	lr: 1.000e-03, eta: 0:04:55, time: 0.079, data_time: 0.026, memory: 2525, loss: nan
2024-03-06 12:41:58,497 - mmcls - INFO - Epoch [179][200/272]	lr: 1.000e-03, eta: 0:04:50, time: 0.056, data_time: 0.004, memory: 2525, loss: nan
2024-03-06 12:42:04,318 - mmcls - INFO - Epoch(val) [179][34]	accuracy_top-1: 0.0000, accuracy_top-5: 0.0000
2024-03-06 12:42:12,211 - mmcls - INFO - Epoch [180][100/272]	lr: 1.000e-03, eta: 0:04:41, time: 0.079, data_time: 0.025, memory: 2525, loss: nan
2024-03-06 12:42:17,860 - mmcls - INFO - Epoch [180][200/272]	lr: 1.000e-03, eta: 0:04:36, time: 0.056, data_time: 0.003, memory: 2525, loss: nan
2024-03-06 12:42:23,652 - mmcls - INFO - Epoch(val) [180][34]	accuracy_top-1: 0.0000, accuracy_top-5: 0.0000
2024-03-06 12:42:31,561 - mmcls - INFO - Epoch [181][100/272]	lr: 1.000e-03, eta: 0:04:28, time: 0.079, data_time: 0.025, memory: 2525, loss: nan
2024-03-06 12:42:37,209 - mmcls - INFO - Epoch [181][200/272]	lr: 1.000e-03, eta: 0:04:23, time: 0.056, data_time: 0.003, memory: 2525, loss: nan
2024-03-06 12:42:42,986 - mmcls - INFO - Epoch(val) [181][34]	accuracy_top-1: 0.0000, accuracy_top-5: 0.0000
2024-03-06 12:42:50,882 - mmcls - INFO - Epoch [182][100/272]	lr: 1.000e-03, eta: 0:04:14, time: 0.079, data_time: 0.026, memory: 2525, loss: nan
2024-03-06 12:42:56,513 - mmcls - INFO - Epoch [182][200/272]	lr: 1.000e-03, eta: 0:04:09, time: 0.056, data_time: 0.004, memory: 2525, loss: nan
2024-03-06 12:43:02,337 - mmcls - INFO - Epoch(val) [182][34]	accuracy_top-1: 0.0000, accuracy_top-5: 0.0000
2024-03-06 12:43:10,243 - mmcls - INFO - Epoch [183][100/272]	lr: 1.000e-03, eta: 0:04:00, time: 0.079, data_time: 0.026, memory: 2525, loss: nan
2024-03-06 12:43:15,879 - mmcls - INFO - Epoch [183][200/272]	lr: 1.000e-03, eta: 0:03:55, time: 0.056, data_time: 0.003, memory: 2525, loss: nan
2024-03-06 12:43:21,621 - mmcls - INFO - Epoch(val) [183][34]	accuracy_top-1: 0.0000, accuracy_top-5: 0.0000
2024-03-06 12:43:29,501 - mmcls - INFO - Epoch [184][100/272]	lr: 1.000e-03, eta: 0:03:47, time: 0.078, data_time: 0.026, memory: 2525, loss: nan
2024-03-06 12:43:35,128 - mmcls - INFO - Epoch [184][200/272]	lr: 1.000e-03, eta: 0:03:42, time: 0.056, data_time: 0.003, memory: 2525, loss: nan
2024-03-06 12:43:40,931 - mmcls - INFO - Epoch(val) [184][34]	accuracy_top-1: 0.0000, accuracy_top-5: 0.0000
2024-03-06 12:43:48,816 - mmcls - INFO - Epoch [185][100/272]	lr: 1.000e-03, eta: 0:03:33, time: 0.078, data_time: 0.025, memory: 2525, loss: nan
2024-03-06 12:43:54,447 - mmcls - INFO - Epoch [185][200/272]	lr: 1.000e-03, eta: 0:03:28, time: 0.056, data_time: 0.003, memory: 2525, loss: nan
2024-03-06 12:44:00,182 - mmcls - INFO - Epoch(val) [185][34]	accuracy_top-1: 0.0000, accuracy_top-5: 0.0000
2024-03-06 12:44:08,058 - mmcls - INFO - Epoch [186][100/272]	lr: 1.000e-03, eta: 0:03:19, time: 0.078, data_time: 0.025, memory: 2525, loss: nan
2024-03-06 12:44:13,687 - mmcls - INFO - Epoch [186][200/272]	lr: 1.000e-03, eta: 0:03:14, time: 0.056, data_time: 0.003, memory: 2525, loss: nan
2024-03-06 12:44:19,240 - mmcls - INFO - Epoch(val) [186][34]	accuracy_top-1: 0.0000, accuracy_top-5: 0.0000
2024-03-06 12:44:27,126 - mmcls - INFO - Epoch [187][100/272]	lr: 1.000e-03, eta: 0:03:06, time: 0.079, data_time: 0.026, memory: 2525, loss: nan
2024-03-06 12:44:32,777 - mmcls - INFO - Epoch [187][200/272]	lr: 1.000e-03, eta: 0:03:01, time: 0.057, data_time: 0.003, memory: 2525, loss: nan
2024-03-06 12:44:38,476 - mmcls - INFO - Epoch(val) [187][34]	accuracy_top-1: 0.0000, accuracy_top-5: 0.0000
2024-03-06 12:44:46,360 - mmcls - INFO - Epoch [188][100/272]	lr: 1.000e-03, eta: 0:02:52, time: 0.078, data_time: 0.026, memory: 2525, loss: nan
2024-03-06 12:44:51,991 - mmcls - INFO - Epoch [188][200/272]	lr: 1.000e-03, eta: 0:02:47, time: 0.056, data_time: 0.003, memory: 2525, loss: nan
2024-03-06 12:44:57,720 - mmcls - INFO - Epoch(val) [188][34]	accuracy_top-1: 0.0000, accuracy_top-5: 0.0000
2024-03-06 12:45:05,629 - mmcls - INFO - Epoch [189][100/272]	lr: 1.000e-03, eta: 0:02:38, time: 0.079, data_time: 0.025, memory: 2525, loss: nan
2024-03-06 12:45:11,290 - mmcls - INFO - Epoch [189][200/272]	lr: 1.000e-03, eta: 0:02:33, time: 0.057, data_time: 0.003, memory: 2525, loss: nan
2024-03-06 12:45:17,118 - mmcls - INFO - Epoch(val) [189][34]	accuracy_top-1: 0.0000, accuracy_top-5: 0.0000
2024-03-06 12:45:25,006 - mmcls - INFO - Epoch [190][100/272]	lr: 1.000e-03, eta: 0:02:25, time: 0.079, data_time: 0.025, memory: 2525, loss: nan
2024-03-06 12:45:30,652 - mmcls - INFO - Epoch [190][200/272]	lr: 1.000e-03, eta: 0:02:20, time: 0.056, data_time: 0.004, memory: 2525, loss: nan
2024-03-06 12:45:36,332 - mmcls - INFO - Epoch(val) [190][34]	accuracy_top-1: 0.0000, accuracy_top-5: 0.0000
2024-03-06 12:45:44,214 - mmcls - INFO - Epoch [191][100/272]	lr: 1.000e-03, eta: 0:02:11, time: 0.078, data_time: 0.025, memory: 2525, loss: nan
2024-03-06 12:45:49,916 - mmcls - INFO - Epoch [191][200/272]	lr: 1.000e-03, eta: 0:02:06, time: 0.057, data_time: 0.006, memory: 2525, loss: nan
2024-03-06 12:45:55,688 - mmcls - INFO - Epoch(val) [191][34]	accuracy_top-1: 0.0000, accuracy_top-5: 0.0000
2024-03-06 12:46:03,614 - mmcls - INFO - Epoch [192][100/272]	lr: 1.000e-03, eta: 0:01:57, time: 0.079, data_time: 0.025, memory: 2525, loss: nan
2024-03-06 12:46:09,251 - mmcls - INFO - Epoch [192][200/272]	lr: 1.000e-03, eta: 0:01:52, time: 0.056, data_time: 0.002, memory: 2525, loss: nan
2024-03-06 12:46:15,046 - mmcls - INFO - Epoch(val) [192][34]	accuracy_top-1: 0.0000, accuracy_top-5: 0.0000
2024-03-06 12:46:22,952 - mmcls - INFO - Epoch [193][100/272]	lr: 1.000e-03, eta: 0:01:44, time: 0.079, data_time: 0.026, memory: 2525, loss: nan
2024-03-06 12:46:28,598 - mmcls - INFO - Epoch [193][200/272]	lr: 1.000e-03, eta: 0:01:39, time: 0.056, data_time: 0.005, memory: 2525, loss: nan
2024-03-06 12:46:34,479 - mmcls - INFO - Epoch(val) [193][34]	accuracy_top-1: 0.0000, accuracy_top-5: 0.0000
2024-03-06 12:46:42,361 - mmcls - INFO - Epoch [194][100/272]	lr: 1.000e-03, eta: 0:01:30, time: 0.078, data_time: 0.025, memory: 2525, loss: nan
2024-03-06 12:46:47,992 - mmcls - INFO - Epoch [194][200/272]	lr: 1.000e-03, eta: 0:01:25, time: 0.056, data_time: 0.002, memory: 2525, loss: nan
2024-03-06 12:46:53,744 - mmcls - INFO - Epoch(val) [194][34]	accuracy_top-1: 0.0000, accuracy_top-5: 0.0000
2024-03-06 12:47:01,629 - mmcls - INFO - Epoch [195][100/272]	lr: 1.000e-03, eta: 0:01:16, time: 0.079, data_time: 0.026, memory: 2525, loss: nan
2024-03-06 12:47:07,364 - mmcls - INFO - Epoch [195][200/272]	lr: 1.000e-03, eta: 0:01:11, time: 0.057, data_time: 0.006, memory: 2525, loss: nan
2024-03-06 12:47:13,118 - mmcls - INFO - Epoch(val) [195][34]	accuracy_top-1: 0.0000, accuracy_top-5: 0.0000
2024-03-06 12:47:20,997 - mmcls - INFO - Epoch [196][100/272]	lr: 1.000e-03, eta: 0:01:03, time: 0.078, data_time: 0.025, memory: 2525, loss: nan
2024-03-06 12:47:26,626 - mmcls - INFO - Epoch [196][200/272]	lr: 1.000e-03, eta: 0:00:58, time: 0.056, data_time: 0.003, memory: 2525, loss: nan
2024-03-06 12:47:32,395 - mmcls - INFO - Epoch(val) [196][34]	accuracy_top-1: 0.0000, accuracy_top-5: 0.0000
2024-03-06 12:47:40,300 - mmcls - INFO - Epoch [197][100/272]	lr: 1.000e-03, eta: 0:00:49, time: 0.079, data_time: 0.025, memory: 2525, loss: nan
2024-03-06 12:47:45,897 - mmcls - INFO - Epoch [197][200/272]	lr: 1.000e-03, eta: 0:00:44, time: 0.056, data_time: 0.002, memory: 2525, loss: nan
2024-03-06 12:47:51,696 - mmcls - INFO - Epoch(val) [197][34]	accuracy_top-1: 0.0000, accuracy_top-5: 0.0000
2024-03-06 12:47:59,601 - mmcls - INFO - Epoch [198][100/272]	lr: 1.000e-03, eta: 0:00:35, time: 0.079, data_time: 0.025, memory: 2525, loss: nan
2024-03-06 12:48:05,248 - mmcls - INFO - Epoch [198][200/272]	lr: 1.000e-03, eta: 0:00:30, time: 0.056, data_time: 0.004, memory: 2525, loss: nan
2024-03-06 12:48:11,093 - mmcls - INFO - Epoch(val) [198][34]	accuracy_top-1: 0.0000, accuracy_top-5: 0.0000
2024-03-06 12:48:18,990 - mmcls - INFO - Epoch [199][100/272]	lr: 1.000e-03, eta: 0:00:22, time: 0.079, data_time: 0.025, memory: 2525, loss: nan
2024-03-06 12:48:24,758 - mmcls - INFO - Epoch [199][200/272]	lr: 1.000e-03, eta: 0:00:17, time: 0.058, data_time: 0.007, memory: 2525, loss: nan
2024-03-06 12:48:30,379 - mmcls - INFO - Epoch(val) [199][34]	accuracy_top-1: 0.0000, accuracy_top-5: 0.0000
2024-03-06 12:48:38,278 - mmcls - INFO - Epoch [200][100/272]	lr: 1.000e-03, eta: 0:00:08, time: 0.079, data_time: 0.025, memory: 2525, loss: nan
2024-03-06 12:48:43,938 - mmcls - INFO - Epoch [200][200/272]	lr: 1.000e-03, eta: 0:00:03, time: 0.057, data_time: 0.003, memory: 2525, loss: nan
2024-03-06 12:48:48,066 - mmcls - INFO - Saving checkpoint at 200 epochs
2024-03-06 12:48:56,891 - mmcls - INFO - Epoch(val) [200][34]	accuracy_top-1: 0.0000, accuracy_top-5: 0.0000
