2024-02-26 22:39:49,246 - mmcls - INFO - Environment info:
------------------------------------------------------------
sys.platform: linux
Python: 3.7.16 (default, Jan 17 2023, 22:20:44) [GCC 11.2.0]
CUDA available: True
GPU 0: NVIDIA GeForce RTX 2080 Ti
CUDA_HOME: /usr/local/cuda
NVCC: Cuda compilation tools, release 11.8, V11.8.89
GCC: gcc (Ubuntu 11.4.0-1ubuntu1~22.04) 11.4.0
PyTorch: 1.7.1
PyTorch compiling details: PyTorch built with:
  - GCC 7.3
  - C++ Version: 201402
  - Intel(R) oneAPI Math Kernel Library Version 2021.4-Product Build 20210904 for Intel(R) 64 architecture applications
  - Intel(R) MKL-DNN v1.6.0 (Git Hash 5ef631a030a6f73131c77892041042805a06064f)
  - OpenMP 201511 (a.k.a. OpenMP 4.5)
  - NNPACK is enabled
  - CPU capability usage: AVX2
  - CUDA Runtime 10.1
  - NVCC architecture flags: -gencode;arch=compute_37,code=sm_37;-gencode;arch=compute_50,code=sm_50;-gencode;arch=compute_60,code=sm_60;-gencode;arch=compute_61,code=sm_61;-gencode;arch=compute_70,code=sm_70;-gencode;arch=compute_75,code=sm_75;-gencode;arch=compute_37,code=compute_37
  - CuDNN 7.6.3
  - Magma 2.5.2
  - Build settings: BLAS=MKL, BUILD_TYPE=Release, CXX_FLAGS= -Wno-deprecated -fvisibility-inlines-hidden -DUSE_PTHREADPOOL -fopenmp -DNDEBUG -DUSE_FBGEMM -DUSE_QNNPACK -DUSE_PYTORCH_QNNPACK -DUSE_XNNPACK -DUSE_VULKAN_WRAPPER -O2 -fPIC -Wno-narrowing -Wall -Wextra -Werror=return-type -Wno-missing-field-initializers -Wno-type-limits -Wno-array-bounds -Wno-unknown-pragmas -Wno-sign-compare -Wno-unused-parameter -Wno-unused-variable -Wno-unused-function -Wno-unused-result -Wno-unused-local-typedefs -Wno-strict-overflow -Wno-strict-aliasing -Wno-error=deprecated-declarations -Wno-stringop-overflow -Wno-psabi -Wno-error=pedantic -Wno-error=redundant-decls -Wno-error=old-style-cast -fdiagnostics-color=always -faligned-new -Wno-unused-but-set-variable -Wno-maybe-uninitialized -fno-math-errno -fno-trapping-math -Werror=format -Wno-stringop-overflow, PERF_WITH_AVX=1, PERF_WITH_AVX2=1, PERF_WITH_AVX512=1, USE_CUDA=ON, USE_EXCEPTION_PTR=1, USE_GFLAGS=OFF, USE_GLOG=OFF, USE_MKL=ON, USE_MKLDNN=ON, USE_MPI=OFF, USE_NCCL=ON, USE_NNPACK=ON, USE_OPENMP=ON, 

TorchVision: 0.8.2
OpenCV: 4.9.0
MMCV: 1.5.0
MMCV Compiler: GCC 11.4
MMCV CUDA Compiler: 11.8
MMClassification: 0.15.0+aab6628
------------------------------------------------------------

2024-02-26 22:39:49,248 - mmcls - INFO - Distributed training: False
2024-02-26 22:39:49,442 - mmcls - INFO - Config:
model = dict(
    type='ImageClassifier',
    backbone=dict(
        type='VGG',
        depth=19,
        norm_cfg=dict(type='BN', requires_grad=True),
        num_classes=17),
    neck=None,
    head=dict(
        type='ClsHead', loss=dict(type='CrossEntropyLoss', loss_weight=1.0)))
dataset_type = 'Flowers'
img_norm_cfg = dict(
    mean=[123.675, 116.28, 103.53], std=[58.395, 57.12, 57.375], to_rgb=True)
train_pipeline = [
    dict(type='LoadImageFromFile'),
    dict(type='RandomResizedCrop', size=224),
    dict(type='RandomFlip', flip_prob=0.5, direction='horizontal'),
    dict(
        type='Normalize',
        mean=[123.675, 116.28, 103.53],
        std=[58.395, 57.12, 57.375],
        to_rgb=True),
    dict(type='ImageToTensor', keys=['img']),
    dict(type='ToTensor', keys=['gt_label']),
    dict(type='Collect', keys=['img', 'gt_label'])
]
test_pipeline = [
    dict(type='LoadImageFromFile'),
    dict(type='Resize', size=(256, -1)),
    dict(type='CenterCrop', crop_size=224),
    dict(
        type='Normalize',
        mean=[123.675, 116.28, 103.53],
        std=[58.395, 57.12, 57.375],
        to_rgb=True),
    dict(type='ImageToTensor', keys=['img']),
    dict(type='Collect', keys=['img'])
]
data = dict(
    samples_per_gpu=4,
    workers_per_gpu=1,
    train=dict(
        type='Flowers',
        data_prefix='data/flowers/train',
        ann_file='data/flowers/meta/train.txt',
        pipeline=[
            dict(type='LoadImageFromFile'),
            dict(type='RandomResizedCrop', size=224),
            dict(type='RandomFlip', flip_prob=0.5, direction='horizontal'),
            dict(
                type='Normalize',
                mean=[123.675, 116.28, 103.53],
                std=[58.395, 57.12, 57.375],
                to_rgb=True),
            dict(type='ImageToTensor', keys=['img']),
            dict(type='ToTensor', keys=['gt_label']),
            dict(type='Collect', keys=['img', 'gt_label'])
        ]),
    val=dict(
        type='Flowers',
        data_prefix='data/flowers/val',
        ann_file='data/flowers/meta/val.txt',
        pipeline=[
            dict(type='LoadImageFromFile'),
            dict(type='Resize', size=(256, -1)),
            dict(type='CenterCrop', crop_size=224),
            dict(
                type='Normalize',
                mean=[123.675, 116.28, 103.53],
                std=[58.395, 57.12, 57.375],
                to_rgb=True),
            dict(type='ImageToTensor', keys=['img']),
            dict(type='Collect', keys=['img'])
        ]),
    test=dict(
        type='Flowers',
        data_prefix='data/flowers/test',
        ann_file='data/flowers/meta/test.txt',
        pipeline=[
            dict(type='LoadImageFromFile'),
            dict(type='Resize', size=(256, -1)),
            dict(type='CenterCrop', crop_size=224),
            dict(
                type='Normalize',
                mean=[123.675, 116.28, 103.53],
                std=[58.395, 57.12, 57.375],
                to_rgb=True),
            dict(type='ImageToTensor', keys=['img']),
            dict(type='Collect', keys=['img'])
        ]))
evaluation = dict(interval=1, metric='accuracy')
optimizer = dict(type='SGD', lr=0.1, momentum=0.9, weight_decay=0.0001)
optimizer_config = dict(grad_clip=None)
lr_config = dict(policy='step', step=[100, 150])
runner = dict(type='EpochBasedRunner', max_epochs=200)
checkpoint_config = dict(interval=1)
log_config = dict(interval=100, hooks=[dict(type='TextLoggerHook')])
dist_params = dict(backend='nccl')
log_level = 'INFO'
load_from = None
resume_from = None
workflow = [('train', 1)]
work_dir = 'output/vgg19/vgg19_flowers_bs4_lr0.1'
gpu_ids = range(0, 1)

2024-02-26 22:39:51,054 - mmcls - INFO - initialize VGG with init_cfg [{'type': 'Kaiming', 'layer': ['Conv2d']}, {'type': 'Constant', 'val': 1.0, 'layer': ['_BatchNorm']}, {'type': 'Normal', 'std': 0.01, 'layer': ['Linear']}]
Name of parameter - Initialization information

backbone.features.0.conv.weight - torch.Size([64, 3, 3, 3]): 
KaimingInit: a=0, mode=fan_out, nonlinearity=relu, distribution =normal, bias=0 

backbone.features.0.conv.bias - torch.Size([64]): 
The value is the same before and after calling `init_weights` of ImageClassifier  

backbone.features.0.bn.weight - torch.Size([64]): 
The value is the same before and after calling `init_weights` of ImageClassifier  

backbone.features.0.bn.bias - torch.Size([64]): 
The value is the same before and after calling `init_weights` of ImageClassifier  

backbone.features.1.conv.weight - torch.Size([64, 64, 3, 3]): 
KaimingInit: a=0, mode=fan_out, nonlinearity=relu, distribution =normal, bias=0 

backbone.features.1.conv.bias - torch.Size([64]): 
The value is the same before and after calling `init_weights` of ImageClassifier  

backbone.features.1.bn.weight - torch.Size([64]): 
The value is the same before and after calling `init_weights` of ImageClassifier  

backbone.features.1.bn.bias - torch.Size([64]): 
The value is the same before and after calling `init_weights` of ImageClassifier  

backbone.features.3.conv.weight - torch.Size([128, 64, 3, 3]): 
KaimingInit: a=0, mode=fan_out, nonlinearity=relu, distribution =normal, bias=0 

backbone.features.3.conv.bias - torch.Size([128]): 
The value is the same before and after calling `init_weights` of ImageClassifier  

backbone.features.3.bn.weight - torch.Size([128]): 
The value is the same before and after calling `init_weights` of ImageClassifier  

backbone.features.3.bn.bias - torch.Size([128]): 
The value is the same before and after calling `init_weights` of ImageClassifier  

backbone.features.4.conv.weight - torch.Size([128, 128, 3, 3]): 
KaimingInit: a=0, mode=fan_out, nonlinearity=relu, distribution =normal, bias=0 

backbone.features.4.conv.bias - torch.Size([128]): 
The value is the same before and after calling `init_weights` of ImageClassifier  

backbone.features.4.bn.weight - torch.Size([128]): 
The value is the same before and after calling `init_weights` of ImageClassifier  

backbone.features.4.bn.bias - torch.Size([128]): 
The value is the same before and after calling `init_weights` of ImageClassifier  

backbone.features.6.conv.weight - torch.Size([256, 128, 3, 3]): 
KaimingInit: a=0, mode=fan_out, nonlinearity=relu, distribution =normal, bias=0 

backbone.features.6.conv.bias - torch.Size([256]): 
The value is the same before and after calling `init_weights` of ImageClassifier  

backbone.features.6.bn.weight - torch.Size([256]): 
The value is the same before and after calling `init_weights` of ImageClassifier  

backbone.features.6.bn.bias - torch.Size([256]): 
The value is the same before and after calling `init_weights` of ImageClassifier  

backbone.features.7.conv.weight - torch.Size([256, 256, 3, 3]): 
KaimingInit: a=0, mode=fan_out, nonlinearity=relu, distribution =normal, bias=0 

backbone.features.7.conv.bias - torch.Size([256]): 
The value is the same before and after calling `init_weights` of ImageClassifier  

backbone.features.7.bn.weight - torch.Size([256]): 
The value is the same before and after calling `init_weights` of ImageClassifier  

backbone.features.7.bn.bias - torch.Size([256]): 
The value is the same before and after calling `init_weights` of ImageClassifier  

backbone.features.8.conv.weight - torch.Size([256, 256, 3, 3]): 
KaimingInit: a=0, mode=fan_out, nonlinearity=relu, distribution =normal, bias=0 

backbone.features.8.conv.bias - torch.Size([256]): 
The value is the same before and after calling `init_weights` of ImageClassifier  

backbone.features.8.bn.weight - torch.Size([256]): 
The value is the same before and after calling `init_weights` of ImageClassifier  

backbone.features.8.bn.bias - torch.Size([256]): 
The value is the same before and after calling `init_weights` of ImageClassifier  

backbone.features.9.conv.weight - torch.Size([256, 256, 3, 3]): 
KaimingInit: a=0, mode=fan_out, nonlinearity=relu, distribution =normal, bias=0 

backbone.features.9.conv.bias - torch.Size([256]): 
The value is the same before and after calling `init_weights` of ImageClassifier  

backbone.features.9.bn.weight - torch.Size([256]): 
The value is the same before and after calling `init_weights` of ImageClassifier  

backbone.features.9.bn.bias - torch.Size([256]): 
The value is the same before and after calling `init_weights` of ImageClassifier  

backbone.features.11.conv.weight - torch.Size([512, 256, 3, 3]): 
KaimingInit: a=0, mode=fan_out, nonlinearity=relu, distribution =normal, bias=0 

backbone.features.11.conv.bias - torch.Size([512]): 
The value is the same before and after calling `init_weights` of ImageClassifier  

backbone.features.11.bn.weight - torch.Size([512]): 
The value is the same before and after calling `init_weights` of ImageClassifier  

backbone.features.11.bn.bias - torch.Size([512]): 
The value is the same before and after calling `init_weights` of ImageClassifier  

backbone.features.12.conv.weight - torch.Size([512, 512, 3, 3]): 
KaimingInit: a=0, mode=fan_out, nonlinearity=relu, distribution =normal, bias=0 

backbone.features.12.conv.bias - torch.Size([512]): 
The value is the same before and after calling `init_weights` of ImageClassifier  

backbone.features.12.bn.weight - torch.Size([512]): 
The value is the same before and after calling `init_weights` of ImageClassifier  

backbone.features.12.bn.bias - torch.Size([512]): 
The value is the same before and after calling `init_weights` of ImageClassifier  

backbone.features.13.conv.weight - torch.Size([512, 512, 3, 3]): 
KaimingInit: a=0, mode=fan_out, nonlinearity=relu, distribution =normal, bias=0 

backbone.features.13.conv.bias - torch.Size([512]): 
The value is the same before and after calling `init_weights` of ImageClassifier  

backbone.features.13.bn.weight - torch.Size([512]): 
The value is the same before and after calling `init_weights` of ImageClassifier  

backbone.features.13.bn.bias - torch.Size([512]): 
The value is the same before and after calling `init_weights` of ImageClassifier  

backbone.features.14.conv.weight - torch.Size([512, 512, 3, 3]): 
KaimingInit: a=0, mode=fan_out, nonlinearity=relu, distribution =normal, bias=0 

backbone.features.14.conv.bias - torch.Size([512]): 
The value is the same before and after calling `init_weights` of ImageClassifier  

backbone.features.14.bn.weight - torch.Size([512]): 
The value is the same before and after calling `init_weights` of ImageClassifier  

backbone.features.14.bn.bias - torch.Size([512]): 
The value is the same before and after calling `init_weights` of ImageClassifier  

backbone.features.16.conv.weight - torch.Size([512, 512, 3, 3]): 
KaimingInit: a=0, mode=fan_out, nonlinearity=relu, distribution =normal, bias=0 

backbone.features.16.conv.bias - torch.Size([512]): 
The value is the same before and after calling `init_weights` of ImageClassifier  

backbone.features.16.bn.weight - torch.Size([512]): 
The value is the same before and after calling `init_weights` of ImageClassifier  

backbone.features.16.bn.bias - torch.Size([512]): 
The value is the same before and after calling `init_weights` of ImageClassifier  

backbone.features.17.conv.weight - torch.Size([512, 512, 3, 3]): 
KaimingInit: a=0, mode=fan_out, nonlinearity=relu, distribution =normal, bias=0 

backbone.features.17.conv.bias - torch.Size([512]): 
The value is the same before and after calling `init_weights` of ImageClassifier  

backbone.features.17.bn.weight - torch.Size([512]): 
The value is the same before and after calling `init_weights` of ImageClassifier  

backbone.features.17.bn.bias - torch.Size([512]): 
The value is the same before and after calling `init_weights` of ImageClassifier  

backbone.features.18.conv.weight - torch.Size([512, 512, 3, 3]): 
KaimingInit: a=0, mode=fan_out, nonlinearity=relu, distribution =normal, bias=0 

backbone.features.18.conv.bias - torch.Size([512]): 
The value is the same before and after calling `init_weights` of ImageClassifier  

backbone.features.18.bn.weight - torch.Size([512]): 
The value is the same before and after calling `init_weights` of ImageClassifier  

backbone.features.18.bn.bias - torch.Size([512]): 
The value is the same before and after calling `init_weights` of ImageClassifier  

backbone.features.19.conv.weight - torch.Size([512, 512, 3, 3]): 
KaimingInit: a=0, mode=fan_out, nonlinearity=relu, distribution =normal, bias=0 

backbone.features.19.conv.bias - torch.Size([512]): 
The value is the same before and after calling `init_weights` of ImageClassifier  

backbone.features.19.bn.weight - torch.Size([512]): 
The value is the same before and after calling `init_weights` of ImageClassifier  

backbone.features.19.bn.bias - torch.Size([512]): 
The value is the same before and after calling `init_weights` of ImageClassifier  

backbone.classifier.0.weight - torch.Size([4096, 25088]): 
NormalInit: mean=0, std=0.01, bias=0 

backbone.classifier.0.bias - torch.Size([4096]): 
NormalInit: mean=0, std=0.01, bias=0 

backbone.classifier.3.weight - torch.Size([4096, 4096]): 
NormalInit: mean=0, std=0.01, bias=0 

backbone.classifier.3.bias - torch.Size([4096]): 
NormalInit: mean=0, std=0.01, bias=0 

backbone.classifier.6.weight - torch.Size([17, 4096]): 
NormalInit: mean=0, std=0.01, bias=0 

backbone.classifier.6.bias - torch.Size([17]): 
NormalInit: mean=0, std=0.01, bias=0 
2024-02-26 22:39:56,300 - mmcls - INFO - Start running, host: zaychan@gpu2-comp-207, work_dir: /userhome/cs2/zaychan/COMP3340Project/CNN_Image_Classification_Code/output/vgg19/vgg19_flowers_bs4_lr0.1
2024-02-26 22:39:56,301 - mmcls - INFO - Hooks will be executed in the following order:
before_run:
(VERY_HIGH   ) StepLrUpdaterHook                  
(NORMAL      ) CheckpointHook                     
(NORMAL      ) EvalHook                           
(VERY_LOW    ) TextLoggerHook                     
 -------------------- 
before_train_epoch:
(VERY_HIGH   ) StepLrUpdaterHook                  
(NORMAL      ) EvalHook                           
(LOW         ) IterTimerHook                      
(VERY_LOW    ) TextLoggerHook                     
 -------------------- 
before_train_iter:
(VERY_HIGH   ) StepLrUpdaterHook                  
(NORMAL      ) EvalHook                           
(LOW         ) IterTimerHook                      
 -------------------- 
after_train_iter:
(ABOVE_NORMAL) OptimizerHook                      
(NORMAL      ) CheckpointHook                     
(NORMAL      ) EvalHook                           
(LOW         ) IterTimerHook                      
(VERY_LOW    ) TextLoggerHook                     
 -------------------- 
after_train_epoch:
(NORMAL      ) CheckpointHook                     
(NORMAL      ) EvalHook                           
(VERY_LOW    ) TextLoggerHook                     
 -------------------- 
before_val_epoch:
(LOW         ) IterTimerHook                      
(VERY_LOW    ) TextLoggerHook                     
 -------------------- 
before_val_iter:
(LOW         ) IterTimerHook                      
 -------------------- 
after_val_iter:
(LOW         ) IterTimerHook                      
 -------------------- 
after_val_epoch:
(VERY_LOW    ) TextLoggerHook                     
 -------------------- 
after_run:
(VERY_LOW    ) TextLoggerHook                     
 -------------------- 
2024-02-26 22:39:56,301 - mmcls - INFO - workflow: [('train', 1)], max: 200 epochs
2024-02-26 22:39:56,301 - mmcls - INFO - Checkpoints will be saved to /userhome/cs2/zaychan/COMP3340Project/CNN_Image_Classification_Code/output/vgg19/vgg19_flowers_bs4_lr0.1 by HardDiskBackend.
2024-02-26 22:40:05,730 - mmcls - INFO - Epoch [1][100/272]	lr: 1.000e-01, eta: 1:25:03, time: 0.094, data_time: 0.037, memory: 2525, loss: nan
2024-02-26 22:40:11,673 - mmcls - INFO - Epoch [1][200/272]	lr: 1.000e-01, eta: 1:09:16, time: 0.059, data_time: 0.006, memory: 2525, loss: nan
2024-02-26 22:40:16,314 - mmcls - INFO - Saving checkpoint at 1 epochs
2024-02-26 22:40:24,913 - mmcls - INFO - Epoch(val) [1][34]	accuracy_top-1: 0.0000, accuracy_top-5: 0.0000
2024-02-26 22:40:32,830 - mmcls - INFO - Epoch [2][100/272]	lr: 1.000e-01, eta: 0:56:12, time: 0.079, data_time: 0.026, memory: 2525, loss: nan
2024-02-26 22:40:38,525 - mmcls - INFO - Epoch [2][200/272]	lr: 1.000e-01, eta: 0:55:03, time: 0.057, data_time: 0.004, memory: 2525, loss: nan
2024-02-26 22:40:42,738 - mmcls - INFO - Saving checkpoint at 2 epochs
2024-02-26 22:40:51,063 - mmcls - INFO - Epoch(val) [2][34]	accuracy_top-1: 0.0000, accuracy_top-5: 0.0000
2024-02-26 22:40:58,975 - mmcls - INFO - Epoch [3][100/272]	lr: 1.000e-01, eta: 0:51:10, time: 0.079, data_time: 0.026, memory: 2525, loss: nan
2024-02-26 22:41:04,682 - mmcls - INFO - Epoch [3][200/272]	lr: 1.000e-01, eta: 0:51:04, time: 0.057, data_time: 0.003, memory: 2525, loss: nan
2024-02-26 22:41:08,839 - mmcls - INFO - Saving checkpoint at 3 epochs
2024-02-26 22:41:16,810 - mmcls - INFO - Epoch(val) [3][34]	accuracy_top-1: 0.0000, accuracy_top-5: 0.0000
2024-02-26 22:41:24,863 - mmcls - INFO - Epoch [4][100/272]	lr: 1.000e-01, eta: 0:49:07, time: 0.080, data_time: 0.026, memory: 2525, loss: nan
2024-02-26 22:41:30,631 - mmcls - INFO - Epoch [4][200/272]	lr: 1.000e-01, eta: 0:49:15, time: 0.058, data_time: 0.004, memory: 2525, loss: nan
2024-02-26 22:41:34,796 - mmcls - INFO - Saving checkpoint at 4 epochs
2024-02-26 22:41:45,594 - mmcls - INFO - Epoch(val) [4][34]	accuracy_top-1: 0.0000, accuracy_top-5: 0.0000
2024-02-26 22:41:53,582 - mmcls - INFO - Epoch [5][100/272]	lr: 1.000e-01, eta: 0:47:52, time: 0.079, data_time: 0.026, memory: 2525, loss: nan
2024-02-26 22:41:59,279 - mmcls - INFO - Epoch [5][200/272]	lr: 1.000e-01, eta: 0:47:59, time: 0.057, data_time: 0.003, memory: 2525, loss: nan
2024-02-26 22:42:03,426 - mmcls - INFO - Saving checkpoint at 5 epochs
2024-02-26 22:42:11,503 - mmcls - INFO - Epoch(val) [5][34]	accuracy_top-1: 0.0000, accuracy_top-5: 0.0000
2024-02-26 22:42:19,487 - mmcls - INFO - Epoch [6][100/272]	lr: 1.000e-01, eta: 0:47:00, time: 0.079, data_time: 0.025, memory: 2525, loss: nan
2024-02-26 22:42:25,228 - mmcls - INFO - Epoch [6][200/272]	lr: 1.000e-01, eta: 0:47:08, time: 0.057, data_time: 0.003, memory: 2525, loss: nan
2024-02-26 22:42:29,416 - mmcls - INFO - Saving checkpoint at 6 epochs
2024-02-26 22:42:37,565 - mmcls - INFO - Epoch(val) [6][34]	accuracy_top-1: 0.0000, accuracy_top-5: 0.0000
2024-02-26 22:42:45,496 - mmcls - INFO - Epoch [7][100/272]	lr: 1.000e-01, eta: 0:46:19, time: 0.079, data_time: 0.025, memory: 2525, loss: nan
2024-02-26 22:42:51,313 - mmcls - INFO - Epoch [7][200/272]	lr: 1.000e-01, eta: 0:46:29, time: 0.058, data_time: 0.005, memory: 2525, loss: nan
2024-02-26 22:42:55,506 - mmcls - INFO - Saving checkpoint at 7 epochs
2024-02-26 22:43:03,267 - mmcls - INFO - Epoch(val) [7][34]	accuracy_top-1: 0.0000, accuracy_top-5: 0.0000
2024-02-26 22:43:11,216 - mmcls - INFO - Epoch [8][100/272]	lr: 1.000e-01, eta: 0:45:49, time: 0.079, data_time: 0.026, memory: 2525, loss: nan
2024-02-26 22:43:16,979 - mmcls - INFO - Epoch [8][200/272]	lr: 1.000e-01, eta: 0:45:56, time: 0.058, data_time: 0.003, memory: 2525, loss: nan
2024-02-26 22:43:21,189 - mmcls - INFO - Saving checkpoint at 8 epochs
2024-02-26 22:43:29,122 - mmcls - INFO - Epoch(val) [8][34]	accuracy_top-1: 0.0000, accuracy_top-5: 0.0000
2024-02-26 22:43:37,073 - mmcls - INFO - Epoch [9][100/272]	lr: 1.000e-01, eta: 0:45:21, time: 0.079, data_time: 0.026, memory: 2525, loss: nan
2024-02-26 22:43:42,803 - mmcls - INFO - Epoch [9][200/272]	lr: 1.000e-01, eta: 0:45:26, time: 0.057, data_time: 0.004, memory: 2525, loss: nan
2024-02-26 22:43:47,019 - mmcls - INFO - Saving checkpoint at 9 epochs
2024-02-26 22:43:55,186 - mmcls - INFO - Epoch(val) [9][34]	accuracy_top-1: 0.0000, accuracy_top-5: 0.0000
2024-02-26 22:44:03,155 - mmcls - INFO - Epoch [10][100/272]	lr: 1.000e-01, eta: 0:44:55, time: 0.079, data_time: 0.026, memory: 2525, loss: nan
2024-02-26 22:44:08,902 - mmcls - INFO - Epoch [10][200/272]	lr: 1.000e-01, eta: 0:45:01, time: 0.057, data_time: 0.004, memory: 2525, loss: nan
2024-02-26 22:44:13,085 - mmcls - INFO - Saving checkpoint at 10 epochs
2024-02-26 22:44:20,801 - mmcls - INFO - Epoch(val) [10][34]	accuracy_top-1: 0.0000, accuracy_top-5: 0.0000
2024-02-26 22:44:28,771 - mmcls - INFO - Epoch [11][100/272]	lr: 1.000e-01, eta: 0:44:33, time: 0.079, data_time: 0.025, memory: 2525, loss: nan
2024-02-26 22:44:34,500 - mmcls - INFO - Epoch [11][200/272]	lr: 1.000e-01, eta: 0:44:37, time: 0.057, data_time: 0.004, memory: 2525, loss: nan
2024-02-26 22:44:38,745 - mmcls - INFO - Saving checkpoint at 11 epochs
2024-02-26 22:44:46,789 - mmcls - INFO - Epoch(val) [11][34]	accuracy_top-1: 0.0000, accuracy_top-5: 0.0000
2024-02-26 22:44:54,737 - mmcls - INFO - Epoch [12][100/272]	lr: 1.000e-01, eta: 0:44:11, time: 0.079, data_time: 0.025, memory: 2525, loss: nan
2024-02-26 22:45:00,465 - mmcls - INFO - Epoch [12][200/272]	lr: 1.000e-01, eta: 0:44:15, time: 0.057, data_time: 0.003, memory: 2525, loss: nan
2024-02-26 22:45:04,645 - mmcls - INFO - Saving checkpoint at 12 epochs
2024-02-26 22:45:12,877 - mmcls - INFO - Epoch(val) [12][34]	accuracy_top-1: 0.0000, accuracy_top-5: 0.0000
2024-02-26 22:45:20,920 - mmcls - INFO - Epoch [13][100/272]	lr: 1.000e-01, eta: 0:43:52, time: 0.080, data_time: 0.026, memory: 2525, loss: nan
2024-02-26 22:45:26,689 - mmcls - INFO - Epoch [13][200/272]	lr: 1.000e-01, eta: 0:43:56, time: 0.058, data_time: 0.003, memory: 2525, loss: nan
2024-02-26 22:45:30,966 - mmcls - INFO - Saving checkpoint at 13 epochs
2024-02-26 22:45:39,317 - mmcls - INFO - Epoch(val) [13][34]	accuracy_top-1: 0.0000, accuracy_top-5: 0.0000
2024-02-26 22:45:47,321 - mmcls - INFO - Epoch [14][100/272]	lr: 1.000e-01, eta: 0:43:34, time: 0.080, data_time: 0.025, memory: 2525, loss: nan
2024-02-26 22:45:53,164 - mmcls - INFO - Epoch [14][200/272]	lr: 1.000e-01, eta: 0:43:38, time: 0.058, data_time: 0.003, memory: 2525, loss: nan
2024-02-26 22:45:57,413 - mmcls - INFO - Saving checkpoint at 14 epochs
2024-02-26 22:46:05,496 - mmcls - INFO - Epoch(val) [14][34]	accuracy_top-1: 0.0000, accuracy_top-5: 0.0000
2024-02-26 22:46:13,464 - mmcls - INFO - Epoch [15][100/272]	lr: 1.000e-01, eta: 0:43:17, time: 0.079, data_time: 0.026, memory: 2525, loss: nan
2024-02-26 22:46:19,229 - mmcls - INFO - Epoch [15][200/272]	lr: 1.000e-01, eta: 0:43:19, time: 0.058, data_time: 0.004, memory: 2525, loss: nan
2024-02-26 22:46:23,442 - mmcls - INFO - Saving checkpoint at 15 epochs
2024-02-26 22:46:31,446 - mmcls - INFO - Epoch(val) [15][34]	accuracy_top-1: 0.0000, accuracy_top-5: 0.0000
2024-02-26 22:46:39,401 - mmcls - INFO - Epoch [16][100/272]	lr: 1.000e-01, eta: 0:42:59, time: 0.079, data_time: 0.026, memory: 2525, loss: nan
2024-02-26 22:46:45,156 - mmcls - INFO - Epoch [16][200/272]	lr: 1.000e-01, eta: 0:43:01, time: 0.058, data_time: 0.004, memory: 2525, loss: nan
2024-02-26 22:46:49,396 - mmcls - INFO - Saving checkpoint at 16 epochs
2024-02-26 22:46:57,146 - mmcls - INFO - Epoch(val) [16][34]	accuracy_top-1: 0.0000, accuracy_top-5: 0.0000
2024-02-26 22:47:05,103 - mmcls - INFO - Epoch [17][100/272]	lr: 1.000e-01, eta: 0:42:42, time: 0.079, data_time: 0.025, memory: 2525, loss: nan
2024-02-26 22:47:11,041 - mmcls - INFO - Epoch [17][200/272]	lr: 1.000e-01, eta: 0:42:45, time: 0.059, data_time: 0.006, memory: 2525, loss: nan
2024-02-26 22:47:15,304 - mmcls - INFO - Saving checkpoint at 17 epochs
2024-02-26 22:47:23,023 - mmcls - INFO - Epoch(val) [17][34]	accuracy_top-1: 0.0000, accuracy_top-5: 0.0000
2024-02-26 22:47:30,970 - mmcls - INFO - Epoch [18][100/272]	lr: 1.000e-01, eta: 0:42:27, time: 0.079, data_time: 0.026, memory: 2525, loss: nan
2024-02-26 22:47:36,755 - mmcls - INFO - Epoch [18][200/272]	lr: 1.000e-01, eta: 0:42:28, time: 0.058, data_time: 0.004, memory: 2525, loss: nan
2024-02-26 22:47:40,989 - mmcls - INFO - Saving checkpoint at 18 epochs
2024-02-26 22:47:48,688 - mmcls - INFO - Epoch(val) [18][34]	accuracy_top-1: 0.0000, accuracy_top-5: 0.0000
2024-02-26 22:47:56,658 - mmcls - INFO - Epoch [19][100/272]	lr: 1.000e-01, eta: 0:42:10, time: 0.079, data_time: 0.026, memory: 2525, loss: nan
2024-02-26 22:48:02,425 - mmcls - INFO - Epoch [19][200/272]	lr: 1.000e-01, eta: 0:42:11, time: 0.058, data_time: 0.004, memory: 2525, loss: nan
2024-02-26 22:48:06,706 - mmcls - INFO - Saving checkpoint at 19 epochs
2024-02-26 22:48:14,446 - mmcls - INFO - Epoch(val) [19][34]	accuracy_top-1: 0.0000, accuracy_top-5: 0.0000
2024-02-26 22:48:22,325 - mmcls - INFO - Epoch [20][100/272]	lr: 1.000e-01, eta: 0:41:53, time: 0.078, data_time: 0.026, memory: 2525, loss: nan
2024-02-26 22:48:28,103 - mmcls - INFO - Epoch [20][200/272]	lr: 1.000e-01, eta: 0:41:54, time: 0.058, data_time: 0.004, memory: 2525, loss: nan
2024-02-26 22:48:32,378 - mmcls - INFO - Saving checkpoint at 20 epochs
2024-02-26 22:48:40,116 - mmcls - INFO - Epoch(val) [20][34]	accuracy_top-1: 0.0000, accuracy_top-5: 0.0000
2024-02-26 22:48:48,097 - mmcls - INFO - Epoch [21][100/272]	lr: 1.000e-01, eta: 0:41:38, time: 0.079, data_time: 0.026, memory: 2525, loss: nan
2024-02-26 22:48:53,888 - mmcls - INFO - Epoch [21][200/272]	lr: 1.000e-01, eta: 0:41:38, time: 0.058, data_time: 0.003, memory: 2525, loss: nan
2024-02-26 22:48:58,258 - mmcls - INFO - Saving checkpoint at 21 epochs
2024-02-26 22:49:06,018 - mmcls - INFO - Epoch(val) [21][34]	accuracy_top-1: 0.0000, accuracy_top-5: 0.0000
2024-02-26 22:49:14,014 - mmcls - INFO - Epoch [22][100/272]	lr: 1.000e-01, eta: 0:41:22, time: 0.079, data_time: 0.026, memory: 2525, loss: nan
2024-02-26 22:49:19,811 - mmcls - INFO - Epoch [22][200/272]	lr: 1.000e-01, eta: 0:41:23, time: 0.058, data_time: 0.003, memory: 2525, loss: nan
2024-02-26 22:49:24,054 - mmcls - INFO - Saving checkpoint at 22 epochs
2024-02-26 22:49:31,845 - mmcls - INFO - Epoch(val) [22][34]	accuracy_top-1: 0.0000, accuracy_top-5: 0.0000
2024-02-26 22:49:39,751 - mmcls - INFO - Epoch [23][100/272]	lr: 1.000e-01, eta: 0:41:07, time: 0.079, data_time: 0.026, memory: 2525, loss: nan
2024-02-26 22:49:45,533 - mmcls - INFO - Epoch [23][200/272]	lr: 1.000e-01, eta: 0:41:07, time: 0.058, data_time: 0.003, memory: 2525, loss: nan
2024-02-26 22:49:49,770 - mmcls - INFO - Saving checkpoint at 23 epochs
2024-02-26 22:49:58,776 - mmcls - INFO - Epoch(val) [23][34]	accuracy_top-1: 0.0000, accuracy_top-5: 0.0000
2024-02-26 22:50:06,763 - mmcls - INFO - Epoch [24][100/272]	lr: 1.000e-01, eta: 0:40:51, time: 0.079, data_time: 0.025, memory: 2525, loss: nan
2024-02-26 22:50:12,516 - mmcls - INFO - Epoch [24][200/272]	lr: 1.000e-01, eta: 0:40:51, time: 0.058, data_time: 0.003, memory: 2525, loss: nan
2024-02-26 22:50:16,789 - mmcls - INFO - Saving checkpoint at 24 epochs
2024-02-26 22:50:24,813 - mmcls - INFO - Epoch(val) [24][34]	accuracy_top-1: 0.0000, accuracy_top-5: 0.0000
2024-02-26 22:50:32,769 - mmcls - INFO - Epoch [25][100/272]	lr: 1.000e-01, eta: 0:40:36, time: 0.079, data_time: 0.024, memory: 2525, loss: nan
2024-02-26 22:50:38,543 - mmcls - INFO - Epoch [25][200/272]	lr: 1.000e-01, eta: 0:40:36, time: 0.058, data_time: 0.003, memory: 2525, loss: nan
2024-02-26 22:50:42,764 - mmcls - INFO - Saving checkpoint at 25 epochs
2024-02-26 22:50:50,830 - mmcls - INFO - Epoch(val) [25][34]	accuracy_top-1: 0.0000, accuracy_top-5: 0.0000
2024-02-26 22:50:58,761 - mmcls - INFO - Epoch [26][100/272]	lr: 1.000e-01, eta: 0:40:21, time: 0.079, data_time: 0.026, memory: 2525, loss: nan
2024-02-26 22:51:04,585 - mmcls - INFO - Epoch [26][200/272]	lr: 1.000e-01, eta: 0:40:21, time: 0.058, data_time: 0.003, memory: 2525, loss: nan
2024-02-26 22:51:08,803 - mmcls - INFO - Saving checkpoint at 26 epochs
2024-02-26 22:51:17,050 - mmcls - INFO - Epoch(val) [26][34]	accuracy_top-1: 0.0000, accuracy_top-5: 0.0000
2024-02-26 22:51:24,952 - mmcls - INFO - Epoch [27][100/272]	lr: 1.000e-01, eta: 0:40:06, time: 0.079, data_time: 0.025, memory: 2525, loss: nan
2024-02-26 22:51:30,650 - mmcls - INFO - Epoch [27][200/272]	lr: 1.000e-01, eta: 0:40:04, time: 0.057, data_time: 0.003, memory: 2525, loss: nan
2024-02-26 22:51:34,841 - mmcls - INFO - Saving checkpoint at 27 epochs
2024-02-26 22:51:45,749 - mmcls - INFO - Epoch(val) [27][34]	accuracy_top-1: 0.0000, accuracy_top-5: 0.0000
2024-02-26 22:51:53,703 - mmcls - INFO - Epoch [28][100/272]	lr: 1.000e-01, eta: 0:39:50, time: 0.079, data_time: 0.025, memory: 2525, loss: nan
2024-02-26 22:51:59,503 - mmcls - INFO - Epoch [28][200/272]	lr: 1.000e-01, eta: 0:39:49, time: 0.058, data_time: 0.004, memory: 2525, loss: nan
2024-02-26 22:52:03,752 - mmcls - INFO - Saving checkpoint at 28 epochs
2024-02-26 22:52:11,998 - mmcls - INFO - Epoch(val) [28][34]	accuracy_top-1: 0.0000, accuracy_top-5: 0.0000
2024-02-26 22:52:20,195 - mmcls - INFO - Epoch [29][100/272]	lr: 1.000e-01, eta: 0:39:36, time: 0.080, data_time: 0.026, memory: 2525, loss: nan
2024-02-26 22:52:25,950 - mmcls - INFO - Epoch [29][200/272]	lr: 1.000e-01, eta: 0:39:35, time: 0.058, data_time: 0.004, memory: 2525, loss: nan
2024-02-26 22:52:30,237 - mmcls - INFO - Saving checkpoint at 29 epochs
2024-02-26 22:52:38,884 - mmcls - INFO - Epoch(val) [29][34]	accuracy_top-1: 0.0000, accuracy_top-5: 0.0000
2024-02-26 22:52:46,859 - mmcls - INFO - Epoch [30][100/272]	lr: 1.000e-01, eta: 0:39:21, time: 0.079, data_time: 0.026, memory: 2525, loss: nan
2024-02-26 22:52:53,067 - mmcls - INFO - Epoch [30][200/272]	lr: 1.000e-01, eta: 0:39:22, time: 0.062, data_time: 0.009, memory: 2525, loss: nan
2024-02-26 22:52:57,298 - mmcls - INFO - Saving checkpoint at 30 epochs
2024-02-26 22:53:06,237 - mmcls - INFO - Epoch(val) [30][34]	accuracy_top-1: 0.0000, accuracy_top-5: 0.0000
2024-02-26 22:53:14,198 - mmcls - INFO - Epoch [31][100/272]	lr: 1.000e-01, eta: 0:39:09, time: 0.079, data_time: 0.025, memory: 2525, loss: nan
2024-02-26 22:53:19,941 - mmcls - INFO - Epoch [31][200/272]	lr: 1.000e-01, eta: 0:39:07, time: 0.057, data_time: 0.003, memory: 2525, loss: nan
2024-02-26 22:53:24,145 - mmcls - INFO - Saving checkpoint at 31 epochs
2024-02-26 22:53:32,983 - mmcls - INFO - Epoch(val) [31][34]	accuracy_top-1: 0.0000, accuracy_top-5: 0.0000
2024-02-26 22:53:40,957 - mmcls - INFO - Epoch [32][100/272]	lr: 1.000e-01, eta: 0:38:54, time: 0.079, data_time: 0.026, memory: 2525, loss: nan
2024-02-26 22:53:46,678 - mmcls - INFO - Epoch [32][200/272]	lr: 1.000e-01, eta: 0:38:52, time: 0.057, data_time: 0.003, memory: 2525, loss: nan
2024-02-26 22:53:50,882 - mmcls - INFO - Saving checkpoint at 32 epochs
2024-02-26 22:54:01,023 - mmcls - INFO - Epoch(val) [32][34]	accuracy_top-1: 0.0000, accuracy_top-5: 0.0000
2024-02-26 22:54:09,162 - mmcls - INFO - Epoch [33][100/272]	lr: 1.000e-01, eta: 0:38:39, time: 0.079, data_time: 0.026, memory: 2525, loss: nan
2024-02-26 22:54:14,919 - mmcls - INFO - Epoch [33][200/272]	lr: 1.000e-01, eta: 0:38:37, time: 0.058, data_time: 0.004, memory: 2525, loss: nan
2024-02-26 22:54:19,355 - mmcls - INFO - Saving checkpoint at 33 epochs
2024-02-26 22:54:29,329 - mmcls - INFO - Epoch(val) [33][34]	accuracy_top-1: 0.0000, accuracy_top-5: 0.0000
2024-02-26 22:54:37,209 - mmcls - INFO - Epoch [34][100/272]	lr: 1.000e-01, eta: 0:38:24, time: 0.078, data_time: 0.025, memory: 2525, loss: nan
2024-02-26 22:54:42,912 - mmcls - INFO - Epoch [34][200/272]	lr: 1.000e-01, eta: 0:38:22, time: 0.057, data_time: 0.003, memory: 2525, loss: nan
2024-02-26 22:54:47,158 - mmcls - INFO - Saving checkpoint at 34 epochs
2024-02-26 22:54:55,782 - mmcls - INFO - Epoch(val) [34][34]	accuracy_top-1: 0.0000, accuracy_top-5: 0.0000
2024-02-26 22:55:03,679 - mmcls - INFO - Epoch [35][100/272]	lr: 1.000e-01, eta: 0:38:09, time: 0.079, data_time: 0.025, memory: 2525, loss: nan
2024-02-26 22:55:09,430 - mmcls - INFO - Epoch [35][200/272]	lr: 1.000e-01, eta: 0:38:07, time: 0.058, data_time: 0.003, memory: 2525, loss: nan
2024-02-26 22:55:13,696 - mmcls - INFO - Saving checkpoint at 35 epochs
2024-02-26 22:55:22,054 - mmcls - INFO - Epoch(val) [35][34]	accuracy_top-1: 0.0000, accuracy_top-5: 0.0000
2024-02-26 22:55:29,959 - mmcls - INFO - Epoch [36][100/272]	lr: 1.000e-01, eta: 0:37:54, time: 0.079, data_time: 0.025, memory: 2525, loss: nan
2024-02-26 22:55:35,704 - mmcls - INFO - Epoch [36][200/272]	lr: 1.000e-01, eta: 0:37:52, time: 0.057, data_time: 0.004, memory: 2525, loss: nan
2024-02-26 22:55:39,953 - mmcls - INFO - Saving checkpoint at 36 epochs
2024-02-26 22:55:49,506 - mmcls - INFO - Epoch(val) [36][34]	accuracy_top-1: 0.0000, accuracy_top-5: 0.0000
2024-02-26 22:55:57,539 - mmcls - INFO - Epoch [37][100/272]	lr: 1.000e-01, eta: 0:37:40, time: 0.080, data_time: 0.026, memory: 2525, loss: nan
2024-02-26 22:56:03,295 - mmcls - INFO - Epoch [37][200/272]	lr: 1.000e-01, eta: 0:37:38, time: 0.058, data_time: 0.004, memory: 2525, loss: nan
2024-02-26 22:56:08,138 - mmcls - INFO - Saving checkpoint at 37 epochs
2024-02-26 22:56:16,855 - mmcls - INFO - Epoch(val) [37][34]	accuracy_top-1: 0.0000, accuracy_top-5: 0.0000
2024-02-26 22:56:24,810 - mmcls - INFO - Epoch [38][100/272]	lr: 1.000e-01, eta: 0:37:25, time: 0.079, data_time: 0.025, memory: 2525, loss: nan
2024-02-26 22:56:30,598 - mmcls - INFO - Epoch [38][200/272]	lr: 1.000e-01, eta: 0:37:23, time: 0.058, data_time: 0.004, memory: 2525, loss: nan
2024-02-26 22:56:34,794 - mmcls - INFO - Saving checkpoint at 38 epochs
2024-02-26 22:56:44,162 - mmcls - INFO - Epoch(val) [38][34]	accuracy_top-1: 0.0000, accuracy_top-5: 0.0000
2024-02-26 22:56:52,136 - mmcls - INFO - Epoch [39][100/272]	lr: 1.000e-01, eta: 0:37:11, time: 0.079, data_time: 0.025, memory: 2525, loss: nan
2024-02-26 22:56:57,880 - mmcls - INFO - Epoch [39][200/272]	lr: 1.000e-01, eta: 0:37:09, time: 0.057, data_time: 0.003, memory: 2525, loss: nan
2024-02-26 22:57:02,516 - mmcls - INFO - Saving checkpoint at 39 epochs
2024-02-26 22:57:10,822 - mmcls - INFO - Epoch(val) [39][34]	accuracy_top-1: 0.0000, accuracy_top-5: 0.0000
2024-02-26 22:57:18,755 - mmcls - INFO - Epoch [40][100/272]	lr: 1.000e-01, eta: 0:36:56, time: 0.079, data_time: 0.025, memory: 2525, loss: nan
2024-02-26 22:57:24,482 - mmcls - INFO - Epoch [40][200/272]	lr: 1.000e-01, eta: 0:36:54, time: 0.057, data_time: 0.004, memory: 2525, loss: nan
2024-02-26 22:57:28,722 - mmcls - INFO - Saving checkpoint at 40 epochs
2024-02-26 22:57:37,540 - mmcls - INFO - Epoch(val) [40][34]	accuracy_top-1: 0.0000, accuracy_top-5: 0.0000
2024-02-26 22:57:45,504 - mmcls - INFO - Epoch [41][100/272]	lr: 1.000e-01, eta: 0:36:42, time: 0.079, data_time: 0.025, memory: 2525, loss: nan
2024-02-26 22:57:51,254 - mmcls - INFO - Epoch [41][200/272]	lr: 1.000e-01, eta: 0:36:40, time: 0.057, data_time: 0.003, memory: 2525, loss: nan
2024-02-26 22:57:55,463 - mmcls - INFO - Saving checkpoint at 41 epochs
2024-02-26 22:58:04,347 - mmcls - INFO - Epoch(val) [41][34]	accuracy_top-1: 0.0000, accuracy_top-5: 0.0000
2024-02-26 22:58:12,628 - mmcls - INFO - Epoch [42][100/272]	lr: 1.000e-01, eta: 0:36:28, time: 0.081, data_time: 0.026, memory: 2525, loss: nan
2024-02-26 22:58:18,377 - mmcls - INFO - Epoch [42][200/272]	lr: 1.000e-01, eta: 0:36:26, time: 0.057, data_time: 0.003, memory: 2525, loss: nan
2024-02-26 22:58:22,568 - mmcls - INFO - Saving checkpoint at 42 epochs
2024-02-26 22:58:35,606 - mmcls - INFO - Epoch(val) [42][34]	accuracy_top-1: 0.0000, accuracy_top-5: 0.0000
2024-02-26 22:58:43,527 - mmcls - INFO - Epoch [43][100/272]	lr: 1.000e-01, eta: 0:36:14, time: 0.079, data_time: 0.025, memory: 2525, loss: nan
2024-02-26 22:58:49,223 - mmcls - INFO - Epoch [43][200/272]	lr: 1.000e-01, eta: 0:36:11, time: 0.057, data_time: 0.003, memory: 2525, loss: nan
2024-02-26 22:58:53,339 - mmcls - INFO - Saving checkpoint at 43 epochs
2024-02-26 22:59:01,703 - mmcls - INFO - Epoch(val) [43][34]	accuracy_top-1: 0.0000, accuracy_top-5: 0.0000
2024-02-26 22:59:09,939 - mmcls - INFO - Epoch [44][100/272]	lr: 1.000e-01, eta: 0:36:01, time: 0.082, data_time: 0.028, memory: 2525, loss: nan
2024-02-26 22:59:15,801 - mmcls - INFO - Epoch [44][200/272]	lr: 1.000e-01, eta: 0:35:58, time: 0.059, data_time: 0.004, memory: 2525, loss: nan
2024-02-26 22:59:19,995 - mmcls - INFO - Saving checkpoint at 44 epochs
2024-02-26 22:59:28,788 - mmcls - INFO - Epoch(val) [44][34]	accuracy_top-1: 0.0000, accuracy_top-5: 0.0000
2024-02-26 22:59:36,689 - mmcls - INFO - Epoch [45][100/272]	lr: 1.000e-01, eta: 0:35:46, time: 0.079, data_time: 0.026, memory: 2525, loss: nan
2024-02-26 22:59:42,452 - mmcls - INFO - Epoch [45][200/272]	lr: 1.000e-01, eta: 0:35:44, time: 0.058, data_time: 0.004, memory: 2525, loss: nan
2024-02-26 22:59:46,681 - mmcls - INFO - Saving checkpoint at 45 epochs
2024-02-26 22:59:55,382 - mmcls - INFO - Epoch(val) [45][34]	accuracy_top-1: 0.0000, accuracy_top-5: 0.0000
2024-02-26 23:00:03,310 - mmcls - INFO - Epoch [46][100/272]	lr: 1.000e-01, eta: 0:35:32, time: 0.079, data_time: 0.026, memory: 2525, loss: nan
2024-02-26 23:00:09,066 - mmcls - INFO - Epoch [46][200/272]	lr: 1.000e-01, eta: 0:35:29, time: 0.058, data_time: 0.003, memory: 2525, loss: nan
2024-02-26 23:00:13,876 - mmcls - INFO - Saving checkpoint at 46 epochs
2024-02-26 23:00:24,587 - mmcls - INFO - Epoch(val) [46][34]	accuracy_top-1: 0.0000, accuracy_top-5: 0.0000
2024-02-26 23:00:32,524 - mmcls - INFO - Epoch [47][100/272]	lr: 1.000e-01, eta: 0:35:18, time: 0.079, data_time: 0.024, memory: 2525, loss: nan
2024-02-26 23:00:38,263 - mmcls - INFO - Epoch [47][200/272]	lr: 1.000e-01, eta: 0:35:15, time: 0.057, data_time: 0.003, memory: 2525, loss: nan
2024-02-26 23:00:42,442 - mmcls - INFO - Saving checkpoint at 47 epochs
