2024-02-24 20:13:17,558 - mmcls - INFO - Environment info:
------------------------------------------------------------
sys.platform: linux
Python: 3.7.16 (default, Jan 17 2023, 22:20:44) [GCC 11.2.0]
CUDA available: True
GPU 0: NVIDIA GeForce RTX 2080 Ti
CUDA_HOME: /usr/local/cuda
NVCC: Cuda compilation tools, release 11.8, V11.8.89
GCC: gcc (Ubuntu 11.4.0-1ubuntu1~22.04) 11.4.0
PyTorch: 1.7.1
PyTorch compiling details: PyTorch built with:
  - GCC 7.3
  - C++ Version: 201402
  - Intel(R) oneAPI Math Kernel Library Version 2021.4-Product Build 20210904 for Intel(R) 64 architecture applications
  - Intel(R) MKL-DNN v1.6.0 (Git Hash 5ef631a030a6f73131c77892041042805a06064f)
  - OpenMP 201511 (a.k.a. OpenMP 4.5)
  - NNPACK is enabled
  - CPU capability usage: AVX2
  - CUDA Runtime 10.1
  - NVCC architecture flags: -gencode;arch=compute_37,code=sm_37;-gencode;arch=compute_50,code=sm_50;-gencode;arch=compute_60,code=sm_60;-gencode;arch=compute_61,code=sm_61;-gencode;arch=compute_70,code=sm_70;-gencode;arch=compute_75,code=sm_75;-gencode;arch=compute_37,code=compute_37
  - CuDNN 7.6.3
  - Magma 2.5.2
  - Build settings: BLAS=MKL, BUILD_TYPE=Release, CXX_FLAGS= -Wno-deprecated -fvisibility-inlines-hidden -DUSE_PTHREADPOOL -fopenmp -DNDEBUG -DUSE_FBGEMM -DUSE_QNNPACK -DUSE_PYTORCH_QNNPACK -DUSE_XNNPACK -DUSE_VULKAN_WRAPPER -O2 -fPIC -Wno-narrowing -Wall -Wextra -Werror=return-type -Wno-missing-field-initializers -Wno-type-limits -Wno-array-bounds -Wno-unknown-pragmas -Wno-sign-compare -Wno-unused-parameter -Wno-unused-variable -Wno-unused-function -Wno-unused-result -Wno-unused-local-typedefs -Wno-strict-overflow -Wno-strict-aliasing -Wno-error=deprecated-declarations -Wno-stringop-overflow -Wno-psabi -Wno-error=pedantic -Wno-error=redundant-decls -Wno-error=old-style-cast -fdiagnostics-color=always -faligned-new -Wno-unused-but-set-variable -Wno-maybe-uninitialized -fno-math-errno -fno-trapping-math -Werror=format -Wno-stringop-overflow, PERF_WITH_AVX=1, PERF_WITH_AVX2=1, PERF_WITH_AVX512=1, USE_CUDA=ON, USE_EXCEPTION_PTR=1, USE_GFLAGS=OFF, USE_GLOG=OFF, USE_MKL=ON, USE_MKLDNN=ON, USE_MPI=OFF, USE_NCCL=ON, USE_NNPACK=ON, USE_OPENMP=ON, 

TorchVision: 0.8.2
OpenCV: 4.9.0
MMCV: 1.5.0
MMCV Compiler: GCC 11.4
MMCV CUDA Compiler: 11.8
MMClassification: 0.15.0+3ce6fef
------------------------------------------------------------

2024-02-24 20:13:17,559 - mmcls - INFO - Distributed training: False
2024-02-24 20:13:17,724 - mmcls - INFO - Config:
model = dict(
    type='ImageClassifier',
    backbone=dict(
        type='ResNet',
        depth=18,
        num_stages=4,
        out_indices=(3, ),
        style='pytorch'),
    neck=dict(type='GlobalAveragePooling'),
    head=dict(
        type='LinearClsHead',
        num_classes=17,
        in_channels=512,
        loss=dict(type='CrossEntropyLoss', loss_weight=1.0)))
dataset_type = 'Flowers'
img_norm_cfg = dict(
    mean=[123.675, 116.28, 103.53], std=[58.395, 57.12, 57.375], to_rgb=True)
train_pipeline = [
    dict(type='LoadImageFromFile'),
    dict(type='RandomResizedCrop', size=224),
    dict(type='RandomFlip', flip_prob=0.5, direction='horizontal'),
    dict(
        type='Normalize',
        mean=[123.675, 116.28, 103.53],
        std=[58.395, 57.12, 57.375],
        to_rgb=True),
    dict(type='ImageToTensor', keys=['img']),
    dict(type='ToTensor', keys=['gt_label']),
    dict(type='Collect', keys=['img', 'gt_label'])
]
test_pipeline = [
    dict(type='LoadImageFromFile'),
    dict(type='Resize', size=(256, -1)),
    dict(type='CenterCrop', crop_size=224),
    dict(
        type='Normalize',
        mean=[123.675, 116.28, 103.53],
        std=[58.395, 57.12, 57.375],
        to_rgb=True),
    dict(type='ImageToTensor', keys=['img']),
    dict(type='Collect', keys=['img'])
]
data = dict(
    samples_per_gpu=64,
    workers_per_gpu=1,
    train=dict(
        type='Flowers',
        data_prefix='data/flowers/train',
        ann_file='data/flowers/meta/train.txt',
        pipeline=[
            dict(type='LoadImageFromFile'),
            dict(type='RandomResizedCrop', size=224),
            dict(type='RandomFlip', flip_prob=0.5, direction='horizontal'),
            dict(
                type='Normalize',
                mean=[123.675, 116.28, 103.53],
                std=[58.395, 57.12, 57.375],
                to_rgb=True),
            dict(type='ImageToTensor', keys=['img']),
            dict(type='ToTensor', keys=['gt_label']),
            dict(type='Collect', keys=['img', 'gt_label'])
        ]),
    val=dict(
        type='Flowers',
        data_prefix='data/flowers/val',
        ann_file='data/flowers/meta/val.txt',
        pipeline=[
            dict(type='LoadImageFromFile'),
            dict(type='Resize', size=(256, -1)),
            dict(type='CenterCrop', crop_size=224),
            dict(
                type='Normalize',
                mean=[123.675, 116.28, 103.53],
                std=[58.395, 57.12, 57.375],
                to_rgb=True),
            dict(type='ImageToTensor', keys=['img']),
            dict(type='Collect', keys=['img'])
        ]),
    test=dict(
        type='Flowers',
        data_prefix='data/flowers/test',
        ann_file='data/flowers/meta/test.txt',
        pipeline=[
            dict(type='LoadImageFromFile'),
            dict(type='Resize', size=(256, -1)),
            dict(type='CenterCrop', crop_size=224),
            dict(
                type='Normalize',
                mean=[123.675, 116.28, 103.53],
                std=[58.395, 57.12, 57.375],
                to_rgb=True),
            dict(type='ImageToTensor', keys=['img']),
            dict(type='Collect', keys=['img'])
        ]))
evaluation = dict(interval=1, metric='accuracy')
optimizer = dict(type='SGD', lr=0.01, momentum=0.9, weight_decay=0.0001)
optimizer_config = dict(grad_clip=None)
lr_config = dict(policy='step', step=[100, 150])
runner = dict(type='EpochBasedRunner', max_epochs=200)
checkpoint_config = dict(interval=1)
log_config = dict(interval=100, hooks=[dict(type='TextLoggerHook')])
dist_params = dict(backend='nccl')
log_level = 'INFO'
load_from = None
resume_from = None
workflow = [('train', 1)]
work_dir = 'output/resnet18/bs64/lr0.01'
gpu_ids = range(0, 1)

2024-02-24 20:13:17,875 - mmcls - INFO - initialize ResNet with init_cfg [{'type': 'Kaiming', 'layer': ['Conv2d']}, {'type': 'Constant', 'val': 1, 'layer': ['_BatchNorm', 'GroupNorm']}]
2024-02-24 20:13:18,050 - mmcls - INFO - initialize LinearClsHead with init_cfg {'type': 'Normal', 'layer': 'Linear', 'std': 0.01}
Name of parameter - Initialization information

backbone.conv1.weight - torch.Size([64, 3, 7, 7]): 
KaimingInit: a=0, mode=fan_out, nonlinearity=relu, distribution =normal, bias=0 

backbone.bn1.weight - torch.Size([64]): 
The value is the same before and after calling `init_weights` of ImageClassifier  

backbone.bn1.bias - torch.Size([64]): 
The value is the same before and after calling `init_weights` of ImageClassifier  

backbone.layer1.0.conv1.weight - torch.Size([64, 64, 3, 3]): 
KaimingInit: a=0, mode=fan_out, nonlinearity=relu, distribution =normal, bias=0 

backbone.layer1.0.bn1.weight - torch.Size([64]): 
The value is the same before and after calling `init_weights` of ImageClassifier  

backbone.layer1.0.bn1.bias - torch.Size([64]): 
The value is the same before and after calling `init_weights` of ImageClassifier  

backbone.layer1.0.conv2.weight - torch.Size([64, 64, 3, 3]): 
KaimingInit: a=0, mode=fan_out, nonlinearity=relu, distribution =normal, bias=0 

backbone.layer1.0.bn2.weight - torch.Size([64]): 
Initialized by user-defined `init_weights` in ResNet  

backbone.layer1.0.bn2.bias - torch.Size([64]): 
The value is the same before and after calling `init_weights` of ImageClassifier  

backbone.layer1.1.conv1.weight - torch.Size([64, 64, 3, 3]): 
KaimingInit: a=0, mode=fan_out, nonlinearity=relu, distribution =normal, bias=0 

backbone.layer1.1.bn1.weight - torch.Size([64]): 
The value is the same before and after calling `init_weights` of ImageClassifier  

backbone.layer1.1.bn1.bias - torch.Size([64]): 
The value is the same before and after calling `init_weights` of ImageClassifier  

backbone.layer1.1.conv2.weight - torch.Size([64, 64, 3, 3]): 
KaimingInit: a=0, mode=fan_out, nonlinearity=relu, distribution =normal, bias=0 

backbone.layer1.1.bn2.weight - torch.Size([64]): 
Initialized by user-defined `init_weights` in ResNet  

backbone.layer1.1.bn2.bias - torch.Size([64]): 
The value is the same before and after calling `init_weights` of ImageClassifier  

backbone.layer2.0.conv1.weight - torch.Size([128, 64, 3, 3]): 
KaimingInit: a=0, mode=fan_out, nonlinearity=relu, distribution =normal, bias=0 

backbone.layer2.0.bn1.weight - torch.Size([128]): 
The value is the same before and after calling `init_weights` of ImageClassifier  

backbone.layer2.0.bn1.bias - torch.Size([128]): 
The value is the same before and after calling `init_weights` of ImageClassifier  

backbone.layer2.0.conv2.weight - torch.Size([128, 128, 3, 3]): 
KaimingInit: a=0, mode=fan_out, nonlinearity=relu, distribution =normal, bias=0 

backbone.layer2.0.bn2.weight - torch.Size([128]): 
Initialized by user-defined `init_weights` in ResNet  

backbone.layer2.0.bn2.bias - torch.Size([128]): 
The value is the same before and after calling `init_weights` of ImageClassifier  

backbone.layer2.0.downsample.0.weight - torch.Size([128, 64, 1, 1]): 
KaimingInit: a=0, mode=fan_out, nonlinearity=relu, distribution =normal, bias=0 

backbone.layer2.0.downsample.1.weight - torch.Size([128]): 
The value is the same before and after calling `init_weights` of ImageClassifier  

backbone.layer2.0.downsample.1.bias - torch.Size([128]): 
The value is the same before and after calling `init_weights` of ImageClassifier  

backbone.layer2.1.conv1.weight - torch.Size([128, 128, 3, 3]): 
KaimingInit: a=0, mode=fan_out, nonlinearity=relu, distribution =normal, bias=0 

backbone.layer2.1.bn1.weight - torch.Size([128]): 
The value is the same before and after calling `init_weights` of ImageClassifier  

backbone.layer2.1.bn1.bias - torch.Size([128]): 
The value is the same before and after calling `init_weights` of ImageClassifier  

backbone.layer2.1.conv2.weight - torch.Size([128, 128, 3, 3]): 
KaimingInit: a=0, mode=fan_out, nonlinearity=relu, distribution =normal, bias=0 

backbone.layer2.1.bn2.weight - torch.Size([128]): 
Initialized by user-defined `init_weights` in ResNet  

backbone.layer2.1.bn2.bias - torch.Size([128]): 
The value is the same before and after calling `init_weights` of ImageClassifier  

backbone.layer3.0.conv1.weight - torch.Size([256, 128, 3, 3]): 
KaimingInit: a=0, mode=fan_out, nonlinearity=relu, distribution =normal, bias=0 

backbone.layer3.0.bn1.weight - torch.Size([256]): 
The value is the same before and after calling `init_weights` of ImageClassifier  

backbone.layer3.0.bn1.bias - torch.Size([256]): 
The value is the same before and after calling `init_weights` of ImageClassifier  

backbone.layer3.0.conv2.weight - torch.Size([256, 256, 3, 3]): 
KaimingInit: a=0, mode=fan_out, nonlinearity=relu, distribution =normal, bias=0 

backbone.layer3.0.bn2.weight - torch.Size([256]): 
Initialized by user-defined `init_weights` in ResNet  

backbone.layer3.0.bn2.bias - torch.Size([256]): 
The value is the same before and after calling `init_weights` of ImageClassifier  

backbone.layer3.0.downsample.0.weight - torch.Size([256, 128, 1, 1]): 
KaimingInit: a=0, mode=fan_out, nonlinearity=relu, distribution =normal, bias=0 

backbone.layer3.0.downsample.1.weight - torch.Size([256]): 
The value is the same before and after calling `init_weights` of ImageClassifier  

backbone.layer3.0.downsample.1.bias - torch.Size([256]): 
The value is the same before and after calling `init_weights` of ImageClassifier  

backbone.layer3.1.conv1.weight - torch.Size([256, 256, 3, 3]): 
KaimingInit: a=0, mode=fan_out, nonlinearity=relu, distribution =normal, bias=0 

backbone.layer3.1.bn1.weight - torch.Size([256]): 
The value is the same before and after calling `init_weights` of ImageClassifier  

backbone.layer3.1.bn1.bias - torch.Size([256]): 
The value is the same before and after calling `init_weights` of ImageClassifier  

backbone.layer3.1.conv2.weight - torch.Size([256, 256, 3, 3]): 
KaimingInit: a=0, mode=fan_out, nonlinearity=relu, distribution =normal, bias=0 

backbone.layer3.1.bn2.weight - torch.Size([256]): 
Initialized by user-defined `init_weights` in ResNet  

backbone.layer3.1.bn2.bias - torch.Size([256]): 
The value is the same before and after calling `init_weights` of ImageClassifier  

backbone.layer4.0.conv1.weight - torch.Size([512, 256, 3, 3]): 
KaimingInit: a=0, mode=fan_out, nonlinearity=relu, distribution =normal, bias=0 

backbone.layer4.0.bn1.weight - torch.Size([512]): 
The value is the same before and after calling `init_weights` of ImageClassifier  

backbone.layer4.0.bn1.bias - torch.Size([512]): 
The value is the same before and after calling `init_weights` of ImageClassifier  

backbone.layer4.0.conv2.weight - torch.Size([512, 512, 3, 3]): 
KaimingInit: a=0, mode=fan_out, nonlinearity=relu, distribution =normal, bias=0 

backbone.layer4.0.bn2.weight - torch.Size([512]): 
Initialized by user-defined `init_weights` in ResNet  

backbone.layer4.0.bn2.bias - torch.Size([512]): 
The value is the same before and after calling `init_weights` of ImageClassifier  

backbone.layer4.0.downsample.0.weight - torch.Size([512, 256, 1, 1]): 
KaimingInit: a=0, mode=fan_out, nonlinearity=relu, distribution =normal, bias=0 

backbone.layer4.0.downsample.1.weight - torch.Size([512]): 
The value is the same before and after calling `init_weights` of ImageClassifier  

backbone.layer4.0.downsample.1.bias - torch.Size([512]): 
The value is the same before and after calling `init_weights` of ImageClassifier  

backbone.layer4.1.conv1.weight - torch.Size([512, 512, 3, 3]): 
KaimingInit: a=0, mode=fan_out, nonlinearity=relu, distribution =normal, bias=0 

backbone.layer4.1.bn1.weight - torch.Size([512]): 
The value is the same before and after calling `init_weights` of ImageClassifier  

backbone.layer4.1.bn1.bias - torch.Size([512]): 
The value is the same before and after calling `init_weights` of ImageClassifier  

backbone.layer4.1.conv2.weight - torch.Size([512, 512, 3, 3]): 
KaimingInit: a=0, mode=fan_out, nonlinearity=relu, distribution =normal, bias=0 

backbone.layer4.1.bn2.weight - torch.Size([512]): 
Initialized by user-defined `init_weights` in ResNet  

backbone.layer4.1.bn2.bias - torch.Size([512]): 
The value is the same before and after calling `init_weights` of ImageClassifier  

head.fc.weight - torch.Size([17, 512]): 
NormalInit: mean=0, std=0.01, bias=0 

head.fc.bias - torch.Size([17]): 
NormalInit: mean=0, std=0.01, bias=0 
2024-02-24 20:13:21,649 - mmcls - INFO - Start running, host: zaychan@gpu2-comp-101, work_dir: /userhome/cs2/zaychan/COMP3340Project/CNN_Image_Classification_Code/output/resnet18/bs64/lr0.01
2024-02-24 20:13:21,649 - mmcls - INFO - Hooks will be executed in the following order:
before_run:
(VERY_HIGH   ) StepLrUpdaterHook                  
(NORMAL      ) CheckpointHook                     
(NORMAL      ) EvalHook                           
(VERY_LOW    ) TextLoggerHook                     
 -------------------- 
before_train_epoch:
(VERY_HIGH   ) StepLrUpdaterHook                  
(NORMAL      ) EvalHook                           
(LOW         ) IterTimerHook                      
(VERY_LOW    ) TextLoggerHook                     
 -------------------- 
before_train_iter:
(VERY_HIGH   ) StepLrUpdaterHook                  
(NORMAL      ) EvalHook                           
(LOW         ) IterTimerHook                      
 -------------------- 
after_train_iter:
(ABOVE_NORMAL) OptimizerHook                      
(NORMAL      ) CheckpointHook                     
(NORMAL      ) EvalHook                           
(LOW         ) IterTimerHook                      
(VERY_LOW    ) TextLoggerHook                     
 -------------------- 
after_train_epoch:
(NORMAL      ) CheckpointHook                     
(NORMAL      ) EvalHook                           
(VERY_LOW    ) TextLoggerHook                     
 -------------------- 
before_val_epoch:
(LOW         ) IterTimerHook                      
(VERY_LOW    ) TextLoggerHook                     
 -------------------- 
before_val_iter:
(LOW         ) IterTimerHook                      
 -------------------- 
after_val_iter:
(LOW         ) IterTimerHook                      
 -------------------- 
after_val_epoch:
(VERY_LOW    ) TextLoggerHook                     
 -------------------- 
after_run:
(VERY_LOW    ) TextLoggerHook                     
 -------------------- 
2024-02-24 20:13:21,649 - mmcls - INFO - workflow: [('train', 1)], max: 200 epochs
2024-02-24 20:13:21,649 - mmcls - INFO - Checkpoints will be saved to /userhome/cs2/zaychan/COMP3340Project/CNN_Image_Classification_Code/output/resnet18/bs64/lr0.01 by HardDiskBackend.
2024-02-24 20:13:34,281 - mmcls - INFO - Saving checkpoint at 1 epochs
2024-02-24 20:13:36,575 - mmcls - INFO - Epoch(val) [1][3]	accuracy_top-1: 27.2059, accuracy_top-5: 78.6765
2024-02-24 20:13:46,333 - mmcls - INFO - Saving checkpoint at 2 epochs
2024-02-24 20:13:48,054 - mmcls - INFO - Epoch(val) [2][3]	accuracy_top-1: 38.9706, accuracy_top-5: 89.7059
2024-02-24 20:13:57,447 - mmcls - INFO - Saving checkpoint at 3 epochs
2024-02-24 20:13:59,438 - mmcls - INFO - Epoch(val) [3][3]	accuracy_top-1: 42.6471, accuracy_top-5: 86.7647
2024-02-24 20:14:08,940 - mmcls - INFO - Saving checkpoint at 4 epochs
2024-02-24 20:14:10,552 - mmcls - INFO - Epoch(val) [4][3]	accuracy_top-1: 44.1176, accuracy_top-5: 88.2353
2024-02-24 20:14:19,848 - mmcls - INFO - Saving checkpoint at 5 epochs
2024-02-24 20:14:21,845 - mmcls - INFO - Epoch(val) [5][3]	accuracy_top-1: 50.7353, accuracy_top-5: 90.4412
2024-02-24 20:14:31,414 - mmcls - INFO - Saving checkpoint at 6 epochs
2024-02-24 20:14:33,149 - mmcls - INFO - Epoch(val) [6][3]	accuracy_top-1: 48.5294, accuracy_top-5: 90.4412
2024-02-24 20:14:42,955 - mmcls - INFO - Saving checkpoint at 7 epochs
2024-02-24 20:14:44,754 - mmcls - INFO - Epoch(val) [7][3]	accuracy_top-1: 50.0000, accuracy_top-5: 91.1765
2024-02-24 20:14:54,126 - mmcls - INFO - Saving checkpoint at 8 epochs
2024-02-24 20:14:56,198 - mmcls - INFO - Epoch(val) [8][3]	accuracy_top-1: 55.8824, accuracy_top-5: 94.1176
2024-02-24 20:15:05,734 - mmcls - INFO - Saving checkpoint at 9 epochs
2024-02-24 20:15:07,643 - mmcls - INFO - Epoch(val) [9][3]	accuracy_top-1: 54.4118, accuracy_top-5: 94.1176
2024-02-24 20:15:17,053 - mmcls - INFO - Saving checkpoint at 10 epochs
2024-02-24 20:15:18,989 - mmcls - INFO - Epoch(val) [10][3]	accuracy_top-1: 57.3529, accuracy_top-5: 91.9118
2024-02-24 20:15:28,438 - mmcls - INFO - Saving checkpoint at 11 epochs
2024-02-24 20:15:30,544 - mmcls - INFO - Epoch(val) [11][3]	accuracy_top-1: 56.6176, accuracy_top-5: 92.6471
2024-02-24 20:15:39,837 - mmcls - INFO - Saving checkpoint at 12 epochs
2024-02-24 20:15:41,743 - mmcls - INFO - Epoch(val) [12][3]	accuracy_top-1: 47.7941, accuracy_top-5: 89.7059
2024-02-24 20:15:51,227 - mmcls - INFO - Saving checkpoint at 13 epochs
2024-02-24 20:15:52,994 - mmcls - INFO - Epoch(val) [13][3]	accuracy_top-1: 55.1471, accuracy_top-5: 92.6471
2024-02-24 20:16:02,077 - mmcls - INFO - Saving checkpoint at 14 epochs
2024-02-24 20:16:03,869 - mmcls - INFO - Epoch(val) [14][3]	accuracy_top-1: 57.3529, accuracy_top-5: 93.3824
2024-02-24 20:16:13,084 - mmcls - INFO - Saving checkpoint at 15 epochs
2024-02-24 20:16:14,871 - mmcls - INFO - Epoch(val) [15][3]	accuracy_top-1: 55.1471, accuracy_top-5: 91.9118
2024-02-24 20:16:24,282 - mmcls - INFO - Saving checkpoint at 16 epochs
2024-02-24 20:16:26,166 - mmcls - INFO - Epoch(val) [16][3]	accuracy_top-1: 58.0882, accuracy_top-5: 92.6471
2024-02-24 20:16:35,471 - mmcls - INFO - Saving checkpoint at 17 epochs
2024-02-24 20:16:37,282 - mmcls - INFO - Epoch(val) [17][3]	accuracy_top-1: 57.3529, accuracy_top-5: 93.3824
2024-02-24 20:16:46,800 - mmcls - INFO - Saving checkpoint at 18 epochs
2024-02-24 20:16:48,643 - mmcls - INFO - Epoch(val) [18][3]	accuracy_top-1: 48.5294, accuracy_top-5: 90.4412
2024-02-24 20:16:58,087 - mmcls - INFO - Saving checkpoint at 19 epochs
2024-02-24 20:17:00,038 - mmcls - INFO - Epoch(val) [19][3]	accuracy_top-1: 58.8235, accuracy_top-5: 94.1176
2024-02-24 20:17:09,301 - mmcls - INFO - Saving checkpoint at 20 epochs
2024-02-24 20:17:11,113 - mmcls - INFO - Epoch(val) [20][3]	accuracy_top-1: 59.5588, accuracy_top-5: 94.1176
2024-02-24 20:17:20,394 - mmcls - INFO - Saving checkpoint at 21 epochs
2024-02-24 20:17:22,383 - mmcls - INFO - Epoch(val) [21][3]	accuracy_top-1: 60.2941, accuracy_top-5: 94.1176
2024-02-24 20:17:31,853 - mmcls - INFO - Saving checkpoint at 22 epochs
2024-02-24 20:17:33,848 - mmcls - INFO - Epoch(val) [22][3]	accuracy_top-1: 53.6765, accuracy_top-5: 90.4412
2024-02-24 20:17:43,011 - mmcls - INFO - Saving checkpoint at 23 epochs
2024-02-24 20:17:44,952 - mmcls - INFO - Epoch(val) [23][3]	accuracy_top-1: 60.2941, accuracy_top-5: 94.8529
2024-02-24 20:17:54,169 - mmcls - INFO - Saving checkpoint at 24 epochs
2024-02-24 20:17:55,981 - mmcls - INFO - Epoch(val) [24][3]	accuracy_top-1: 60.2941, accuracy_top-5: 95.5882
2024-02-24 20:18:05,282 - mmcls - INFO - Saving checkpoint at 25 epochs
2024-02-24 20:18:07,061 - mmcls - INFO - Epoch(val) [25][3]	accuracy_top-1: 61.7647, accuracy_top-5: 91.9118
2024-02-24 20:18:16,356 - mmcls - INFO - Saving checkpoint at 26 epochs
2024-02-24 20:18:18,220 - mmcls - INFO - Epoch(val) [26][3]	accuracy_top-1: 56.6176, accuracy_top-5: 94.1176
2024-02-24 20:18:27,680 - mmcls - INFO - Saving checkpoint at 27 epochs
2024-02-24 20:18:29,574 - mmcls - INFO - Epoch(val) [27][3]	accuracy_top-1: 60.2941, accuracy_top-5: 92.6471
2024-02-24 20:18:38,836 - mmcls - INFO - Saving checkpoint at 28 epochs
2024-02-24 20:18:40,776 - mmcls - INFO - Epoch(val) [28][3]	accuracy_top-1: 61.7647, accuracy_top-5: 96.3235
2024-02-24 20:18:50,246 - mmcls - INFO - Saving checkpoint at 29 epochs
2024-02-24 20:18:52,324 - mmcls - INFO - Epoch(val) [29][3]	accuracy_top-1: 58.0882, accuracy_top-5: 91.9118
2024-02-24 20:19:01,854 - mmcls - INFO - Saving checkpoint at 30 epochs
2024-02-24 20:19:03,575 - mmcls - INFO - Epoch(val) [30][3]	accuracy_top-1: 58.0882, accuracy_top-5: 94.1176
2024-02-24 20:19:12,925 - mmcls - INFO - Saving checkpoint at 31 epochs
2024-02-24 20:19:14,965 - mmcls - INFO - Epoch(val) [31][3]	accuracy_top-1: 52.9412, accuracy_top-5: 94.1176
2024-02-24 20:19:24,438 - mmcls - INFO - Saving checkpoint at 32 epochs
2024-02-24 20:19:26,178 - mmcls - INFO - Epoch(val) [32][3]	accuracy_top-1: 60.2941, accuracy_top-5: 94.8529
2024-02-24 20:19:35,715 - mmcls - INFO - Saving checkpoint at 33 epochs
2024-02-24 20:19:37,717 - mmcls - INFO - Epoch(val) [33][3]	accuracy_top-1: 60.2941, accuracy_top-5: 92.6471
2024-02-24 20:19:47,204 - mmcls - INFO - Saving checkpoint at 34 epochs
2024-02-24 20:19:49,162 - mmcls - INFO - Epoch(val) [34][3]	accuracy_top-1: 59.5588, accuracy_top-5: 94.1176
2024-02-24 20:19:58,439 - mmcls - INFO - Saving checkpoint at 35 epochs
2024-02-24 20:20:00,383 - mmcls - INFO - Epoch(val) [35][3]	accuracy_top-1: 45.5882, accuracy_top-5: 95.5882
2024-02-24 20:20:10,317 - mmcls - INFO - Saving checkpoint at 36 epochs
2024-02-24 20:20:12,271 - mmcls - INFO - Epoch(val) [36][3]	accuracy_top-1: 60.2941, accuracy_top-5: 94.1176
2024-02-24 20:20:21,332 - mmcls - INFO - Saving checkpoint at 37 epochs
2024-02-24 20:20:23,278 - mmcls - INFO - Epoch(val) [37][3]	accuracy_top-1: 59.5588, accuracy_top-5: 96.3235
2024-02-24 20:20:32,667 - mmcls - INFO - Saving checkpoint at 38 epochs
2024-02-24 20:20:34,651 - mmcls - INFO - Epoch(val) [38][3]	accuracy_top-1: 60.2941, accuracy_top-5: 94.8529
2024-02-24 20:20:44,045 - mmcls - INFO - Saving checkpoint at 39 epochs
2024-02-24 20:20:46,048 - mmcls - INFO - Epoch(val) [39][3]	accuracy_top-1: 62.5000, accuracy_top-5: 94.1176
2024-02-24 20:20:55,774 - mmcls - INFO - Saving checkpoint at 40 epochs
2024-02-24 20:20:57,685 - mmcls - INFO - Epoch(val) [40][3]	accuracy_top-1: 55.1471, accuracy_top-5: 94.8529
2024-02-24 20:21:07,202 - mmcls - INFO - Saving checkpoint at 41 epochs
2024-02-24 20:21:09,084 - mmcls - INFO - Epoch(val) [41][3]	accuracy_top-1: 57.3529, accuracy_top-5: 93.3824
2024-02-24 20:21:18,341 - mmcls - INFO - Saving checkpoint at 42 epochs
2024-02-24 20:21:20,260 - mmcls - INFO - Epoch(val) [42][3]	accuracy_top-1: 58.8235, accuracy_top-5: 96.3235
2024-02-24 20:21:29,724 - mmcls - INFO - Saving checkpoint at 43 epochs
2024-02-24 20:21:31,663 - mmcls - INFO - Epoch(val) [43][3]	accuracy_top-1: 63.2353, accuracy_top-5: 95.5882
2024-02-24 20:21:40,901 - mmcls - INFO - Saving checkpoint at 44 epochs
2024-02-24 20:21:42,802 - mmcls - INFO - Epoch(val) [44][3]	accuracy_top-1: 59.5588, accuracy_top-5: 96.3235
2024-02-24 20:21:52,116 - mmcls - INFO - Saving checkpoint at 45 epochs
2024-02-24 20:21:54,039 - mmcls - INFO - Epoch(val) [45][3]	accuracy_top-1: 61.7647, accuracy_top-5: 95.5882
2024-02-24 20:22:03,290 - mmcls - INFO - Saving checkpoint at 46 epochs
2024-02-24 20:22:05,214 - mmcls - INFO - Epoch(val) [46][3]	accuracy_top-1: 69.1176, accuracy_top-5: 94.1176
2024-02-24 20:22:14,360 - mmcls - INFO - Saving checkpoint at 47 epochs
2024-02-24 20:22:16,284 - mmcls - INFO - Epoch(val) [47][3]	accuracy_top-1: 58.0882, accuracy_top-5: 94.1176
2024-02-24 20:22:25,625 - mmcls - INFO - Saving checkpoint at 48 epochs
2024-02-24 20:22:27,475 - mmcls - INFO - Epoch(val) [48][3]	accuracy_top-1: 64.7059, accuracy_top-5: 94.1176
2024-02-24 20:22:36,898 - mmcls - INFO - Saving checkpoint at 49 epochs
2024-02-24 20:22:38,747 - mmcls - INFO - Epoch(val) [49][3]	accuracy_top-1: 61.7647, accuracy_top-5: 96.3235
2024-02-24 20:22:48,287 - mmcls - INFO - Saving checkpoint at 50 epochs
2024-02-24 20:22:50,176 - mmcls - INFO - Epoch(val) [50][3]	accuracy_top-1: 66.1765, accuracy_top-5: 95.5882
2024-02-24 20:22:59,431 - mmcls - INFO - Saving checkpoint at 51 epochs
2024-02-24 20:23:01,333 - mmcls - INFO - Epoch(val) [51][3]	accuracy_top-1: 59.5588, accuracy_top-5: 94.1176
2024-02-24 20:23:10,598 - mmcls - INFO - Saving checkpoint at 52 epochs
2024-02-24 20:23:12,485 - mmcls - INFO - Epoch(val) [52][3]	accuracy_top-1: 67.6471, accuracy_top-5: 94.8529
2024-02-24 20:23:21,537 - mmcls - INFO - Saving checkpoint at 53 epochs
2024-02-24 20:23:23,279 - mmcls - INFO - Epoch(val) [53][3]	accuracy_top-1: 66.9118, accuracy_top-5: 94.8529
2024-02-24 20:23:32,467 - mmcls - INFO - Saving checkpoint at 54 epochs
2024-02-24 20:23:34,249 - mmcls - INFO - Epoch(val) [54][3]	accuracy_top-1: 66.9118, accuracy_top-5: 97.0588
2024-02-24 20:23:43,376 - mmcls - INFO - Saving checkpoint at 55 epochs
2024-02-24 20:23:45,232 - mmcls - INFO - Epoch(val) [55][3]	accuracy_top-1: 55.1471, accuracy_top-5: 94.1176
2024-02-24 20:23:54,403 - mmcls - INFO - Saving checkpoint at 56 epochs
2024-02-24 20:23:56,451 - mmcls - INFO - Epoch(val) [56][3]	accuracy_top-1: 64.7059, accuracy_top-5: 96.3235
2024-02-24 20:24:06,174 - mmcls - INFO - Saving checkpoint at 57 epochs
2024-02-24 20:24:08,074 - mmcls - INFO - Epoch(val) [57][3]	accuracy_top-1: 62.5000, accuracy_top-5: 95.5882
2024-02-24 20:24:17,527 - mmcls - INFO - Saving checkpoint at 58 epochs
2024-02-24 20:24:19,631 - mmcls - INFO - Epoch(val) [58][3]	accuracy_top-1: 62.5000, accuracy_top-5: 96.3235
2024-02-24 20:24:28,976 - mmcls - INFO - Saving checkpoint at 59 epochs
2024-02-24 20:24:30,899 - mmcls - INFO - Epoch(val) [59][3]	accuracy_top-1: 66.9118, accuracy_top-5: 95.5882
2024-02-24 20:24:40,167 - mmcls - INFO - Saving checkpoint at 60 epochs
2024-02-24 20:24:42,058 - mmcls - INFO - Epoch(val) [60][3]	accuracy_top-1: 62.5000, accuracy_top-5: 94.8529
2024-02-24 20:24:51,562 - mmcls - INFO - Saving checkpoint at 61 epochs
2024-02-24 20:24:53,345 - mmcls - INFO - Epoch(val) [61][3]	accuracy_top-1: 62.5000, accuracy_top-5: 96.3235
2024-02-24 20:25:02,998 - mmcls - INFO - Saving checkpoint at 62 epochs
2024-02-24 20:25:04,931 - mmcls - INFO - Epoch(val) [62][3]	accuracy_top-1: 66.9118, accuracy_top-5: 94.8529
2024-02-24 20:25:14,884 - mmcls - INFO - Saving checkpoint at 63 epochs
2024-02-24 20:25:16,614 - mmcls - INFO - Epoch(val) [63][3]	accuracy_top-1: 61.0294, accuracy_top-5: 94.8529
2024-02-24 20:25:26,165 - mmcls - INFO - Saving checkpoint at 64 epochs
2024-02-24 20:25:28,013 - mmcls - INFO - Epoch(val) [64][3]	accuracy_top-1: 66.1765, accuracy_top-5: 94.8529
2024-02-24 20:25:37,781 - mmcls - INFO - Saving checkpoint at 65 epochs
2024-02-24 20:25:39,697 - mmcls - INFO - Epoch(val) [65][3]	accuracy_top-1: 61.7647, accuracy_top-5: 96.3235
2024-02-24 20:25:49,065 - mmcls - INFO - Saving checkpoint at 66 epochs
2024-02-24 20:25:51,002 - mmcls - INFO - Epoch(val) [66][3]	accuracy_top-1: 66.9118, accuracy_top-5: 96.3235
2024-02-24 20:26:00,318 - mmcls - INFO - Saving checkpoint at 67 epochs
2024-02-24 20:26:02,082 - mmcls - INFO - Epoch(val) [67][3]	accuracy_top-1: 66.1765, accuracy_top-5: 94.1176
2024-02-24 20:26:11,929 - mmcls - INFO - Saving checkpoint at 68 epochs
2024-02-24 20:26:13,985 - mmcls - INFO - Epoch(val) [68][3]	accuracy_top-1: 63.2353, accuracy_top-5: 96.3235
2024-02-24 20:26:23,312 - mmcls - INFO - Saving checkpoint at 69 epochs
2024-02-24 20:26:25,214 - mmcls - INFO - Epoch(val) [69][3]	accuracy_top-1: 61.7647, accuracy_top-5: 97.0588
2024-02-24 20:26:34,917 - mmcls - INFO - Saving checkpoint at 70 epochs
2024-02-24 20:26:36,788 - mmcls - INFO - Epoch(val) [70][3]	accuracy_top-1: 65.4412, accuracy_top-5: 95.5882
2024-02-24 20:26:46,504 - mmcls - INFO - Saving checkpoint at 71 epochs
2024-02-24 20:26:48,411 - mmcls - INFO - Epoch(val) [71][3]	accuracy_top-1: 66.1765, accuracy_top-5: 94.8529
2024-02-24 20:26:57,915 - mmcls - INFO - Saving checkpoint at 72 epochs
2024-02-24 20:26:59,792 - mmcls - INFO - Epoch(val) [72][3]	accuracy_top-1: 63.2353, accuracy_top-5: 96.3235
2024-02-24 20:27:09,556 - mmcls - INFO - Saving checkpoint at 73 epochs
2024-02-24 20:27:11,879 - mmcls - INFO - Epoch(val) [73][3]	accuracy_top-1: 66.9118, accuracy_top-5: 95.5882
2024-02-24 20:27:21,378 - mmcls - INFO - Saving checkpoint at 74 epochs
2024-02-24 20:27:23,352 - mmcls - INFO - Epoch(val) [74][3]	accuracy_top-1: 64.7059, accuracy_top-5: 96.3235
2024-02-24 20:27:33,116 - mmcls - INFO - Saving checkpoint at 75 epochs
2024-02-24 20:27:35,059 - mmcls - INFO - Epoch(val) [75][3]	accuracy_top-1: 62.5000, accuracy_top-5: 95.5882
2024-02-24 20:27:44,544 - mmcls - INFO - Saving checkpoint at 76 epochs
2024-02-24 20:27:46,378 - mmcls - INFO - Epoch(val) [76][3]	accuracy_top-1: 69.1176, accuracy_top-5: 94.1176
2024-02-24 20:27:55,975 - mmcls - INFO - Saving checkpoint at 77 epochs
2024-02-24 20:27:57,915 - mmcls - INFO - Epoch(val) [77][3]	accuracy_top-1: 58.0882, accuracy_top-5: 93.3824
2024-02-24 20:28:07,412 - mmcls - INFO - Saving checkpoint at 78 epochs
2024-02-24 20:28:09,377 - mmcls - INFO - Epoch(val) [78][3]	accuracy_top-1: 69.8529, accuracy_top-5: 94.8529
2024-02-24 20:28:18,980 - mmcls - INFO - Saving checkpoint at 79 epochs
2024-02-24 20:28:20,822 - mmcls - INFO - Epoch(val) [79][3]	accuracy_top-1: 69.8529, accuracy_top-5: 97.7941
2024-02-24 20:28:30,396 - mmcls - INFO - Saving checkpoint at 80 epochs
2024-02-24 20:28:32,416 - mmcls - INFO - Epoch(val) [80][3]	accuracy_top-1: 57.3529, accuracy_top-5: 91.1765
2024-02-24 20:28:41,704 - mmcls - INFO - Saving checkpoint at 81 epochs
2024-02-24 20:28:43,824 - mmcls - INFO - Epoch(val) [81][3]	accuracy_top-1: 73.5294, accuracy_top-5: 98.5294
2024-02-24 20:28:53,127 - mmcls - INFO - Saving checkpoint at 82 epochs
2024-02-24 20:28:54,937 - mmcls - INFO - Epoch(val) [82][3]	accuracy_top-1: 68.3824, accuracy_top-5: 95.5882
2024-02-24 20:29:04,208 - mmcls - INFO - Saving checkpoint at 83 epochs
2024-02-24 20:29:06,109 - mmcls - INFO - Epoch(val) [83][3]	accuracy_top-1: 61.0294, accuracy_top-5: 94.1176
2024-02-24 20:29:15,901 - mmcls - INFO - Saving checkpoint at 84 epochs
2024-02-24 20:29:17,834 - mmcls - INFO - Epoch(val) [84][3]	accuracy_top-1: 75.0000, accuracy_top-5: 96.3235
2024-02-24 20:29:27,620 - mmcls - INFO - Saving checkpoint at 85 epochs
2024-02-24 20:29:29,541 - mmcls - INFO - Epoch(val) [85][3]	accuracy_top-1: 63.9706, accuracy_top-5: 95.5882
2024-02-24 20:29:38,755 - mmcls - INFO - Saving checkpoint at 86 epochs
2024-02-24 20:29:40,802 - mmcls - INFO - Epoch(val) [86][3]	accuracy_top-1: 60.2941, accuracy_top-5: 96.3235
2024-02-24 20:29:50,425 - mmcls - INFO - Saving checkpoint at 87 epochs
2024-02-24 20:29:52,481 - mmcls - INFO - Epoch(val) [87][3]	accuracy_top-1: 66.1765, accuracy_top-5: 96.3235
2024-02-24 20:30:01,676 - mmcls - INFO - Saving checkpoint at 88 epochs
2024-02-24 20:30:03,522 - mmcls - INFO - Epoch(val) [88][3]	accuracy_top-1: 72.7941, accuracy_top-5: 94.8529
2024-02-24 20:30:13,058 - mmcls - INFO - Saving checkpoint at 89 epochs
2024-02-24 20:30:15,139 - mmcls - INFO - Epoch(val) [89][3]	accuracy_top-1: 70.5882, accuracy_top-5: 96.3235
2024-02-24 20:30:24,356 - mmcls - INFO - Saving checkpoint at 90 epochs
2024-02-24 20:30:26,247 - mmcls - INFO - Epoch(val) [90][3]	accuracy_top-1: 63.9706, accuracy_top-5: 94.8529
2024-02-24 20:30:35,776 - mmcls - INFO - Saving checkpoint at 91 epochs
2024-02-24 20:30:37,650 - mmcls - INFO - Epoch(val) [91][3]	accuracy_top-1: 66.9118, accuracy_top-5: 94.8529
2024-02-24 20:30:47,108 - mmcls - INFO - Saving checkpoint at 92 epochs
2024-02-24 20:30:49,165 - mmcls - INFO - Epoch(val) [92][3]	accuracy_top-1: 48.5294, accuracy_top-5: 93.3824
2024-02-24 20:30:58,931 - mmcls - INFO - Saving checkpoint at 93 epochs
2024-02-24 20:31:00,836 - mmcls - INFO - Epoch(val) [93][3]	accuracy_top-1: 70.5882, accuracy_top-5: 95.5882
2024-02-24 20:31:10,116 - mmcls - INFO - Saving checkpoint at 94 epochs
2024-02-24 20:31:11,931 - mmcls - INFO - Epoch(val) [94][3]	accuracy_top-1: 63.2353, accuracy_top-5: 97.0588
2024-02-24 20:31:21,400 - mmcls - INFO - Saving checkpoint at 95 epochs
2024-02-24 20:31:23,364 - mmcls - INFO - Epoch(val) [95][3]	accuracy_top-1: 66.1765, accuracy_top-5: 94.8529
2024-02-24 20:31:32,735 - mmcls - INFO - Saving checkpoint at 96 epochs
2024-02-24 20:31:34,660 - mmcls - INFO - Epoch(val) [96][3]	accuracy_top-1: 70.5882, accuracy_top-5: 94.1176
2024-02-24 20:31:44,223 - mmcls - INFO - Saving checkpoint at 97 epochs
2024-02-24 20:31:46,296 - mmcls - INFO - Epoch(val) [97][3]	accuracy_top-1: 68.3824, accuracy_top-5: 96.3235
2024-02-24 20:31:55,691 - mmcls - INFO - Saving checkpoint at 98 epochs
2024-02-24 20:31:57,574 - mmcls - INFO - Epoch(val) [98][3]	accuracy_top-1: 70.5882, accuracy_top-5: 95.5882
2024-02-24 20:32:07,111 - mmcls - INFO - Saving checkpoint at 99 epochs
2024-02-24 20:32:09,028 - mmcls - INFO - Epoch(val) [99][3]	accuracy_top-1: 75.0000, accuracy_top-5: 95.5882
2024-02-24 20:32:18,470 - mmcls - INFO - Saving checkpoint at 100 epochs
2024-02-24 20:32:20,388 - mmcls - INFO - Epoch(val) [100][3]	accuracy_top-1: 63.2353, accuracy_top-5: 92.6471
2024-02-24 20:32:30,132 - mmcls - INFO - Saving checkpoint at 101 epochs
2024-02-24 20:32:32,153 - mmcls - INFO - Epoch(val) [101][3]	accuracy_top-1: 72.7941, accuracy_top-5: 97.0588
2024-02-24 20:32:41,590 - mmcls - INFO - Saving checkpoint at 102 epochs
2024-02-24 20:32:43,504 - mmcls - INFO - Epoch(val) [102][3]	accuracy_top-1: 70.5882, accuracy_top-5: 97.0588
2024-02-24 20:32:53,417 - mmcls - INFO - Saving checkpoint at 103 epochs
2024-02-24 20:32:55,376 - mmcls - INFO - Epoch(val) [103][3]	accuracy_top-1: 72.0588, accuracy_top-5: 97.0588
2024-02-24 20:33:05,319 - mmcls - INFO - Saving checkpoint at 104 epochs
2024-02-24 20:33:07,235 - mmcls - INFO - Epoch(val) [104][3]	accuracy_top-1: 72.7941, accuracy_top-5: 97.0588
2024-02-24 20:33:16,539 - mmcls - INFO - Saving checkpoint at 105 epochs
2024-02-24 20:33:18,487 - mmcls - INFO - Epoch(val) [105][3]	accuracy_top-1: 73.5294, accuracy_top-5: 96.3235
2024-02-24 20:33:27,895 - mmcls - INFO - Saving checkpoint at 106 epochs
2024-02-24 20:33:29,743 - mmcls - INFO - Epoch(val) [106][3]	accuracy_top-1: 72.0588, accuracy_top-5: 96.3235
2024-02-24 20:33:39,380 - mmcls - INFO - Saving checkpoint at 107 epochs
2024-02-24 20:33:41,270 - mmcls - INFO - Epoch(val) [107][3]	accuracy_top-1: 72.0588, accuracy_top-5: 97.0588
2024-02-24 20:33:51,013 - mmcls - INFO - Saving checkpoint at 108 epochs
2024-02-24 20:33:53,075 - mmcls - INFO - Epoch(val) [108][3]	accuracy_top-1: 71.3235, accuracy_top-5: 96.3235
2024-02-24 20:34:02,407 - mmcls - INFO - Saving checkpoint at 109 epochs
2024-02-24 20:34:04,536 - mmcls - INFO - Epoch(val) [109][3]	accuracy_top-1: 74.2647, accuracy_top-5: 96.3235
2024-02-24 20:34:14,351 - mmcls - INFO - Saving checkpoint at 110 epochs
2024-02-24 20:34:16,302 - mmcls - INFO - Epoch(val) [110][3]	accuracy_top-1: 72.0588, accuracy_top-5: 97.0588
2024-02-24 20:34:25,900 - mmcls - INFO - Saving checkpoint at 111 epochs
2024-02-24 20:34:27,754 - mmcls - INFO - Epoch(val) [111][3]	accuracy_top-1: 72.7941, accuracy_top-5: 95.5882
2024-02-24 20:34:37,429 - mmcls - INFO - Saving checkpoint at 112 epochs
2024-02-24 20:34:39,306 - mmcls - INFO - Epoch(val) [112][3]	accuracy_top-1: 76.4706, accuracy_top-5: 96.3235
2024-02-24 20:34:48,894 - mmcls - INFO - Saving checkpoint at 113 epochs
2024-02-24 20:34:50,754 - mmcls - INFO - Epoch(val) [113][3]	accuracy_top-1: 75.0000, accuracy_top-5: 96.3235
2024-02-24 20:35:00,155 - mmcls - INFO - Saving checkpoint at 114 epochs
2024-02-24 20:35:01,832 - mmcls - INFO - Epoch(val) [114][3]	accuracy_top-1: 70.5882, accuracy_top-5: 97.0588
2024-02-24 20:35:10,973 - mmcls - INFO - Saving checkpoint at 115 epochs
2024-02-24 20:35:12,835 - mmcls - INFO - Epoch(val) [115][3]	accuracy_top-1: 74.2647, accuracy_top-5: 96.3235
2024-02-24 20:35:22,048 - mmcls - INFO - Saving checkpoint at 116 epochs
2024-02-24 20:35:23,966 - mmcls - INFO - Epoch(val) [116][3]	accuracy_top-1: 73.5294, accuracy_top-5: 97.0588
2024-02-24 20:35:33,172 - mmcls - INFO - Saving checkpoint at 117 epochs
2024-02-24 20:35:35,111 - mmcls - INFO - Epoch(val) [117][3]	accuracy_top-1: 75.0000, accuracy_top-5: 97.7941
2024-02-24 20:35:44,305 - mmcls - INFO - Saving checkpoint at 118 epochs
2024-02-24 20:35:46,230 - mmcls - INFO - Epoch(val) [118][3]	accuracy_top-1: 73.5294, accuracy_top-5: 96.3235
2024-02-24 20:35:55,330 - mmcls - INFO - Saving checkpoint at 119 epochs
2024-02-24 20:35:57,351 - mmcls - INFO - Epoch(val) [119][3]	accuracy_top-1: 74.2647, accuracy_top-5: 96.3235
2024-02-24 20:36:06,633 - mmcls - INFO - Saving checkpoint at 120 epochs
2024-02-24 20:36:08,577 - mmcls - INFO - Epoch(val) [120][3]	accuracy_top-1: 72.7941, accuracy_top-5: 96.3235
2024-02-24 20:36:17,853 - mmcls - INFO - Saving checkpoint at 121 epochs
2024-02-24 20:36:19,771 - mmcls - INFO - Epoch(val) [121][3]	accuracy_top-1: 75.0000, accuracy_top-5: 97.0588
2024-02-24 20:36:29,183 - mmcls - INFO - Saving checkpoint at 122 epochs
2024-02-24 20:36:31,026 - mmcls - INFO - Epoch(val) [122][3]	accuracy_top-1: 73.5294, accuracy_top-5: 97.0588
2024-02-24 20:36:40,369 - mmcls - INFO - Saving checkpoint at 123 epochs
2024-02-24 20:36:42,307 - mmcls - INFO - Epoch(val) [123][3]	accuracy_top-1: 72.7941, accuracy_top-5: 97.7941
2024-02-24 20:36:51,693 - mmcls - INFO - Saving checkpoint at 124 epochs
2024-02-24 20:36:53,865 - mmcls - INFO - Epoch(val) [124][3]	accuracy_top-1: 73.5294, accuracy_top-5: 96.3235
2024-02-24 20:37:03,027 - mmcls - INFO - Saving checkpoint at 125 epochs
2024-02-24 20:37:04,882 - mmcls - INFO - Epoch(val) [125][3]	accuracy_top-1: 75.0000, accuracy_top-5: 97.0588
2024-02-24 20:37:14,103 - mmcls - INFO - Saving checkpoint at 126 epochs
2024-02-24 20:37:15,968 - mmcls - INFO - Epoch(val) [126][3]	accuracy_top-1: 74.2647, accuracy_top-5: 97.0588
2024-02-24 20:37:25,173 - mmcls - INFO - Saving checkpoint at 127 epochs
2024-02-24 20:37:27,254 - mmcls - INFO - Epoch(val) [127][3]	accuracy_top-1: 75.0000, accuracy_top-5: 96.3235
2024-02-24 20:37:36,890 - mmcls - INFO - Saving checkpoint at 128 epochs
2024-02-24 20:37:38,753 - mmcls - INFO - Epoch(val) [128][3]	accuracy_top-1: 72.0588, accuracy_top-5: 97.0588
2024-02-24 20:37:47,926 - mmcls - INFO - Saving checkpoint at 129 epochs
2024-02-24 20:37:49,691 - mmcls - INFO - Epoch(val) [129][3]	accuracy_top-1: 74.2647, accuracy_top-5: 97.0588
2024-02-24 20:37:58,839 - mmcls - INFO - Saving checkpoint at 130 epochs
2024-02-24 20:38:00,769 - mmcls - INFO - Epoch(val) [130][3]	accuracy_top-1: 73.5294, accuracy_top-5: 97.0588
2024-02-24 20:38:10,082 - mmcls - INFO - Saving checkpoint at 131 epochs
2024-02-24 20:38:11,891 - mmcls - INFO - Epoch(val) [131][3]	accuracy_top-1: 75.0000, accuracy_top-5: 97.0588
2024-02-24 20:38:21,298 - mmcls - INFO - Saving checkpoint at 132 epochs
2024-02-24 20:38:23,304 - mmcls - INFO - Epoch(val) [132][3]	accuracy_top-1: 74.2647, accuracy_top-5: 97.0588
2024-02-24 20:38:32,628 - mmcls - INFO - Saving checkpoint at 133 epochs
2024-02-24 20:38:34,527 - mmcls - INFO - Epoch(val) [133][3]	accuracy_top-1: 74.2647, accuracy_top-5: 97.0588
2024-02-24 20:38:43,662 - mmcls - INFO - Saving checkpoint at 134 epochs
2024-02-24 20:38:45,565 - mmcls - INFO - Epoch(val) [134][3]	accuracy_top-1: 76.4706, accuracy_top-5: 97.0588
2024-02-24 20:38:54,819 - mmcls - INFO - Saving checkpoint at 135 epochs
2024-02-24 20:38:56,785 - mmcls - INFO - Epoch(val) [135][3]	accuracy_top-1: 75.0000, accuracy_top-5: 97.0588
2024-02-24 20:39:05,968 - mmcls - INFO - Saving checkpoint at 136 epochs
2024-02-24 20:39:07,893 - mmcls - INFO - Epoch(val) [136][3]	accuracy_top-1: 75.7353, accuracy_top-5: 97.0588
2024-02-24 20:39:17,093 - mmcls - INFO - Saving checkpoint at 137 epochs
2024-02-24 20:39:18,932 - mmcls - INFO - Epoch(val) [137][3]	accuracy_top-1: 74.2647, accuracy_top-5: 97.0588
2024-02-24 20:39:28,724 - mmcls - INFO - Saving checkpoint at 138 epochs
2024-02-24 20:39:30,625 - mmcls - INFO - Epoch(val) [138][3]	accuracy_top-1: 74.2647, accuracy_top-5: 97.7941
2024-02-24 20:39:40,001 - mmcls - INFO - Saving checkpoint at 139 epochs
2024-02-24 20:39:42,038 - mmcls - INFO - Epoch(val) [139][3]	accuracy_top-1: 74.2647, accuracy_top-5: 97.0588
2024-02-24 20:39:51,083 - mmcls - INFO - Saving checkpoint at 140 epochs
2024-02-24 20:39:52,980 - mmcls - INFO - Epoch(val) [140][3]	accuracy_top-1: 74.2647, accuracy_top-5: 97.0588
2024-02-24 20:40:02,331 - mmcls - INFO - Saving checkpoint at 141 epochs
2024-02-24 20:40:04,470 - mmcls - INFO - Epoch(val) [141][3]	accuracy_top-1: 74.2647, accuracy_top-5: 97.0588
2024-02-24 20:40:13,784 - mmcls - INFO - Saving checkpoint at 142 epochs
2024-02-24 20:40:15,840 - mmcls - INFO - Epoch(val) [142][3]	accuracy_top-1: 75.7353, accuracy_top-5: 97.0588
2024-02-24 20:40:25,127 - mmcls - INFO - Saving checkpoint at 143 epochs
2024-02-24 20:40:27,361 - mmcls - INFO - Epoch(val) [143][3]	accuracy_top-1: 74.2647, accuracy_top-5: 97.0588
2024-02-24 20:40:36,435 - mmcls - INFO - Saving checkpoint at 144 epochs
2024-02-24 20:40:38,355 - mmcls - INFO - Epoch(val) [144][3]	accuracy_top-1: 74.2647, accuracy_top-5: 97.0588
2024-02-24 20:40:47,768 - mmcls - INFO - Saving checkpoint at 145 epochs
2024-02-24 20:40:49,624 - mmcls - INFO - Epoch(val) [145][3]	accuracy_top-1: 77.2059, accuracy_top-5: 97.0588
2024-02-24 20:40:59,021 - mmcls - INFO - Saving checkpoint at 146 epochs
2024-02-24 20:41:01,146 - mmcls - INFO - Epoch(val) [146][3]	accuracy_top-1: 75.7353, accuracy_top-5: 97.0588
2024-02-24 20:41:10,323 - mmcls - INFO - Saving checkpoint at 147 epochs
2024-02-24 20:41:12,215 - mmcls - INFO - Epoch(val) [147][3]	accuracy_top-1: 72.7941, accuracy_top-5: 97.0588
2024-02-24 20:41:21,361 - mmcls - INFO - Saving checkpoint at 148 epochs
2024-02-24 20:41:23,180 - mmcls - INFO - Epoch(val) [148][3]	accuracy_top-1: 76.4706, accuracy_top-5: 97.0588
2024-02-24 20:41:32,421 - mmcls - INFO - Saving checkpoint at 149 epochs
2024-02-24 20:41:34,394 - mmcls - INFO - Epoch(val) [149][3]	accuracy_top-1: 76.4706, accuracy_top-5: 97.0588
2024-02-24 20:41:43,590 - mmcls - INFO - Saving checkpoint at 150 epochs
2024-02-24 20:41:45,503 - mmcls - INFO - Epoch(val) [150][3]	accuracy_top-1: 75.0000, accuracy_top-5: 97.0588
2024-02-24 20:41:54,886 - mmcls - INFO - Saving checkpoint at 151 epochs
2024-02-24 20:41:56,859 - mmcls - INFO - Epoch(val) [151][3]	accuracy_top-1: 75.7353, accuracy_top-5: 97.0588
2024-02-24 20:42:06,234 - mmcls - INFO - Saving checkpoint at 152 epochs
2024-02-24 20:42:08,284 - mmcls - INFO - Epoch(val) [152][3]	accuracy_top-1: 75.0000, accuracy_top-5: 97.0588
2024-02-24 20:42:17,798 - mmcls - INFO - Saving checkpoint at 153 epochs
2024-02-24 20:42:19,648 - mmcls - INFO - Epoch(val) [153][3]	accuracy_top-1: 75.7353, accuracy_top-5: 97.0588
2024-02-24 20:42:28,923 - mmcls - INFO - Saving checkpoint at 154 epochs
2024-02-24 20:42:30,815 - mmcls - INFO - Epoch(val) [154][3]	accuracy_top-1: 75.7353, accuracy_top-5: 97.0588
2024-02-24 20:42:39,915 - mmcls - INFO - Saving checkpoint at 155 epochs
2024-02-24 20:42:41,831 - mmcls - INFO - Epoch(val) [155][3]	accuracy_top-1: 75.7353, accuracy_top-5: 97.0588
2024-02-24 20:42:50,831 - mmcls - INFO - Saving checkpoint at 156 epochs
2024-02-24 20:42:52,734 - mmcls - INFO - Epoch(val) [156][3]	accuracy_top-1: 75.7353, accuracy_top-5: 97.0588
2024-02-24 20:43:01,788 - mmcls - INFO - Saving checkpoint at 157 epochs
2024-02-24 20:43:03,757 - mmcls - INFO - Epoch(val) [157][3]	accuracy_top-1: 75.0000, accuracy_top-5: 97.0588
2024-02-24 20:43:13,272 - mmcls - INFO - Saving checkpoint at 158 epochs
2024-02-24 20:43:15,203 - mmcls - INFO - Epoch(val) [158][3]	accuracy_top-1: 75.0000, accuracy_top-5: 97.0588
2024-02-24 20:43:24,411 - mmcls - INFO - Saving checkpoint at 159 epochs
2024-02-24 20:43:26,380 - mmcls - INFO - Epoch(val) [159][3]	accuracy_top-1: 77.2059, accuracy_top-5: 97.0588
2024-02-24 20:43:35,652 - mmcls - INFO - Saving checkpoint at 160 epochs
2024-02-24 20:43:37,561 - mmcls - INFO - Epoch(val) [160][3]	accuracy_top-1: 73.5294, accuracy_top-5: 97.0588
2024-02-24 20:43:47,019 - mmcls - INFO - Saving checkpoint at 161 epochs
2024-02-24 20:43:49,062 - mmcls - INFO - Epoch(val) [161][3]	accuracy_top-1: 75.0000, accuracy_top-5: 97.0588
2024-02-24 20:43:58,861 - mmcls - INFO - Saving checkpoint at 162 epochs
2024-02-24 20:44:00,733 - mmcls - INFO - Epoch(val) [162][3]	accuracy_top-1: 76.4706, accuracy_top-5: 97.0588
2024-02-24 20:44:10,141 - mmcls - INFO - Saving checkpoint at 163 epochs
2024-02-24 20:44:12,099 - mmcls - INFO - Epoch(val) [163][3]	accuracy_top-1: 75.7353, accuracy_top-5: 97.0588
2024-02-24 20:44:21,146 - mmcls - INFO - Saving checkpoint at 164 epochs
2024-02-24 20:44:23,275 - mmcls - INFO - Epoch(val) [164][3]	accuracy_top-1: 76.4706, accuracy_top-5: 97.0588
2024-02-24 20:44:32,534 - mmcls - INFO - Saving checkpoint at 165 epochs
2024-02-24 20:44:34,330 - mmcls - INFO - Epoch(val) [165][3]	accuracy_top-1: 77.2059, accuracy_top-5: 97.0588
2024-02-24 20:44:43,887 - mmcls - INFO - Saving checkpoint at 166 epochs
2024-02-24 20:44:45,767 - mmcls - INFO - Epoch(val) [166][3]	accuracy_top-1: 76.4706, accuracy_top-5: 97.0588
2024-02-24 20:44:54,888 - mmcls - INFO - Saving checkpoint at 167 epochs
2024-02-24 20:44:56,907 - mmcls - INFO - Epoch(val) [167][3]	accuracy_top-1: 76.4706, accuracy_top-5: 97.0588
2024-02-24 20:45:06,060 - mmcls - INFO - Saving checkpoint at 168 epochs
2024-02-24 20:45:07,951 - mmcls - INFO - Epoch(val) [168][3]	accuracy_top-1: 73.5294, accuracy_top-5: 97.0588
2024-02-24 20:45:16,866 - mmcls - INFO - Saving checkpoint at 169 epochs
2024-02-24 20:45:18,816 - mmcls - INFO - Epoch(val) [169][3]	accuracy_top-1: 75.0000, accuracy_top-5: 97.0588
2024-02-24 20:45:28,550 - mmcls - INFO - Saving checkpoint at 170 epochs
2024-02-24 20:45:30,583 - mmcls - INFO - Epoch(val) [170][3]	accuracy_top-1: 75.7353, accuracy_top-5: 97.0588
2024-02-24 20:45:39,654 - mmcls - INFO - Saving checkpoint at 171 epochs
2024-02-24 20:45:41,640 - mmcls - INFO - Epoch(val) [171][3]	accuracy_top-1: 73.5294, accuracy_top-5: 97.0588
2024-02-24 20:45:50,853 - mmcls - INFO - Saving checkpoint at 172 epochs
2024-02-24 20:45:52,809 - mmcls - INFO - Epoch(val) [172][3]	accuracy_top-1: 75.7353, accuracy_top-5: 97.0588
2024-02-24 20:46:01,937 - mmcls - INFO - Saving checkpoint at 173 epochs
2024-02-24 20:46:03,840 - mmcls - INFO - Epoch(val) [173][3]	accuracy_top-1: 76.4706, accuracy_top-5: 97.0588
2024-02-24 20:46:13,165 - mmcls - INFO - Saving checkpoint at 174 epochs
2024-02-24 20:46:15,158 - mmcls - INFO - Epoch(val) [174][3]	accuracy_top-1: 75.7353, accuracy_top-5: 97.0588
2024-02-24 20:46:24,456 - mmcls - INFO - Saving checkpoint at 175 epochs
2024-02-24 20:46:26,256 - mmcls - INFO - Epoch(val) [175][3]	accuracy_top-1: 76.4706, accuracy_top-5: 97.0588
2024-02-24 20:46:35,501 - mmcls - INFO - Saving checkpoint at 176 epochs
2024-02-24 20:46:37,447 - mmcls - INFO - Epoch(val) [176][3]	accuracy_top-1: 75.7353, accuracy_top-5: 97.0588
2024-02-24 20:46:46,717 - mmcls - INFO - Saving checkpoint at 177 epochs
2024-02-24 20:46:48,625 - mmcls - INFO - Epoch(val) [177][3]	accuracy_top-1: 75.7353, accuracy_top-5: 97.0588
2024-02-24 20:46:57,930 - mmcls - INFO - Saving checkpoint at 178 epochs
2024-02-24 20:46:59,845 - mmcls - INFO - Epoch(val) [178][3]	accuracy_top-1: 75.7353, accuracy_top-5: 97.0588
2024-02-24 20:47:09,366 - mmcls - INFO - Saving checkpoint at 179 epochs
2024-02-24 20:47:11,356 - mmcls - INFO - Epoch(val) [179][3]	accuracy_top-1: 75.7353, accuracy_top-5: 97.0588
2024-02-24 20:47:20,675 - mmcls - INFO - Saving checkpoint at 180 epochs
2024-02-24 20:47:22,673 - mmcls - INFO - Epoch(val) [180][3]	accuracy_top-1: 75.0000, accuracy_top-5: 97.0588
2024-02-24 20:47:31,985 - mmcls - INFO - Saving checkpoint at 181 epochs
2024-02-24 20:47:33,903 - mmcls - INFO - Epoch(val) [181][3]	accuracy_top-1: 75.7353, accuracy_top-5: 97.0588
2024-02-24 20:47:43,231 - mmcls - INFO - Saving checkpoint at 182 epochs
2024-02-24 20:47:45,329 - mmcls - INFO - Epoch(val) [182][3]	accuracy_top-1: 75.7353, accuracy_top-5: 97.0588
2024-02-24 20:47:54,642 - mmcls - INFO - Saving checkpoint at 183 epochs
2024-02-24 20:47:56,799 - mmcls - INFO - Epoch(val) [183][3]	accuracy_top-1: 75.7353, accuracy_top-5: 97.0588
2024-02-24 20:48:07,171 - mmcls - INFO - Saving checkpoint at 184 epochs
2024-02-24 20:48:09,130 - mmcls - INFO - Epoch(val) [184][3]	accuracy_top-1: 76.4706, accuracy_top-5: 97.0588
2024-02-24 20:48:18,874 - mmcls - INFO - Saving checkpoint at 185 epochs
2024-02-24 20:48:20,830 - mmcls - INFO - Epoch(val) [185][3]	accuracy_top-1: 76.4706, accuracy_top-5: 97.0588
2024-02-24 20:48:30,029 - mmcls - INFO - Saving checkpoint at 186 epochs
2024-02-24 20:48:31,884 - mmcls - INFO - Epoch(val) [186][3]	accuracy_top-1: 75.7353, accuracy_top-5: 97.0588
2024-02-24 20:48:41,170 - mmcls - INFO - Saving checkpoint at 187 epochs
2024-02-24 20:48:43,094 - mmcls - INFO - Epoch(val) [187][3]	accuracy_top-1: 75.7353, accuracy_top-5: 97.0588
2024-02-24 20:48:52,262 - mmcls - INFO - Saving checkpoint at 188 epochs
2024-02-24 20:48:54,163 - mmcls - INFO - Epoch(val) [188][3]	accuracy_top-1: 76.4706, accuracy_top-5: 97.0588
2024-02-24 20:49:03,477 - mmcls - INFO - Saving checkpoint at 189 epochs
2024-02-24 20:49:05,316 - mmcls - INFO - Epoch(val) [189][3]	accuracy_top-1: 75.7353, accuracy_top-5: 97.0588
2024-02-24 20:49:14,310 - mmcls - INFO - Saving checkpoint at 190 epochs
2024-02-24 20:49:16,134 - mmcls - INFO - Epoch(val) [190][3]	accuracy_top-1: 76.4706, accuracy_top-5: 97.0588
2024-02-24 20:49:25,421 - mmcls - INFO - Saving checkpoint at 191 epochs
2024-02-24 20:49:27,403 - mmcls - INFO - Epoch(val) [191][3]	accuracy_top-1: 75.7353, accuracy_top-5: 97.0588
2024-02-24 20:49:36,721 - mmcls - INFO - Saving checkpoint at 192 epochs
2024-02-24 20:49:38,779 - mmcls - INFO - Epoch(val) [192][3]	accuracy_top-1: 76.4706, accuracy_top-5: 97.0588
2024-02-24 20:49:48,377 - mmcls - INFO - Saving checkpoint at 193 epochs
2024-02-24 20:49:50,296 - mmcls - INFO - Epoch(val) [193][3]	accuracy_top-1: 76.4706, accuracy_top-5: 97.0588
2024-02-24 20:49:59,456 - mmcls - INFO - Saving checkpoint at 194 epochs
2024-02-24 20:50:01,671 - mmcls - INFO - Epoch(val) [194][3]	accuracy_top-1: 75.7353, accuracy_top-5: 97.0588
2024-02-24 20:50:11,106 - mmcls - INFO - Saving checkpoint at 195 epochs
2024-02-24 20:50:13,466 - mmcls - INFO - Epoch(val) [195][3]	accuracy_top-1: 76.4706, accuracy_top-5: 97.0588
2024-02-24 20:50:22,540 - mmcls - INFO - Saving checkpoint at 196 epochs
2024-02-24 20:50:24,680 - mmcls - INFO - Epoch(val) [196][3]	accuracy_top-1: 76.4706, accuracy_top-5: 97.0588
2024-02-24 20:50:33,886 - mmcls - INFO - Saving checkpoint at 197 epochs
2024-02-24 20:50:35,853 - mmcls - INFO - Epoch(val) [197][3]	accuracy_top-1: 76.4706, accuracy_top-5: 97.0588
2024-02-24 20:50:45,158 - mmcls - INFO - Saving checkpoint at 198 epochs
2024-02-24 20:50:47,190 - mmcls - INFO - Epoch(val) [198][3]	accuracy_top-1: 75.0000, accuracy_top-5: 97.0588
2024-02-24 20:50:56,639 - mmcls - INFO - Saving checkpoint at 199 epochs
2024-02-24 20:50:58,577 - mmcls - INFO - Epoch(val) [199][3]	accuracy_top-1: 77.2059, accuracy_top-5: 97.0588
2024-02-24 20:51:07,584 - mmcls - INFO - Saving checkpoint at 200 epochs
2024-02-24 20:51:09,592 - mmcls - INFO - Epoch(val) [200][3]	accuracy_top-1: 76.4706, accuracy_top-5: 97.0588
