2024-04-07 22:59:05,050 - mmcls - INFO - Environment info:
------------------------------------------------------------
sys.platform: linux
Python: 3.7.12 | packaged by conda-forge | (default, Oct 26 2021, 06:08:21) [GCC 9.4.0]
CUDA available: True
GPU 0: NVIDIA GeForce RTX 2080 Ti
CUDA_HOME: /usr/local/cuda
NVCC: Cuda compilation tools, release 11.8, V11.8.89
GCC: gcc (Ubuntu 11.4.0-1ubuntu1~22.04) 11.4.0
PyTorch: 1.13.1+cu117
PyTorch compiling details: PyTorch built with:
  - GCC 9.3
  - C++ Version: 201402
  - Intel(R) Math Kernel Library Version 2020.0.0 Product Build 20191122 for Intel(R) 64 architecture applications
  - Intel(R) MKL-DNN v2.6.0 (Git Hash 52b5f107dd9cf10910aaa19cb47f3abf9b349815)
  - OpenMP 201511 (a.k.a. OpenMP 4.5)
  - LAPACK is enabled (usually provided by MKL)
  - NNPACK is enabled
  - CPU capability usage: AVX2
  - CUDA Runtime 11.7
  - NVCC architecture flags: -gencode;arch=compute_37,code=sm_37;-gencode;arch=compute_50,code=sm_50;-gencode;arch=compute_60,code=sm_60;-gencode;arch=compute_70,code=sm_70;-gencode;arch=compute_75,code=sm_75;-gencode;arch=compute_80,code=sm_80;-gencode;arch=compute_86,code=sm_86
  - CuDNN 8.5
  - Magma 2.6.1
  - Build settings: BLAS_INFO=mkl, BUILD_TYPE=Release, CUDA_VERSION=11.7, CUDNN_VERSION=8.5.0, CXX_COMPILER=/opt/rh/devtoolset-9/root/usr/bin/c++, CXX_FLAGS= -fabi-version=11 -Wno-deprecated -fvisibility-inlines-hidden -DUSE_PTHREADPOOL -fopenmp -DNDEBUG -DUSE_KINETO -DUSE_FBGEMM -DUSE_QNNPACK -DUSE_PYTORCH_QNNPACK -DUSE_XNNPACK -DSYMBOLICATE_MOBILE_DEBUG_HANDLE -DEDGE_PROFILER_USE_KINETO -O2 -fPIC -Wno-narrowing -Wall -Wextra -Werror=return-type -Werror=non-virtual-dtor -Wno-missing-field-initializers -Wno-type-limits -Wno-array-bounds -Wno-unknown-pragmas -Wunused-local-typedefs -Wno-unused-parameter -Wno-unused-function -Wno-unused-result -Wno-strict-overflow -Wno-strict-aliasing -Wno-error=deprecated-declarations -Wno-stringop-overflow -Wno-psabi -Wno-error=pedantic -Wno-error=redundant-decls -Wno-error=old-style-cast -fdiagnostics-color=always -faligned-new -Wno-unused-but-set-variable -Wno-maybe-uninitialized -fno-math-errno -fno-trapping-math -Werror=format -Werror=cast-function-type -Wno-stringop-overflow, LAPACK_INFO=mkl, PERF_WITH_AVX=1, PERF_WITH_AVX2=1, PERF_WITH_AVX512=1, TORCH_VERSION=1.13.1, USE_CUDA=ON, USE_CUDNN=ON, USE_EXCEPTION_PTR=1, USE_GFLAGS=OFF, USE_GLOG=OFF, USE_MKL=ON, USE_MKLDNN=ON, USE_MPI=OFF, USE_NCCL=ON, USE_NNPACK=ON, USE_OPENMP=ON, USE_ROCM=OFF, 

TorchVision: 0.14.1+cu117
OpenCV: 4.9.0
MMCV: 1.5.0
MMCV Compiler: n/a
MMCV CUDA Compiler: n/a
MMClassification: 0.15.0+8d1e84a
------------------------------------------------------------

2024-04-07 22:59:05,051 - mmcls - INFO - Distributed training: False
2024-04-07 22:59:05,239 - mmcls - INFO - Config:
model = dict(
    type='ImageClassifier',
    backbone=dict(
        type='ResNet',
        depth=50,
        num_stages=4,
        out_indices=(3, ),
        style='pytorch'),
    neck=dict(type='GlobalAveragePooling'),
    head=dict(
        type='LinearClsHead',
        num_classes=17,
        in_channels=2048,
        loss=dict(type='CrossEntropyLoss', loss_weight=1.0)))
dataset_type = 'Flowers'
img_norm_cfg = dict(
    mean=[123.675, 116.28, 103.53], std=[58.395, 57.12, 57.375], to_rgb=True)
train_pipeline = [
    dict(type='LoadImageFromFile'),
    dict(type='RandomResizedCrop', size=224),
    dict(type='RandomFlip', flip_prob=0.5, direction='horizontal'),
    dict(
        type='Normalize',
        mean=[123.675, 116.28, 103.53],
        std=[58.395, 57.12, 57.375],
        to_rgb=True),
    dict(type='ImageToTensor', keys=['img']),
    dict(type='ToTensor', keys=['gt_label']),
    dict(type='Collect', keys=['img', 'gt_label'])
]
test_pipeline = [
    dict(type='LoadImageFromFile'),
    dict(type='Resize', size=(256, -1)),
    dict(type='CenterCrop', crop_size=224),
    dict(
        type='Normalize',
        mean=[123.675, 116.28, 103.53],
        std=[58.395, 57.12, 57.375],
        to_rgb=True),
    dict(type='ImageToTensor', keys=['img']),
    dict(type='Collect', keys=['img'])
]
data = dict(
    samples_per_gpu=64,
    workers_per_gpu=1,
    train=dict(
        type='Flowers',
        data_prefix='data/flowers/train',
        ann_file='data/flowers/meta/train.txt',
        pipeline=[
            dict(type='LoadImageFromFile'),
            dict(type='RandomResizedCrop', size=224),
            dict(type='RandomFlip', flip_prob=0.5, direction='horizontal'),
            dict(
                type='Normalize',
                mean=[123.675, 116.28, 103.53],
                std=[58.395, 57.12, 57.375],
                to_rgb=True),
            dict(type='ImageToTensor', keys=['img']),
            dict(type='ToTensor', keys=['gt_label']),
            dict(type='Collect', keys=['img', 'gt_label'])
        ]),
    val=dict(
        type='Flowers',
        data_prefix='data/flowers/val',
        ann_file='data/flowers/meta/val.txt',
        pipeline=[
            dict(type='LoadImageFromFile'),
            dict(type='Resize', size=(256, -1)),
            dict(type='CenterCrop', crop_size=224),
            dict(
                type='Normalize',
                mean=[123.675, 116.28, 103.53],
                std=[58.395, 57.12, 57.375],
                to_rgb=True),
            dict(type='ImageToTensor', keys=['img']),
            dict(type='Collect', keys=['img'])
        ]),
    test=dict(
        type='Flowers',
        data_prefix='data/flowers/test',
        ann_file='data/flowers/meta/test.txt',
        pipeline=[
            dict(type='LoadImageFromFile'),
            dict(type='Resize', size=(256, -1)),
            dict(type='CenterCrop', crop_size=224),
            dict(
                type='Normalize',
                mean=[123.675, 116.28, 103.53],
                std=[58.395, 57.12, 57.375],
                to_rgb=True),
            dict(type='ImageToTensor', keys=['img']),
            dict(type='Collect', keys=['img'])
        ]))
evaluation = dict(interval=1, metric='accuracy')
optimizer = dict(type='SGD', lr=0.001, momentum=0.9, weight_decay=0.0001)
optimizer_config = dict(grad_clip=None)
lr_config = dict(policy='step', step=[100, 150])
runner = dict(type='EpochBasedRunner', max_epochs=200)
checkpoint_config = dict(interval=100)
log_config = dict(interval=100, hooks=[dict(type='TextLoggerHook')])
dist_params = dict(backend='nccl')
log_level = 'INFO'
load_from = None
resume_from = None
workflow = [('train', 1)]
work_dir = 'output/resnet50_flowers_bs64_lr0.001_retry_zay'
gpu_ids = range(0, 1)

2024-04-07 22:59:05,711 - mmcls - INFO - initialize ResNet with init_cfg [{'type': 'Kaiming', 'layer': ['Conv2d']}, {'type': 'Constant', 'val': 1, 'layer': ['_BatchNorm', 'GroupNorm']}]
2024-04-07 22:59:05,961 - mmcls - INFO - initialize LinearClsHead with init_cfg {'type': 'Normal', 'layer': 'Linear', 'std': 0.01}
Name of parameter - Initialization information

backbone.conv1.weight - torch.Size([64, 3, 7, 7]): 
KaimingInit: a=0, mode=fan_out, nonlinearity=relu, distribution =normal, bias=0 

backbone.bn1.weight - torch.Size([64]): 
The value is the same before and after calling `init_weights` of ImageClassifier  

backbone.bn1.bias - torch.Size([64]): 
The value is the same before and after calling `init_weights` of ImageClassifier  

backbone.layer1.0.conv1.weight - torch.Size([64, 64, 1, 1]): 
KaimingInit: a=0, mode=fan_out, nonlinearity=relu, distribution =normal, bias=0 

backbone.layer1.0.bn1.weight - torch.Size([64]): 
The value is the same before and after calling `init_weights` of ImageClassifier  

backbone.layer1.0.bn1.bias - torch.Size([64]): 
The value is the same before and after calling `init_weights` of ImageClassifier  

backbone.layer1.0.conv2.weight - torch.Size([64, 64, 3, 3]): 
KaimingInit: a=0, mode=fan_out, nonlinearity=relu, distribution =normal, bias=0 

backbone.layer1.0.bn2.weight - torch.Size([64]): 
The value is the same before and after calling `init_weights` of ImageClassifier  

backbone.layer1.0.bn2.bias - torch.Size([64]): 
The value is the same before and after calling `init_weights` of ImageClassifier  

backbone.layer1.0.conv3.weight - torch.Size([256, 64, 1, 1]): 
KaimingInit: a=0, mode=fan_out, nonlinearity=relu, distribution =normal, bias=0 

backbone.layer1.0.bn3.weight - torch.Size([256]): 
Initialized by user-defined `init_weights` in ResNet  

backbone.layer1.0.bn3.bias - torch.Size([256]): 
The value is the same before and after calling `init_weights` of ImageClassifier  

backbone.layer1.0.downsample.0.weight - torch.Size([256, 64, 1, 1]): 
KaimingInit: a=0, mode=fan_out, nonlinearity=relu, distribution =normal, bias=0 

backbone.layer1.0.downsample.1.weight - torch.Size([256]): 
The value is the same before and after calling `init_weights` of ImageClassifier  

backbone.layer1.0.downsample.1.bias - torch.Size([256]): 
The value is the same before and after calling `init_weights` of ImageClassifier  

backbone.layer1.1.conv1.weight - torch.Size([64, 256, 1, 1]): 
KaimingInit: a=0, mode=fan_out, nonlinearity=relu, distribution =normal, bias=0 

backbone.layer1.1.bn1.weight - torch.Size([64]): 
The value is the same before and after calling `init_weights` of ImageClassifier  

backbone.layer1.1.bn1.bias - torch.Size([64]): 
The value is the same before and after calling `init_weights` of ImageClassifier  

backbone.layer1.1.conv2.weight - torch.Size([64, 64, 3, 3]): 
KaimingInit: a=0, mode=fan_out, nonlinearity=relu, distribution =normal, bias=0 

backbone.layer1.1.bn2.weight - torch.Size([64]): 
The value is the same before and after calling `init_weights` of ImageClassifier  

backbone.layer1.1.bn2.bias - torch.Size([64]): 
The value is the same before and after calling `init_weights` of ImageClassifier  

backbone.layer1.1.conv3.weight - torch.Size([256, 64, 1, 1]): 
KaimingInit: a=0, mode=fan_out, nonlinearity=relu, distribution =normal, bias=0 

backbone.layer1.1.bn3.weight - torch.Size([256]): 
Initialized by user-defined `init_weights` in ResNet  

backbone.layer1.1.bn3.bias - torch.Size([256]): 
The value is the same before and after calling `init_weights` of ImageClassifier  

backbone.layer1.2.conv1.weight - torch.Size([64, 256, 1, 1]): 
KaimingInit: a=0, mode=fan_out, nonlinearity=relu, distribution =normal, bias=0 

backbone.layer1.2.bn1.weight - torch.Size([64]): 
The value is the same before and after calling `init_weights` of ImageClassifier  

backbone.layer1.2.bn1.bias - torch.Size([64]): 
The value is the same before and after calling `init_weights` of ImageClassifier  

backbone.layer1.2.conv2.weight - torch.Size([64, 64, 3, 3]): 
KaimingInit: a=0, mode=fan_out, nonlinearity=relu, distribution =normal, bias=0 

backbone.layer1.2.bn2.weight - torch.Size([64]): 
The value is the same before and after calling `init_weights` of ImageClassifier  

backbone.layer1.2.bn2.bias - torch.Size([64]): 
The value is the same before and after calling `init_weights` of ImageClassifier  

backbone.layer1.2.conv3.weight - torch.Size([256, 64, 1, 1]): 
KaimingInit: a=0, mode=fan_out, nonlinearity=relu, distribution =normal, bias=0 

backbone.layer1.2.bn3.weight - torch.Size([256]): 
Initialized by user-defined `init_weights` in ResNet  

backbone.layer1.2.bn3.bias - torch.Size([256]): 
The value is the same before and after calling `init_weights` of ImageClassifier  

backbone.layer2.0.conv1.weight - torch.Size([128, 256, 1, 1]): 
KaimingInit: a=0, mode=fan_out, nonlinearity=relu, distribution =normal, bias=0 

backbone.layer2.0.bn1.weight - torch.Size([128]): 
The value is the same before and after calling `init_weights` of ImageClassifier  

backbone.layer2.0.bn1.bias - torch.Size([128]): 
The value is the same before and after calling `init_weights` of ImageClassifier  

backbone.layer2.0.conv2.weight - torch.Size([128, 128, 3, 3]): 
KaimingInit: a=0, mode=fan_out, nonlinearity=relu, distribution =normal, bias=0 

backbone.layer2.0.bn2.weight - torch.Size([128]): 
The value is the same before and after calling `init_weights` of ImageClassifier  

backbone.layer2.0.bn2.bias - torch.Size([128]): 
The value is the same before and after calling `init_weights` of ImageClassifier  

backbone.layer2.0.conv3.weight - torch.Size([512, 128, 1, 1]): 
KaimingInit: a=0, mode=fan_out, nonlinearity=relu, distribution =normal, bias=0 

backbone.layer2.0.bn3.weight - torch.Size([512]): 
Initialized by user-defined `init_weights` in ResNet  

backbone.layer2.0.bn3.bias - torch.Size([512]): 
The value is the same before and after calling `init_weights` of ImageClassifier  

backbone.layer2.0.downsample.0.weight - torch.Size([512, 256, 1, 1]): 
KaimingInit: a=0, mode=fan_out, nonlinearity=relu, distribution =normal, bias=0 

backbone.layer2.0.downsample.1.weight - torch.Size([512]): 
The value is the same before and after calling `init_weights` of ImageClassifier  

backbone.layer2.0.downsample.1.bias - torch.Size([512]): 
The value is the same before and after calling `init_weights` of ImageClassifier  

backbone.layer2.1.conv1.weight - torch.Size([128, 512, 1, 1]): 
KaimingInit: a=0, mode=fan_out, nonlinearity=relu, distribution =normal, bias=0 

backbone.layer2.1.bn1.weight - torch.Size([128]): 
The value is the same before and after calling `init_weights` of ImageClassifier  

backbone.layer2.1.bn1.bias - torch.Size([128]): 
The value is the same before and after calling `init_weights` of ImageClassifier  

backbone.layer2.1.conv2.weight - torch.Size([128, 128, 3, 3]): 
KaimingInit: a=0, mode=fan_out, nonlinearity=relu, distribution =normal, bias=0 

backbone.layer2.1.bn2.weight - torch.Size([128]): 
The value is the same before and after calling `init_weights` of ImageClassifier  

backbone.layer2.1.bn2.bias - torch.Size([128]): 
The value is the same before and after calling `init_weights` of ImageClassifier  

backbone.layer2.1.conv3.weight - torch.Size([512, 128, 1, 1]): 
KaimingInit: a=0, mode=fan_out, nonlinearity=relu, distribution =normal, bias=0 

backbone.layer2.1.bn3.weight - torch.Size([512]): 
Initialized by user-defined `init_weights` in ResNet  

backbone.layer2.1.bn3.bias - torch.Size([512]): 
The value is the same before and after calling `init_weights` of ImageClassifier  

backbone.layer2.2.conv1.weight - torch.Size([128, 512, 1, 1]): 
KaimingInit: a=0, mode=fan_out, nonlinearity=relu, distribution =normal, bias=0 

backbone.layer2.2.bn1.weight - torch.Size([128]): 
The value is the same before and after calling `init_weights` of ImageClassifier  

backbone.layer2.2.bn1.bias - torch.Size([128]): 
The value is the same before and after calling `init_weights` of ImageClassifier  

backbone.layer2.2.conv2.weight - torch.Size([128, 128, 3, 3]): 
KaimingInit: a=0, mode=fan_out, nonlinearity=relu, distribution =normal, bias=0 

backbone.layer2.2.bn2.weight - torch.Size([128]): 
The value is the same before and after calling `init_weights` of ImageClassifier  

backbone.layer2.2.bn2.bias - torch.Size([128]): 
The value is the same before and after calling `init_weights` of ImageClassifier  

backbone.layer2.2.conv3.weight - torch.Size([512, 128, 1, 1]): 
KaimingInit: a=0, mode=fan_out, nonlinearity=relu, distribution =normal, bias=0 

backbone.layer2.2.bn3.weight - torch.Size([512]): 
Initialized by user-defined `init_weights` in ResNet  

backbone.layer2.2.bn3.bias - torch.Size([512]): 
The value is the same before and after calling `init_weights` of ImageClassifier  

backbone.layer2.3.conv1.weight - torch.Size([128, 512, 1, 1]): 
KaimingInit: a=0, mode=fan_out, nonlinearity=relu, distribution =normal, bias=0 

backbone.layer2.3.bn1.weight - torch.Size([128]): 
The value is the same before and after calling `init_weights` of ImageClassifier  

backbone.layer2.3.bn1.bias - torch.Size([128]): 
The value is the same before and after calling `init_weights` of ImageClassifier  

backbone.layer2.3.conv2.weight - torch.Size([128, 128, 3, 3]): 
KaimingInit: a=0, mode=fan_out, nonlinearity=relu, distribution =normal, bias=0 

backbone.layer2.3.bn2.weight - torch.Size([128]): 
The value is the same before and after calling `init_weights` of ImageClassifier  

backbone.layer2.3.bn2.bias - torch.Size([128]): 
The value is the same before and after calling `init_weights` of ImageClassifier  

backbone.layer2.3.conv3.weight - torch.Size([512, 128, 1, 1]): 
KaimingInit: a=0, mode=fan_out, nonlinearity=relu, distribution =normal, bias=0 

backbone.layer2.3.bn3.weight - torch.Size([512]): 
Initialized by user-defined `init_weights` in ResNet  

backbone.layer2.3.bn3.bias - torch.Size([512]): 
The value is the same before and after calling `init_weights` of ImageClassifier  

backbone.layer3.0.conv1.weight - torch.Size([256, 512, 1, 1]): 
KaimingInit: a=0, mode=fan_out, nonlinearity=relu, distribution =normal, bias=0 

backbone.layer3.0.bn1.weight - torch.Size([256]): 
The value is the same before and after calling `init_weights` of ImageClassifier  

backbone.layer3.0.bn1.bias - torch.Size([256]): 
The value is the same before and after calling `init_weights` of ImageClassifier  

backbone.layer3.0.conv2.weight - torch.Size([256, 256, 3, 3]): 
KaimingInit: a=0, mode=fan_out, nonlinearity=relu, distribution =normal, bias=0 

backbone.layer3.0.bn2.weight - torch.Size([256]): 
The value is the same before and after calling `init_weights` of ImageClassifier  

backbone.layer3.0.bn2.bias - torch.Size([256]): 
The value is the same before and after calling `init_weights` of ImageClassifier  

backbone.layer3.0.conv3.weight - torch.Size([1024, 256, 1, 1]): 
KaimingInit: a=0, mode=fan_out, nonlinearity=relu, distribution =normal, bias=0 

backbone.layer3.0.bn3.weight - torch.Size([1024]): 
Initialized by user-defined `init_weights` in ResNet  

backbone.layer3.0.bn3.bias - torch.Size([1024]): 
The value is the same before and after calling `init_weights` of ImageClassifier  

backbone.layer3.0.downsample.0.weight - torch.Size([1024, 512, 1, 1]): 
KaimingInit: a=0, mode=fan_out, nonlinearity=relu, distribution =normal, bias=0 

backbone.layer3.0.downsample.1.weight - torch.Size([1024]): 
The value is the same before and after calling `init_weights` of ImageClassifier  

backbone.layer3.0.downsample.1.bias - torch.Size([1024]): 
The value is the same before and after calling `init_weights` of ImageClassifier  

backbone.layer3.1.conv1.weight - torch.Size([256, 1024, 1, 1]): 
KaimingInit: a=0, mode=fan_out, nonlinearity=relu, distribution =normal, bias=0 

backbone.layer3.1.bn1.weight - torch.Size([256]): 
The value is the same before and after calling `init_weights` of ImageClassifier  

backbone.layer3.1.bn1.bias - torch.Size([256]): 
The value is the same before and after calling `init_weights` of ImageClassifier  

backbone.layer3.1.conv2.weight - torch.Size([256, 256, 3, 3]): 
KaimingInit: a=0, mode=fan_out, nonlinearity=relu, distribution =normal, bias=0 

backbone.layer3.1.bn2.weight - torch.Size([256]): 
The value is the same before and after calling `init_weights` of ImageClassifier  

backbone.layer3.1.bn2.bias - torch.Size([256]): 
The value is the same before and after calling `init_weights` of ImageClassifier  

backbone.layer3.1.conv3.weight - torch.Size([1024, 256, 1, 1]): 
KaimingInit: a=0, mode=fan_out, nonlinearity=relu, distribution =normal, bias=0 

backbone.layer3.1.bn3.weight - torch.Size([1024]): 
Initialized by user-defined `init_weights` in ResNet  

backbone.layer3.1.bn3.bias - torch.Size([1024]): 
The value is the same before and after calling `init_weights` of ImageClassifier  

backbone.layer3.2.conv1.weight - torch.Size([256, 1024, 1, 1]): 
KaimingInit: a=0, mode=fan_out, nonlinearity=relu, distribution =normal, bias=0 

backbone.layer3.2.bn1.weight - torch.Size([256]): 
The value is the same before and after calling `init_weights` of ImageClassifier  

backbone.layer3.2.bn1.bias - torch.Size([256]): 
The value is the same before and after calling `init_weights` of ImageClassifier  

backbone.layer3.2.conv2.weight - torch.Size([256, 256, 3, 3]): 
KaimingInit: a=0, mode=fan_out, nonlinearity=relu, distribution =normal, bias=0 

backbone.layer3.2.bn2.weight - torch.Size([256]): 
The value is the same before and after calling `init_weights` of ImageClassifier  

backbone.layer3.2.bn2.bias - torch.Size([256]): 
The value is the same before and after calling `init_weights` of ImageClassifier  

backbone.layer3.2.conv3.weight - torch.Size([1024, 256, 1, 1]): 
KaimingInit: a=0, mode=fan_out, nonlinearity=relu, distribution =normal, bias=0 

backbone.layer3.2.bn3.weight - torch.Size([1024]): 
Initialized by user-defined `init_weights` in ResNet  

backbone.layer3.2.bn3.bias - torch.Size([1024]): 
The value is the same before and after calling `init_weights` of ImageClassifier  

backbone.layer3.3.conv1.weight - torch.Size([256, 1024, 1, 1]): 
KaimingInit: a=0, mode=fan_out, nonlinearity=relu, distribution =normal, bias=0 

backbone.layer3.3.bn1.weight - torch.Size([256]): 
The value is the same before and after calling `init_weights` of ImageClassifier  

backbone.layer3.3.bn1.bias - torch.Size([256]): 
The value is the same before and after calling `init_weights` of ImageClassifier  

backbone.layer3.3.conv2.weight - torch.Size([256, 256, 3, 3]): 
KaimingInit: a=0, mode=fan_out, nonlinearity=relu, distribution =normal, bias=0 

backbone.layer3.3.bn2.weight - torch.Size([256]): 
The value is the same before and after calling `init_weights` of ImageClassifier  

backbone.layer3.3.bn2.bias - torch.Size([256]): 
The value is the same before and after calling `init_weights` of ImageClassifier  

backbone.layer3.3.conv3.weight - torch.Size([1024, 256, 1, 1]): 
KaimingInit: a=0, mode=fan_out, nonlinearity=relu, distribution =normal, bias=0 

backbone.layer3.3.bn3.weight - torch.Size([1024]): 
Initialized by user-defined `init_weights` in ResNet  

backbone.layer3.3.bn3.bias - torch.Size([1024]): 
The value is the same before and after calling `init_weights` of ImageClassifier  

backbone.layer3.4.conv1.weight - torch.Size([256, 1024, 1, 1]): 
KaimingInit: a=0, mode=fan_out, nonlinearity=relu, distribution =normal, bias=0 

backbone.layer3.4.bn1.weight - torch.Size([256]): 
The value is the same before and after calling `init_weights` of ImageClassifier  

backbone.layer3.4.bn1.bias - torch.Size([256]): 
The value is the same before and after calling `init_weights` of ImageClassifier  

backbone.layer3.4.conv2.weight - torch.Size([256, 256, 3, 3]): 
KaimingInit: a=0, mode=fan_out, nonlinearity=relu, distribution =normal, bias=0 

backbone.layer3.4.bn2.weight - torch.Size([256]): 
The value is the same before and after calling `init_weights` of ImageClassifier  

backbone.layer3.4.bn2.bias - torch.Size([256]): 
The value is the same before and after calling `init_weights` of ImageClassifier  

backbone.layer3.4.conv3.weight - torch.Size([1024, 256, 1, 1]): 
KaimingInit: a=0, mode=fan_out, nonlinearity=relu, distribution =normal, bias=0 

backbone.layer3.4.bn3.weight - torch.Size([1024]): 
Initialized by user-defined `init_weights` in ResNet  

backbone.layer3.4.bn3.bias - torch.Size([1024]): 
The value is the same before and after calling `init_weights` of ImageClassifier  

backbone.layer3.5.conv1.weight - torch.Size([256, 1024, 1, 1]): 
KaimingInit: a=0, mode=fan_out, nonlinearity=relu, distribution =normal, bias=0 

backbone.layer3.5.bn1.weight - torch.Size([256]): 
The value is the same before and after calling `init_weights` of ImageClassifier  

backbone.layer3.5.bn1.bias - torch.Size([256]): 
The value is the same before and after calling `init_weights` of ImageClassifier  

backbone.layer3.5.conv2.weight - torch.Size([256, 256, 3, 3]): 
KaimingInit: a=0, mode=fan_out, nonlinearity=relu, distribution =normal, bias=0 

backbone.layer3.5.bn2.weight - torch.Size([256]): 
The value is the same before and after calling `init_weights` of ImageClassifier  

backbone.layer3.5.bn2.bias - torch.Size([256]): 
The value is the same before and after calling `init_weights` of ImageClassifier  

backbone.layer3.5.conv3.weight - torch.Size([1024, 256, 1, 1]): 
KaimingInit: a=0, mode=fan_out, nonlinearity=relu, distribution =normal, bias=0 

backbone.layer3.5.bn3.weight - torch.Size([1024]): 
Initialized by user-defined `init_weights` in ResNet  

backbone.layer3.5.bn3.bias - torch.Size([1024]): 
The value is the same before and after calling `init_weights` of ImageClassifier  

backbone.layer4.0.conv1.weight - torch.Size([512, 1024, 1, 1]): 
KaimingInit: a=0, mode=fan_out, nonlinearity=relu, distribution =normal, bias=0 

backbone.layer4.0.bn1.weight - torch.Size([512]): 
The value is the same before and after calling `init_weights` of ImageClassifier  

backbone.layer4.0.bn1.bias - torch.Size([512]): 
The value is the same before and after calling `init_weights` of ImageClassifier  

backbone.layer4.0.conv2.weight - torch.Size([512, 512, 3, 3]): 
KaimingInit: a=0, mode=fan_out, nonlinearity=relu, distribution =normal, bias=0 

backbone.layer4.0.bn2.weight - torch.Size([512]): 
The value is the same before and after calling `init_weights` of ImageClassifier  

backbone.layer4.0.bn2.bias - torch.Size([512]): 
The value is the same before and after calling `init_weights` of ImageClassifier  

backbone.layer4.0.conv3.weight - torch.Size([2048, 512, 1, 1]): 
KaimingInit: a=0, mode=fan_out, nonlinearity=relu, distribution =normal, bias=0 

backbone.layer4.0.bn3.weight - torch.Size([2048]): 
Initialized by user-defined `init_weights` in ResNet  

backbone.layer4.0.bn3.bias - torch.Size([2048]): 
The value is the same before and after calling `init_weights` of ImageClassifier  

backbone.layer4.0.downsample.0.weight - torch.Size([2048, 1024, 1, 1]): 
KaimingInit: a=0, mode=fan_out, nonlinearity=relu, distribution =normal, bias=0 

backbone.layer4.0.downsample.1.weight - torch.Size([2048]): 
The value is the same before and after calling `init_weights` of ImageClassifier  

backbone.layer4.0.downsample.1.bias - torch.Size([2048]): 
The value is the same before and after calling `init_weights` of ImageClassifier  

backbone.layer4.1.conv1.weight - torch.Size([512, 2048, 1, 1]): 
KaimingInit: a=0, mode=fan_out, nonlinearity=relu, distribution =normal, bias=0 

backbone.layer4.1.bn1.weight - torch.Size([512]): 
The value is the same before and after calling `init_weights` of ImageClassifier  

backbone.layer4.1.bn1.bias - torch.Size([512]): 
The value is the same before and after calling `init_weights` of ImageClassifier  

backbone.layer4.1.conv2.weight - torch.Size([512, 512, 3, 3]): 
KaimingInit: a=0, mode=fan_out, nonlinearity=relu, distribution =normal, bias=0 

backbone.layer4.1.bn2.weight - torch.Size([512]): 
The value is the same before and after calling `init_weights` of ImageClassifier  

backbone.layer4.1.bn2.bias - torch.Size([512]): 
The value is the same before and after calling `init_weights` of ImageClassifier  

backbone.layer4.1.conv3.weight - torch.Size([2048, 512, 1, 1]): 
KaimingInit: a=0, mode=fan_out, nonlinearity=relu, distribution =normal, bias=0 

backbone.layer4.1.bn3.weight - torch.Size([2048]): 
Initialized by user-defined `init_weights` in ResNet  

backbone.layer4.1.bn3.bias - torch.Size([2048]): 
The value is the same before and after calling `init_weights` of ImageClassifier  

backbone.layer4.2.conv1.weight - torch.Size([512, 2048, 1, 1]): 
KaimingInit: a=0, mode=fan_out, nonlinearity=relu, distribution =normal, bias=0 

backbone.layer4.2.bn1.weight - torch.Size([512]): 
The value is the same before and after calling `init_weights` of ImageClassifier  

backbone.layer4.2.bn1.bias - torch.Size([512]): 
The value is the same before and after calling `init_weights` of ImageClassifier  

backbone.layer4.2.conv2.weight - torch.Size([512, 512, 3, 3]): 
KaimingInit: a=0, mode=fan_out, nonlinearity=relu, distribution =normal, bias=0 

backbone.layer4.2.bn2.weight - torch.Size([512]): 
The value is the same before and after calling `init_weights` of ImageClassifier  

backbone.layer4.2.bn2.bias - torch.Size([512]): 
The value is the same before and after calling `init_weights` of ImageClassifier  

backbone.layer4.2.conv3.weight - torch.Size([2048, 512, 1, 1]): 
KaimingInit: a=0, mode=fan_out, nonlinearity=relu, distribution =normal, bias=0 

backbone.layer4.2.bn3.weight - torch.Size([2048]): 
Initialized by user-defined `init_weights` in ResNet  

backbone.layer4.2.bn3.bias - torch.Size([2048]): 
The value is the same before and after calling `init_weights` of ImageClassifier  

head.fc.weight - torch.Size([17, 2048]): 
NormalInit: mean=0, std=0.01, bias=0 

head.fc.bias - torch.Size([17]): 
NormalInit: mean=0, std=0.01, bias=0 
2024-04-07 22:59:10,529 - mmcls - INFO - Start running, host: zaychan@gpu2-comp-107, work_dir: /userhome/cs2/zaychan/COMP3340Project/CNN_Image_Classification_Code/output/resnet50_flowers_bs64_lr0.001_retry_zay
2024-04-07 22:59:10,529 - mmcls - INFO - Hooks will be executed in the following order:
before_run:
(VERY_HIGH   ) StepLrUpdaterHook                  
(NORMAL      ) CheckpointHook                     
(NORMAL      ) EvalHook                           
(VERY_LOW    ) TextLoggerHook                     
 -------------------- 
before_train_epoch:
(VERY_HIGH   ) StepLrUpdaterHook                  
(NORMAL      ) EvalHook                           
(LOW         ) IterTimerHook                      
(VERY_LOW    ) TextLoggerHook                     
 -------------------- 
before_train_iter:
(VERY_HIGH   ) StepLrUpdaterHook                  
(NORMAL      ) EvalHook                           
(LOW         ) IterTimerHook                      
 -------------------- 
after_train_iter:
(ABOVE_NORMAL) OptimizerHook                      
(NORMAL      ) CheckpointHook                     
(NORMAL      ) EvalHook                           
(LOW         ) IterTimerHook                      
(VERY_LOW    ) TextLoggerHook                     
 -------------------- 
after_train_epoch:
(NORMAL      ) CheckpointHook                     
(NORMAL      ) EvalHook                           
(VERY_LOW    ) TextLoggerHook                     
 -------------------- 
before_val_epoch:
(LOW         ) IterTimerHook                      
(VERY_LOW    ) TextLoggerHook                     
 -------------------- 
before_val_iter:
(LOW         ) IterTimerHook                      
 -------------------- 
after_val_iter:
(LOW         ) IterTimerHook                      
 -------------------- 
after_val_epoch:
(VERY_LOW    ) TextLoggerHook                     
 -------------------- 
after_run:
(VERY_LOW    ) TextLoggerHook                     
 -------------------- 
2024-04-07 22:59:10,529 - mmcls - INFO - workflow: [('train', 1)], max: 200 epochs
2024-04-07 22:59:10,530 - mmcls - INFO - Checkpoints will be saved to /userhome/cs2/zaychan/COMP3340Project/CNN_Image_Classification_Code/output/resnet50_flowers_bs64_lr0.001_retry_zay by HardDiskBackend.
2024-04-07 22:59:33,797 - mmcls - INFO - Epoch(val) [1][3]	accuracy_top-1: 15.4412, accuracy_top-5: 52.9412
2024-04-07 22:59:44,736 - mmcls - INFO - Epoch(val) [2][3]	accuracy_top-1: 37.5000, accuracy_top-5: 83.0882
2024-04-07 22:59:55,975 - mmcls - INFO - Epoch(val) [3][3]	accuracy_top-1: 41.9118, accuracy_top-5: 83.8235
2024-04-07 23:00:07,571 - mmcls - INFO - Epoch(val) [4][3]	accuracy_top-1: 44.8529, accuracy_top-5: 89.7059
2024-04-07 23:00:18,354 - mmcls - INFO - Epoch(val) [5][3]	accuracy_top-1: 47.0588, accuracy_top-5: 90.4412
2024-04-07 23:00:29,497 - mmcls - INFO - Epoch(val) [6][3]	accuracy_top-1: 48.5294, accuracy_top-5: 91.9118
2024-04-07 23:00:40,328 - mmcls - INFO - Epoch(val) [7][3]	accuracy_top-1: 47.7941, accuracy_top-5: 91.1765
2024-04-07 23:00:50,787 - mmcls - INFO - Epoch(val) [8][3]	accuracy_top-1: 50.7353, accuracy_top-5: 92.6471
2024-04-07 23:01:00,932 - mmcls - INFO - Epoch(val) [9][3]	accuracy_top-1: 52.9412, accuracy_top-5: 92.6471
2024-04-07 23:01:11,066 - mmcls - INFO - Epoch(val) [10][3]	accuracy_top-1: 50.7353, accuracy_top-5: 92.6471
2024-04-07 23:01:21,386 - mmcls - INFO - Epoch(val) [11][3]	accuracy_top-1: 52.2059, accuracy_top-5: 92.6471
2024-04-07 23:01:31,478 - mmcls - INFO - Epoch(val) [12][3]	accuracy_top-1: 55.1471, accuracy_top-5: 92.6471
2024-04-07 23:01:41,547 - mmcls - INFO - Epoch(val) [13][3]	accuracy_top-1: 53.6765, accuracy_top-5: 92.6471
2024-04-07 23:01:52,176 - mmcls - INFO - Epoch(val) [14][3]	accuracy_top-1: 57.3529, accuracy_top-5: 92.6471
2024-04-07 23:02:02,359 - mmcls - INFO - Epoch(val) [15][3]	accuracy_top-1: 54.4118, accuracy_top-5: 92.6471
2024-04-07 23:02:12,938 - mmcls - INFO - Epoch(val) [16][3]	accuracy_top-1: 57.3529, accuracy_top-5: 92.6471
2024-04-07 23:02:23,386 - mmcls - INFO - Epoch(val) [17][3]	accuracy_top-1: 56.6176, accuracy_top-5: 93.3824
2024-04-07 23:02:33,891 - mmcls - INFO - Epoch(val) [18][3]	accuracy_top-1: 55.8824, accuracy_top-5: 93.3824
2024-04-07 23:02:44,558 - mmcls - INFO - Epoch(val) [19][3]	accuracy_top-1: 58.8235, accuracy_top-5: 93.3824
2024-04-07 23:02:55,139 - mmcls - INFO - Epoch(val) [20][3]	accuracy_top-1: 58.8235, accuracy_top-5: 93.3824
2024-04-07 23:03:05,430 - mmcls - INFO - Epoch(val) [21][3]	accuracy_top-1: 58.0882, accuracy_top-5: 91.9118
2024-04-07 23:03:16,030 - mmcls - INFO - Epoch(val) [22][3]	accuracy_top-1: 57.3529, accuracy_top-5: 92.6471
2024-04-07 23:03:26,060 - mmcls - INFO - Epoch(val) [23][3]	accuracy_top-1: 58.0882, accuracy_top-5: 94.1176
2024-04-07 23:03:36,935 - mmcls - INFO - Epoch(val) [24][3]	accuracy_top-1: 58.0882, accuracy_top-5: 93.3824
2024-04-07 23:03:47,694 - mmcls - INFO - Epoch(val) [25][3]	accuracy_top-1: 59.5588, accuracy_top-5: 91.9118
2024-04-07 23:03:58,164 - mmcls - INFO - Epoch(val) [26][3]	accuracy_top-1: 61.0294, accuracy_top-5: 92.6471
2024-04-07 23:04:08,414 - mmcls - INFO - Epoch(val) [27][3]	accuracy_top-1: 58.8235, accuracy_top-5: 92.6471
2024-04-07 23:04:18,747 - mmcls - INFO - Epoch(val) [28][3]	accuracy_top-1: 58.0882, accuracy_top-5: 93.3824
2024-04-07 23:04:28,895 - mmcls - INFO - Epoch(val) [29][3]	accuracy_top-1: 61.7647, accuracy_top-5: 94.1176
2024-04-07 23:04:39,111 - mmcls - INFO - Epoch(val) [30][3]	accuracy_top-1: 55.8824, accuracy_top-5: 93.3824
2024-04-07 23:04:49,142 - mmcls - INFO - Epoch(val) [31][3]	accuracy_top-1: 62.5000, accuracy_top-5: 91.9118
2024-04-07 23:04:59,409 - mmcls - INFO - Epoch(val) [32][3]	accuracy_top-1: 58.8235, accuracy_top-5: 94.1176
2024-04-07 23:05:10,037 - mmcls - INFO - Epoch(val) [33][3]	accuracy_top-1: 60.2941, accuracy_top-5: 91.9118
2024-04-07 23:05:20,226 - mmcls - INFO - Epoch(val) [34][3]	accuracy_top-1: 59.5588, accuracy_top-5: 92.6471
2024-04-07 23:05:30,929 - mmcls - INFO - Epoch(val) [35][3]	accuracy_top-1: 60.2941, accuracy_top-5: 92.6471
2024-04-07 23:05:41,680 - mmcls - INFO - Epoch(val) [36][3]	accuracy_top-1: 61.0294, accuracy_top-5: 92.6471
2024-04-07 23:05:52,380 - mmcls - INFO - Epoch(val) [37][3]	accuracy_top-1: 59.5588, accuracy_top-5: 91.9118
2024-04-07 23:06:02,481 - mmcls - INFO - Epoch(val) [38][3]	accuracy_top-1: 58.0882, accuracy_top-5: 94.1176
2024-04-07 23:06:12,608 - mmcls - INFO - Epoch(val) [39][3]	accuracy_top-1: 63.2353, accuracy_top-5: 91.9118
2024-04-07 23:06:22,861 - mmcls - INFO - Epoch(val) [40][3]	accuracy_top-1: 60.2941, accuracy_top-5: 92.6471
2024-04-07 23:06:33,012 - mmcls - INFO - Epoch(val) [41][3]	accuracy_top-1: 61.7647, accuracy_top-5: 94.8529
2024-04-07 23:06:43,379 - mmcls - INFO - Epoch(val) [42][3]	accuracy_top-1: 62.5000, accuracy_top-5: 94.1176
2024-04-07 23:06:54,969 - mmcls - INFO - Epoch(val) [43][3]	accuracy_top-1: 59.5588, accuracy_top-5: 94.1176
2024-04-07 23:07:05,756 - mmcls - INFO - Epoch(val) [44][3]	accuracy_top-1: 61.7647, accuracy_top-5: 92.6471
2024-04-07 23:07:16,495 - mmcls - INFO - Epoch(val) [45][3]	accuracy_top-1: 61.7647, accuracy_top-5: 94.1176
2024-04-07 23:07:28,326 - mmcls - INFO - Epoch(val) [46][3]	accuracy_top-1: 63.9706, accuracy_top-5: 94.1176
2024-04-07 23:07:38,941 - mmcls - INFO - Epoch(val) [47][3]	accuracy_top-1: 60.2941, accuracy_top-5: 93.3824
2024-04-07 23:07:49,892 - mmcls - INFO - Epoch(val) [48][3]	accuracy_top-1: 59.5588, accuracy_top-5: 94.1176
2024-04-07 23:08:01,597 - mmcls - INFO - Epoch(val) [49][3]	accuracy_top-1: 57.3529, accuracy_top-5: 93.3824
2024-04-07 23:08:11,973 - mmcls - INFO - Epoch(val) [50][3]	accuracy_top-1: 60.2941, accuracy_top-5: 93.3824
2024-04-07 23:08:22,665 - mmcls - INFO - Epoch(val) [51][3]	accuracy_top-1: 61.0294, accuracy_top-5: 93.3824
2024-04-07 23:08:33,272 - mmcls - INFO - Epoch(val) [52][3]	accuracy_top-1: 63.2353, accuracy_top-5: 93.3824
2024-04-07 23:08:44,426 - mmcls - INFO - Epoch(val) [53][3]	accuracy_top-1: 57.3529, accuracy_top-5: 92.6471
2024-04-07 23:08:55,246 - mmcls - INFO - Epoch(val) [54][3]	accuracy_top-1: 57.3529, accuracy_top-5: 92.6471
2024-04-07 23:09:06,280 - mmcls - INFO - Epoch(val) [55][3]	accuracy_top-1: 58.8235, accuracy_top-5: 94.1176
2024-04-07 23:09:18,243 - mmcls - INFO - Epoch(val) [56][3]	accuracy_top-1: 58.0882, accuracy_top-5: 93.3824
2024-04-07 23:09:29,126 - mmcls - INFO - Epoch(val) [57][3]	accuracy_top-1: 58.8235, accuracy_top-5: 93.3824
2024-04-07 23:09:40,501 - mmcls - INFO - Epoch(val) [58][3]	accuracy_top-1: 63.2353, accuracy_top-5: 94.1176
2024-04-07 23:09:51,287 - mmcls - INFO - Epoch(val) [59][3]	accuracy_top-1: 63.2353, accuracy_top-5: 94.1176
2024-04-07 23:10:02,185 - mmcls - INFO - Epoch(val) [60][3]	accuracy_top-1: 58.8235, accuracy_top-5: 94.1176
2024-04-07 23:10:13,272 - mmcls - INFO - Epoch(val) [61][3]	accuracy_top-1: 61.7647, accuracy_top-5: 94.1176
2024-04-07 23:10:23,949 - mmcls - INFO - Epoch(val) [62][3]	accuracy_top-1: 63.2353, accuracy_top-5: 94.1176
2024-04-07 23:10:35,040 - mmcls - INFO - Epoch(val) [63][3]	accuracy_top-1: 63.2353, accuracy_top-5: 94.1176
2024-04-07 23:10:45,874 - mmcls - INFO - Epoch(val) [64][3]	accuracy_top-1: 66.1765, accuracy_top-5: 94.1176
2024-04-07 23:10:57,347 - mmcls - INFO - Epoch(val) [65][3]	accuracy_top-1: 63.2353, accuracy_top-5: 94.8529
2024-04-07 23:11:08,381 - mmcls - INFO - Epoch(val) [66][3]	accuracy_top-1: 61.0294, accuracy_top-5: 94.1176
2024-04-07 23:11:20,100 - mmcls - INFO - Epoch(val) [67][3]	accuracy_top-1: 55.8824, accuracy_top-5: 93.3824
2024-04-07 23:11:31,245 - mmcls - INFO - Epoch(val) [68][3]	accuracy_top-1: 62.5000, accuracy_top-5: 94.1176
2024-04-07 23:11:42,708 - mmcls - INFO - Epoch(val) [69][3]	accuracy_top-1: 63.2353, accuracy_top-5: 94.1176
2024-04-07 23:11:54,189 - mmcls - INFO - Epoch(val) [70][3]	accuracy_top-1: 60.2941, accuracy_top-5: 93.3824
2024-04-07 23:12:05,494 - mmcls - INFO - Epoch(val) [71][3]	accuracy_top-1: 63.2353, accuracy_top-5: 92.6471
2024-04-07 23:12:16,439 - mmcls - INFO - Epoch(val) [72][3]	accuracy_top-1: 65.4412, accuracy_top-5: 94.8529
2024-04-07 23:12:27,380 - mmcls - INFO - Epoch(val) [73][3]	accuracy_top-1: 65.4412, accuracy_top-5: 94.1176
2024-04-07 23:12:38,170 - mmcls - INFO - Epoch(val) [74][3]	accuracy_top-1: 59.5588, accuracy_top-5: 94.8529
2024-04-07 23:12:50,395 - mmcls - INFO - Epoch(val) [75][3]	accuracy_top-1: 63.9706, accuracy_top-5: 94.1176
2024-04-07 23:13:01,501 - mmcls - INFO - Epoch(val) [76][3]	accuracy_top-1: 54.4118, accuracy_top-5: 94.1176
2024-04-07 23:13:12,737 - mmcls - INFO - Epoch(val) [77][3]	accuracy_top-1: 52.2059, accuracy_top-5: 95.5882
2024-04-07 23:13:24,018 - mmcls - INFO - Epoch(val) [78][3]	accuracy_top-1: 61.0294, accuracy_top-5: 93.3824
2024-04-07 23:13:35,092 - mmcls - INFO - Epoch(val) [79][3]	accuracy_top-1: 61.0294, accuracy_top-5: 93.3824
2024-04-07 23:13:45,674 - mmcls - INFO - Epoch(val) [80][3]	accuracy_top-1: 61.7647, accuracy_top-5: 96.3235
2024-04-07 23:13:56,653 - mmcls - INFO - Epoch(val) [81][3]	accuracy_top-1: 55.8824, accuracy_top-5: 94.1176
2024-04-07 23:14:07,943 - mmcls - INFO - Epoch(val) [82][3]	accuracy_top-1: 56.6176, accuracy_top-5: 94.1176
2024-04-07 23:14:18,959 - mmcls - INFO - Epoch(val) [83][3]	accuracy_top-1: 57.3529, accuracy_top-5: 92.6471
2024-04-07 23:14:29,814 - mmcls - INFO - Epoch(val) [84][3]	accuracy_top-1: 61.7647, accuracy_top-5: 94.1176
2024-04-07 23:14:41,073 - mmcls - INFO - Epoch(val) [85][3]	accuracy_top-1: 60.2941, accuracy_top-5: 94.8529
2024-04-07 23:14:52,244 - mmcls - INFO - Epoch(val) [86][3]	accuracy_top-1: 63.2353, accuracy_top-5: 94.8529
2024-04-07 23:15:03,316 - mmcls - INFO - Epoch(val) [87][3]	accuracy_top-1: 60.2941, accuracy_top-5: 94.8529
2024-04-07 23:15:14,295 - mmcls - INFO - Epoch(val) [88][3]	accuracy_top-1: 61.0294, accuracy_top-5: 93.3824
2024-04-07 23:15:25,032 - mmcls - INFO - Epoch(val) [89][3]	accuracy_top-1: 63.2353, accuracy_top-5: 94.8529
2024-04-07 23:15:35,874 - mmcls - INFO - Epoch(val) [90][3]	accuracy_top-1: 62.5000, accuracy_top-5: 94.1176
2024-04-07 23:15:47,427 - mmcls - INFO - Epoch(val) [91][3]	accuracy_top-1: 63.2353, accuracy_top-5: 94.8529
2024-04-07 23:15:58,959 - mmcls - INFO - Epoch(val) [92][3]	accuracy_top-1: 60.2941, accuracy_top-5: 95.5882
2024-04-07 23:16:09,560 - mmcls - INFO - Epoch(val) [93][3]	accuracy_top-1: 66.9118, accuracy_top-5: 95.5882
2024-04-07 23:16:20,459 - mmcls - INFO - Epoch(val) [94][3]	accuracy_top-1: 61.7647, accuracy_top-5: 93.3824
2024-04-07 23:16:31,762 - mmcls - INFO - Epoch(val) [95][3]	accuracy_top-1: 60.2941, accuracy_top-5: 94.1176
2024-04-07 23:16:42,058 - mmcls - INFO - Epoch(val) [96][3]	accuracy_top-1: 52.9412, accuracy_top-5: 91.9118
2024-04-07 23:16:52,220 - mmcls - INFO - Epoch(val) [97][3]	accuracy_top-1: 66.9118, accuracy_top-5: 94.1176
2024-04-07 23:17:02,526 - mmcls - INFO - Epoch(val) [98][3]	accuracy_top-1: 60.2941, accuracy_top-5: 94.8529
2024-04-07 23:17:13,291 - mmcls - INFO - Epoch(val) [99][3]	accuracy_top-1: 63.9706, accuracy_top-5: 94.8529
2024-04-07 23:17:22,379 - mmcls - INFO - Saving checkpoint at 100 epochs
2024-04-07 23:17:25,008 - mmcls - INFO - Epoch(val) [100][3]	accuracy_top-1: 65.4412, accuracy_top-5: 94.1176
2024-04-07 23:17:35,876 - mmcls - INFO - Epoch(val) [101][3]	accuracy_top-1: 65.4412, accuracy_top-5: 94.1176
2024-04-07 23:17:46,977 - mmcls - INFO - Epoch(val) [102][3]	accuracy_top-1: 63.2353, accuracy_top-5: 94.1176
2024-04-07 23:17:57,934 - mmcls - INFO - Epoch(val) [103][3]	accuracy_top-1: 63.9706, accuracy_top-5: 94.8529
2024-04-07 23:18:08,520 - mmcls - INFO - Epoch(val) [104][3]	accuracy_top-1: 65.4412, accuracy_top-5: 94.8529
2024-04-07 23:18:18,882 - mmcls - INFO - Epoch(val) [105][3]	accuracy_top-1: 62.5000, accuracy_top-5: 94.8529
2024-04-07 23:18:29,124 - mmcls - INFO - Epoch(val) [106][3]	accuracy_top-1: 64.7059, accuracy_top-5: 94.8529
2024-04-07 23:18:39,867 - mmcls - INFO - Epoch(val) [107][3]	accuracy_top-1: 63.9706, accuracy_top-5: 94.8529
2024-04-07 23:18:51,209 - mmcls - INFO - Epoch(val) [108][3]	accuracy_top-1: 63.9706, accuracy_top-5: 94.8529
2024-04-07 23:19:01,265 - mmcls - INFO - Epoch(val) [109][3]	accuracy_top-1: 64.7059, accuracy_top-5: 94.1176
2024-04-07 23:19:11,672 - mmcls - INFO - Epoch(val) [110][3]	accuracy_top-1: 65.4412, accuracy_top-5: 94.1176
2024-04-07 23:19:22,345 - mmcls - INFO - Epoch(val) [111][3]	accuracy_top-1: 63.2353, accuracy_top-5: 94.8529
2024-04-07 23:19:32,911 - mmcls - INFO - Epoch(val) [112][3]	accuracy_top-1: 62.5000, accuracy_top-5: 94.8529
2024-04-07 23:19:43,345 - mmcls - INFO - Epoch(val) [113][3]	accuracy_top-1: 63.2353, accuracy_top-5: 94.8529
2024-04-07 23:19:53,833 - mmcls - INFO - Epoch(val) [114][3]	accuracy_top-1: 63.2353, accuracy_top-5: 94.8529
2024-04-07 23:20:04,143 - mmcls - INFO - Epoch(val) [115][3]	accuracy_top-1: 64.7059, accuracy_top-5: 94.8529
2024-04-07 23:20:14,652 - mmcls - INFO - Epoch(val) [116][3]	accuracy_top-1: 65.4412, accuracy_top-5: 94.8529
2024-04-07 23:20:25,739 - mmcls - INFO - Epoch(val) [117][3]	accuracy_top-1: 66.9118, accuracy_top-5: 94.8529
2024-04-07 23:20:36,816 - mmcls - INFO - Epoch(val) [118][3]	accuracy_top-1: 63.9706, accuracy_top-5: 94.8529
2024-04-07 23:20:47,167 - mmcls - INFO - Epoch(val) [119][3]	accuracy_top-1: 64.7059, accuracy_top-5: 94.1176
2024-04-07 23:20:57,566 - mmcls - INFO - Epoch(val) [120][3]	accuracy_top-1: 62.5000, accuracy_top-5: 94.8529
2024-04-07 23:21:08,050 - mmcls - INFO - Epoch(val) [121][3]	accuracy_top-1: 62.5000, accuracy_top-5: 94.8529
2024-04-07 23:21:18,217 - mmcls - INFO - Epoch(val) [122][3]	accuracy_top-1: 66.1765, accuracy_top-5: 94.1176
2024-04-07 23:21:28,595 - mmcls - INFO - Epoch(val) [123][3]	accuracy_top-1: 61.7647, accuracy_top-5: 94.8529
2024-04-07 23:21:39,350 - mmcls - INFO - Epoch(val) [124][3]	accuracy_top-1: 63.9706, accuracy_top-5: 94.8529
2024-04-07 23:21:49,566 - mmcls - INFO - Epoch(val) [125][3]	accuracy_top-1: 64.7059, accuracy_top-5: 94.8529
2024-04-07 23:21:59,835 - mmcls - INFO - Epoch(val) [126][3]	accuracy_top-1: 61.7647, accuracy_top-5: 94.8529
2024-04-07 23:22:10,780 - mmcls - INFO - Epoch(val) [127][3]	accuracy_top-1: 63.9706, accuracy_top-5: 94.8529
2024-04-07 23:22:21,149 - mmcls - INFO - Epoch(val) [128][3]	accuracy_top-1: 63.2353, accuracy_top-5: 94.8529
2024-04-07 23:22:31,455 - mmcls - INFO - Epoch(val) [129][3]	accuracy_top-1: 63.9706, accuracy_top-5: 94.8529
2024-04-07 23:22:41,597 - mmcls - INFO - Epoch(val) [130][3]	accuracy_top-1: 64.7059, accuracy_top-5: 94.8529
2024-04-07 23:22:51,932 - mmcls - INFO - Epoch(val) [131][3]	accuracy_top-1: 65.4412, accuracy_top-5: 94.8529
2024-04-07 23:23:02,111 - mmcls - INFO - Epoch(val) [132][3]	accuracy_top-1: 63.9706, accuracy_top-5: 94.8529
2024-04-07 23:23:12,652 - mmcls - INFO - Epoch(val) [133][3]	accuracy_top-1: 63.2353, accuracy_top-5: 94.8529
2024-04-07 23:23:22,932 - mmcls - INFO - Epoch(val) [134][3]	accuracy_top-1: 61.7647, accuracy_top-5: 94.8529
2024-04-07 23:23:33,584 - mmcls - INFO - Epoch(val) [135][3]	accuracy_top-1: 65.4412, accuracy_top-5: 94.8529
2024-04-07 23:23:44,412 - mmcls - INFO - Epoch(val) [136][3]	accuracy_top-1: 62.5000, accuracy_top-5: 94.8529
2024-04-07 23:23:54,793 - mmcls - INFO - Epoch(val) [137][3]	accuracy_top-1: 63.2353, accuracy_top-5: 94.1176
2024-04-07 23:24:05,349 - mmcls - INFO - Epoch(val) [138][3]	accuracy_top-1: 64.7059, accuracy_top-5: 94.8529
2024-04-07 23:24:15,572 - mmcls - INFO - Epoch(val) [139][3]	accuracy_top-1: 66.1765, accuracy_top-5: 94.8529
2024-04-07 23:24:25,896 - mmcls - INFO - Epoch(val) [140][3]	accuracy_top-1: 64.7059, accuracy_top-5: 94.1176
2024-04-07 23:24:36,105 - mmcls - INFO - Epoch(val) [141][3]	accuracy_top-1: 64.7059, accuracy_top-5: 94.8529
2024-04-07 23:24:46,079 - mmcls - INFO - Epoch(val) [142][3]	accuracy_top-1: 65.4412, accuracy_top-5: 94.1176
2024-04-07 23:24:56,579 - mmcls - INFO - Epoch(val) [143][3]	accuracy_top-1: 63.9706, accuracy_top-5: 95.5882
2024-04-07 23:25:06,849 - mmcls - INFO - Epoch(val) [144][3]	accuracy_top-1: 63.9706, accuracy_top-5: 94.8529
2024-04-07 23:25:17,168 - mmcls - INFO - Epoch(val) [145][3]	accuracy_top-1: 63.2353, accuracy_top-5: 95.5882
2024-04-07 23:25:27,455 - mmcls - INFO - Epoch(val) [146][3]	accuracy_top-1: 65.4412, accuracy_top-5: 94.8529
2024-04-07 23:25:37,696 - mmcls - INFO - Epoch(val) [147][3]	accuracy_top-1: 63.2353, accuracy_top-5: 95.5882
2024-04-07 23:25:48,203 - mmcls - INFO - Epoch(val) [148][3]	accuracy_top-1: 61.7647, accuracy_top-5: 94.8529
2024-04-07 23:26:00,108 - mmcls - INFO - Epoch(val) [149][3]	accuracy_top-1: 63.9706, accuracy_top-5: 94.8529
2024-04-07 23:26:10,461 - mmcls - INFO - Epoch(val) [150][3]	accuracy_top-1: 66.1765, accuracy_top-5: 94.8529
2024-04-07 23:26:20,552 - mmcls - INFO - Epoch(val) [151][3]	accuracy_top-1: 64.7059, accuracy_top-5: 94.1176
2024-04-07 23:26:30,873 - mmcls - INFO - Epoch(val) [152][3]	accuracy_top-1: 64.7059, accuracy_top-5: 94.8529
2024-04-07 23:26:41,103 - mmcls - INFO - Epoch(val) [153][3]	accuracy_top-1: 65.4412, accuracy_top-5: 94.8529
2024-04-07 23:26:51,195 - mmcls - INFO - Epoch(val) [154][3]	accuracy_top-1: 66.1765, accuracy_top-5: 94.8529
2024-04-07 23:27:01,467 - mmcls - INFO - Epoch(val) [155][3]	accuracy_top-1: 64.7059, accuracy_top-5: 94.8529
2024-04-07 23:27:12,364 - mmcls - INFO - Epoch(val) [156][3]	accuracy_top-1: 63.9706, accuracy_top-5: 94.8529
2024-04-07 23:27:22,806 - mmcls - INFO - Epoch(val) [157][3]	accuracy_top-1: 64.7059, accuracy_top-5: 94.8529
2024-04-07 23:27:33,187 - mmcls - INFO - Epoch(val) [158][3]	accuracy_top-1: 66.1765, accuracy_top-5: 94.8529
2024-04-07 23:27:43,557 - mmcls - INFO - Epoch(val) [159][3]	accuracy_top-1: 64.7059, accuracy_top-5: 94.8529
2024-04-07 23:27:54,006 - mmcls - INFO - Epoch(val) [160][3]	accuracy_top-1: 64.7059, accuracy_top-5: 94.8529
2024-04-07 23:28:04,589 - mmcls - INFO - Epoch(val) [161][3]	accuracy_top-1: 64.7059, accuracy_top-5: 94.8529
2024-04-07 23:28:15,381 - mmcls - INFO - Epoch(val) [162][3]	accuracy_top-1: 63.2353, accuracy_top-5: 94.8529
2024-04-07 23:28:25,866 - mmcls - INFO - Epoch(val) [163][3]	accuracy_top-1: 64.7059, accuracy_top-5: 94.8529
2024-04-07 23:28:36,206 - mmcls - INFO - Epoch(val) [164][3]	accuracy_top-1: 64.7059, accuracy_top-5: 94.8529
2024-04-07 23:28:47,064 - mmcls - INFO - Epoch(val) [165][3]	accuracy_top-1: 65.4412, accuracy_top-5: 94.8529
2024-04-07 23:28:58,109 - mmcls - INFO - Epoch(val) [166][3]	accuracy_top-1: 65.4412, accuracy_top-5: 94.8529
2024-04-07 23:29:08,567 - mmcls - INFO - Epoch(val) [167][3]	accuracy_top-1: 64.7059, accuracy_top-5: 94.8529
2024-04-07 23:29:18,855 - mmcls - INFO - Epoch(val) [168][3]	accuracy_top-1: 63.2353, accuracy_top-5: 94.8529
2024-04-07 23:29:29,189 - mmcls - INFO - Epoch(val) [169][3]	accuracy_top-1: 63.9706, accuracy_top-5: 94.1176
2024-04-07 23:29:39,606 - mmcls - INFO - Epoch(val) [170][3]	accuracy_top-1: 63.9706, accuracy_top-5: 94.8529
2024-04-07 23:29:50,531 - mmcls - INFO - Epoch(val) [171][3]	accuracy_top-1: 64.7059, accuracy_top-5: 94.8529
2024-04-07 23:30:01,231 - mmcls - INFO - Epoch(val) [172][3]	accuracy_top-1: 66.1765, accuracy_top-5: 94.8529
2024-04-07 23:30:11,594 - mmcls - INFO - Epoch(val) [173][3]	accuracy_top-1: 64.7059, accuracy_top-5: 94.8529
2024-04-07 23:30:22,482 - mmcls - INFO - Epoch(val) [174][3]	accuracy_top-1: 65.4412, accuracy_top-5: 94.8529
2024-04-07 23:30:32,723 - mmcls - INFO - Epoch(val) [175][3]	accuracy_top-1: 65.4412, accuracy_top-5: 94.8529
2024-04-07 23:30:42,777 - mmcls - INFO - Epoch(val) [176][3]	accuracy_top-1: 63.2353, accuracy_top-5: 94.8529
2024-04-07 23:30:52,959 - mmcls - INFO - Epoch(val) [177][3]	accuracy_top-1: 63.9706, accuracy_top-5: 94.8529
2024-04-07 23:31:03,113 - mmcls - INFO - Epoch(val) [178][3]	accuracy_top-1: 63.9706, accuracy_top-5: 94.8529
2024-04-07 23:31:13,842 - mmcls - INFO - Epoch(val) [179][3]	accuracy_top-1: 64.7059, accuracy_top-5: 95.5882
2024-04-07 23:31:24,066 - mmcls - INFO - Epoch(val) [180][3]	accuracy_top-1: 63.9706, accuracy_top-5: 94.8529
2024-04-07 23:31:34,404 - mmcls - INFO - Epoch(val) [181][3]	accuracy_top-1: 66.1765, accuracy_top-5: 94.8529
2024-04-07 23:31:44,712 - mmcls - INFO - Epoch(val) [182][3]	accuracy_top-1: 64.7059, accuracy_top-5: 94.8529
2024-04-07 23:31:54,888 - mmcls - INFO - Epoch(val) [183][3]	accuracy_top-1: 65.4412, accuracy_top-5: 94.8529
2024-04-07 23:32:05,792 - mmcls - INFO - Epoch(val) [184][3]	accuracy_top-1: 63.2353, accuracy_top-5: 94.8529
2024-04-07 23:32:16,341 - mmcls - INFO - Epoch(val) [185][3]	accuracy_top-1: 63.9706, accuracy_top-5: 94.8529
2024-04-07 23:32:26,407 - mmcls - INFO - Epoch(val) [186][3]	accuracy_top-1: 64.7059, accuracy_top-5: 94.8529
2024-04-07 23:32:36,364 - mmcls - INFO - Epoch(val) [187][3]	accuracy_top-1: 61.7647, accuracy_top-5: 94.8529
2024-04-07 23:32:46,922 - mmcls - INFO - Epoch(val) [188][3]	accuracy_top-1: 63.2353, accuracy_top-5: 94.8529
2024-04-07 23:32:57,051 - mmcls - INFO - Epoch(val) [189][3]	accuracy_top-1: 64.7059, accuracy_top-5: 94.8529
2024-04-07 23:33:07,574 - mmcls - INFO - Epoch(val) [190][3]	accuracy_top-1: 65.4412, accuracy_top-5: 94.8529
2024-04-07 23:33:17,956 - mmcls - INFO - Epoch(val) [191][3]	accuracy_top-1: 63.9706, accuracy_top-5: 94.1176
2024-04-07 23:33:28,283 - mmcls - INFO - Epoch(val) [192][3]	accuracy_top-1: 64.7059, accuracy_top-5: 94.8529
2024-04-07 23:33:38,818 - mmcls - INFO - Epoch(val) [193][3]	accuracy_top-1: 64.7059, accuracy_top-5: 94.8529
2024-04-07 23:33:49,314 - mmcls - INFO - Epoch(val) [194][3]	accuracy_top-1: 65.4412, accuracy_top-5: 94.8529
2024-04-07 23:33:59,848 - mmcls - INFO - Epoch(val) [195][3]	accuracy_top-1: 64.7059, accuracy_top-5: 95.5882
2024-04-07 23:34:10,317 - mmcls - INFO - Epoch(val) [196][3]	accuracy_top-1: 63.9706, accuracy_top-5: 94.8529
2024-04-07 23:34:21,239 - mmcls - INFO - Epoch(val) [197][3]	accuracy_top-1: 64.7059, accuracy_top-5: 94.8529
2024-04-07 23:34:31,577 - mmcls - INFO - Epoch(val) [198][3]	accuracy_top-1: 63.2353, accuracy_top-5: 94.8529
2024-04-07 23:34:41,981 - mmcls - INFO - Epoch(val) [199][3]	accuracy_top-1: 64.7059, accuracy_top-5: 94.8529
2024-04-07 23:34:51,197 - mmcls - INFO - Saving checkpoint at 200 epochs
2024-04-07 23:34:53,488 - mmcls - INFO - Epoch(val) [200][3]	accuracy_top-1: 64.7059, accuracy_top-5: 94.8529
