2024-03-03 22:16:57,406 - mmcls - INFO - Environment info:
------------------------------------------------------------
sys.platform: linux
Python: 3.7.16 (default, Jan 17 2023, 22:20:44) [GCC 11.2.0]
CUDA available: True
GPU 0: NVIDIA GeForce RTX 2080 Ti
CUDA_HOME: /usr/local/cuda
NVCC: Cuda compilation tools, release 11.8, V11.8.89
GCC: gcc (Ubuntu 11.4.0-1ubuntu1~22.04) 11.4.0
PyTorch: 1.7.1
PyTorch compiling details: PyTorch built with:
  - GCC 7.3
  - C++ Version: 201402
  - Intel(R) oneAPI Math Kernel Library Version 2021.4-Product Build 20210904 for Intel(R) 64 architecture applications
  - Intel(R) MKL-DNN v1.6.0 (Git Hash 5ef631a030a6f73131c77892041042805a06064f)
  - OpenMP 201511 (a.k.a. OpenMP 4.5)
  - NNPACK is enabled
  - CPU capability usage: AVX2
  - CUDA Runtime 10.1
  - NVCC architecture flags: -gencode;arch=compute_37,code=sm_37;-gencode;arch=compute_50,code=sm_50;-gencode;arch=compute_60,code=sm_60;-gencode;arch=compute_61,code=sm_61;-gencode;arch=compute_70,code=sm_70;-gencode;arch=compute_75,code=sm_75;-gencode;arch=compute_37,code=compute_37
  - CuDNN 7.6.3
  - Magma 2.5.2
  - Build settings: BLAS=MKL, BUILD_TYPE=Release, CXX_FLAGS= -Wno-deprecated -fvisibility-inlines-hidden -DUSE_PTHREADPOOL -fopenmp -DNDEBUG -DUSE_FBGEMM -DUSE_QNNPACK -DUSE_PYTORCH_QNNPACK -DUSE_XNNPACK -DUSE_VULKAN_WRAPPER -O2 -fPIC -Wno-narrowing -Wall -Wextra -Werror=return-type -Wno-missing-field-initializers -Wno-type-limits -Wno-array-bounds -Wno-unknown-pragmas -Wno-sign-compare -Wno-unused-parameter -Wno-unused-variable -Wno-unused-function -Wno-unused-result -Wno-unused-local-typedefs -Wno-strict-overflow -Wno-strict-aliasing -Wno-error=deprecated-declarations -Wno-stringop-overflow -Wno-psabi -Wno-error=pedantic -Wno-error=redundant-decls -Wno-error=old-style-cast -fdiagnostics-color=always -faligned-new -Wno-unused-but-set-variable -Wno-maybe-uninitialized -fno-math-errno -fno-trapping-math -Werror=format -Wno-stringop-overflow, PERF_WITH_AVX=1, PERF_WITH_AVX2=1, PERF_WITH_AVX512=1, USE_CUDA=ON, USE_EXCEPTION_PTR=1, USE_GFLAGS=OFF, USE_GLOG=OFF, USE_MKL=ON, USE_MKLDNN=ON, USE_MPI=OFF, USE_NCCL=ON, USE_NNPACK=ON, USE_OPENMP=ON, 

TorchVision: 0.8.2
OpenCV: 4.9.0
MMCV: 1.5.0
MMCV Compiler: GCC 11.4
MMCV CUDA Compiler: 11.8
MMClassification: 0.15.0+aaa8f02
------------------------------------------------------------

2024-03-03 22:16:57,408 - mmcls - INFO - Distributed training: False
2024-03-03 22:16:57,611 - mmcls - INFO - Config:
model = dict(
    type='ImageClassifier',
    backbone=dict(type='VGG', depth=16, num_classes=17),
    neck=None,
    head=dict(
        type='ClsHead',
        loss=dict(type='CrossEntropyLoss', loss_weight=1.0),
        topk=(1, 5)))
dataset_type = 'Flowers'
img_norm_cfg = dict(
    mean=[123.675, 116.28, 103.53], std=[58.395, 57.12, 57.375], to_rgb=True)
train_pipeline = [
    dict(type='LoadImageFromFile'),
    dict(type='RandomResizedCrop', size=224),
    dict(type='RandomFlip', flip_prob=0.5, direction='horizontal'),
    dict(
        type='Normalize',
        mean=[123.675, 116.28, 103.53],
        std=[58.395, 57.12, 57.375],
        to_rgb=True),
    dict(type='ImageToTensor', keys=['img']),
    dict(type='ToTensor', keys=['gt_label']),
    dict(type='Collect', keys=['img', 'gt_label'])
]
test_pipeline = [
    dict(type='LoadImageFromFile'),
    dict(type='Resize', size=(256, -1)),
    dict(type='CenterCrop', crop_size=224),
    dict(
        type='Normalize',
        mean=[123.675, 116.28, 103.53],
        std=[58.395, 57.12, 57.375],
        to_rgb=True),
    dict(type='ImageToTensor', keys=['img']),
    dict(type='Collect', keys=['img'])
]
data = dict(
    samples_per_gpu=64,
    workers_per_gpu=1,
    train=dict(
        type='Flowers',
        data_prefix='data/flowers/train',
        ann_file='data/flowers/meta/train.txt',
        pipeline=[
            dict(type='LoadImageFromFile'),
            dict(type='RandomResizedCrop', size=224),
            dict(type='RandomFlip', flip_prob=0.5, direction='horizontal'),
            dict(
                type='Normalize',
                mean=[123.675, 116.28, 103.53],
                std=[58.395, 57.12, 57.375],
                to_rgb=True),
            dict(type='ImageToTensor', keys=['img']),
            dict(type='ToTensor', keys=['gt_label']),
            dict(type='Collect', keys=['img', 'gt_label'])
        ]),
    val=dict(
        type='Flowers',
        data_prefix='data/flowers/val',
        ann_file='data/flowers/meta/val.txt',
        pipeline=[
            dict(type='LoadImageFromFile'),
            dict(type='Resize', size=(256, -1)),
            dict(type='CenterCrop', crop_size=224),
            dict(
                type='Normalize',
                mean=[123.675, 116.28, 103.53],
                std=[58.395, 57.12, 57.375],
                to_rgb=True),
            dict(type='ImageToTensor', keys=['img']),
            dict(type='Collect', keys=['img'])
        ]),
    test=dict(
        type='Flowers',
        data_prefix='data/flowers/test',
        ann_file='data/flowers/meta/test.txt',
        pipeline=[
            dict(type='LoadImageFromFile'),
            dict(type='Resize', size=(256, -1)),
            dict(type='CenterCrop', crop_size=224),
            dict(
                type='Normalize',
                mean=[123.675, 116.28, 103.53],
                std=[58.395, 57.12, 57.375],
                to_rgb=True),
            dict(type='ImageToTensor', keys=['img']),
            dict(type='Collect', keys=['img'])
        ]))
evaluation = dict(interval=1, metric='accuracy')
optimizer = dict(type='SGD', lr=0.0001, momentum=0.9, weight_decay=0.0001)
optimizer_config = dict(grad_clip=None)
lr_config = dict(policy='step', step=[100, 150])
runner = dict(type='EpochBasedRunner', max_epochs=200)
checkpoint_config = dict(interval=100)
log_config = dict(interval=100, hooks=[dict(type='TextLoggerHook')])
dist_params = dict(backend='nccl')
log_level = 'INFO'
load_from = None
resume_from = None
workflow = [('train', 1)]
work_dir = 'output/vgg16/bs64/lr0.0001'
gpu_ids = range(0, 1)

2024-03-03 22:16:59,732 - mmcls - INFO - initialize VGG with init_cfg [{'type': 'Kaiming', 'layer': ['Conv2d']}, {'type': 'Constant', 'val': 1.0, 'layer': ['_BatchNorm']}, {'type': 'Normal', 'std': 0.01, 'layer': ['Linear']}]
Name of parameter - Initialization information

backbone.features.0.conv.weight - torch.Size([64, 3, 3, 3]): 
KaimingInit: a=0, mode=fan_out, nonlinearity=relu, distribution =normal, bias=0 

backbone.features.0.conv.bias - torch.Size([64]): 
The value is the same before and after calling `init_weights` of ImageClassifier  

backbone.features.1.conv.weight - torch.Size([64, 64, 3, 3]): 
KaimingInit: a=0, mode=fan_out, nonlinearity=relu, distribution =normal, bias=0 

backbone.features.1.conv.bias - torch.Size([64]): 
The value is the same before and after calling `init_weights` of ImageClassifier  

backbone.features.3.conv.weight - torch.Size([128, 64, 3, 3]): 
KaimingInit: a=0, mode=fan_out, nonlinearity=relu, distribution =normal, bias=0 

backbone.features.3.conv.bias - torch.Size([128]): 
The value is the same before and after calling `init_weights` of ImageClassifier  

backbone.features.4.conv.weight - torch.Size([128, 128, 3, 3]): 
KaimingInit: a=0, mode=fan_out, nonlinearity=relu, distribution =normal, bias=0 

backbone.features.4.conv.bias - torch.Size([128]): 
The value is the same before and after calling `init_weights` of ImageClassifier  

backbone.features.6.conv.weight - torch.Size([256, 128, 3, 3]): 
KaimingInit: a=0, mode=fan_out, nonlinearity=relu, distribution =normal, bias=0 

backbone.features.6.conv.bias - torch.Size([256]): 
The value is the same before and after calling `init_weights` of ImageClassifier  

backbone.features.7.conv.weight - torch.Size([256, 256, 3, 3]): 
KaimingInit: a=0, mode=fan_out, nonlinearity=relu, distribution =normal, bias=0 

backbone.features.7.conv.bias - torch.Size([256]): 
The value is the same before and after calling `init_weights` of ImageClassifier  

backbone.features.8.conv.weight - torch.Size([256, 256, 3, 3]): 
KaimingInit: a=0, mode=fan_out, nonlinearity=relu, distribution =normal, bias=0 

backbone.features.8.conv.bias - torch.Size([256]): 
The value is the same before and after calling `init_weights` of ImageClassifier  

backbone.features.10.conv.weight - torch.Size([512, 256, 3, 3]): 
KaimingInit: a=0, mode=fan_out, nonlinearity=relu, distribution =normal, bias=0 

backbone.features.10.conv.bias - torch.Size([512]): 
The value is the same before and after calling `init_weights` of ImageClassifier  

backbone.features.11.conv.weight - torch.Size([512, 512, 3, 3]): 
KaimingInit: a=0, mode=fan_out, nonlinearity=relu, distribution =normal, bias=0 

backbone.features.11.conv.bias - torch.Size([512]): 
The value is the same before and after calling `init_weights` of ImageClassifier  

backbone.features.12.conv.weight - torch.Size([512, 512, 3, 3]): 
KaimingInit: a=0, mode=fan_out, nonlinearity=relu, distribution =normal, bias=0 

backbone.features.12.conv.bias - torch.Size([512]): 
The value is the same before and after calling `init_weights` of ImageClassifier  

backbone.features.14.conv.weight - torch.Size([512, 512, 3, 3]): 
KaimingInit: a=0, mode=fan_out, nonlinearity=relu, distribution =normal, bias=0 

backbone.features.14.conv.bias - torch.Size([512]): 
The value is the same before and after calling `init_weights` of ImageClassifier  

backbone.features.15.conv.weight - torch.Size([512, 512, 3, 3]): 
KaimingInit: a=0, mode=fan_out, nonlinearity=relu, distribution =normal, bias=0 

backbone.features.15.conv.bias - torch.Size([512]): 
The value is the same before and after calling `init_weights` of ImageClassifier  

backbone.features.16.conv.weight - torch.Size([512, 512, 3, 3]): 
KaimingInit: a=0, mode=fan_out, nonlinearity=relu, distribution =normal, bias=0 

backbone.features.16.conv.bias - torch.Size([512]): 
The value is the same before and after calling `init_weights` of ImageClassifier  

backbone.classifier.0.weight - torch.Size([4096, 25088]): 
NormalInit: mean=0, std=0.01, bias=0 

backbone.classifier.0.bias - torch.Size([4096]): 
NormalInit: mean=0, std=0.01, bias=0 

backbone.classifier.3.weight - torch.Size([4096, 4096]): 
NormalInit: mean=0, std=0.01, bias=0 

backbone.classifier.3.bias - torch.Size([4096]): 
NormalInit: mean=0, std=0.01, bias=0 

backbone.classifier.6.weight - torch.Size([17, 4096]): 
NormalInit: mean=0, std=0.01, bias=0 

backbone.classifier.6.bias - torch.Size([17]): 
NormalInit: mean=0, std=0.01, bias=0 
2024-03-03 22:17:28,242 - mmcls - INFO - Start running, host: cshtimmy@gpu2-comp-120, work_dir: /userhome/cs2/cshtimmy/COMP3340Project/CNN_Image_Classification_Code/output/vgg16/bs64/lr0.0001
2024-03-03 22:17:28,242 - mmcls - INFO - Hooks will be executed in the following order:
before_run:
(VERY_HIGH   ) StepLrUpdaterHook                  
(NORMAL      ) CheckpointHook                     
(NORMAL      ) EvalHook                           
(VERY_LOW    ) TextLoggerHook                     
 -------------------- 
before_train_epoch:
(VERY_HIGH   ) StepLrUpdaterHook                  
(NORMAL      ) EvalHook                           
(LOW         ) IterTimerHook                      
(VERY_LOW    ) TextLoggerHook                     
 -------------------- 
before_train_iter:
(VERY_HIGH   ) StepLrUpdaterHook                  
(NORMAL      ) EvalHook                           
(LOW         ) IterTimerHook                      
 -------------------- 
after_train_iter:
(ABOVE_NORMAL) OptimizerHook                      
(NORMAL      ) CheckpointHook                     
(NORMAL      ) EvalHook                           
(LOW         ) IterTimerHook                      
(VERY_LOW    ) TextLoggerHook                     
 -------------------- 
after_train_epoch:
(NORMAL      ) CheckpointHook                     
(NORMAL      ) EvalHook                           
(VERY_LOW    ) TextLoggerHook                     
 -------------------- 
before_val_epoch:
(LOW         ) IterTimerHook                      
(VERY_LOW    ) TextLoggerHook                     
 -------------------- 
before_val_iter:
(LOW         ) IterTimerHook                      
 -------------------- 
after_val_iter:
(LOW         ) IterTimerHook                      
 -------------------- 
after_val_epoch:
(VERY_LOW    ) TextLoggerHook                     
 -------------------- 
after_run:
(VERY_LOW    ) TextLoggerHook                     
 -------------------- 
2024-03-03 22:17:28,242 - mmcls - INFO - workflow: [('train', 1)], max: 200 epochs
2024-03-03 22:17:28,243 - mmcls - INFO - Checkpoints will be saved to /userhome/cs2/cshtimmy/COMP3340Project/CNN_Image_Classification_Code/output/vgg16/bs64/lr0.0001 by HardDiskBackend.
2024-03-03 22:18:22,371 - mmcls - INFO - Epoch(val) [1][3]	accuracy_top-1: 8.8235, accuracy_top-5: 28.6765
2024-03-03 22:18:35,920 - mmcls - INFO - Epoch(val) [2][3]	accuracy_top-1: 6.6176, accuracy_top-5: 27.9412
2024-03-03 22:18:46,658 - mmcls - INFO - Epoch(val) [3][3]	accuracy_top-1: 7.3529, accuracy_top-5: 30.8824
2024-03-03 22:18:57,709 - mmcls - INFO - Epoch(val) [4][3]	accuracy_top-1: 7.3529, accuracy_top-5: 30.8824
2024-03-03 22:19:08,510 - mmcls - INFO - Epoch(val) [5][3]	accuracy_top-1: 9.5588, accuracy_top-5: 29.4118
2024-03-03 22:19:19,204 - mmcls - INFO - Epoch(val) [6][3]	accuracy_top-1: 8.0882, accuracy_top-5: 30.1471
2024-03-03 22:19:29,710 - mmcls - INFO - Epoch(val) [7][3]	accuracy_top-1: 9.5588, accuracy_top-5: 30.1471
2024-03-03 22:19:40,137 - mmcls - INFO - Epoch(val) [8][3]	accuracy_top-1: 9.5588, accuracy_top-5: 30.1471
2024-03-03 22:19:51,004 - mmcls - INFO - Epoch(val) [9][3]	accuracy_top-1: 9.5588, accuracy_top-5: 33.0882
2024-03-03 22:20:01,594 - mmcls - INFO - Epoch(val) [10][3]	accuracy_top-1: 9.5588, accuracy_top-5: 33.8235
2024-03-03 22:20:12,260 - mmcls - INFO - Epoch(val) [11][3]	accuracy_top-1: 9.5588, accuracy_top-5: 34.5588
2024-03-03 22:20:22,910 - mmcls - INFO - Epoch(val) [12][3]	accuracy_top-1: 11.0294, accuracy_top-5: 36.0294
2024-03-03 22:20:33,668 - mmcls - INFO - Epoch(val) [13][3]	accuracy_top-1: 11.7647, accuracy_top-5: 38.2353
2024-03-03 22:20:44,575 - mmcls - INFO - Epoch(val) [14][3]	accuracy_top-1: 12.5000, accuracy_top-5: 38.2353
2024-03-03 22:20:55,473 - mmcls - INFO - Epoch(val) [15][3]	accuracy_top-1: 13.9706, accuracy_top-5: 41.1765
2024-03-03 22:21:06,311 - mmcls - INFO - Epoch(val) [16][3]	accuracy_top-1: 13.9706, accuracy_top-5: 43.3824
2024-03-03 22:21:16,946 - mmcls - INFO - Epoch(val) [17][3]	accuracy_top-1: 13.2353, accuracy_top-5: 45.5882
2024-03-03 22:21:27,397 - mmcls - INFO - Epoch(val) [18][3]	accuracy_top-1: 13.2353, accuracy_top-5: 47.0588
2024-03-03 22:21:37,944 - mmcls - INFO - Epoch(val) [19][3]	accuracy_top-1: 13.2353, accuracy_top-5: 52.2059
2024-03-03 22:21:48,642 - mmcls - INFO - Epoch(val) [20][3]	accuracy_top-1: 13.9706, accuracy_top-5: 50.0000
2024-03-03 22:21:59,215 - mmcls - INFO - Epoch(val) [21][3]	accuracy_top-1: 13.9706, accuracy_top-5: 54.4118
2024-03-03 22:22:09,929 - mmcls - INFO - Epoch(val) [22][3]	accuracy_top-1: 13.2353, accuracy_top-5: 55.8824
2024-03-03 22:22:21,118 - mmcls - INFO - Epoch(val) [23][3]	accuracy_top-1: 15.4412, accuracy_top-5: 57.3529
2024-03-03 22:22:31,860 - mmcls - INFO - Epoch(val) [24][3]	accuracy_top-1: 13.9706, accuracy_top-5: 58.0882
2024-03-03 22:22:42,602 - mmcls - INFO - Epoch(val) [25][3]	accuracy_top-1: 14.7059, accuracy_top-5: 57.3529
2024-03-03 22:22:53,523 - mmcls - INFO - Epoch(val) [26][3]	accuracy_top-1: 16.9118, accuracy_top-5: 57.3529
2024-03-03 22:23:04,393 - mmcls - INFO - Epoch(val) [27][3]	accuracy_top-1: 16.9118, accuracy_top-5: 59.5588
2024-03-03 22:23:15,526 - mmcls - INFO - Epoch(val) [28][3]	accuracy_top-1: 17.6471, accuracy_top-5: 60.2941
2024-03-03 22:23:26,378 - mmcls - INFO - Epoch(val) [29][3]	accuracy_top-1: 16.9118, accuracy_top-5: 60.2941
2024-03-03 22:23:37,303 - mmcls - INFO - Epoch(val) [30][3]	accuracy_top-1: 16.9118, accuracy_top-5: 58.8235
2024-03-03 22:23:48,066 - mmcls - INFO - Epoch(val) [31][3]	accuracy_top-1: 17.6471, accuracy_top-5: 55.8824
2024-03-03 22:23:58,620 - mmcls - INFO - Epoch(val) [32][3]	accuracy_top-1: 16.9118, accuracy_top-5: 59.5588
2024-03-03 22:24:09,444 - mmcls - INFO - Epoch(val) [33][3]	accuracy_top-1: 18.3824, accuracy_top-5: 58.8235
2024-03-03 22:24:20,228 - mmcls - INFO - Epoch(val) [34][3]	accuracy_top-1: 19.8529, accuracy_top-5: 64.7059
2024-03-03 22:24:30,849 - mmcls - INFO - Epoch(val) [35][3]	accuracy_top-1: 16.9118, accuracy_top-5: 61.7647
2024-03-03 22:24:41,532 - mmcls - INFO - Epoch(val) [36][3]	accuracy_top-1: 16.9118, accuracy_top-5: 62.5000
2024-03-03 22:24:52,302 - mmcls - INFO - Epoch(val) [37][3]	accuracy_top-1: 19.8529, accuracy_top-5: 63.2353
2024-03-03 22:25:02,950 - mmcls - INFO - Epoch(val) [38][3]	accuracy_top-1: 17.6471, accuracy_top-5: 62.5000
2024-03-03 22:25:13,547 - mmcls - INFO - Epoch(val) [39][3]	accuracy_top-1: 18.3824, accuracy_top-5: 65.4412
2024-03-03 22:25:24,538 - mmcls - INFO - Epoch(val) [40][3]	accuracy_top-1: 20.5882, accuracy_top-5: 65.4412
2024-03-03 22:25:35,440 - mmcls - INFO - Epoch(val) [41][3]	accuracy_top-1: 23.5294, accuracy_top-5: 68.3824
2024-03-03 22:25:46,197 - mmcls - INFO - Epoch(val) [42][3]	accuracy_top-1: 22.7941, accuracy_top-5: 67.6471
2024-03-03 22:25:57,334 - mmcls - INFO - Epoch(val) [43][3]	accuracy_top-1: 22.0588, accuracy_top-5: 69.8529
2024-03-03 22:26:07,986 - mmcls - INFO - Epoch(val) [44][3]	accuracy_top-1: 25.7353, accuracy_top-5: 69.1176
2024-03-03 22:26:18,750 - mmcls - INFO - Epoch(val) [45][3]	accuracy_top-1: 27.2059, accuracy_top-5: 73.5294
2024-03-03 22:26:29,352 - mmcls - INFO - Epoch(val) [46][3]	accuracy_top-1: 21.3235, accuracy_top-5: 70.5882
2024-03-03 22:26:40,139 - mmcls - INFO - Epoch(val) [47][3]	accuracy_top-1: 27.9412, accuracy_top-5: 69.8529
2024-03-03 22:26:50,653 - mmcls - INFO - Epoch(val) [48][3]	accuracy_top-1: 27.2059, accuracy_top-5: 72.0588
2024-03-03 22:27:01,056 - mmcls - INFO - Epoch(val) [49][3]	accuracy_top-1: 29.4118, accuracy_top-5: 70.5882
2024-03-03 22:27:11,589 - mmcls - INFO - Epoch(val) [50][3]	accuracy_top-1: 29.4118, accuracy_top-5: 75.7353
2024-03-03 22:27:22,339 - mmcls - INFO - Epoch(val) [51][3]	accuracy_top-1: 30.8824, accuracy_top-5: 73.5294
2024-03-03 22:27:32,920 - mmcls - INFO - Epoch(val) [52][3]	accuracy_top-1: 28.6765, accuracy_top-5: 74.2647
2024-03-03 22:27:43,514 - mmcls - INFO - Epoch(val) [53][3]	accuracy_top-1: 29.4118, accuracy_top-5: 72.0588
2024-03-03 22:27:54,232 - mmcls - INFO - Epoch(val) [54][3]	accuracy_top-1: 31.6176, accuracy_top-5: 73.5294
2024-03-03 22:28:04,832 - mmcls - INFO - Epoch(val) [55][3]	accuracy_top-1: 30.1471, accuracy_top-5: 78.6765
2024-03-03 22:28:15,454 - mmcls - INFO - Epoch(val) [56][3]	accuracy_top-1: 30.1471, accuracy_top-5: 76.4706
2024-03-03 22:28:26,351 - mmcls - INFO - Epoch(val) [57][3]	accuracy_top-1: 32.3529, accuracy_top-5: 73.5294
2024-03-03 22:28:36,793 - mmcls - INFO - Epoch(val) [58][3]	accuracy_top-1: 33.8235, accuracy_top-5: 76.4706
2024-03-03 22:28:47,330 - mmcls - INFO - Epoch(val) [59][3]	accuracy_top-1: 30.1471, accuracy_top-5: 74.2647
2024-03-03 22:28:57,995 - mmcls - INFO - Epoch(val) [60][3]	accuracy_top-1: 29.4118, accuracy_top-5: 78.6765
2024-03-03 22:29:08,410 - mmcls - INFO - Epoch(val) [61][3]	accuracy_top-1: 32.3529, accuracy_top-5: 80.8824
2024-03-03 22:29:18,972 - mmcls - INFO - Epoch(val) [62][3]	accuracy_top-1: 36.7647, accuracy_top-5: 77.2059
2024-03-03 22:29:29,582 - mmcls - INFO - Epoch(val) [63][3]	accuracy_top-1: 31.6176, accuracy_top-5: 76.4706
2024-03-03 22:29:40,283 - mmcls - INFO - Epoch(val) [64][3]	accuracy_top-1: 33.0882, accuracy_top-5: 78.6765
2024-03-03 22:29:51,451 - mmcls - INFO - Epoch(val) [65][3]	accuracy_top-1: 33.0882, accuracy_top-5: 79.4118
2024-03-03 22:30:02,079 - mmcls - INFO - Epoch(val) [66][3]	accuracy_top-1: 32.3529, accuracy_top-5: 82.3529
2024-03-03 22:30:12,681 - mmcls - INFO - Epoch(val) [67][3]	accuracy_top-1: 34.5588, accuracy_top-5: 79.4118
2024-03-03 22:30:23,477 - mmcls - INFO - Epoch(val) [68][3]	accuracy_top-1: 33.0882, accuracy_top-5: 82.3529
2024-03-03 22:30:34,130 - mmcls - INFO - Epoch(val) [69][3]	accuracy_top-1: 38.2353, accuracy_top-5: 78.6765
2024-03-03 22:30:44,844 - mmcls - INFO - Epoch(val) [70][3]	accuracy_top-1: 35.2941, accuracy_top-5: 82.3529
2024-03-03 22:30:55,557 - mmcls - INFO - Epoch(val) [71][3]	accuracy_top-1: 36.0294, accuracy_top-5: 83.8235
2024-03-03 22:31:06,483 - mmcls - INFO - Epoch(val) [72][3]	accuracy_top-1: 38.2353, accuracy_top-5: 80.1471
2024-03-03 22:31:17,184 - mmcls - INFO - Epoch(val) [73][3]	accuracy_top-1: 36.7647, accuracy_top-5: 83.8235
2024-03-03 22:31:28,142 - mmcls - INFO - Epoch(val) [74][3]	accuracy_top-1: 38.9706, accuracy_top-5: 83.0882
2024-03-03 22:31:38,944 - mmcls - INFO - Epoch(val) [75][3]	accuracy_top-1: 40.4412, accuracy_top-5: 80.1471
2024-03-03 22:31:49,461 - mmcls - INFO - Epoch(val) [76][3]	accuracy_top-1: 33.0882, accuracy_top-5: 81.6176
2024-03-03 22:32:00,457 - mmcls - INFO - Epoch(val) [77][3]	accuracy_top-1: 41.9118, accuracy_top-5: 82.3529
2024-03-03 22:32:11,462 - mmcls - INFO - Epoch(val) [78][3]	accuracy_top-1: 39.7059, accuracy_top-5: 80.8824
2024-03-03 22:32:22,521 - mmcls - INFO - Epoch(val) [79][3]	accuracy_top-1: 38.9706, accuracy_top-5: 83.8235
2024-03-03 22:32:33,889 - mmcls - INFO - Epoch(val) [80][3]	accuracy_top-1: 40.4412, accuracy_top-5: 84.5588
2024-03-03 22:32:44,788 - mmcls - INFO - Epoch(val) [81][3]	accuracy_top-1: 33.8235, accuracy_top-5: 84.5588
2024-03-03 22:32:55,498 - mmcls - INFO - Epoch(val) [82][3]	accuracy_top-1: 44.1176, accuracy_top-5: 84.5588
2024-03-03 22:33:06,257 - mmcls - INFO - Epoch(val) [83][3]	accuracy_top-1: 33.0882, accuracy_top-5: 83.8235
2024-03-03 22:33:16,876 - mmcls - INFO - Epoch(val) [84][3]	accuracy_top-1: 41.9118, accuracy_top-5: 84.5588
2024-03-03 22:33:27,653 - mmcls - INFO - Epoch(val) [85][3]	accuracy_top-1: 36.0294, accuracy_top-5: 83.0882
2024-03-03 22:33:38,302 - mmcls - INFO - Epoch(val) [86][3]	accuracy_top-1: 42.6471, accuracy_top-5: 88.9706
2024-03-03 22:33:48,963 - mmcls - INFO - Epoch(val) [87][3]	accuracy_top-1: 44.1176, accuracy_top-5: 86.0294
2024-03-03 22:33:59,738 - mmcls - INFO - Epoch(val) [88][3]	accuracy_top-1: 41.1765, accuracy_top-5: 86.0294
2024-03-03 22:34:10,037 - mmcls - INFO - Epoch(val) [89][3]	accuracy_top-1: 37.5000, accuracy_top-5: 87.5000
2024-03-03 22:34:20,828 - mmcls - INFO - Epoch(val) [90][3]	accuracy_top-1: 44.1176, accuracy_top-5: 86.7647
2024-03-03 22:34:31,478 - mmcls - INFO - Epoch(val) [91][3]	accuracy_top-1: 45.5882, accuracy_top-5: 86.7647
2024-03-03 22:34:42,066 - mmcls - INFO - Epoch(val) [92][3]	accuracy_top-1: 37.5000, accuracy_top-5: 88.2353
2024-03-03 22:34:52,840 - mmcls - INFO - Epoch(val) [93][3]	accuracy_top-1: 40.4412, accuracy_top-5: 86.0294
2024-03-03 22:35:03,700 - mmcls - INFO - Epoch(val) [94][3]	accuracy_top-1: 43.3824, accuracy_top-5: 88.9706
2024-03-03 22:35:14,666 - mmcls - INFO - Epoch(val) [95][3]	accuracy_top-1: 41.1765, accuracy_top-5: 89.7059
2024-03-03 22:35:25,225 - mmcls - INFO - Epoch(val) [96][3]	accuracy_top-1: 42.6471, accuracy_top-5: 88.2353
2024-03-03 22:35:36,113 - mmcls - INFO - Epoch(val) [97][3]	accuracy_top-1: 43.3824, accuracy_top-5: 88.2353
2024-03-03 22:35:46,822 - mmcls - INFO - Epoch(val) [98][3]	accuracy_top-1: 42.6471, accuracy_top-5: 89.7059
2024-03-03 22:35:57,456 - mmcls - INFO - Epoch(val) [99][3]	accuracy_top-1: 45.5882, accuracy_top-5: 88.2353
2024-03-03 22:36:06,562 - mmcls - INFO - Saving checkpoint at 100 epochs
2024-03-03 22:36:15,877 - mmcls - INFO - Epoch(val) [100][3]	accuracy_top-1: 42.6471, accuracy_top-5: 88.9706
2024-03-03 22:36:26,496 - mmcls - INFO - Epoch(val) [101][3]	accuracy_top-1: 44.1176, accuracy_top-5: 88.2353
2024-03-03 22:36:37,339 - mmcls - INFO - Epoch(val) [102][3]	accuracy_top-1: 44.8529, accuracy_top-5: 88.9706
2024-03-03 22:36:47,861 - mmcls - INFO - Epoch(val) [103][3]	accuracy_top-1: 43.3824, accuracy_top-5: 88.2353
2024-03-03 22:36:58,228 - mmcls - INFO - Epoch(val) [104][3]	accuracy_top-1: 44.8529, accuracy_top-5: 88.9706
2024-03-03 22:37:08,824 - mmcls - INFO - Epoch(val) [105][3]	accuracy_top-1: 44.8529, accuracy_top-5: 89.7059
2024-03-03 22:37:19,512 - mmcls - INFO - Epoch(val) [106][3]	accuracy_top-1: 44.1176, accuracy_top-5: 89.7059
2024-03-03 22:37:30,120 - mmcls - INFO - Epoch(val) [107][3]	accuracy_top-1: 44.1176, accuracy_top-5: 89.7059
2024-03-03 22:37:40,559 - mmcls - INFO - Epoch(val) [108][3]	accuracy_top-1: 44.8529, accuracy_top-5: 88.9706
2024-03-03 22:37:51,164 - mmcls - INFO - Epoch(val) [109][3]	accuracy_top-1: 45.5882, accuracy_top-5: 88.9706
2024-03-03 22:38:01,488 - mmcls - INFO - Epoch(val) [110][3]	accuracy_top-1: 44.8529, accuracy_top-5: 90.4412
2024-03-03 22:38:12,124 - mmcls - INFO - Epoch(val) [111][3]	accuracy_top-1: 44.8529, accuracy_top-5: 90.4412
2024-03-03 22:38:22,778 - mmcls - INFO - Epoch(val) [112][3]	accuracy_top-1: 44.8529, accuracy_top-5: 89.7059
2024-03-03 22:38:33,443 - mmcls - INFO - Epoch(val) [113][3]	accuracy_top-1: 44.1176, accuracy_top-5: 89.7059
2024-03-03 22:38:44,239 - mmcls - INFO - Epoch(val) [114][3]	accuracy_top-1: 44.1176, accuracy_top-5: 88.9706
2024-03-03 22:38:54,797 - mmcls - INFO - Epoch(val) [115][3]	accuracy_top-1: 44.8529, accuracy_top-5: 88.9706
2024-03-03 22:39:05,908 - mmcls - INFO - Epoch(val) [116][3]	accuracy_top-1: 44.8529, accuracy_top-5: 88.9706
2024-03-03 22:39:16,751 - mmcls - INFO - Epoch(val) [117][3]	accuracy_top-1: 45.5882, accuracy_top-5: 88.9706
2024-03-03 22:39:27,282 - mmcls - INFO - Epoch(val) [118][3]	accuracy_top-1: 46.3235, accuracy_top-5: 88.9706
2024-03-03 22:39:38,170 - mmcls - INFO - Epoch(val) [119][3]	accuracy_top-1: 45.5882, accuracy_top-5: 88.9706
2024-03-03 22:39:48,959 - mmcls - INFO - Epoch(val) [120][3]	accuracy_top-1: 46.3235, accuracy_top-5: 88.9706
2024-03-03 22:39:59,811 - mmcls - INFO - Epoch(val) [121][3]	accuracy_top-1: 44.1176, accuracy_top-5: 88.9706
2024-03-03 22:40:10,479 - mmcls - INFO - Epoch(val) [122][3]	accuracy_top-1: 45.5882, accuracy_top-5: 89.7059
2024-03-03 22:40:21,412 - mmcls - INFO - Epoch(val) [123][3]	accuracy_top-1: 45.5882, accuracy_top-5: 88.9706
2024-03-03 22:40:32,377 - mmcls - INFO - Epoch(val) [124][3]	accuracy_top-1: 45.5882, accuracy_top-5: 89.7059
2024-03-03 22:40:43,317 - mmcls - INFO - Epoch(val) [125][3]	accuracy_top-1: 45.5882, accuracy_top-5: 88.9706
2024-03-03 22:40:54,079 - mmcls - INFO - Epoch(val) [126][3]	accuracy_top-1: 44.8529, accuracy_top-5: 89.7059
2024-03-03 22:41:04,805 - mmcls - INFO - Epoch(val) [127][3]	accuracy_top-1: 44.8529, accuracy_top-5: 88.9706
2024-03-03 22:41:15,436 - mmcls - INFO - Epoch(val) [128][3]	accuracy_top-1: 45.5882, accuracy_top-5: 88.9706
2024-03-03 22:41:26,120 - mmcls - INFO - Epoch(val) [129][3]	accuracy_top-1: 45.5882, accuracy_top-5: 89.7059
2024-03-03 22:41:37,061 - mmcls - INFO - Epoch(val) [130][3]	accuracy_top-1: 44.8529, accuracy_top-5: 88.9706
2024-03-03 22:41:47,855 - mmcls - INFO - Epoch(val) [131][3]	accuracy_top-1: 45.5882, accuracy_top-5: 89.7059
2024-03-03 22:41:59,483 - mmcls - INFO - Epoch(val) [132][3]	accuracy_top-1: 44.8529, accuracy_top-5: 88.9706
2024-03-03 22:42:10,211 - mmcls - INFO - Epoch(val) [133][3]	accuracy_top-1: 44.8529, accuracy_top-5: 88.9706
2024-03-03 22:42:20,836 - mmcls - INFO - Epoch(val) [134][3]	accuracy_top-1: 45.5882, accuracy_top-5: 89.7059
2024-03-03 22:42:31,388 - mmcls - INFO - Epoch(val) [135][3]	accuracy_top-1: 44.8529, accuracy_top-5: 88.2353
2024-03-03 22:42:41,894 - mmcls - INFO - Epoch(val) [136][3]	accuracy_top-1: 45.5882, accuracy_top-5: 88.2353
2024-03-03 22:42:52,506 - mmcls - INFO - Epoch(val) [137][3]	accuracy_top-1: 46.3235, accuracy_top-5: 88.9706
2024-03-03 22:43:02,976 - mmcls - INFO - Epoch(val) [138][3]	accuracy_top-1: 45.5882, accuracy_top-5: 88.9706
2024-03-03 22:43:13,559 - mmcls - INFO - Epoch(val) [139][3]	accuracy_top-1: 44.8529, accuracy_top-5: 89.7059
2024-03-03 22:43:24,155 - mmcls - INFO - Epoch(val) [140][3]	accuracy_top-1: 46.3235, accuracy_top-5: 89.7059
2024-03-03 22:43:34,705 - mmcls - INFO - Epoch(val) [141][3]	accuracy_top-1: 47.0588, accuracy_top-5: 89.7059
2024-03-03 22:43:45,414 - mmcls - INFO - Epoch(val) [142][3]	accuracy_top-1: 45.5882, accuracy_top-5: 90.4412
2024-03-03 22:43:56,173 - mmcls - INFO - Epoch(val) [143][3]	accuracy_top-1: 46.3235, accuracy_top-5: 88.9706
2024-03-03 22:44:06,816 - mmcls - INFO - Epoch(val) [144][3]	accuracy_top-1: 46.3235, accuracy_top-5: 90.4412
2024-03-03 22:44:17,350 - mmcls - INFO - Epoch(val) [145][3]	accuracy_top-1: 47.0588, accuracy_top-5: 89.7059
2024-03-03 22:44:27,871 - mmcls - INFO - Epoch(val) [146][3]	accuracy_top-1: 46.3235, accuracy_top-5: 89.7059
2024-03-03 22:44:38,544 - mmcls - INFO - Epoch(val) [147][3]	accuracy_top-1: 47.7941, accuracy_top-5: 90.4412
2024-03-03 22:44:49,182 - mmcls - INFO - Epoch(val) [148][3]	accuracy_top-1: 47.0588, accuracy_top-5: 89.7059
2024-03-03 22:44:59,898 - mmcls - INFO - Epoch(val) [149][3]	accuracy_top-1: 47.0588, accuracy_top-5: 89.7059
2024-03-03 22:45:10,471 - mmcls - INFO - Epoch(val) [150][3]	accuracy_top-1: 47.0588, accuracy_top-5: 88.9706
2024-03-03 22:45:21,337 - mmcls - INFO - Epoch(val) [151][3]	accuracy_top-1: 47.0588, accuracy_top-5: 88.9706
2024-03-03 22:45:32,154 - mmcls - INFO - Epoch(val) [152][3]	accuracy_top-1: 47.0588, accuracy_top-5: 88.9706
2024-03-03 22:45:42,820 - mmcls - INFO - Epoch(val) [153][3]	accuracy_top-1: 47.0588, accuracy_top-5: 89.7059
2024-03-03 22:45:53,853 - mmcls - INFO - Epoch(val) [154][3]	accuracy_top-1: 47.0588, accuracy_top-5: 89.7059
2024-03-03 22:46:05,603 - mmcls - INFO - Epoch(val) [155][3]	accuracy_top-1: 47.0588, accuracy_top-5: 89.7059
2024-03-03 22:46:16,346 - mmcls - INFO - Epoch(val) [156][3]	accuracy_top-1: 47.0588, accuracy_top-5: 89.7059
2024-03-03 22:46:27,207 - mmcls - INFO - Epoch(val) [157][3]	accuracy_top-1: 47.0588, accuracy_top-5: 89.7059
2024-03-03 22:46:38,114 - mmcls - INFO - Epoch(val) [158][3]	accuracy_top-1: 47.7941, accuracy_top-5: 89.7059
2024-03-03 22:46:48,697 - mmcls - INFO - Epoch(val) [159][3]	accuracy_top-1: 47.7941, accuracy_top-5: 89.7059
2024-03-03 22:46:59,408 - mmcls - INFO - Epoch(val) [160][3]	accuracy_top-1: 47.0588, accuracy_top-5: 89.7059
2024-03-03 22:47:10,059 - mmcls - INFO - Epoch(val) [161][3]	accuracy_top-1: 47.0588, accuracy_top-5: 89.7059
2024-03-03 22:47:20,696 - mmcls - INFO - Epoch(val) [162][3]	accuracy_top-1: 47.0588, accuracy_top-5: 89.7059
2024-03-03 22:47:31,313 - mmcls - INFO - Epoch(val) [163][3]	accuracy_top-1: 47.7941, accuracy_top-5: 89.7059
2024-03-03 22:47:41,785 - mmcls - INFO - Epoch(val) [164][3]	accuracy_top-1: 47.7941, accuracy_top-5: 88.9706
2024-03-03 22:47:52,338 - mmcls - INFO - Epoch(val) [165][3]	accuracy_top-1: 47.7941, accuracy_top-5: 89.7059
2024-03-03 22:48:03,051 - mmcls - INFO - Epoch(val) [166][3]	accuracy_top-1: 47.7941, accuracy_top-5: 89.7059
2024-03-03 22:48:13,821 - mmcls - INFO - Epoch(val) [167][3]	accuracy_top-1: 47.7941, accuracy_top-5: 89.7059
2024-03-03 22:48:24,466 - mmcls - INFO - Epoch(val) [168][3]	accuracy_top-1: 47.7941, accuracy_top-5: 89.7059
2024-03-03 22:48:34,770 - mmcls - INFO - Epoch(val) [169][3]	accuracy_top-1: 47.7941, accuracy_top-5: 89.7059
2024-03-03 22:48:45,664 - mmcls - INFO - Epoch(val) [170][3]	accuracy_top-1: 47.7941, accuracy_top-5: 89.7059
2024-03-03 22:48:56,272 - mmcls - INFO - Epoch(val) [171][3]	accuracy_top-1: 47.7941, accuracy_top-5: 89.7059
2024-03-03 22:49:06,870 - mmcls - INFO - Epoch(val) [172][3]	accuracy_top-1: 47.7941, accuracy_top-5: 89.7059
2024-03-03 22:49:17,477 - mmcls - INFO - Epoch(val) [173][3]	accuracy_top-1: 47.7941, accuracy_top-5: 89.7059
2024-03-03 22:49:28,072 - mmcls - INFO - Epoch(val) [174][3]	accuracy_top-1: 47.7941, accuracy_top-5: 88.9706
2024-03-03 22:49:38,674 - mmcls - INFO - Epoch(val) [175][3]	accuracy_top-1: 47.7941, accuracy_top-5: 89.7059
2024-03-03 22:49:49,371 - mmcls - INFO - Epoch(val) [176][3]	accuracy_top-1: 47.7941, accuracy_top-5: 90.4412
2024-03-03 22:50:00,012 - mmcls - INFO - Epoch(val) [177][3]	accuracy_top-1: 47.7941, accuracy_top-5: 89.7059
2024-03-03 22:50:10,695 - mmcls - INFO - Epoch(val) [178][3]	accuracy_top-1: 47.7941, accuracy_top-5: 89.7059
2024-03-03 22:50:21,440 - mmcls - INFO - Epoch(val) [179][3]	accuracy_top-1: 47.7941, accuracy_top-5: 89.7059
2024-03-03 22:50:31,918 - mmcls - INFO - Epoch(val) [180][3]	accuracy_top-1: 47.7941, accuracy_top-5: 90.4412
2024-03-03 22:50:42,342 - mmcls - INFO - Epoch(val) [181][3]	accuracy_top-1: 47.7941, accuracy_top-5: 90.4412
2024-03-03 22:50:52,934 - mmcls - INFO - Epoch(val) [182][3]	accuracy_top-1: 47.7941, accuracy_top-5: 89.7059
2024-03-03 22:51:03,577 - mmcls - INFO - Epoch(val) [183][3]	accuracy_top-1: 47.7941, accuracy_top-5: 89.7059
2024-03-03 22:51:13,900 - mmcls - INFO - Epoch(val) [184][3]	accuracy_top-1: 47.7941, accuracy_top-5: 89.7059
2024-03-03 22:51:24,479 - mmcls - INFO - Epoch(val) [185][3]	accuracy_top-1: 47.7941, accuracy_top-5: 89.7059
2024-03-03 22:51:34,967 - mmcls - INFO - Epoch(val) [186][3]	accuracy_top-1: 47.7941, accuracy_top-5: 89.7059
2024-03-03 22:51:45,617 - mmcls - INFO - Epoch(val) [187][3]	accuracy_top-1: 47.7941, accuracy_top-5: 90.4412
2024-03-03 22:51:56,780 - mmcls - INFO - Epoch(val) [188][3]	accuracy_top-1: 47.7941, accuracy_top-5: 90.4412
2024-03-03 22:52:07,475 - mmcls - INFO - Epoch(val) [189][3]	accuracy_top-1: 47.7941, accuracy_top-5: 89.7059
2024-03-03 22:52:18,153 - mmcls - INFO - Epoch(val) [190][3]	accuracy_top-1: 47.7941, accuracy_top-5: 89.7059
2024-03-03 22:52:29,268 - mmcls - INFO - Epoch(val) [191][3]	accuracy_top-1: 47.7941, accuracy_top-5: 89.7059
2024-03-03 22:52:39,838 - mmcls - INFO - Epoch(val) [192][3]	accuracy_top-1: 47.7941, accuracy_top-5: 89.7059
2024-03-03 22:52:50,520 - mmcls - INFO - Epoch(val) [193][3]	accuracy_top-1: 47.7941, accuracy_top-5: 89.7059
2024-03-03 22:53:01,453 - mmcls - INFO - Epoch(val) [194][3]	accuracy_top-1: 47.7941, accuracy_top-5: 89.7059
2024-03-03 22:53:12,431 - mmcls - INFO - Epoch(val) [195][3]	accuracy_top-1: 47.7941, accuracy_top-5: 89.7059
2024-03-03 22:53:23,367 - mmcls - INFO - Epoch(val) [196][3]	accuracy_top-1: 47.7941, accuracy_top-5: 89.7059
2024-03-03 22:53:34,216 - mmcls - INFO - Epoch(val) [197][3]	accuracy_top-1: 47.7941, accuracy_top-5: 89.7059
2024-03-03 22:53:44,895 - mmcls - INFO - Epoch(val) [198][3]	accuracy_top-1: 47.7941, accuracy_top-5: 89.7059
2024-03-03 22:53:55,788 - mmcls - INFO - Epoch(val) [199][3]	accuracy_top-1: 47.7941, accuracy_top-5: 89.7059
2024-03-03 22:54:05,332 - mmcls - INFO - Saving checkpoint at 200 epochs
2024-03-03 22:54:13,763 - mmcls - INFO - Epoch(val) [200][3]	accuracy_top-1: 47.7941, accuracy_top-5: 89.7059
