2024-03-04 10:45:19,845 - mmcls - INFO - Environment info:
------------------------------------------------------------
sys.platform: linux
Python: 3.7.16 (default, Jan 17 2023, 22:20:44) [GCC 11.2.0]
CUDA available: True
GPU 0: NVIDIA GeForce RTX 2080 Ti
CUDA_HOME: /usr/local/cuda
NVCC: Cuda compilation tools, release 11.8, V11.8.89
GCC: gcc (Ubuntu 11.4.0-1ubuntu1~22.04) 11.4.0
PyTorch: 1.7.1
PyTorch compiling details: PyTorch built with:
  - GCC 7.3
  - C++ Version: 201402
  - Intel(R) oneAPI Math Kernel Library Version 2021.4-Product Build 20210904 for Intel(R) 64 architecture applications
  - Intel(R) MKL-DNN v1.6.0 (Git Hash 5ef631a030a6f73131c77892041042805a06064f)
  - OpenMP 201511 (a.k.a. OpenMP 4.5)
  - NNPACK is enabled
  - CPU capability usage: AVX2
  - CUDA Runtime 10.1
  - NVCC architecture flags: -gencode;arch=compute_37,code=sm_37;-gencode;arch=compute_50,code=sm_50;-gencode;arch=compute_60,code=sm_60;-gencode;arch=compute_61,code=sm_61;-gencode;arch=compute_70,code=sm_70;-gencode;arch=compute_75,code=sm_75;-gencode;arch=compute_37,code=compute_37
  - CuDNN 7.6.3
  - Magma 2.5.2
  - Build settings: BLAS=MKL, BUILD_TYPE=Release, CXX_FLAGS= -Wno-deprecated -fvisibility-inlines-hidden -DUSE_PTHREADPOOL -fopenmp -DNDEBUG -DUSE_FBGEMM -DUSE_QNNPACK -DUSE_PYTORCH_QNNPACK -DUSE_XNNPACK -DUSE_VULKAN_WRAPPER -O2 -fPIC -Wno-narrowing -Wall -Wextra -Werror=return-type -Wno-missing-field-initializers -Wno-type-limits -Wno-array-bounds -Wno-unknown-pragmas -Wno-sign-compare -Wno-unused-parameter -Wno-unused-variable -Wno-unused-function -Wno-unused-result -Wno-unused-local-typedefs -Wno-strict-overflow -Wno-strict-aliasing -Wno-error=deprecated-declarations -Wno-stringop-overflow -Wno-psabi -Wno-error=pedantic -Wno-error=redundant-decls -Wno-error=old-style-cast -fdiagnostics-color=always -faligned-new -Wno-unused-but-set-variable -Wno-maybe-uninitialized -fno-math-errno -fno-trapping-math -Werror=format -Wno-stringop-overflow, PERF_WITH_AVX=1, PERF_WITH_AVX2=1, PERF_WITH_AVX512=1, USE_CUDA=ON, USE_EXCEPTION_PTR=1, USE_GFLAGS=OFF, USE_GLOG=OFF, USE_MKL=ON, USE_MKLDNN=ON, USE_MPI=OFF, USE_NCCL=ON, USE_NNPACK=ON, USE_OPENMP=ON, 

TorchVision: 0.8.2
OpenCV: 4.9.0
MMCV: 1.5.0
MMCV Compiler: GCC 11.4
MMCV CUDA Compiler: 11.8
MMClassification: 0.15.0+4097996
------------------------------------------------------------

2024-03-04 10:45:19,846 - mmcls - INFO - Distributed training: False
2024-03-04 10:45:20,016 - mmcls - INFO - Config:
model = dict(
    type='ImageClassifier',
    backbone=dict(type='VGG', depth=16, num_classes=17),
    neck=None,
    head=dict(
        type='ClsHead',
        loss=dict(type='CrossEntropyLoss', loss_weight=1.0),
        topk=(1, 5)))
dataset_type = 'Flowers'
img_norm_cfg = dict(
    mean=[123.675, 116.28, 103.53], std=[58.395, 57.12, 57.375], to_rgb=True)
train_pipeline = [
    dict(type='LoadImageFromFile'),
    dict(type='RandomResizedCrop', size=224),
    dict(type='RandomFlip', flip_prob=0.5, direction='horizontal'),
    dict(
        type='Normalize',
        mean=[123.675, 116.28, 103.53],
        std=[58.395, 57.12, 57.375],
        to_rgb=True),
    dict(type='ImageToTensor', keys=['img']),
    dict(type='ToTensor', keys=['gt_label']),
    dict(type='Collect', keys=['img', 'gt_label'])
]
test_pipeline = [
    dict(type='LoadImageFromFile'),
    dict(type='Resize', size=(256, -1)),
    dict(type='CenterCrop', crop_size=224),
    dict(
        type='Normalize',
        mean=[123.675, 116.28, 103.53],
        std=[58.395, 57.12, 57.375],
        to_rgb=True),
    dict(type='ImageToTensor', keys=['img']),
    dict(type='Collect', keys=['img'])
]
data = dict(
    samples_per_gpu=4,
    workers_per_gpu=1,
    train=dict(
        type='Flowers',
        data_prefix='data/flowers/train',
        ann_file='data/flowers/meta/train.txt',
        pipeline=[
            dict(type='LoadImageFromFile'),
            dict(type='RandomResizedCrop', size=224),
            dict(type='RandomFlip', flip_prob=0.5, direction='horizontal'),
            dict(
                type='Normalize',
                mean=[123.675, 116.28, 103.53],
                std=[58.395, 57.12, 57.375],
                to_rgb=True),
            dict(type='ImageToTensor', keys=['img']),
            dict(type='ToTensor', keys=['gt_label']),
            dict(type='Collect', keys=['img', 'gt_label'])
        ]),
    val=dict(
        type='Flowers',
        data_prefix='data/flowers/val',
        ann_file='data/flowers/meta/val.txt',
        pipeline=[
            dict(type='LoadImageFromFile'),
            dict(type='Resize', size=(256, -1)),
            dict(type='CenterCrop', crop_size=224),
            dict(
                type='Normalize',
                mean=[123.675, 116.28, 103.53],
                std=[58.395, 57.12, 57.375],
                to_rgb=True),
            dict(type='ImageToTensor', keys=['img']),
            dict(type='Collect', keys=['img'])
        ]),
    test=dict(
        type='Flowers',
        data_prefix='data/flowers/test',
        ann_file='data/flowers/meta/test.txt',
        pipeline=[
            dict(type='LoadImageFromFile'),
            dict(type='Resize', size=(256, -1)),
            dict(type='CenterCrop', crop_size=224),
            dict(
                type='Normalize',
                mean=[123.675, 116.28, 103.53],
                std=[58.395, 57.12, 57.375],
                to_rgb=True),
            dict(type='ImageToTensor', keys=['img']),
            dict(type='Collect', keys=['img'])
        ]))
evaluation = dict(interval=1, metric='accuracy')
optimizer = dict(type='SGD', lr=0.01, momentum=0.9, weight_decay=0.0001)
optimizer_config = dict(grad_clip=None)
lr_config = dict(policy='step', step=[100, 150])
runner = dict(type='EpochBasedRunner', max_epochs=200)
checkpoint_config = dict(interval=100)
log_config = dict(interval=100, hooks=[dict(type='TextLoggerHook')])
dist_params = dict(backend='nccl')
log_level = 'INFO'
load_from = None
resume_from = None
workflow = [('train', 1)]
work_dir = 'output/vgg16/bs4/lr0.01'
gpu_ids = range(0, 1)

2024-03-04 10:45:21,522 - mmcls - INFO - initialize VGG with init_cfg [{'type': 'Kaiming', 'layer': ['Conv2d']}, {'type': 'Constant', 'val': 1.0, 'layer': ['_BatchNorm']}, {'type': 'Normal', 'std': 0.01, 'layer': ['Linear']}]
Name of parameter - Initialization information

backbone.features.0.conv.weight - torch.Size([64, 3, 3, 3]): 
KaimingInit: a=0, mode=fan_out, nonlinearity=relu, distribution =normal, bias=0 

backbone.features.0.conv.bias - torch.Size([64]): 
The value is the same before and after calling `init_weights` of ImageClassifier  

backbone.features.1.conv.weight - torch.Size([64, 64, 3, 3]): 
KaimingInit: a=0, mode=fan_out, nonlinearity=relu, distribution =normal, bias=0 

backbone.features.1.conv.bias - torch.Size([64]): 
The value is the same before and after calling `init_weights` of ImageClassifier  

backbone.features.3.conv.weight - torch.Size([128, 64, 3, 3]): 
KaimingInit: a=0, mode=fan_out, nonlinearity=relu, distribution =normal, bias=0 

backbone.features.3.conv.bias - torch.Size([128]): 
The value is the same before and after calling `init_weights` of ImageClassifier  

backbone.features.4.conv.weight - torch.Size([128, 128, 3, 3]): 
KaimingInit: a=0, mode=fan_out, nonlinearity=relu, distribution =normal, bias=0 

backbone.features.4.conv.bias - torch.Size([128]): 
The value is the same before and after calling `init_weights` of ImageClassifier  

backbone.features.6.conv.weight - torch.Size([256, 128, 3, 3]): 
KaimingInit: a=0, mode=fan_out, nonlinearity=relu, distribution =normal, bias=0 

backbone.features.6.conv.bias - torch.Size([256]): 
The value is the same before and after calling `init_weights` of ImageClassifier  

backbone.features.7.conv.weight - torch.Size([256, 256, 3, 3]): 
KaimingInit: a=0, mode=fan_out, nonlinearity=relu, distribution =normal, bias=0 

backbone.features.7.conv.bias - torch.Size([256]): 
The value is the same before and after calling `init_weights` of ImageClassifier  

backbone.features.8.conv.weight - torch.Size([256, 256, 3, 3]): 
KaimingInit: a=0, mode=fan_out, nonlinearity=relu, distribution =normal, bias=0 

backbone.features.8.conv.bias - torch.Size([256]): 
The value is the same before and after calling `init_weights` of ImageClassifier  

backbone.features.10.conv.weight - torch.Size([512, 256, 3, 3]): 
KaimingInit: a=0, mode=fan_out, nonlinearity=relu, distribution =normal, bias=0 

backbone.features.10.conv.bias - torch.Size([512]): 
The value is the same before and after calling `init_weights` of ImageClassifier  

backbone.features.11.conv.weight - torch.Size([512, 512, 3, 3]): 
KaimingInit: a=0, mode=fan_out, nonlinearity=relu, distribution =normal, bias=0 

backbone.features.11.conv.bias - torch.Size([512]): 
The value is the same before and after calling `init_weights` of ImageClassifier  

backbone.features.12.conv.weight - torch.Size([512, 512, 3, 3]): 
KaimingInit: a=0, mode=fan_out, nonlinearity=relu, distribution =normal, bias=0 

backbone.features.12.conv.bias - torch.Size([512]): 
The value is the same before and after calling `init_weights` of ImageClassifier  

backbone.features.14.conv.weight - torch.Size([512, 512, 3, 3]): 
KaimingInit: a=0, mode=fan_out, nonlinearity=relu, distribution =normal, bias=0 

backbone.features.14.conv.bias - torch.Size([512]): 
The value is the same before and after calling `init_weights` of ImageClassifier  

backbone.features.15.conv.weight - torch.Size([512, 512, 3, 3]): 
KaimingInit: a=0, mode=fan_out, nonlinearity=relu, distribution =normal, bias=0 

backbone.features.15.conv.bias - torch.Size([512]): 
The value is the same before and after calling `init_weights` of ImageClassifier  

backbone.features.16.conv.weight - torch.Size([512, 512, 3, 3]): 
KaimingInit: a=0, mode=fan_out, nonlinearity=relu, distribution =normal, bias=0 

backbone.features.16.conv.bias - torch.Size([512]): 
The value is the same before and after calling `init_weights` of ImageClassifier  

backbone.classifier.0.weight - torch.Size([4096, 25088]): 
NormalInit: mean=0, std=0.01, bias=0 

backbone.classifier.0.bias - torch.Size([4096]): 
NormalInit: mean=0, std=0.01, bias=0 

backbone.classifier.3.weight - torch.Size([4096, 4096]): 
NormalInit: mean=0, std=0.01, bias=0 

backbone.classifier.3.bias - torch.Size([4096]): 
NormalInit: mean=0, std=0.01, bias=0 

backbone.classifier.6.weight - torch.Size([17, 4096]): 
NormalInit: mean=0, std=0.01, bias=0 

backbone.classifier.6.bias - torch.Size([17]): 
NormalInit: mean=0, std=0.01, bias=0 
2024-03-04 10:45:26,683 - mmcls - INFO - Start running, host: cshtimmy@gpu2-comp-107, work_dir: /userhome/cs2/cshtimmy/COMP3340Project/CNN_Image_Classification_Code/output/vgg16/bs4/lr0.01
2024-03-04 10:45:26,683 - mmcls - INFO - Hooks will be executed in the following order:
before_run:
(VERY_HIGH   ) StepLrUpdaterHook                  
(NORMAL      ) CheckpointHook                     
(NORMAL      ) EvalHook                           
(VERY_LOW    ) TextLoggerHook                     
 -------------------- 
before_train_epoch:
(VERY_HIGH   ) StepLrUpdaterHook                  
(NORMAL      ) EvalHook                           
(LOW         ) IterTimerHook                      
(VERY_LOW    ) TextLoggerHook                     
 -------------------- 
before_train_iter:
(VERY_HIGH   ) StepLrUpdaterHook                  
(NORMAL      ) EvalHook                           
(LOW         ) IterTimerHook                      
 -------------------- 
after_train_iter:
(ABOVE_NORMAL) OptimizerHook                      
(NORMAL      ) CheckpointHook                     
(NORMAL      ) EvalHook                           
(LOW         ) IterTimerHook                      
(VERY_LOW    ) TextLoggerHook                     
 -------------------- 
after_train_epoch:
(NORMAL      ) CheckpointHook                     
(NORMAL      ) EvalHook                           
(VERY_LOW    ) TextLoggerHook                     
 -------------------- 
before_val_epoch:
(LOW         ) IterTimerHook                      
(VERY_LOW    ) TextLoggerHook                     
 -------------------- 
before_val_iter:
(LOW         ) IterTimerHook                      
 -------------------- 
after_val_iter:
(LOW         ) IterTimerHook                      
 -------------------- 
after_val_epoch:
(VERY_LOW    ) TextLoggerHook                     
 -------------------- 
after_run:
(VERY_LOW    ) TextLoggerHook                     
 -------------------- 
2024-03-04 10:45:26,684 - mmcls - INFO - workflow: [('train', 1)], max: 200 epochs
2024-03-04 10:45:26,684 - mmcls - INFO - Checkpoints will be saved to /userhome/cs2/cshtimmy/COMP3340Project/CNN_Image_Classification_Code/output/vgg16/bs4/lr0.01 by HardDiskBackend.
2024-03-04 10:45:33,999 - mmcls - INFO - Epoch [1][100/272]	lr: 1.000e-02, eta: 1:05:56, time: 0.073, data_time: 0.025, memory: 2214, loss: 2.8427
2024-03-04 10:45:38,609 - mmcls - INFO - Epoch [1][200/272]	lr: 1.000e-02, eta: 0:53:43, time: 0.046, data_time: 0.003, memory: 2214, loss: 2.8451
2024-03-04 10:45:43,221 - mmcls - INFO - Epoch(val) [1][34]	accuracy_top-1: 5.8824, accuracy_top-5: 33.0882
2024-03-04 10:45:50,044 - mmcls - INFO - Epoch [2][100/272]	lr: 1.000e-02, eta: 0:45:13, time: 0.068, data_time: 0.025, memory: 2214, loss: 2.8454
2024-03-04 10:45:54,684 - mmcls - INFO - Epoch [2][200/272]	lr: 1.000e-02, eta: 0:44:24, time: 0.046, data_time: 0.003, memory: 2214, loss: 2.8441
2024-03-04 10:45:59,250 - mmcls - INFO - Epoch(val) [2][34]	accuracy_top-1: 5.8824, accuracy_top-5: 29.4118
2024-03-04 10:46:06,114 - mmcls - INFO - Epoch [3][100/272]	lr: 1.000e-02, eta: 0:41:56, time: 0.068, data_time: 0.025, memory: 2214, loss: 2.8346
2024-03-04 10:46:10,769 - mmcls - INFO - Epoch [3][200/272]	lr: 1.000e-02, eta: 0:41:49, time: 0.047, data_time: 0.003, memory: 2214, loss: 2.8507
2024-03-04 10:46:15,317 - mmcls - INFO - Epoch(val) [3][34]	accuracy_top-1: 5.8824, accuracy_top-5: 29.4118
2024-03-04 10:46:22,158 - mmcls - INFO - Epoch [4][100/272]	lr: 1.000e-02, eta: 0:40:29, time: 0.068, data_time: 0.026, memory: 2214, loss: 2.8428
2024-03-04 10:46:26,830 - mmcls - INFO - Epoch [4][200/272]	lr: 1.000e-02, eta: 0:40:31, time: 0.047, data_time: 0.004, memory: 2214, loss: 2.8449
2024-03-04 10:46:31,431 - mmcls - INFO - Epoch(val) [4][34]	accuracy_top-1: 5.8824, accuracy_top-5: 29.4118
2024-03-04 10:46:38,306 - mmcls - INFO - Epoch [5][100/272]	lr: 1.000e-02, eta: 0:39:39, time: 0.068, data_time: 0.025, memory: 2214, loss: 2.8329
2024-03-04 10:46:42,985 - mmcls - INFO - Epoch [5][200/272]	lr: 1.000e-02, eta: 0:39:43, time: 0.047, data_time: 0.003, memory: 2214, loss: 2.8507
2024-03-04 10:46:47,539 - mmcls - INFO - Epoch(val) [5][34]	accuracy_top-1: 5.8824, accuracy_top-5: 29.4118
2024-03-04 10:46:54,347 - mmcls - INFO - Epoch [6][100/272]	lr: 1.000e-02, eta: 0:39:01, time: 0.068, data_time: 0.024, memory: 2214, loss: 2.8413
2024-03-04 10:46:59,008 - mmcls - INFO - Epoch [6][200/272]	lr: 1.000e-02, eta: 0:39:04, time: 0.047, data_time: 0.004, memory: 2214, loss: 2.8426
2024-03-04 10:47:03,593 - mmcls - INFO - Epoch(val) [6][34]	accuracy_top-1: 5.8824, accuracy_top-5: 29.4118
2024-03-04 10:47:10,472 - mmcls - INFO - Epoch [7][100/272]	lr: 1.000e-02, eta: 0:38:33, time: 0.068, data_time: 0.025, memory: 2214, loss: 2.8405
2024-03-04 10:47:15,136 - mmcls - INFO - Epoch [7][200/272]	lr: 1.000e-02, eta: 0:38:36, time: 0.047, data_time: 0.004, memory: 2214, loss: 2.8460
2024-03-04 10:47:19,760 - mmcls - INFO - Epoch(val) [7][34]	accuracy_top-1: 5.8824, accuracy_top-5: 29.4118
2024-03-04 10:47:26,615 - mmcls - INFO - Epoch [8][100/272]	lr: 1.000e-02, eta: 0:38:09, time: 0.068, data_time: 0.025, memory: 2214, loss: 2.8422
2024-03-04 10:47:31,263 - mmcls - INFO - Epoch [8][200/272]	lr: 1.000e-02, eta: 0:38:11, time: 0.046, data_time: 0.003, memory: 2214, loss: 2.8419
2024-03-04 10:47:35,912 - mmcls - INFO - Epoch(val) [8][34]	accuracy_top-1: 5.8824, accuracy_top-5: 29.4118
2024-03-04 10:47:42,772 - mmcls - INFO - Epoch [9][100/272]	lr: 1.000e-02, eta: 0:37:47, time: 0.068, data_time: 0.025, memory: 2214, loss: 2.8369
2024-03-04 10:47:47,454 - mmcls - INFO - Epoch [9][200/272]	lr: 1.000e-02, eta: 0:37:50, time: 0.047, data_time: 0.004, memory: 2214, loss: 2.8435
2024-03-04 10:47:52,334 - mmcls - INFO - Epoch(val) [9][34]	accuracy_top-1: 5.8824, accuracy_top-5: 29.4118
2024-03-04 10:47:59,162 - mmcls - INFO - Epoch [10][100/272]	lr: 1.000e-02, eta: 0:37:28, time: 0.068, data_time: 0.025, memory: 2214, loss: 2.8420
2024-03-04 10:48:03,811 - mmcls - INFO - Epoch [10][200/272]	lr: 1.000e-02, eta: 0:37:30, time: 0.046, data_time: 0.004, memory: 2214, loss: 2.8415
2024-03-04 10:48:08,424 - mmcls - INFO - Epoch(val) [10][34]	accuracy_top-1: 5.8824, accuracy_top-5: 29.4118
2024-03-04 10:48:15,293 - mmcls - INFO - Epoch [11][100/272]	lr: 1.000e-02, eta: 0:37:10, time: 0.068, data_time: 0.025, memory: 2214, loss: 2.8378
2024-03-04 10:48:19,947 - mmcls - INFO - Epoch [11][200/272]	lr: 1.000e-02, eta: 0:37:12, time: 0.047, data_time: 0.005, memory: 2214, loss: 2.8465
2024-03-04 10:48:24,663 - mmcls - INFO - Epoch(val) [11][34]	accuracy_top-1: 5.8824, accuracy_top-5: 29.4118
2024-03-04 10:48:31,523 - mmcls - INFO - Epoch [12][100/272]	lr: 1.000e-02, eta: 0:36:54, time: 0.068, data_time: 0.025, memory: 2214, loss: 2.8390
2024-03-04 10:48:36,171 - mmcls - INFO - Epoch [12][200/272]	lr: 1.000e-02, eta: 0:36:55, time: 0.046, data_time: 0.004, memory: 2214, loss: 2.8444
2024-03-04 10:48:40,638 - mmcls - INFO - Epoch(val) [12][34]	accuracy_top-1: 5.8824, accuracy_top-5: 29.4118
2024-03-04 10:48:47,484 - mmcls - INFO - Epoch [13][100/272]	lr: 1.000e-02, eta: 0:36:38, time: 0.068, data_time: 0.025, memory: 2214, loss: 2.8356
2024-03-04 10:48:52,124 - mmcls - INFO - Epoch [13][200/272]	lr: 1.000e-02, eta: 0:36:39, time: 0.046, data_time: 0.004, memory: 2214, loss: 2.8449
2024-03-04 10:48:56,633 - mmcls - INFO - Epoch(val) [13][34]	accuracy_top-1: 5.8824, accuracy_top-5: 29.4118
2024-03-04 10:49:03,467 - mmcls - INFO - Epoch [14][100/272]	lr: 1.000e-02, eta: 0:36:22, time: 0.068, data_time: 0.025, memory: 2214, loss: 2.8358
2024-03-04 10:49:08,115 - mmcls - INFO - Epoch [14][200/272]	lr: 1.000e-02, eta: 0:36:23, time: 0.046, data_time: 0.004, memory: 2214, loss: 2.8453
2024-03-04 10:49:12,728 - mmcls - INFO - Epoch(val) [14][34]	accuracy_top-1: 5.8824, accuracy_top-5: 29.4118
2024-03-04 10:49:19,576 - mmcls - INFO - Epoch [15][100/272]	lr: 1.000e-02, eta: 0:36:08, time: 0.068, data_time: 0.026, memory: 2214, loss: 2.8405
2024-03-04 10:49:24,232 - mmcls - INFO - Epoch [15][200/272]	lr: 1.000e-02, eta: 0:36:08, time: 0.047, data_time: 0.004, memory: 2214, loss: 2.8397
2024-03-04 10:49:28,881 - mmcls - INFO - Epoch(val) [15][34]	accuracy_top-1: 5.8824, accuracy_top-5: 29.4118
2024-03-04 10:49:35,741 - mmcls - INFO - Epoch [16][100/272]	lr: 1.000e-02, eta: 0:35:54, time: 0.068, data_time: 0.026, memory: 2214, loss: 2.8382
2024-03-04 10:49:40,398 - mmcls - INFO - Epoch [16][200/272]	lr: 1.000e-02, eta: 0:35:54, time: 0.047, data_time: 0.003, memory: 2214, loss: 2.8440
2024-03-04 10:49:45,045 - mmcls - INFO - Epoch(val) [16][34]	accuracy_top-1: 5.8824, accuracy_top-5: 29.4118
2024-03-04 10:49:51,884 - mmcls - INFO - Epoch [17][100/272]	lr: 1.000e-02, eta: 0:35:40, time: 0.068, data_time: 0.025, memory: 2214, loss: 2.8350
2024-03-04 10:49:56,539 - mmcls - INFO - Epoch [17][200/272]	lr: 1.000e-02, eta: 0:35:39, time: 0.047, data_time: 0.003, memory: 2214, loss: 2.8454
2024-03-04 10:50:01,218 - mmcls - INFO - Epoch(val) [17][34]	accuracy_top-1: 5.8824, accuracy_top-5: 29.4118
2024-03-04 10:50:08,117 - mmcls - INFO - Epoch [18][100/272]	lr: 1.000e-02, eta: 0:35:27, time: 0.069, data_time: 0.026, memory: 2214, loss: 2.8402
2024-03-04 10:50:12,763 - mmcls - INFO - Epoch [18][200/272]	lr: 1.000e-02, eta: 0:35:26, time: 0.046, data_time: 0.003, memory: 2214, loss: 2.8425
2024-03-04 10:50:17,454 - mmcls - INFO - Epoch(val) [18][34]	accuracy_top-1: 5.8824, accuracy_top-5: 29.4118
2024-03-04 10:50:24,238 - mmcls - INFO - Epoch [19][100/272]	lr: 1.000e-02, eta: 0:35:12, time: 0.067, data_time: 0.026, memory: 2214, loss: 2.8359
2024-03-04 10:50:28,889 - mmcls - INFO - Epoch [19][200/272]	lr: 1.000e-02, eta: 0:35:12, time: 0.047, data_time: 0.003, memory: 2214, loss: 2.8439
2024-03-04 10:50:33,556 - mmcls - INFO - Epoch(val) [19][34]	accuracy_top-1: 5.8824, accuracy_top-5: 29.4118
2024-03-04 10:50:40,361 - mmcls - INFO - Epoch [20][100/272]	lr: 1.000e-02, eta: 0:34:59, time: 0.068, data_time: 0.025, memory: 2214, loss: 2.8420
2024-03-04 10:50:45,064 - mmcls - INFO - Epoch [20][200/272]	lr: 1.000e-02, eta: 0:34:58, time: 0.047, data_time: 0.004, memory: 2214, loss: 2.8444
2024-03-04 10:50:49,669 - mmcls - INFO - Epoch(val) [20][34]	accuracy_top-1: 5.8824, accuracy_top-5: 29.4118
2024-03-04 10:50:56,445 - mmcls - INFO - Epoch [21][100/272]	lr: 1.000e-02, eta: 0:34:46, time: 0.067, data_time: 0.025, memory: 2214, loss: 2.8415
2024-03-04 10:51:01,108 - mmcls - INFO - Epoch [21][200/272]	lr: 1.000e-02, eta: 0:34:45, time: 0.047, data_time: 0.004, memory: 2214, loss: 2.8422
2024-03-04 10:51:05,805 - mmcls - INFO - Epoch(val) [21][34]	accuracy_top-1: 5.8824, accuracy_top-5: 29.4118
2024-03-04 10:51:12,647 - mmcls - INFO - Epoch [22][100/272]	lr: 1.000e-02, eta: 0:34:33, time: 0.068, data_time: 0.025, memory: 2214, loss: 2.8377
2024-03-04 10:51:17,252 - mmcls - INFO - Epoch [22][200/272]	lr: 1.000e-02, eta: 0:34:31, time: 0.046, data_time: 0.003, memory: 2214, loss: 2.8441
2024-03-04 10:51:21,923 - mmcls - INFO - Epoch(val) [22][34]	accuracy_top-1: 5.8824, accuracy_top-5: 29.4118
2024-03-04 10:51:28,753 - mmcls - INFO - Epoch [23][100/272]	lr: 1.000e-02, eta: 0:34:19, time: 0.068, data_time: 0.024, memory: 2214, loss: 2.8338
2024-03-04 10:51:33,402 - mmcls - INFO - Epoch [23][200/272]	lr: 1.000e-02, eta: 0:34:18, time: 0.046, data_time: 0.003, memory: 2214, loss: 2.8459
2024-03-04 10:51:37,951 - mmcls - INFO - Epoch(val) [23][34]	accuracy_top-1: 5.8824, accuracy_top-5: 29.4118
2024-03-04 10:51:44,782 - mmcls - INFO - Epoch [24][100/272]	lr: 1.000e-02, eta: 0:34:07, time: 0.068, data_time: 0.025, memory: 2214, loss: 2.8441
2024-03-04 10:51:49,404 - mmcls - INFO - Epoch [24][200/272]	lr: 1.000e-02, eta: 0:34:05, time: 0.046, data_time: 0.004, memory: 2214, loss: 2.8416
2024-03-04 10:51:54,068 - mmcls - INFO - Epoch(val) [24][34]	accuracy_top-1: 5.8824, accuracy_top-5: 29.4118
2024-03-04 10:52:00,861 - mmcls - INFO - Epoch [25][100/272]	lr: 1.000e-02, eta: 0:33:54, time: 0.068, data_time: 0.024, memory: 2214, loss: 2.8383
2024-03-04 10:52:05,514 - mmcls - INFO - Epoch [25][200/272]	lr: 1.000e-02, eta: 0:33:52, time: 0.047, data_time: 0.003, memory: 2214, loss: 2.8446
2024-03-04 10:52:10,280 - mmcls - INFO - Epoch(val) [25][34]	accuracy_top-1: 5.8824, accuracy_top-5: 29.4118
2024-03-04 10:52:17,131 - mmcls - INFO - Epoch [26][100/272]	lr: 1.000e-02, eta: 0:33:41, time: 0.068, data_time: 0.026, memory: 2214, loss: 2.8372
2024-03-04 10:52:21,779 - mmcls - INFO - Epoch [26][200/272]	lr: 1.000e-02, eta: 0:33:40, time: 0.046, data_time: 0.004, memory: 2214, loss: 2.8475
2024-03-04 10:52:26,415 - mmcls - INFO - Epoch(val) [26][34]	accuracy_top-1: 5.8824, accuracy_top-5: 29.4118
2024-03-04 10:52:33,234 - mmcls - INFO - Epoch [27][100/272]	lr: 1.000e-02, eta: 0:33:29, time: 0.068, data_time: 0.025, memory: 2214, loss: 2.8425
2024-03-04 10:52:37,915 - mmcls - INFO - Epoch [27][200/272]	lr: 1.000e-02, eta: 0:33:27, time: 0.047, data_time: 0.004, memory: 2214, loss: 2.8402
2024-03-04 10:52:42,564 - mmcls - INFO - Epoch(val) [27][34]	accuracy_top-1: 5.8824, accuracy_top-5: 29.4118
2024-03-04 10:52:49,399 - mmcls - INFO - Epoch [28][100/272]	lr: 1.000e-02, eta: 0:33:16, time: 0.068, data_time: 0.024, memory: 2214, loss: 2.8376
2024-03-04 10:52:54,048 - mmcls - INFO - Epoch [28][200/272]	lr: 1.000e-02, eta: 0:33:15, time: 0.047, data_time: 0.003, memory: 2214, loss: 2.8448
2024-03-04 10:52:58,649 - mmcls - INFO - Epoch(val) [28][34]	accuracy_top-1: 5.8824, accuracy_top-5: 29.4118
2024-03-04 10:53:05,501 - mmcls - INFO - Epoch [29][100/272]	lr: 1.000e-02, eta: 0:33:04, time: 0.068, data_time: 0.025, memory: 2214, loss: 2.8411
2024-03-04 10:53:10,158 - mmcls - INFO - Epoch [29][200/272]	lr: 1.000e-02, eta: 0:33:02, time: 0.047, data_time: 0.003, memory: 2214, loss: 2.8411
2024-03-04 10:53:14,769 - mmcls - INFO - Epoch(val) [29][34]	accuracy_top-1: 5.8824, accuracy_top-5: 29.4118
2024-03-04 10:53:21,636 - mmcls - INFO - Epoch [30][100/272]	lr: 1.000e-02, eta: 0:32:52, time: 0.068, data_time: 0.025, memory: 2214, loss: 2.8369
2024-03-04 10:53:26,286 - mmcls - INFO - Epoch [30][200/272]	lr: 1.000e-02, eta: 0:32:50, time: 0.046, data_time: 0.003, memory: 2214, loss: 2.8431
2024-03-04 10:53:30,840 - mmcls - INFO - Epoch(val) [30][34]	accuracy_top-1: 5.8824, accuracy_top-5: 29.4118
2024-03-04 10:53:37,719 - mmcls - INFO - Epoch [31][100/272]	lr: 1.000e-02, eta: 0:32:40, time: 0.068, data_time: 0.025, memory: 2214, loss: 2.8408
2024-03-04 10:53:42,372 - mmcls - INFO - Epoch [31][200/272]	lr: 1.000e-02, eta: 0:32:38, time: 0.047, data_time: 0.003, memory: 2214, loss: 2.8393
2024-03-04 10:53:47,008 - mmcls - INFO - Epoch(val) [31][34]	accuracy_top-1: 5.8824, accuracy_top-5: 29.4118
2024-03-04 10:53:53,857 - mmcls - INFO - Epoch [32][100/272]	lr: 1.000e-02, eta: 0:32:28, time: 0.068, data_time: 0.025, memory: 2214, loss: 2.8428
2024-03-04 10:53:58,508 - mmcls - INFO - Epoch [32][200/272]	lr: 1.000e-02, eta: 0:32:26, time: 0.046, data_time: 0.003, memory: 2214, loss: 2.8420
2024-03-04 10:54:03,228 - mmcls - INFO - Epoch(val) [32][34]	accuracy_top-1: 5.8824, accuracy_top-5: 29.4118
2024-03-04 10:54:10,070 - mmcls - INFO - Epoch [33][100/272]	lr: 1.000e-02, eta: 0:32:16, time: 0.068, data_time: 0.025, memory: 2214, loss: 2.8415
2024-03-04 10:54:14,725 - mmcls - INFO - Epoch [33][200/272]	lr: 1.000e-02, eta: 0:32:14, time: 0.047, data_time: 0.004, memory: 2214, loss: 2.8393
2024-03-04 10:54:19,370 - mmcls - INFO - Epoch(val) [33][34]	accuracy_top-1: 5.8824, accuracy_top-5: 29.4118
2024-03-04 10:54:26,203 - mmcls - INFO - Epoch [34][100/272]	lr: 1.000e-02, eta: 0:32:04, time: 0.068, data_time: 0.025, memory: 2214, loss: 2.8377
2024-03-04 10:54:30,878 - mmcls - INFO - Epoch [34][200/272]	lr: 1.000e-02, eta: 0:32:02, time: 0.047, data_time: 0.003, memory: 2214, loss: 2.8432
2024-03-04 10:54:35,515 - mmcls - INFO - Epoch(val) [34][34]	accuracy_top-1: 5.8824, accuracy_top-5: 29.4118
2024-03-04 10:54:42,354 - mmcls - INFO - Epoch [35][100/272]	lr: 1.000e-02, eta: 0:31:52, time: 0.068, data_time: 0.024, memory: 2214, loss: 2.8386
2024-03-04 10:54:47,030 - mmcls - INFO - Epoch [35][200/272]	lr: 1.000e-02, eta: 0:31:50, time: 0.047, data_time: 0.003, memory: 2214, loss: 2.8421
2024-03-04 10:54:51,788 - mmcls - INFO - Epoch(val) [35][34]	accuracy_top-1: 5.8824, accuracy_top-5: 29.4118
2024-03-04 10:54:58,621 - mmcls - INFO - Epoch [36][100/272]	lr: 1.000e-02, eta: 0:31:40, time: 0.068, data_time: 0.025, memory: 2214, loss: 2.8416
2024-03-04 10:55:03,272 - mmcls - INFO - Epoch [36][200/272]	lr: 1.000e-02, eta: 0:31:38, time: 0.046, data_time: 0.003, memory: 2214, loss: 2.8394
2024-03-04 10:55:08,013 - mmcls - INFO - Epoch(val) [36][34]	accuracy_top-1: 5.8824, accuracy_top-5: 29.4118
2024-03-04 10:55:14,851 - mmcls - INFO - Epoch [37][100/272]	lr: 1.000e-02, eta: 0:31:28, time: 0.068, data_time: 0.025, memory: 2214, loss: 2.8386
2024-03-04 10:55:19,518 - mmcls - INFO - Epoch [37][200/272]	lr: 1.000e-02, eta: 0:31:26, time: 0.047, data_time: 0.003, memory: 2214, loss: 2.8413
2024-03-04 10:55:24,185 - mmcls - INFO - Epoch(val) [37][34]	accuracy_top-1: 5.8824, accuracy_top-5: 29.4118
2024-03-04 10:55:31,032 - mmcls - INFO - Epoch [38][100/272]	lr: 1.000e-02, eta: 0:31:17, time: 0.068, data_time: 0.025, memory: 2214, loss: 2.8394
2024-03-04 10:55:35,685 - mmcls - INFO - Epoch [38][200/272]	lr: 1.000e-02, eta: 0:31:14, time: 0.047, data_time: 0.003, memory: 2214, loss: 2.8443
2024-03-04 10:55:40,297 - mmcls - INFO - Epoch(val) [38][34]	accuracy_top-1: 5.8824, accuracy_top-5: 29.4118
2024-03-04 10:55:47,173 - mmcls - INFO - Epoch [39][100/272]	lr: 1.000e-02, eta: 0:31:05, time: 0.068, data_time: 0.026, memory: 2214, loss: 2.8397
2024-03-04 10:55:51,822 - mmcls - INFO - Epoch [39][200/272]	lr: 1.000e-02, eta: 0:31:02, time: 0.046, data_time: 0.004, memory: 2214, loss: 2.8423
2024-03-04 10:55:56,511 - mmcls - INFO - Epoch(val) [39][34]	accuracy_top-1: 5.8824, accuracy_top-5: 29.4118
2024-03-04 10:56:03,383 - mmcls - INFO - Epoch [40][100/272]	lr: 1.000e-02, eta: 0:30:53, time: 0.068, data_time: 0.026, memory: 2214, loss: 2.8367
2024-03-04 10:56:08,025 - mmcls - INFO - Epoch [40][200/272]	lr: 1.000e-02, eta: 0:30:50, time: 0.046, data_time: 0.004, memory: 2214, loss: 2.8416
2024-03-04 10:56:12,558 - mmcls - INFO - Epoch(val) [40][34]	accuracy_top-1: 5.8824, accuracy_top-5: 29.4118
2024-03-04 10:56:19,398 - mmcls - INFO - Epoch [41][100/272]	lr: 1.000e-02, eta: 0:30:41, time: 0.068, data_time: 0.025, memory: 2214, loss: 2.8398
2024-03-04 10:56:24,076 - mmcls - INFO - Epoch [41][200/272]	lr: 1.000e-02, eta: 0:30:39, time: 0.047, data_time: 0.004, memory: 2214, loss: 2.8467
2024-03-04 10:56:28,602 - mmcls - INFO - Epoch(val) [41][34]	accuracy_top-1: 5.8824, accuracy_top-5: 29.4118
2024-03-04 10:56:35,457 - mmcls - INFO - Epoch [42][100/272]	lr: 1.000e-02, eta: 0:30:29, time: 0.068, data_time: 0.025, memory: 2214, loss: 2.8354
2024-03-04 10:56:40,106 - mmcls - INFO - Epoch [42][200/272]	lr: 1.000e-02, eta: 0:30:27, time: 0.046, data_time: 0.003, memory: 2214, loss: 2.8487
2024-03-04 10:56:44,550 - mmcls - INFO - Epoch(val) [42][34]	accuracy_top-1: 5.8824, accuracy_top-5: 29.4118
2024-03-04 10:56:51,408 - mmcls - INFO - Epoch [43][100/272]	lr: 1.000e-02, eta: 0:30:18, time: 0.068, data_time: 0.025, memory: 2214, loss: 2.8435
2024-03-04 10:56:56,076 - mmcls - INFO - Epoch [43][200/272]	lr: 1.000e-02, eta: 0:30:15, time: 0.047, data_time: 0.004, memory: 2214, loss: 2.8425
2024-03-04 10:57:00,531 - mmcls - INFO - Epoch(val) [43][34]	accuracy_top-1: 5.8824, accuracy_top-5: 29.4118
2024-03-04 10:57:07,345 - mmcls - INFO - Epoch [44][100/272]	lr: 1.000e-02, eta: 0:30:06, time: 0.068, data_time: 0.025, memory: 2214, loss: 2.8400
2024-03-04 10:57:11,935 - mmcls - INFO - Epoch [44][200/272]	lr: 1.000e-02, eta: 0:30:03, time: 0.046, data_time: 0.003, memory: 2214, loss: 2.8447
2024-03-04 10:57:16,554 - mmcls - INFO - Epoch(val) [44][34]	accuracy_top-1: 5.8824, accuracy_top-5: 29.4118
2024-03-04 10:57:23,380 - mmcls - INFO - Epoch [45][100/272]	lr: 1.000e-02, eta: 0:29:54, time: 0.068, data_time: 0.025, memory: 2214, loss: 2.8381
2024-03-04 10:57:28,028 - mmcls - INFO - Epoch [45][200/272]	lr: 1.000e-02, eta: 0:29:51, time: 0.047, data_time: 0.003, memory: 2214, loss: 2.8451
2024-03-04 10:57:32,698 - mmcls - INFO - Epoch(val) [45][34]	accuracy_top-1: 5.8824, accuracy_top-5: 29.4118
2024-03-04 10:57:39,596 - mmcls - INFO - Epoch [46][100/272]	lr: 1.000e-02, eta: 0:29:42, time: 0.069, data_time: 0.026, memory: 2214, loss: 2.8379
2024-03-04 10:57:44,268 - mmcls - INFO - Epoch [46][200/272]	lr: 1.000e-02, eta: 0:29:39, time: 0.047, data_time: 0.003, memory: 2214, loss: 2.8450
2024-03-04 10:57:48,799 - mmcls - INFO - Epoch(val) [46][34]	accuracy_top-1: 5.8824, accuracy_top-5: 29.4118
2024-03-04 10:57:55,651 - mmcls - INFO - Epoch [47][100/272]	lr: 1.000e-02, eta: 0:29:30, time: 0.068, data_time: 0.025, memory: 2214, loss: 2.8373
2024-03-04 10:58:00,293 - mmcls - INFO - Epoch [47][200/272]	lr: 1.000e-02, eta: 0:29:28, time: 0.046, data_time: 0.004, memory: 2214, loss: 2.8458
2024-03-04 10:58:04,912 - mmcls - INFO - Epoch(val) [47][34]	accuracy_top-1: 5.8824, accuracy_top-5: 29.4118
2024-03-04 10:58:11,750 - mmcls - INFO - Epoch [48][100/272]	lr: 1.000e-02, eta: 0:29:19, time: 0.068, data_time: 0.024, memory: 2214, loss: 2.8417
2024-03-04 10:58:16,411 - mmcls - INFO - Epoch [48][200/272]	lr: 1.000e-02, eta: 0:29:16, time: 0.047, data_time: 0.003, memory: 2214, loss: 2.8436
2024-03-04 10:58:20,962 - mmcls - INFO - Epoch(val) [48][34]	accuracy_top-1: 5.8824, accuracy_top-5: 29.4118
2024-03-04 10:58:27,823 - mmcls - INFO - Epoch [49][100/272]	lr: 1.000e-02, eta: 0:29:07, time: 0.068, data_time: 0.025, memory: 2214, loss: 2.8397
2024-03-04 10:58:32,468 - mmcls - INFO - Epoch [49][200/272]	lr: 1.000e-02, eta: 0:29:04, time: 0.046, data_time: 0.003, memory: 2214, loss: 2.8417
2024-03-04 10:58:37,126 - mmcls - INFO - Epoch(val) [49][34]	accuracy_top-1: 5.8824, accuracy_top-5: 29.4118
2024-03-04 10:58:43,994 - mmcls - INFO - Epoch [50][100/272]	lr: 1.000e-02, eta: 0:28:55, time: 0.068, data_time: 0.026, memory: 2214, loss: 2.8374
2024-03-04 10:58:48,627 - mmcls - INFO - Epoch [50][200/272]	lr: 1.000e-02, eta: 0:28:52, time: 0.046, data_time: 0.003, memory: 2214, loss: 2.8447
2024-03-04 10:58:53,104 - mmcls - INFO - Epoch(val) [50][34]	accuracy_top-1: 5.8824, accuracy_top-5: 29.4118
2024-03-04 10:58:59,923 - mmcls - INFO - Epoch [51][100/272]	lr: 1.000e-02, eta: 0:28:44, time: 0.068, data_time: 0.024, memory: 2214, loss: 2.8398
2024-03-04 10:59:04,518 - mmcls - INFO - Epoch [51][200/272]	lr: 1.000e-02, eta: 0:28:40, time: 0.046, data_time: 0.003, memory: 2214, loss: 2.8443
2024-03-04 10:59:09,102 - mmcls - INFO - Epoch(val) [51][34]	accuracy_top-1: 5.8824, accuracy_top-5: 29.4118
2024-03-04 10:59:15,953 - mmcls - INFO - Epoch [52][100/272]	lr: 1.000e-02, eta: 0:28:32, time: 0.068, data_time: 0.025, memory: 2214, loss: 2.8430
2024-03-04 10:59:20,599 - mmcls - INFO - Epoch [52][200/272]	lr: 1.000e-02, eta: 0:28:29, time: 0.046, data_time: 0.003, memory: 2214, loss: 2.8397
2024-03-04 10:59:25,446 - mmcls - INFO - Epoch(val) [52][34]	accuracy_top-1: 5.8824, accuracy_top-5: 29.4118
2024-03-04 10:59:32,304 - mmcls - INFO - Epoch [53][100/272]	lr: 1.000e-02, eta: 0:28:20, time: 0.068, data_time: 0.024, memory: 2214, loss: 2.8383
2024-03-04 10:59:36,942 - mmcls - INFO - Epoch [53][200/272]	lr: 1.000e-02, eta: 0:28:17, time: 0.046, data_time: 0.004, memory: 2214, loss: 2.8401
2024-03-04 10:59:41,624 - mmcls - INFO - Epoch(val) [53][34]	accuracy_top-1: 5.8824, accuracy_top-5: 29.4118
2024-03-04 10:59:48,535 - mmcls - INFO - Epoch [54][100/272]	lr: 1.000e-02, eta: 0:28:08, time: 0.069, data_time: 0.026, memory: 2214, loss: 2.8380
2024-03-04 10:59:53,211 - mmcls - INFO - Epoch [54][200/272]	lr: 1.000e-02, eta: 0:28:05, time: 0.047, data_time: 0.004, memory: 2214, loss: 2.8442
2024-03-04 10:59:57,834 - mmcls - INFO - Epoch(val) [54][34]	accuracy_top-1: 5.8824, accuracy_top-5: 29.4118
2024-03-04 11:00:04,672 - mmcls - INFO - Epoch [55][100/272]	lr: 1.000e-02, eta: 0:27:57, time: 0.068, data_time: 0.024, memory: 2214, loss: 2.8372
2024-03-04 11:00:09,318 - mmcls - INFO - Epoch [55][200/272]	lr: 1.000e-02, eta: 0:27:54, time: 0.046, data_time: 0.003, memory: 2214, loss: 2.8426
2024-03-04 11:00:13,707 - mmcls - INFO - Epoch(val) [55][34]	accuracy_top-1: 5.8824, accuracy_top-5: 29.4118
2024-03-04 11:00:20,540 - mmcls - INFO - Epoch [56][100/272]	lr: 1.000e-02, eta: 0:27:45, time: 0.068, data_time: 0.025, memory: 2214, loss: 2.8417
2024-03-04 11:00:25,185 - mmcls - INFO - Epoch [56][200/272]	lr: 1.000e-02, eta: 0:27:42, time: 0.046, data_time: 0.003, memory: 2214, loss: 2.8403
2024-03-04 11:00:29,636 - mmcls - INFO - Epoch(val) [56][34]	accuracy_top-1: 5.8824, accuracy_top-5: 29.4118
2024-03-04 11:00:36,470 - mmcls - INFO - Epoch [57][100/272]	lr: 1.000e-02, eta: 0:27:33, time: 0.068, data_time: 0.025, memory: 2214, loss: 2.8405
2024-03-04 11:00:41,113 - mmcls - INFO - Epoch [57][200/272]	lr: 1.000e-02, eta: 0:27:30, time: 0.046, data_time: 0.004, memory: 2214, loss: 2.8430
2024-03-04 11:00:45,597 - mmcls - INFO - Epoch(val) [57][34]	accuracy_top-1: 5.8824, accuracy_top-5: 29.4118
2024-03-04 11:00:52,458 - mmcls - INFO - Epoch [58][100/272]	lr: 1.000e-02, eta: 0:27:22, time: 0.068, data_time: 0.025, memory: 2214, loss: 2.8386
2024-03-04 11:00:57,145 - mmcls - INFO - Epoch [58][200/272]	lr: 1.000e-02, eta: 0:27:19, time: 0.047, data_time: 0.003, memory: 2214, loss: 2.8445
2024-03-04 11:01:01,815 - mmcls - INFO - Epoch(val) [58][34]	accuracy_top-1: 5.8824, accuracy_top-5: 29.4118
2024-03-04 11:01:08,650 - mmcls - INFO - Epoch [59][100/272]	lr: 1.000e-02, eta: 0:27:10, time: 0.068, data_time: 0.025, memory: 2214, loss: 2.8372
2024-03-04 11:01:13,298 - mmcls - INFO - Epoch [59][200/272]	lr: 1.000e-02, eta: 0:27:07, time: 0.046, data_time: 0.004, memory: 2214, loss: 2.8438
2024-03-04 11:01:17,970 - mmcls - INFO - Epoch(val) [59][34]	accuracy_top-1: 5.8824, accuracy_top-5: 29.4118
2024-03-04 11:01:24,800 - mmcls - INFO - Epoch [60][100/272]	lr: 1.000e-02, eta: 0:26:59, time: 0.068, data_time: 0.024, memory: 2214, loss: 2.8424
2024-03-04 11:01:29,444 - mmcls - INFO - Epoch [60][200/272]	lr: 1.000e-02, eta: 0:26:55, time: 0.046, data_time: 0.003, memory: 2214, loss: 2.8409
2024-03-04 11:01:34,112 - mmcls - INFO - Epoch(val) [60][34]	accuracy_top-1: 5.8824, accuracy_top-5: 29.4118
2024-03-04 11:01:41,023 - mmcls - INFO - Epoch [61][100/272]	lr: 1.000e-02, eta: 0:26:47, time: 0.069, data_time: 0.026, memory: 2214, loss: 2.8379
2024-03-04 11:01:45,677 - mmcls - INFO - Epoch [61][200/272]	lr: 1.000e-02, eta: 0:26:44, time: 0.047, data_time: 0.003, memory: 2214, loss: 2.8464
2024-03-04 11:01:50,141 - mmcls - INFO - Epoch(val) [61][34]	accuracy_top-1: 5.8824, accuracy_top-5: 29.4118
2024-03-04 11:01:56,994 - mmcls - INFO - Epoch [62][100/272]	lr: 1.000e-02, eta: 0:26:35, time: 0.068, data_time: 0.025, memory: 2214, loss: 2.8376
2024-03-04 11:02:01,656 - mmcls - INFO - Epoch [62][200/272]	lr: 1.000e-02, eta: 0:26:32, time: 0.047, data_time: 0.004, memory: 2214, loss: 2.8451
2024-03-04 11:02:06,231 - mmcls - INFO - Epoch(val) [62][34]	accuracy_top-1: 5.8824, accuracy_top-5: 29.4118
2024-03-04 11:02:13,065 - mmcls - INFO - Epoch [63][100/272]	lr: 1.000e-02, eta: 0:26:24, time: 0.068, data_time: 0.024, memory: 2214, loss: 2.8426
2024-03-04 11:02:17,704 - mmcls - INFO - Epoch [63][200/272]	lr: 1.000e-02, eta: 0:26:20, time: 0.046, data_time: 0.003, memory: 2214, loss: 2.8387
2024-03-04 11:02:22,249 - mmcls - INFO - Epoch(val) [63][34]	accuracy_top-1: 5.8824, accuracy_top-5: 29.4118
2024-03-04 11:02:29,113 - mmcls - INFO - Epoch [64][100/272]	lr: 1.000e-02, eta: 0:26:12, time: 0.068, data_time: 0.025, memory: 2214, loss: 2.8346
2024-03-04 11:02:33,773 - mmcls - INFO - Epoch [64][200/272]	lr: 1.000e-02, eta: 0:26:09, time: 0.047, data_time: 0.003, memory: 2214, loss: 2.8472
2024-03-04 11:02:38,387 - mmcls - INFO - Epoch(val) [64][34]	accuracy_top-1: 5.8824, accuracy_top-5: 29.4118
2024-03-04 11:02:45,257 - mmcls - INFO - Epoch [65][100/272]	lr: 1.000e-02, eta: 0:26:01, time: 0.068, data_time: 0.026, memory: 2214, loss: 2.8387
2024-03-04 11:02:49,909 - mmcls - INFO - Epoch [65][200/272]	lr: 1.000e-02, eta: 0:25:57, time: 0.047, data_time: 0.004, memory: 2214, loss: 2.8451
2024-03-04 11:02:54,403 - mmcls - INFO - Epoch(val) [65][34]	accuracy_top-1: 5.8824, accuracy_top-5: 29.4118
2024-03-04 11:03:01,240 - mmcls - INFO - Epoch [66][100/272]	lr: 1.000e-02, eta: 0:25:49, time: 0.068, data_time: 0.025, memory: 2214, loss: 2.8334
2024-03-04 11:03:05,876 - mmcls - INFO - Epoch [66][200/272]	lr: 1.000e-02, eta: 0:25:46, time: 0.046, data_time: 0.003, memory: 2214, loss: 2.8479
2024-03-04 11:03:10,500 - mmcls - INFO - Epoch(val) [66][34]	accuracy_top-1: 5.8824, accuracy_top-5: 29.4118
2024-03-04 11:03:17,368 - mmcls - INFO - Epoch [67][100/272]	lr: 1.000e-02, eta: 0:25:37, time: 0.068, data_time: 0.026, memory: 2214, loss: 2.8382
2024-03-04 11:03:21,999 - mmcls - INFO - Epoch [67][200/272]	lr: 1.000e-02, eta: 0:25:34, time: 0.046, data_time: 0.003, memory: 2214, loss: 2.8464
2024-03-04 11:03:26,633 - mmcls - INFO - Epoch(val) [67][34]	accuracy_top-1: 5.8824, accuracy_top-5: 29.4118
2024-03-04 11:03:33,488 - mmcls - INFO - Epoch [68][100/272]	lr: 1.000e-02, eta: 0:25:26, time: 0.068, data_time: 0.025, memory: 2214, loss: 2.8391
2024-03-04 11:03:38,148 - mmcls - INFO - Epoch [68][200/272]	lr: 1.000e-02, eta: 0:25:22, time: 0.047, data_time: 0.004, memory: 2214, loss: 2.8434
2024-03-04 11:03:42,883 - mmcls - INFO - Epoch(val) [68][34]	accuracy_top-1: 5.8824, accuracy_top-5: 29.4118
2024-03-04 11:03:49,707 - mmcls - INFO - Epoch [69][100/272]	lr: 1.000e-02, eta: 0:25:14, time: 0.068, data_time: 0.025, memory: 2214, loss: 2.8368
2024-03-04 11:03:54,326 - mmcls - INFO - Epoch [69][200/272]	lr: 1.000e-02, eta: 0:25:11, time: 0.046, data_time: 0.003, memory: 2214, loss: 2.8470
2024-03-04 11:03:58,955 - mmcls - INFO - Epoch(val) [69][34]	accuracy_top-1: 5.8824, accuracy_top-5: 29.4118
2024-03-04 11:04:05,807 - mmcls - INFO - Epoch [70][100/272]	lr: 1.000e-02, eta: 0:25:03, time: 0.068, data_time: 0.025, memory: 2214, loss: 2.8377
2024-03-04 11:04:10,474 - mmcls - INFO - Epoch [70][200/272]	lr: 1.000e-02, eta: 0:24:59, time: 0.047, data_time: 0.003, memory: 2214, loss: 2.8444
2024-03-04 11:04:15,143 - mmcls - INFO - Epoch(val) [70][34]	accuracy_top-1: 5.8824, accuracy_top-5: 29.4118
2024-03-04 11:04:22,027 - mmcls - INFO - Epoch [71][100/272]	lr: 1.000e-02, eta: 0:24:51, time: 0.069, data_time: 0.025, memory: 2214, loss: 2.8396
2024-03-04 11:04:26,685 - mmcls - INFO - Epoch [71][200/272]	lr: 1.000e-02, eta: 0:24:48, time: 0.047, data_time: 0.005, memory: 2214, loss: 2.8406
2024-03-04 11:04:31,168 - mmcls - INFO - Epoch(val) [71][34]	accuracy_top-1: 5.8824, accuracy_top-5: 29.4118
2024-03-04 11:04:38,004 - mmcls - INFO - Epoch [72][100/272]	lr: 1.000e-02, eta: 0:24:39, time: 0.068, data_time: 0.025, memory: 2214, loss: 2.8362
2024-03-04 11:04:42,638 - mmcls - INFO - Epoch [72][200/272]	lr: 1.000e-02, eta: 0:24:36, time: 0.046, data_time: 0.004, memory: 2214, loss: 2.8462
2024-03-04 11:04:47,212 - mmcls - INFO - Epoch(val) [72][34]	accuracy_top-1: 5.8824, accuracy_top-5: 29.4118
2024-03-04 11:04:54,039 - mmcls - INFO - Epoch [73][100/272]	lr: 1.000e-02, eta: 0:24:28, time: 0.068, data_time: 0.025, memory: 2214, loss: 2.8416
2024-03-04 11:04:58,674 - mmcls - INFO - Epoch [73][200/272]	lr: 1.000e-02, eta: 0:24:24, time: 0.046, data_time: 0.003, memory: 2214, loss: 2.8431
2024-03-04 11:05:03,256 - mmcls - INFO - Epoch(val) [73][34]	accuracy_top-1: 5.8824, accuracy_top-5: 29.4118
2024-03-04 11:05:10,125 - mmcls - INFO - Epoch [74][100/272]	lr: 1.000e-02, eta: 0:24:16, time: 0.068, data_time: 0.025, memory: 2214, loss: 2.8377
2024-03-04 11:05:14,803 - mmcls - INFO - Epoch [74][200/272]	lr: 1.000e-02, eta: 0:24:13, time: 0.047, data_time: 0.003, memory: 2214, loss: 2.8460
2024-03-04 11:05:19,360 - mmcls - INFO - Epoch(val) [74][34]	accuracy_top-1: 5.8824, accuracy_top-5: 29.4118
2024-03-04 11:05:26,244 - mmcls - INFO - Epoch [75][100/272]	lr: 1.000e-02, eta: 0:24:05, time: 0.068, data_time: 0.025, memory: 2214, loss: 2.8382
2024-03-04 11:05:30,905 - mmcls - INFO - Epoch [75][200/272]	lr: 1.000e-02, eta: 0:24:01, time: 0.047, data_time: 0.003, memory: 2214, loss: 2.8455
2024-03-04 11:05:35,346 - mmcls - INFO - Epoch(val) [75][34]	accuracy_top-1: 5.8824, accuracy_top-5: 29.4118
2024-03-04 11:05:42,209 - mmcls - INFO - Epoch [76][100/272]	lr: 1.000e-02, eta: 0:23:53, time: 0.068, data_time: 0.025, memory: 2214, loss: 2.8372
2024-03-04 11:05:46,852 - mmcls - INFO - Epoch [76][200/272]	lr: 1.000e-02, eta: 0:23:50, time: 0.046, data_time: 0.004, memory: 2214, loss: 2.8470
2024-03-04 11:05:51,686 - mmcls - INFO - Epoch(val) [76][34]	accuracy_top-1: 5.8824, accuracy_top-5: 29.4118
2024-03-04 11:05:58,504 - mmcls - INFO - Epoch [77][100/272]	lr: 1.000e-02, eta: 0:23:42, time: 0.068, data_time: 0.025, memory: 2214, loss: 2.8388
2024-03-04 11:06:03,135 - mmcls - INFO - Epoch [77][200/272]	lr: 1.000e-02, eta: 0:23:38, time: 0.046, data_time: 0.004, memory: 2214, loss: 2.8421
2024-03-04 11:06:07,753 - mmcls - INFO - Epoch(val) [77][34]	accuracy_top-1: 5.8824, accuracy_top-5: 29.4118
2024-03-04 11:06:14,513 - mmcls - INFO - Epoch [78][100/272]	lr: 1.000e-02, eta: 0:23:30, time: 0.067, data_time: 0.024, memory: 2214, loss: 2.8394
2024-03-04 11:06:19,144 - mmcls - INFO - Epoch [78][200/272]	lr: 1.000e-02, eta: 0:23:26, time: 0.046, data_time: 0.004, memory: 2214, loss: 2.8418
2024-03-04 11:06:23,854 - mmcls - INFO - Epoch(val) [78][34]	accuracy_top-1: 5.8824, accuracy_top-5: 29.4118
2024-03-04 11:06:30,764 - mmcls - INFO - Epoch [79][100/272]	lr: 1.000e-02, eta: 0:23:18, time: 0.069, data_time: 0.027, memory: 2214, loss: 2.8353
2024-03-04 11:06:35,413 - mmcls - INFO - Epoch [79][200/272]	lr: 1.000e-02, eta: 0:23:15, time: 0.046, data_time: 0.003, memory: 2214, loss: 2.8467
2024-03-04 11:06:40,073 - mmcls - INFO - Epoch(val) [79][34]	accuracy_top-1: 5.8824, accuracy_top-5: 29.4118
2024-03-04 11:06:46,916 - mmcls - INFO - Epoch [80][100/272]	lr: 1.000e-02, eta: 0:23:07, time: 0.068, data_time: 0.024, memory: 2214, loss: 2.8380
2024-03-04 11:06:51,541 - mmcls - INFO - Epoch [80][200/272]	lr: 1.000e-02, eta: 0:23:03, time: 0.046, data_time: 0.003, memory: 2214, loss: 2.8495
2024-03-04 11:06:56,155 - mmcls - INFO - Epoch(val) [80][34]	accuracy_top-1: 5.8824, accuracy_top-5: 29.4118
2024-03-04 11:07:02,985 - mmcls - INFO - Epoch [81][100/272]	lr: 1.000e-02, eta: 0:22:55, time: 0.068, data_time: 0.026, memory: 2214, loss: 2.8391
2024-03-04 11:07:07,616 - mmcls - INFO - Epoch [81][200/272]	lr: 1.000e-02, eta: 0:22:52, time: 0.046, data_time: 0.004, memory: 2214, loss: 2.8449
2024-03-04 11:07:12,133 - mmcls - INFO - Epoch(val) [81][34]	accuracy_top-1: 5.8824, accuracy_top-5: 29.4118
2024-03-04 11:07:18,993 - mmcls - INFO - Epoch [82][100/272]	lr: 1.000e-02, eta: 0:22:44, time: 0.068, data_time: 0.026, memory: 2214, loss: 2.8396
2024-03-04 11:07:23,637 - mmcls - INFO - Epoch [82][200/272]	lr: 1.000e-02, eta: 0:22:40, time: 0.046, data_time: 0.004, memory: 2214, loss: 2.8401
2024-03-04 11:07:28,270 - mmcls - INFO - Epoch(val) [82][34]	accuracy_top-1: 5.8824, accuracy_top-5: 29.4118
2024-03-04 11:07:35,127 - mmcls - INFO - Epoch [83][100/272]	lr: 1.000e-02, eta: 0:22:32, time: 0.068, data_time: 0.026, memory: 2214, loss: 2.8392
2024-03-04 11:07:39,800 - mmcls - INFO - Epoch [83][200/272]	lr: 1.000e-02, eta: 0:22:28, time: 0.047, data_time: 0.003, memory: 2214, loss: 2.8443
2024-03-04 11:07:44,468 - mmcls - INFO - Epoch(val) [83][34]	accuracy_top-1: 5.8824, accuracy_top-5: 29.4118
2024-03-04 11:07:51,335 - mmcls - INFO - Epoch [84][100/272]	lr: 1.000e-02, eta: 0:22:21, time: 0.068, data_time: 0.026, memory: 2214, loss: 2.8408
2024-03-04 11:07:55,982 - mmcls - INFO - Epoch [84][200/272]	lr: 1.000e-02, eta: 0:22:17, time: 0.046, data_time: 0.003, memory: 2214, loss: 2.8449
2024-03-04 11:08:00,624 - mmcls - INFO - Epoch(val) [84][34]	accuracy_top-1: 5.8824, accuracy_top-5: 29.4118
2024-03-04 11:08:07,439 - mmcls - INFO - Epoch [85][100/272]	lr: 1.000e-02, eta: 0:22:09, time: 0.068, data_time: 0.026, memory: 2214, loss: 2.8409
2024-03-04 11:08:12,076 - mmcls - INFO - Epoch [85][200/272]	lr: 1.000e-02, eta: 0:22:05, time: 0.046, data_time: 0.003, memory: 2214, loss: 2.8443
2024-03-04 11:08:16,708 - mmcls - INFO - Epoch(val) [85][34]	accuracy_top-1: 5.8824, accuracy_top-5: 29.4118
2024-03-04 11:08:23,546 - mmcls - INFO - Epoch [86][100/272]	lr: 1.000e-02, eta: 0:21:57, time: 0.068, data_time: 0.026, memory: 2214, loss: 2.8365
2024-03-04 11:08:28,175 - mmcls - INFO - Epoch [86][200/272]	lr: 1.000e-02, eta: 0:21:54, time: 0.046, data_time: 0.003, memory: 2214, loss: 2.8448
2024-03-04 11:08:32,752 - mmcls - INFO - Epoch(val) [86][34]	accuracy_top-1: 5.8824, accuracy_top-5: 29.4118
2024-03-04 11:08:39,617 - mmcls - INFO - Epoch [87][100/272]	lr: 1.000e-02, eta: 0:21:46, time: 0.068, data_time: 0.025, memory: 2214, loss: 2.8347
2024-03-04 11:08:44,272 - mmcls - INFO - Epoch [87][200/272]	lr: 1.000e-02, eta: 0:21:42, time: 0.047, data_time: 0.004, memory: 2214, loss: 2.8470
2024-03-04 11:08:48,939 - mmcls - INFO - Epoch(val) [87][34]	accuracy_top-1: 5.8824, accuracy_top-5: 29.4118
2024-03-04 11:08:55,788 - mmcls - INFO - Epoch [88][100/272]	lr: 1.000e-02, eta: 0:21:34, time: 0.068, data_time: 0.025, memory: 2214, loss: 2.8408
2024-03-04 11:09:00,438 - mmcls - INFO - Epoch [88][200/272]	lr: 1.000e-02, eta: 0:21:31, time: 0.046, data_time: 0.003, memory: 2214, loss: 2.8428
2024-03-04 11:09:05,168 - mmcls - INFO - Epoch(val) [88][34]	accuracy_top-1: 5.8824, accuracy_top-5: 29.4118
2024-03-04 11:09:12,015 - mmcls - INFO - Epoch [89][100/272]	lr: 1.000e-02, eta: 0:21:23, time: 0.068, data_time: 0.026, memory: 2214, loss: 2.8392
2024-03-04 11:09:16,648 - mmcls - INFO - Epoch [89][200/272]	lr: 1.000e-02, eta: 0:21:19, time: 0.046, data_time: 0.004, memory: 2214, loss: 2.8420
2024-03-04 11:09:21,287 - mmcls - INFO - Epoch(val) [89][34]	accuracy_top-1: 5.8824, accuracy_top-5: 29.4118
2024-03-04 11:09:28,124 - mmcls - INFO - Epoch [90][100/272]	lr: 1.000e-02, eta: 0:21:11, time: 0.068, data_time: 0.025, memory: 2214, loss: 2.8315
2024-03-04 11:09:32,756 - mmcls - INFO - Epoch [90][200/272]	lr: 1.000e-02, eta: 0:21:07, time: 0.046, data_time: 0.003, memory: 2214, loss: 2.8501
2024-03-04 11:09:37,445 - mmcls - INFO - Epoch(val) [90][34]	accuracy_top-1: 5.8824, accuracy_top-5: 29.4118
2024-03-04 11:09:44,284 - mmcls - INFO - Epoch [91][100/272]	lr: 1.000e-02, eta: 0:21:00, time: 0.068, data_time: 0.025, memory: 2214, loss: 2.8376
2024-03-04 11:09:48,901 - mmcls - INFO - Epoch [91][200/272]	lr: 1.000e-02, eta: 0:20:56, time: 0.046, data_time: 0.004, memory: 2214, loss: 2.8432
2024-03-04 11:09:53,411 - mmcls - INFO - Epoch(val) [91][34]	accuracy_top-1: 5.8824, accuracy_top-5: 29.4118
2024-03-04 11:10:00,256 - mmcls - INFO - Epoch [92][100/272]	lr: 1.000e-02, eta: 0:20:48, time: 0.068, data_time: 0.025, memory: 2214, loss: 2.8381
2024-03-04 11:10:04,892 - mmcls - INFO - Epoch [92][200/272]	lr: 1.000e-02, eta: 0:20:44, time: 0.046, data_time: 0.004, memory: 2214, loss: 2.8444
2024-03-04 11:10:09,521 - mmcls - INFO - Epoch(val) [92][34]	accuracy_top-1: 5.8824, accuracy_top-5: 29.4118
2024-03-04 11:10:16,341 - mmcls - INFO - Epoch [93][100/272]	lr: 1.000e-02, eta: 0:20:36, time: 0.068, data_time: 0.025, memory: 2214, loss: 2.8431
2024-03-04 11:10:20,972 - mmcls - INFO - Epoch [93][200/272]	lr: 1.000e-02, eta: 0:20:33, time: 0.046, data_time: 0.003, memory: 2214, loss: 2.8439
2024-03-04 11:10:25,558 - mmcls - INFO - Epoch(val) [93][34]	accuracy_top-1: 5.8824, accuracy_top-5: 29.4118
2024-03-04 11:10:32,406 - mmcls - INFO - Epoch [94][100/272]	lr: 1.000e-02, eta: 0:20:25, time: 0.068, data_time: 0.025, memory: 2214, loss: 2.8389
2024-03-04 11:10:37,049 - mmcls - INFO - Epoch [94][200/272]	lr: 1.000e-02, eta: 0:20:21, time: 0.046, data_time: 0.003, memory: 2214, loss: 2.8458
2024-03-04 11:10:41,645 - mmcls - INFO - Epoch(val) [94][34]	accuracy_top-1: 5.8824, accuracy_top-5: 29.4118
2024-03-04 11:10:48,515 - mmcls - INFO - Epoch [95][100/272]	lr: 1.000e-02, eta: 0:20:13, time: 0.068, data_time: 0.025, memory: 2214, loss: 2.8384
2024-03-04 11:10:53,149 - mmcls - INFO - Epoch [95][200/272]	lr: 1.000e-02, eta: 0:20:10, time: 0.046, data_time: 0.003, memory: 2214, loss: 2.8435
2024-03-04 11:10:57,732 - mmcls - INFO - Epoch(val) [95][34]	accuracy_top-1: 5.8824, accuracy_top-5: 29.4118
2024-03-04 11:11:04,576 - mmcls - INFO - Epoch [96][100/272]	lr: 1.000e-02, eta: 0:20:02, time: 0.068, data_time: 0.026, memory: 2214, loss: 2.8352
2024-03-04 11:11:09,216 - mmcls - INFO - Epoch [96][200/272]	lr: 1.000e-02, eta: 0:19:58, time: 0.046, data_time: 0.004, memory: 2214, loss: 2.8462
2024-03-04 11:11:13,894 - mmcls - INFO - Epoch(val) [96][34]	accuracy_top-1: 5.8824, accuracy_top-5: 29.4118
2024-03-04 11:11:20,723 - mmcls - INFO - Epoch [97][100/272]	lr: 1.000e-02, eta: 0:19:50, time: 0.068, data_time: 0.026, memory: 2214, loss: 2.8385
2024-03-04 11:11:25,353 - mmcls - INFO - Epoch [97][200/272]	lr: 1.000e-02, eta: 0:19:46, time: 0.046, data_time: 0.004, memory: 2214, loss: 2.8443
2024-03-04 11:11:30,064 - mmcls - INFO - Epoch(val) [97][34]	accuracy_top-1: 5.8824, accuracy_top-5: 29.4118
2024-03-04 11:11:36,878 - mmcls - INFO - Epoch [98][100/272]	lr: 1.000e-02, eta: 0:19:39, time: 0.068, data_time: 0.025, memory: 2214, loss: 2.8353
2024-03-04 11:11:41,517 - mmcls - INFO - Epoch [98][200/272]	lr: 1.000e-02, eta: 0:19:35, time: 0.046, data_time: 0.003, memory: 2214, loss: 2.8469
2024-03-04 11:11:46,012 - mmcls - INFO - Epoch(val) [98][34]	accuracy_top-1: 5.8824, accuracy_top-5: 29.4118
2024-03-04 11:11:52,817 - mmcls - INFO - Epoch [99][100/272]	lr: 1.000e-02, eta: 0:19:27, time: 0.068, data_time: 0.025, memory: 2214, loss: 2.8366
2024-03-04 11:11:57,470 - mmcls - INFO - Epoch [99][200/272]	lr: 1.000e-02, eta: 0:19:23, time: 0.047, data_time: 0.004, memory: 2214, loss: 2.8447
2024-03-04 11:12:02,022 - mmcls - INFO - Epoch(val) [99][34]	accuracy_top-1: 5.8824, accuracy_top-5: 29.4118
2024-03-04 11:12:08,855 - mmcls - INFO - Epoch [100][100/272]	lr: 1.000e-02, eta: 0:19:16, time: 0.068, data_time: 0.024, memory: 2214, loss: 2.8397
2024-03-04 11:12:13,504 - mmcls - INFO - Epoch [100][200/272]	lr: 1.000e-02, eta: 0:19:12, time: 0.046, data_time: 0.003, memory: 2214, loss: 2.8426
2024-03-04 11:12:16,848 - mmcls - INFO - Saving checkpoint at 100 epochs
2024-03-04 11:12:24,806 - mmcls - INFO - Epoch(val) [100][34]	accuracy_top-1: 5.8824, accuracy_top-5: 29.4118
2024-03-04 11:12:31,561 - mmcls - INFO - Epoch [101][100/272]	lr: 1.000e-03, eta: 0:19:04, time: 0.067, data_time: 0.025, memory: 2214, loss: 2.8336
2024-03-04 11:12:36,094 - mmcls - INFO - Epoch [101][200/272]	lr: 1.000e-03, eta: 0:19:00, time: 0.045, data_time: 0.003, memory: 2214, loss: 2.8362
2024-03-04 11:12:40,770 - mmcls - INFO - Epoch(val) [101][34]	accuracy_top-1: 5.8824, accuracy_top-5: 29.4118
2024-03-04 11:12:47,634 - mmcls - INFO - Epoch [102][100/272]	lr: 1.000e-03, eta: 0:18:52, time: 0.068, data_time: 0.025, memory: 2214, loss: 2.8347
2024-03-04 11:12:52,275 - mmcls - INFO - Epoch [102][200/272]	lr: 1.000e-03, eta: 0:18:49, time: 0.046, data_time: 0.003, memory: 2214, loss: 2.8337
2024-03-04 11:12:56,951 - mmcls - INFO - Epoch(val) [102][34]	accuracy_top-1: 5.8824, accuracy_top-5: 29.4118
2024-03-04 11:13:03,786 - mmcls - INFO - Epoch [103][100/272]	lr: 1.000e-03, eta: 0:18:41, time: 0.068, data_time: 0.026, memory: 2214, loss: 2.8340
2024-03-04 11:13:08,430 - mmcls - INFO - Epoch [103][200/272]	lr: 1.000e-03, eta: 0:18:37, time: 0.046, data_time: 0.005, memory: 2214, loss: 2.8357
2024-03-04 11:13:13,099 - mmcls - INFO - Epoch(val) [103][34]	accuracy_top-1: 5.8824, accuracy_top-5: 29.4118
2024-03-04 11:13:19,946 - mmcls - INFO - Epoch [104][100/272]	lr: 1.000e-03, eta: 0:18:29, time: 0.068, data_time: 0.025, memory: 2214, loss: 2.8339
2024-03-04 11:13:24,583 - mmcls - INFO - Epoch [104][200/272]	lr: 1.000e-03, eta: 0:18:25, time: 0.046, data_time: 0.003, memory: 2214, loss: 2.8338
2024-03-04 11:13:29,231 - mmcls - INFO - Epoch(val) [104][34]	accuracy_top-1: 5.8824, accuracy_top-5: 29.4118
2024-03-04 11:13:36,022 - mmcls - INFO - Epoch [105][100/272]	lr: 1.000e-03, eta: 0:18:18, time: 0.068, data_time: 0.026, memory: 2214, loss: 2.8328
2024-03-04 11:13:40,676 - mmcls - INFO - Epoch [105][200/272]	lr: 1.000e-03, eta: 0:18:14, time: 0.047, data_time: 0.004, memory: 2214, loss: 2.8349
2024-03-04 11:13:45,287 - mmcls - INFO - Epoch(val) [105][34]	accuracy_top-1: 5.8824, accuracy_top-5: 29.4118
2024-03-04 11:13:52,126 - mmcls - INFO - Epoch [106][100/272]	lr: 1.000e-03, eta: 0:18:06, time: 0.068, data_time: 0.025, memory: 2214, loss: 2.8350
2024-03-04 11:13:56,767 - mmcls - INFO - Epoch [106][200/272]	lr: 1.000e-03, eta: 0:18:02, time: 0.046, data_time: 0.003, memory: 2214, loss: 2.8335
2024-03-04 11:14:01,396 - mmcls - INFO - Epoch(val) [106][34]	accuracy_top-1: 5.8824, accuracy_top-5: 29.4118
2024-03-04 11:14:08,245 - mmcls - INFO - Epoch [107][100/272]	lr: 1.000e-03, eta: 0:17:55, time: 0.068, data_time: 0.026, memory: 2214, loss: 2.8333
2024-03-04 11:14:12,883 - mmcls - INFO - Epoch [107][200/272]	lr: 1.000e-03, eta: 0:17:51, time: 0.046, data_time: 0.004, memory: 2214, loss: 2.8353
2024-03-04 11:14:17,425 - mmcls - INFO - Epoch(val) [107][34]	accuracy_top-1: 5.8824, accuracy_top-5: 29.4118
2024-03-04 11:14:24,258 - mmcls - INFO - Epoch [108][100/272]	lr: 1.000e-03, eta: 0:17:43, time: 0.068, data_time: 0.025, memory: 2214, loss: 2.8341
2024-03-04 11:14:28,885 - mmcls - INFO - Epoch [108][200/272]	lr: 1.000e-03, eta: 0:17:39, time: 0.046, data_time: 0.003, memory: 2214, loss: 2.8344
2024-03-04 11:14:33,520 - mmcls - INFO - Epoch(val) [108][34]	accuracy_top-1: 5.8824, accuracy_top-5: 29.4118
2024-03-04 11:14:40,413 - mmcls - INFO - Epoch [109][100/272]	lr: 1.000e-03, eta: 0:17:32, time: 0.069, data_time: 0.026, memory: 2214, loss: 2.8343
2024-03-04 11:14:45,053 - mmcls - INFO - Epoch [109][200/272]	lr: 1.000e-03, eta: 0:17:28, time: 0.046, data_time: 0.003, memory: 2214, loss: 2.8341
2024-03-04 11:14:49,708 - mmcls - INFO - Epoch(val) [109][34]	accuracy_top-1: 5.8824, accuracy_top-5: 29.4118
2024-03-04 11:14:56,568 - mmcls - INFO - Epoch [110][100/272]	lr: 1.000e-03, eta: 0:17:20, time: 0.068, data_time: 0.025, memory: 2214, loss: 2.8333
2024-03-04 11:15:01,202 - mmcls - INFO - Epoch [110][200/272]	lr: 1.000e-03, eta: 0:17:16, time: 0.046, data_time: 0.005, memory: 2214, loss: 2.8349
2024-03-04 11:15:05,877 - mmcls - INFO - Epoch(val) [110][34]	accuracy_top-1: 5.8824, accuracy_top-5: 29.4118
2024-03-04 11:15:12,713 - mmcls - INFO - Epoch [111][100/272]	lr: 1.000e-03, eta: 0:17:09, time: 0.068, data_time: 0.026, memory: 2214, loss: 2.8339
2024-03-04 11:15:17,351 - mmcls - INFO - Epoch [111][200/272]	lr: 1.000e-03, eta: 0:17:05, time: 0.046, data_time: 0.004, memory: 2214, loss: 2.8345
2024-03-04 11:15:21,912 - mmcls - INFO - Epoch(val) [111][34]	accuracy_top-1: 5.8824, accuracy_top-5: 29.4118
2024-03-04 11:15:28,787 - mmcls - INFO - Epoch [112][100/272]	lr: 1.000e-03, eta: 0:16:57, time: 0.068, data_time: 0.025, memory: 2214, loss: 2.8339
2024-03-04 11:15:33,426 - mmcls - INFO - Epoch [112][200/272]	lr: 1.000e-03, eta: 0:16:53, time: 0.046, data_time: 0.003, memory: 2214, loss: 2.8344
2024-03-04 11:15:38,136 - mmcls - INFO - Epoch(val) [112][34]	accuracy_top-1: 5.8824, accuracy_top-5: 29.4118
2024-03-04 11:15:45,008 - mmcls - INFO - Epoch [113][100/272]	lr: 1.000e-03, eta: 0:16:46, time: 0.068, data_time: 0.026, memory: 2214, loss: 2.8341
2024-03-04 11:15:49,636 - mmcls - INFO - Epoch [113][200/272]	lr: 1.000e-03, eta: 0:16:42, time: 0.046, data_time: 0.003, memory: 2214, loss: 2.8346
2024-03-04 11:15:54,266 - mmcls - INFO - Epoch(val) [113][34]	accuracy_top-1: 5.8824, accuracy_top-5: 29.4118
2024-03-04 11:16:01,127 - mmcls - INFO - Epoch [114][100/272]	lr: 1.000e-03, eta: 0:16:34, time: 0.068, data_time: 0.026, memory: 2214, loss: 2.8337
2024-03-04 11:16:05,768 - mmcls - INFO - Epoch [114][200/272]	lr: 1.000e-03, eta: 0:16:30, time: 0.046, data_time: 0.003, memory: 2214, loss: 2.8342
2024-03-04 11:16:10,399 - mmcls - INFO - Epoch(val) [114][34]	accuracy_top-1: 5.8824, accuracy_top-5: 29.4118
2024-03-04 11:16:17,249 - mmcls - INFO - Epoch [115][100/272]	lr: 1.000e-03, eta: 0:16:23, time: 0.068, data_time: 0.025, memory: 2214, loss: 2.8340
2024-03-04 11:16:21,905 - mmcls - INFO - Epoch [115][200/272]	lr: 1.000e-03, eta: 0:16:19, time: 0.047, data_time: 0.004, memory: 2214, loss: 2.8341
2024-03-04 11:16:26,342 - mmcls - INFO - Epoch(val) [115][34]	accuracy_top-1: 5.8824, accuracy_top-5: 29.4118
2024-03-04 11:16:33,205 - mmcls - INFO - Epoch [116][100/272]	lr: 1.000e-03, eta: 0:16:11, time: 0.068, data_time: 0.025, memory: 2214, loss: 2.8332
2024-03-04 11:16:37,857 - mmcls - INFO - Epoch [116][200/272]	lr: 1.000e-03, eta: 0:16:07, time: 0.046, data_time: 0.003, memory: 2214, loss: 2.8351
2024-03-04 11:16:42,411 - mmcls - INFO - Epoch(val) [116][34]	accuracy_top-1: 5.8824, accuracy_top-5: 29.4118
2024-03-04 11:16:49,283 - mmcls - INFO - Epoch [117][100/272]	lr: 1.000e-03, eta: 0:16:00, time: 0.068, data_time: 0.025, memory: 2214, loss: 2.8333
2024-03-04 11:16:53,931 - mmcls - INFO - Epoch [117][200/272]	lr: 1.000e-03, eta: 0:15:56, time: 0.046, data_time: 0.004, memory: 2214, loss: 2.8348
2024-03-04 11:16:58,419 - mmcls - INFO - Epoch(val) [117][34]	accuracy_top-1: 5.8824, accuracy_top-5: 29.4118
2024-03-04 11:17:05,268 - mmcls - INFO - Epoch [118][100/272]	lr: 1.000e-03, eta: 0:15:48, time: 0.068, data_time: 0.024, memory: 2214, loss: 2.8339
2024-03-04 11:17:09,878 - mmcls - INFO - Epoch [118][200/272]	lr: 1.000e-03, eta: 0:15:44, time: 0.046, data_time: 0.003, memory: 2214, loss: 2.8341
2024-03-04 11:17:14,455 - mmcls - INFO - Epoch(val) [118][34]	accuracy_top-1: 5.8824, accuracy_top-5: 29.4118
2024-03-04 11:17:21,253 - mmcls - INFO - Epoch [119][100/272]	lr: 1.000e-03, eta: 0:15:37, time: 0.068, data_time: 0.025, memory: 2214, loss: 2.8334
2024-03-04 11:17:25,914 - mmcls - INFO - Epoch [119][200/272]	lr: 1.000e-03, eta: 0:15:33, time: 0.047, data_time: 0.004, memory: 2214, loss: 2.8343
2024-03-04 11:17:30,436 - mmcls - INFO - Epoch(val) [119][34]	accuracy_top-1: 5.8824, accuracy_top-5: 29.4118
2024-03-04 11:17:37,280 - mmcls - INFO - Epoch [120][100/272]	lr: 1.000e-03, eta: 0:15:25, time: 0.068, data_time: 0.026, memory: 2214, loss: 2.8336
2024-03-04 11:17:41,888 - mmcls - INFO - Epoch [120][200/272]	lr: 1.000e-03, eta: 0:15:21, time: 0.046, data_time: 0.004, memory: 2214, loss: 2.8342
2024-03-04 11:17:46,569 - mmcls - INFO - Epoch(val) [120][34]	accuracy_top-1: 5.8824, accuracy_top-5: 29.4118
2024-03-04 11:17:53,413 - mmcls - INFO - Epoch [121][100/272]	lr: 1.000e-03, eta: 0:15:14, time: 0.068, data_time: 0.024, memory: 2214, loss: 2.8339
2024-03-04 11:17:58,018 - mmcls - INFO - Epoch [121][200/272]	lr: 1.000e-03, eta: 0:15:10, time: 0.046, data_time: 0.003, memory: 2214, loss: 2.8342
2024-03-04 11:18:02,582 - mmcls - INFO - Epoch(val) [121][34]	accuracy_top-1: 5.8824, accuracy_top-5: 29.4118
2024-03-04 11:18:09,410 - mmcls - INFO - Epoch [122][100/272]	lr: 1.000e-03, eta: 0:15:02, time: 0.068, data_time: 0.025, memory: 2214, loss: 2.8339
2024-03-04 11:18:14,051 - mmcls - INFO - Epoch [122][200/272]	lr: 1.000e-03, eta: 0:14:58, time: 0.046, data_time: 0.003, memory: 2214, loss: 2.8343
2024-03-04 11:18:18,676 - mmcls - INFO - Epoch(val) [122][34]	accuracy_top-1: 5.8824, accuracy_top-5: 29.4118
2024-03-04 11:18:25,461 - mmcls - INFO - Epoch [123][100/272]	lr: 1.000e-03, eta: 0:14:51, time: 0.068, data_time: 0.025, memory: 2214, loss: 2.8334
2024-03-04 11:18:30,099 - mmcls - INFO - Epoch [123][200/272]	lr: 1.000e-03, eta: 0:14:47, time: 0.046, data_time: 0.003, memory: 2214, loss: 2.8341
2024-03-04 11:18:34,703 - mmcls - INFO - Epoch(val) [123][34]	accuracy_top-1: 5.8824, accuracy_top-5: 29.4118
2024-03-04 11:18:41,536 - mmcls - INFO - Epoch [124][100/272]	lr: 1.000e-03, eta: 0:14:39, time: 0.068, data_time: 0.025, memory: 2214, loss: 2.8334
2024-03-04 11:18:46,110 - mmcls - INFO - Epoch [124][200/272]	lr: 1.000e-03, eta: 0:14:35, time: 0.046, data_time: 0.003, memory: 2214, loss: 2.8350
2024-03-04 11:18:50,741 - mmcls - INFO - Epoch(val) [124][34]	accuracy_top-1: 5.8824, accuracy_top-5: 29.4118
2024-03-04 11:18:57,609 - mmcls - INFO - Epoch [125][100/272]	lr: 1.000e-03, eta: 0:14:28, time: 0.068, data_time: 0.026, memory: 2214, loss: 2.8334
2024-03-04 11:19:02,262 - mmcls - INFO - Epoch [125][200/272]	lr: 1.000e-03, eta: 0:14:24, time: 0.047, data_time: 0.004, memory: 2214, loss: 2.8344
2024-03-04 11:19:06,762 - mmcls - INFO - Epoch(val) [125][34]	accuracy_top-1: 5.8824, accuracy_top-5: 29.4118
2024-03-04 11:19:13,611 - mmcls - INFO - Epoch [126][100/272]	lr: 1.000e-03, eta: 0:14:16, time: 0.068, data_time: 0.025, memory: 2214, loss: 2.8337
2024-03-04 11:19:18,271 - mmcls - INFO - Epoch [126][200/272]	lr: 1.000e-03, eta: 0:14:12, time: 0.047, data_time: 0.004, memory: 2214, loss: 2.8345
2024-03-04 11:19:22,887 - mmcls - INFO - Epoch(val) [126][34]	accuracy_top-1: 5.8824, accuracy_top-5: 29.4118
2024-03-04 11:19:29,743 - mmcls - INFO - Epoch [127][100/272]	lr: 1.000e-03, eta: 0:14:05, time: 0.068, data_time: 0.025, memory: 2214, loss: 2.8333
2024-03-04 11:19:34,384 - mmcls - INFO - Epoch [127][200/272]	lr: 1.000e-03, eta: 0:14:01, time: 0.046, data_time: 0.003, memory: 2214, loss: 2.8349
2024-03-04 11:19:39,026 - mmcls - INFO - Epoch(val) [127][34]	accuracy_top-1: 5.8824, accuracy_top-5: 29.4118
2024-03-04 11:19:45,854 - mmcls - INFO - Epoch [128][100/272]	lr: 1.000e-03, eta: 0:13:53, time: 0.068, data_time: 0.024, memory: 2214, loss: 2.8339
2024-03-04 11:19:50,488 - mmcls - INFO - Epoch [128][200/272]	lr: 1.000e-03, eta: 0:13:49, time: 0.046, data_time: 0.003, memory: 2214, loss: 2.8343
2024-03-04 11:19:55,140 - mmcls - INFO - Epoch(val) [128][34]	accuracy_top-1: 5.8824, accuracy_top-5: 29.4118
2024-03-04 11:20:01,969 - mmcls - INFO - Epoch [129][100/272]	lr: 1.000e-03, eta: 0:13:42, time: 0.068, data_time: 0.025, memory: 2214, loss: 2.8338
2024-03-04 11:20:06,603 - mmcls - INFO - Epoch [129][200/272]	lr: 1.000e-03, eta: 0:13:38, time: 0.046, data_time: 0.003, memory: 2214, loss: 2.8340
2024-03-04 11:20:11,204 - mmcls - INFO - Epoch(val) [129][34]	accuracy_top-1: 5.8824, accuracy_top-5: 29.4118
2024-03-04 11:20:18,047 - mmcls - INFO - Epoch [130][100/272]	lr: 1.000e-03, eta: 0:13:30, time: 0.068, data_time: 0.025, memory: 2214, loss: 2.8339
2024-03-04 11:20:22,680 - mmcls - INFO - Epoch [130][200/272]	lr: 1.000e-03, eta: 0:13:26, time: 0.046, data_time: 0.003, memory: 2214, loss: 2.8340
2024-03-04 11:20:27,271 - mmcls - INFO - Epoch(val) [130][34]	accuracy_top-1: 5.8824, accuracy_top-5: 29.4118
2024-03-04 11:20:34,110 - mmcls - INFO - Epoch [131][100/272]	lr: 1.000e-03, eta: 0:13:19, time: 0.068, data_time: 0.025, memory: 2214, loss: 2.8341
2024-03-04 11:20:38,761 - mmcls - INFO - Epoch [131][200/272]	lr: 1.000e-03, eta: 0:13:15, time: 0.046, data_time: 0.003, memory: 2214, loss: 2.8338
2024-03-04 11:20:43,411 - mmcls - INFO - Epoch(val) [131][34]	accuracy_top-1: 5.8824, accuracy_top-5: 29.4118
2024-03-04 11:20:50,252 - mmcls - INFO - Epoch [132][100/272]	lr: 1.000e-03, eta: 0:13:07, time: 0.068, data_time: 0.024, memory: 2214, loss: 2.8335
2024-03-04 11:20:54,879 - mmcls - INFO - Epoch [132][200/272]	lr: 1.000e-03, eta: 0:13:03, time: 0.046, data_time: 0.003, memory: 2214, loss: 2.8345
2024-03-04 11:20:59,523 - mmcls - INFO - Epoch(val) [132][34]	accuracy_top-1: 5.8824, accuracy_top-5: 29.4118
2024-03-04 11:21:06,350 - mmcls - INFO - Epoch [133][100/272]	lr: 1.000e-03, eta: 0:12:56, time: 0.068, data_time: 0.025, memory: 2214, loss: 2.8336
2024-03-04 11:21:10,984 - mmcls - INFO - Epoch [133][200/272]	lr: 1.000e-03, eta: 0:12:52, time: 0.046, data_time: 0.005, memory: 2214, loss: 2.8343
2024-03-04 11:21:15,571 - mmcls - INFO - Epoch(val) [133][34]	accuracy_top-1: 5.8824, accuracy_top-5: 29.4118
2024-03-04 11:21:22,365 - mmcls - INFO - Epoch [134][100/272]	lr: 1.000e-03, eta: 0:12:44, time: 0.068, data_time: 0.025, memory: 2214, loss: 2.8335
2024-03-04 11:21:26,993 - mmcls - INFO - Epoch [134][200/272]	lr: 1.000e-03, eta: 0:12:40, time: 0.046, data_time: 0.004, memory: 2214, loss: 2.8345
2024-03-04 11:21:31,608 - mmcls - INFO - Epoch(val) [134][34]	accuracy_top-1: 5.8824, accuracy_top-5: 29.4118
2024-03-04 11:21:38,424 - mmcls - INFO - Epoch [135][100/272]	lr: 1.000e-03, eta: 0:12:33, time: 0.068, data_time: 0.024, memory: 2214, loss: 2.8338
2024-03-04 11:21:43,046 - mmcls - INFO - Epoch [135][200/272]	lr: 1.000e-03, eta: 0:12:29, time: 0.046, data_time: 0.003, memory: 2214, loss: 2.8343
2024-03-04 11:21:47,583 - mmcls - INFO - Epoch(val) [135][34]	accuracy_top-1: 5.8824, accuracy_top-5: 29.4118
2024-03-04 11:21:54,402 - mmcls - INFO - Epoch [136][100/272]	lr: 1.000e-03, eta: 0:12:21, time: 0.068, data_time: 0.025, memory: 2214, loss: 2.8336
2024-03-04 11:21:59,042 - mmcls - INFO - Epoch [136][200/272]	lr: 1.000e-03, eta: 0:12:17, time: 0.046, data_time: 0.003, memory: 2214, loss: 2.8340
2024-03-04 11:22:03,628 - mmcls - INFO - Epoch(val) [136][34]	accuracy_top-1: 5.8824, accuracy_top-5: 29.4118
2024-03-04 11:22:10,474 - mmcls - INFO - Epoch [137][100/272]	lr: 1.000e-03, eta: 0:12:10, time: 0.068, data_time: 0.025, memory: 2214, loss: 2.8337
2024-03-04 11:22:15,102 - mmcls - INFO - Epoch [137][200/272]	lr: 1.000e-03, eta: 0:12:06, time: 0.046, data_time: 0.004, memory: 2214, loss: 2.8342
2024-03-04 11:22:19,760 - mmcls - INFO - Epoch(val) [137][34]	accuracy_top-1: 5.8824, accuracy_top-5: 29.4118
2024-03-04 11:22:26,568 - mmcls - INFO - Epoch [138][100/272]	lr: 1.000e-03, eta: 0:11:58, time: 0.068, data_time: 0.025, memory: 2214, loss: 2.8337
2024-03-04 11:22:31,189 - mmcls - INFO - Epoch [138][200/272]	lr: 1.000e-03, eta: 0:11:54, time: 0.046, data_time: 0.005, memory: 2214, loss: 2.8343
2024-03-04 11:22:35,741 - mmcls - INFO - Epoch(val) [138][34]	accuracy_top-1: 5.8824, accuracy_top-5: 29.4118
2024-03-04 11:22:42,576 - mmcls - INFO - Epoch [139][100/272]	lr: 1.000e-03, eta: 0:11:47, time: 0.068, data_time: 0.026, memory: 2214, loss: 2.8336
2024-03-04 11:22:47,219 - mmcls - INFO - Epoch [139][200/272]	lr: 1.000e-03, eta: 0:11:43, time: 0.046, data_time: 0.004, memory: 2214, loss: 2.8346
2024-03-04 11:22:51,795 - mmcls - INFO - Epoch(val) [139][34]	accuracy_top-1: 5.8824, accuracy_top-5: 29.4118
2024-03-04 11:22:58,660 - mmcls - INFO - Epoch [140][100/272]	lr: 1.000e-03, eta: 0:11:35, time: 0.068, data_time: 0.025, memory: 2214, loss: 2.8335
2024-03-04 11:23:03,308 - mmcls - INFO - Epoch [140][200/272]	lr: 1.000e-03, eta: 0:11:31, time: 0.046, data_time: 0.003, memory: 2214, loss: 2.8347
2024-03-04 11:23:07,943 - mmcls - INFO - Epoch(val) [140][34]	accuracy_top-1: 5.8824, accuracy_top-5: 29.4118
2024-03-04 11:23:14,766 - mmcls - INFO - Epoch [141][100/272]	lr: 1.000e-03, eta: 0:11:24, time: 0.068, data_time: 0.025, memory: 2214, loss: 2.8338
2024-03-04 11:23:19,429 - mmcls - INFO - Epoch [141][200/272]	lr: 1.000e-03, eta: 0:11:20, time: 0.047, data_time: 0.005, memory: 2214, loss: 2.8341
2024-03-04 11:23:24,086 - mmcls - INFO - Epoch(val) [141][34]	accuracy_top-1: 5.8824, accuracy_top-5: 29.4118
2024-03-04 11:23:30,934 - mmcls - INFO - Epoch [142][100/272]	lr: 1.000e-03, eta: 0:11:12, time: 0.068, data_time: 0.025, memory: 2214, loss: 2.8337
2024-03-04 11:23:35,576 - mmcls - INFO - Epoch [142][200/272]	lr: 1.000e-03, eta: 0:11:08, time: 0.046, data_time: 0.003, memory: 2214, loss: 2.8342
2024-03-04 11:23:40,260 - mmcls - INFO - Epoch(val) [142][34]	accuracy_top-1: 5.8824, accuracy_top-5: 29.4118
2024-03-04 11:23:47,096 - mmcls - INFO - Epoch [143][100/272]	lr: 1.000e-03, eta: 0:11:01, time: 0.068, data_time: 0.025, memory: 2214, loss: 2.8333
2024-03-04 11:23:51,669 - mmcls - INFO - Epoch [143][200/272]	lr: 1.000e-03, eta: 0:10:57, time: 0.046, data_time: 0.003, memory: 2214, loss: 2.8343
2024-03-04 11:23:56,309 - mmcls - INFO - Epoch(val) [143][34]	accuracy_top-1: 5.8824, accuracy_top-5: 29.4118
2024-03-04 11:24:03,174 - mmcls - INFO - Epoch [144][100/272]	lr: 1.000e-03, eta: 0:10:49, time: 0.068, data_time: 0.026, memory: 2214, loss: 2.8336
2024-03-04 11:24:07,853 - mmcls - INFO - Epoch [144][200/272]	lr: 1.000e-03, eta: 0:10:45, time: 0.047, data_time: 0.004, memory: 2214, loss: 2.8343
2024-03-04 11:24:12,606 - mmcls - INFO - Epoch(val) [144][34]	accuracy_top-1: 5.8824, accuracy_top-5: 29.4118
2024-03-04 11:24:19,419 - mmcls - INFO - Epoch [145][100/272]	lr: 1.000e-03, eta: 0:10:38, time: 0.068, data_time: 0.026, memory: 2214, loss: 2.8330
2024-03-04 11:24:24,062 - mmcls - INFO - Epoch [145][200/272]	lr: 1.000e-03, eta: 0:10:34, time: 0.046, data_time: 0.003, memory: 2214, loss: 2.8352
2024-03-04 11:24:28,489 - mmcls - INFO - Epoch(val) [145][34]	accuracy_top-1: 5.8824, accuracy_top-5: 29.4118
2024-03-04 11:24:35,336 - mmcls - INFO - Epoch [146][100/272]	lr: 1.000e-03, eta: 0:10:26, time: 0.068, data_time: 0.025, memory: 2214, loss: 2.8335
2024-03-04 11:24:39,997 - mmcls - INFO - Epoch [146][200/272]	lr: 1.000e-03, eta: 0:10:22, time: 0.047, data_time: 0.003, memory: 2214, loss: 2.8342
2024-03-04 11:24:44,455 - mmcls - INFO - Epoch(val) [146][34]	accuracy_top-1: 5.8824, accuracy_top-5: 29.4118
2024-03-04 11:24:51,285 - mmcls - INFO - Epoch [147][100/272]	lr: 1.000e-03, eta: 0:10:15, time: 0.068, data_time: 0.025, memory: 2214, loss: 2.8340
2024-03-04 11:24:55,909 - mmcls - INFO - Epoch [147][200/272]	lr: 1.000e-03, eta: 0:10:11, time: 0.046, data_time: 0.004, memory: 2214, loss: 2.8339
2024-03-04 11:25:00,506 - mmcls - INFO - Epoch(val) [147][34]	accuracy_top-1: 5.8824, accuracy_top-5: 29.4118
2024-03-04 11:25:07,350 - mmcls - INFO - Epoch [148][100/272]	lr: 1.000e-03, eta: 0:10:03, time: 0.068, data_time: 0.025, memory: 2214, loss: 2.8337
2024-03-04 11:25:11,982 - mmcls - INFO - Epoch [148][200/272]	lr: 1.000e-03, eta: 0:09:59, time: 0.046, data_time: 0.003, memory: 2214, loss: 2.8342
2024-03-04 11:25:16,536 - mmcls - INFO - Epoch(val) [148][34]	accuracy_top-1: 5.8824, accuracy_top-5: 29.4118
2024-03-04 11:25:23,354 - mmcls - INFO - Epoch [149][100/272]	lr: 1.000e-03, eta: 0:09:52, time: 0.068, data_time: 0.025, memory: 2214, loss: 2.8333
2024-03-04 11:25:27,942 - mmcls - INFO - Epoch [149][200/272]	lr: 1.000e-03, eta: 0:09:48, time: 0.046, data_time: 0.004, memory: 2214, loss: 2.8347
2024-03-04 11:25:32,632 - mmcls - INFO - Epoch(val) [149][34]	accuracy_top-1: 5.8824, accuracy_top-5: 29.4118
2024-03-04 11:25:39,425 - mmcls - INFO - Epoch [150][100/272]	lr: 1.000e-03, eta: 0:09:40, time: 0.068, data_time: 0.026, memory: 2214, loss: 2.8333
2024-03-04 11:25:44,062 - mmcls - INFO - Epoch [150][200/272]	lr: 1.000e-03, eta: 0:09:36, time: 0.046, data_time: 0.004, memory: 2214, loss: 2.8350
2024-03-04 11:25:48,667 - mmcls - INFO - Epoch(val) [150][34]	accuracy_top-1: 5.8824, accuracy_top-5: 29.4118
2024-03-04 11:25:55,508 - mmcls - INFO - Epoch [151][100/272]	lr: 1.000e-04, eta: 0:09:29, time: 0.068, data_time: 0.025, memory: 2214, loss: 2.8332
2024-03-04 11:26:00,126 - mmcls - INFO - Epoch [151][200/272]	lr: 1.000e-04, eta: 0:09:25, time: 0.046, data_time: 0.004, memory: 2214, loss: 2.8333
2024-03-04 11:26:04,744 - mmcls - INFO - Epoch(val) [151][34]	accuracy_top-1: 5.8824, accuracy_top-5: 29.4118
2024-03-04 11:26:11,587 - mmcls - INFO - Epoch [152][100/272]	lr: 1.000e-04, eta: 0:09:17, time: 0.068, data_time: 0.025, memory: 2214, loss: 2.8332
2024-03-04 11:26:16,227 - mmcls - INFO - Epoch [152][200/272]	lr: 1.000e-04, eta: 0:09:13, time: 0.046, data_time: 0.003, memory: 2214, loss: 2.8334
2024-03-04 11:26:20,860 - mmcls - INFO - Epoch(val) [152][34]	accuracy_top-1: 5.8824, accuracy_top-5: 29.4118
2024-03-04 11:26:27,691 - mmcls - INFO - Epoch [153][100/272]	lr: 1.000e-04, eta: 0:09:06, time: 0.068, data_time: 0.025, memory: 2214, loss: 2.8332
2024-03-04 11:26:32,324 - mmcls - INFO - Epoch [153][200/272]	lr: 1.000e-04, eta: 0:09:02, time: 0.046, data_time: 0.003, memory: 2214, loss: 2.8333
2024-03-04 11:26:36,871 - mmcls - INFO - Epoch(val) [153][34]	accuracy_top-1: 5.8824, accuracy_top-5: 29.4118
2024-03-04 11:26:43,720 - mmcls - INFO - Epoch [154][100/272]	lr: 1.000e-04, eta: 0:08:54, time: 0.068, data_time: 0.025, memory: 2214, loss: 2.8333
2024-03-04 11:26:48,351 - mmcls - INFO - Epoch [154][200/272]	lr: 1.000e-04, eta: 0:08:50, time: 0.046, data_time: 0.003, memory: 2214, loss: 2.8333
2024-03-04 11:26:53,010 - mmcls - INFO - Epoch(val) [154][34]	accuracy_top-1: 5.8824, accuracy_top-5: 29.4118
2024-03-04 11:26:59,875 - mmcls - INFO - Epoch [155][100/272]	lr: 1.000e-04, eta: 0:08:43, time: 0.068, data_time: 0.025, memory: 2214, loss: 2.8330
2024-03-04 11:27:04,515 - mmcls - INFO - Epoch [155][200/272]	lr: 1.000e-04, eta: 0:08:39, time: 0.046, data_time: 0.003, memory: 2214, loss: 2.8335
2024-03-04 11:27:09,083 - mmcls - INFO - Epoch(val) [155][34]	accuracy_top-1: 5.8824, accuracy_top-5: 29.4118
2024-03-04 11:27:15,896 - mmcls - INFO - Epoch [156][100/272]	lr: 1.000e-04, eta: 0:08:31, time: 0.068, data_time: 0.025, memory: 2214, loss: 2.8333
2024-03-04 11:27:20,524 - mmcls - INFO - Epoch [156][200/272]	lr: 1.000e-04, eta: 0:08:27, time: 0.046, data_time: 0.004, memory: 2214, loss: 2.8333
2024-03-04 11:27:25,215 - mmcls - INFO - Epoch(val) [156][34]	accuracy_top-1: 5.8824, accuracy_top-5: 29.4118
2024-03-04 11:27:32,062 - mmcls - INFO - Epoch [157][100/272]	lr: 1.000e-04, eta: 0:08:20, time: 0.068, data_time: 0.026, memory: 2214, loss: 2.8333
2024-03-04 11:27:36,700 - mmcls - INFO - Epoch [157][200/272]	lr: 1.000e-04, eta: 0:08:16, time: 0.046, data_time: 0.004, memory: 2214, loss: 2.8333
2024-03-04 11:27:41,143 - mmcls - INFO - Epoch(val) [157][34]	accuracy_top-1: 5.8824, accuracy_top-5: 29.4118
2024-03-04 11:27:48,009 - mmcls - INFO - Epoch [158][100/272]	lr: 1.000e-04, eta: 0:08:08, time: 0.068, data_time: 0.025, memory: 2214, loss: 2.8332
2024-03-04 11:27:52,660 - mmcls - INFO - Epoch [158][200/272]	lr: 1.000e-04, eta: 0:08:04, time: 0.046, data_time: 0.003, memory: 2214, loss: 2.8334
2024-03-04 11:27:57,107 - mmcls - INFO - Epoch(val) [158][34]	accuracy_top-1: 5.8824, accuracy_top-5: 29.4118
2024-03-04 11:28:03,956 - mmcls - INFO - Epoch [159][100/272]	lr: 1.000e-04, eta: 0:07:57, time: 0.068, data_time: 0.026, memory: 2214, loss: 2.8333
2024-03-04 11:28:08,591 - mmcls - INFO - Epoch [159][200/272]	lr: 1.000e-04, eta: 0:07:53, time: 0.046, data_time: 0.003, memory: 2214, loss: 2.8333
2024-03-04 11:28:13,148 - mmcls - INFO - Epoch(val) [159][34]	accuracy_top-1: 5.8824, accuracy_top-5: 29.4118
2024-03-04 11:28:19,982 - mmcls - INFO - Epoch [160][100/272]	lr: 1.000e-04, eta: 0:07:45, time: 0.068, data_time: 0.026, memory: 2214, loss: 2.8333
2024-03-04 11:28:24,582 - mmcls - INFO - Epoch [160][200/272]	lr: 1.000e-04, eta: 0:07:41, time: 0.046, data_time: 0.004, memory: 2214, loss: 2.8334
2024-03-04 11:28:29,406 - mmcls - INFO - Epoch(val) [160][34]	accuracy_top-1: 5.8824, accuracy_top-5: 29.4118
2024-03-04 11:28:36,247 - mmcls - INFO - Epoch [161][100/272]	lr: 1.000e-04, eta: 0:07:34, time: 0.068, data_time: 0.025, memory: 2214, loss: 2.8332
2024-03-04 11:28:40,890 - mmcls - INFO - Epoch [161][200/272]	lr: 1.000e-04, eta: 0:07:30, time: 0.046, data_time: 0.003, memory: 2214, loss: 2.8333
2024-03-04 11:28:45,594 - mmcls - INFO - Epoch(val) [161][34]	accuracy_top-1: 5.8824, accuracy_top-5: 29.4118
2024-03-04 11:28:52,446 - mmcls - INFO - Epoch [162][100/272]	lr: 1.000e-04, eta: 0:07:23, time: 0.068, data_time: 0.026, memory: 2214, loss: 2.8332
2024-03-04 11:28:57,085 - mmcls - INFO - Epoch [162][200/272]	lr: 1.000e-04, eta: 0:07:18, time: 0.046, data_time: 0.004, memory: 2214, loss: 2.8333
2024-03-04 11:29:01,763 - mmcls - INFO - Epoch(val) [162][34]	accuracy_top-1: 5.8824, accuracy_top-5: 29.4118
2024-03-04 11:29:08,637 - mmcls - INFO - Epoch [163][100/272]	lr: 1.000e-04, eta: 0:07:11, time: 0.068, data_time: 0.026, memory: 2214, loss: 2.8332
2024-03-04 11:29:13,299 - mmcls - INFO - Epoch [163][200/272]	lr: 1.000e-04, eta: 0:07:07, time: 0.047, data_time: 0.005, memory: 2214, loss: 2.8333
2024-03-04 11:29:18,034 - mmcls - INFO - Epoch(val) [163][34]	accuracy_top-1: 5.8824, accuracy_top-5: 29.4118
2024-03-04 11:29:24,871 - mmcls - INFO - Epoch [164][100/272]	lr: 1.000e-04, eta: 0:07:00, time: 0.068, data_time: 0.025, memory: 2214, loss: 2.8332
2024-03-04 11:29:29,502 - mmcls - INFO - Epoch [164][200/272]	lr: 1.000e-04, eta: 0:06:55, time: 0.046, data_time: 0.003, memory: 2214, loss: 2.8333
2024-03-04 11:29:34,143 - mmcls - INFO - Epoch(val) [164][34]	accuracy_top-1: 5.8824, accuracy_top-5: 29.4118
2024-03-04 11:29:40,993 - mmcls - INFO - Epoch [165][100/272]	lr: 1.000e-04, eta: 0:06:48, time: 0.068, data_time: 0.025, memory: 2214, loss: 2.8331
2024-03-04 11:29:45,640 - mmcls - INFO - Epoch [165][200/272]	lr: 1.000e-04, eta: 0:06:44, time: 0.046, data_time: 0.003, memory: 2214, loss: 2.8334
2024-03-04 11:29:50,040 - mmcls - INFO - Epoch(val) [165][34]	accuracy_top-1: 5.8824, accuracy_top-5: 29.4118
2024-03-04 11:29:56,889 - mmcls - INFO - Epoch [166][100/272]	lr: 1.000e-04, eta: 0:06:37, time: 0.068, data_time: 0.025, memory: 2214, loss: 2.8332
2024-03-04 11:30:01,525 - mmcls - INFO - Epoch [166][200/272]	lr: 1.000e-04, eta: 0:06:33, time: 0.046, data_time: 0.003, memory: 2214, loss: 2.8334
2024-03-04 11:30:06,183 - mmcls - INFO - Epoch(val) [166][34]	accuracy_top-1: 5.8824, accuracy_top-5: 29.4118
2024-03-04 11:30:13,032 - mmcls - INFO - Epoch [167][100/272]	lr: 1.000e-04, eta: 0:06:25, time: 0.068, data_time: 0.025, memory: 2214, loss: 2.8333
2024-03-04 11:30:17,702 - mmcls - INFO - Epoch [167][200/272]	lr: 1.000e-04, eta: 0:06:21, time: 0.047, data_time: 0.004, memory: 2214, loss: 2.8333
2024-03-04 11:30:22,355 - mmcls - INFO - Epoch(val) [167][34]	accuracy_top-1: 5.8824, accuracy_top-5: 29.4118
2024-03-04 11:30:29,177 - mmcls - INFO - Epoch [168][100/272]	lr: 1.000e-04, eta: 0:06:14, time: 0.068, data_time: 0.025, memory: 2214, loss: 2.8332
2024-03-04 11:30:33,820 - mmcls - INFO - Epoch [168][200/272]	lr: 1.000e-04, eta: 0:06:10, time: 0.046, data_time: 0.004, memory: 2214, loss: 2.8334
2024-03-04 11:30:38,508 - mmcls - INFO - Epoch(val) [168][34]	accuracy_top-1: 5.8824, accuracy_top-5: 29.4118
2024-03-04 11:30:45,293 - mmcls - INFO - Epoch [169][100/272]	lr: 1.000e-04, eta: 0:06:02, time: 0.067, data_time: 0.025, memory: 2214, loss: 2.8333
2024-03-04 11:30:49,927 - mmcls - INFO - Epoch [169][200/272]	lr: 1.000e-04, eta: 0:05:58, time: 0.046, data_time: 0.004, memory: 2214, loss: 2.8333
2024-03-04 11:30:54,548 - mmcls - INFO - Epoch(val) [169][34]	accuracy_top-1: 5.8824, accuracy_top-5: 29.4118
2024-03-04 11:31:01,410 - mmcls - INFO - Epoch [170][100/272]	lr: 1.000e-04, eta: 0:05:51, time: 0.068, data_time: 0.026, memory: 2214, loss: 2.8332
2024-03-04 11:31:06,061 - mmcls - INFO - Epoch [170][200/272]	lr: 1.000e-04, eta: 0:05:47, time: 0.046, data_time: 0.003, memory: 2214, loss: 2.8334
2024-03-04 11:31:10,669 - mmcls - INFO - Epoch(val) [170][34]	accuracy_top-1: 5.8824, accuracy_top-5: 29.4118
2024-03-04 11:31:17,492 - mmcls - INFO - Epoch [171][100/272]	lr: 1.000e-04, eta: 0:05:39, time: 0.068, data_time: 0.025, memory: 2214, loss: 2.8331
2024-03-04 11:31:22,129 - mmcls - INFO - Epoch [171][200/272]	lr: 1.000e-04, eta: 0:05:35, time: 0.046, data_time: 0.004, memory: 2214, loss: 2.8335
2024-03-04 11:31:26,763 - mmcls - INFO - Epoch(val) [171][34]	accuracy_top-1: 5.8824, accuracy_top-5: 29.4118
2024-03-04 11:31:33,622 - mmcls - INFO - Epoch [172][100/272]	lr: 1.000e-04, eta: 0:05:28, time: 0.068, data_time: 0.025, memory: 2214, loss: 2.8333
2024-03-04 11:31:38,258 - mmcls - INFO - Epoch [172][200/272]	lr: 1.000e-04, eta: 0:05:24, time: 0.046, data_time: 0.003, memory: 2214, loss: 2.8333
2024-03-04 11:31:42,897 - mmcls - INFO - Epoch(val) [172][34]	accuracy_top-1: 5.8824, accuracy_top-5: 29.4118
2024-03-04 11:31:49,739 - mmcls - INFO - Epoch [173][100/272]	lr: 1.000e-04, eta: 0:05:16, time: 0.068, data_time: 0.026, memory: 2214, loss: 2.8332
2024-03-04 11:31:54,380 - mmcls - INFO - Epoch [173][200/272]	lr: 1.000e-04, eta: 0:05:12, time: 0.046, data_time: 0.003, memory: 2214, loss: 2.8334
2024-03-04 11:31:59,024 - mmcls - INFO - Epoch(val) [173][34]	accuracy_top-1: 5.8824, accuracy_top-5: 29.4118
2024-03-04 11:32:05,841 - mmcls - INFO - Epoch [174][100/272]	lr: 1.000e-04, eta: 0:05:05, time: 0.068, data_time: 0.025, memory: 2214, loss: 2.8332
2024-03-04 11:32:10,479 - mmcls - INFO - Epoch [174][200/272]	lr: 1.000e-04, eta: 0:05:01, time: 0.046, data_time: 0.003, memory: 2214, loss: 2.8334
2024-03-04 11:32:15,134 - mmcls - INFO - Epoch(val) [174][34]	accuracy_top-1: 5.8824, accuracy_top-5: 29.4118
2024-03-04 11:32:21,963 - mmcls - INFO - Epoch [175][100/272]	lr: 1.000e-04, eta: 0:04:53, time: 0.068, data_time: 0.025, memory: 2214, loss: 2.8333
2024-03-04 11:32:26,584 - mmcls - INFO - Epoch [175][200/272]	lr: 1.000e-04, eta: 0:04:49, time: 0.046, data_time: 0.003, memory: 2214, loss: 2.8334
2024-03-04 11:32:31,281 - mmcls - INFO - Epoch(val) [175][34]	accuracy_top-1: 5.8824, accuracy_top-5: 29.4118
2024-03-04 11:32:38,089 - mmcls - INFO - Epoch [176][100/272]	lr: 1.000e-04, eta: 0:04:42, time: 0.068, data_time: 0.025, memory: 2214, loss: 2.8332
2024-03-04 11:32:42,725 - mmcls - INFO - Epoch [176][200/272]	lr: 1.000e-04, eta: 0:04:38, time: 0.046, data_time: 0.003, memory: 2214, loss: 2.8334
2024-03-04 11:32:47,327 - mmcls - INFO - Epoch(val) [176][34]	accuracy_top-1: 5.8824, accuracy_top-5: 29.4118
2024-03-04 11:32:54,109 - mmcls - INFO - Epoch [177][100/272]	lr: 1.000e-04, eta: 0:04:30, time: 0.067, data_time: 0.025, memory: 2214, loss: 2.8332
2024-03-04 11:32:58,734 - mmcls - INFO - Epoch [177][200/272]	lr: 1.000e-04, eta: 0:04:26, time: 0.046, data_time: 0.003, memory: 2214, loss: 2.8333
2024-03-04 11:33:03,292 - mmcls - INFO - Epoch(val) [177][34]	accuracy_top-1: 5.8824, accuracy_top-5: 29.4118
2024-03-04 11:33:10,110 - mmcls - INFO - Epoch [178][100/272]	lr: 1.000e-04, eta: 0:04:19, time: 0.068, data_time: 0.025, memory: 2214, loss: 2.8333
2024-03-04 11:33:14,733 - mmcls - INFO - Epoch [178][200/272]	lr: 1.000e-04, eta: 0:04:15, time: 0.046, data_time: 0.004, memory: 2214, loss: 2.8333
2024-03-04 11:33:19,272 - mmcls - INFO - Epoch(val) [178][34]	accuracy_top-1: 5.8824, accuracy_top-5: 29.4118
2024-03-04 11:33:26,098 - mmcls - INFO - Epoch [179][100/272]	lr: 1.000e-04, eta: 0:04:08, time: 0.068, data_time: 0.025, memory: 2214, loss: 2.8332
2024-03-04 11:33:30,729 - mmcls - INFO - Epoch [179][200/272]	lr: 1.000e-04, eta: 0:04:03, time: 0.046, data_time: 0.003, memory: 2214, loss: 2.8334
2024-03-04 11:33:35,328 - mmcls - INFO - Epoch(val) [179][34]	accuracy_top-1: 5.8824, accuracy_top-5: 29.4118
2024-03-04 11:33:42,095 - mmcls - INFO - Epoch [180][100/272]	lr: 1.000e-04, eta: 0:03:56, time: 0.067, data_time: 0.024, memory: 2214, loss: 2.8332
2024-03-04 11:33:46,731 - mmcls - INFO - Epoch [180][200/272]	lr: 1.000e-04, eta: 0:03:52, time: 0.046, data_time: 0.004, memory: 2214, loss: 2.8333
2024-03-04 11:33:51,477 - mmcls - INFO - Epoch(val) [180][34]	accuracy_top-1: 5.8824, accuracy_top-5: 29.4118
2024-03-04 11:33:58,302 - mmcls - INFO - Epoch [181][100/272]	lr: 1.000e-04, eta: 0:03:45, time: 0.068, data_time: 0.025, memory: 2214, loss: 2.8332
2024-03-04 11:34:02,936 - mmcls - INFO - Epoch [181][200/272]	lr: 1.000e-04, eta: 0:03:40, time: 0.046, data_time: 0.003, memory: 2214, loss: 2.8334
2024-03-04 11:34:07,552 - mmcls - INFO - Epoch(val) [181][34]	accuracy_top-1: 5.8824, accuracy_top-5: 29.4118
2024-03-04 11:34:14,418 - mmcls - INFO - Epoch [182][100/272]	lr: 1.000e-04, eta: 0:03:33, time: 0.068, data_time: 0.025, memory: 2214, loss: 2.8332
2024-03-04 11:34:19,020 - mmcls - INFO - Epoch [182][200/272]	lr: 1.000e-04, eta: 0:03:29, time: 0.046, data_time: 0.004, memory: 2214, loss: 2.8334
2024-03-04 11:34:23,580 - mmcls - INFO - Epoch(val) [182][34]	accuracy_top-1: 5.8824, accuracy_top-5: 29.4118
2024-03-04 11:34:30,449 - mmcls - INFO - Epoch [183][100/272]	lr: 1.000e-04, eta: 0:03:22, time: 0.068, data_time: 0.026, memory: 2214, loss: 2.8332
2024-03-04 11:34:35,050 - mmcls - INFO - Epoch [183][200/272]	lr: 1.000e-04, eta: 0:03:17, time: 0.046, data_time: 0.003, memory: 2214, loss: 2.8333
2024-03-04 11:34:39,684 - mmcls - INFO - Epoch(val) [183][34]	accuracy_top-1: 5.8824, accuracy_top-5: 29.4118
2024-03-04 11:34:46,489 - mmcls - INFO - Epoch [184][100/272]	lr: 1.000e-04, eta: 0:03:10, time: 0.068, data_time: 0.025, memory: 2214, loss: 2.8333
2024-03-04 11:34:51,110 - mmcls - INFO - Epoch [184][200/272]	lr: 1.000e-04, eta: 0:03:06, time: 0.046, data_time: 0.004, memory: 2214, loss: 2.8333
2024-03-04 11:34:55,722 - mmcls - INFO - Epoch(val) [184][34]	accuracy_top-1: 5.8824, accuracy_top-5: 29.4118
2024-03-04 11:35:02,558 - mmcls - INFO - Epoch [185][100/272]	lr: 1.000e-04, eta: 0:02:59, time: 0.068, data_time: 0.025, memory: 2214, loss: 2.8332
2024-03-04 11:35:07,126 - mmcls - INFO - Epoch [185][200/272]	lr: 1.000e-04, eta: 0:02:55, time: 0.046, data_time: 0.004, memory: 2214, loss: 2.8333
2024-03-04 11:35:11,750 - mmcls - INFO - Epoch(val) [185][34]	accuracy_top-1: 5.8824, accuracy_top-5: 29.4118
2024-03-04 11:35:18,596 - mmcls - INFO - Epoch [186][100/272]	lr: 1.000e-04, eta: 0:02:47, time: 0.068, data_time: 0.026, memory: 2214, loss: 2.8332
2024-03-04 11:35:23,183 - mmcls - INFO - Epoch [186][200/272]	lr: 1.000e-04, eta: 0:02:43, time: 0.046, data_time: 0.004, memory: 2214, loss: 2.8334
2024-03-04 11:35:27,732 - mmcls - INFO - Epoch(val) [186][34]	accuracy_top-1: 5.8824, accuracy_top-5: 29.4118
2024-03-04 11:35:34,553 - mmcls - INFO - Epoch [187][100/272]	lr: 1.000e-04, eta: 0:02:36, time: 0.068, data_time: 0.025, memory: 2214, loss: 2.8333
2024-03-04 11:35:39,195 - mmcls - INFO - Epoch [187][200/272]	lr: 1.000e-04, eta: 0:02:32, time: 0.046, data_time: 0.003, memory: 2214, loss: 2.8333
2024-03-04 11:35:43,880 - mmcls - INFO - Epoch(val) [187][34]	accuracy_top-1: 5.8824, accuracy_top-5: 29.4118
2024-03-04 11:35:50,753 - mmcls - INFO - Epoch [188][100/272]	lr: 1.000e-04, eta: 0:02:24, time: 0.068, data_time: 0.025, memory: 2214, loss: 2.8333
2024-03-04 11:35:55,391 - mmcls - INFO - Epoch [188][200/272]	lr: 1.000e-04, eta: 0:02:20, time: 0.046, data_time: 0.003, memory: 2214, loss: 2.8333
2024-03-04 11:35:59,970 - mmcls - INFO - Epoch(val) [188][34]	accuracy_top-1: 5.8824, accuracy_top-5: 29.4118
2024-03-04 11:36:06,734 - mmcls - INFO - Epoch [189][100/272]	lr: 1.000e-04, eta: 0:02:13, time: 0.067, data_time: 0.025, memory: 2214, loss: 2.8332
2024-03-04 11:36:11,360 - mmcls - INFO - Epoch [189][200/272]	lr: 1.000e-04, eta: 0:02:09, time: 0.046, data_time: 0.004, memory: 2214, loss: 2.8333
2024-03-04 11:36:16,016 - mmcls - INFO - Epoch(val) [189][34]	accuracy_top-1: 5.8824, accuracy_top-5: 29.4118
2024-03-04 11:36:22,765 - mmcls - INFO - Epoch [190][100/272]	lr: 1.000e-04, eta: 0:02:01, time: 0.067, data_time: 0.025, memory: 2214, loss: 2.8333
2024-03-04 11:36:27,395 - mmcls - INFO - Epoch [190][200/272]	lr: 1.000e-04, eta: 0:01:57, time: 0.046, data_time: 0.003, memory: 2214, loss: 2.8333
2024-03-04 11:36:32,059 - mmcls - INFO - Epoch(val) [190][34]	accuracy_top-1: 5.8824, accuracy_top-5: 29.4118
2024-03-04 11:36:38,834 - mmcls - INFO - Epoch [191][100/272]	lr: 1.000e-04, eta: 0:01:50, time: 0.067, data_time: 0.026, memory: 2214, loss: 2.8333
2024-03-04 11:36:43,454 - mmcls - INFO - Epoch [191][200/272]	lr: 1.000e-04, eta: 0:01:46, time: 0.046, data_time: 0.004, memory: 2214, loss: 2.8334
2024-03-04 11:36:48,072 - mmcls - INFO - Epoch(val) [191][34]	accuracy_top-1: 5.8824, accuracy_top-5: 29.4118
2024-03-04 11:36:54,892 - mmcls - INFO - Epoch [192][100/272]	lr: 1.000e-04, eta: 0:01:38, time: 0.068, data_time: 0.025, memory: 2214, loss: 2.8332
2024-03-04 11:36:59,520 - mmcls - INFO - Epoch [192][200/272]	lr: 1.000e-04, eta: 0:01:34, time: 0.046, data_time: 0.003, memory: 2214, loss: 2.8333
2024-03-04 11:37:03,942 - mmcls - INFO - Epoch(val) [192][34]	accuracy_top-1: 5.8824, accuracy_top-5: 29.4118
2024-03-04 11:37:10,726 - mmcls - INFO - Epoch [193][100/272]	lr: 1.000e-04, eta: 0:01:27, time: 0.067, data_time: 0.024, memory: 2214, loss: 2.8333
2024-03-04 11:37:15,356 - mmcls - INFO - Epoch [193][200/272]	lr: 1.000e-04, eta: 0:01:23, time: 0.046, data_time: 0.003, memory: 2214, loss: 2.8333
2024-03-04 11:37:19,912 - mmcls - INFO - Epoch(val) [193][34]	accuracy_top-1: 5.8824, accuracy_top-5: 29.4118
2024-03-04 11:37:26,695 - mmcls - INFO - Epoch [194][100/272]	lr: 1.000e-04, eta: 0:01:16, time: 0.067, data_time: 0.025, memory: 2214, loss: 2.8332
2024-03-04 11:37:31,327 - mmcls - INFO - Epoch [194][200/272]	lr: 1.000e-04, eta: 0:01:11, time: 0.046, data_time: 0.004, memory: 2214, loss: 2.8334
2024-03-04 11:37:35,944 - mmcls - INFO - Epoch(val) [194][34]	accuracy_top-1: 5.8824, accuracy_top-5: 29.4118
2024-03-04 11:37:42,811 - mmcls - INFO - Epoch [195][100/272]	lr: 1.000e-04, eta: 0:01:04, time: 0.068, data_time: 0.025, memory: 2214, loss: 2.8332
2024-03-04 11:37:47,455 - mmcls - INFO - Epoch [195][200/272]	lr: 1.000e-04, eta: 0:01:00, time: 0.046, data_time: 0.003, memory: 2214, loss: 2.8333
2024-03-04 11:37:51,959 - mmcls - INFO - Epoch(val) [195][34]	accuracy_top-1: 5.8824, accuracy_top-5: 29.4118
2024-03-04 11:37:58,811 - mmcls - INFO - Epoch [196][100/272]	lr: 1.000e-04, eta: 0:00:53, time: 0.068, data_time: 0.025, memory: 2214, loss: 2.8332
2024-03-04 11:38:03,455 - mmcls - INFO - Epoch [196][200/272]	lr: 1.000e-04, eta: 0:00:48, time: 0.046, data_time: 0.003, memory: 2214, loss: 2.8333
2024-03-04 11:38:08,070 - mmcls - INFO - Epoch(val) [196][34]	accuracy_top-1: 5.8824, accuracy_top-5: 29.4118
2024-03-04 11:38:14,922 - mmcls - INFO - Epoch [197][100/272]	lr: 1.000e-04, eta: 0:00:41, time: 0.068, data_time: 0.026, memory: 2214, loss: 2.8333
2024-03-04 11:38:19,568 - mmcls - INFO - Epoch [197][200/272]	lr: 1.000e-04, eta: 0:00:37, time: 0.046, data_time: 0.003, memory: 2214, loss: 2.8333
2024-03-04 11:38:24,168 - mmcls - INFO - Epoch(val) [197][34]	accuracy_top-1: 5.8824, accuracy_top-5: 29.4118
2024-03-04 11:38:31,020 - mmcls - INFO - Epoch [198][100/272]	lr: 1.000e-04, eta: 0:00:30, time: 0.068, data_time: 0.025, memory: 2214, loss: 2.8333
2024-03-04 11:38:35,663 - mmcls - INFO - Epoch [198][200/272]	lr: 1.000e-04, eta: 0:00:25, time: 0.046, data_time: 0.003, memory: 2214, loss: 2.8333
2024-03-04 11:38:40,275 - mmcls - INFO - Epoch(val) [198][34]	accuracy_top-1: 5.8824, accuracy_top-5: 29.4118
2024-03-04 11:38:47,140 - mmcls - INFO - Epoch [199][100/272]	lr: 1.000e-04, eta: 0:00:18, time: 0.068, data_time: 0.025, memory: 2214, loss: 2.8331
2024-03-04 11:38:51,804 - mmcls - INFO - Epoch [199][200/272]	lr: 1.000e-04, eta: 0:00:14, time: 0.047, data_time: 0.003, memory: 2214, loss: 2.8335
2024-03-04 11:38:56,553 - mmcls - INFO - Epoch(val) [199][34]	accuracy_top-1: 5.8824, accuracy_top-5: 29.4118
2024-03-04 11:39:03,432 - mmcls - INFO - Epoch [200][100/272]	lr: 1.000e-04, eta: 0:00:07, time: 0.068, data_time: 0.026, memory: 2214, loss: 2.8332
2024-03-04 11:39:08,059 - mmcls - INFO - Epoch [200][200/272]	lr: 1.000e-04, eta: 0:00:03, time: 0.046, data_time: 0.003, memory: 2214, loss: 2.8334
2024-03-04 11:39:11,419 - mmcls - INFO - Saving checkpoint at 200 epochs
2024-03-04 11:39:19,279 - mmcls - INFO - Epoch(val) [200][34]	accuracy_top-1: 5.8824, accuracy_top-5: 29.4118
