2024-04-12 22:54:27,348 - mmcls - INFO - Environment info:
------------------------------------------------------------
sys.platform: linux
Python: 3.7.16 (default, Jan 17 2023, 22:20:44) [GCC 11.2.0]
CUDA available: True
GPU 0: NVIDIA GeForce RTX 2080 Ti
CUDA_HOME: /usr/local/cuda
NVCC: Cuda compilation tools, release 11.8, V11.8.89
GCC: gcc (Ubuntu 11.4.0-1ubuntu1~22.04) 11.4.0
PyTorch: 1.7.1
PyTorch compiling details: PyTorch built with:
  - GCC 7.3
  - C++ Version: 201402
  - Intel(R) oneAPI Math Kernel Library Version 2021.4-Product Build 20210904 for Intel(R) 64 architecture applications
  - Intel(R) MKL-DNN v1.6.0 (Git Hash 5ef631a030a6f73131c77892041042805a06064f)
  - OpenMP 201511 (a.k.a. OpenMP 4.5)
  - NNPACK is enabled
  - CPU capability usage: AVX2
  - CUDA Runtime 10.1
  - NVCC architecture flags: -gencode;arch=compute_37,code=sm_37;-gencode;arch=compute_50,code=sm_50;-gencode;arch=compute_60,code=sm_60;-gencode;arch=compute_61,code=sm_61;-gencode;arch=compute_70,code=sm_70;-gencode;arch=compute_75,code=sm_75;-gencode;arch=compute_37,code=compute_37
  - CuDNN 7.6.3
  - Magma 2.5.2
  - Build settings: BLAS=MKL, BUILD_TYPE=Release, CXX_FLAGS= -Wno-deprecated -fvisibility-inlines-hidden -DUSE_PTHREADPOOL -fopenmp -DNDEBUG -DUSE_FBGEMM -DUSE_QNNPACK -DUSE_PYTORCH_QNNPACK -DUSE_XNNPACK -DUSE_VULKAN_WRAPPER -O2 -fPIC -Wno-narrowing -Wall -Wextra -Werror=return-type -Wno-missing-field-initializers -Wno-type-limits -Wno-array-bounds -Wno-unknown-pragmas -Wno-sign-compare -Wno-unused-parameter -Wno-unused-variable -Wno-unused-function -Wno-unused-result -Wno-unused-local-typedefs -Wno-strict-overflow -Wno-strict-aliasing -Wno-error=deprecated-declarations -Wno-stringop-overflow -Wno-psabi -Wno-error=pedantic -Wno-error=redundant-decls -Wno-error=old-style-cast -fdiagnostics-color=always -faligned-new -Wno-unused-but-set-variable -Wno-maybe-uninitialized -fno-math-errno -fno-trapping-math -Werror=format -Wno-stringop-overflow, PERF_WITH_AVX=1, PERF_WITH_AVX2=1, PERF_WITH_AVX512=1, USE_CUDA=ON, USE_EXCEPTION_PTR=1, USE_GFLAGS=OFF, USE_GLOG=OFF, USE_MKL=ON, USE_MKLDNN=ON, USE_MPI=OFF, USE_NCCL=ON, USE_NNPACK=ON, USE_OPENMP=ON, 

TorchVision: 0.8.2
OpenCV: 4.9.0
MMCV: 1.5.0
MMCV Compiler: n/a
MMCV CUDA Compiler: n/a
MMClassification: 0.15.0+2b78fde
------------------------------------------------------------

2024-04-12 22:54:27,350 - mmcls - INFO - Distributed training: False
2024-04-12 22:54:27,665 - mmcls - INFO - Config:
model = dict(
    type='ImageClassifier',
    backbone=dict(
        type='SwinTransformer', arch='base', img_size=224, drop_path_rate=0.5),
    neck=dict(type='GlobalAveragePooling'),
    head=dict(
        type='LinearClsHead',
        num_classes=17,
        in_channels=1024,
        init_cfg=None,
        loss=dict(
            type='LabelSmoothLoss', label_smooth_val=0.1, mode='original'),
        cal_acc=False),
    init_cfg=[
        dict(type='TruncNormal', layer='Linear', std=0.02, bias=0.0),
        dict(type='Constant', layer='LayerNorm', val=1.0, bias=0.0)
    ],
    train_cfg=dict(augments=[
        dict(type='BatchMixup', alpha=0.8, num_classes=17, prob=0.5),
        dict(type='BatchCutMix', alpha=1.0, num_classes=17, prob=0.5)
    ]))
dataset_type = 'Flowers'
img_norm_cfg = dict(
    mean=[123.675, 116.28, 103.53], std=[58.395, 57.12, 57.375], to_rgb=True)
train_pipeline = [
    dict(type='LoadImageFromFile'),
    dict(type='RandomResizedCrop', size=224),
    dict(type='RandomFlip', flip_prob=0.5, direction='horizontal'),
    dict(
        type='Normalize',
        mean=[123.675, 116.28, 103.53],
        std=[58.395, 57.12, 57.375],
        to_rgb=True),
    dict(type='ImageToTensor', keys=['img']),
    dict(type='ToTensor', keys=['gt_label']),
    dict(type='Collect', keys=['img', 'gt_label'])
]
test_pipeline = [
    dict(type='LoadImageFromFile'),
    dict(type='Resize', size=(256, -1)),
    dict(type='CenterCrop', crop_size=224),
    dict(
        type='Normalize',
        mean=[123.675, 116.28, 103.53],
        std=[58.395, 57.12, 57.375],
        to_rgb=True),
    dict(type='ImageToTensor', keys=['img']),
    dict(type='Collect', keys=['img'])
]
data = dict(
    samples_per_gpu=16,
    workers_per_gpu=1,
    train=dict(
        type='Flowers',
        data_prefix='data/flowers/train',
        ann_file='data/flowers/meta/train.txt',
        pipeline=[
            dict(type='LoadImageFromFile'),
            dict(type='RandomResizedCrop', size=224),
            dict(type='RandomFlip', flip_prob=0.5, direction='horizontal'),
            dict(
                type='Normalize',
                mean=[123.675, 116.28, 103.53],
                std=[58.395, 57.12, 57.375],
                to_rgb=True),
            dict(type='ImageToTensor', keys=['img']),
            dict(type='ToTensor', keys=['gt_label']),
            dict(type='Collect', keys=['img', 'gt_label'])
        ]),
    val=dict(
        type='Flowers',
        data_prefix='data/flowers/val',
        ann_file='data/flowers/meta/val.txt',
        pipeline=[
            dict(type='LoadImageFromFile'),
            dict(type='Resize', size=(256, -1)),
            dict(type='CenterCrop', crop_size=224),
            dict(
                type='Normalize',
                mean=[123.675, 116.28, 103.53],
                std=[58.395, 57.12, 57.375],
                to_rgb=True),
            dict(type='ImageToTensor', keys=['img']),
            dict(type='Collect', keys=['img'])
        ]),
    test=dict(
        type='Flowers',
        data_prefix='data/flowers/test',
        ann_file='data/flowers/meta/test.txt',
        pipeline=[
            dict(type='LoadImageFromFile'),
            dict(type='Resize', size=(256, -1)),
            dict(type='CenterCrop', crop_size=224),
            dict(
                type='Normalize',
                mean=[123.675, 116.28, 103.53],
                std=[58.395, 57.12, 57.375],
                to_rgb=True),
            dict(type='ImageToTensor', keys=['img']),
            dict(type='Collect', keys=['img'])
        ]))
evaluation = dict(interval=1, metric='accuracy')
optimizer = dict(type='SGD', lr=0.0001, momentum=0.9, weight_decay=0.0001)
optimizer_config = dict(grad_clip=None)
lr_config = dict(policy='step', step=[100, 150])
runner = dict(type='EpochBasedRunner', max_epochs=200)
checkpoint_config = dict(interval=100)
log_config = dict(interval=100, hooks=[dict(type='TextLoggerHook')])
dist_params = dict(backend='nccl')
log_level = 'INFO'
load_from = None
resume_from = None
workflow = [('train', 1)]
work_dir = 'output/swin_transformer/bs16/lr0.0001'
gpu_ids = range(0, 1)

2024-04-12 22:54:28,681 - mmcls - INFO - initialize ImageClassifier with init_cfg [{'type': 'TruncNormal', 'layer': 'Linear', 'std': 0.02, 'bias': 0.0}, {'type': 'Constant', 'layer': 'LayerNorm', 'val': 1.0, 'bias': 0.0}]
Name of parameter - Initialization information

backbone.patch_embed.projection.weight - torch.Size([128, 3, 4, 4]): 
The value is the same before and after calling `init_weights` of ImageClassifier  

backbone.patch_embed.projection.bias - torch.Size([128]): 
The value is the same before and after calling `init_weights` of ImageClassifier  

backbone.patch_embed.norm.weight - torch.Size([128]): 
The value is the same before and after calling `init_weights` of ImageClassifier  

backbone.patch_embed.norm.bias - torch.Size([128]): 
The value is the same before and after calling `init_weights` of ImageClassifier  

backbone.stages.0.blocks.0.norm1.weight - torch.Size([128]): 
The value is the same before and after calling `init_weights` of ImageClassifier  

backbone.stages.0.blocks.0.norm1.bias - torch.Size([128]): 
The value is the same before and after calling `init_weights` of ImageClassifier  

backbone.stages.0.blocks.0.attn.w_msa.relative_position_bias_table - torch.Size([169, 4]): 
Initialized by user-defined `init_weights` in WindowMSA  

backbone.stages.0.blocks.0.attn.w_msa.qkv.weight - torch.Size([384, 128]): 
TruncNormalInit: a=-2, b=2, mean=0, std=0.02, bias=0.0 

backbone.stages.0.blocks.0.attn.w_msa.qkv.bias - torch.Size([384]): 
TruncNormalInit: a=-2, b=2, mean=0, std=0.02, bias=0.0 

backbone.stages.0.blocks.0.attn.w_msa.proj.weight - torch.Size([128, 128]): 
TruncNormalInit: a=-2, b=2, mean=0, std=0.02, bias=0.0 

backbone.stages.0.blocks.0.attn.w_msa.proj.bias - torch.Size([128]): 
TruncNormalInit: a=-2, b=2, mean=0, std=0.02, bias=0.0 

backbone.stages.0.blocks.0.norm2.weight - torch.Size([128]): 
The value is the same before and after calling `init_weights` of ImageClassifier  

backbone.stages.0.blocks.0.norm2.bias - torch.Size([128]): 
The value is the same before and after calling `init_weights` of ImageClassifier  

backbone.stages.0.blocks.0.ffn.layers.0.0.weight - torch.Size([512, 128]): 
TruncNormalInit: a=-2, b=2, mean=0, std=0.02, bias=0.0 

backbone.stages.0.blocks.0.ffn.layers.0.0.bias - torch.Size([512]): 
TruncNormalInit: a=-2, b=2, mean=0, std=0.02, bias=0.0 

backbone.stages.0.blocks.0.ffn.layers.1.weight - torch.Size([128, 512]): 
TruncNormalInit: a=-2, b=2, mean=0, std=0.02, bias=0.0 

backbone.stages.0.blocks.0.ffn.layers.1.bias - torch.Size([128]): 
TruncNormalInit: a=-2, b=2, mean=0, std=0.02, bias=0.0 

backbone.stages.0.blocks.1.norm1.weight - torch.Size([128]): 
The value is the same before and after calling `init_weights` of ImageClassifier  

backbone.stages.0.blocks.1.norm1.bias - torch.Size([128]): 
The value is the same before and after calling `init_weights` of ImageClassifier  

backbone.stages.0.blocks.1.attn.w_msa.relative_position_bias_table - torch.Size([169, 4]): 
Initialized by user-defined `init_weights` in WindowMSA  

backbone.stages.0.blocks.1.attn.w_msa.qkv.weight - torch.Size([384, 128]): 
TruncNormalInit: a=-2, b=2, mean=0, std=0.02, bias=0.0 

backbone.stages.0.blocks.1.attn.w_msa.qkv.bias - torch.Size([384]): 
TruncNormalInit: a=-2, b=2, mean=0, std=0.02, bias=0.0 

backbone.stages.0.blocks.1.attn.w_msa.proj.weight - torch.Size([128, 128]): 
TruncNormalInit: a=-2, b=2, mean=0, std=0.02, bias=0.0 

backbone.stages.0.blocks.1.attn.w_msa.proj.bias - torch.Size([128]): 
TruncNormalInit: a=-2, b=2, mean=0, std=0.02, bias=0.0 

backbone.stages.0.blocks.1.norm2.weight - torch.Size([128]): 
The value is the same before and after calling `init_weights` of ImageClassifier  

backbone.stages.0.blocks.1.norm2.bias - torch.Size([128]): 
The value is the same before and after calling `init_weights` of ImageClassifier  

backbone.stages.0.blocks.1.ffn.layers.0.0.weight - torch.Size([512, 128]): 
TruncNormalInit: a=-2, b=2, mean=0, std=0.02, bias=0.0 

backbone.stages.0.blocks.1.ffn.layers.0.0.bias - torch.Size([512]): 
TruncNormalInit: a=-2, b=2, mean=0, std=0.02, bias=0.0 

backbone.stages.0.blocks.1.ffn.layers.1.weight - torch.Size([128, 512]): 
TruncNormalInit: a=-2, b=2, mean=0, std=0.02, bias=0.0 

backbone.stages.0.blocks.1.ffn.layers.1.bias - torch.Size([128]): 
TruncNormalInit: a=-2, b=2, mean=0, std=0.02, bias=0.0 

backbone.stages.0.downsample.norm.weight - torch.Size([512]): 
The value is the same before and after calling `init_weights` of ImageClassifier  

backbone.stages.0.downsample.norm.bias - torch.Size([512]): 
The value is the same before and after calling `init_weights` of ImageClassifier  

backbone.stages.0.downsample.reduction.weight - torch.Size([256, 512]): 
TruncNormalInit: a=-2, b=2, mean=0, std=0.02, bias=0.0 

backbone.stages.1.blocks.0.norm1.weight - torch.Size([256]): 
The value is the same before and after calling `init_weights` of ImageClassifier  

backbone.stages.1.blocks.0.norm1.bias - torch.Size([256]): 
The value is the same before and after calling `init_weights` of ImageClassifier  

backbone.stages.1.blocks.0.attn.w_msa.relative_position_bias_table - torch.Size([169, 8]): 
Initialized by user-defined `init_weights` in WindowMSA  

backbone.stages.1.blocks.0.attn.w_msa.qkv.weight - torch.Size([768, 256]): 
TruncNormalInit: a=-2, b=2, mean=0, std=0.02, bias=0.0 

backbone.stages.1.blocks.0.attn.w_msa.qkv.bias - torch.Size([768]): 
TruncNormalInit: a=-2, b=2, mean=0, std=0.02, bias=0.0 

backbone.stages.1.blocks.0.attn.w_msa.proj.weight - torch.Size([256, 256]): 
TruncNormalInit: a=-2, b=2, mean=0, std=0.02, bias=0.0 

backbone.stages.1.blocks.0.attn.w_msa.proj.bias - torch.Size([256]): 
TruncNormalInit: a=-2, b=2, mean=0, std=0.02, bias=0.0 

backbone.stages.1.blocks.0.norm2.weight - torch.Size([256]): 
The value is the same before and after calling `init_weights` of ImageClassifier  

backbone.stages.1.blocks.0.norm2.bias - torch.Size([256]): 
The value is the same before and after calling `init_weights` of ImageClassifier  

backbone.stages.1.blocks.0.ffn.layers.0.0.weight - torch.Size([1024, 256]): 
TruncNormalInit: a=-2, b=2, mean=0, std=0.02, bias=0.0 

backbone.stages.1.blocks.0.ffn.layers.0.0.bias - torch.Size([1024]): 
TruncNormalInit: a=-2, b=2, mean=0, std=0.02, bias=0.0 

backbone.stages.1.blocks.0.ffn.layers.1.weight - torch.Size([256, 1024]): 
TruncNormalInit: a=-2, b=2, mean=0, std=0.02, bias=0.0 

backbone.stages.1.blocks.0.ffn.layers.1.bias - torch.Size([256]): 
TruncNormalInit: a=-2, b=2, mean=0, std=0.02, bias=0.0 

backbone.stages.1.blocks.1.norm1.weight - torch.Size([256]): 
The value is the same before and after calling `init_weights` of ImageClassifier  

backbone.stages.1.blocks.1.norm1.bias - torch.Size([256]): 
The value is the same before and after calling `init_weights` of ImageClassifier  

backbone.stages.1.blocks.1.attn.w_msa.relative_position_bias_table - torch.Size([169, 8]): 
Initialized by user-defined `init_weights` in WindowMSA  

backbone.stages.1.blocks.1.attn.w_msa.qkv.weight - torch.Size([768, 256]): 
TruncNormalInit: a=-2, b=2, mean=0, std=0.02, bias=0.0 

backbone.stages.1.blocks.1.attn.w_msa.qkv.bias - torch.Size([768]): 
TruncNormalInit: a=-2, b=2, mean=0, std=0.02, bias=0.0 

backbone.stages.1.blocks.1.attn.w_msa.proj.weight - torch.Size([256, 256]): 
TruncNormalInit: a=-2, b=2, mean=0, std=0.02, bias=0.0 

backbone.stages.1.blocks.1.attn.w_msa.proj.bias - torch.Size([256]): 
TruncNormalInit: a=-2, b=2, mean=0, std=0.02, bias=0.0 

backbone.stages.1.blocks.1.norm2.weight - torch.Size([256]): 
The value is the same before and after calling `init_weights` of ImageClassifier  

backbone.stages.1.blocks.1.norm2.bias - torch.Size([256]): 
The value is the same before and after calling `init_weights` of ImageClassifier  

backbone.stages.1.blocks.1.ffn.layers.0.0.weight - torch.Size([1024, 256]): 
TruncNormalInit: a=-2, b=2, mean=0, std=0.02, bias=0.0 

backbone.stages.1.blocks.1.ffn.layers.0.0.bias - torch.Size([1024]): 
TruncNormalInit: a=-2, b=2, mean=0, std=0.02, bias=0.0 

backbone.stages.1.blocks.1.ffn.layers.1.weight - torch.Size([256, 1024]): 
TruncNormalInit: a=-2, b=2, mean=0, std=0.02, bias=0.0 

backbone.stages.1.blocks.1.ffn.layers.1.bias - torch.Size([256]): 
TruncNormalInit: a=-2, b=2, mean=0, std=0.02, bias=0.0 

backbone.stages.1.downsample.norm.weight - torch.Size([1024]): 
The value is the same before and after calling `init_weights` of ImageClassifier  

backbone.stages.1.downsample.norm.bias - torch.Size([1024]): 
The value is the same before and after calling `init_weights` of ImageClassifier  

backbone.stages.1.downsample.reduction.weight - torch.Size([512, 1024]): 
TruncNormalInit: a=-2, b=2, mean=0, std=0.02, bias=0.0 

backbone.stages.2.blocks.0.norm1.weight - torch.Size([512]): 
The value is the same before and after calling `init_weights` of ImageClassifier  

backbone.stages.2.blocks.0.norm1.bias - torch.Size([512]): 
The value is the same before and after calling `init_weights` of ImageClassifier  

backbone.stages.2.blocks.0.attn.w_msa.relative_position_bias_table - torch.Size([169, 16]): 
Initialized by user-defined `init_weights` in WindowMSA  

backbone.stages.2.blocks.0.attn.w_msa.qkv.weight - torch.Size([1536, 512]): 
TruncNormalInit: a=-2, b=2, mean=0, std=0.02, bias=0.0 

backbone.stages.2.blocks.0.attn.w_msa.qkv.bias - torch.Size([1536]): 
TruncNormalInit: a=-2, b=2, mean=0, std=0.02, bias=0.0 

backbone.stages.2.blocks.0.attn.w_msa.proj.weight - torch.Size([512, 512]): 
TruncNormalInit: a=-2, b=2, mean=0, std=0.02, bias=0.0 

backbone.stages.2.blocks.0.attn.w_msa.proj.bias - torch.Size([512]): 
TruncNormalInit: a=-2, b=2, mean=0, std=0.02, bias=0.0 

backbone.stages.2.blocks.0.norm2.weight - torch.Size([512]): 
The value is the same before and after calling `init_weights` of ImageClassifier  

backbone.stages.2.blocks.0.norm2.bias - torch.Size([512]): 
The value is the same before and after calling `init_weights` of ImageClassifier  

backbone.stages.2.blocks.0.ffn.layers.0.0.weight - torch.Size([2048, 512]): 
TruncNormalInit: a=-2, b=2, mean=0, std=0.02, bias=0.0 

backbone.stages.2.blocks.0.ffn.layers.0.0.bias - torch.Size([2048]): 
TruncNormalInit: a=-2, b=2, mean=0, std=0.02, bias=0.0 

backbone.stages.2.blocks.0.ffn.layers.1.weight - torch.Size([512, 2048]): 
TruncNormalInit: a=-2, b=2, mean=0, std=0.02, bias=0.0 

backbone.stages.2.blocks.0.ffn.layers.1.bias - torch.Size([512]): 
TruncNormalInit: a=-2, b=2, mean=0, std=0.02, bias=0.0 

backbone.stages.2.blocks.1.norm1.weight - torch.Size([512]): 
The value is the same before and after calling `init_weights` of ImageClassifier  

backbone.stages.2.blocks.1.norm1.bias - torch.Size([512]): 
The value is the same before and after calling `init_weights` of ImageClassifier  

backbone.stages.2.blocks.1.attn.w_msa.relative_position_bias_table - torch.Size([169, 16]): 
Initialized by user-defined `init_weights` in WindowMSA  

backbone.stages.2.blocks.1.attn.w_msa.qkv.weight - torch.Size([1536, 512]): 
TruncNormalInit: a=-2, b=2, mean=0, std=0.02, bias=0.0 

backbone.stages.2.blocks.1.attn.w_msa.qkv.bias - torch.Size([1536]): 
TruncNormalInit: a=-2, b=2, mean=0, std=0.02, bias=0.0 

backbone.stages.2.blocks.1.attn.w_msa.proj.weight - torch.Size([512, 512]): 
TruncNormalInit: a=-2, b=2, mean=0, std=0.02, bias=0.0 

backbone.stages.2.blocks.1.attn.w_msa.proj.bias - torch.Size([512]): 
TruncNormalInit: a=-2, b=2, mean=0, std=0.02, bias=0.0 

backbone.stages.2.blocks.1.norm2.weight - torch.Size([512]): 
The value is the same before and after calling `init_weights` of ImageClassifier  

backbone.stages.2.blocks.1.norm2.bias - torch.Size([512]): 
The value is the same before and after calling `init_weights` of ImageClassifier  

backbone.stages.2.blocks.1.ffn.layers.0.0.weight - torch.Size([2048, 512]): 
TruncNormalInit: a=-2, b=2, mean=0, std=0.02, bias=0.0 

backbone.stages.2.blocks.1.ffn.layers.0.0.bias - torch.Size([2048]): 
TruncNormalInit: a=-2, b=2, mean=0, std=0.02, bias=0.0 

backbone.stages.2.blocks.1.ffn.layers.1.weight - torch.Size([512, 2048]): 
TruncNormalInit: a=-2, b=2, mean=0, std=0.02, bias=0.0 

backbone.stages.2.blocks.1.ffn.layers.1.bias - torch.Size([512]): 
TruncNormalInit: a=-2, b=2, mean=0, std=0.02, bias=0.0 

backbone.stages.2.blocks.2.norm1.weight - torch.Size([512]): 
The value is the same before and after calling `init_weights` of ImageClassifier  

backbone.stages.2.blocks.2.norm1.bias - torch.Size([512]): 
The value is the same before and after calling `init_weights` of ImageClassifier  

backbone.stages.2.blocks.2.attn.w_msa.relative_position_bias_table - torch.Size([169, 16]): 
Initialized by user-defined `init_weights` in WindowMSA  

backbone.stages.2.blocks.2.attn.w_msa.qkv.weight - torch.Size([1536, 512]): 
TruncNormalInit: a=-2, b=2, mean=0, std=0.02, bias=0.0 

backbone.stages.2.blocks.2.attn.w_msa.qkv.bias - torch.Size([1536]): 
TruncNormalInit: a=-2, b=2, mean=0, std=0.02, bias=0.0 

backbone.stages.2.blocks.2.attn.w_msa.proj.weight - torch.Size([512, 512]): 
TruncNormalInit: a=-2, b=2, mean=0, std=0.02, bias=0.0 

backbone.stages.2.blocks.2.attn.w_msa.proj.bias - torch.Size([512]): 
TruncNormalInit: a=-2, b=2, mean=0, std=0.02, bias=0.0 

backbone.stages.2.blocks.2.norm2.weight - torch.Size([512]): 
The value is the same before and after calling `init_weights` of ImageClassifier  

backbone.stages.2.blocks.2.norm2.bias - torch.Size([512]): 
The value is the same before and after calling `init_weights` of ImageClassifier  

backbone.stages.2.blocks.2.ffn.layers.0.0.weight - torch.Size([2048, 512]): 
TruncNormalInit: a=-2, b=2, mean=0, std=0.02, bias=0.0 

backbone.stages.2.blocks.2.ffn.layers.0.0.bias - torch.Size([2048]): 
TruncNormalInit: a=-2, b=2, mean=0, std=0.02, bias=0.0 

backbone.stages.2.blocks.2.ffn.layers.1.weight - torch.Size([512, 2048]): 
TruncNormalInit: a=-2, b=2, mean=0, std=0.02, bias=0.0 

backbone.stages.2.blocks.2.ffn.layers.1.bias - torch.Size([512]): 
TruncNormalInit: a=-2, b=2, mean=0, std=0.02, bias=0.0 

backbone.stages.2.blocks.3.norm1.weight - torch.Size([512]): 
The value is the same before and after calling `init_weights` of ImageClassifier  

backbone.stages.2.blocks.3.norm1.bias - torch.Size([512]): 
The value is the same before and after calling `init_weights` of ImageClassifier  

backbone.stages.2.blocks.3.attn.w_msa.relative_position_bias_table - torch.Size([169, 16]): 
Initialized by user-defined `init_weights` in WindowMSA  

backbone.stages.2.blocks.3.attn.w_msa.qkv.weight - torch.Size([1536, 512]): 
TruncNormalInit: a=-2, b=2, mean=0, std=0.02, bias=0.0 

backbone.stages.2.blocks.3.attn.w_msa.qkv.bias - torch.Size([1536]): 
TruncNormalInit: a=-2, b=2, mean=0, std=0.02, bias=0.0 

backbone.stages.2.blocks.3.attn.w_msa.proj.weight - torch.Size([512, 512]): 
TruncNormalInit: a=-2, b=2, mean=0, std=0.02, bias=0.0 

backbone.stages.2.blocks.3.attn.w_msa.proj.bias - torch.Size([512]): 
TruncNormalInit: a=-2, b=2, mean=0, std=0.02, bias=0.0 

backbone.stages.2.blocks.3.norm2.weight - torch.Size([512]): 
The value is the same before and after calling `init_weights` of ImageClassifier  

backbone.stages.2.blocks.3.norm2.bias - torch.Size([512]): 
The value is the same before and after calling `init_weights` of ImageClassifier  

backbone.stages.2.blocks.3.ffn.layers.0.0.weight - torch.Size([2048, 512]): 
TruncNormalInit: a=-2, b=2, mean=0, std=0.02, bias=0.0 

backbone.stages.2.blocks.3.ffn.layers.0.0.bias - torch.Size([2048]): 
TruncNormalInit: a=-2, b=2, mean=0, std=0.02, bias=0.0 

backbone.stages.2.blocks.3.ffn.layers.1.weight - torch.Size([512, 2048]): 
TruncNormalInit: a=-2, b=2, mean=0, std=0.02, bias=0.0 

backbone.stages.2.blocks.3.ffn.layers.1.bias - torch.Size([512]): 
TruncNormalInit: a=-2, b=2, mean=0, std=0.02, bias=0.0 

backbone.stages.2.blocks.4.norm1.weight - torch.Size([512]): 
The value is the same before and after calling `init_weights` of ImageClassifier  

backbone.stages.2.blocks.4.norm1.bias - torch.Size([512]): 
The value is the same before and after calling `init_weights` of ImageClassifier  

backbone.stages.2.blocks.4.attn.w_msa.relative_position_bias_table - torch.Size([169, 16]): 
Initialized by user-defined `init_weights` in WindowMSA  

backbone.stages.2.blocks.4.attn.w_msa.qkv.weight - torch.Size([1536, 512]): 
TruncNormalInit: a=-2, b=2, mean=0, std=0.02, bias=0.0 

backbone.stages.2.blocks.4.attn.w_msa.qkv.bias - torch.Size([1536]): 
TruncNormalInit: a=-2, b=2, mean=0, std=0.02, bias=0.0 

backbone.stages.2.blocks.4.attn.w_msa.proj.weight - torch.Size([512, 512]): 
TruncNormalInit: a=-2, b=2, mean=0, std=0.02, bias=0.0 

backbone.stages.2.blocks.4.attn.w_msa.proj.bias - torch.Size([512]): 
TruncNormalInit: a=-2, b=2, mean=0, std=0.02, bias=0.0 

backbone.stages.2.blocks.4.norm2.weight - torch.Size([512]): 
The value is the same before and after calling `init_weights` of ImageClassifier  

backbone.stages.2.blocks.4.norm2.bias - torch.Size([512]): 
The value is the same before and after calling `init_weights` of ImageClassifier  

backbone.stages.2.blocks.4.ffn.layers.0.0.weight - torch.Size([2048, 512]): 
TruncNormalInit: a=-2, b=2, mean=0, std=0.02, bias=0.0 

backbone.stages.2.blocks.4.ffn.layers.0.0.bias - torch.Size([2048]): 
TruncNormalInit: a=-2, b=2, mean=0, std=0.02, bias=0.0 

backbone.stages.2.blocks.4.ffn.layers.1.weight - torch.Size([512, 2048]): 
TruncNormalInit: a=-2, b=2, mean=0, std=0.02, bias=0.0 

backbone.stages.2.blocks.4.ffn.layers.1.bias - torch.Size([512]): 
TruncNormalInit: a=-2, b=2, mean=0, std=0.02, bias=0.0 

backbone.stages.2.blocks.5.norm1.weight - torch.Size([512]): 
The value is the same before and after calling `init_weights` of ImageClassifier  

backbone.stages.2.blocks.5.norm1.bias - torch.Size([512]): 
The value is the same before and after calling `init_weights` of ImageClassifier  

backbone.stages.2.blocks.5.attn.w_msa.relative_position_bias_table - torch.Size([169, 16]): 
Initialized by user-defined `init_weights` in WindowMSA  

backbone.stages.2.blocks.5.attn.w_msa.qkv.weight - torch.Size([1536, 512]): 
TruncNormalInit: a=-2, b=2, mean=0, std=0.02, bias=0.0 

backbone.stages.2.blocks.5.attn.w_msa.qkv.bias - torch.Size([1536]): 
TruncNormalInit: a=-2, b=2, mean=0, std=0.02, bias=0.0 

backbone.stages.2.blocks.5.attn.w_msa.proj.weight - torch.Size([512, 512]): 
TruncNormalInit: a=-2, b=2, mean=0, std=0.02, bias=0.0 

backbone.stages.2.blocks.5.attn.w_msa.proj.bias - torch.Size([512]): 
TruncNormalInit: a=-2, b=2, mean=0, std=0.02, bias=0.0 

backbone.stages.2.blocks.5.norm2.weight - torch.Size([512]): 
The value is the same before and after calling `init_weights` of ImageClassifier  

backbone.stages.2.blocks.5.norm2.bias - torch.Size([512]): 
The value is the same before and after calling `init_weights` of ImageClassifier  

backbone.stages.2.blocks.5.ffn.layers.0.0.weight - torch.Size([2048, 512]): 
TruncNormalInit: a=-2, b=2, mean=0, std=0.02, bias=0.0 

backbone.stages.2.blocks.5.ffn.layers.0.0.bias - torch.Size([2048]): 
TruncNormalInit: a=-2, b=2, mean=0, std=0.02, bias=0.0 

backbone.stages.2.blocks.5.ffn.layers.1.weight - torch.Size([512, 2048]): 
TruncNormalInit: a=-2, b=2, mean=0, std=0.02, bias=0.0 

backbone.stages.2.blocks.5.ffn.layers.1.bias - torch.Size([512]): 
TruncNormalInit: a=-2, b=2, mean=0, std=0.02, bias=0.0 

backbone.stages.2.blocks.6.norm1.weight - torch.Size([512]): 
The value is the same before and after calling `init_weights` of ImageClassifier  

backbone.stages.2.blocks.6.norm1.bias - torch.Size([512]): 
The value is the same before and after calling `init_weights` of ImageClassifier  

backbone.stages.2.blocks.6.attn.w_msa.relative_position_bias_table - torch.Size([169, 16]): 
Initialized by user-defined `init_weights` in WindowMSA  

backbone.stages.2.blocks.6.attn.w_msa.qkv.weight - torch.Size([1536, 512]): 
TruncNormalInit: a=-2, b=2, mean=0, std=0.02, bias=0.0 

backbone.stages.2.blocks.6.attn.w_msa.qkv.bias - torch.Size([1536]): 
TruncNormalInit: a=-2, b=2, mean=0, std=0.02, bias=0.0 

backbone.stages.2.blocks.6.attn.w_msa.proj.weight - torch.Size([512, 512]): 
TruncNormalInit: a=-2, b=2, mean=0, std=0.02, bias=0.0 

backbone.stages.2.blocks.6.attn.w_msa.proj.bias - torch.Size([512]): 
TruncNormalInit: a=-2, b=2, mean=0, std=0.02, bias=0.0 

backbone.stages.2.blocks.6.norm2.weight - torch.Size([512]): 
The value is the same before and after calling `init_weights` of ImageClassifier  

backbone.stages.2.blocks.6.norm2.bias - torch.Size([512]): 
The value is the same before and after calling `init_weights` of ImageClassifier  

backbone.stages.2.blocks.6.ffn.layers.0.0.weight - torch.Size([2048, 512]): 
TruncNormalInit: a=-2, b=2, mean=0, std=0.02, bias=0.0 

backbone.stages.2.blocks.6.ffn.layers.0.0.bias - torch.Size([2048]): 
TruncNormalInit: a=-2, b=2, mean=0, std=0.02, bias=0.0 

backbone.stages.2.blocks.6.ffn.layers.1.weight - torch.Size([512, 2048]): 
TruncNormalInit: a=-2, b=2, mean=0, std=0.02, bias=0.0 

backbone.stages.2.blocks.6.ffn.layers.1.bias - torch.Size([512]): 
TruncNormalInit: a=-2, b=2, mean=0, std=0.02, bias=0.0 

backbone.stages.2.blocks.7.norm1.weight - torch.Size([512]): 
The value is the same before and after calling `init_weights` of ImageClassifier  

backbone.stages.2.blocks.7.norm1.bias - torch.Size([512]): 
The value is the same before and after calling `init_weights` of ImageClassifier  

backbone.stages.2.blocks.7.attn.w_msa.relative_position_bias_table - torch.Size([169, 16]): 
Initialized by user-defined `init_weights` in WindowMSA  

backbone.stages.2.blocks.7.attn.w_msa.qkv.weight - torch.Size([1536, 512]): 
TruncNormalInit: a=-2, b=2, mean=0, std=0.02, bias=0.0 

backbone.stages.2.blocks.7.attn.w_msa.qkv.bias - torch.Size([1536]): 
TruncNormalInit: a=-2, b=2, mean=0, std=0.02, bias=0.0 

backbone.stages.2.blocks.7.attn.w_msa.proj.weight - torch.Size([512, 512]): 
TruncNormalInit: a=-2, b=2, mean=0, std=0.02, bias=0.0 

backbone.stages.2.blocks.7.attn.w_msa.proj.bias - torch.Size([512]): 
TruncNormalInit: a=-2, b=2, mean=0, std=0.02, bias=0.0 

backbone.stages.2.blocks.7.norm2.weight - torch.Size([512]): 
The value is the same before and after calling `init_weights` of ImageClassifier  

backbone.stages.2.blocks.7.norm2.bias - torch.Size([512]): 
The value is the same before and after calling `init_weights` of ImageClassifier  

backbone.stages.2.blocks.7.ffn.layers.0.0.weight - torch.Size([2048, 512]): 
TruncNormalInit: a=-2, b=2, mean=0, std=0.02, bias=0.0 

backbone.stages.2.blocks.7.ffn.layers.0.0.bias - torch.Size([2048]): 
TruncNormalInit: a=-2, b=2, mean=0, std=0.02, bias=0.0 

backbone.stages.2.blocks.7.ffn.layers.1.weight - torch.Size([512, 2048]): 
TruncNormalInit: a=-2, b=2, mean=0, std=0.02, bias=0.0 

backbone.stages.2.blocks.7.ffn.layers.1.bias - torch.Size([512]): 
TruncNormalInit: a=-2, b=2, mean=0, std=0.02, bias=0.0 

backbone.stages.2.blocks.8.norm1.weight - torch.Size([512]): 
The value is the same before and after calling `init_weights` of ImageClassifier  

backbone.stages.2.blocks.8.norm1.bias - torch.Size([512]): 
The value is the same before and after calling `init_weights` of ImageClassifier  

backbone.stages.2.blocks.8.attn.w_msa.relative_position_bias_table - torch.Size([169, 16]): 
Initialized by user-defined `init_weights` in WindowMSA  

backbone.stages.2.blocks.8.attn.w_msa.qkv.weight - torch.Size([1536, 512]): 
TruncNormalInit: a=-2, b=2, mean=0, std=0.02, bias=0.0 

backbone.stages.2.blocks.8.attn.w_msa.qkv.bias - torch.Size([1536]): 
TruncNormalInit: a=-2, b=2, mean=0, std=0.02, bias=0.0 

backbone.stages.2.blocks.8.attn.w_msa.proj.weight - torch.Size([512, 512]): 
TruncNormalInit: a=-2, b=2, mean=0, std=0.02, bias=0.0 

backbone.stages.2.blocks.8.attn.w_msa.proj.bias - torch.Size([512]): 
TruncNormalInit: a=-2, b=2, mean=0, std=0.02, bias=0.0 

backbone.stages.2.blocks.8.norm2.weight - torch.Size([512]): 
The value is the same before and after calling `init_weights` of ImageClassifier  

backbone.stages.2.blocks.8.norm2.bias - torch.Size([512]): 
The value is the same before and after calling `init_weights` of ImageClassifier  

backbone.stages.2.blocks.8.ffn.layers.0.0.weight - torch.Size([2048, 512]): 
TruncNormalInit: a=-2, b=2, mean=0, std=0.02, bias=0.0 

backbone.stages.2.blocks.8.ffn.layers.0.0.bias - torch.Size([2048]): 
TruncNormalInit: a=-2, b=2, mean=0, std=0.02, bias=0.0 

backbone.stages.2.blocks.8.ffn.layers.1.weight - torch.Size([512, 2048]): 
TruncNormalInit: a=-2, b=2, mean=0, std=0.02, bias=0.0 

backbone.stages.2.blocks.8.ffn.layers.1.bias - torch.Size([512]): 
TruncNormalInit: a=-2, b=2, mean=0, std=0.02, bias=0.0 

backbone.stages.2.blocks.9.norm1.weight - torch.Size([512]): 
The value is the same before and after calling `init_weights` of ImageClassifier  

backbone.stages.2.blocks.9.norm1.bias - torch.Size([512]): 
The value is the same before and after calling `init_weights` of ImageClassifier  

backbone.stages.2.blocks.9.attn.w_msa.relative_position_bias_table - torch.Size([169, 16]): 
Initialized by user-defined `init_weights` in WindowMSA  

backbone.stages.2.blocks.9.attn.w_msa.qkv.weight - torch.Size([1536, 512]): 
TruncNormalInit: a=-2, b=2, mean=0, std=0.02, bias=0.0 

backbone.stages.2.blocks.9.attn.w_msa.qkv.bias - torch.Size([1536]): 
TruncNormalInit: a=-2, b=2, mean=0, std=0.02, bias=0.0 

backbone.stages.2.blocks.9.attn.w_msa.proj.weight - torch.Size([512, 512]): 
TruncNormalInit: a=-2, b=2, mean=0, std=0.02, bias=0.0 

backbone.stages.2.blocks.9.attn.w_msa.proj.bias - torch.Size([512]): 
TruncNormalInit: a=-2, b=2, mean=0, std=0.02, bias=0.0 

backbone.stages.2.blocks.9.norm2.weight - torch.Size([512]): 
The value is the same before and after calling `init_weights` of ImageClassifier  

backbone.stages.2.blocks.9.norm2.bias - torch.Size([512]): 
The value is the same before and after calling `init_weights` of ImageClassifier  

backbone.stages.2.blocks.9.ffn.layers.0.0.weight - torch.Size([2048, 512]): 
TruncNormalInit: a=-2, b=2, mean=0, std=0.02, bias=0.0 

backbone.stages.2.blocks.9.ffn.layers.0.0.bias - torch.Size([2048]): 
TruncNormalInit: a=-2, b=2, mean=0, std=0.02, bias=0.0 

backbone.stages.2.blocks.9.ffn.layers.1.weight - torch.Size([512, 2048]): 
TruncNormalInit: a=-2, b=2, mean=0, std=0.02, bias=0.0 

backbone.stages.2.blocks.9.ffn.layers.1.bias - torch.Size([512]): 
TruncNormalInit: a=-2, b=2, mean=0, std=0.02, bias=0.0 

backbone.stages.2.blocks.10.norm1.weight - torch.Size([512]): 
The value is the same before and after calling `init_weights` of ImageClassifier  

backbone.stages.2.blocks.10.norm1.bias - torch.Size([512]): 
The value is the same before and after calling `init_weights` of ImageClassifier  

backbone.stages.2.blocks.10.attn.w_msa.relative_position_bias_table - torch.Size([169, 16]): 
Initialized by user-defined `init_weights` in WindowMSA  

backbone.stages.2.blocks.10.attn.w_msa.qkv.weight - torch.Size([1536, 512]): 
TruncNormalInit: a=-2, b=2, mean=0, std=0.02, bias=0.0 

backbone.stages.2.blocks.10.attn.w_msa.qkv.bias - torch.Size([1536]): 
TruncNormalInit: a=-2, b=2, mean=0, std=0.02, bias=0.0 

backbone.stages.2.blocks.10.attn.w_msa.proj.weight - torch.Size([512, 512]): 
TruncNormalInit: a=-2, b=2, mean=0, std=0.02, bias=0.0 

backbone.stages.2.blocks.10.attn.w_msa.proj.bias - torch.Size([512]): 
TruncNormalInit: a=-2, b=2, mean=0, std=0.02, bias=0.0 

backbone.stages.2.blocks.10.norm2.weight - torch.Size([512]): 
The value is the same before and after calling `init_weights` of ImageClassifier  

backbone.stages.2.blocks.10.norm2.bias - torch.Size([512]): 
The value is the same before and after calling `init_weights` of ImageClassifier  

backbone.stages.2.blocks.10.ffn.layers.0.0.weight - torch.Size([2048, 512]): 
TruncNormalInit: a=-2, b=2, mean=0, std=0.02, bias=0.0 

backbone.stages.2.blocks.10.ffn.layers.0.0.bias - torch.Size([2048]): 
TruncNormalInit: a=-2, b=2, mean=0, std=0.02, bias=0.0 

backbone.stages.2.blocks.10.ffn.layers.1.weight - torch.Size([512, 2048]): 
TruncNormalInit: a=-2, b=2, mean=0, std=0.02, bias=0.0 

backbone.stages.2.blocks.10.ffn.layers.1.bias - torch.Size([512]): 
TruncNormalInit: a=-2, b=2, mean=0, std=0.02, bias=0.0 

backbone.stages.2.blocks.11.norm1.weight - torch.Size([512]): 
The value is the same before and after calling `init_weights` of ImageClassifier  

backbone.stages.2.blocks.11.norm1.bias - torch.Size([512]): 
The value is the same before and after calling `init_weights` of ImageClassifier  

backbone.stages.2.blocks.11.attn.w_msa.relative_position_bias_table - torch.Size([169, 16]): 
Initialized by user-defined `init_weights` in WindowMSA  

backbone.stages.2.blocks.11.attn.w_msa.qkv.weight - torch.Size([1536, 512]): 
TruncNormalInit: a=-2, b=2, mean=0, std=0.02, bias=0.0 

backbone.stages.2.blocks.11.attn.w_msa.qkv.bias - torch.Size([1536]): 
TruncNormalInit: a=-2, b=2, mean=0, std=0.02, bias=0.0 

backbone.stages.2.blocks.11.attn.w_msa.proj.weight - torch.Size([512, 512]): 
TruncNormalInit: a=-2, b=2, mean=0, std=0.02, bias=0.0 

backbone.stages.2.blocks.11.attn.w_msa.proj.bias - torch.Size([512]): 
TruncNormalInit: a=-2, b=2, mean=0, std=0.02, bias=0.0 

backbone.stages.2.blocks.11.norm2.weight - torch.Size([512]): 
The value is the same before and after calling `init_weights` of ImageClassifier  

backbone.stages.2.blocks.11.norm2.bias - torch.Size([512]): 
The value is the same before and after calling `init_weights` of ImageClassifier  

backbone.stages.2.blocks.11.ffn.layers.0.0.weight - torch.Size([2048, 512]): 
TruncNormalInit: a=-2, b=2, mean=0, std=0.02, bias=0.0 

backbone.stages.2.blocks.11.ffn.layers.0.0.bias - torch.Size([2048]): 
TruncNormalInit: a=-2, b=2, mean=0, std=0.02, bias=0.0 

backbone.stages.2.blocks.11.ffn.layers.1.weight - torch.Size([512, 2048]): 
TruncNormalInit: a=-2, b=2, mean=0, std=0.02, bias=0.0 

backbone.stages.2.blocks.11.ffn.layers.1.bias - torch.Size([512]): 
TruncNormalInit: a=-2, b=2, mean=0, std=0.02, bias=0.0 

backbone.stages.2.blocks.12.norm1.weight - torch.Size([512]): 
The value is the same before and after calling `init_weights` of ImageClassifier  

backbone.stages.2.blocks.12.norm1.bias - torch.Size([512]): 
The value is the same before and after calling `init_weights` of ImageClassifier  

backbone.stages.2.blocks.12.attn.w_msa.relative_position_bias_table - torch.Size([169, 16]): 
Initialized by user-defined `init_weights` in WindowMSA  

backbone.stages.2.blocks.12.attn.w_msa.qkv.weight - torch.Size([1536, 512]): 
TruncNormalInit: a=-2, b=2, mean=0, std=0.02, bias=0.0 

backbone.stages.2.blocks.12.attn.w_msa.qkv.bias - torch.Size([1536]): 
TruncNormalInit: a=-2, b=2, mean=0, std=0.02, bias=0.0 

backbone.stages.2.blocks.12.attn.w_msa.proj.weight - torch.Size([512, 512]): 
TruncNormalInit: a=-2, b=2, mean=0, std=0.02, bias=0.0 

backbone.stages.2.blocks.12.attn.w_msa.proj.bias - torch.Size([512]): 
TruncNormalInit: a=-2, b=2, mean=0, std=0.02, bias=0.0 

backbone.stages.2.blocks.12.norm2.weight - torch.Size([512]): 
The value is the same before and after calling `init_weights` of ImageClassifier  

backbone.stages.2.blocks.12.norm2.bias - torch.Size([512]): 
The value is the same before and after calling `init_weights` of ImageClassifier  

backbone.stages.2.blocks.12.ffn.layers.0.0.weight - torch.Size([2048, 512]): 
TruncNormalInit: a=-2, b=2, mean=0, std=0.02, bias=0.0 

backbone.stages.2.blocks.12.ffn.layers.0.0.bias - torch.Size([2048]): 
TruncNormalInit: a=-2, b=2, mean=0, std=0.02, bias=0.0 

backbone.stages.2.blocks.12.ffn.layers.1.weight - torch.Size([512, 2048]): 
TruncNormalInit: a=-2, b=2, mean=0, std=0.02, bias=0.0 

backbone.stages.2.blocks.12.ffn.layers.1.bias - torch.Size([512]): 
TruncNormalInit: a=-2, b=2, mean=0, std=0.02, bias=0.0 

backbone.stages.2.blocks.13.norm1.weight - torch.Size([512]): 
The value is the same before and after calling `init_weights` of ImageClassifier  

backbone.stages.2.blocks.13.norm1.bias - torch.Size([512]): 
The value is the same before and after calling `init_weights` of ImageClassifier  

backbone.stages.2.blocks.13.attn.w_msa.relative_position_bias_table - torch.Size([169, 16]): 
Initialized by user-defined `init_weights` in WindowMSA  

backbone.stages.2.blocks.13.attn.w_msa.qkv.weight - torch.Size([1536, 512]): 
TruncNormalInit: a=-2, b=2, mean=0, std=0.02, bias=0.0 

backbone.stages.2.blocks.13.attn.w_msa.qkv.bias - torch.Size([1536]): 
TruncNormalInit: a=-2, b=2, mean=0, std=0.02, bias=0.0 

backbone.stages.2.blocks.13.attn.w_msa.proj.weight - torch.Size([512, 512]): 
TruncNormalInit: a=-2, b=2, mean=0, std=0.02, bias=0.0 

backbone.stages.2.blocks.13.attn.w_msa.proj.bias - torch.Size([512]): 
TruncNormalInit: a=-2, b=2, mean=0, std=0.02, bias=0.0 

backbone.stages.2.blocks.13.norm2.weight - torch.Size([512]): 
The value is the same before and after calling `init_weights` of ImageClassifier  

backbone.stages.2.blocks.13.norm2.bias - torch.Size([512]): 
The value is the same before and after calling `init_weights` of ImageClassifier  

backbone.stages.2.blocks.13.ffn.layers.0.0.weight - torch.Size([2048, 512]): 
TruncNormalInit: a=-2, b=2, mean=0, std=0.02, bias=0.0 

backbone.stages.2.blocks.13.ffn.layers.0.0.bias - torch.Size([2048]): 
TruncNormalInit: a=-2, b=2, mean=0, std=0.02, bias=0.0 

backbone.stages.2.blocks.13.ffn.layers.1.weight - torch.Size([512, 2048]): 
TruncNormalInit: a=-2, b=2, mean=0, std=0.02, bias=0.0 

backbone.stages.2.blocks.13.ffn.layers.1.bias - torch.Size([512]): 
TruncNormalInit: a=-2, b=2, mean=0, std=0.02, bias=0.0 

backbone.stages.2.blocks.14.norm1.weight - torch.Size([512]): 
The value is the same before and after calling `init_weights` of ImageClassifier  

backbone.stages.2.blocks.14.norm1.bias - torch.Size([512]): 
The value is the same before and after calling `init_weights` of ImageClassifier  

backbone.stages.2.blocks.14.attn.w_msa.relative_position_bias_table - torch.Size([169, 16]): 
Initialized by user-defined `init_weights` in WindowMSA  

backbone.stages.2.blocks.14.attn.w_msa.qkv.weight - torch.Size([1536, 512]): 
TruncNormalInit: a=-2, b=2, mean=0, std=0.02, bias=0.0 

backbone.stages.2.blocks.14.attn.w_msa.qkv.bias - torch.Size([1536]): 
TruncNormalInit: a=-2, b=2, mean=0, std=0.02, bias=0.0 

backbone.stages.2.blocks.14.attn.w_msa.proj.weight - torch.Size([512, 512]): 
TruncNormalInit: a=-2, b=2, mean=0, std=0.02, bias=0.0 

backbone.stages.2.blocks.14.attn.w_msa.proj.bias - torch.Size([512]): 
TruncNormalInit: a=-2, b=2, mean=0, std=0.02, bias=0.0 

backbone.stages.2.blocks.14.norm2.weight - torch.Size([512]): 
The value is the same before and after calling `init_weights` of ImageClassifier  

backbone.stages.2.blocks.14.norm2.bias - torch.Size([512]): 
The value is the same before and after calling `init_weights` of ImageClassifier  

backbone.stages.2.blocks.14.ffn.layers.0.0.weight - torch.Size([2048, 512]): 
TruncNormalInit: a=-2, b=2, mean=0, std=0.02, bias=0.0 

backbone.stages.2.blocks.14.ffn.layers.0.0.bias - torch.Size([2048]): 
TruncNormalInit: a=-2, b=2, mean=0, std=0.02, bias=0.0 

backbone.stages.2.blocks.14.ffn.layers.1.weight - torch.Size([512, 2048]): 
TruncNormalInit: a=-2, b=2, mean=0, std=0.02, bias=0.0 

backbone.stages.2.blocks.14.ffn.layers.1.bias - torch.Size([512]): 
TruncNormalInit: a=-2, b=2, mean=0, std=0.02, bias=0.0 

backbone.stages.2.blocks.15.norm1.weight - torch.Size([512]): 
The value is the same before and after calling `init_weights` of ImageClassifier  

backbone.stages.2.blocks.15.norm1.bias - torch.Size([512]): 
The value is the same before and after calling `init_weights` of ImageClassifier  

backbone.stages.2.blocks.15.attn.w_msa.relative_position_bias_table - torch.Size([169, 16]): 
Initialized by user-defined `init_weights` in WindowMSA  

backbone.stages.2.blocks.15.attn.w_msa.qkv.weight - torch.Size([1536, 512]): 
TruncNormalInit: a=-2, b=2, mean=0, std=0.02, bias=0.0 

backbone.stages.2.blocks.15.attn.w_msa.qkv.bias - torch.Size([1536]): 
TruncNormalInit: a=-2, b=2, mean=0, std=0.02, bias=0.0 

backbone.stages.2.blocks.15.attn.w_msa.proj.weight - torch.Size([512, 512]): 
TruncNormalInit: a=-2, b=2, mean=0, std=0.02, bias=0.0 

backbone.stages.2.blocks.15.attn.w_msa.proj.bias - torch.Size([512]): 
TruncNormalInit: a=-2, b=2, mean=0, std=0.02, bias=0.0 

backbone.stages.2.blocks.15.norm2.weight - torch.Size([512]): 
The value is the same before and after calling `init_weights` of ImageClassifier  

backbone.stages.2.blocks.15.norm2.bias - torch.Size([512]): 
The value is the same before and after calling `init_weights` of ImageClassifier  

backbone.stages.2.blocks.15.ffn.layers.0.0.weight - torch.Size([2048, 512]): 
TruncNormalInit: a=-2, b=2, mean=0, std=0.02, bias=0.0 

backbone.stages.2.blocks.15.ffn.layers.0.0.bias - torch.Size([2048]): 
TruncNormalInit: a=-2, b=2, mean=0, std=0.02, bias=0.0 

backbone.stages.2.blocks.15.ffn.layers.1.weight - torch.Size([512, 2048]): 
TruncNormalInit: a=-2, b=2, mean=0, std=0.02, bias=0.0 

backbone.stages.2.blocks.15.ffn.layers.1.bias - torch.Size([512]): 
TruncNormalInit: a=-2, b=2, mean=0, std=0.02, bias=0.0 

backbone.stages.2.blocks.16.norm1.weight - torch.Size([512]): 
The value is the same before and after calling `init_weights` of ImageClassifier  

backbone.stages.2.blocks.16.norm1.bias - torch.Size([512]): 
The value is the same before and after calling `init_weights` of ImageClassifier  

backbone.stages.2.blocks.16.attn.w_msa.relative_position_bias_table - torch.Size([169, 16]): 
Initialized by user-defined `init_weights` in WindowMSA  

backbone.stages.2.blocks.16.attn.w_msa.qkv.weight - torch.Size([1536, 512]): 
TruncNormalInit: a=-2, b=2, mean=0, std=0.02, bias=0.0 

backbone.stages.2.blocks.16.attn.w_msa.qkv.bias - torch.Size([1536]): 
TruncNormalInit: a=-2, b=2, mean=0, std=0.02, bias=0.0 

backbone.stages.2.blocks.16.attn.w_msa.proj.weight - torch.Size([512, 512]): 
TruncNormalInit: a=-2, b=2, mean=0, std=0.02, bias=0.0 

backbone.stages.2.blocks.16.attn.w_msa.proj.bias - torch.Size([512]): 
TruncNormalInit: a=-2, b=2, mean=0, std=0.02, bias=0.0 

backbone.stages.2.blocks.16.norm2.weight - torch.Size([512]): 
The value is the same before and after calling `init_weights` of ImageClassifier  

backbone.stages.2.blocks.16.norm2.bias - torch.Size([512]): 
The value is the same before and after calling `init_weights` of ImageClassifier  

backbone.stages.2.blocks.16.ffn.layers.0.0.weight - torch.Size([2048, 512]): 
TruncNormalInit: a=-2, b=2, mean=0, std=0.02, bias=0.0 

backbone.stages.2.blocks.16.ffn.layers.0.0.bias - torch.Size([2048]): 
TruncNormalInit: a=-2, b=2, mean=0, std=0.02, bias=0.0 

backbone.stages.2.blocks.16.ffn.layers.1.weight - torch.Size([512, 2048]): 
TruncNormalInit: a=-2, b=2, mean=0, std=0.02, bias=0.0 

backbone.stages.2.blocks.16.ffn.layers.1.bias - torch.Size([512]): 
TruncNormalInit: a=-2, b=2, mean=0, std=0.02, bias=0.0 

backbone.stages.2.blocks.17.norm1.weight - torch.Size([512]): 
The value is the same before and after calling `init_weights` of ImageClassifier  

backbone.stages.2.blocks.17.norm1.bias - torch.Size([512]): 
The value is the same before and after calling `init_weights` of ImageClassifier  

backbone.stages.2.blocks.17.attn.w_msa.relative_position_bias_table - torch.Size([169, 16]): 
Initialized by user-defined `init_weights` in WindowMSA  

backbone.stages.2.blocks.17.attn.w_msa.qkv.weight - torch.Size([1536, 512]): 
TruncNormalInit: a=-2, b=2, mean=0, std=0.02, bias=0.0 

backbone.stages.2.blocks.17.attn.w_msa.qkv.bias - torch.Size([1536]): 
TruncNormalInit: a=-2, b=2, mean=0, std=0.02, bias=0.0 

backbone.stages.2.blocks.17.attn.w_msa.proj.weight - torch.Size([512, 512]): 
TruncNormalInit: a=-2, b=2, mean=0, std=0.02, bias=0.0 

backbone.stages.2.blocks.17.attn.w_msa.proj.bias - torch.Size([512]): 
TruncNormalInit: a=-2, b=2, mean=0, std=0.02, bias=0.0 

backbone.stages.2.blocks.17.norm2.weight - torch.Size([512]): 
The value is the same before and after calling `init_weights` of ImageClassifier  

backbone.stages.2.blocks.17.norm2.bias - torch.Size([512]): 
The value is the same before and after calling `init_weights` of ImageClassifier  

backbone.stages.2.blocks.17.ffn.layers.0.0.weight - torch.Size([2048, 512]): 
TruncNormalInit: a=-2, b=2, mean=0, std=0.02, bias=0.0 

backbone.stages.2.blocks.17.ffn.layers.0.0.bias - torch.Size([2048]): 
TruncNormalInit: a=-2, b=2, mean=0, std=0.02, bias=0.0 

backbone.stages.2.blocks.17.ffn.layers.1.weight - torch.Size([512, 2048]): 
TruncNormalInit: a=-2, b=2, mean=0, std=0.02, bias=0.0 

backbone.stages.2.blocks.17.ffn.layers.1.bias - torch.Size([512]): 
TruncNormalInit: a=-2, b=2, mean=0, std=0.02, bias=0.0 

backbone.stages.2.downsample.norm.weight - torch.Size([2048]): 
The value is the same before and after calling `init_weights` of ImageClassifier  

backbone.stages.2.downsample.norm.bias - torch.Size([2048]): 
The value is the same before and after calling `init_weights` of ImageClassifier  

backbone.stages.2.downsample.reduction.weight - torch.Size([1024, 2048]): 
TruncNormalInit: a=-2, b=2, mean=0, std=0.02, bias=0.0 

backbone.stages.3.blocks.0.norm1.weight - torch.Size([1024]): 
The value is the same before and after calling `init_weights` of ImageClassifier  

backbone.stages.3.blocks.0.norm1.bias - torch.Size([1024]): 
The value is the same before and after calling `init_weights` of ImageClassifier  

backbone.stages.3.blocks.0.attn.w_msa.relative_position_bias_table - torch.Size([169, 32]): 
Initialized by user-defined `init_weights` in WindowMSA  

backbone.stages.3.blocks.0.attn.w_msa.qkv.weight - torch.Size([3072, 1024]): 
TruncNormalInit: a=-2, b=2, mean=0, std=0.02, bias=0.0 

backbone.stages.3.blocks.0.attn.w_msa.qkv.bias - torch.Size([3072]): 
TruncNormalInit: a=-2, b=2, mean=0, std=0.02, bias=0.0 

backbone.stages.3.blocks.0.attn.w_msa.proj.weight - torch.Size([1024, 1024]): 
TruncNormalInit: a=-2, b=2, mean=0, std=0.02, bias=0.0 

backbone.stages.3.blocks.0.attn.w_msa.proj.bias - torch.Size([1024]): 
TruncNormalInit: a=-2, b=2, mean=0, std=0.02, bias=0.0 

backbone.stages.3.blocks.0.norm2.weight - torch.Size([1024]): 
The value is the same before and after calling `init_weights` of ImageClassifier  

backbone.stages.3.blocks.0.norm2.bias - torch.Size([1024]): 
The value is the same before and after calling `init_weights` of ImageClassifier  

backbone.stages.3.blocks.0.ffn.layers.0.0.weight - torch.Size([4096, 1024]): 
TruncNormalInit: a=-2, b=2, mean=0, std=0.02, bias=0.0 

backbone.stages.3.blocks.0.ffn.layers.0.0.bias - torch.Size([4096]): 
TruncNormalInit: a=-2, b=2, mean=0, std=0.02, bias=0.0 

backbone.stages.3.blocks.0.ffn.layers.1.weight - torch.Size([1024, 4096]): 
TruncNormalInit: a=-2, b=2, mean=0, std=0.02, bias=0.0 

backbone.stages.3.blocks.0.ffn.layers.1.bias - torch.Size([1024]): 
TruncNormalInit: a=-2, b=2, mean=0, std=0.02, bias=0.0 

backbone.stages.3.blocks.1.norm1.weight - torch.Size([1024]): 
The value is the same before and after calling `init_weights` of ImageClassifier  

backbone.stages.3.blocks.1.norm1.bias - torch.Size([1024]): 
The value is the same before and after calling `init_weights` of ImageClassifier  

backbone.stages.3.blocks.1.attn.w_msa.relative_position_bias_table - torch.Size([169, 32]): 
Initialized by user-defined `init_weights` in WindowMSA  

backbone.stages.3.blocks.1.attn.w_msa.qkv.weight - torch.Size([3072, 1024]): 
TruncNormalInit: a=-2, b=2, mean=0, std=0.02, bias=0.0 

backbone.stages.3.blocks.1.attn.w_msa.qkv.bias - torch.Size([3072]): 
TruncNormalInit: a=-2, b=2, mean=0, std=0.02, bias=0.0 

backbone.stages.3.blocks.1.attn.w_msa.proj.weight - torch.Size([1024, 1024]): 
TruncNormalInit: a=-2, b=2, mean=0, std=0.02, bias=0.0 

backbone.stages.3.blocks.1.attn.w_msa.proj.bias - torch.Size([1024]): 
TruncNormalInit: a=-2, b=2, mean=0, std=0.02, bias=0.0 

backbone.stages.3.blocks.1.norm2.weight - torch.Size([1024]): 
The value is the same before and after calling `init_weights` of ImageClassifier  

backbone.stages.3.blocks.1.norm2.bias - torch.Size([1024]): 
The value is the same before and after calling `init_weights` of ImageClassifier  

backbone.stages.3.blocks.1.ffn.layers.0.0.weight - torch.Size([4096, 1024]): 
TruncNormalInit: a=-2, b=2, mean=0, std=0.02, bias=0.0 

backbone.stages.3.blocks.1.ffn.layers.0.0.bias - torch.Size([4096]): 
TruncNormalInit: a=-2, b=2, mean=0, std=0.02, bias=0.0 

backbone.stages.3.blocks.1.ffn.layers.1.weight - torch.Size([1024, 4096]): 
TruncNormalInit: a=-2, b=2, mean=0, std=0.02, bias=0.0 

backbone.stages.3.blocks.1.ffn.layers.1.bias - torch.Size([1024]): 
TruncNormalInit: a=-2, b=2, mean=0, std=0.02, bias=0.0 

backbone.norm3.weight - torch.Size([1024]): 
The value is the same before and after calling `init_weights` of ImageClassifier  

backbone.norm3.bias - torch.Size([1024]): 
The value is the same before and after calling `init_weights` of ImageClassifier  

head.fc.weight - torch.Size([17, 1024]): 
TruncNormalInit: a=-2, b=2, mean=0, std=0.02, bias=0.0 

head.fc.bias - torch.Size([17]): 
TruncNormalInit: a=-2, b=2, mean=0, std=0.02, bias=0.0 
2024-04-12 22:54:37,339 - mmcls - INFO - Start running, host: cshtimmy@gpu2-comp-108, work_dir: /userhome/cs2/cshtimmy/COMP3340Project/CNN_Image_Classification_Code/output/swin_transformer/bs16/lr0.0001
2024-04-12 22:54:37,339 - mmcls - INFO - Hooks will be executed in the following order:
before_run:
(VERY_HIGH   ) StepLrUpdaterHook                  
(NORMAL      ) CheckpointHook                     
(NORMAL      ) EvalHook                           
(VERY_LOW    ) TextLoggerHook                     
 -------------------- 
before_train_epoch:
(VERY_HIGH   ) StepLrUpdaterHook                  
(NORMAL      ) EvalHook                           
(LOW         ) IterTimerHook                      
(VERY_LOW    ) TextLoggerHook                     
 -------------------- 
before_train_iter:
(VERY_HIGH   ) StepLrUpdaterHook                  
(NORMAL      ) EvalHook                           
(LOW         ) IterTimerHook                      
 -------------------- 
after_train_iter:
(ABOVE_NORMAL) OptimizerHook                      
(NORMAL      ) CheckpointHook                     
(NORMAL      ) EvalHook                           
(LOW         ) IterTimerHook                      
(VERY_LOW    ) TextLoggerHook                     
 -------------------- 
after_train_epoch:
(NORMAL      ) CheckpointHook                     
(NORMAL      ) EvalHook                           
(VERY_LOW    ) TextLoggerHook                     
 -------------------- 
before_val_epoch:
(LOW         ) IterTimerHook                      
(VERY_LOW    ) TextLoggerHook                     
 -------------------- 
before_val_iter:
(LOW         ) IterTimerHook                      
 -------------------- 
after_val_iter:
(LOW         ) IterTimerHook                      
 -------------------- 
after_val_epoch:
(VERY_LOW    ) TextLoggerHook                     
 -------------------- 
after_run:
(VERY_LOW    ) TextLoggerHook                     
 -------------------- 
2024-04-12 22:54:37,340 - mmcls - INFO - workflow: [('train', 1)], max: 200 epochs
2024-04-12 22:54:37,340 - mmcls - INFO - Checkpoints will be saved to /userhome/cs2/cshtimmy/COMP3340Project/CNN_Image_Classification_Code/output/swin_transformer/bs16/lr0.0001 by HardDiskBackend.
2024-04-12 22:55:05,404 - mmcls - INFO - Epoch(val) [1][9]	accuracy_top-1: 16.9118, accuracy_top-5: 72.7941
2024-04-12 22:55:29,223 - mmcls - INFO - Epoch(val) [2][9]	accuracy_top-1: 22.7941, accuracy_top-5: 77.2059
2024-04-12 22:55:54,604 - mmcls - INFO - Epoch(val) [3][9]	accuracy_top-1: 24.2647, accuracy_top-5: 82.3529
2024-04-12 22:56:18,822 - mmcls - INFO - Epoch(val) [4][9]	accuracy_top-1: 26.4706, accuracy_top-5: 80.8824
2024-04-12 22:56:43,531 - mmcls - INFO - Epoch(val) [5][9]	accuracy_top-1: 34.5588, accuracy_top-5: 80.8824
2024-04-12 22:57:08,914 - mmcls - INFO - Epoch(val) [6][9]	accuracy_top-1: 31.6176, accuracy_top-5: 80.8824
2024-04-12 22:57:33,698 - mmcls - INFO - Epoch(val) [7][9]	accuracy_top-1: 35.2941, accuracy_top-5: 86.7647
2024-04-12 22:57:58,647 - mmcls - INFO - Epoch(val) [8][9]	accuracy_top-1: 33.8235, accuracy_top-5: 87.5000
2024-04-12 22:58:22,810 - mmcls - INFO - Epoch(val) [9][9]	accuracy_top-1: 35.2941, accuracy_top-5: 88.2353
2024-04-12 22:58:47,623 - mmcls - INFO - Epoch(val) [10][9]	accuracy_top-1: 36.7647, accuracy_top-5: 88.2353
2024-04-12 22:59:13,067 - mmcls - INFO - Epoch(val) [11][9]	accuracy_top-1: 41.9118, accuracy_top-5: 89.7059
2024-04-12 22:59:36,095 - mmcls - INFO - Epoch(val) [12][9]	accuracy_top-1: 37.5000, accuracy_top-5: 89.7059
2024-04-12 23:00:01,054 - mmcls - INFO - Epoch(val) [13][9]	accuracy_top-1: 36.7647, accuracy_top-5: 90.4412
2024-04-12 23:00:26,732 - mmcls - INFO - Epoch(val) [14][9]	accuracy_top-1: 41.1765, accuracy_top-5: 90.4412
2024-04-12 23:00:51,996 - mmcls - INFO - Epoch(val) [15][9]	accuracy_top-1: 40.4412, accuracy_top-5: 90.4412
2024-04-12 23:01:17,229 - mmcls - INFO - Epoch(val) [16][9]	accuracy_top-1: 37.5000, accuracy_top-5: 91.9118
2024-04-12 23:01:42,364 - mmcls - INFO - Epoch(val) [17][9]	accuracy_top-1: 41.9118, accuracy_top-5: 91.9118
2024-04-12 23:02:07,070 - mmcls - INFO - Epoch(val) [18][9]	accuracy_top-1: 42.6471, accuracy_top-5: 92.6471
2024-04-12 23:02:32,035 - mmcls - INFO - Epoch(val) [19][9]	accuracy_top-1: 46.3235, accuracy_top-5: 90.4412
2024-04-12 23:02:56,794 - mmcls - INFO - Epoch(val) [20][9]	accuracy_top-1: 45.5882, accuracy_top-5: 92.6471
2024-04-12 23:03:21,295 - mmcls - INFO - Epoch(val) [21][9]	accuracy_top-1: 44.8529, accuracy_top-5: 91.1765
2024-04-12 23:03:45,655 - mmcls - INFO - Epoch(val) [22][9]	accuracy_top-1: 47.0588, accuracy_top-5: 90.4412
2024-04-12 23:04:10,475 - mmcls - INFO - Epoch(val) [23][9]	accuracy_top-1: 43.3824, accuracy_top-5: 92.6471
2024-04-12 23:04:35,672 - mmcls - INFO - Epoch(val) [24][9]	accuracy_top-1: 46.3235, accuracy_top-5: 91.1765
2024-04-12 23:04:59,995 - mmcls - INFO - Epoch(val) [25][9]	accuracy_top-1: 44.1176, accuracy_top-5: 91.9118
2024-04-12 23:05:24,887 - mmcls - INFO - Epoch(val) [26][9]	accuracy_top-1: 42.6471, accuracy_top-5: 93.3824
2024-04-12 23:05:49,510 - mmcls - INFO - Epoch(val) [27][9]	accuracy_top-1: 44.1176, accuracy_top-5: 93.3824
2024-04-12 23:06:12,109 - mmcls - INFO - Epoch(val) [28][9]	accuracy_top-1: 40.4412, accuracy_top-5: 90.4412
2024-04-12 23:06:36,848 - mmcls - INFO - Epoch(val) [29][9]	accuracy_top-1: 44.1176, accuracy_top-5: 91.9118
2024-04-12 23:07:01,699 - mmcls - INFO - Epoch(val) [30][9]	accuracy_top-1: 41.9118, accuracy_top-5: 91.9118
2024-04-12 23:07:25,601 - mmcls - INFO - Epoch(val) [31][9]	accuracy_top-1: 48.5294, accuracy_top-5: 91.9118
2024-04-12 23:07:49,758 - mmcls - INFO - Epoch(val) [32][9]	accuracy_top-1: 44.8529, accuracy_top-5: 90.4412
2024-04-12 23:08:13,473 - mmcls - INFO - Epoch(val) [33][9]	accuracy_top-1: 48.5294, accuracy_top-5: 91.9118
2024-04-12 23:08:38,292 - mmcls - INFO - Epoch(val) [34][9]	accuracy_top-1: 50.0000, accuracy_top-5: 91.9118
2024-04-12 23:09:03,096 - mmcls - INFO - Epoch(val) [35][9]	accuracy_top-1: 49.2647, accuracy_top-5: 93.3824
2024-04-12 23:09:27,100 - mmcls - INFO - Epoch(val) [36][9]	accuracy_top-1: 47.7941, accuracy_top-5: 91.9118
2024-04-12 23:09:49,920 - mmcls - INFO - Epoch(val) [37][9]	accuracy_top-1: 47.0588, accuracy_top-5: 92.6471
2024-04-12 23:10:13,947 - mmcls - INFO - Epoch(val) [38][9]	accuracy_top-1: 50.7353, accuracy_top-5: 92.6471
2024-04-12 23:10:39,318 - mmcls - INFO - Epoch(val) [39][9]	accuracy_top-1: 50.0000, accuracy_top-5: 93.3824
2024-04-12 23:11:04,746 - mmcls - INFO - Epoch(val) [40][9]	accuracy_top-1: 52.9412, accuracy_top-5: 93.3824
2024-04-12 23:11:29,351 - mmcls - INFO - Epoch(val) [41][9]	accuracy_top-1: 47.7941, accuracy_top-5: 92.6471
2024-04-12 23:11:53,623 - mmcls - INFO - Epoch(val) [42][9]	accuracy_top-1: 50.7353, accuracy_top-5: 93.3824
2024-04-12 23:12:17,968 - mmcls - INFO - Epoch(val) [43][9]	accuracy_top-1: 55.8824, accuracy_top-5: 91.9118
2024-04-12 23:12:42,222 - mmcls - INFO - Epoch(val) [44][9]	accuracy_top-1: 52.9412, accuracy_top-5: 92.6471
2024-04-12 23:13:08,027 - mmcls - INFO - Epoch(val) [45][9]	accuracy_top-1: 48.5294, accuracy_top-5: 92.6471
2024-04-12 23:13:32,192 - mmcls - INFO - Epoch(val) [46][9]	accuracy_top-1: 50.0000, accuracy_top-5: 93.3824
2024-04-12 23:13:56,549 - mmcls - INFO - Epoch(val) [47][9]	accuracy_top-1: 50.7353, accuracy_top-5: 94.1176
2024-04-12 23:14:21,713 - mmcls - INFO - Epoch(val) [48][9]	accuracy_top-1: 50.0000, accuracy_top-5: 93.3824
2024-04-12 23:14:45,668 - mmcls - INFO - Epoch(val) [49][9]	accuracy_top-1: 53.6765, accuracy_top-5: 93.3824
2024-04-12 23:15:09,110 - mmcls - INFO - Epoch(val) [50][9]	accuracy_top-1: 52.2059, accuracy_top-5: 94.1176
2024-04-12 23:15:32,906 - mmcls - INFO - Epoch(val) [51][9]	accuracy_top-1: 51.4706, accuracy_top-5: 94.1176
2024-04-12 23:15:57,762 - mmcls - INFO - Epoch(val) [52][9]	accuracy_top-1: 55.1471, accuracy_top-5: 93.3824
2024-04-12 23:16:22,467 - mmcls - INFO - Epoch(val) [53][9]	accuracy_top-1: 50.0000, accuracy_top-5: 92.6471
2024-04-12 23:16:46,724 - mmcls - INFO - Epoch(val) [54][9]	accuracy_top-1: 55.1471, accuracy_top-5: 95.5882
2024-04-12 23:17:11,363 - mmcls - INFO - Epoch(val) [55][9]	accuracy_top-1: 47.0588, accuracy_top-5: 92.6471
2024-04-12 23:17:36,646 - mmcls - INFO - Epoch(val) [56][9]	accuracy_top-1: 55.1471, accuracy_top-5: 93.3824
2024-04-12 23:18:02,356 - mmcls - INFO - Epoch(val) [57][9]	accuracy_top-1: 52.9412, accuracy_top-5: 93.3824
2024-04-12 23:18:27,079 - mmcls - INFO - Epoch(val) [58][9]	accuracy_top-1: 51.4706, accuracy_top-5: 93.3824
2024-04-12 23:18:50,867 - mmcls - INFO - Epoch(val) [59][9]	accuracy_top-1: 52.2059, accuracy_top-5: 93.3824
2024-04-12 23:19:14,464 - mmcls - INFO - Epoch(val) [60][9]	accuracy_top-1: 53.6765, accuracy_top-5: 92.6471
2024-04-12 23:19:39,113 - mmcls - INFO - Epoch(val) [61][9]	accuracy_top-1: 50.0000, accuracy_top-5: 94.1176
2024-04-12 23:20:02,479 - mmcls - INFO - Epoch(val) [62][9]	accuracy_top-1: 49.2647, accuracy_top-5: 92.6471
2024-04-12 23:20:27,320 - mmcls - INFO - Epoch(val) [63][9]	accuracy_top-1: 54.4118, accuracy_top-5: 93.3824
2024-04-12 23:20:53,379 - mmcls - INFO - Epoch(val) [64][9]	accuracy_top-1: 52.2059, accuracy_top-5: 92.6471
2024-04-12 23:21:19,469 - mmcls - INFO - Epoch(val) [65][9]	accuracy_top-1: 56.6176, accuracy_top-5: 93.3824
2024-04-12 23:21:44,474 - mmcls - INFO - Epoch(val) [66][9]	accuracy_top-1: 54.4118, accuracy_top-5: 93.3824
2024-04-12 23:22:10,597 - mmcls - INFO - Epoch(val) [67][9]	accuracy_top-1: 56.6176, accuracy_top-5: 93.3824
2024-04-12 23:22:36,355 - mmcls - INFO - Epoch(val) [68][9]	accuracy_top-1: 56.6176, accuracy_top-5: 94.8529
2024-04-12 23:23:02,043 - mmcls - INFO - Epoch(val) [69][9]	accuracy_top-1: 53.6765, accuracy_top-5: 93.3824
2024-04-12 23:23:26,165 - mmcls - INFO - Epoch(val) [70][9]	accuracy_top-1: 56.6176, accuracy_top-5: 92.6471
2024-04-12 23:23:52,028 - mmcls - INFO - Epoch(val) [71][9]	accuracy_top-1: 57.3529, accuracy_top-5: 94.1176
2024-04-12 23:24:16,906 - mmcls - INFO - Epoch(val) [72][9]	accuracy_top-1: 54.4118, accuracy_top-5: 92.6471
2024-04-12 23:24:41,385 - mmcls - INFO - Epoch(val) [73][9]	accuracy_top-1: 56.6176, accuracy_top-5: 93.3824
2024-04-12 23:25:06,219 - mmcls - INFO - Epoch(val) [74][9]	accuracy_top-1: 55.1471, accuracy_top-5: 93.3824
2024-04-12 23:25:31,679 - mmcls - INFO - Epoch(val) [75][9]	accuracy_top-1: 55.1471, accuracy_top-5: 94.1176
2024-04-12 23:25:56,035 - mmcls - INFO - Epoch(val) [76][9]	accuracy_top-1: 58.8235, accuracy_top-5: 92.6471
2024-04-12 23:26:20,677 - mmcls - INFO - Epoch(val) [77][9]	accuracy_top-1: 55.8824, accuracy_top-5: 92.6471
2024-04-12 23:26:45,909 - mmcls - INFO - Epoch(val) [78][9]	accuracy_top-1: 52.9412, accuracy_top-5: 92.6471
2024-04-12 23:27:10,672 - mmcls - INFO - Epoch(val) [79][9]	accuracy_top-1: 58.0882, accuracy_top-5: 93.3824
2024-04-12 23:27:35,358 - mmcls - INFO - Epoch(val) [80][9]	accuracy_top-1: 55.8824, accuracy_top-5: 94.1176
2024-04-12 23:27:59,990 - mmcls - INFO - Epoch(val) [81][9]	accuracy_top-1: 55.8824, accuracy_top-5: 92.6471
2024-04-12 23:28:23,642 - mmcls - INFO - Epoch(val) [82][9]	accuracy_top-1: 60.2941, accuracy_top-5: 94.1176
2024-04-12 23:28:47,328 - mmcls - INFO - Epoch(val) [83][9]	accuracy_top-1: 56.6176, accuracy_top-5: 93.3824
2024-04-12 23:29:11,738 - mmcls - INFO - Epoch(val) [84][9]	accuracy_top-1: 55.8824, accuracy_top-5: 94.8529
2024-04-12 23:29:36,636 - mmcls - INFO - Epoch(val) [85][9]	accuracy_top-1: 57.3529, accuracy_top-5: 94.1176
2024-04-12 23:30:01,480 - mmcls - INFO - Epoch(val) [86][9]	accuracy_top-1: 58.0882, accuracy_top-5: 94.1176
2024-04-12 23:30:26,554 - mmcls - INFO - Epoch(val) [87][9]	accuracy_top-1: 55.8824, accuracy_top-5: 93.3824
2024-04-12 23:30:51,467 - mmcls - INFO - Epoch(val) [88][9]	accuracy_top-1: 55.8824, accuracy_top-5: 91.9118
2024-04-12 23:31:16,147 - mmcls - INFO - Epoch(val) [89][9]	accuracy_top-1: 55.8824, accuracy_top-5: 94.1176
2024-04-12 23:31:40,738 - mmcls - INFO - Epoch(val) [90][9]	accuracy_top-1: 58.8235, accuracy_top-5: 94.8529
2024-04-12 23:32:06,173 - mmcls - INFO - Epoch(val) [91][9]	accuracy_top-1: 61.0294, accuracy_top-5: 94.1176
2024-04-12 23:32:31,341 - mmcls - INFO - Epoch(val) [92][9]	accuracy_top-1: 58.0882, accuracy_top-5: 93.3824
2024-04-12 23:32:54,858 - mmcls - INFO - Epoch(val) [93][9]	accuracy_top-1: 58.0882, accuracy_top-5: 92.6471
2024-04-12 23:33:20,248 - mmcls - INFO - Epoch(val) [94][9]	accuracy_top-1: 57.3529, accuracy_top-5: 94.8529
2024-04-12 23:33:46,143 - mmcls - INFO - Epoch(val) [95][9]	accuracy_top-1: 57.3529, accuracy_top-5: 93.3824
2024-04-12 23:34:10,640 - mmcls - INFO - Epoch(val) [96][9]	accuracy_top-1: 55.1471, accuracy_top-5: 93.3824
2024-04-12 23:34:34,943 - mmcls - INFO - Epoch(val) [97][9]	accuracy_top-1: 59.5588, accuracy_top-5: 93.3824
2024-04-12 23:34:59,140 - mmcls - INFO - Epoch(val) [98][9]	accuracy_top-1: 57.3529, accuracy_top-5: 94.1176
2024-04-12 23:35:24,244 - mmcls - INFO - Epoch(val) [99][9]	accuracy_top-1: 56.6176, accuracy_top-5: 93.3824
2024-04-12 23:35:48,419 - mmcls - INFO - Saving checkpoint at 100 epochs
2024-04-12 23:35:53,876 - mmcls - INFO - Epoch(val) [100][9]	accuracy_top-1: 55.8824, accuracy_top-5: 93.3824
2024-04-12 23:36:19,233 - mmcls - INFO - Epoch(val) [101][9]	accuracy_top-1: 61.0294, accuracy_top-5: 93.3824
2024-04-12 23:36:44,896 - mmcls - INFO - Epoch(val) [102][9]	accuracy_top-1: 60.2941, accuracy_top-5: 93.3824
2024-04-12 23:37:09,675 - mmcls - INFO - Epoch(val) [103][9]	accuracy_top-1: 61.0294, accuracy_top-5: 93.3824
2024-04-12 23:37:35,021 - mmcls - INFO - Epoch(val) [104][9]	accuracy_top-1: 61.0294, accuracy_top-5: 94.1176
2024-04-12 23:38:00,642 - mmcls - INFO - Epoch(val) [105][9]	accuracy_top-1: 61.7647, accuracy_top-5: 94.1176
2024-04-12 23:38:26,589 - mmcls - INFO - Epoch(val) [106][9]	accuracy_top-1: 61.0294, accuracy_top-5: 93.3824
2024-04-12 23:38:51,968 - mmcls - INFO - Epoch(val) [107][9]	accuracy_top-1: 61.0294, accuracy_top-5: 93.3824
2024-04-12 23:39:16,831 - mmcls - INFO - Epoch(val) [108][9]	accuracy_top-1: 61.7647, accuracy_top-5: 93.3824
2024-04-12 23:39:41,676 - mmcls - INFO - Epoch(val) [109][9]	accuracy_top-1: 59.5588, accuracy_top-5: 94.1176
2024-04-12 23:40:06,877 - mmcls - INFO - Epoch(val) [110][9]	accuracy_top-1: 59.5588, accuracy_top-5: 93.3824
2024-04-12 23:40:32,311 - mmcls - INFO - Epoch(val) [111][9]	accuracy_top-1: 61.7647, accuracy_top-5: 93.3824
2024-04-12 23:40:56,970 - mmcls - INFO - Epoch(val) [112][9]	accuracy_top-1: 61.0294, accuracy_top-5: 94.1176
2024-04-12 23:41:21,217 - mmcls - INFO - Epoch(val) [113][9]	accuracy_top-1: 61.7647, accuracy_top-5: 93.3824
2024-04-12 23:41:46,049 - mmcls - INFO - Epoch(val) [114][9]	accuracy_top-1: 61.7647, accuracy_top-5: 94.1176
2024-04-12 23:42:11,014 - mmcls - INFO - Epoch(val) [115][9]	accuracy_top-1: 60.2941, accuracy_top-5: 93.3824
2024-04-12 23:42:36,111 - mmcls - INFO - Epoch(val) [116][9]	accuracy_top-1: 61.0294, accuracy_top-5: 93.3824
2024-04-12 23:43:00,937 - mmcls - INFO - Epoch(val) [117][9]	accuracy_top-1: 61.0294, accuracy_top-5: 93.3824
2024-04-12 23:43:25,675 - mmcls - INFO - Epoch(val) [118][9]	accuracy_top-1: 61.7647, accuracy_top-5: 94.1176
2024-04-12 23:43:49,853 - mmcls - INFO - Epoch(val) [119][9]	accuracy_top-1: 61.7647, accuracy_top-5: 94.1176
2024-04-12 23:44:15,717 - mmcls - INFO - Epoch(val) [120][9]	accuracy_top-1: 61.7647, accuracy_top-5: 93.3824
2024-04-12 23:44:40,595 - mmcls - INFO - Epoch(val) [121][9]	accuracy_top-1: 61.7647, accuracy_top-5: 92.6471
2024-04-12 23:45:05,388 - mmcls - INFO - Epoch(val) [122][9]	accuracy_top-1: 61.7647, accuracy_top-5: 92.6471
2024-04-12 23:45:30,131 - mmcls - INFO - Epoch(val) [123][9]	accuracy_top-1: 61.7647, accuracy_top-5: 93.3824
2024-04-12 23:45:55,507 - mmcls - INFO - Epoch(val) [124][9]	accuracy_top-1: 61.0294, accuracy_top-5: 92.6471
2024-04-12 23:46:21,170 - mmcls - INFO - Epoch(val) [125][9]	accuracy_top-1: 61.0294, accuracy_top-5: 93.3824
2024-04-12 23:46:46,536 - mmcls - INFO - Epoch(val) [126][9]	accuracy_top-1: 61.7647, accuracy_top-5: 93.3824
2024-04-12 23:47:10,690 - mmcls - INFO - Epoch(val) [127][9]	accuracy_top-1: 61.7647, accuracy_top-5: 93.3824
2024-04-12 23:47:35,496 - mmcls - INFO - Epoch(val) [128][9]	accuracy_top-1: 62.5000, accuracy_top-5: 93.3824
2024-04-12 23:47:59,714 - mmcls - INFO - Epoch(val) [129][9]	accuracy_top-1: 61.7647, accuracy_top-5: 92.6471
2024-04-12 23:48:23,946 - mmcls - INFO - Epoch(val) [130][9]	accuracy_top-1: 62.5000, accuracy_top-5: 92.6471
2024-04-12 23:48:49,007 - mmcls - INFO - Epoch(val) [131][9]	accuracy_top-1: 61.0294, accuracy_top-5: 93.3824
2024-04-12 23:49:13,275 - mmcls - INFO - Epoch(val) [132][9]	accuracy_top-1: 60.2941, accuracy_top-5: 92.6471
2024-04-12 23:49:37,823 - mmcls - INFO - Epoch(val) [133][9]	accuracy_top-1: 61.7647, accuracy_top-5: 93.3824
2024-04-12 23:50:03,293 - mmcls - INFO - Epoch(val) [134][9]	accuracy_top-1: 61.7647, accuracy_top-5: 92.6471
2024-04-12 23:50:27,587 - mmcls - INFO - Epoch(val) [135][9]	accuracy_top-1: 61.0294, accuracy_top-5: 94.1176
2024-04-12 23:50:51,791 - mmcls - INFO - Epoch(val) [136][9]	accuracy_top-1: 61.7647, accuracy_top-5: 94.1176
2024-04-12 23:51:15,710 - mmcls - INFO - Epoch(val) [137][9]	accuracy_top-1: 61.7647, accuracy_top-5: 93.3824
2024-04-12 23:51:38,955 - mmcls - INFO - Epoch(val) [138][9]	accuracy_top-1: 61.7647, accuracy_top-5: 94.1176
2024-04-12 23:52:04,818 - mmcls - INFO - Epoch(val) [139][9]	accuracy_top-1: 62.5000, accuracy_top-5: 93.3824
2024-04-12 23:52:28,670 - mmcls - INFO - Epoch(val) [140][9]	accuracy_top-1: 61.7647, accuracy_top-5: 92.6471
2024-04-12 23:52:53,657 - mmcls - INFO - Epoch(val) [141][9]	accuracy_top-1: 61.7647, accuracy_top-5: 93.3824
2024-04-12 23:53:18,461 - mmcls - INFO - Epoch(val) [142][9]	accuracy_top-1: 61.7647, accuracy_top-5: 94.1176
2024-04-12 23:53:43,476 - mmcls - INFO - Epoch(val) [143][9]	accuracy_top-1: 61.7647, accuracy_top-5: 94.1176
2024-04-12 23:54:09,294 - mmcls - INFO - Epoch(val) [144][9]	accuracy_top-1: 62.5000, accuracy_top-5: 94.1176
2024-04-12 23:54:34,367 - mmcls - INFO - Epoch(val) [145][9]	accuracy_top-1: 60.2941, accuracy_top-5: 94.1176
2024-04-12 23:54:59,662 - mmcls - INFO - Epoch(val) [146][9]	accuracy_top-1: 60.2941, accuracy_top-5: 93.3824
2024-04-12 23:55:24,834 - mmcls - INFO - Epoch(val) [147][9]	accuracy_top-1: 61.7647, accuracy_top-5: 93.3824
2024-04-12 23:55:49,967 - mmcls - INFO - Epoch(val) [148][9]	accuracy_top-1: 61.7647, accuracy_top-5: 93.3824
2024-04-12 23:56:14,619 - mmcls - INFO - Epoch(val) [149][9]	accuracy_top-1: 61.0294, accuracy_top-5: 92.6471
2024-04-12 23:56:38,217 - mmcls - INFO - Epoch(val) [150][9]	accuracy_top-1: 61.7647, accuracy_top-5: 94.1176
2024-04-12 23:57:02,469 - mmcls - INFO - Epoch(val) [151][9]	accuracy_top-1: 61.7647, accuracy_top-5: 94.1176
2024-04-12 23:57:27,952 - mmcls - INFO - Epoch(val) [152][9]	accuracy_top-1: 61.0294, accuracy_top-5: 94.1176
2024-04-12 23:57:52,368 - mmcls - INFO - Epoch(val) [153][9]	accuracy_top-1: 61.7647, accuracy_top-5: 94.1176
2024-04-12 23:58:17,295 - mmcls - INFO - Epoch(val) [154][9]	accuracy_top-1: 61.0294, accuracy_top-5: 94.1176
2024-04-12 23:58:42,632 - mmcls - INFO - Epoch(val) [155][9]	accuracy_top-1: 61.7647, accuracy_top-5: 94.1176
2024-04-12 23:59:06,865 - mmcls - INFO - Epoch(val) [156][9]	accuracy_top-1: 61.7647, accuracy_top-5: 94.1176
2024-04-12 23:59:32,415 - mmcls - INFO - Epoch(val) [157][9]	accuracy_top-1: 61.7647, accuracy_top-5: 94.1176
2024-04-12 23:59:56,459 - mmcls - INFO - Epoch(val) [158][9]	accuracy_top-1: 61.7647, accuracy_top-5: 94.1176
2024-04-13 00:00:21,958 - mmcls - INFO - Epoch(val) [159][9]	accuracy_top-1: 61.7647, accuracy_top-5: 94.1176
2024-04-13 00:00:47,070 - mmcls - INFO - Epoch(val) [160][9]	accuracy_top-1: 61.7647, accuracy_top-5: 94.1176
2024-04-13 00:01:12,206 - mmcls - INFO - Epoch(val) [161][9]	accuracy_top-1: 61.7647, accuracy_top-5: 94.1176
2024-04-13 00:01:35,483 - mmcls - INFO - Epoch(val) [162][9]	accuracy_top-1: 61.7647, accuracy_top-5: 94.1176
2024-04-13 00:02:01,039 - mmcls - INFO - Epoch(val) [163][9]	accuracy_top-1: 62.5000, accuracy_top-5: 94.1176
2024-04-13 00:02:26,455 - mmcls - INFO - Epoch(val) [164][9]	accuracy_top-1: 62.5000, accuracy_top-5: 94.1176
2024-04-13 00:02:51,284 - mmcls - INFO - Epoch(val) [165][9]	accuracy_top-1: 62.5000, accuracy_top-5: 94.1176
2024-04-13 00:03:16,247 - mmcls - INFO - Epoch(val) [166][9]	accuracy_top-1: 62.5000, accuracy_top-5: 94.1176
2024-04-13 00:03:41,127 - mmcls - INFO - Epoch(val) [167][9]	accuracy_top-1: 63.2353, accuracy_top-5: 94.1176
2024-04-13 00:04:06,218 - mmcls - INFO - Epoch(val) [168][9]	accuracy_top-1: 63.2353, accuracy_top-5: 94.1176
2024-04-13 00:04:30,580 - mmcls - INFO - Epoch(val) [169][9]	accuracy_top-1: 63.2353, accuracy_top-5: 94.1176
2024-04-13 00:04:55,369 - mmcls - INFO - Epoch(val) [170][9]	accuracy_top-1: 63.2353, accuracy_top-5: 94.1176
2024-04-13 00:05:20,725 - mmcls - INFO - Epoch(val) [171][9]	accuracy_top-1: 62.5000, accuracy_top-5: 94.1176
2024-04-13 00:05:46,147 - mmcls - INFO - Epoch(val) [172][9]	accuracy_top-1: 63.2353, accuracy_top-5: 93.3824
2024-04-13 00:06:11,642 - mmcls - INFO - Epoch(val) [173][9]	accuracy_top-1: 62.5000, accuracy_top-5: 94.1176
2024-04-13 00:06:36,358 - mmcls - INFO - Epoch(val) [174][9]	accuracy_top-1: 62.5000, accuracy_top-5: 94.1176
2024-04-13 00:06:59,767 - mmcls - INFO - Epoch(val) [175][9]	accuracy_top-1: 62.5000, accuracy_top-5: 94.1176
2024-04-13 00:07:23,897 - mmcls - INFO - Epoch(val) [176][9]	accuracy_top-1: 62.5000, accuracy_top-5: 93.3824
2024-04-13 00:07:48,646 - mmcls - INFO - Epoch(val) [177][9]	accuracy_top-1: 62.5000, accuracy_top-5: 93.3824
2024-04-13 00:08:12,707 - mmcls - INFO - Epoch(val) [178][9]	accuracy_top-1: 62.5000, accuracy_top-5: 93.3824
2024-04-13 00:08:37,938 - mmcls - INFO - Epoch(val) [179][9]	accuracy_top-1: 62.5000, accuracy_top-5: 93.3824
2024-04-13 00:09:03,820 - mmcls - INFO - Epoch(val) [180][9]	accuracy_top-1: 62.5000, accuracy_top-5: 92.6471
2024-04-13 00:09:29,179 - mmcls - INFO - Epoch(val) [181][9]	accuracy_top-1: 61.7647, accuracy_top-5: 92.6471
2024-04-13 00:09:54,621 - mmcls - INFO - Epoch(val) [182][9]	accuracy_top-1: 61.7647, accuracy_top-5: 92.6471
2024-04-13 00:10:19,953 - mmcls - INFO - Epoch(val) [183][9]	accuracy_top-1: 61.7647, accuracy_top-5: 92.6471
2024-04-13 00:10:45,850 - mmcls - INFO - Epoch(val) [184][9]	accuracy_top-1: 61.7647, accuracy_top-5: 92.6471
2024-04-13 00:11:10,747 - mmcls - INFO - Epoch(val) [185][9]	accuracy_top-1: 61.7647, accuracy_top-5: 93.3824
2024-04-13 00:11:36,539 - mmcls - INFO - Epoch(val) [186][9]	accuracy_top-1: 61.7647, accuracy_top-5: 92.6471
2024-04-13 00:12:01,696 - mmcls - INFO - Epoch(val) [187][9]	accuracy_top-1: 61.7647, accuracy_top-5: 92.6471
2024-04-13 00:12:26,693 - mmcls - INFO - Epoch(val) [188][9]	accuracy_top-1: 61.7647, accuracy_top-5: 92.6471
2024-04-13 00:12:52,151 - mmcls - INFO - Epoch(val) [189][9]	accuracy_top-1: 61.7647, accuracy_top-5: 93.3824
2024-04-13 00:13:16,066 - mmcls - INFO - Epoch(val) [190][9]	accuracy_top-1: 61.7647, accuracy_top-5: 92.6471
2024-04-13 00:13:39,550 - mmcls - INFO - Epoch(val) [191][9]	accuracy_top-1: 61.7647, accuracy_top-5: 93.3824
2024-04-13 00:14:03,766 - mmcls - INFO - Epoch(val) [192][9]	accuracy_top-1: 61.7647, accuracy_top-5: 93.3824
2024-04-13 00:14:28,992 - mmcls - INFO - Epoch(val) [193][9]	accuracy_top-1: 61.7647, accuracy_top-5: 93.3824
2024-04-13 00:14:52,804 - mmcls - INFO - Epoch(val) [194][9]	accuracy_top-1: 61.7647, accuracy_top-5: 93.3824
2024-04-13 00:15:16,846 - mmcls - INFO - Epoch(val) [195][9]	accuracy_top-1: 61.7647, accuracy_top-5: 92.6471
2024-04-13 00:15:40,639 - mmcls - INFO - Epoch(val) [196][9]	accuracy_top-1: 61.7647, accuracy_top-5: 93.3824
2024-04-13 00:16:04,368 - mmcls - INFO - Epoch(val) [197][9]	accuracy_top-1: 61.7647, accuracy_top-5: 92.6471
2024-04-13 00:16:28,195 - mmcls - INFO - Epoch(val) [198][9]	accuracy_top-1: 61.7647, accuracy_top-5: 92.6471
2024-04-13 00:16:51,752 - mmcls - INFO - Epoch(val) [199][9]	accuracy_top-1: 61.7647, accuracy_top-5: 92.6471
2024-04-13 00:17:14,418 - mmcls - INFO - Saving checkpoint at 200 epochs
2024-04-13 00:17:19,011 - mmcls - INFO - Epoch(val) [200][9]	accuracy_top-1: 61.7647, accuracy_top-5: 93.3824
