2024-03-27 23:48:29,652 - mmcls - INFO - Environment info:
------------------------------------------------------------
sys.platform: linux
Python: 3.7.12 | packaged by conda-forge | (default, Oct 26 2021, 06:08:21) [GCC 9.4.0]
CUDA available: True
GPU 0: NVIDIA GeForce RTX 2080 Ti
CUDA_HOME: /usr/local/cuda
NVCC: Cuda compilation tools, release 11.8, V11.8.89
GCC: gcc (Ubuntu 11.4.0-1ubuntu1~22.04) 11.4.0
PyTorch: 1.13.1+cu117
PyTorch compiling details: PyTorch built with:
  - GCC 9.3
  - C++ Version: 201402
  - Intel(R) Math Kernel Library Version 2020.0.0 Product Build 20191122 for Intel(R) 64 architecture applications
  - Intel(R) MKL-DNN v2.6.0 (Git Hash 52b5f107dd9cf10910aaa19cb47f3abf9b349815)
  - OpenMP 201511 (a.k.a. OpenMP 4.5)
  - LAPACK is enabled (usually provided by MKL)
  - NNPACK is enabled
  - CPU capability usage: AVX2
  - CUDA Runtime 11.7
  - NVCC architecture flags: -gencode;arch=compute_37,code=sm_37;-gencode;arch=compute_50,code=sm_50;-gencode;arch=compute_60,code=sm_60;-gencode;arch=compute_70,code=sm_70;-gencode;arch=compute_75,code=sm_75;-gencode;arch=compute_80,code=sm_80;-gencode;arch=compute_86,code=sm_86
  - CuDNN 8.5
  - Magma 2.6.1
  - Build settings: BLAS_INFO=mkl, BUILD_TYPE=Release, CUDA_VERSION=11.7, CUDNN_VERSION=8.5.0, CXX_COMPILER=/opt/rh/devtoolset-9/root/usr/bin/c++, CXX_FLAGS= -fabi-version=11 -Wno-deprecated -fvisibility-inlines-hidden -DUSE_PTHREADPOOL -fopenmp -DNDEBUG -DUSE_KINETO -DUSE_FBGEMM -DUSE_QNNPACK -DUSE_PYTORCH_QNNPACK -DUSE_XNNPACK -DSYMBOLICATE_MOBILE_DEBUG_HANDLE -DEDGE_PROFILER_USE_KINETO -O2 -fPIC -Wno-narrowing -Wall -Wextra -Werror=return-type -Werror=non-virtual-dtor -Wno-missing-field-initializers -Wno-type-limits -Wno-array-bounds -Wno-unknown-pragmas -Wunused-local-typedefs -Wno-unused-parameter -Wno-unused-function -Wno-unused-result -Wno-strict-overflow -Wno-strict-aliasing -Wno-error=deprecated-declarations -Wno-stringop-overflow -Wno-psabi -Wno-error=pedantic -Wno-error=redundant-decls -Wno-error=old-style-cast -fdiagnostics-color=always -faligned-new -Wno-unused-but-set-variable -Wno-maybe-uninitialized -fno-math-errno -fno-trapping-math -Werror=format -Werror=cast-function-type -Wno-stringop-overflow, LAPACK_INFO=mkl, PERF_WITH_AVX=1, PERF_WITH_AVX2=1, PERF_WITH_AVX512=1, TORCH_VERSION=1.13.1, USE_CUDA=ON, USE_CUDNN=ON, USE_EXCEPTION_PTR=1, USE_GFLAGS=OFF, USE_GLOG=OFF, USE_MKL=ON, USE_MKLDNN=ON, USE_MPI=OFF, USE_NCCL=ON, USE_NNPACK=ON, USE_OPENMP=ON, USE_ROCM=OFF, 

TorchVision: 0.14.1+cu117
OpenCV: 4.9.0
MMCV: 1.5.0
MMCV Compiler: n/a
MMCV CUDA Compiler: n/a
MMClassification: 0.15.0+7ebf3a9
------------------------------------------------------------

2024-03-27 23:48:29,653 - mmcls - INFO - Distributed training: False
2024-03-27 23:48:29,787 - mmcls - INFO - Config:
model = dict(
    type='ImageClassifier',
    backbone=dict(
        type='ResNet',
        depth=50,
        num_stages=4,
        out_indices=(3, ),
        style='pytorch'),
    neck=dict(type='GlobalAveragePooling'),
    head=dict(
        type='LinearClsHead',
        num_classes=17,
        in_channels=2048,
        loss=dict(type='CrossEntropyLoss', loss_weight=1.0)))
dataset_type = 'Flowers'
img_norm_cfg = dict(
    mean=[123.675, 116.28, 103.53], std=[58.395, 57.12, 57.375], to_rgb=True)
train_pipeline = [
    dict(type='LoadImageFromFile'),
    dict(type='Rotate', angle=15.0),
    dict(type='RandomResizedCrop', size=224),
    dict(type='RandomFlip', flip_prob=0.5, direction='horizontal'),
    dict(
        type='Normalize',
        mean=[123.675, 116.28, 103.53],
        std=[58.395, 57.12, 57.375],
        to_rgb=True),
    dict(type='ImageToTensor', keys=['img']),
    dict(type='ToTensor', keys=['gt_label']),
    dict(type='Collect', keys=['img', 'gt_label'])
]
test_pipeline = [
    dict(type='LoadImageFromFile'),
    dict(type='Resize', size=(256, -1)),
    dict(type='CenterCrop', crop_size=224),
    dict(
        type='Normalize',
        mean=[123.675, 116.28, 103.53],
        std=[58.395, 57.12, 57.375],
        to_rgb=True),
    dict(type='ImageToTensor', keys=['img']),
    dict(type='Collect', keys=['img'])
]
data = dict(
    samples_per_gpu=16,
    workers_per_gpu=1,
    train=dict(
        type='Flowers',
        data_prefix='data/flowers/train',
        ann_file='data/flowers/meta/train.txt',
        pipeline=[
            dict(type='LoadImageFromFile'),
            dict(type='Rotate', angle=15.0),
            dict(type='RandomResizedCrop', size=224),
            dict(type='RandomFlip', flip_prob=0.5, direction='horizontal'),
            dict(
                type='Normalize',
                mean=[123.675, 116.28, 103.53],
                std=[58.395, 57.12, 57.375],
                to_rgb=True),
            dict(type='ImageToTensor', keys=['img']),
            dict(type='ToTensor', keys=['gt_label']),
            dict(type='Collect', keys=['img', 'gt_label'])
        ]),
    val=dict(
        type='Flowers',
        data_prefix='data/flowers/val',
        ann_file='data/flowers/meta/val.txt',
        pipeline=[
            dict(type='LoadImageFromFile'),
            dict(type='Resize', size=(256, -1)),
            dict(type='CenterCrop', crop_size=224),
            dict(
                type='Normalize',
                mean=[123.675, 116.28, 103.53],
                std=[58.395, 57.12, 57.375],
                to_rgb=True),
            dict(type='ImageToTensor', keys=['img']),
            dict(type='Collect', keys=['img'])
        ]),
    test=dict(
        type='Flowers',
        data_prefix='data/flowers/test',
        ann_file='data/flowers/meta/test.txt',
        pipeline=[
            dict(type='LoadImageFromFile'),
            dict(type='Resize', size=(256, -1)),
            dict(type='CenterCrop', crop_size=224),
            dict(
                type='Normalize',
                mean=[123.675, 116.28, 103.53],
                std=[58.395, 57.12, 57.375],
                to_rgb=True),
            dict(type='ImageToTensor', keys=['img']),
            dict(type='Collect', keys=['img'])
        ]))
evaluation = dict(interval=1, metric='accuracy')
optimizer = dict(type='SGD', lr=0.1, momentum=0.9, weight_decay=0.0001)
optimizer_config = dict(grad_clip=None)
lr_config = dict(policy='step', step=[100, 150])
runner = dict(type='EpochBasedRunner', max_epochs=200)
checkpoint_config = dict(interval=100)
log_config = dict(interval=100, hooks=[dict(type='TextLoggerHook')])
dist_params = dict(backend='nccl')
log_level = 'INFO'
load_from = None
resume_from = None
workflow = [('train', 1)]
work_dir = 'output/dataaugment/resnet50_flowers_bs16_randrotate'
gpu_ids = range(0, 1)

2024-03-27 23:48:30,050 - mmcls - INFO - initialize ResNet with init_cfg [{'type': 'Kaiming', 'layer': ['Conv2d']}, {'type': 'Constant', 'val': 1, 'layer': ['_BatchNorm', 'GroupNorm']}]
2024-03-27 23:48:30,243 - mmcls - INFO - initialize LinearClsHead with init_cfg {'type': 'Normal', 'layer': 'Linear', 'std': 0.01}
Name of parameter - Initialization information

backbone.conv1.weight - torch.Size([64, 3, 7, 7]): 
KaimingInit: a=0, mode=fan_out, nonlinearity=relu, distribution =normal, bias=0 

backbone.bn1.weight - torch.Size([64]): 
The value is the same before and after calling `init_weights` of ImageClassifier  

backbone.bn1.bias - torch.Size([64]): 
The value is the same before and after calling `init_weights` of ImageClassifier  

backbone.layer1.0.conv1.weight - torch.Size([64, 64, 1, 1]): 
KaimingInit: a=0, mode=fan_out, nonlinearity=relu, distribution =normal, bias=0 

backbone.layer1.0.bn1.weight - torch.Size([64]): 
The value is the same before and after calling `init_weights` of ImageClassifier  

backbone.layer1.0.bn1.bias - torch.Size([64]): 
The value is the same before and after calling `init_weights` of ImageClassifier  

backbone.layer1.0.conv2.weight - torch.Size([64, 64, 3, 3]): 
KaimingInit: a=0, mode=fan_out, nonlinearity=relu, distribution =normal, bias=0 

backbone.layer1.0.bn2.weight - torch.Size([64]): 
The value is the same before and after calling `init_weights` of ImageClassifier  

backbone.layer1.0.bn2.bias - torch.Size([64]): 
The value is the same before and after calling `init_weights` of ImageClassifier  

backbone.layer1.0.conv3.weight - torch.Size([256, 64, 1, 1]): 
KaimingInit: a=0, mode=fan_out, nonlinearity=relu, distribution =normal, bias=0 

backbone.layer1.0.bn3.weight - torch.Size([256]): 
Initialized by user-defined `init_weights` in ResNet  

backbone.layer1.0.bn3.bias - torch.Size([256]): 
The value is the same before and after calling `init_weights` of ImageClassifier  

backbone.layer1.0.downsample.0.weight - torch.Size([256, 64, 1, 1]): 
KaimingInit: a=0, mode=fan_out, nonlinearity=relu, distribution =normal, bias=0 

backbone.layer1.0.downsample.1.weight - torch.Size([256]): 
The value is the same before and after calling `init_weights` of ImageClassifier  

backbone.layer1.0.downsample.1.bias - torch.Size([256]): 
The value is the same before and after calling `init_weights` of ImageClassifier  

backbone.layer1.1.conv1.weight - torch.Size([64, 256, 1, 1]): 
KaimingInit: a=0, mode=fan_out, nonlinearity=relu, distribution =normal, bias=0 

backbone.layer1.1.bn1.weight - torch.Size([64]): 
The value is the same before and after calling `init_weights` of ImageClassifier  

backbone.layer1.1.bn1.bias - torch.Size([64]): 
The value is the same before and after calling `init_weights` of ImageClassifier  

backbone.layer1.1.conv2.weight - torch.Size([64, 64, 3, 3]): 
KaimingInit: a=0, mode=fan_out, nonlinearity=relu, distribution =normal, bias=0 

backbone.layer1.1.bn2.weight - torch.Size([64]): 
The value is the same before and after calling `init_weights` of ImageClassifier  

backbone.layer1.1.bn2.bias - torch.Size([64]): 
The value is the same before and after calling `init_weights` of ImageClassifier  

backbone.layer1.1.conv3.weight - torch.Size([256, 64, 1, 1]): 
KaimingInit: a=0, mode=fan_out, nonlinearity=relu, distribution =normal, bias=0 

backbone.layer1.1.bn3.weight - torch.Size([256]): 
Initialized by user-defined `init_weights` in ResNet  

backbone.layer1.1.bn3.bias - torch.Size([256]): 
The value is the same before and after calling `init_weights` of ImageClassifier  

backbone.layer1.2.conv1.weight - torch.Size([64, 256, 1, 1]): 
KaimingInit: a=0, mode=fan_out, nonlinearity=relu, distribution =normal, bias=0 

backbone.layer1.2.bn1.weight - torch.Size([64]): 
The value is the same before and after calling `init_weights` of ImageClassifier  

backbone.layer1.2.bn1.bias - torch.Size([64]): 
The value is the same before and after calling `init_weights` of ImageClassifier  

backbone.layer1.2.conv2.weight - torch.Size([64, 64, 3, 3]): 
KaimingInit: a=0, mode=fan_out, nonlinearity=relu, distribution =normal, bias=0 

backbone.layer1.2.bn2.weight - torch.Size([64]): 
The value is the same before and after calling `init_weights` of ImageClassifier  

backbone.layer1.2.bn2.bias - torch.Size([64]): 
The value is the same before and after calling `init_weights` of ImageClassifier  

backbone.layer1.2.conv3.weight - torch.Size([256, 64, 1, 1]): 
KaimingInit: a=0, mode=fan_out, nonlinearity=relu, distribution =normal, bias=0 

backbone.layer1.2.bn3.weight - torch.Size([256]): 
Initialized by user-defined `init_weights` in ResNet  

backbone.layer1.2.bn3.bias - torch.Size([256]): 
The value is the same before and after calling `init_weights` of ImageClassifier  

backbone.layer2.0.conv1.weight - torch.Size([128, 256, 1, 1]): 
KaimingInit: a=0, mode=fan_out, nonlinearity=relu, distribution =normal, bias=0 

backbone.layer2.0.bn1.weight - torch.Size([128]): 
The value is the same before and after calling `init_weights` of ImageClassifier  

backbone.layer2.0.bn1.bias - torch.Size([128]): 
The value is the same before and after calling `init_weights` of ImageClassifier  

backbone.layer2.0.conv2.weight - torch.Size([128, 128, 3, 3]): 
KaimingInit: a=0, mode=fan_out, nonlinearity=relu, distribution =normal, bias=0 

backbone.layer2.0.bn2.weight - torch.Size([128]): 
The value is the same before and after calling `init_weights` of ImageClassifier  

backbone.layer2.0.bn2.bias - torch.Size([128]): 
The value is the same before and after calling `init_weights` of ImageClassifier  

backbone.layer2.0.conv3.weight - torch.Size([512, 128, 1, 1]): 
KaimingInit: a=0, mode=fan_out, nonlinearity=relu, distribution =normal, bias=0 

backbone.layer2.0.bn3.weight - torch.Size([512]): 
Initialized by user-defined `init_weights` in ResNet  

backbone.layer2.0.bn3.bias - torch.Size([512]): 
The value is the same before and after calling `init_weights` of ImageClassifier  

backbone.layer2.0.downsample.0.weight - torch.Size([512, 256, 1, 1]): 
KaimingInit: a=0, mode=fan_out, nonlinearity=relu, distribution =normal, bias=0 

backbone.layer2.0.downsample.1.weight - torch.Size([512]): 
The value is the same before and after calling `init_weights` of ImageClassifier  

backbone.layer2.0.downsample.1.bias - torch.Size([512]): 
The value is the same before and after calling `init_weights` of ImageClassifier  

backbone.layer2.1.conv1.weight - torch.Size([128, 512, 1, 1]): 
KaimingInit: a=0, mode=fan_out, nonlinearity=relu, distribution =normal, bias=0 

backbone.layer2.1.bn1.weight - torch.Size([128]): 
The value is the same before and after calling `init_weights` of ImageClassifier  

backbone.layer2.1.bn1.bias - torch.Size([128]): 
The value is the same before and after calling `init_weights` of ImageClassifier  

backbone.layer2.1.conv2.weight - torch.Size([128, 128, 3, 3]): 
KaimingInit: a=0, mode=fan_out, nonlinearity=relu, distribution =normal, bias=0 

backbone.layer2.1.bn2.weight - torch.Size([128]): 
The value is the same before and after calling `init_weights` of ImageClassifier  

backbone.layer2.1.bn2.bias - torch.Size([128]): 
The value is the same before and after calling `init_weights` of ImageClassifier  

backbone.layer2.1.conv3.weight - torch.Size([512, 128, 1, 1]): 
KaimingInit: a=0, mode=fan_out, nonlinearity=relu, distribution =normal, bias=0 

backbone.layer2.1.bn3.weight - torch.Size([512]): 
Initialized by user-defined `init_weights` in ResNet  

backbone.layer2.1.bn3.bias - torch.Size([512]): 
The value is the same before and after calling `init_weights` of ImageClassifier  

backbone.layer2.2.conv1.weight - torch.Size([128, 512, 1, 1]): 
KaimingInit: a=0, mode=fan_out, nonlinearity=relu, distribution =normal, bias=0 

backbone.layer2.2.bn1.weight - torch.Size([128]): 
The value is the same before and after calling `init_weights` of ImageClassifier  

backbone.layer2.2.bn1.bias - torch.Size([128]): 
The value is the same before and after calling `init_weights` of ImageClassifier  

backbone.layer2.2.conv2.weight - torch.Size([128, 128, 3, 3]): 
KaimingInit: a=0, mode=fan_out, nonlinearity=relu, distribution =normal, bias=0 

backbone.layer2.2.bn2.weight - torch.Size([128]): 
The value is the same before and after calling `init_weights` of ImageClassifier  

backbone.layer2.2.bn2.bias - torch.Size([128]): 
The value is the same before and after calling `init_weights` of ImageClassifier  

backbone.layer2.2.conv3.weight - torch.Size([512, 128, 1, 1]): 
KaimingInit: a=0, mode=fan_out, nonlinearity=relu, distribution =normal, bias=0 

backbone.layer2.2.bn3.weight - torch.Size([512]): 
Initialized by user-defined `init_weights` in ResNet  

backbone.layer2.2.bn3.bias - torch.Size([512]): 
The value is the same before and after calling `init_weights` of ImageClassifier  

backbone.layer2.3.conv1.weight - torch.Size([128, 512, 1, 1]): 
KaimingInit: a=0, mode=fan_out, nonlinearity=relu, distribution =normal, bias=0 

backbone.layer2.3.bn1.weight - torch.Size([128]): 
The value is the same before and after calling `init_weights` of ImageClassifier  

backbone.layer2.3.bn1.bias - torch.Size([128]): 
The value is the same before and after calling `init_weights` of ImageClassifier  

backbone.layer2.3.conv2.weight - torch.Size([128, 128, 3, 3]): 
KaimingInit: a=0, mode=fan_out, nonlinearity=relu, distribution =normal, bias=0 

backbone.layer2.3.bn2.weight - torch.Size([128]): 
The value is the same before and after calling `init_weights` of ImageClassifier  

backbone.layer2.3.bn2.bias - torch.Size([128]): 
The value is the same before and after calling `init_weights` of ImageClassifier  

backbone.layer2.3.conv3.weight - torch.Size([512, 128, 1, 1]): 
KaimingInit: a=0, mode=fan_out, nonlinearity=relu, distribution =normal, bias=0 

backbone.layer2.3.bn3.weight - torch.Size([512]): 
Initialized by user-defined `init_weights` in ResNet  

backbone.layer2.3.bn3.bias - torch.Size([512]): 
The value is the same before and after calling `init_weights` of ImageClassifier  

backbone.layer3.0.conv1.weight - torch.Size([256, 512, 1, 1]): 
KaimingInit: a=0, mode=fan_out, nonlinearity=relu, distribution =normal, bias=0 

backbone.layer3.0.bn1.weight - torch.Size([256]): 
The value is the same before and after calling `init_weights` of ImageClassifier  

backbone.layer3.0.bn1.bias - torch.Size([256]): 
The value is the same before and after calling `init_weights` of ImageClassifier  

backbone.layer3.0.conv2.weight - torch.Size([256, 256, 3, 3]): 
KaimingInit: a=0, mode=fan_out, nonlinearity=relu, distribution =normal, bias=0 

backbone.layer3.0.bn2.weight - torch.Size([256]): 
The value is the same before and after calling `init_weights` of ImageClassifier  

backbone.layer3.0.bn2.bias - torch.Size([256]): 
The value is the same before and after calling `init_weights` of ImageClassifier  

backbone.layer3.0.conv3.weight - torch.Size([1024, 256, 1, 1]): 
KaimingInit: a=0, mode=fan_out, nonlinearity=relu, distribution =normal, bias=0 

backbone.layer3.0.bn3.weight - torch.Size([1024]): 
Initialized by user-defined `init_weights` in ResNet  

backbone.layer3.0.bn3.bias - torch.Size([1024]): 
The value is the same before and after calling `init_weights` of ImageClassifier  

backbone.layer3.0.downsample.0.weight - torch.Size([1024, 512, 1, 1]): 
KaimingInit: a=0, mode=fan_out, nonlinearity=relu, distribution =normal, bias=0 

backbone.layer3.0.downsample.1.weight - torch.Size([1024]): 
The value is the same before and after calling `init_weights` of ImageClassifier  

backbone.layer3.0.downsample.1.bias - torch.Size([1024]): 
The value is the same before and after calling `init_weights` of ImageClassifier  

backbone.layer3.1.conv1.weight - torch.Size([256, 1024, 1, 1]): 
KaimingInit: a=0, mode=fan_out, nonlinearity=relu, distribution =normal, bias=0 

backbone.layer3.1.bn1.weight - torch.Size([256]): 
The value is the same before and after calling `init_weights` of ImageClassifier  

backbone.layer3.1.bn1.bias - torch.Size([256]): 
The value is the same before and after calling `init_weights` of ImageClassifier  

backbone.layer3.1.conv2.weight - torch.Size([256, 256, 3, 3]): 
KaimingInit: a=0, mode=fan_out, nonlinearity=relu, distribution =normal, bias=0 

backbone.layer3.1.bn2.weight - torch.Size([256]): 
The value is the same before and after calling `init_weights` of ImageClassifier  

backbone.layer3.1.bn2.bias - torch.Size([256]): 
The value is the same before and after calling `init_weights` of ImageClassifier  

backbone.layer3.1.conv3.weight - torch.Size([1024, 256, 1, 1]): 
KaimingInit: a=0, mode=fan_out, nonlinearity=relu, distribution =normal, bias=0 

backbone.layer3.1.bn3.weight - torch.Size([1024]): 
Initialized by user-defined `init_weights` in ResNet  

backbone.layer3.1.bn3.bias - torch.Size([1024]): 
The value is the same before and after calling `init_weights` of ImageClassifier  

backbone.layer3.2.conv1.weight - torch.Size([256, 1024, 1, 1]): 
KaimingInit: a=0, mode=fan_out, nonlinearity=relu, distribution =normal, bias=0 

backbone.layer3.2.bn1.weight - torch.Size([256]): 
The value is the same before and after calling `init_weights` of ImageClassifier  

backbone.layer3.2.bn1.bias - torch.Size([256]): 
The value is the same before and after calling `init_weights` of ImageClassifier  

backbone.layer3.2.conv2.weight - torch.Size([256, 256, 3, 3]): 
KaimingInit: a=0, mode=fan_out, nonlinearity=relu, distribution =normal, bias=0 

backbone.layer3.2.bn2.weight - torch.Size([256]): 
The value is the same before and after calling `init_weights` of ImageClassifier  

backbone.layer3.2.bn2.bias - torch.Size([256]): 
The value is the same before and after calling `init_weights` of ImageClassifier  

backbone.layer3.2.conv3.weight - torch.Size([1024, 256, 1, 1]): 
KaimingInit: a=0, mode=fan_out, nonlinearity=relu, distribution =normal, bias=0 

backbone.layer3.2.bn3.weight - torch.Size([1024]): 
Initialized by user-defined `init_weights` in ResNet  

backbone.layer3.2.bn3.bias - torch.Size([1024]): 
The value is the same before and after calling `init_weights` of ImageClassifier  

backbone.layer3.3.conv1.weight - torch.Size([256, 1024, 1, 1]): 
KaimingInit: a=0, mode=fan_out, nonlinearity=relu, distribution =normal, bias=0 

backbone.layer3.3.bn1.weight - torch.Size([256]): 
The value is the same before and after calling `init_weights` of ImageClassifier  

backbone.layer3.3.bn1.bias - torch.Size([256]): 
The value is the same before and after calling `init_weights` of ImageClassifier  

backbone.layer3.3.conv2.weight - torch.Size([256, 256, 3, 3]): 
KaimingInit: a=0, mode=fan_out, nonlinearity=relu, distribution =normal, bias=0 

backbone.layer3.3.bn2.weight - torch.Size([256]): 
The value is the same before and after calling `init_weights` of ImageClassifier  

backbone.layer3.3.bn2.bias - torch.Size([256]): 
The value is the same before and after calling `init_weights` of ImageClassifier  

backbone.layer3.3.conv3.weight - torch.Size([1024, 256, 1, 1]): 
KaimingInit: a=0, mode=fan_out, nonlinearity=relu, distribution =normal, bias=0 

backbone.layer3.3.bn3.weight - torch.Size([1024]): 
Initialized by user-defined `init_weights` in ResNet  

backbone.layer3.3.bn3.bias - torch.Size([1024]): 
The value is the same before and after calling `init_weights` of ImageClassifier  

backbone.layer3.4.conv1.weight - torch.Size([256, 1024, 1, 1]): 
KaimingInit: a=0, mode=fan_out, nonlinearity=relu, distribution =normal, bias=0 

backbone.layer3.4.bn1.weight - torch.Size([256]): 
The value is the same before and after calling `init_weights` of ImageClassifier  

backbone.layer3.4.bn1.bias - torch.Size([256]): 
The value is the same before and after calling `init_weights` of ImageClassifier  

backbone.layer3.4.conv2.weight - torch.Size([256, 256, 3, 3]): 
KaimingInit: a=0, mode=fan_out, nonlinearity=relu, distribution =normal, bias=0 

backbone.layer3.4.bn2.weight - torch.Size([256]): 
The value is the same before and after calling `init_weights` of ImageClassifier  

backbone.layer3.4.bn2.bias - torch.Size([256]): 
The value is the same before and after calling `init_weights` of ImageClassifier  

backbone.layer3.4.conv3.weight - torch.Size([1024, 256, 1, 1]): 
KaimingInit: a=0, mode=fan_out, nonlinearity=relu, distribution =normal, bias=0 

backbone.layer3.4.bn3.weight - torch.Size([1024]): 
Initialized by user-defined `init_weights` in ResNet  

backbone.layer3.4.bn3.bias - torch.Size([1024]): 
The value is the same before and after calling `init_weights` of ImageClassifier  

backbone.layer3.5.conv1.weight - torch.Size([256, 1024, 1, 1]): 
KaimingInit: a=0, mode=fan_out, nonlinearity=relu, distribution =normal, bias=0 

backbone.layer3.5.bn1.weight - torch.Size([256]): 
The value is the same before and after calling `init_weights` of ImageClassifier  

backbone.layer3.5.bn1.bias - torch.Size([256]): 
The value is the same before and after calling `init_weights` of ImageClassifier  

backbone.layer3.5.conv2.weight - torch.Size([256, 256, 3, 3]): 
KaimingInit: a=0, mode=fan_out, nonlinearity=relu, distribution =normal, bias=0 

backbone.layer3.5.bn2.weight - torch.Size([256]): 
The value is the same before and after calling `init_weights` of ImageClassifier  

backbone.layer3.5.bn2.bias - torch.Size([256]): 
The value is the same before and after calling `init_weights` of ImageClassifier  

backbone.layer3.5.conv3.weight - torch.Size([1024, 256, 1, 1]): 
KaimingInit: a=0, mode=fan_out, nonlinearity=relu, distribution =normal, bias=0 

backbone.layer3.5.bn3.weight - torch.Size([1024]): 
Initialized by user-defined `init_weights` in ResNet  

backbone.layer3.5.bn3.bias - torch.Size([1024]): 
The value is the same before and after calling `init_weights` of ImageClassifier  

backbone.layer4.0.conv1.weight - torch.Size([512, 1024, 1, 1]): 
KaimingInit: a=0, mode=fan_out, nonlinearity=relu, distribution =normal, bias=0 

backbone.layer4.0.bn1.weight - torch.Size([512]): 
The value is the same before and after calling `init_weights` of ImageClassifier  

backbone.layer4.0.bn1.bias - torch.Size([512]): 
The value is the same before and after calling `init_weights` of ImageClassifier  

backbone.layer4.0.conv2.weight - torch.Size([512, 512, 3, 3]): 
KaimingInit: a=0, mode=fan_out, nonlinearity=relu, distribution =normal, bias=0 

backbone.layer4.0.bn2.weight - torch.Size([512]): 
The value is the same before and after calling `init_weights` of ImageClassifier  

backbone.layer4.0.bn2.bias - torch.Size([512]): 
The value is the same before and after calling `init_weights` of ImageClassifier  

backbone.layer4.0.conv3.weight - torch.Size([2048, 512, 1, 1]): 
KaimingInit: a=0, mode=fan_out, nonlinearity=relu, distribution =normal, bias=0 

backbone.layer4.0.bn3.weight - torch.Size([2048]): 
Initialized by user-defined `init_weights` in ResNet  

backbone.layer4.0.bn3.bias - torch.Size([2048]): 
The value is the same before and after calling `init_weights` of ImageClassifier  

backbone.layer4.0.downsample.0.weight - torch.Size([2048, 1024, 1, 1]): 
KaimingInit: a=0, mode=fan_out, nonlinearity=relu, distribution =normal, bias=0 

backbone.layer4.0.downsample.1.weight - torch.Size([2048]): 
The value is the same before and after calling `init_weights` of ImageClassifier  

backbone.layer4.0.downsample.1.bias - torch.Size([2048]): 
The value is the same before and after calling `init_weights` of ImageClassifier  

backbone.layer4.1.conv1.weight - torch.Size([512, 2048, 1, 1]): 
KaimingInit: a=0, mode=fan_out, nonlinearity=relu, distribution =normal, bias=0 

backbone.layer4.1.bn1.weight - torch.Size([512]): 
The value is the same before and after calling `init_weights` of ImageClassifier  

backbone.layer4.1.bn1.bias - torch.Size([512]): 
The value is the same before and after calling `init_weights` of ImageClassifier  

backbone.layer4.1.conv2.weight - torch.Size([512, 512, 3, 3]): 
KaimingInit: a=0, mode=fan_out, nonlinearity=relu, distribution =normal, bias=0 

backbone.layer4.1.bn2.weight - torch.Size([512]): 
The value is the same before and after calling `init_weights` of ImageClassifier  

backbone.layer4.1.bn2.bias - torch.Size([512]): 
The value is the same before and after calling `init_weights` of ImageClassifier  

backbone.layer4.1.conv3.weight - torch.Size([2048, 512, 1, 1]): 
KaimingInit: a=0, mode=fan_out, nonlinearity=relu, distribution =normal, bias=0 

backbone.layer4.1.bn3.weight - torch.Size([2048]): 
Initialized by user-defined `init_weights` in ResNet  

backbone.layer4.1.bn3.bias - torch.Size([2048]): 
The value is the same before and after calling `init_weights` of ImageClassifier  

backbone.layer4.2.conv1.weight - torch.Size([512, 2048, 1, 1]): 
KaimingInit: a=0, mode=fan_out, nonlinearity=relu, distribution =normal, bias=0 

backbone.layer4.2.bn1.weight - torch.Size([512]): 
The value is the same before and after calling `init_weights` of ImageClassifier  

backbone.layer4.2.bn1.bias - torch.Size([512]): 
The value is the same before and after calling `init_weights` of ImageClassifier  

backbone.layer4.2.conv2.weight - torch.Size([512, 512, 3, 3]): 
KaimingInit: a=0, mode=fan_out, nonlinearity=relu, distribution =normal, bias=0 

backbone.layer4.2.bn2.weight - torch.Size([512]): 
The value is the same before and after calling `init_weights` of ImageClassifier  

backbone.layer4.2.bn2.bias - torch.Size([512]): 
The value is the same before and after calling `init_weights` of ImageClassifier  

backbone.layer4.2.conv3.weight - torch.Size([2048, 512, 1, 1]): 
KaimingInit: a=0, mode=fan_out, nonlinearity=relu, distribution =normal, bias=0 

backbone.layer4.2.bn3.weight - torch.Size([2048]): 
Initialized by user-defined `init_weights` in ResNet  

backbone.layer4.2.bn3.bias - torch.Size([2048]): 
The value is the same before and after calling `init_weights` of ImageClassifier  

head.fc.weight - torch.Size([17, 2048]): 
NormalInit: mean=0, std=0.01, bias=0 

head.fc.bias - torch.Size([17]): 
NormalInit: mean=0, std=0.01, bias=0 
2024-03-27 23:48:44,476 - mmcls - INFO - Start running, host: zaychan@gpu2-comp-109, work_dir: /userhome/cs2/zaychan/COMP3340Project/CNN_Image_Classification_Code/output/dataaugment/resnet50_flowers_bs16_randrotate
2024-03-27 23:48:44,477 - mmcls - INFO - Hooks will be executed in the following order:
before_run:
(VERY_HIGH   ) StepLrUpdaterHook                  
(NORMAL      ) CheckpointHook                     
(NORMAL      ) EvalHook                           
(VERY_LOW    ) TextLoggerHook                     
 -------------------- 
before_train_epoch:
(VERY_HIGH   ) StepLrUpdaterHook                  
(NORMAL      ) EvalHook                           
(LOW         ) IterTimerHook                      
(VERY_LOW    ) TextLoggerHook                     
 -------------------- 
before_train_iter:
(VERY_HIGH   ) StepLrUpdaterHook                  
(NORMAL      ) EvalHook                           
(LOW         ) IterTimerHook                      
 -------------------- 
after_train_iter:
(ABOVE_NORMAL) OptimizerHook                      
(NORMAL      ) CheckpointHook                     
(NORMAL      ) EvalHook                           
(LOW         ) IterTimerHook                      
(VERY_LOW    ) TextLoggerHook                     
 -------------------- 
after_train_epoch:
(NORMAL      ) CheckpointHook                     
(NORMAL      ) EvalHook                           
(VERY_LOW    ) TextLoggerHook                     
 -------------------- 
before_val_epoch:
(LOW         ) IterTimerHook                      
(VERY_LOW    ) TextLoggerHook                     
 -------------------- 
before_val_iter:
(LOW         ) IterTimerHook                      
 -------------------- 
after_val_iter:
(LOW         ) IterTimerHook                      
 -------------------- 
after_val_epoch:
(VERY_LOW    ) TextLoggerHook                     
 -------------------- 
after_run:
(VERY_LOW    ) TextLoggerHook                     
 -------------------- 
2024-03-27 23:48:44,477 - mmcls - INFO - workflow: [('train', 1)], max: 200 epochs
2024-03-27 23:48:44,478 - mmcls - INFO - Checkpoints will be saved to /userhome/cs2/zaychan/COMP3340Project/CNN_Image_Classification_Code/output/dataaugment/resnet50_flowers_bs16_randrotate by HardDiskBackend.
2024-03-27 23:49:45,551 - mmcls - INFO - Epoch(val) [1][9]	accuracy_top-1: 19.1176, accuracy_top-5: 61.0294
2024-03-27 23:49:58,690 - mmcls - INFO - Epoch(val) [2][9]	accuracy_top-1: 21.3235, accuracy_top-5: 71.3235
2024-03-27 23:50:10,217 - mmcls - INFO - Epoch(val) [3][9]	accuracy_top-1: 33.8235, accuracy_top-5: 83.8235
2024-03-27 23:50:21,628 - mmcls - INFO - Epoch(val) [4][9]	accuracy_top-1: 44.8529, accuracy_top-5: 87.5000
2024-03-27 23:50:33,146 - mmcls - INFO - Epoch(val) [5][9]	accuracy_top-1: 44.8529, accuracy_top-5: 89.7059
2024-03-27 23:50:44,526 - mmcls - INFO - Epoch(val) [6][9]	accuracy_top-1: 41.9118, accuracy_top-5: 92.6471
2024-03-27 23:50:55,746 - mmcls - INFO - Epoch(val) [7][9]	accuracy_top-1: 50.7353, accuracy_top-5: 91.1765
2024-03-27 23:51:06,966 - mmcls - INFO - Epoch(val) [8][9]	accuracy_top-1: 52.2059, accuracy_top-5: 88.9706
2024-03-27 23:51:18,226 - mmcls - INFO - Epoch(val) [9][9]	accuracy_top-1: 46.3235, accuracy_top-5: 93.3824
2024-03-27 23:51:29,441 - mmcls - INFO - Epoch(val) [10][9]	accuracy_top-1: 55.8824, accuracy_top-5: 94.1176
2024-03-27 23:51:40,831 - mmcls - INFO - Epoch(val) [11][9]	accuracy_top-1: 52.2059, accuracy_top-5: 88.2353
2024-03-27 23:51:52,285 - mmcls - INFO - Epoch(val) [12][9]	accuracy_top-1: 55.1471, accuracy_top-5: 91.1765
2024-03-27 23:52:03,571 - mmcls - INFO - Epoch(val) [13][9]	accuracy_top-1: 58.8235, accuracy_top-5: 92.6471
2024-03-27 23:52:14,926 - mmcls - INFO - Epoch(val) [14][9]	accuracy_top-1: 55.1471, accuracy_top-5: 92.6471
2024-03-27 23:52:26,135 - mmcls - INFO - Epoch(val) [15][9]	accuracy_top-1: 52.9412, accuracy_top-5: 91.1765
2024-03-27 23:52:37,851 - mmcls - INFO - Epoch(val) [16][9]	accuracy_top-1: 55.1471, accuracy_top-5: 92.6471
2024-03-27 23:52:49,094 - mmcls - INFO - Epoch(val) [17][9]	accuracy_top-1: 59.5588, accuracy_top-5: 92.6471
2024-03-27 23:53:00,923 - mmcls - INFO - Epoch(val) [18][9]	accuracy_top-1: 61.0294, accuracy_top-5: 94.1176
2024-03-27 23:53:12,324 - mmcls - INFO - Epoch(val) [19][9]	accuracy_top-1: 66.9118, accuracy_top-5: 95.5882
2024-03-27 23:53:23,716 - mmcls - INFO - Epoch(val) [20][9]	accuracy_top-1: 61.0294, accuracy_top-5: 91.9118
2024-03-27 23:53:35,045 - mmcls - INFO - Epoch(val) [21][9]	accuracy_top-1: 57.3529, accuracy_top-5: 94.8529
2024-03-27 23:53:46,235 - mmcls - INFO - Epoch(val) [22][9]	accuracy_top-1: 58.8235, accuracy_top-5: 94.8529
2024-03-27 23:53:57,857 - mmcls - INFO - Epoch(val) [23][9]	accuracy_top-1: 62.5000, accuracy_top-5: 95.5882
2024-03-27 23:54:09,307 - mmcls - INFO - Epoch(val) [24][9]	accuracy_top-1: 61.0294, accuracy_top-5: 92.6471
2024-03-27 23:54:20,698 - mmcls - INFO - Epoch(val) [25][9]	accuracy_top-1: 66.1765, accuracy_top-5: 95.5882
2024-03-27 23:54:31,955 - mmcls - INFO - Epoch(val) [26][9]	accuracy_top-1: 64.7059, accuracy_top-5: 93.3824
2024-03-27 23:54:43,498 - mmcls - INFO - Epoch(val) [27][9]	accuracy_top-1: 61.7647, accuracy_top-5: 94.8529
2024-03-27 23:54:54,718 - mmcls - INFO - Epoch(val) [28][9]	accuracy_top-1: 69.1176, accuracy_top-5: 96.3235
2024-03-27 23:55:05,956 - mmcls - INFO - Epoch(val) [29][9]	accuracy_top-1: 65.4412, accuracy_top-5: 94.1176
2024-03-27 23:55:17,471 - mmcls - INFO - Epoch(val) [30][9]	accuracy_top-1: 69.8529, accuracy_top-5: 94.1176
2024-03-27 23:55:28,906 - mmcls - INFO - Epoch(val) [31][9]	accuracy_top-1: 66.1765, accuracy_top-5: 94.8529
2024-03-27 23:55:40,304 - mmcls - INFO - Epoch(val) [32][9]	accuracy_top-1: 66.9118, accuracy_top-5: 94.8529
2024-03-27 23:55:51,643 - mmcls - INFO - Epoch(val) [33][9]	accuracy_top-1: 70.5882, accuracy_top-5: 97.7941
2024-03-27 23:56:03,252 - mmcls - INFO - Epoch(val) [34][9]	accuracy_top-1: 69.1176, accuracy_top-5: 95.5882
2024-03-27 23:56:14,646 - mmcls - INFO - Epoch(val) [35][9]	accuracy_top-1: 61.0294, accuracy_top-5: 92.6471
2024-03-27 23:56:26,189 - mmcls - INFO - Epoch(val) [36][9]	accuracy_top-1: 69.8529, accuracy_top-5: 95.5882
2024-03-27 23:56:37,341 - mmcls - INFO - Epoch(val) [37][9]	accuracy_top-1: 63.2353, accuracy_top-5: 96.3235
2024-03-27 23:56:48,335 - mmcls - INFO - Epoch(val) [38][9]	accuracy_top-1: 75.0000, accuracy_top-5: 95.5882
2024-03-27 23:56:59,790 - mmcls - INFO - Epoch(val) [39][9]	accuracy_top-1: 62.5000, accuracy_top-5: 94.1176
2024-03-27 23:57:10,934 - mmcls - INFO - Epoch(val) [40][9]	accuracy_top-1: 70.5882, accuracy_top-5: 94.1176
2024-03-27 23:57:21,945 - mmcls - INFO - Epoch(val) [41][9]	accuracy_top-1: 71.3235, accuracy_top-5: 97.0588
2024-03-27 23:57:32,648 - mmcls - INFO - Epoch(val) [42][9]	accuracy_top-1: 69.1176, accuracy_top-5: 96.3235
2024-03-27 23:57:43,759 - mmcls - INFO - Epoch(val) [43][9]	accuracy_top-1: 71.3235, accuracy_top-5: 96.3235
2024-03-27 23:57:54,428 - mmcls - INFO - Epoch(val) [44][9]	accuracy_top-1: 71.3235, accuracy_top-5: 95.5882
2024-03-27 23:58:05,250 - mmcls - INFO - Epoch(val) [45][9]	accuracy_top-1: 71.3235, accuracy_top-5: 90.4412
2024-03-27 23:58:16,265 - mmcls - INFO - Epoch(val) [46][9]	accuracy_top-1: 75.0000, accuracy_top-5: 99.2647
2024-03-27 23:58:27,502 - mmcls - INFO - Epoch(val) [47][9]	accuracy_top-1: 74.2647, accuracy_top-5: 94.1176
2024-03-27 23:58:39,084 - mmcls - INFO - Epoch(val) [48][9]	accuracy_top-1: 75.0000, accuracy_top-5: 95.5882
2024-03-27 23:58:50,728 - mmcls - INFO - Epoch(val) [49][9]	accuracy_top-1: 80.1471, accuracy_top-5: 97.7941
2024-03-27 23:59:02,323 - mmcls - INFO - Epoch(val) [50][9]	accuracy_top-1: 74.2647, accuracy_top-5: 97.0588
2024-03-27 23:59:13,686 - mmcls - INFO - Epoch(val) [51][9]	accuracy_top-1: 66.1765, accuracy_top-5: 94.8529
2024-03-27 23:59:24,934 - mmcls - INFO - Epoch(val) [52][9]	accuracy_top-1: 77.2059, accuracy_top-5: 94.8529
2024-03-27 23:59:36,294 - mmcls - INFO - Epoch(val) [53][9]	accuracy_top-1: 75.0000, accuracy_top-5: 98.5294
2024-03-27 23:59:47,682 - mmcls - INFO - Epoch(val) [54][9]	accuracy_top-1: 72.7941, accuracy_top-5: 96.3235
2024-03-27 23:59:59,034 - mmcls - INFO - Epoch(val) [55][9]	accuracy_top-1: 75.0000, accuracy_top-5: 97.0588
2024-03-28 00:00:10,492 - mmcls - INFO - Epoch(val) [56][9]	accuracy_top-1: 75.7353, accuracy_top-5: 96.3235
2024-03-28 00:00:22,137 - mmcls - INFO - Epoch(val) [57][9]	accuracy_top-1: 75.7353, accuracy_top-5: 97.0588
2024-03-28 00:00:33,885 - mmcls - INFO - Epoch(val) [58][9]	accuracy_top-1: 75.7353, accuracy_top-5: 98.5294
2024-03-28 00:00:45,264 - mmcls - INFO - Epoch(val) [59][9]	accuracy_top-1: 70.5882, accuracy_top-5: 98.5294
2024-03-28 00:00:56,559 - mmcls - INFO - Epoch(val) [60][9]	accuracy_top-1: 75.7353, accuracy_top-5: 97.0588
2024-03-28 00:01:08,024 - mmcls - INFO - Epoch(val) [61][9]	accuracy_top-1: 77.9412, accuracy_top-5: 98.5294
2024-03-28 00:01:19,403 - mmcls - INFO - Epoch(val) [62][9]	accuracy_top-1: 72.7941, accuracy_top-5: 97.0588
2024-03-28 00:01:30,952 - mmcls - INFO - Epoch(val) [63][9]	accuracy_top-1: 81.6176, accuracy_top-5: 97.0588
2024-03-28 00:01:42,320 - mmcls - INFO - Epoch(val) [64][9]	accuracy_top-1: 72.7941, accuracy_top-5: 97.7941
2024-03-28 00:01:53,633 - mmcls - INFO - Epoch(val) [65][9]	accuracy_top-1: 79.4118, accuracy_top-5: 97.0588
2024-03-28 00:02:04,986 - mmcls - INFO - Epoch(val) [66][9]	accuracy_top-1: 77.9412, accuracy_top-5: 97.0588
2024-03-28 00:02:16,623 - mmcls - INFO - Epoch(val) [67][9]	accuracy_top-1: 75.7353, accuracy_top-5: 97.7941
2024-03-28 00:02:27,837 - mmcls - INFO - Epoch(val) [68][9]	accuracy_top-1: 74.2647, accuracy_top-5: 99.2647
2024-03-28 00:02:39,173 - mmcls - INFO - Epoch(val) [69][9]	accuracy_top-1: 80.1471, accuracy_top-5: 99.2647
2024-03-28 00:02:50,546 - mmcls - INFO - Epoch(val) [70][9]	accuracy_top-1: 80.8824, accuracy_top-5: 98.5294
2024-03-28 00:03:02,038 - mmcls - INFO - Epoch(val) [71][9]	accuracy_top-1: 77.2059, accuracy_top-5: 97.7941
2024-03-28 00:03:13,407 - mmcls - INFO - Epoch(val) [72][9]	accuracy_top-1: 77.9412, accuracy_top-5: 96.3235
2024-03-28 00:03:24,988 - mmcls - INFO - Epoch(val) [73][9]	accuracy_top-1: 75.0000, accuracy_top-5: 98.5294
2024-03-28 00:03:36,355 - mmcls - INFO - Epoch(val) [74][9]	accuracy_top-1: 81.6176, accuracy_top-5: 100.0000
2024-03-28 00:03:47,696 - mmcls - INFO - Epoch(val) [75][9]	accuracy_top-1: 80.1471, accuracy_top-5: 95.5882
2024-03-28 00:03:59,383 - mmcls - INFO - Epoch(val) [76][9]	accuracy_top-1: 84.5588, accuracy_top-5: 99.2647
2024-03-28 00:04:11,346 - mmcls - INFO - Epoch(val) [77][9]	accuracy_top-1: 72.7941, accuracy_top-5: 98.5294
2024-03-28 00:04:22,562 - mmcls - INFO - Epoch(val) [78][9]	accuracy_top-1: 79.4118, accuracy_top-5: 97.0588
2024-03-28 00:04:34,351 - mmcls - INFO - Epoch(val) [79][9]	accuracy_top-1: 77.9412, accuracy_top-5: 99.2647
2024-03-28 00:04:45,707 - mmcls - INFO - Epoch(val) [80][9]	accuracy_top-1: 81.6176, accuracy_top-5: 99.2647
2024-03-28 00:04:56,948 - mmcls - INFO - Epoch(val) [81][9]	accuracy_top-1: 81.6176, accuracy_top-5: 98.5294
2024-03-28 00:05:08,338 - mmcls - INFO - Epoch(val) [82][9]	accuracy_top-1: 83.0882, accuracy_top-5: 97.0588
2024-03-28 00:05:19,731 - mmcls - INFO - Epoch(val) [83][9]	accuracy_top-1: 77.9412, accuracy_top-5: 97.7941
2024-03-28 00:05:31,130 - mmcls - INFO - Epoch(val) [84][9]	accuracy_top-1: 81.6176, accuracy_top-5: 99.2647
2024-03-28 00:05:42,410 - mmcls - INFO - Epoch(val) [85][9]	accuracy_top-1: 80.8824, accuracy_top-5: 99.2647
2024-03-28 00:05:53,987 - mmcls - INFO - Epoch(val) [86][9]	accuracy_top-1: 83.0882, accuracy_top-5: 97.7941
2024-03-28 00:06:05,071 - mmcls - INFO - Epoch(val) [87][9]	accuracy_top-1: 83.0882, accuracy_top-5: 98.5294
2024-03-28 00:06:16,774 - mmcls - INFO - Epoch(val) [88][9]	accuracy_top-1: 82.3529, accuracy_top-5: 98.5294
2024-03-28 00:06:27,818 - mmcls - INFO - Epoch(val) [89][9]	accuracy_top-1: 80.8824, accuracy_top-5: 98.5294
2024-03-28 00:06:38,935 - mmcls - INFO - Epoch(val) [90][9]	accuracy_top-1: 79.4118, accuracy_top-5: 97.7941
2024-03-28 00:06:49,959 - mmcls - INFO - Epoch(val) [91][9]	accuracy_top-1: 77.9412, accuracy_top-5: 98.5294
2024-03-28 00:07:00,922 - mmcls - INFO - Epoch(val) [92][9]	accuracy_top-1: 78.6765, accuracy_top-5: 99.2647
2024-03-28 00:07:11,739 - mmcls - INFO - Epoch(val) [93][9]	accuracy_top-1: 75.0000, accuracy_top-5: 98.5294
2024-03-28 00:07:22,899 - mmcls - INFO - Epoch(val) [94][9]	accuracy_top-1: 80.1471, accuracy_top-5: 97.0588
2024-03-28 00:07:34,051 - mmcls - INFO - Epoch(val) [95][9]	accuracy_top-1: 78.6765, accuracy_top-5: 97.0588
2024-03-28 00:07:45,066 - mmcls - INFO - Epoch(val) [96][9]	accuracy_top-1: 80.8824, accuracy_top-5: 99.2647
2024-03-28 00:07:56,221 - mmcls - INFO - Epoch(val) [97][9]	accuracy_top-1: 83.0882, accuracy_top-5: 99.2647
2024-03-28 00:08:07,632 - mmcls - INFO - Epoch(val) [98][9]	accuracy_top-1: 83.0882, accuracy_top-5: 99.2647
2024-03-28 00:08:18,984 - mmcls - INFO - Epoch(val) [99][9]	accuracy_top-1: 83.8235, accuracy_top-5: 100.0000
2024-03-28 00:08:29,475 - mmcls - INFO - Saving checkpoint at 100 epochs
2024-03-28 00:08:31,810 - mmcls - INFO - Epoch(val) [100][9]	accuracy_top-1: 81.6176, accuracy_top-5: 98.5294
2024-03-28 00:08:43,387 - mmcls - INFO - Epoch(val) [101][9]	accuracy_top-1: 89.7059, accuracy_top-5: 100.0000
2024-03-28 00:08:54,635 - mmcls - INFO - Epoch(val) [102][9]	accuracy_top-1: 88.2353, accuracy_top-5: 100.0000
2024-03-28 00:09:06,638 - mmcls - INFO - Epoch(val) [103][9]	accuracy_top-1: 88.9706, accuracy_top-5: 100.0000
2024-03-28 00:09:18,011 - mmcls - INFO - Epoch(val) [104][9]	accuracy_top-1: 88.9706, accuracy_top-5: 100.0000
2024-03-28 00:09:29,657 - mmcls - INFO - Epoch(val) [105][9]	accuracy_top-1: 89.7059, accuracy_top-5: 100.0000
2024-03-28 00:09:40,956 - mmcls - INFO - Epoch(val) [106][9]	accuracy_top-1: 89.7059, accuracy_top-5: 100.0000
2024-03-28 00:09:52,443 - mmcls - INFO - Epoch(val) [107][9]	accuracy_top-1: 89.7059, accuracy_top-5: 100.0000
2024-03-28 00:10:03,737 - mmcls - INFO - Epoch(val) [108][9]	accuracy_top-1: 89.7059, accuracy_top-5: 99.2647
2024-03-28 00:10:15,000 - mmcls - INFO - Epoch(val) [109][9]	accuracy_top-1: 89.7059, accuracy_top-5: 100.0000
2024-03-28 00:10:26,266 - mmcls - INFO - Epoch(val) [110][9]	accuracy_top-1: 90.4412, accuracy_top-5: 100.0000
2024-03-28 00:10:37,548 - mmcls - INFO - Epoch(val) [111][9]	accuracy_top-1: 90.4412, accuracy_top-5: 99.2647
2024-03-28 00:10:48,734 - mmcls - INFO - Epoch(val) [112][9]	accuracy_top-1: 89.7059, accuracy_top-5: 100.0000
2024-03-28 00:11:00,114 - mmcls - INFO - Epoch(val) [113][9]	accuracy_top-1: 89.7059, accuracy_top-5: 100.0000
2024-03-28 00:11:11,718 - mmcls - INFO - Epoch(val) [114][9]	accuracy_top-1: 91.9118, accuracy_top-5: 100.0000
2024-03-28 00:11:23,179 - mmcls - INFO - Epoch(val) [115][9]	accuracy_top-1: 89.7059, accuracy_top-5: 99.2647
2024-03-28 00:11:34,402 - mmcls - INFO - Epoch(val) [116][9]	accuracy_top-1: 88.2353, accuracy_top-5: 99.2647
2024-03-28 00:11:45,738 - mmcls - INFO - Epoch(val) [117][9]	accuracy_top-1: 89.7059, accuracy_top-5: 100.0000
2024-03-28 00:11:56,991 - mmcls - INFO - Epoch(val) [118][9]	accuracy_top-1: 89.7059, accuracy_top-5: 99.2647
2024-03-28 00:12:08,439 - mmcls - INFO - Epoch(val) [119][9]	accuracy_top-1: 88.9706, accuracy_top-5: 99.2647
2024-03-28 00:12:19,657 - mmcls - INFO - Epoch(val) [120][9]	accuracy_top-1: 89.7059, accuracy_top-5: 100.0000
2024-03-28 00:12:30,991 - mmcls - INFO - Epoch(val) [121][9]	accuracy_top-1: 89.7059, accuracy_top-5: 100.0000
2024-03-28 00:12:42,296 - mmcls - INFO - Epoch(val) [122][9]	accuracy_top-1: 90.4412, accuracy_top-5: 100.0000
2024-03-28 00:12:53,410 - mmcls - INFO - Epoch(val) [123][9]	accuracy_top-1: 89.7059, accuracy_top-5: 100.0000
2024-03-28 00:13:04,507 - mmcls - INFO - Epoch(val) [124][9]	accuracy_top-1: 89.7059, accuracy_top-5: 100.0000
2024-03-28 00:13:15,719 - mmcls - INFO - Epoch(val) [125][9]	accuracy_top-1: 88.9706, accuracy_top-5: 100.0000
2024-03-28 00:13:27,237 - mmcls - INFO - Epoch(val) [126][9]	accuracy_top-1: 91.1765, accuracy_top-5: 100.0000
2024-03-28 00:13:38,631 - mmcls - INFO - Epoch(val) [127][9]	accuracy_top-1: 89.7059, accuracy_top-5: 99.2647
2024-03-28 00:13:50,014 - mmcls - INFO - Epoch(val) [128][9]	accuracy_top-1: 88.2353, accuracy_top-5: 99.2647
2024-03-28 00:14:01,326 - mmcls - INFO - Epoch(val) [129][9]	accuracy_top-1: 88.2353, accuracy_top-5: 99.2647
2024-03-28 00:14:12,524 - mmcls - INFO - Epoch(val) [130][9]	accuracy_top-1: 88.9706, accuracy_top-5: 100.0000
2024-03-28 00:14:23,872 - mmcls - INFO - Epoch(val) [131][9]	accuracy_top-1: 88.9706, accuracy_top-5: 100.0000
2024-03-28 00:14:35,314 - mmcls - INFO - Epoch(val) [132][9]	accuracy_top-1: 91.1765, accuracy_top-5: 100.0000
2024-03-28 00:14:46,370 - mmcls - INFO - Epoch(val) [133][9]	accuracy_top-1: 88.9706, accuracy_top-5: 99.2647
2024-03-28 00:14:57,694 - mmcls - INFO - Epoch(val) [134][9]	accuracy_top-1: 88.9706, accuracy_top-5: 100.0000
2024-03-28 00:15:08,775 - mmcls - INFO - Epoch(val) [135][9]	accuracy_top-1: 89.7059, accuracy_top-5: 100.0000
2024-03-28 00:15:19,997 - mmcls - INFO - Epoch(val) [136][9]	accuracy_top-1: 89.7059, accuracy_top-5: 100.0000
2024-03-28 00:15:31,142 - mmcls - INFO - Epoch(val) [137][9]	accuracy_top-1: 88.9706, accuracy_top-5: 100.0000
2024-03-28 00:15:42,653 - mmcls - INFO - Epoch(val) [138][9]	accuracy_top-1: 88.9706, accuracy_top-5: 100.0000
2024-03-28 00:15:53,800 - mmcls - INFO - Epoch(val) [139][9]	accuracy_top-1: 89.7059, accuracy_top-5: 100.0000
2024-03-28 00:16:05,057 - mmcls - INFO - Epoch(val) [140][9]	accuracy_top-1: 90.4412, accuracy_top-5: 100.0000
2024-03-28 00:16:16,419 - mmcls - INFO - Epoch(val) [141][9]	accuracy_top-1: 89.7059, accuracy_top-5: 100.0000
2024-03-28 00:16:27,753 - mmcls - INFO - Epoch(val) [142][9]	accuracy_top-1: 88.9706, accuracy_top-5: 100.0000
2024-03-28 00:16:38,943 - mmcls - INFO - Epoch(val) [143][9]	accuracy_top-1: 89.7059, accuracy_top-5: 100.0000
2024-03-28 00:16:50,256 - mmcls - INFO - Epoch(val) [144][9]	accuracy_top-1: 88.9706, accuracy_top-5: 100.0000
2024-03-28 00:17:01,385 - mmcls - INFO - Epoch(val) [145][9]	accuracy_top-1: 89.7059, accuracy_top-5: 100.0000
2024-03-28 00:17:12,554 - mmcls - INFO - Epoch(val) [146][9]	accuracy_top-1: 91.9118, accuracy_top-5: 100.0000
2024-03-28 00:17:23,919 - mmcls - INFO - Epoch(val) [147][9]	accuracy_top-1: 88.9706, accuracy_top-5: 100.0000
2024-03-28 00:17:35,237 - mmcls - INFO - Epoch(val) [148][9]	accuracy_top-1: 88.2353, accuracy_top-5: 100.0000
2024-03-28 00:17:46,484 - mmcls - INFO - Epoch(val) [149][9]	accuracy_top-1: 88.9706, accuracy_top-5: 100.0000
2024-03-28 00:17:57,694 - mmcls - INFO - Epoch(val) [150][9]	accuracy_top-1: 86.7647, accuracy_top-5: 99.2647
2024-03-28 00:18:08,931 - mmcls - INFO - Epoch(val) [151][9]	accuracy_top-1: 88.2353, accuracy_top-5: 100.0000
2024-03-28 00:18:20,143 - mmcls - INFO - Epoch(val) [152][9]	accuracy_top-1: 88.9706, accuracy_top-5: 100.0000
2024-03-28 00:18:31,584 - mmcls - INFO - Epoch(val) [153][9]	accuracy_top-1: 88.9706, accuracy_top-5: 100.0000
2024-03-28 00:18:42,597 - mmcls - INFO - Epoch(val) [154][9]	accuracy_top-1: 89.7059, accuracy_top-5: 100.0000
2024-03-28 00:18:53,705 - mmcls - INFO - Epoch(val) [155][9]	accuracy_top-1: 89.7059, accuracy_top-5: 100.0000
2024-03-28 00:19:04,801 - mmcls - INFO - Epoch(val) [156][9]	accuracy_top-1: 88.9706, accuracy_top-5: 100.0000
2024-03-28 00:19:16,351 - mmcls - INFO - Epoch(val) [157][9]	accuracy_top-1: 88.2353, accuracy_top-5: 100.0000
2024-03-28 00:19:27,567 - mmcls - INFO - Epoch(val) [158][9]	accuracy_top-1: 88.9706, accuracy_top-5: 100.0000
2024-03-28 00:19:38,917 - mmcls - INFO - Epoch(val) [159][9]	accuracy_top-1: 89.7059, accuracy_top-5: 100.0000
2024-03-28 00:19:50,248 - mmcls - INFO - Epoch(val) [160][9]	accuracy_top-1: 89.7059, accuracy_top-5: 100.0000
2024-03-28 00:20:01,706 - mmcls - INFO - Epoch(val) [161][9]	accuracy_top-1: 89.7059, accuracy_top-5: 100.0000
2024-03-28 00:20:12,847 - mmcls - INFO - Epoch(val) [162][9]	accuracy_top-1: 89.7059, accuracy_top-5: 100.0000
2024-03-28 00:20:24,077 - mmcls - INFO - Epoch(val) [163][9]	accuracy_top-1: 88.9706, accuracy_top-5: 100.0000
2024-03-28 00:20:35,153 - mmcls - INFO - Epoch(val) [164][9]	accuracy_top-1: 88.9706, accuracy_top-5: 100.0000
2024-03-28 00:20:46,731 - mmcls - INFO - Epoch(val) [165][9]	accuracy_top-1: 88.2353, accuracy_top-5: 100.0000
2024-03-28 00:20:57,633 - mmcls - INFO - Epoch(val) [166][9]	accuracy_top-1: 89.7059, accuracy_top-5: 100.0000
2024-03-28 00:21:08,966 - mmcls - INFO - Epoch(val) [167][9]	accuracy_top-1: 89.7059, accuracy_top-5: 100.0000
2024-03-28 00:21:19,912 - mmcls - INFO - Epoch(val) [168][9]	accuracy_top-1: 88.9706, accuracy_top-5: 99.2647
2024-03-28 00:21:30,776 - mmcls - INFO - Epoch(val) [169][9]	accuracy_top-1: 88.2353, accuracy_top-5: 100.0000
2024-03-28 00:21:41,757 - mmcls - INFO - Epoch(val) [170][9]	accuracy_top-1: 89.7059, accuracy_top-5: 100.0000
2024-03-28 00:21:52,741 - mmcls - INFO - Epoch(val) [171][9]	accuracy_top-1: 89.7059, accuracy_top-5: 100.0000
2024-03-28 00:22:03,886 - mmcls - INFO - Epoch(val) [172][9]	accuracy_top-1: 89.7059, accuracy_top-5: 100.0000
2024-03-28 00:22:15,091 - mmcls - INFO - Epoch(val) [173][9]	accuracy_top-1: 88.9706, accuracy_top-5: 100.0000
2024-03-28 00:22:26,641 - mmcls - INFO - Epoch(val) [174][9]	accuracy_top-1: 88.2353, accuracy_top-5: 100.0000
2024-03-28 00:22:37,793 - mmcls - INFO - Epoch(val) [175][9]	accuracy_top-1: 88.9706, accuracy_top-5: 100.0000
2024-03-28 00:22:48,821 - mmcls - INFO - Epoch(val) [176][9]	accuracy_top-1: 89.7059, accuracy_top-5: 100.0000
2024-03-28 00:23:00,062 - mmcls - INFO - Epoch(val) [177][9]	accuracy_top-1: 88.9706, accuracy_top-5: 100.0000
2024-03-28 00:23:11,241 - mmcls - INFO - Epoch(val) [178][9]	accuracy_top-1: 89.7059, accuracy_top-5: 100.0000
2024-03-28 00:23:22,154 - mmcls - INFO - Epoch(val) [179][9]	accuracy_top-1: 88.9706, accuracy_top-5: 100.0000
2024-03-28 00:23:33,097 - mmcls - INFO - Epoch(val) [180][9]	accuracy_top-1: 88.9706, accuracy_top-5: 100.0000
2024-03-28 00:23:44,164 - mmcls - INFO - Epoch(val) [181][9]	accuracy_top-1: 88.9706, accuracy_top-5: 100.0000
2024-03-28 00:23:54,814 - mmcls - INFO - Epoch(val) [182][9]	accuracy_top-1: 89.7059, accuracy_top-5: 100.0000
2024-03-28 00:24:05,988 - mmcls - INFO - Epoch(val) [183][9]	accuracy_top-1: 88.2353, accuracy_top-5: 100.0000
2024-03-28 00:24:17,107 - mmcls - INFO - Epoch(val) [184][9]	accuracy_top-1: 88.9706, accuracy_top-5: 100.0000
2024-03-28 00:24:28,787 - mmcls - INFO - Epoch(val) [185][9]	accuracy_top-1: 88.9706, accuracy_top-5: 100.0000
2024-03-28 00:24:40,621 - mmcls - INFO - Epoch(val) [186][9]	accuracy_top-1: 89.7059, accuracy_top-5: 100.0000
2024-03-28 00:24:51,768 - mmcls - INFO - Epoch(val) [187][9]	accuracy_top-1: 88.9706, accuracy_top-5: 100.0000
2024-03-28 00:25:02,753 - mmcls - INFO - Epoch(val) [188][9]	accuracy_top-1: 88.9706, accuracy_top-5: 100.0000
2024-03-28 00:25:13,822 - mmcls - INFO - Epoch(val) [189][9]	accuracy_top-1: 88.9706, accuracy_top-5: 100.0000
2024-03-28 00:25:24,909 - mmcls - INFO - Epoch(val) [190][9]	accuracy_top-1: 90.4412, accuracy_top-5: 100.0000
2024-03-28 00:25:36,107 - mmcls - INFO - Epoch(val) [191][9]	accuracy_top-1: 88.2353, accuracy_top-5: 100.0000
2024-03-28 00:25:47,250 - mmcls - INFO - Epoch(val) [192][9]	accuracy_top-1: 88.9706, accuracy_top-5: 100.0000
2024-03-28 00:25:58,369 - mmcls - INFO - Epoch(val) [193][9]	accuracy_top-1: 89.7059, accuracy_top-5: 100.0000
2024-03-28 00:26:09,498 - mmcls - INFO - Epoch(val) [194][9]	accuracy_top-1: 88.9706, accuracy_top-5: 100.0000
2024-03-28 00:26:20,645 - mmcls - INFO - Epoch(val) [195][9]	accuracy_top-1: 88.2353, accuracy_top-5: 100.0000
2024-03-28 00:26:31,714 - mmcls - INFO - Epoch(val) [196][9]	accuracy_top-1: 88.9706, accuracy_top-5: 100.0000
2024-03-28 00:26:42,867 - mmcls - INFO - Epoch(val) [197][9]	accuracy_top-1: 88.9706, accuracy_top-5: 100.0000
2024-03-28 00:26:53,738 - mmcls - INFO - Epoch(val) [198][9]	accuracy_top-1: 88.9706, accuracy_top-5: 100.0000
2024-03-28 00:27:04,856 - mmcls - INFO - Epoch(val) [199][9]	accuracy_top-1: 88.9706, accuracy_top-5: 100.0000
2024-03-28 00:27:14,575 - mmcls - INFO - Saving checkpoint at 200 epochs
2024-03-28 00:27:16,758 - mmcls - INFO - Epoch(val) [200][9]	accuracy_top-1: 89.7059, accuracy_top-5: 100.0000
