2024-04-13 22:52:33,827 - mmcls - INFO - Environment info:
------------------------------------------------------------
sys.platform: linux
Python: 3.7.16 (default, Jan 17 2023, 22:20:44) [GCC 11.2.0]
CUDA available: True
GPU 0: NVIDIA GeForce RTX 2080 Ti
CUDA_HOME: /usr/local/cuda
NVCC: Cuda compilation tools, release 11.8, V11.8.89
GCC: gcc (Ubuntu 11.4.0-1ubuntu1~22.04) 11.4.0
PyTorch: 1.7.1
PyTorch compiling details: PyTorch built with:
  - GCC 7.3
  - C++ Version: 201402
  - Intel(R) oneAPI Math Kernel Library Version 2021.4-Product Build 20210904 for Intel(R) 64 architecture applications
  - Intel(R) MKL-DNN v1.6.0 (Git Hash 5ef631a030a6f73131c77892041042805a06064f)
  - OpenMP 201511 (a.k.a. OpenMP 4.5)
  - NNPACK is enabled
  - CPU capability usage: AVX2
  - CUDA Runtime 10.1
  - NVCC architecture flags: -gencode;arch=compute_37,code=sm_37;-gencode;arch=compute_50,code=sm_50;-gencode;arch=compute_60,code=sm_60;-gencode;arch=compute_61,code=sm_61;-gencode;arch=compute_70,code=sm_70;-gencode;arch=compute_75,code=sm_75;-gencode;arch=compute_37,code=compute_37
  - CuDNN 7.6.3
  - Magma 2.5.2
  - Build settings: BLAS=MKL, BUILD_TYPE=Release, CXX_FLAGS= -Wno-deprecated -fvisibility-inlines-hidden -DUSE_PTHREADPOOL -fopenmp -DNDEBUG -DUSE_FBGEMM -DUSE_QNNPACK -DUSE_PYTORCH_QNNPACK -DUSE_XNNPACK -DUSE_VULKAN_WRAPPER -O2 -fPIC -Wno-narrowing -Wall -Wextra -Werror=return-type -Wno-missing-field-initializers -Wno-type-limits -Wno-array-bounds -Wno-unknown-pragmas -Wno-sign-compare -Wno-unused-parameter -Wno-unused-variable -Wno-unused-function -Wno-unused-result -Wno-unused-local-typedefs -Wno-strict-overflow -Wno-strict-aliasing -Wno-error=deprecated-declarations -Wno-stringop-overflow -Wno-psabi -Wno-error=pedantic -Wno-error=redundant-decls -Wno-error=old-style-cast -fdiagnostics-color=always -faligned-new -Wno-unused-but-set-variable -Wno-maybe-uninitialized -fno-math-errno -fno-trapping-math -Werror=format -Wno-stringop-overflow, PERF_WITH_AVX=1, PERF_WITH_AVX2=1, PERF_WITH_AVX512=1, USE_CUDA=ON, USE_EXCEPTION_PTR=1, USE_GFLAGS=OFF, USE_GLOG=OFF, USE_MKL=ON, USE_MKLDNN=ON, USE_MPI=OFF, USE_NCCL=ON, USE_NNPACK=ON, USE_OPENMP=ON, 

TorchVision: 0.8.2
OpenCV: 4.9.0
MMCV: 1.5.0
MMCV Compiler: n/a
MMCV CUDA Compiler: n/a
MMClassification: 0.15.0+2b78fde
------------------------------------------------------------

2024-04-13 22:52:33,829 - mmcls - INFO - Distributed training: False
2024-04-13 22:52:34,144 - mmcls - INFO - Config:
model = dict(
    type='ImageClassifier',
    backbone=dict(
        type='SwinTransformer', arch='base', img_size=224, drop_path_rate=0),
    neck=dict(type='GlobalAveragePooling'),
    head=dict(
        type='LinearClsHead',
        num_classes=17,
        in_channels=1024,
        init_cfg=None,
        loss=dict(
            type='LabelSmoothLoss', label_smooth_val=0.1, mode='original'),
        cal_acc=False),
    init_cfg=[
        dict(type='TruncNormal', layer='Linear', std=0.02, bias=0.0),
        dict(type='Constant', layer='LayerNorm', val=1.0, bias=0.0)
    ],
    train_cfg=dict(augments=[
        dict(type='BatchMixup', alpha=0.8, num_classes=17, prob=0.5),
        dict(type='BatchCutMix', alpha=1.0, num_classes=17, prob=0.5)
    ]))
dataset_type = 'Flowers'
img_norm_cfg = dict(
    mean=[123.675, 116.28, 103.53], std=[58.395, 57.12, 57.375], to_rgb=True)
train_pipeline = [
    dict(type='LoadImageFromFile'),
    dict(type='RandomResizedCrop', size=224),
    dict(type='RandomFlip', flip_prob=0.5, direction='horizontal'),
    dict(
        type='Normalize',
        mean=[123.675, 116.28, 103.53],
        std=[58.395, 57.12, 57.375],
        to_rgb=True),
    dict(type='ImageToTensor', keys=['img']),
    dict(type='ToTensor', keys=['gt_label']),
    dict(type='Collect', keys=['img', 'gt_label'])
]
test_pipeline = [
    dict(type='LoadImageFromFile'),
    dict(type='Resize', size=(256, -1)),
    dict(type='CenterCrop', crop_size=224),
    dict(
        type='Normalize',
        mean=[123.675, 116.28, 103.53],
        std=[58.395, 57.12, 57.375],
        to_rgb=True),
    dict(type='ImageToTensor', keys=['img']),
    dict(type='Collect', keys=['img'])
]
data = dict(
    samples_per_gpu=16,
    workers_per_gpu=1,
    train=dict(
        type='Flowers',
        data_prefix='data/flowers/train',
        ann_file='data/flowers/meta/train.txt',
        pipeline=[
            dict(type='LoadImageFromFile'),
            dict(type='RandomResizedCrop', size=224),
            dict(type='RandomFlip', flip_prob=0.5, direction='horizontal'),
            dict(
                type='Normalize',
                mean=[123.675, 116.28, 103.53],
                std=[58.395, 57.12, 57.375],
                to_rgb=True),
            dict(type='ImageToTensor', keys=['img']),
            dict(type='ToTensor', keys=['gt_label']),
            dict(type='Collect', keys=['img', 'gt_label'])
        ]),
    val=dict(
        type='Flowers',
        data_prefix='data/flowers/val',
        ann_file='data/flowers/meta/val.txt',
        pipeline=[
            dict(type='LoadImageFromFile'),
            dict(type='Resize', size=(256, -1)),
            dict(type='CenterCrop', crop_size=224),
            dict(
                type='Normalize',
                mean=[123.675, 116.28, 103.53],
                std=[58.395, 57.12, 57.375],
                to_rgb=True),
            dict(type='ImageToTensor', keys=['img']),
            dict(type='Collect', keys=['img'])
        ]),
    test=dict(
        type='Flowers',
        data_prefix='data/flowers/test',
        ann_file='data/flowers/meta/test.txt',
        pipeline=[
            dict(type='LoadImageFromFile'),
            dict(type='Resize', size=(256, -1)),
            dict(type='CenterCrop', crop_size=224),
            dict(
                type='Normalize',
                mean=[123.675, 116.28, 103.53],
                std=[58.395, 57.12, 57.375],
                to_rgb=True),
            dict(type='ImageToTensor', keys=['img']),
            dict(type='Collect', keys=['img'])
        ]))
evaluation = dict(interval=1, metric='accuracy')
optimizer = dict(type='SGD', lr=0.0001, momentum=0.9, weight_decay=0.0001)
optimizer_config = dict(grad_clip=None)
lr_config = dict(policy='step', step=[100, 150])
runner = dict(type='EpochBasedRunner', max_epochs=200)
checkpoint_config = dict(interval=100)
log_config = dict(interval=100, hooks=[dict(type='TextLoggerHook')])
dist_params = dict(backend='nccl')
log_level = 'INFO'
load_from = None
resume_from = None
workflow = [('train', 1)]
work_dir = 'output/swin_transformer_no_StochasticDepth/bs16/lr0.0001'
gpu_ids = range(0, 1)

2024-04-13 22:52:35,183 - mmcls - INFO - initialize ImageClassifier with init_cfg [{'type': 'TruncNormal', 'layer': 'Linear', 'std': 0.02, 'bias': 0.0}, {'type': 'Constant', 'layer': 'LayerNorm', 'val': 1.0, 'bias': 0.0}]
Name of parameter - Initialization information

backbone.patch_embed.projection.weight - torch.Size([128, 3, 4, 4]): 
The value is the same before and after calling `init_weights` of ImageClassifier  

backbone.patch_embed.projection.bias - torch.Size([128]): 
The value is the same before and after calling `init_weights` of ImageClassifier  

backbone.patch_embed.norm.weight - torch.Size([128]): 
The value is the same before and after calling `init_weights` of ImageClassifier  

backbone.patch_embed.norm.bias - torch.Size([128]): 
The value is the same before and after calling `init_weights` of ImageClassifier  

backbone.stages.0.blocks.0.norm1.weight - torch.Size([128]): 
The value is the same before and after calling `init_weights` of ImageClassifier  

backbone.stages.0.blocks.0.norm1.bias - torch.Size([128]): 
The value is the same before and after calling `init_weights` of ImageClassifier  

backbone.stages.0.blocks.0.attn.w_msa.relative_position_bias_table - torch.Size([169, 4]): 
Initialized by user-defined `init_weights` in WindowMSA  

backbone.stages.0.blocks.0.attn.w_msa.qkv.weight - torch.Size([384, 128]): 
TruncNormalInit: a=-2, b=2, mean=0, std=0.02, bias=0.0 

backbone.stages.0.blocks.0.attn.w_msa.qkv.bias - torch.Size([384]): 
TruncNormalInit: a=-2, b=2, mean=0, std=0.02, bias=0.0 

backbone.stages.0.blocks.0.attn.w_msa.proj.weight - torch.Size([128, 128]): 
TruncNormalInit: a=-2, b=2, mean=0, std=0.02, bias=0.0 

backbone.stages.0.blocks.0.attn.w_msa.proj.bias - torch.Size([128]): 
TruncNormalInit: a=-2, b=2, mean=0, std=0.02, bias=0.0 

backbone.stages.0.blocks.0.norm2.weight - torch.Size([128]): 
The value is the same before and after calling `init_weights` of ImageClassifier  

backbone.stages.0.blocks.0.norm2.bias - torch.Size([128]): 
The value is the same before and after calling `init_weights` of ImageClassifier  

backbone.stages.0.blocks.0.ffn.layers.0.0.weight - torch.Size([512, 128]): 
TruncNormalInit: a=-2, b=2, mean=0, std=0.02, bias=0.0 

backbone.stages.0.blocks.0.ffn.layers.0.0.bias - torch.Size([512]): 
TruncNormalInit: a=-2, b=2, mean=0, std=0.02, bias=0.0 

backbone.stages.0.blocks.0.ffn.layers.1.weight - torch.Size([128, 512]): 
TruncNormalInit: a=-2, b=2, mean=0, std=0.02, bias=0.0 

backbone.stages.0.blocks.0.ffn.layers.1.bias - torch.Size([128]): 
TruncNormalInit: a=-2, b=2, mean=0, std=0.02, bias=0.0 

backbone.stages.0.blocks.1.norm1.weight - torch.Size([128]): 
The value is the same before and after calling `init_weights` of ImageClassifier  

backbone.stages.0.blocks.1.norm1.bias - torch.Size([128]): 
The value is the same before and after calling `init_weights` of ImageClassifier  

backbone.stages.0.blocks.1.attn.w_msa.relative_position_bias_table - torch.Size([169, 4]): 
Initialized by user-defined `init_weights` in WindowMSA  

backbone.stages.0.blocks.1.attn.w_msa.qkv.weight - torch.Size([384, 128]): 
TruncNormalInit: a=-2, b=2, mean=0, std=0.02, bias=0.0 

backbone.stages.0.blocks.1.attn.w_msa.qkv.bias - torch.Size([384]): 
TruncNormalInit: a=-2, b=2, mean=0, std=0.02, bias=0.0 

backbone.stages.0.blocks.1.attn.w_msa.proj.weight - torch.Size([128, 128]): 
TruncNormalInit: a=-2, b=2, mean=0, std=0.02, bias=0.0 

backbone.stages.0.blocks.1.attn.w_msa.proj.bias - torch.Size([128]): 
TruncNormalInit: a=-2, b=2, mean=0, std=0.02, bias=0.0 

backbone.stages.0.blocks.1.norm2.weight - torch.Size([128]): 
The value is the same before and after calling `init_weights` of ImageClassifier  

backbone.stages.0.blocks.1.norm2.bias - torch.Size([128]): 
The value is the same before and after calling `init_weights` of ImageClassifier  

backbone.stages.0.blocks.1.ffn.layers.0.0.weight - torch.Size([512, 128]): 
TruncNormalInit: a=-2, b=2, mean=0, std=0.02, bias=0.0 

backbone.stages.0.blocks.1.ffn.layers.0.0.bias - torch.Size([512]): 
TruncNormalInit: a=-2, b=2, mean=0, std=0.02, bias=0.0 

backbone.stages.0.blocks.1.ffn.layers.1.weight - torch.Size([128, 512]): 
TruncNormalInit: a=-2, b=2, mean=0, std=0.02, bias=0.0 

backbone.stages.0.blocks.1.ffn.layers.1.bias - torch.Size([128]): 
TruncNormalInit: a=-2, b=2, mean=0, std=0.02, bias=0.0 

backbone.stages.0.downsample.norm.weight - torch.Size([512]): 
The value is the same before and after calling `init_weights` of ImageClassifier  

backbone.stages.0.downsample.norm.bias - torch.Size([512]): 
The value is the same before and after calling `init_weights` of ImageClassifier  

backbone.stages.0.downsample.reduction.weight - torch.Size([256, 512]): 
TruncNormalInit: a=-2, b=2, mean=0, std=0.02, bias=0.0 

backbone.stages.1.blocks.0.norm1.weight - torch.Size([256]): 
The value is the same before and after calling `init_weights` of ImageClassifier  

backbone.stages.1.blocks.0.norm1.bias - torch.Size([256]): 
The value is the same before and after calling `init_weights` of ImageClassifier  

backbone.stages.1.blocks.0.attn.w_msa.relative_position_bias_table - torch.Size([169, 8]): 
Initialized by user-defined `init_weights` in WindowMSA  

backbone.stages.1.blocks.0.attn.w_msa.qkv.weight - torch.Size([768, 256]): 
TruncNormalInit: a=-2, b=2, mean=0, std=0.02, bias=0.0 

backbone.stages.1.blocks.0.attn.w_msa.qkv.bias - torch.Size([768]): 
TruncNormalInit: a=-2, b=2, mean=0, std=0.02, bias=0.0 

backbone.stages.1.blocks.0.attn.w_msa.proj.weight - torch.Size([256, 256]): 
TruncNormalInit: a=-2, b=2, mean=0, std=0.02, bias=0.0 

backbone.stages.1.blocks.0.attn.w_msa.proj.bias - torch.Size([256]): 
TruncNormalInit: a=-2, b=2, mean=0, std=0.02, bias=0.0 

backbone.stages.1.blocks.0.norm2.weight - torch.Size([256]): 
The value is the same before and after calling `init_weights` of ImageClassifier  

backbone.stages.1.blocks.0.norm2.bias - torch.Size([256]): 
The value is the same before and after calling `init_weights` of ImageClassifier  

backbone.stages.1.blocks.0.ffn.layers.0.0.weight - torch.Size([1024, 256]): 
TruncNormalInit: a=-2, b=2, mean=0, std=0.02, bias=0.0 

backbone.stages.1.blocks.0.ffn.layers.0.0.bias - torch.Size([1024]): 
TruncNormalInit: a=-2, b=2, mean=0, std=0.02, bias=0.0 

backbone.stages.1.blocks.0.ffn.layers.1.weight - torch.Size([256, 1024]): 
TruncNormalInit: a=-2, b=2, mean=0, std=0.02, bias=0.0 

backbone.stages.1.blocks.0.ffn.layers.1.bias - torch.Size([256]): 
TruncNormalInit: a=-2, b=2, mean=0, std=0.02, bias=0.0 

backbone.stages.1.blocks.1.norm1.weight - torch.Size([256]): 
The value is the same before and after calling `init_weights` of ImageClassifier  

backbone.stages.1.blocks.1.norm1.bias - torch.Size([256]): 
The value is the same before and after calling `init_weights` of ImageClassifier  

backbone.stages.1.blocks.1.attn.w_msa.relative_position_bias_table - torch.Size([169, 8]): 
Initialized by user-defined `init_weights` in WindowMSA  

backbone.stages.1.blocks.1.attn.w_msa.qkv.weight - torch.Size([768, 256]): 
TruncNormalInit: a=-2, b=2, mean=0, std=0.02, bias=0.0 

backbone.stages.1.blocks.1.attn.w_msa.qkv.bias - torch.Size([768]): 
TruncNormalInit: a=-2, b=2, mean=0, std=0.02, bias=0.0 

backbone.stages.1.blocks.1.attn.w_msa.proj.weight - torch.Size([256, 256]): 
TruncNormalInit: a=-2, b=2, mean=0, std=0.02, bias=0.0 

backbone.stages.1.blocks.1.attn.w_msa.proj.bias - torch.Size([256]): 
TruncNormalInit: a=-2, b=2, mean=0, std=0.02, bias=0.0 

backbone.stages.1.blocks.1.norm2.weight - torch.Size([256]): 
The value is the same before and after calling `init_weights` of ImageClassifier  

backbone.stages.1.blocks.1.norm2.bias - torch.Size([256]): 
The value is the same before and after calling `init_weights` of ImageClassifier  

backbone.stages.1.blocks.1.ffn.layers.0.0.weight - torch.Size([1024, 256]): 
TruncNormalInit: a=-2, b=2, mean=0, std=0.02, bias=0.0 

backbone.stages.1.blocks.1.ffn.layers.0.0.bias - torch.Size([1024]): 
TruncNormalInit: a=-2, b=2, mean=0, std=0.02, bias=0.0 

backbone.stages.1.blocks.1.ffn.layers.1.weight - torch.Size([256, 1024]): 
TruncNormalInit: a=-2, b=2, mean=0, std=0.02, bias=0.0 

backbone.stages.1.blocks.1.ffn.layers.1.bias - torch.Size([256]): 
TruncNormalInit: a=-2, b=2, mean=0, std=0.02, bias=0.0 

backbone.stages.1.downsample.norm.weight - torch.Size([1024]): 
The value is the same before and after calling `init_weights` of ImageClassifier  

backbone.stages.1.downsample.norm.bias - torch.Size([1024]): 
The value is the same before and after calling `init_weights` of ImageClassifier  

backbone.stages.1.downsample.reduction.weight - torch.Size([512, 1024]): 
TruncNormalInit: a=-2, b=2, mean=0, std=0.02, bias=0.0 

backbone.stages.2.blocks.0.norm1.weight - torch.Size([512]): 
The value is the same before and after calling `init_weights` of ImageClassifier  

backbone.stages.2.blocks.0.norm1.bias - torch.Size([512]): 
The value is the same before and after calling `init_weights` of ImageClassifier  

backbone.stages.2.blocks.0.attn.w_msa.relative_position_bias_table - torch.Size([169, 16]): 
Initialized by user-defined `init_weights` in WindowMSA  

backbone.stages.2.blocks.0.attn.w_msa.qkv.weight - torch.Size([1536, 512]): 
TruncNormalInit: a=-2, b=2, mean=0, std=0.02, bias=0.0 

backbone.stages.2.blocks.0.attn.w_msa.qkv.bias - torch.Size([1536]): 
TruncNormalInit: a=-2, b=2, mean=0, std=0.02, bias=0.0 

backbone.stages.2.blocks.0.attn.w_msa.proj.weight - torch.Size([512, 512]): 
TruncNormalInit: a=-2, b=2, mean=0, std=0.02, bias=0.0 

backbone.stages.2.blocks.0.attn.w_msa.proj.bias - torch.Size([512]): 
TruncNormalInit: a=-2, b=2, mean=0, std=0.02, bias=0.0 

backbone.stages.2.blocks.0.norm2.weight - torch.Size([512]): 
The value is the same before and after calling `init_weights` of ImageClassifier  

backbone.stages.2.blocks.0.norm2.bias - torch.Size([512]): 
The value is the same before and after calling `init_weights` of ImageClassifier  

backbone.stages.2.blocks.0.ffn.layers.0.0.weight - torch.Size([2048, 512]): 
TruncNormalInit: a=-2, b=2, mean=0, std=0.02, bias=0.0 

backbone.stages.2.blocks.0.ffn.layers.0.0.bias - torch.Size([2048]): 
TruncNormalInit: a=-2, b=2, mean=0, std=0.02, bias=0.0 

backbone.stages.2.blocks.0.ffn.layers.1.weight - torch.Size([512, 2048]): 
TruncNormalInit: a=-2, b=2, mean=0, std=0.02, bias=0.0 

backbone.stages.2.blocks.0.ffn.layers.1.bias - torch.Size([512]): 
TruncNormalInit: a=-2, b=2, mean=0, std=0.02, bias=0.0 

backbone.stages.2.blocks.1.norm1.weight - torch.Size([512]): 
The value is the same before and after calling `init_weights` of ImageClassifier  

backbone.stages.2.blocks.1.norm1.bias - torch.Size([512]): 
The value is the same before and after calling `init_weights` of ImageClassifier  

backbone.stages.2.blocks.1.attn.w_msa.relative_position_bias_table - torch.Size([169, 16]): 
Initialized by user-defined `init_weights` in WindowMSA  

backbone.stages.2.blocks.1.attn.w_msa.qkv.weight - torch.Size([1536, 512]): 
TruncNormalInit: a=-2, b=2, mean=0, std=0.02, bias=0.0 

backbone.stages.2.blocks.1.attn.w_msa.qkv.bias - torch.Size([1536]): 
TruncNormalInit: a=-2, b=2, mean=0, std=0.02, bias=0.0 

backbone.stages.2.blocks.1.attn.w_msa.proj.weight - torch.Size([512, 512]): 
TruncNormalInit: a=-2, b=2, mean=0, std=0.02, bias=0.0 

backbone.stages.2.blocks.1.attn.w_msa.proj.bias - torch.Size([512]): 
TruncNormalInit: a=-2, b=2, mean=0, std=0.02, bias=0.0 

backbone.stages.2.blocks.1.norm2.weight - torch.Size([512]): 
The value is the same before and after calling `init_weights` of ImageClassifier  

backbone.stages.2.blocks.1.norm2.bias - torch.Size([512]): 
The value is the same before and after calling `init_weights` of ImageClassifier  

backbone.stages.2.blocks.1.ffn.layers.0.0.weight - torch.Size([2048, 512]): 
TruncNormalInit: a=-2, b=2, mean=0, std=0.02, bias=0.0 

backbone.stages.2.blocks.1.ffn.layers.0.0.bias - torch.Size([2048]): 
TruncNormalInit: a=-2, b=2, mean=0, std=0.02, bias=0.0 

backbone.stages.2.blocks.1.ffn.layers.1.weight - torch.Size([512, 2048]): 
TruncNormalInit: a=-2, b=2, mean=0, std=0.02, bias=0.0 

backbone.stages.2.blocks.1.ffn.layers.1.bias - torch.Size([512]): 
TruncNormalInit: a=-2, b=2, mean=0, std=0.02, bias=0.0 

backbone.stages.2.blocks.2.norm1.weight - torch.Size([512]): 
The value is the same before and after calling `init_weights` of ImageClassifier  

backbone.stages.2.blocks.2.norm1.bias - torch.Size([512]): 
The value is the same before and after calling `init_weights` of ImageClassifier  

backbone.stages.2.blocks.2.attn.w_msa.relative_position_bias_table - torch.Size([169, 16]): 
Initialized by user-defined `init_weights` in WindowMSA  

backbone.stages.2.blocks.2.attn.w_msa.qkv.weight - torch.Size([1536, 512]): 
TruncNormalInit: a=-2, b=2, mean=0, std=0.02, bias=0.0 

backbone.stages.2.blocks.2.attn.w_msa.qkv.bias - torch.Size([1536]): 
TruncNormalInit: a=-2, b=2, mean=0, std=0.02, bias=0.0 

backbone.stages.2.blocks.2.attn.w_msa.proj.weight - torch.Size([512, 512]): 
TruncNormalInit: a=-2, b=2, mean=0, std=0.02, bias=0.0 

backbone.stages.2.blocks.2.attn.w_msa.proj.bias - torch.Size([512]): 
TruncNormalInit: a=-2, b=2, mean=0, std=0.02, bias=0.0 

backbone.stages.2.blocks.2.norm2.weight - torch.Size([512]): 
The value is the same before and after calling `init_weights` of ImageClassifier  

backbone.stages.2.blocks.2.norm2.bias - torch.Size([512]): 
The value is the same before and after calling `init_weights` of ImageClassifier  

backbone.stages.2.blocks.2.ffn.layers.0.0.weight - torch.Size([2048, 512]): 
TruncNormalInit: a=-2, b=2, mean=0, std=0.02, bias=0.0 

backbone.stages.2.blocks.2.ffn.layers.0.0.bias - torch.Size([2048]): 
TruncNormalInit: a=-2, b=2, mean=0, std=0.02, bias=0.0 

backbone.stages.2.blocks.2.ffn.layers.1.weight - torch.Size([512, 2048]): 
TruncNormalInit: a=-2, b=2, mean=0, std=0.02, bias=0.0 

backbone.stages.2.blocks.2.ffn.layers.1.bias - torch.Size([512]): 
TruncNormalInit: a=-2, b=2, mean=0, std=0.02, bias=0.0 

backbone.stages.2.blocks.3.norm1.weight - torch.Size([512]): 
The value is the same before and after calling `init_weights` of ImageClassifier  

backbone.stages.2.blocks.3.norm1.bias - torch.Size([512]): 
The value is the same before and after calling `init_weights` of ImageClassifier  

backbone.stages.2.blocks.3.attn.w_msa.relative_position_bias_table - torch.Size([169, 16]): 
Initialized by user-defined `init_weights` in WindowMSA  

backbone.stages.2.blocks.3.attn.w_msa.qkv.weight - torch.Size([1536, 512]): 
TruncNormalInit: a=-2, b=2, mean=0, std=0.02, bias=0.0 

backbone.stages.2.blocks.3.attn.w_msa.qkv.bias - torch.Size([1536]): 
TruncNormalInit: a=-2, b=2, mean=0, std=0.02, bias=0.0 

backbone.stages.2.blocks.3.attn.w_msa.proj.weight - torch.Size([512, 512]): 
TruncNormalInit: a=-2, b=2, mean=0, std=0.02, bias=0.0 

backbone.stages.2.blocks.3.attn.w_msa.proj.bias - torch.Size([512]): 
TruncNormalInit: a=-2, b=2, mean=0, std=0.02, bias=0.0 

backbone.stages.2.blocks.3.norm2.weight - torch.Size([512]): 
The value is the same before and after calling `init_weights` of ImageClassifier  

backbone.stages.2.blocks.3.norm2.bias - torch.Size([512]): 
The value is the same before and after calling `init_weights` of ImageClassifier  

backbone.stages.2.blocks.3.ffn.layers.0.0.weight - torch.Size([2048, 512]): 
TruncNormalInit: a=-2, b=2, mean=0, std=0.02, bias=0.0 

backbone.stages.2.blocks.3.ffn.layers.0.0.bias - torch.Size([2048]): 
TruncNormalInit: a=-2, b=2, mean=0, std=0.02, bias=0.0 

backbone.stages.2.blocks.3.ffn.layers.1.weight - torch.Size([512, 2048]): 
TruncNormalInit: a=-2, b=2, mean=0, std=0.02, bias=0.0 

backbone.stages.2.blocks.3.ffn.layers.1.bias - torch.Size([512]): 
TruncNormalInit: a=-2, b=2, mean=0, std=0.02, bias=0.0 

backbone.stages.2.blocks.4.norm1.weight - torch.Size([512]): 
The value is the same before and after calling `init_weights` of ImageClassifier  

backbone.stages.2.blocks.4.norm1.bias - torch.Size([512]): 
The value is the same before and after calling `init_weights` of ImageClassifier  

backbone.stages.2.blocks.4.attn.w_msa.relative_position_bias_table - torch.Size([169, 16]): 
Initialized by user-defined `init_weights` in WindowMSA  

backbone.stages.2.blocks.4.attn.w_msa.qkv.weight - torch.Size([1536, 512]): 
TruncNormalInit: a=-2, b=2, mean=0, std=0.02, bias=0.0 

backbone.stages.2.blocks.4.attn.w_msa.qkv.bias - torch.Size([1536]): 
TruncNormalInit: a=-2, b=2, mean=0, std=0.02, bias=0.0 

backbone.stages.2.blocks.4.attn.w_msa.proj.weight - torch.Size([512, 512]): 
TruncNormalInit: a=-2, b=2, mean=0, std=0.02, bias=0.0 

backbone.stages.2.blocks.4.attn.w_msa.proj.bias - torch.Size([512]): 
TruncNormalInit: a=-2, b=2, mean=0, std=0.02, bias=0.0 

backbone.stages.2.blocks.4.norm2.weight - torch.Size([512]): 
The value is the same before and after calling `init_weights` of ImageClassifier  

backbone.stages.2.blocks.4.norm2.bias - torch.Size([512]): 
The value is the same before and after calling `init_weights` of ImageClassifier  

backbone.stages.2.blocks.4.ffn.layers.0.0.weight - torch.Size([2048, 512]): 
TruncNormalInit: a=-2, b=2, mean=0, std=0.02, bias=0.0 

backbone.stages.2.blocks.4.ffn.layers.0.0.bias - torch.Size([2048]): 
TruncNormalInit: a=-2, b=2, mean=0, std=0.02, bias=0.0 

backbone.stages.2.blocks.4.ffn.layers.1.weight - torch.Size([512, 2048]): 
TruncNormalInit: a=-2, b=2, mean=0, std=0.02, bias=0.0 

backbone.stages.2.blocks.4.ffn.layers.1.bias - torch.Size([512]): 
TruncNormalInit: a=-2, b=2, mean=0, std=0.02, bias=0.0 

backbone.stages.2.blocks.5.norm1.weight - torch.Size([512]): 
The value is the same before and after calling `init_weights` of ImageClassifier  

backbone.stages.2.blocks.5.norm1.bias - torch.Size([512]): 
The value is the same before and after calling `init_weights` of ImageClassifier  

backbone.stages.2.blocks.5.attn.w_msa.relative_position_bias_table - torch.Size([169, 16]): 
Initialized by user-defined `init_weights` in WindowMSA  

backbone.stages.2.blocks.5.attn.w_msa.qkv.weight - torch.Size([1536, 512]): 
TruncNormalInit: a=-2, b=2, mean=0, std=0.02, bias=0.0 

backbone.stages.2.blocks.5.attn.w_msa.qkv.bias - torch.Size([1536]): 
TruncNormalInit: a=-2, b=2, mean=0, std=0.02, bias=0.0 

backbone.stages.2.blocks.5.attn.w_msa.proj.weight - torch.Size([512, 512]): 
TruncNormalInit: a=-2, b=2, mean=0, std=0.02, bias=0.0 

backbone.stages.2.blocks.5.attn.w_msa.proj.bias - torch.Size([512]): 
TruncNormalInit: a=-2, b=2, mean=0, std=0.02, bias=0.0 

backbone.stages.2.blocks.5.norm2.weight - torch.Size([512]): 
The value is the same before and after calling `init_weights` of ImageClassifier  

backbone.stages.2.blocks.5.norm2.bias - torch.Size([512]): 
The value is the same before and after calling `init_weights` of ImageClassifier  

backbone.stages.2.blocks.5.ffn.layers.0.0.weight - torch.Size([2048, 512]): 
TruncNormalInit: a=-2, b=2, mean=0, std=0.02, bias=0.0 

backbone.stages.2.blocks.5.ffn.layers.0.0.bias - torch.Size([2048]): 
TruncNormalInit: a=-2, b=2, mean=0, std=0.02, bias=0.0 

backbone.stages.2.blocks.5.ffn.layers.1.weight - torch.Size([512, 2048]): 
TruncNormalInit: a=-2, b=2, mean=0, std=0.02, bias=0.0 

backbone.stages.2.blocks.5.ffn.layers.1.bias - torch.Size([512]): 
TruncNormalInit: a=-2, b=2, mean=0, std=0.02, bias=0.0 

backbone.stages.2.blocks.6.norm1.weight - torch.Size([512]): 
The value is the same before and after calling `init_weights` of ImageClassifier  

backbone.stages.2.blocks.6.norm1.bias - torch.Size([512]): 
The value is the same before and after calling `init_weights` of ImageClassifier  

backbone.stages.2.blocks.6.attn.w_msa.relative_position_bias_table - torch.Size([169, 16]): 
Initialized by user-defined `init_weights` in WindowMSA  

backbone.stages.2.blocks.6.attn.w_msa.qkv.weight - torch.Size([1536, 512]): 
TruncNormalInit: a=-2, b=2, mean=0, std=0.02, bias=0.0 

backbone.stages.2.blocks.6.attn.w_msa.qkv.bias - torch.Size([1536]): 
TruncNormalInit: a=-2, b=2, mean=0, std=0.02, bias=0.0 

backbone.stages.2.blocks.6.attn.w_msa.proj.weight - torch.Size([512, 512]): 
TruncNormalInit: a=-2, b=2, mean=0, std=0.02, bias=0.0 

backbone.stages.2.blocks.6.attn.w_msa.proj.bias - torch.Size([512]): 
TruncNormalInit: a=-2, b=2, mean=0, std=0.02, bias=0.0 

backbone.stages.2.blocks.6.norm2.weight - torch.Size([512]): 
The value is the same before and after calling `init_weights` of ImageClassifier  

backbone.stages.2.blocks.6.norm2.bias - torch.Size([512]): 
The value is the same before and after calling `init_weights` of ImageClassifier  

backbone.stages.2.blocks.6.ffn.layers.0.0.weight - torch.Size([2048, 512]): 
TruncNormalInit: a=-2, b=2, mean=0, std=0.02, bias=0.0 

backbone.stages.2.blocks.6.ffn.layers.0.0.bias - torch.Size([2048]): 
TruncNormalInit: a=-2, b=2, mean=0, std=0.02, bias=0.0 

backbone.stages.2.blocks.6.ffn.layers.1.weight - torch.Size([512, 2048]): 
TruncNormalInit: a=-2, b=2, mean=0, std=0.02, bias=0.0 

backbone.stages.2.blocks.6.ffn.layers.1.bias - torch.Size([512]): 
TruncNormalInit: a=-2, b=2, mean=0, std=0.02, bias=0.0 

backbone.stages.2.blocks.7.norm1.weight - torch.Size([512]): 
The value is the same before and after calling `init_weights` of ImageClassifier  

backbone.stages.2.blocks.7.norm1.bias - torch.Size([512]): 
The value is the same before and after calling `init_weights` of ImageClassifier  

backbone.stages.2.blocks.7.attn.w_msa.relative_position_bias_table - torch.Size([169, 16]): 
Initialized by user-defined `init_weights` in WindowMSA  

backbone.stages.2.blocks.7.attn.w_msa.qkv.weight - torch.Size([1536, 512]): 
TruncNormalInit: a=-2, b=2, mean=0, std=0.02, bias=0.0 

backbone.stages.2.blocks.7.attn.w_msa.qkv.bias - torch.Size([1536]): 
TruncNormalInit: a=-2, b=2, mean=0, std=0.02, bias=0.0 

backbone.stages.2.blocks.7.attn.w_msa.proj.weight - torch.Size([512, 512]): 
TruncNormalInit: a=-2, b=2, mean=0, std=0.02, bias=0.0 

backbone.stages.2.blocks.7.attn.w_msa.proj.bias - torch.Size([512]): 
TruncNormalInit: a=-2, b=2, mean=0, std=0.02, bias=0.0 

backbone.stages.2.blocks.7.norm2.weight - torch.Size([512]): 
The value is the same before and after calling `init_weights` of ImageClassifier  

backbone.stages.2.blocks.7.norm2.bias - torch.Size([512]): 
The value is the same before and after calling `init_weights` of ImageClassifier  

backbone.stages.2.blocks.7.ffn.layers.0.0.weight - torch.Size([2048, 512]): 
TruncNormalInit: a=-2, b=2, mean=0, std=0.02, bias=0.0 

backbone.stages.2.blocks.7.ffn.layers.0.0.bias - torch.Size([2048]): 
TruncNormalInit: a=-2, b=2, mean=0, std=0.02, bias=0.0 

backbone.stages.2.blocks.7.ffn.layers.1.weight - torch.Size([512, 2048]): 
TruncNormalInit: a=-2, b=2, mean=0, std=0.02, bias=0.0 

backbone.stages.2.blocks.7.ffn.layers.1.bias - torch.Size([512]): 
TruncNormalInit: a=-2, b=2, mean=0, std=0.02, bias=0.0 

backbone.stages.2.blocks.8.norm1.weight - torch.Size([512]): 
The value is the same before and after calling `init_weights` of ImageClassifier  

backbone.stages.2.blocks.8.norm1.bias - torch.Size([512]): 
The value is the same before and after calling `init_weights` of ImageClassifier  

backbone.stages.2.blocks.8.attn.w_msa.relative_position_bias_table - torch.Size([169, 16]): 
Initialized by user-defined `init_weights` in WindowMSA  

backbone.stages.2.blocks.8.attn.w_msa.qkv.weight - torch.Size([1536, 512]): 
TruncNormalInit: a=-2, b=2, mean=0, std=0.02, bias=0.0 

backbone.stages.2.blocks.8.attn.w_msa.qkv.bias - torch.Size([1536]): 
TruncNormalInit: a=-2, b=2, mean=0, std=0.02, bias=0.0 

backbone.stages.2.blocks.8.attn.w_msa.proj.weight - torch.Size([512, 512]): 
TruncNormalInit: a=-2, b=2, mean=0, std=0.02, bias=0.0 

backbone.stages.2.blocks.8.attn.w_msa.proj.bias - torch.Size([512]): 
TruncNormalInit: a=-2, b=2, mean=0, std=0.02, bias=0.0 

backbone.stages.2.blocks.8.norm2.weight - torch.Size([512]): 
The value is the same before and after calling `init_weights` of ImageClassifier  

backbone.stages.2.blocks.8.norm2.bias - torch.Size([512]): 
The value is the same before and after calling `init_weights` of ImageClassifier  

backbone.stages.2.blocks.8.ffn.layers.0.0.weight - torch.Size([2048, 512]): 
TruncNormalInit: a=-2, b=2, mean=0, std=0.02, bias=0.0 

backbone.stages.2.blocks.8.ffn.layers.0.0.bias - torch.Size([2048]): 
TruncNormalInit: a=-2, b=2, mean=0, std=0.02, bias=0.0 

backbone.stages.2.blocks.8.ffn.layers.1.weight - torch.Size([512, 2048]): 
TruncNormalInit: a=-2, b=2, mean=0, std=0.02, bias=0.0 

backbone.stages.2.blocks.8.ffn.layers.1.bias - torch.Size([512]): 
TruncNormalInit: a=-2, b=2, mean=0, std=0.02, bias=0.0 

backbone.stages.2.blocks.9.norm1.weight - torch.Size([512]): 
The value is the same before and after calling `init_weights` of ImageClassifier  

backbone.stages.2.blocks.9.norm1.bias - torch.Size([512]): 
The value is the same before and after calling `init_weights` of ImageClassifier  

backbone.stages.2.blocks.9.attn.w_msa.relative_position_bias_table - torch.Size([169, 16]): 
Initialized by user-defined `init_weights` in WindowMSA  

backbone.stages.2.blocks.9.attn.w_msa.qkv.weight - torch.Size([1536, 512]): 
TruncNormalInit: a=-2, b=2, mean=0, std=0.02, bias=0.0 

backbone.stages.2.blocks.9.attn.w_msa.qkv.bias - torch.Size([1536]): 
TruncNormalInit: a=-2, b=2, mean=0, std=0.02, bias=0.0 

backbone.stages.2.blocks.9.attn.w_msa.proj.weight - torch.Size([512, 512]): 
TruncNormalInit: a=-2, b=2, mean=0, std=0.02, bias=0.0 

backbone.stages.2.blocks.9.attn.w_msa.proj.bias - torch.Size([512]): 
TruncNormalInit: a=-2, b=2, mean=0, std=0.02, bias=0.0 

backbone.stages.2.blocks.9.norm2.weight - torch.Size([512]): 
The value is the same before and after calling `init_weights` of ImageClassifier  

backbone.stages.2.blocks.9.norm2.bias - torch.Size([512]): 
The value is the same before and after calling `init_weights` of ImageClassifier  

backbone.stages.2.blocks.9.ffn.layers.0.0.weight - torch.Size([2048, 512]): 
TruncNormalInit: a=-2, b=2, mean=0, std=0.02, bias=0.0 

backbone.stages.2.blocks.9.ffn.layers.0.0.bias - torch.Size([2048]): 
TruncNormalInit: a=-2, b=2, mean=0, std=0.02, bias=0.0 

backbone.stages.2.blocks.9.ffn.layers.1.weight - torch.Size([512, 2048]): 
TruncNormalInit: a=-2, b=2, mean=0, std=0.02, bias=0.0 

backbone.stages.2.blocks.9.ffn.layers.1.bias - torch.Size([512]): 
TruncNormalInit: a=-2, b=2, mean=0, std=0.02, bias=0.0 

backbone.stages.2.blocks.10.norm1.weight - torch.Size([512]): 
The value is the same before and after calling `init_weights` of ImageClassifier  

backbone.stages.2.blocks.10.norm1.bias - torch.Size([512]): 
The value is the same before and after calling `init_weights` of ImageClassifier  

backbone.stages.2.blocks.10.attn.w_msa.relative_position_bias_table - torch.Size([169, 16]): 
Initialized by user-defined `init_weights` in WindowMSA  

backbone.stages.2.blocks.10.attn.w_msa.qkv.weight - torch.Size([1536, 512]): 
TruncNormalInit: a=-2, b=2, mean=0, std=0.02, bias=0.0 

backbone.stages.2.blocks.10.attn.w_msa.qkv.bias - torch.Size([1536]): 
TruncNormalInit: a=-2, b=2, mean=0, std=0.02, bias=0.0 

backbone.stages.2.blocks.10.attn.w_msa.proj.weight - torch.Size([512, 512]): 
TruncNormalInit: a=-2, b=2, mean=0, std=0.02, bias=0.0 

backbone.stages.2.blocks.10.attn.w_msa.proj.bias - torch.Size([512]): 
TruncNormalInit: a=-2, b=2, mean=0, std=0.02, bias=0.0 

backbone.stages.2.blocks.10.norm2.weight - torch.Size([512]): 
The value is the same before and after calling `init_weights` of ImageClassifier  

backbone.stages.2.blocks.10.norm2.bias - torch.Size([512]): 
The value is the same before and after calling `init_weights` of ImageClassifier  

backbone.stages.2.blocks.10.ffn.layers.0.0.weight - torch.Size([2048, 512]): 
TruncNormalInit: a=-2, b=2, mean=0, std=0.02, bias=0.0 

backbone.stages.2.blocks.10.ffn.layers.0.0.bias - torch.Size([2048]): 
TruncNormalInit: a=-2, b=2, mean=0, std=0.02, bias=0.0 

backbone.stages.2.blocks.10.ffn.layers.1.weight - torch.Size([512, 2048]): 
TruncNormalInit: a=-2, b=2, mean=0, std=0.02, bias=0.0 

backbone.stages.2.blocks.10.ffn.layers.1.bias - torch.Size([512]): 
TruncNormalInit: a=-2, b=2, mean=0, std=0.02, bias=0.0 

backbone.stages.2.blocks.11.norm1.weight - torch.Size([512]): 
The value is the same before and after calling `init_weights` of ImageClassifier  

backbone.stages.2.blocks.11.norm1.bias - torch.Size([512]): 
The value is the same before and after calling `init_weights` of ImageClassifier  

backbone.stages.2.blocks.11.attn.w_msa.relative_position_bias_table - torch.Size([169, 16]): 
Initialized by user-defined `init_weights` in WindowMSA  

backbone.stages.2.blocks.11.attn.w_msa.qkv.weight - torch.Size([1536, 512]): 
TruncNormalInit: a=-2, b=2, mean=0, std=0.02, bias=0.0 

backbone.stages.2.blocks.11.attn.w_msa.qkv.bias - torch.Size([1536]): 
TruncNormalInit: a=-2, b=2, mean=0, std=0.02, bias=0.0 

backbone.stages.2.blocks.11.attn.w_msa.proj.weight - torch.Size([512, 512]): 
TruncNormalInit: a=-2, b=2, mean=0, std=0.02, bias=0.0 

backbone.stages.2.blocks.11.attn.w_msa.proj.bias - torch.Size([512]): 
TruncNormalInit: a=-2, b=2, mean=0, std=0.02, bias=0.0 

backbone.stages.2.blocks.11.norm2.weight - torch.Size([512]): 
The value is the same before and after calling `init_weights` of ImageClassifier  

backbone.stages.2.blocks.11.norm2.bias - torch.Size([512]): 
The value is the same before and after calling `init_weights` of ImageClassifier  

backbone.stages.2.blocks.11.ffn.layers.0.0.weight - torch.Size([2048, 512]): 
TruncNormalInit: a=-2, b=2, mean=0, std=0.02, bias=0.0 

backbone.stages.2.blocks.11.ffn.layers.0.0.bias - torch.Size([2048]): 
TruncNormalInit: a=-2, b=2, mean=0, std=0.02, bias=0.0 

backbone.stages.2.blocks.11.ffn.layers.1.weight - torch.Size([512, 2048]): 
TruncNormalInit: a=-2, b=2, mean=0, std=0.02, bias=0.0 

backbone.stages.2.blocks.11.ffn.layers.1.bias - torch.Size([512]): 
TruncNormalInit: a=-2, b=2, mean=0, std=0.02, bias=0.0 

backbone.stages.2.blocks.12.norm1.weight - torch.Size([512]): 
The value is the same before and after calling `init_weights` of ImageClassifier  

backbone.stages.2.blocks.12.norm1.bias - torch.Size([512]): 
The value is the same before and after calling `init_weights` of ImageClassifier  

backbone.stages.2.blocks.12.attn.w_msa.relative_position_bias_table - torch.Size([169, 16]): 
Initialized by user-defined `init_weights` in WindowMSA  

backbone.stages.2.blocks.12.attn.w_msa.qkv.weight - torch.Size([1536, 512]): 
TruncNormalInit: a=-2, b=2, mean=0, std=0.02, bias=0.0 

backbone.stages.2.blocks.12.attn.w_msa.qkv.bias - torch.Size([1536]): 
TruncNormalInit: a=-2, b=2, mean=0, std=0.02, bias=0.0 

backbone.stages.2.blocks.12.attn.w_msa.proj.weight - torch.Size([512, 512]): 
TruncNormalInit: a=-2, b=2, mean=0, std=0.02, bias=0.0 

backbone.stages.2.blocks.12.attn.w_msa.proj.bias - torch.Size([512]): 
TruncNormalInit: a=-2, b=2, mean=0, std=0.02, bias=0.0 

backbone.stages.2.blocks.12.norm2.weight - torch.Size([512]): 
The value is the same before and after calling `init_weights` of ImageClassifier  

backbone.stages.2.blocks.12.norm2.bias - torch.Size([512]): 
The value is the same before and after calling `init_weights` of ImageClassifier  

backbone.stages.2.blocks.12.ffn.layers.0.0.weight - torch.Size([2048, 512]): 
TruncNormalInit: a=-2, b=2, mean=0, std=0.02, bias=0.0 

backbone.stages.2.blocks.12.ffn.layers.0.0.bias - torch.Size([2048]): 
TruncNormalInit: a=-2, b=2, mean=0, std=0.02, bias=0.0 

backbone.stages.2.blocks.12.ffn.layers.1.weight - torch.Size([512, 2048]): 
TruncNormalInit: a=-2, b=2, mean=0, std=0.02, bias=0.0 

backbone.stages.2.blocks.12.ffn.layers.1.bias - torch.Size([512]): 
TruncNormalInit: a=-2, b=2, mean=0, std=0.02, bias=0.0 

backbone.stages.2.blocks.13.norm1.weight - torch.Size([512]): 
The value is the same before and after calling `init_weights` of ImageClassifier  

backbone.stages.2.blocks.13.norm1.bias - torch.Size([512]): 
The value is the same before and after calling `init_weights` of ImageClassifier  

backbone.stages.2.blocks.13.attn.w_msa.relative_position_bias_table - torch.Size([169, 16]): 
Initialized by user-defined `init_weights` in WindowMSA  

backbone.stages.2.blocks.13.attn.w_msa.qkv.weight - torch.Size([1536, 512]): 
TruncNormalInit: a=-2, b=2, mean=0, std=0.02, bias=0.0 

backbone.stages.2.blocks.13.attn.w_msa.qkv.bias - torch.Size([1536]): 
TruncNormalInit: a=-2, b=2, mean=0, std=0.02, bias=0.0 

backbone.stages.2.blocks.13.attn.w_msa.proj.weight - torch.Size([512, 512]): 
TruncNormalInit: a=-2, b=2, mean=0, std=0.02, bias=0.0 

backbone.stages.2.blocks.13.attn.w_msa.proj.bias - torch.Size([512]): 
TruncNormalInit: a=-2, b=2, mean=0, std=0.02, bias=0.0 

backbone.stages.2.blocks.13.norm2.weight - torch.Size([512]): 
The value is the same before and after calling `init_weights` of ImageClassifier  

backbone.stages.2.blocks.13.norm2.bias - torch.Size([512]): 
The value is the same before and after calling `init_weights` of ImageClassifier  

backbone.stages.2.blocks.13.ffn.layers.0.0.weight - torch.Size([2048, 512]): 
TruncNormalInit: a=-2, b=2, mean=0, std=0.02, bias=0.0 

backbone.stages.2.blocks.13.ffn.layers.0.0.bias - torch.Size([2048]): 
TruncNormalInit: a=-2, b=2, mean=0, std=0.02, bias=0.0 

backbone.stages.2.blocks.13.ffn.layers.1.weight - torch.Size([512, 2048]): 
TruncNormalInit: a=-2, b=2, mean=0, std=0.02, bias=0.0 

backbone.stages.2.blocks.13.ffn.layers.1.bias - torch.Size([512]): 
TruncNormalInit: a=-2, b=2, mean=0, std=0.02, bias=0.0 

backbone.stages.2.blocks.14.norm1.weight - torch.Size([512]): 
The value is the same before and after calling `init_weights` of ImageClassifier  

backbone.stages.2.blocks.14.norm1.bias - torch.Size([512]): 
The value is the same before and after calling `init_weights` of ImageClassifier  

backbone.stages.2.blocks.14.attn.w_msa.relative_position_bias_table - torch.Size([169, 16]): 
Initialized by user-defined `init_weights` in WindowMSA  

backbone.stages.2.blocks.14.attn.w_msa.qkv.weight - torch.Size([1536, 512]): 
TruncNormalInit: a=-2, b=2, mean=0, std=0.02, bias=0.0 

backbone.stages.2.blocks.14.attn.w_msa.qkv.bias - torch.Size([1536]): 
TruncNormalInit: a=-2, b=2, mean=0, std=0.02, bias=0.0 

backbone.stages.2.blocks.14.attn.w_msa.proj.weight - torch.Size([512, 512]): 
TruncNormalInit: a=-2, b=2, mean=0, std=0.02, bias=0.0 

backbone.stages.2.blocks.14.attn.w_msa.proj.bias - torch.Size([512]): 
TruncNormalInit: a=-2, b=2, mean=0, std=0.02, bias=0.0 

backbone.stages.2.blocks.14.norm2.weight - torch.Size([512]): 
The value is the same before and after calling `init_weights` of ImageClassifier  

backbone.stages.2.blocks.14.norm2.bias - torch.Size([512]): 
The value is the same before and after calling `init_weights` of ImageClassifier  

backbone.stages.2.blocks.14.ffn.layers.0.0.weight - torch.Size([2048, 512]): 
TruncNormalInit: a=-2, b=2, mean=0, std=0.02, bias=0.0 

backbone.stages.2.blocks.14.ffn.layers.0.0.bias - torch.Size([2048]): 
TruncNormalInit: a=-2, b=2, mean=0, std=0.02, bias=0.0 

backbone.stages.2.blocks.14.ffn.layers.1.weight - torch.Size([512, 2048]): 
TruncNormalInit: a=-2, b=2, mean=0, std=0.02, bias=0.0 

backbone.stages.2.blocks.14.ffn.layers.1.bias - torch.Size([512]): 
TruncNormalInit: a=-2, b=2, mean=0, std=0.02, bias=0.0 

backbone.stages.2.blocks.15.norm1.weight - torch.Size([512]): 
The value is the same before and after calling `init_weights` of ImageClassifier  

backbone.stages.2.blocks.15.norm1.bias - torch.Size([512]): 
The value is the same before and after calling `init_weights` of ImageClassifier  

backbone.stages.2.blocks.15.attn.w_msa.relative_position_bias_table - torch.Size([169, 16]): 
Initialized by user-defined `init_weights` in WindowMSA  

backbone.stages.2.blocks.15.attn.w_msa.qkv.weight - torch.Size([1536, 512]): 
TruncNormalInit: a=-2, b=2, mean=0, std=0.02, bias=0.0 

backbone.stages.2.blocks.15.attn.w_msa.qkv.bias - torch.Size([1536]): 
TruncNormalInit: a=-2, b=2, mean=0, std=0.02, bias=0.0 

backbone.stages.2.blocks.15.attn.w_msa.proj.weight - torch.Size([512, 512]): 
TruncNormalInit: a=-2, b=2, mean=0, std=0.02, bias=0.0 

backbone.stages.2.blocks.15.attn.w_msa.proj.bias - torch.Size([512]): 
TruncNormalInit: a=-2, b=2, mean=0, std=0.02, bias=0.0 

backbone.stages.2.blocks.15.norm2.weight - torch.Size([512]): 
The value is the same before and after calling `init_weights` of ImageClassifier  

backbone.stages.2.blocks.15.norm2.bias - torch.Size([512]): 
The value is the same before and after calling `init_weights` of ImageClassifier  

backbone.stages.2.blocks.15.ffn.layers.0.0.weight - torch.Size([2048, 512]): 
TruncNormalInit: a=-2, b=2, mean=0, std=0.02, bias=0.0 

backbone.stages.2.blocks.15.ffn.layers.0.0.bias - torch.Size([2048]): 
TruncNormalInit: a=-2, b=2, mean=0, std=0.02, bias=0.0 

backbone.stages.2.blocks.15.ffn.layers.1.weight - torch.Size([512, 2048]): 
TruncNormalInit: a=-2, b=2, mean=0, std=0.02, bias=0.0 

backbone.stages.2.blocks.15.ffn.layers.1.bias - torch.Size([512]): 
TruncNormalInit: a=-2, b=2, mean=0, std=0.02, bias=0.0 

backbone.stages.2.blocks.16.norm1.weight - torch.Size([512]): 
The value is the same before and after calling `init_weights` of ImageClassifier  

backbone.stages.2.blocks.16.norm1.bias - torch.Size([512]): 
The value is the same before and after calling `init_weights` of ImageClassifier  

backbone.stages.2.blocks.16.attn.w_msa.relative_position_bias_table - torch.Size([169, 16]): 
Initialized by user-defined `init_weights` in WindowMSA  

backbone.stages.2.blocks.16.attn.w_msa.qkv.weight - torch.Size([1536, 512]): 
TruncNormalInit: a=-2, b=2, mean=0, std=0.02, bias=0.0 

backbone.stages.2.blocks.16.attn.w_msa.qkv.bias - torch.Size([1536]): 
TruncNormalInit: a=-2, b=2, mean=0, std=0.02, bias=0.0 

backbone.stages.2.blocks.16.attn.w_msa.proj.weight - torch.Size([512, 512]): 
TruncNormalInit: a=-2, b=2, mean=0, std=0.02, bias=0.0 

backbone.stages.2.blocks.16.attn.w_msa.proj.bias - torch.Size([512]): 
TruncNormalInit: a=-2, b=2, mean=0, std=0.02, bias=0.0 

backbone.stages.2.blocks.16.norm2.weight - torch.Size([512]): 
The value is the same before and after calling `init_weights` of ImageClassifier  

backbone.stages.2.blocks.16.norm2.bias - torch.Size([512]): 
The value is the same before and after calling `init_weights` of ImageClassifier  

backbone.stages.2.blocks.16.ffn.layers.0.0.weight - torch.Size([2048, 512]): 
TruncNormalInit: a=-2, b=2, mean=0, std=0.02, bias=0.0 

backbone.stages.2.blocks.16.ffn.layers.0.0.bias - torch.Size([2048]): 
TruncNormalInit: a=-2, b=2, mean=0, std=0.02, bias=0.0 

backbone.stages.2.blocks.16.ffn.layers.1.weight - torch.Size([512, 2048]): 
TruncNormalInit: a=-2, b=2, mean=0, std=0.02, bias=0.0 

backbone.stages.2.blocks.16.ffn.layers.1.bias - torch.Size([512]): 
TruncNormalInit: a=-2, b=2, mean=0, std=0.02, bias=0.0 

backbone.stages.2.blocks.17.norm1.weight - torch.Size([512]): 
The value is the same before and after calling `init_weights` of ImageClassifier  

backbone.stages.2.blocks.17.norm1.bias - torch.Size([512]): 
The value is the same before and after calling `init_weights` of ImageClassifier  

backbone.stages.2.blocks.17.attn.w_msa.relative_position_bias_table - torch.Size([169, 16]): 
Initialized by user-defined `init_weights` in WindowMSA  

backbone.stages.2.blocks.17.attn.w_msa.qkv.weight - torch.Size([1536, 512]): 
TruncNormalInit: a=-2, b=2, mean=0, std=0.02, bias=0.0 

backbone.stages.2.blocks.17.attn.w_msa.qkv.bias - torch.Size([1536]): 
TruncNormalInit: a=-2, b=2, mean=0, std=0.02, bias=0.0 

backbone.stages.2.blocks.17.attn.w_msa.proj.weight - torch.Size([512, 512]): 
TruncNormalInit: a=-2, b=2, mean=0, std=0.02, bias=0.0 

backbone.stages.2.blocks.17.attn.w_msa.proj.bias - torch.Size([512]): 
TruncNormalInit: a=-2, b=2, mean=0, std=0.02, bias=0.0 

backbone.stages.2.blocks.17.norm2.weight - torch.Size([512]): 
The value is the same before and after calling `init_weights` of ImageClassifier  

backbone.stages.2.blocks.17.norm2.bias - torch.Size([512]): 
The value is the same before and after calling `init_weights` of ImageClassifier  

backbone.stages.2.blocks.17.ffn.layers.0.0.weight - torch.Size([2048, 512]): 
TruncNormalInit: a=-2, b=2, mean=0, std=0.02, bias=0.0 

backbone.stages.2.blocks.17.ffn.layers.0.0.bias - torch.Size([2048]): 
TruncNormalInit: a=-2, b=2, mean=0, std=0.02, bias=0.0 

backbone.stages.2.blocks.17.ffn.layers.1.weight - torch.Size([512, 2048]): 
TruncNormalInit: a=-2, b=2, mean=0, std=0.02, bias=0.0 

backbone.stages.2.blocks.17.ffn.layers.1.bias - torch.Size([512]): 
TruncNormalInit: a=-2, b=2, mean=0, std=0.02, bias=0.0 

backbone.stages.2.downsample.norm.weight - torch.Size([2048]): 
The value is the same before and after calling `init_weights` of ImageClassifier  

backbone.stages.2.downsample.norm.bias - torch.Size([2048]): 
The value is the same before and after calling `init_weights` of ImageClassifier  

backbone.stages.2.downsample.reduction.weight - torch.Size([1024, 2048]): 
TruncNormalInit: a=-2, b=2, mean=0, std=0.02, bias=0.0 

backbone.stages.3.blocks.0.norm1.weight - torch.Size([1024]): 
The value is the same before and after calling `init_weights` of ImageClassifier  

backbone.stages.3.blocks.0.norm1.bias - torch.Size([1024]): 
The value is the same before and after calling `init_weights` of ImageClassifier  

backbone.stages.3.blocks.0.attn.w_msa.relative_position_bias_table - torch.Size([169, 32]): 
Initialized by user-defined `init_weights` in WindowMSA  

backbone.stages.3.blocks.0.attn.w_msa.qkv.weight - torch.Size([3072, 1024]): 
TruncNormalInit: a=-2, b=2, mean=0, std=0.02, bias=0.0 

backbone.stages.3.blocks.0.attn.w_msa.qkv.bias - torch.Size([3072]): 
TruncNormalInit: a=-2, b=2, mean=0, std=0.02, bias=0.0 

backbone.stages.3.blocks.0.attn.w_msa.proj.weight - torch.Size([1024, 1024]): 
TruncNormalInit: a=-2, b=2, mean=0, std=0.02, bias=0.0 

backbone.stages.3.blocks.0.attn.w_msa.proj.bias - torch.Size([1024]): 
TruncNormalInit: a=-2, b=2, mean=0, std=0.02, bias=0.0 

backbone.stages.3.blocks.0.norm2.weight - torch.Size([1024]): 
The value is the same before and after calling `init_weights` of ImageClassifier  

backbone.stages.3.blocks.0.norm2.bias - torch.Size([1024]): 
The value is the same before and after calling `init_weights` of ImageClassifier  

backbone.stages.3.blocks.0.ffn.layers.0.0.weight - torch.Size([4096, 1024]): 
TruncNormalInit: a=-2, b=2, mean=0, std=0.02, bias=0.0 

backbone.stages.3.blocks.0.ffn.layers.0.0.bias - torch.Size([4096]): 
TruncNormalInit: a=-2, b=2, mean=0, std=0.02, bias=0.0 

backbone.stages.3.blocks.0.ffn.layers.1.weight - torch.Size([1024, 4096]): 
TruncNormalInit: a=-2, b=2, mean=0, std=0.02, bias=0.0 

backbone.stages.3.blocks.0.ffn.layers.1.bias - torch.Size([1024]): 
TruncNormalInit: a=-2, b=2, mean=0, std=0.02, bias=0.0 

backbone.stages.3.blocks.1.norm1.weight - torch.Size([1024]): 
The value is the same before and after calling `init_weights` of ImageClassifier  

backbone.stages.3.blocks.1.norm1.bias - torch.Size([1024]): 
The value is the same before and after calling `init_weights` of ImageClassifier  

backbone.stages.3.blocks.1.attn.w_msa.relative_position_bias_table - torch.Size([169, 32]): 
Initialized by user-defined `init_weights` in WindowMSA  

backbone.stages.3.blocks.1.attn.w_msa.qkv.weight - torch.Size([3072, 1024]): 
TruncNormalInit: a=-2, b=2, mean=0, std=0.02, bias=0.0 

backbone.stages.3.blocks.1.attn.w_msa.qkv.bias - torch.Size([3072]): 
TruncNormalInit: a=-2, b=2, mean=0, std=0.02, bias=0.0 

backbone.stages.3.blocks.1.attn.w_msa.proj.weight - torch.Size([1024, 1024]): 
TruncNormalInit: a=-2, b=2, mean=0, std=0.02, bias=0.0 

backbone.stages.3.blocks.1.attn.w_msa.proj.bias - torch.Size([1024]): 
TruncNormalInit: a=-2, b=2, mean=0, std=0.02, bias=0.0 

backbone.stages.3.blocks.1.norm2.weight - torch.Size([1024]): 
The value is the same before and after calling `init_weights` of ImageClassifier  

backbone.stages.3.blocks.1.norm2.bias - torch.Size([1024]): 
The value is the same before and after calling `init_weights` of ImageClassifier  

backbone.stages.3.blocks.1.ffn.layers.0.0.weight - torch.Size([4096, 1024]): 
TruncNormalInit: a=-2, b=2, mean=0, std=0.02, bias=0.0 

backbone.stages.3.blocks.1.ffn.layers.0.0.bias - torch.Size([4096]): 
TruncNormalInit: a=-2, b=2, mean=0, std=0.02, bias=0.0 

backbone.stages.3.blocks.1.ffn.layers.1.weight - torch.Size([1024, 4096]): 
TruncNormalInit: a=-2, b=2, mean=0, std=0.02, bias=0.0 

backbone.stages.3.blocks.1.ffn.layers.1.bias - torch.Size([1024]): 
TruncNormalInit: a=-2, b=2, mean=0, std=0.02, bias=0.0 

backbone.norm3.weight - torch.Size([1024]): 
The value is the same before and after calling `init_weights` of ImageClassifier  

backbone.norm3.bias - torch.Size([1024]): 
The value is the same before and after calling `init_weights` of ImageClassifier  

head.fc.weight - torch.Size([17, 1024]): 
TruncNormalInit: a=-2, b=2, mean=0, std=0.02, bias=0.0 

head.fc.bias - torch.Size([17]): 
TruncNormalInit: a=-2, b=2, mean=0, std=0.02, bias=0.0 
2024-04-13 22:52:39,482 - mmcls - INFO - Start running, host: cshtimmy@gpu2-comp-122, work_dir: /userhome/cs2/cshtimmy/COMP3340Project/CNN_Image_Classification_Code/output/swin_transformer_no_StochasticDepth/bs16/lr0.0001
2024-04-13 22:52:39,482 - mmcls - INFO - Hooks will be executed in the following order:
before_run:
(VERY_HIGH   ) StepLrUpdaterHook                  
(NORMAL      ) CheckpointHook                     
(NORMAL      ) EvalHook                           
(VERY_LOW    ) TextLoggerHook                     
 -------------------- 
before_train_epoch:
(VERY_HIGH   ) StepLrUpdaterHook                  
(NORMAL      ) EvalHook                           
(LOW         ) IterTimerHook                      
(VERY_LOW    ) TextLoggerHook                     
 -------------------- 
before_train_iter:
(VERY_HIGH   ) StepLrUpdaterHook                  
(NORMAL      ) EvalHook                           
(LOW         ) IterTimerHook                      
 -------------------- 
after_train_iter:
(ABOVE_NORMAL) OptimizerHook                      
(NORMAL      ) CheckpointHook                     
(NORMAL      ) EvalHook                           
(LOW         ) IterTimerHook                      
(VERY_LOW    ) TextLoggerHook                     
 -------------------- 
after_train_epoch:
(NORMAL      ) CheckpointHook                     
(NORMAL      ) EvalHook                           
(VERY_LOW    ) TextLoggerHook                     
 -------------------- 
before_val_epoch:
(LOW         ) IterTimerHook                      
(VERY_LOW    ) TextLoggerHook                     
 -------------------- 
before_val_iter:
(LOW         ) IterTimerHook                      
 -------------------- 
after_val_iter:
(LOW         ) IterTimerHook                      
 -------------------- 
after_val_epoch:
(VERY_LOW    ) TextLoggerHook                     
 -------------------- 
after_run:
(VERY_LOW    ) TextLoggerHook                     
 -------------------- 
2024-04-13 22:52:39,482 - mmcls - INFO - workflow: [('train', 1)], max: 200 epochs
2024-04-13 22:52:39,482 - mmcls - INFO - Checkpoints will be saved to /userhome/cs2/cshtimmy/COMP3340Project/CNN_Image_Classification_Code/output/swin_transformer_no_StochasticDepth/bs16/lr0.0001 by HardDiskBackend.
2024-04-13 22:53:04,629 - mmcls - INFO - Epoch(val) [1][9]	accuracy_top-1: 21.3235, accuracy_top-5: 72.0588
2024-04-13 22:53:29,101 - mmcls - INFO - Epoch(val) [2][9]	accuracy_top-1: 27.2059, accuracy_top-5: 80.1471
2024-04-13 22:53:53,497 - mmcls - INFO - Epoch(val) [3][9]	accuracy_top-1: 25.7353, accuracy_top-5: 82.3529
2024-04-13 22:54:18,535 - mmcls - INFO - Epoch(val) [4][9]	accuracy_top-1: 38.2353, accuracy_top-5: 86.0294
2024-04-13 22:54:43,451 - mmcls - INFO - Epoch(val) [5][9]	accuracy_top-1: 28.6765, accuracy_top-5: 88.2353
2024-04-13 22:55:08,643 - mmcls - INFO - Epoch(val) [6][9]	accuracy_top-1: 37.5000, accuracy_top-5: 88.2353
2024-04-13 22:55:33,587 - mmcls - INFO - Epoch(val) [7][9]	accuracy_top-1: 36.7647, accuracy_top-5: 89.7059
2024-04-13 22:55:58,915 - mmcls - INFO - Epoch(val) [8][9]	accuracy_top-1: 36.7647, accuracy_top-5: 88.9706
2024-04-13 22:56:24,173 - mmcls - INFO - Epoch(val) [9][9]	accuracy_top-1: 38.2353, accuracy_top-5: 92.6471
2024-04-13 22:56:47,250 - mmcls - INFO - Epoch(val) [10][9]	accuracy_top-1: 41.9118, accuracy_top-5: 90.4412
2024-04-13 22:57:12,266 - mmcls - INFO - Epoch(val) [11][9]	accuracy_top-1: 41.9118, accuracy_top-5: 89.7059
2024-04-13 22:57:38,004 - mmcls - INFO - Epoch(val) [12][9]	accuracy_top-1: 39.7059, accuracy_top-5: 91.1765
2024-04-13 22:58:03,199 - mmcls - INFO - Epoch(val) [13][9]	accuracy_top-1: 47.0588, accuracy_top-5: 91.1765
2024-04-13 22:58:28,677 - mmcls - INFO - Epoch(val) [14][9]	accuracy_top-1: 46.3235, accuracy_top-5: 88.9706
2024-04-13 22:58:54,220 - mmcls - INFO - Epoch(val) [15][9]	accuracy_top-1: 47.7941, accuracy_top-5: 92.6471
2024-04-13 22:59:19,127 - mmcls - INFO - Epoch(val) [16][9]	accuracy_top-1: 45.5882, accuracy_top-5: 91.1765
2024-04-13 22:59:43,043 - mmcls - INFO - Epoch(val) [17][9]	accuracy_top-1: 48.5294, accuracy_top-5: 88.9706
2024-04-13 23:00:07,676 - mmcls - INFO - Epoch(val) [18][9]	accuracy_top-1: 46.3235, accuracy_top-5: 91.9118
2024-04-13 23:00:31,426 - mmcls - INFO - Epoch(val) [19][9]	accuracy_top-1: 52.9412, accuracy_top-5: 87.5000
2024-04-13 23:00:56,014 - mmcls - INFO - Epoch(val) [20][9]	accuracy_top-1: 49.2647, accuracy_top-5: 89.7059
2024-04-13 23:01:19,956 - mmcls - INFO - Epoch(val) [21][9]	accuracy_top-1: 52.9412, accuracy_top-5: 91.9118
2024-04-13 23:01:44,053 - mmcls - INFO - Epoch(val) [22][9]	accuracy_top-1: 46.3235, accuracy_top-5: 91.1765
2024-04-13 23:02:08,850 - mmcls - INFO - Epoch(val) [23][9]	accuracy_top-1: 50.0000, accuracy_top-5: 91.1765
2024-04-13 23:02:34,592 - mmcls - INFO - Epoch(val) [24][9]	accuracy_top-1: 48.5294, accuracy_top-5: 93.3824
2024-04-13 23:03:00,186 - mmcls - INFO - Epoch(val) [25][9]	accuracy_top-1: 51.4706, accuracy_top-5: 91.1765
2024-04-13 23:03:25,449 - mmcls - INFO - Epoch(val) [26][9]	accuracy_top-1: 50.7353, accuracy_top-5: 91.9118
2024-04-13 23:03:49,419 - mmcls - INFO - Epoch(val) [27][9]	accuracy_top-1: 50.0000, accuracy_top-5: 91.1765
2024-04-13 23:04:13,506 - mmcls - INFO - Epoch(val) [28][9]	accuracy_top-1: 50.7353, accuracy_top-5: 90.4412
2024-04-13 23:04:37,765 - mmcls - INFO - Epoch(val) [29][9]	accuracy_top-1: 52.9412, accuracy_top-5: 91.1765
2024-04-13 23:05:03,813 - mmcls - INFO - Epoch(val) [30][9]	accuracy_top-1: 55.1471, accuracy_top-5: 89.7059
2024-04-13 23:05:29,985 - mmcls - INFO - Epoch(val) [31][9]	accuracy_top-1: 56.6176, accuracy_top-5: 91.1765
2024-04-13 23:05:55,799 - mmcls - INFO - Epoch(val) [32][9]	accuracy_top-1: 51.4706, accuracy_top-5: 91.9118
2024-04-13 23:06:20,791 - mmcls - INFO - Epoch(val) [33][9]	accuracy_top-1: 55.1471, accuracy_top-5: 91.1765
2024-04-13 23:06:45,435 - mmcls - INFO - Epoch(val) [34][9]	accuracy_top-1: 58.8235, accuracy_top-5: 91.1765
2024-04-13 23:07:10,097 - mmcls - INFO - Epoch(val) [35][9]	accuracy_top-1: 59.5588, accuracy_top-5: 92.6471
2024-04-13 23:07:34,146 - mmcls - INFO - Epoch(val) [36][9]	accuracy_top-1: 60.2941, accuracy_top-5: 90.4412
2024-04-13 23:07:59,446 - mmcls - INFO - Epoch(val) [37][9]	accuracy_top-1: 61.0294, accuracy_top-5: 92.6471
2024-04-13 23:08:24,389 - mmcls - INFO - Epoch(val) [38][9]	accuracy_top-1: 58.8235, accuracy_top-5: 90.4412
2024-04-13 23:08:49,108 - mmcls - INFO - Epoch(val) [39][9]	accuracy_top-1: 57.3529, accuracy_top-5: 91.9118
2024-04-13 23:09:13,006 - mmcls - INFO - Epoch(val) [40][9]	accuracy_top-1: 63.2353, accuracy_top-5: 91.9118
2024-04-13 23:09:39,157 - mmcls - INFO - Epoch(val) [41][9]	accuracy_top-1: 57.3529, accuracy_top-5: 91.9118
2024-04-13 23:10:04,789 - mmcls - INFO - Epoch(val) [42][9]	accuracy_top-1: 63.9706, accuracy_top-5: 92.6471
2024-04-13 23:10:29,667 - mmcls - INFO - Epoch(val) [43][9]	accuracy_top-1: 60.2941, accuracy_top-5: 91.1765
2024-04-13 23:10:53,613 - mmcls - INFO - Epoch(val) [44][9]	accuracy_top-1: 61.0294, accuracy_top-5: 91.1765
2024-04-13 23:11:17,915 - mmcls - INFO - Epoch(val) [45][9]	accuracy_top-1: 60.2941, accuracy_top-5: 93.3824
2024-04-13 23:11:42,900 - mmcls - INFO - Epoch(val) [46][9]	accuracy_top-1: 58.0882, accuracy_top-5: 91.9118
2024-04-13 23:12:08,283 - mmcls - INFO - Epoch(val) [47][9]	accuracy_top-1: 63.9706, accuracy_top-5: 91.1765
2024-04-13 23:12:34,175 - mmcls - INFO - Epoch(val) [48][9]	accuracy_top-1: 61.0294, accuracy_top-5: 91.1765
2024-04-13 23:13:00,207 - mmcls - INFO - Epoch(val) [49][9]	accuracy_top-1: 63.9706, accuracy_top-5: 91.1765
2024-04-13 23:13:25,836 - mmcls - INFO - Epoch(val) [50][9]	accuracy_top-1: 61.0294, accuracy_top-5: 91.9118
2024-04-13 23:13:51,925 - mmcls - INFO - Epoch(val) [51][9]	accuracy_top-1: 61.7647, accuracy_top-5: 90.4412
2024-04-13 23:14:15,776 - mmcls - INFO - Epoch(val) [52][9]	accuracy_top-1: 61.7647, accuracy_top-5: 91.1765
2024-04-13 23:14:41,704 - mmcls - INFO - Epoch(val) [53][9]	accuracy_top-1: 61.0294, accuracy_top-5: 91.9118
2024-04-13 23:15:06,378 - mmcls - INFO - Epoch(val) [54][9]	accuracy_top-1: 61.0294, accuracy_top-5: 90.4412
2024-04-13 23:15:30,496 - mmcls - INFO - Epoch(val) [55][9]	accuracy_top-1: 61.0294, accuracy_top-5: 92.6471
2024-04-13 23:15:55,003 - mmcls - INFO - Epoch(val) [56][9]	accuracy_top-1: 59.5588, accuracy_top-5: 91.1765
2024-04-13 23:16:19,271 - mmcls - INFO - Epoch(val) [57][9]	accuracy_top-1: 63.2353, accuracy_top-5: 91.1765
2024-04-13 23:16:43,258 - mmcls - INFO - Epoch(val) [58][9]	accuracy_top-1: 60.2941, accuracy_top-5: 90.4412
2024-04-13 23:17:07,292 - mmcls - INFO - Epoch(val) [59][9]	accuracy_top-1: 61.7647, accuracy_top-5: 89.7059
2024-04-13 23:17:33,348 - mmcls - INFO - Epoch(val) [60][9]	accuracy_top-1: 63.2353, accuracy_top-5: 91.9118
2024-04-13 23:17:59,381 - mmcls - INFO - Epoch(val) [61][9]	accuracy_top-1: 64.7059, accuracy_top-5: 94.1176
2024-04-13 23:18:25,042 - mmcls - INFO - Epoch(val) [62][9]	accuracy_top-1: 61.0294, accuracy_top-5: 91.1765
2024-04-13 23:18:49,378 - mmcls - INFO - Epoch(val) [63][9]	accuracy_top-1: 61.0294, accuracy_top-5: 92.6471
2024-04-13 23:19:13,670 - mmcls - INFO - Epoch(val) [64][9]	accuracy_top-1: 61.7647, accuracy_top-5: 91.1765
2024-04-13 23:19:38,065 - mmcls - INFO - Epoch(val) [65][9]	accuracy_top-1: 63.9706, accuracy_top-5: 91.1765
2024-04-13 23:20:03,957 - mmcls - INFO - Epoch(val) [66][9]	accuracy_top-1: 63.2353, accuracy_top-5: 91.1765
2024-04-13 23:20:29,599 - mmcls - INFO - Epoch(val) [67][9]	accuracy_top-1: 61.0294, accuracy_top-5: 93.3824
2024-04-13 23:20:55,246 - mmcls - INFO - Epoch(val) [68][9]	accuracy_top-1: 63.9706, accuracy_top-5: 92.6471
2024-04-13 23:21:20,950 - mmcls - INFO - Epoch(val) [69][9]	accuracy_top-1: 64.7059, accuracy_top-5: 92.6471
2024-04-13 23:21:46,729 - mmcls - INFO - Epoch(val) [70][9]	accuracy_top-1: 63.2353, accuracy_top-5: 92.6471
2024-04-13 23:22:12,744 - mmcls - INFO - Epoch(val) [71][9]	accuracy_top-1: 68.3824, accuracy_top-5: 89.7059
2024-04-13 23:22:38,494 - mmcls - INFO - Epoch(val) [72][9]	accuracy_top-1: 62.5000, accuracy_top-5: 91.9118
2024-04-13 23:23:04,237 - mmcls - INFO - Epoch(val) [73][9]	accuracy_top-1: 63.2353, accuracy_top-5: 92.6471
2024-04-13 23:23:30,116 - mmcls - INFO - Epoch(val) [74][9]	accuracy_top-1: 64.7059, accuracy_top-5: 92.6471
2024-04-13 23:23:55,671 - mmcls - INFO - Epoch(val) [75][9]	accuracy_top-1: 62.5000, accuracy_top-5: 91.9118
2024-04-13 23:24:19,751 - mmcls - INFO - Epoch(val) [76][9]	accuracy_top-1: 63.9706, accuracy_top-5: 91.9118
2024-04-13 23:24:44,933 - mmcls - INFO - Epoch(val) [77][9]	accuracy_top-1: 61.7647, accuracy_top-5: 93.3824
2024-04-13 23:25:10,990 - mmcls - INFO - Epoch(val) [78][9]	accuracy_top-1: 64.7059, accuracy_top-5: 92.6471
2024-04-13 23:25:36,663 - mmcls - INFO - Epoch(val) [79][9]	accuracy_top-1: 65.4412, accuracy_top-5: 90.4412
2024-04-13 23:26:01,091 - mmcls - INFO - Epoch(val) [80][9]	accuracy_top-1: 63.9706, accuracy_top-5: 92.6471
2024-04-13 23:26:25,019 - mmcls - INFO - Epoch(val) [81][9]	accuracy_top-1: 65.4412, accuracy_top-5: 92.6471
2024-04-13 23:26:50,253 - mmcls - INFO - Epoch(val) [82][9]	accuracy_top-1: 63.9706, accuracy_top-5: 94.1176
2024-04-13 23:27:15,515 - mmcls - INFO - Epoch(val) [83][9]	accuracy_top-1: 64.7059, accuracy_top-5: 95.5882
2024-04-13 23:27:41,046 - mmcls - INFO - Epoch(val) [84][9]	accuracy_top-1: 63.9706, accuracy_top-5: 94.1176
2024-04-13 23:28:06,803 - mmcls - INFO - Epoch(val) [85][9]	accuracy_top-1: 66.9118, accuracy_top-5: 92.6471
2024-04-13 23:28:32,648 - mmcls - INFO - Epoch(val) [86][9]	accuracy_top-1: 63.2353, accuracy_top-5: 94.8529
2024-04-13 23:28:57,000 - mmcls - INFO - Epoch(val) [87][9]	accuracy_top-1: 66.1765, accuracy_top-5: 91.9118
2024-04-13 23:29:23,025 - mmcls - INFO - Epoch(val) [88][9]	accuracy_top-1: 66.9118, accuracy_top-5: 90.4412
2024-04-13 23:29:48,709 - mmcls - INFO - Epoch(val) [89][9]	accuracy_top-1: 66.9118, accuracy_top-5: 93.3824
2024-04-13 23:30:14,450 - mmcls - INFO - Epoch(val) [90][9]	accuracy_top-1: 64.7059, accuracy_top-5: 94.8529
2024-04-13 23:30:40,163 - mmcls - INFO - Epoch(val) [91][9]	accuracy_top-1: 64.7059, accuracy_top-5: 94.1176
2024-04-13 23:31:05,650 - mmcls - INFO - Epoch(val) [92][9]	accuracy_top-1: 66.9118, accuracy_top-5: 91.9118
2024-04-13 23:31:29,842 - mmcls - INFO - Epoch(val) [93][9]	accuracy_top-1: 64.7059, accuracy_top-5: 93.3824
2024-04-13 23:31:55,665 - mmcls - INFO - Epoch(val) [94][9]	accuracy_top-1: 68.3824, accuracy_top-5: 94.1176
2024-04-13 23:32:21,433 - mmcls - INFO - Epoch(val) [95][9]	accuracy_top-1: 65.4412, accuracy_top-5: 92.6471
2024-04-13 23:32:47,362 - mmcls - INFO - Epoch(val) [96][9]	accuracy_top-1: 62.5000, accuracy_top-5: 95.5882
2024-04-13 23:33:13,124 - mmcls - INFO - Epoch(val) [97][9]	accuracy_top-1: 65.4412, accuracy_top-5: 92.6471
2024-04-13 23:33:38,539 - mmcls - INFO - Epoch(val) [98][9]	accuracy_top-1: 65.4412, accuracy_top-5: 92.6471
2024-04-13 23:34:02,670 - mmcls - INFO - Epoch(val) [99][9]	accuracy_top-1: 68.3824, accuracy_top-5: 95.5882
2024-04-13 23:34:25,357 - mmcls - INFO - Saving checkpoint at 100 epochs
2024-04-13 23:34:30,231 - mmcls - INFO - Epoch(val) [100][9]	accuracy_top-1: 61.7647, accuracy_top-5: 95.5882
2024-04-13 23:34:54,580 - mmcls - INFO - Epoch(val) [101][9]	accuracy_top-1: 66.9118, accuracy_top-5: 94.8529
2024-04-13 23:35:19,357 - mmcls - INFO - Epoch(val) [102][9]	accuracy_top-1: 66.9118, accuracy_top-5: 94.8529
2024-04-13 23:35:43,231 - mmcls - INFO - Epoch(val) [103][9]	accuracy_top-1: 66.9118, accuracy_top-5: 94.1176
2024-04-13 23:36:07,037 - mmcls - INFO - Epoch(val) [104][9]	accuracy_top-1: 67.6471, accuracy_top-5: 94.8529
2024-04-13 23:36:32,297 - mmcls - INFO - Epoch(val) [105][9]	accuracy_top-1: 67.6471, accuracy_top-5: 95.5882
2024-04-13 23:36:56,932 - mmcls - INFO - Epoch(val) [106][9]	accuracy_top-1: 67.6471, accuracy_top-5: 94.8529
2024-04-13 23:37:21,256 - mmcls - INFO - Epoch(val) [107][9]	accuracy_top-1: 67.6471, accuracy_top-5: 93.3824
2024-04-13 23:37:45,019 - mmcls - INFO - Epoch(val) [108][9]	accuracy_top-1: 66.9118, accuracy_top-5: 94.1176
2024-04-13 23:38:09,141 - mmcls - INFO - Epoch(val) [109][9]	accuracy_top-1: 68.3824, accuracy_top-5: 93.3824
2024-04-13 23:38:33,045 - mmcls - INFO - Epoch(val) [110][9]	accuracy_top-1: 67.6471, accuracy_top-5: 94.8529
2024-04-13 23:38:56,967 - mmcls - INFO - Epoch(val) [111][9]	accuracy_top-1: 68.3824, accuracy_top-5: 94.8529
2024-04-13 23:39:21,188 - mmcls - INFO - Epoch(val) [112][9]	accuracy_top-1: 68.3824, accuracy_top-5: 94.1176
2024-04-13 23:39:45,018 - mmcls - INFO - Epoch(val) [113][9]	accuracy_top-1: 66.9118, accuracy_top-5: 94.1176
2024-04-13 23:40:10,339 - mmcls - INFO - Epoch(val) [114][9]	accuracy_top-1: 69.1176, accuracy_top-5: 95.5882
2024-04-13 23:40:35,579 - mmcls - INFO - Epoch(val) [115][9]	accuracy_top-1: 66.9118, accuracy_top-5: 95.5882
2024-04-13 23:41:00,551 - mmcls - INFO - Epoch(val) [116][9]	accuracy_top-1: 68.3824, accuracy_top-5: 95.5882
2024-04-13 23:41:26,435 - mmcls - INFO - Epoch(val) [117][9]	accuracy_top-1: 66.9118, accuracy_top-5: 94.8529
2024-04-13 23:41:52,265 - mmcls - INFO - Epoch(val) [118][9]	accuracy_top-1: 67.6471, accuracy_top-5: 94.1176
2024-04-13 23:42:18,023 - mmcls - INFO - Epoch(val) [119][9]	accuracy_top-1: 67.6471, accuracy_top-5: 94.8529
2024-04-13 23:42:43,828 - mmcls - INFO - Epoch(val) [120][9]	accuracy_top-1: 66.9118, accuracy_top-5: 94.8529
2024-04-13 23:43:09,890 - mmcls - INFO - Epoch(val) [121][9]	accuracy_top-1: 67.6471, accuracy_top-5: 94.8529
2024-04-13 23:43:35,365 - mmcls - INFO - Epoch(val) [122][9]	accuracy_top-1: 67.6471, accuracy_top-5: 95.5882
2024-04-13 23:44:00,191 - mmcls - INFO - Epoch(val) [123][9]	accuracy_top-1: 67.6471, accuracy_top-5: 95.5882
2024-04-13 23:44:25,949 - mmcls - INFO - Epoch(val) [124][9]	accuracy_top-1: 67.6471, accuracy_top-5: 94.1176
2024-04-13 23:44:51,610 - mmcls - INFO - Epoch(val) [125][9]	accuracy_top-1: 68.3824, accuracy_top-5: 94.8529
2024-04-13 23:45:17,476 - mmcls - INFO - Epoch(val) [126][9]	accuracy_top-1: 67.6471, accuracy_top-5: 95.5882
2024-04-13 23:45:42,220 - mmcls - INFO - Epoch(val) [127][9]	accuracy_top-1: 66.9118, accuracy_top-5: 94.1176
2024-04-13 23:46:06,440 - mmcls - INFO - Epoch(val) [128][9]	accuracy_top-1: 68.3824, accuracy_top-5: 97.0588
2024-04-13 23:46:30,760 - mmcls - INFO - Epoch(val) [129][9]	accuracy_top-1: 68.3824, accuracy_top-5: 97.0588
2024-04-13 23:46:54,592 - mmcls - INFO - Epoch(val) [130][9]	accuracy_top-1: 67.6471, accuracy_top-5: 94.8529
2024-04-13 23:47:20,614 - mmcls - INFO - Epoch(val) [131][9]	accuracy_top-1: 67.6471, accuracy_top-5: 95.5882
2024-04-13 23:47:46,750 - mmcls - INFO - Epoch(val) [132][9]	accuracy_top-1: 67.6471, accuracy_top-5: 94.8529
2024-04-13 23:48:12,781 - mmcls - INFO - Epoch(val) [133][9]	accuracy_top-1: 67.6471, accuracy_top-5: 94.8529
2024-04-13 23:48:39,001 - mmcls - INFO - Epoch(val) [134][9]	accuracy_top-1: 67.6471, accuracy_top-5: 94.1176
2024-04-13 23:49:04,948 - mmcls - INFO - Epoch(val) [135][9]	accuracy_top-1: 67.6471, accuracy_top-5: 93.3824
2024-04-13 23:49:31,092 - mmcls - INFO - Epoch(val) [136][9]	accuracy_top-1: 67.6471, accuracy_top-5: 94.1176
2024-04-13 23:49:56,983 - mmcls - INFO - Epoch(val) [137][9]	accuracy_top-1: 67.6471, accuracy_top-5: 94.1176
2024-04-13 23:50:23,002 - mmcls - INFO - Epoch(val) [138][9]	accuracy_top-1: 66.9118, accuracy_top-5: 94.8529
2024-04-13 23:50:47,968 - mmcls - INFO - Epoch(val) [139][9]	accuracy_top-1: 68.3824, accuracy_top-5: 94.1176
2024-04-13 23:51:12,985 - mmcls - INFO - Epoch(val) [140][9]	accuracy_top-1: 69.8529, accuracy_top-5: 95.5882
2024-04-13 23:51:37,967 - mmcls - INFO - Epoch(val) [141][9]	accuracy_top-1: 67.6471, accuracy_top-5: 94.8529
2024-04-13 23:52:02,880 - mmcls - INFO - Epoch(val) [142][9]	accuracy_top-1: 69.1176, accuracy_top-5: 95.5882
2024-04-13 23:52:27,711 - mmcls - INFO - Epoch(val) [143][9]	accuracy_top-1: 67.6471, accuracy_top-5: 95.5882
2024-04-13 23:52:52,900 - mmcls - INFO - Epoch(val) [144][9]	accuracy_top-1: 67.6471, accuracy_top-5: 95.5882
2024-04-13 23:53:18,974 - mmcls - INFO - Epoch(val) [145][9]	accuracy_top-1: 69.1176, accuracy_top-5: 94.8529
2024-04-13 23:53:44,976 - mmcls - INFO - Epoch(val) [146][9]	accuracy_top-1: 69.8529, accuracy_top-5: 95.5882
2024-04-13 23:54:10,825 - mmcls - INFO - Epoch(val) [147][9]	accuracy_top-1: 67.6471, accuracy_top-5: 95.5882
2024-04-13 23:54:36,738 - mmcls - INFO - Epoch(val) [148][9]	accuracy_top-1: 66.9118, accuracy_top-5: 94.8529
2024-04-13 23:55:01,571 - mmcls - INFO - Epoch(val) [149][9]	accuracy_top-1: 67.6471, accuracy_top-5: 94.1176
2024-04-13 23:55:26,491 - mmcls - INFO - Epoch(val) [150][9]	accuracy_top-1: 66.9118, accuracy_top-5: 94.8529
2024-04-13 23:55:51,914 - mmcls - INFO - Epoch(val) [151][9]	accuracy_top-1: 67.6471, accuracy_top-5: 95.5882
2024-04-13 23:56:16,865 - mmcls - INFO - Epoch(val) [152][9]	accuracy_top-1: 67.6471, accuracy_top-5: 95.5882
2024-04-13 23:56:42,175 - mmcls - INFO - Epoch(val) [153][9]	accuracy_top-1: 68.3824, accuracy_top-5: 94.8529
2024-04-13 23:57:08,340 - mmcls - INFO - Epoch(val) [154][9]	accuracy_top-1: 67.6471, accuracy_top-5: 94.8529
2024-04-13 23:57:33,899 - mmcls - INFO - Epoch(val) [155][9]	accuracy_top-1: 67.6471, accuracy_top-5: 95.5882
2024-04-13 23:57:59,789 - mmcls - INFO - Epoch(val) [156][9]	accuracy_top-1: 66.9118, accuracy_top-5: 95.5882
2024-04-13 23:58:25,634 - mmcls - INFO - Epoch(val) [157][9]	accuracy_top-1: 66.9118, accuracy_top-5: 94.8529
2024-04-13 23:58:51,146 - mmcls - INFO - Epoch(val) [158][9]	accuracy_top-1: 66.9118, accuracy_top-5: 95.5882
2024-04-13 23:59:15,033 - mmcls - INFO - Epoch(val) [159][9]	accuracy_top-1: 67.6471, accuracy_top-5: 95.5882
2024-04-13 23:59:39,357 - mmcls - INFO - Epoch(val) [160][9]	accuracy_top-1: 66.9118, accuracy_top-5: 95.5882
2024-04-14 00:00:04,004 - mmcls - INFO - Epoch(val) [161][9]	accuracy_top-1: 67.6471, accuracy_top-5: 95.5882
2024-04-14 00:00:28,687 - mmcls - INFO - Epoch(val) [162][9]	accuracy_top-1: 66.9118, accuracy_top-5: 95.5882
2024-04-14 00:00:54,219 - mmcls - INFO - Epoch(val) [163][9]	accuracy_top-1: 67.6471, accuracy_top-5: 95.5882
2024-04-14 00:01:19,280 - mmcls - INFO - Epoch(val) [164][9]	accuracy_top-1: 67.6471, accuracy_top-5: 95.5882
2024-04-14 00:01:43,893 - mmcls - INFO - Epoch(val) [165][9]	accuracy_top-1: 67.6471, accuracy_top-5: 95.5882
2024-04-14 00:02:07,663 - mmcls - INFO - Epoch(val) [166][9]	accuracy_top-1: 66.9118, accuracy_top-5: 95.5882
2024-04-14 00:02:32,791 - mmcls - INFO - Epoch(val) [167][9]	accuracy_top-1: 67.6471, accuracy_top-5: 95.5882
2024-04-14 00:02:58,710 - mmcls - INFO - Epoch(val) [168][9]	accuracy_top-1: 67.6471, accuracy_top-5: 95.5882
2024-04-14 00:03:24,415 - mmcls - INFO - Epoch(val) [169][9]	accuracy_top-1: 67.6471, accuracy_top-5: 96.3235
2024-04-14 00:03:50,495 - mmcls - INFO - Epoch(val) [170][9]	accuracy_top-1: 68.3824, accuracy_top-5: 95.5882
2024-04-14 00:04:15,809 - mmcls - INFO - Epoch(val) [171][9]	accuracy_top-1: 67.6471, accuracy_top-5: 95.5882
2024-04-14 00:04:40,809 - mmcls - INFO - Epoch(val) [172][9]	accuracy_top-1: 66.9118, accuracy_top-5: 95.5882
2024-04-14 00:05:04,497 - mmcls - INFO - Epoch(val) [173][9]	accuracy_top-1: 68.3824, accuracy_top-5: 96.3235
2024-04-14 00:05:30,154 - mmcls - INFO - Epoch(val) [174][9]	accuracy_top-1: 68.3824, accuracy_top-5: 95.5882
2024-04-14 00:05:54,440 - mmcls - INFO - Epoch(val) [175][9]	accuracy_top-1: 68.3824, accuracy_top-5: 95.5882
2024-04-14 00:06:19,573 - mmcls - INFO - Epoch(val) [176][9]	accuracy_top-1: 67.6471, accuracy_top-5: 95.5882
2024-04-14 00:06:45,461 - mmcls - INFO - Epoch(val) [177][9]	accuracy_top-1: 67.6471, accuracy_top-5: 95.5882
2024-04-14 00:07:10,995 - mmcls - INFO - Epoch(val) [178][9]	accuracy_top-1: 67.6471, accuracy_top-5: 96.3235
2024-04-14 00:07:36,725 - mmcls - INFO - Epoch(val) [179][9]	accuracy_top-1: 66.9118, accuracy_top-5: 96.3235
2024-04-14 00:08:02,302 - mmcls - INFO - Epoch(val) [180][9]	accuracy_top-1: 67.6471, accuracy_top-5: 96.3235
2024-04-14 00:08:27,953 - mmcls - INFO - Epoch(val) [181][9]	accuracy_top-1: 67.6471, accuracy_top-5: 96.3235
2024-04-14 00:08:53,575 - mmcls - INFO - Epoch(val) [182][9]	accuracy_top-1: 66.9118, accuracy_top-5: 96.3235
2024-04-14 00:09:18,910 - mmcls - INFO - Epoch(val) [183][9]	accuracy_top-1: 66.9118, accuracy_top-5: 96.3235
2024-04-14 00:09:43,775 - mmcls - INFO - Epoch(val) [184][9]	accuracy_top-1: 67.6471, accuracy_top-5: 96.3235
2024-04-14 00:10:09,220 - mmcls - INFO - Epoch(val) [185][9]	accuracy_top-1: 66.9118, accuracy_top-5: 96.3235
2024-04-14 00:10:34,839 - mmcls - INFO - Epoch(val) [186][9]	accuracy_top-1: 66.9118, accuracy_top-5: 96.3235
2024-04-14 00:11:00,394 - mmcls - INFO - Epoch(val) [187][9]	accuracy_top-1: 67.6471, accuracy_top-5: 96.3235
2024-04-14 00:11:26,141 - mmcls - INFO - Epoch(val) [188][9]	accuracy_top-1: 68.3824, accuracy_top-5: 96.3235
2024-04-14 00:11:51,874 - mmcls - INFO - Epoch(val) [189][9]	accuracy_top-1: 67.6471, accuracy_top-5: 96.3235
2024-04-14 00:12:17,734 - mmcls - INFO - Epoch(val) [190][9]	accuracy_top-1: 67.6471, accuracy_top-5: 96.3235
2024-04-14 00:12:43,403 - mmcls - INFO - Epoch(val) [191][9]	accuracy_top-1: 67.6471, accuracy_top-5: 96.3235
2024-04-14 00:13:08,875 - mmcls - INFO - Epoch(val) [192][9]	accuracy_top-1: 66.9118, accuracy_top-5: 96.3235
2024-04-14 00:13:34,444 - mmcls - INFO - Epoch(val) [193][9]	accuracy_top-1: 67.6471, accuracy_top-5: 96.3235
2024-04-14 00:14:00,030 - mmcls - INFO - Epoch(val) [194][9]	accuracy_top-1: 67.6471, accuracy_top-5: 96.3235
2024-04-14 00:14:25,658 - mmcls - INFO - Epoch(val) [195][9]	accuracy_top-1: 67.6471, accuracy_top-5: 96.3235
2024-04-14 00:14:50,364 - mmcls - INFO - Epoch(val) [196][9]	accuracy_top-1: 66.9118, accuracy_top-5: 96.3235
2024-04-14 00:15:14,255 - mmcls - INFO - Epoch(val) [197][9]	accuracy_top-1: 67.6471, accuracy_top-5: 96.3235
2024-04-14 00:15:38,148 - mmcls - INFO - Epoch(val) [198][9]	accuracy_top-1: 67.6471, accuracy_top-5: 96.3235
2024-04-14 00:16:01,828 - mmcls - INFO - Epoch(val) [199][9]	accuracy_top-1: 66.9118, accuracy_top-5: 96.3235
2024-04-14 00:16:24,609 - mmcls - INFO - Saving checkpoint at 200 epochs
2024-04-14 00:16:29,436 - mmcls - INFO - Epoch(val) [200][9]	accuracy_top-1: 67.6471, accuracy_top-5: 96.3235
