2024-03-06 16:01:41,126 - mmcls - INFO - Environment info:
------------------------------------------------------------
sys.platform: linux
Python: 3.7.16 (default, Jan 17 2023, 22:20:44) [GCC 11.2.0]
CUDA available: True
GPU 0: NVIDIA GeForce RTX 2080 Ti
CUDA_HOME: /usr/local/cuda
NVCC: Cuda compilation tools, release 11.8, V11.8.89
GCC: gcc (Ubuntu 11.4.0-1ubuntu1~22.04) 11.4.0
PyTorch: 1.7.1
PyTorch compiling details: PyTorch built with:
  - GCC 7.3
  - C++ Version: 201402
  - Intel(R) oneAPI Math Kernel Library Version 2021.4-Product Build 20210904 for Intel(R) 64 architecture applications
  - Intel(R) MKL-DNN v1.6.0 (Git Hash 5ef631a030a6f73131c77892041042805a06064f)
  - OpenMP 201511 (a.k.a. OpenMP 4.5)
  - NNPACK is enabled
  - CPU capability usage: AVX2
  - CUDA Runtime 10.1
  - NVCC architecture flags: -gencode;arch=compute_37,code=sm_37;-gencode;arch=compute_50,code=sm_50;-gencode;arch=compute_60,code=sm_60;-gencode;arch=compute_61,code=sm_61;-gencode;arch=compute_70,code=sm_70;-gencode;arch=compute_75,code=sm_75;-gencode;arch=compute_37,code=compute_37
  - CuDNN 7.6.3
  - Magma 2.5.2
  - Build settings: BLAS=MKL, BUILD_TYPE=Release, CXX_FLAGS= -Wno-deprecated -fvisibility-inlines-hidden -DUSE_PTHREADPOOL -fopenmp -DNDEBUG -DUSE_FBGEMM -DUSE_QNNPACK -DUSE_PYTORCH_QNNPACK -DUSE_XNNPACK -DUSE_VULKAN_WRAPPER -O2 -fPIC -Wno-narrowing -Wall -Wextra -Werror=return-type -Wno-missing-field-initializers -Wno-type-limits -Wno-array-bounds -Wno-unknown-pragmas -Wno-sign-compare -Wno-unused-parameter -Wno-unused-variable -Wno-unused-function -Wno-unused-result -Wno-unused-local-typedefs -Wno-strict-overflow -Wno-strict-aliasing -Wno-error=deprecated-declarations -Wno-stringop-overflow -Wno-psabi -Wno-error=pedantic -Wno-error=redundant-decls -Wno-error=old-style-cast -fdiagnostics-color=always -faligned-new -Wno-unused-but-set-variable -Wno-maybe-uninitialized -fno-math-errno -fno-trapping-math -Werror=format -Wno-stringop-overflow, PERF_WITH_AVX=1, PERF_WITH_AVX2=1, PERF_WITH_AVX512=1, USE_CUDA=ON, USE_EXCEPTION_PTR=1, USE_GFLAGS=OFF, USE_GLOG=OFF, USE_MKL=ON, USE_MKLDNN=ON, USE_MPI=OFF, USE_NCCL=ON, USE_NNPACK=ON, USE_OPENMP=ON, 

TorchVision: 0.8.2
OpenCV: 4.9.0
MMCV: 1.5.0
MMCV Compiler: GCC 11.4
MMCV CUDA Compiler: 11.8
MMClassification: 0.15.0+cd68008
------------------------------------------------------------

2024-03-06 16:01:41,127 - mmcls - INFO - Distributed training: False
2024-03-06 16:01:41,305 - mmcls - INFO - Config:
model = dict(
    type='ImageClassifier',
    backbone=dict(
        type='VGG',
        depth=19,
        norm_cfg=dict(type='BN', requires_grad=True),
        num_classes=17),
    neck=None,
    head=dict(
        type='ClsHead', loss=dict(type='CrossEntropyLoss', loss_weight=1.0)))
dataset_type = 'Flowers'
img_norm_cfg = dict(
    mean=[123.675, 116.28, 103.53], std=[58.395, 57.12, 57.375], to_rgb=True)
train_pipeline = [
    dict(type='LoadImageFromFile'),
    dict(type='RandomResizedCrop', size=224),
    dict(type='RandomFlip', flip_prob=0.5, direction='horizontal'),
    dict(
        type='Normalize',
        mean=[123.675, 116.28, 103.53],
        std=[58.395, 57.12, 57.375],
        to_rgb=True),
    dict(type='ImageToTensor', keys=['img']),
    dict(type='ToTensor', keys=['gt_label']),
    dict(type='Collect', keys=['img', 'gt_label'])
]
test_pipeline = [
    dict(type='LoadImageFromFile'),
    dict(type='Resize', size=(256, -1)),
    dict(type='CenterCrop', crop_size=224),
    dict(
        type='Normalize',
        mean=[123.675, 116.28, 103.53],
        std=[58.395, 57.12, 57.375],
        to_rgb=True),
    dict(type='ImageToTensor', keys=['img']),
    dict(type='Collect', keys=['img'])
]
data = dict(
    samples_per_gpu=16,
    workers_per_gpu=1,
    train=dict(
        type='Flowers',
        data_prefix='data/flowers/train',
        ann_file='data/flowers/meta/train.txt',
        pipeline=[
            dict(type='LoadImageFromFile'),
            dict(type='RandomResizedCrop', size=224),
            dict(type='RandomFlip', flip_prob=0.5, direction='horizontal'),
            dict(
                type='Normalize',
                mean=[123.675, 116.28, 103.53],
                std=[58.395, 57.12, 57.375],
                to_rgb=True),
            dict(type='ImageToTensor', keys=['img']),
            dict(type='ToTensor', keys=['gt_label']),
            dict(type='Collect', keys=['img', 'gt_label'])
        ]),
    val=dict(
        type='Flowers',
        data_prefix='data/flowers/val',
        ann_file='data/flowers/meta/val.txt',
        pipeline=[
            dict(type='LoadImageFromFile'),
            dict(type='Resize', size=(256, -1)),
            dict(type='CenterCrop', crop_size=224),
            dict(
                type='Normalize',
                mean=[123.675, 116.28, 103.53],
                std=[58.395, 57.12, 57.375],
                to_rgb=True),
            dict(type='ImageToTensor', keys=['img']),
            dict(type='Collect', keys=['img'])
        ]),
    test=dict(
        type='Flowers',
        data_prefix='data/flowers/test',
        ann_file='data/flowers/meta/test.txt',
        pipeline=[
            dict(type='LoadImageFromFile'),
            dict(type='Resize', size=(256, -1)),
            dict(type='CenterCrop', crop_size=224),
            dict(
                type='Normalize',
                mean=[123.675, 116.28, 103.53],
                std=[58.395, 57.12, 57.375],
                to_rgb=True),
            dict(type='ImageToTensor', keys=['img']),
            dict(type='Collect', keys=['img'])
        ]))
evaluation = dict(interval=1, metric='accuracy')
optimizer = dict(type='SGD', lr=0.01, momentum=0.9, weight_decay=0.0001)
optimizer_config = dict(grad_clip=None)
lr_config = dict(policy='step', step=[100, 150])
runner = dict(type='EpochBasedRunner', max_epochs=200)
checkpoint_config = dict(interval=100)
log_config = dict(interval=100, hooks=[dict(type='TextLoggerHook')])
dist_params = dict(backend='nccl')
log_level = 'INFO'
load_from = None
resume_from = None
workflow = [('train', 1)]
work_dir = 'output/vgg19/vgg19_flowers_bs16_lr0.01'
gpu_ids = range(0, 1)

2024-03-06 16:01:42,810 - mmcls - INFO - initialize VGG with init_cfg [{'type': 'Kaiming', 'layer': ['Conv2d']}, {'type': 'Constant', 'val': 1.0, 'layer': ['_BatchNorm']}, {'type': 'Normal', 'std': 0.01, 'layer': ['Linear']}]
Name of parameter - Initialization information

backbone.features.0.conv.weight - torch.Size([64, 3, 3, 3]): 
KaimingInit: a=0, mode=fan_out, nonlinearity=relu, distribution =normal, bias=0 

backbone.features.0.conv.bias - torch.Size([64]): 
The value is the same before and after calling `init_weights` of ImageClassifier  

backbone.features.0.bn.weight - torch.Size([64]): 
The value is the same before and after calling `init_weights` of ImageClassifier  

backbone.features.0.bn.bias - torch.Size([64]): 
The value is the same before and after calling `init_weights` of ImageClassifier  

backbone.features.1.conv.weight - torch.Size([64, 64, 3, 3]): 
KaimingInit: a=0, mode=fan_out, nonlinearity=relu, distribution =normal, bias=0 

backbone.features.1.conv.bias - torch.Size([64]): 
The value is the same before and after calling `init_weights` of ImageClassifier  

backbone.features.1.bn.weight - torch.Size([64]): 
The value is the same before and after calling `init_weights` of ImageClassifier  

backbone.features.1.bn.bias - torch.Size([64]): 
The value is the same before and after calling `init_weights` of ImageClassifier  

backbone.features.3.conv.weight - torch.Size([128, 64, 3, 3]): 
KaimingInit: a=0, mode=fan_out, nonlinearity=relu, distribution =normal, bias=0 

backbone.features.3.conv.bias - torch.Size([128]): 
The value is the same before and after calling `init_weights` of ImageClassifier  

backbone.features.3.bn.weight - torch.Size([128]): 
The value is the same before and after calling `init_weights` of ImageClassifier  

backbone.features.3.bn.bias - torch.Size([128]): 
The value is the same before and after calling `init_weights` of ImageClassifier  

backbone.features.4.conv.weight - torch.Size([128, 128, 3, 3]): 
KaimingInit: a=0, mode=fan_out, nonlinearity=relu, distribution =normal, bias=0 

backbone.features.4.conv.bias - torch.Size([128]): 
The value is the same before and after calling `init_weights` of ImageClassifier  

backbone.features.4.bn.weight - torch.Size([128]): 
The value is the same before and after calling `init_weights` of ImageClassifier  

backbone.features.4.bn.bias - torch.Size([128]): 
The value is the same before and after calling `init_weights` of ImageClassifier  

backbone.features.6.conv.weight - torch.Size([256, 128, 3, 3]): 
KaimingInit: a=0, mode=fan_out, nonlinearity=relu, distribution =normal, bias=0 

backbone.features.6.conv.bias - torch.Size([256]): 
The value is the same before and after calling `init_weights` of ImageClassifier  

backbone.features.6.bn.weight - torch.Size([256]): 
The value is the same before and after calling `init_weights` of ImageClassifier  

backbone.features.6.bn.bias - torch.Size([256]): 
The value is the same before and after calling `init_weights` of ImageClassifier  

backbone.features.7.conv.weight - torch.Size([256, 256, 3, 3]): 
KaimingInit: a=0, mode=fan_out, nonlinearity=relu, distribution =normal, bias=0 

backbone.features.7.conv.bias - torch.Size([256]): 
The value is the same before and after calling `init_weights` of ImageClassifier  

backbone.features.7.bn.weight - torch.Size([256]): 
The value is the same before and after calling `init_weights` of ImageClassifier  

backbone.features.7.bn.bias - torch.Size([256]): 
The value is the same before and after calling `init_weights` of ImageClassifier  

backbone.features.8.conv.weight - torch.Size([256, 256, 3, 3]): 
KaimingInit: a=0, mode=fan_out, nonlinearity=relu, distribution =normal, bias=0 

backbone.features.8.conv.bias - torch.Size([256]): 
The value is the same before and after calling `init_weights` of ImageClassifier  

backbone.features.8.bn.weight - torch.Size([256]): 
The value is the same before and after calling `init_weights` of ImageClassifier  

backbone.features.8.bn.bias - torch.Size([256]): 
The value is the same before and after calling `init_weights` of ImageClassifier  

backbone.features.9.conv.weight - torch.Size([256, 256, 3, 3]): 
KaimingInit: a=0, mode=fan_out, nonlinearity=relu, distribution =normal, bias=0 

backbone.features.9.conv.bias - torch.Size([256]): 
The value is the same before and after calling `init_weights` of ImageClassifier  

backbone.features.9.bn.weight - torch.Size([256]): 
The value is the same before and after calling `init_weights` of ImageClassifier  

backbone.features.9.bn.bias - torch.Size([256]): 
The value is the same before and after calling `init_weights` of ImageClassifier  

backbone.features.11.conv.weight - torch.Size([512, 256, 3, 3]): 
KaimingInit: a=0, mode=fan_out, nonlinearity=relu, distribution =normal, bias=0 

backbone.features.11.conv.bias - torch.Size([512]): 
The value is the same before and after calling `init_weights` of ImageClassifier  

backbone.features.11.bn.weight - torch.Size([512]): 
The value is the same before and after calling `init_weights` of ImageClassifier  

backbone.features.11.bn.bias - torch.Size([512]): 
The value is the same before and after calling `init_weights` of ImageClassifier  

backbone.features.12.conv.weight - torch.Size([512, 512, 3, 3]): 
KaimingInit: a=0, mode=fan_out, nonlinearity=relu, distribution =normal, bias=0 

backbone.features.12.conv.bias - torch.Size([512]): 
The value is the same before and after calling `init_weights` of ImageClassifier  

backbone.features.12.bn.weight - torch.Size([512]): 
The value is the same before and after calling `init_weights` of ImageClassifier  

backbone.features.12.bn.bias - torch.Size([512]): 
The value is the same before and after calling `init_weights` of ImageClassifier  

backbone.features.13.conv.weight - torch.Size([512, 512, 3, 3]): 
KaimingInit: a=0, mode=fan_out, nonlinearity=relu, distribution =normal, bias=0 

backbone.features.13.conv.bias - torch.Size([512]): 
The value is the same before and after calling `init_weights` of ImageClassifier  

backbone.features.13.bn.weight - torch.Size([512]): 
The value is the same before and after calling `init_weights` of ImageClassifier  

backbone.features.13.bn.bias - torch.Size([512]): 
The value is the same before and after calling `init_weights` of ImageClassifier  

backbone.features.14.conv.weight - torch.Size([512, 512, 3, 3]): 
KaimingInit: a=0, mode=fan_out, nonlinearity=relu, distribution =normal, bias=0 

backbone.features.14.conv.bias - torch.Size([512]): 
The value is the same before and after calling `init_weights` of ImageClassifier  

backbone.features.14.bn.weight - torch.Size([512]): 
The value is the same before and after calling `init_weights` of ImageClassifier  

backbone.features.14.bn.bias - torch.Size([512]): 
The value is the same before and after calling `init_weights` of ImageClassifier  

backbone.features.16.conv.weight - torch.Size([512, 512, 3, 3]): 
KaimingInit: a=0, mode=fan_out, nonlinearity=relu, distribution =normal, bias=0 

backbone.features.16.conv.bias - torch.Size([512]): 
The value is the same before and after calling `init_weights` of ImageClassifier  

backbone.features.16.bn.weight - torch.Size([512]): 
The value is the same before and after calling `init_weights` of ImageClassifier  

backbone.features.16.bn.bias - torch.Size([512]): 
The value is the same before and after calling `init_weights` of ImageClassifier  

backbone.features.17.conv.weight - torch.Size([512, 512, 3, 3]): 
KaimingInit: a=0, mode=fan_out, nonlinearity=relu, distribution =normal, bias=0 

backbone.features.17.conv.bias - torch.Size([512]): 
The value is the same before and after calling `init_weights` of ImageClassifier  

backbone.features.17.bn.weight - torch.Size([512]): 
The value is the same before and after calling `init_weights` of ImageClassifier  

backbone.features.17.bn.bias - torch.Size([512]): 
The value is the same before and after calling `init_weights` of ImageClassifier  

backbone.features.18.conv.weight - torch.Size([512, 512, 3, 3]): 
KaimingInit: a=0, mode=fan_out, nonlinearity=relu, distribution =normal, bias=0 

backbone.features.18.conv.bias - torch.Size([512]): 
The value is the same before and after calling `init_weights` of ImageClassifier  

backbone.features.18.bn.weight - torch.Size([512]): 
The value is the same before and after calling `init_weights` of ImageClassifier  

backbone.features.18.bn.bias - torch.Size([512]): 
The value is the same before and after calling `init_weights` of ImageClassifier  

backbone.features.19.conv.weight - torch.Size([512, 512, 3, 3]): 
KaimingInit: a=0, mode=fan_out, nonlinearity=relu, distribution =normal, bias=0 

backbone.features.19.conv.bias - torch.Size([512]): 
The value is the same before and after calling `init_weights` of ImageClassifier  

backbone.features.19.bn.weight - torch.Size([512]): 
The value is the same before and after calling `init_weights` of ImageClassifier  

backbone.features.19.bn.bias - torch.Size([512]): 
The value is the same before and after calling `init_weights` of ImageClassifier  

backbone.classifier.0.weight - torch.Size([4096, 25088]): 
NormalInit: mean=0, std=0.01, bias=0 

backbone.classifier.0.bias - torch.Size([4096]): 
NormalInit: mean=0, std=0.01, bias=0 

backbone.classifier.3.weight - torch.Size([4096, 4096]): 
NormalInit: mean=0, std=0.01, bias=0 

backbone.classifier.3.bias - torch.Size([4096]): 
NormalInit: mean=0, std=0.01, bias=0 

backbone.classifier.6.weight - torch.Size([17, 4096]): 
NormalInit: mean=0, std=0.01, bias=0 

backbone.classifier.6.bias - torch.Size([17]): 
NormalInit: mean=0, std=0.01, bias=0 
2024-03-06 16:01:47,854 - mmcls - INFO - Start running, host: cshtimmy@gpu2-comp-100, work_dir: /userhome/cs2/cshtimmy/COMP3340Project/CNN_Image_Classification_Code/output/vgg19/vgg19_flowers_bs16_lr0.01
2024-03-06 16:01:47,855 - mmcls - INFO - Hooks will be executed in the following order:
before_run:
(VERY_HIGH   ) StepLrUpdaterHook                  
(NORMAL      ) CheckpointHook                     
(NORMAL      ) EvalHook                           
(VERY_LOW    ) TextLoggerHook                     
 -------------------- 
before_train_epoch:
(VERY_HIGH   ) StepLrUpdaterHook                  
(NORMAL      ) EvalHook                           
(LOW         ) IterTimerHook                      
(VERY_LOW    ) TextLoggerHook                     
 -------------------- 
before_train_iter:
(VERY_HIGH   ) StepLrUpdaterHook                  
(NORMAL      ) EvalHook                           
(LOW         ) IterTimerHook                      
 -------------------- 
after_train_iter:
(ABOVE_NORMAL) OptimizerHook                      
(NORMAL      ) CheckpointHook                     
(NORMAL      ) EvalHook                           
(LOW         ) IterTimerHook                      
(VERY_LOW    ) TextLoggerHook                     
 -------------------- 
after_train_epoch:
(NORMAL      ) CheckpointHook                     
(NORMAL      ) EvalHook                           
(VERY_LOW    ) TextLoggerHook                     
 -------------------- 
before_val_epoch:
(LOW         ) IterTimerHook                      
(VERY_LOW    ) TextLoggerHook                     
 -------------------- 
before_val_iter:
(LOW         ) IterTimerHook                      
 -------------------- 
after_val_iter:
(LOW         ) IterTimerHook                      
 -------------------- 
after_val_epoch:
(VERY_LOW    ) TextLoggerHook                     
 -------------------- 
after_run:
(VERY_LOW    ) TextLoggerHook                     
 -------------------- 
2024-03-06 16:01:47,855 - mmcls - INFO - workflow: [('train', 1)], max: 200 epochs
2024-03-06 16:01:47,855 - mmcls - INFO - Checkpoints will be saved to /userhome/cs2/cshtimmy/COMP3340Project/CNN_Image_Classification_Code/output/vgg19/vgg19_flowers_bs16_lr0.01 by HardDiskBackend.
2024-03-06 16:02:00,833 - mmcls - INFO - Epoch(val) [1][9]	accuracy_top-1: 5.1471, accuracy_top-5: 8.8235
2024-03-06 16:02:13,427 - mmcls - INFO - Epoch(val) [2][9]	accuracy_top-1: 5.8824, accuracy_top-5: 28.6765
2024-03-06 16:02:26,235 - mmcls - INFO - Epoch(val) [3][9]	accuracy_top-1: 6.6176, accuracy_top-5: 34.5588
2024-03-06 16:02:39,205 - mmcls - INFO - Epoch(val) [4][9]	accuracy_top-1: 5.8824, accuracy_top-5: 28.6765
2024-03-06 16:02:51,973 - mmcls - INFO - Epoch(val) [5][9]	accuracy_top-1: 5.8824, accuracy_top-5: 28.6765
2024-03-06 16:03:04,761 - mmcls - INFO - Epoch(val) [6][9]	accuracy_top-1: 5.8824, accuracy_top-5: 27.9412
2024-03-06 16:03:17,558 - mmcls - INFO - Epoch(val) [7][9]	accuracy_top-1: 5.8824, accuracy_top-5: 28.6765
2024-03-06 16:03:30,562 - mmcls - INFO - Epoch(val) [8][9]	accuracy_top-1: 5.8824, accuracy_top-5: 28.6765
2024-03-06 16:03:43,553 - mmcls - INFO - Epoch(val) [9][9]	accuracy_top-1: 5.8824, accuracy_top-5: 29.4118
2024-03-06 16:03:56,318 - mmcls - INFO - Epoch(val) [10][9]	accuracy_top-1: 5.8824, accuracy_top-5: 29.4118
2024-03-06 16:04:09,132 - mmcls - INFO - Epoch(val) [11][9]	accuracy_top-1: 5.8824, accuracy_top-5: 28.6765
2024-03-06 16:04:21,908 - mmcls - INFO - Epoch(val) [12][9]	accuracy_top-1: 5.8824, accuracy_top-5: 29.4118
2024-03-06 16:04:34,704 - mmcls - INFO - Epoch(val) [13][9]	accuracy_top-1: 5.8824, accuracy_top-5: 29.4118
2024-03-06 16:04:47,495 - mmcls - INFO - Epoch(val) [14][9]	accuracy_top-1: 5.8824, accuracy_top-5: 28.6765
2024-03-06 16:05:00,312 - mmcls - INFO - Epoch(val) [15][9]	accuracy_top-1: 5.8824, accuracy_top-5: 28.6765
2024-03-06 16:05:13,098 - mmcls - INFO - Epoch(val) [16][9]	accuracy_top-1: 5.8824, accuracy_top-5: 29.4118
2024-03-06 16:05:25,971 - mmcls - INFO - Epoch(val) [17][9]	accuracy_top-1: 5.8824, accuracy_top-5: 29.4118
2024-03-06 16:05:38,765 - mmcls - INFO - Epoch(val) [18][9]	accuracy_top-1: 5.8824, accuracy_top-5: 28.6765
2024-03-06 16:05:51,615 - mmcls - INFO - Epoch(val) [19][9]	accuracy_top-1: 5.8824, accuracy_top-5: 28.6765
2024-03-06 16:06:04,353 - mmcls - INFO - Epoch(val) [20][9]	accuracy_top-1: 7.3529, accuracy_top-5: 29.4118
2024-03-06 16:06:17,268 - mmcls - INFO - Epoch(val) [21][9]	accuracy_top-1: 5.8824, accuracy_top-5: 29.4118
2024-03-06 16:06:29,928 - mmcls - INFO - Epoch(val) [22][9]	accuracy_top-1: 5.8824, accuracy_top-5: 29.4118
2024-03-06 16:06:42,780 - mmcls - INFO - Epoch(val) [23][9]	accuracy_top-1: 5.8824, accuracy_top-5: 28.6765
2024-03-06 16:06:55,570 - mmcls - INFO - Epoch(val) [24][9]	accuracy_top-1: 5.8824, accuracy_top-5: 28.6765
2024-03-06 16:07:08,318 - mmcls - INFO - Epoch(val) [25][9]	accuracy_top-1: 5.8824, accuracy_top-5: 28.6765
2024-03-06 16:07:21,231 - mmcls - INFO - Epoch(val) [26][9]	accuracy_top-1: 5.8824, accuracy_top-5: 28.6765
2024-03-06 16:07:34,040 - mmcls - INFO - Epoch(val) [27][9]	accuracy_top-1: 5.8824, accuracy_top-5: 28.6765
2024-03-06 16:07:46,950 - mmcls - INFO - Epoch(val) [28][9]	accuracy_top-1: 5.8824, accuracy_top-5: 29.4118
2024-03-06 16:07:59,912 - mmcls - INFO - Epoch(val) [29][9]	accuracy_top-1: 5.8824, accuracy_top-5: 29.4118
2024-03-06 16:08:12,626 - mmcls - INFO - Epoch(val) [30][9]	accuracy_top-1: 5.8824, accuracy_top-5: 29.4118
2024-03-06 16:08:25,291 - mmcls - INFO - Epoch(val) [31][9]	accuracy_top-1: 5.8824, accuracy_top-5: 29.4118
2024-03-06 16:08:37,855 - mmcls - INFO - Epoch(val) [32][9]	accuracy_top-1: 5.8824, accuracy_top-5: 28.6765
2024-03-06 16:08:50,653 - mmcls - INFO - Epoch(val) [33][9]	accuracy_top-1: 5.8824, accuracy_top-5: 28.6765
2024-03-06 16:09:03,535 - mmcls - INFO - Epoch(val) [34][9]	accuracy_top-1: 5.8824, accuracy_top-5: 29.4118
2024-03-06 16:09:16,370 - mmcls - INFO - Epoch(val) [35][9]	accuracy_top-1: 5.8824, accuracy_top-5: 28.6765
2024-03-06 16:09:29,107 - mmcls - INFO - Epoch(val) [36][9]	accuracy_top-1: 5.8824, accuracy_top-5: 29.4118
2024-03-06 16:09:41,981 - mmcls - INFO - Epoch(val) [37][9]	accuracy_top-1: 5.8824, accuracy_top-5: 29.4118
2024-03-06 16:09:54,842 - mmcls - INFO - Epoch(val) [38][9]	accuracy_top-1: 5.8824, accuracy_top-5: 29.4118
2024-03-06 16:10:07,871 - mmcls - INFO - Epoch(val) [39][9]	accuracy_top-1: 5.8824, accuracy_top-5: 29.4118
2024-03-06 16:10:20,610 - mmcls - INFO - Epoch(val) [40][9]	accuracy_top-1: 5.8824, accuracy_top-5: 29.4118
2024-03-06 16:10:33,272 - mmcls - INFO - Epoch(val) [41][9]	accuracy_top-1: 5.8824, accuracy_top-5: 29.4118
2024-03-06 16:10:45,968 - mmcls - INFO - Epoch(val) [42][9]	accuracy_top-1: 5.1471, accuracy_top-5: 28.6765
2024-03-06 16:10:58,645 - mmcls - INFO - Epoch(val) [43][9]	accuracy_top-1: 5.8824, accuracy_top-5: 29.4118
2024-03-06 16:11:11,346 - mmcls - INFO - Epoch(val) [44][9]	accuracy_top-1: 5.8824, accuracy_top-5: 29.4118
2024-03-06 16:11:24,144 - mmcls - INFO - Epoch(val) [45][9]	accuracy_top-1: 5.8824, accuracy_top-5: 29.4118
2024-03-06 16:11:37,095 - mmcls - INFO - Epoch(val) [46][9]	accuracy_top-1: 5.8824, accuracy_top-5: 29.4118
2024-03-06 16:11:49,896 - mmcls - INFO - Epoch(val) [47][9]	accuracy_top-1: 5.8824, accuracy_top-5: 29.4118
2024-03-06 16:12:02,680 - mmcls - INFO - Epoch(val) [48][9]	accuracy_top-1: 5.8824, accuracy_top-5: 28.6765
2024-03-06 16:12:15,495 - mmcls - INFO - Epoch(val) [49][9]	accuracy_top-1: 5.8824, accuracy_top-5: 29.4118
2024-03-06 16:12:28,195 - mmcls - INFO - Epoch(val) [50][9]	accuracy_top-1: 5.8824, accuracy_top-5: 29.4118
2024-03-06 16:12:40,932 - mmcls - INFO - Epoch(val) [51][9]	accuracy_top-1: 5.8824, accuracy_top-5: 29.4118
2024-03-06 16:12:53,533 - mmcls - INFO - Epoch(val) [52][9]	accuracy_top-1: 5.8824, accuracy_top-5: 29.4118
2024-03-06 16:13:06,362 - mmcls - INFO - Epoch(val) [53][9]	accuracy_top-1: 5.8824, accuracy_top-5: 29.4118
2024-03-06 16:13:19,184 - mmcls - INFO - Epoch(val) [54][9]	accuracy_top-1: 5.8824, accuracy_top-5: 29.4118
2024-03-06 16:13:31,966 - mmcls - INFO - Epoch(val) [55][9]	accuracy_top-1: 5.8824, accuracy_top-5: 29.4118
2024-03-06 16:13:44,713 - mmcls - INFO - Epoch(val) [56][9]	accuracy_top-1: 5.1471, accuracy_top-5: 28.6765
2024-03-06 16:13:57,489 - mmcls - INFO - Epoch(val) [57][9]	accuracy_top-1: 5.8824, accuracy_top-5: 29.4118
2024-03-06 16:14:10,273 - mmcls - INFO - Epoch(val) [58][9]	accuracy_top-1: 5.8824, accuracy_top-5: 29.4118
2024-03-06 16:14:23,015 - mmcls - INFO - Epoch(val) [59][9]	accuracy_top-1: 5.8824, accuracy_top-5: 28.6765
2024-03-06 16:14:35,700 - mmcls - INFO - Epoch(val) [60][9]	accuracy_top-1: 5.8824, accuracy_top-5: 30.1471
2024-03-06 16:14:48,441 - mmcls - INFO - Epoch(val) [61][9]	accuracy_top-1: 5.8824, accuracy_top-5: 29.4118
2024-03-06 16:15:01,224 - mmcls - INFO - Epoch(val) [62][9]	accuracy_top-1: 5.8824, accuracy_top-5: 29.4118
2024-03-06 16:15:14,010 - mmcls - INFO - Epoch(val) [63][9]	accuracy_top-1: 5.8824, accuracy_top-5: 29.4118
2024-03-06 16:15:26,806 - mmcls - INFO - Epoch(val) [64][9]	accuracy_top-1: 5.8824, accuracy_top-5: 29.4118
2024-03-06 16:15:39,684 - mmcls - INFO - Epoch(val) [65][9]	accuracy_top-1: 5.8824, accuracy_top-5: 28.6765
2024-03-06 16:15:52,438 - mmcls - INFO - Epoch(val) [66][9]	accuracy_top-1: 5.8824, accuracy_top-5: 29.4118
2024-03-06 16:16:05,225 - mmcls - INFO - Epoch(val) [67][9]	accuracy_top-1: 5.8824, accuracy_top-5: 29.4118
2024-03-06 16:16:18,022 - mmcls - INFO - Epoch(val) [68][9]	accuracy_top-1: 5.8824, accuracy_top-5: 29.4118
2024-03-06 16:16:30,866 - mmcls - INFO - Epoch(val) [69][9]	accuracy_top-1: 5.8824, accuracy_top-5: 28.6765
2024-03-06 16:16:43,582 - mmcls - INFO - Epoch(val) [70][9]	accuracy_top-1: 5.8824, accuracy_top-5: 29.4118
2024-03-06 16:16:56,442 - mmcls - INFO - Epoch(val) [71][9]	accuracy_top-1: 5.1471, accuracy_top-5: 28.6765
2024-03-06 16:17:09,229 - mmcls - INFO - Epoch(val) [72][9]	accuracy_top-1: 5.8824, accuracy_top-5: 29.4118
2024-03-06 16:17:21,976 - mmcls - INFO - Epoch(val) [73][9]	accuracy_top-1: 5.8824, accuracy_top-5: 29.4118
2024-03-06 16:17:34,745 - mmcls - INFO - Epoch(val) [74][9]	accuracy_top-1: 5.8824, accuracy_top-5: 29.4118
2024-03-06 16:17:47,436 - mmcls - INFO - Epoch(val) [75][9]	accuracy_top-1: 5.1471, accuracy_top-5: 29.4118
2024-03-06 16:18:00,183 - mmcls - INFO - Epoch(val) [76][9]	accuracy_top-1: 5.8824, accuracy_top-5: 29.4118
2024-03-06 16:18:12,893 - mmcls - INFO - Epoch(val) [77][9]	accuracy_top-1: 5.8824, accuracy_top-5: 29.4118
2024-03-06 16:18:25,509 - mmcls - INFO - Epoch(val) [78][9]	accuracy_top-1: 5.8824, accuracy_top-5: 29.4118
2024-03-06 16:18:38,263 - mmcls - INFO - Epoch(val) [79][9]	accuracy_top-1: 5.8824, accuracy_top-5: 29.4118
2024-03-06 16:18:51,014 - mmcls - INFO - Epoch(val) [80][9]	accuracy_top-1: 5.8824, accuracy_top-5: 29.4118
2024-03-06 16:19:03,663 - mmcls - INFO - Epoch(val) [81][9]	accuracy_top-1: 5.8824, accuracy_top-5: 29.4118
2024-03-06 16:19:16,444 - mmcls - INFO - Epoch(val) [82][9]	accuracy_top-1: 5.1471, accuracy_top-5: 29.4118
2024-03-06 16:19:29,359 - mmcls - INFO - Epoch(val) [83][9]	accuracy_top-1: 5.8824, accuracy_top-5: 29.4118
2024-03-06 16:19:42,032 - mmcls - INFO - Epoch(val) [84][9]	accuracy_top-1: 5.8824, accuracy_top-5: 29.4118
2024-03-06 16:19:54,832 - mmcls - INFO - Epoch(val) [85][9]	accuracy_top-1: 5.8824, accuracy_top-5: 29.4118
2024-03-06 16:20:07,394 - mmcls - INFO - Epoch(val) [86][9]	accuracy_top-1: 5.8824, accuracy_top-5: 29.4118
2024-03-06 16:20:20,065 - mmcls - INFO - Epoch(val) [87][9]	accuracy_top-1: 5.8824, accuracy_top-5: 29.4118
2024-03-06 16:20:32,848 - mmcls - INFO - Epoch(val) [88][9]	accuracy_top-1: 5.8824, accuracy_top-5: 29.4118
2024-03-06 16:20:45,654 - mmcls - INFO - Epoch(val) [89][9]	accuracy_top-1: 5.8824, accuracy_top-5: 29.4118
2024-03-06 16:20:58,453 - mmcls - INFO - Epoch(val) [90][9]	accuracy_top-1: 5.8824, accuracy_top-5: 29.4118
2024-03-06 16:21:11,373 - mmcls - INFO - Epoch(val) [91][9]	accuracy_top-1: 5.8824, accuracy_top-5: 29.4118
2024-03-06 16:21:24,234 - mmcls - INFO - Epoch(val) [92][9]	accuracy_top-1: 5.8824, accuracy_top-5: 29.4118
2024-03-06 16:21:37,117 - mmcls - INFO - Epoch(val) [93][9]	accuracy_top-1: 5.8824, accuracy_top-5: 29.4118
2024-03-06 16:21:49,956 - mmcls - INFO - Epoch(val) [94][9]	accuracy_top-1: 5.8824, accuracy_top-5: 29.4118
2024-03-06 16:22:02,741 - mmcls - INFO - Epoch(val) [95][9]	accuracy_top-1: 5.8824, accuracy_top-5: 29.4118
2024-03-06 16:22:15,535 - mmcls - INFO - Epoch(val) [96][9]	accuracy_top-1: 5.8824, accuracy_top-5: 29.4118
2024-03-06 16:22:28,370 - mmcls - INFO - Epoch(val) [97][9]	accuracy_top-1: 5.8824, accuracy_top-5: 28.6765
2024-03-06 16:22:41,232 - mmcls - INFO - Epoch(val) [98][9]	accuracy_top-1: 5.8824, accuracy_top-5: 29.4118
2024-03-06 16:22:53,817 - mmcls - INFO - Epoch(val) [99][9]	accuracy_top-1: 5.8824, accuracy_top-5: 29.4118
2024-03-06 16:23:05,348 - mmcls - INFO - Saving checkpoint at 100 epochs
2024-03-06 16:23:13,687 - mmcls - INFO - Epoch(val) [100][9]	accuracy_top-1: 5.8824, accuracy_top-5: 28.6765
2024-03-06 16:23:26,392 - mmcls - INFO - Epoch(val) [101][9]	accuracy_top-1: 5.8824, accuracy_top-5: 29.4118
2024-03-06 16:23:38,947 - mmcls - INFO - Epoch(val) [102][9]	accuracy_top-1: 5.8824, accuracy_top-5: 28.6765
2024-03-06 16:23:51,663 - mmcls - INFO - Epoch(val) [103][9]	accuracy_top-1: 5.8824, accuracy_top-5: 28.6765
2024-03-06 16:24:04,307 - mmcls - INFO - Epoch(val) [104][9]	accuracy_top-1: 5.8824, accuracy_top-5: 29.4118
2024-03-06 16:24:17,020 - mmcls - INFO - Epoch(val) [105][9]	accuracy_top-1: 5.8824, accuracy_top-5: 29.4118
2024-03-06 16:24:29,871 - mmcls - INFO - Epoch(val) [106][9]	accuracy_top-1: 5.8824, accuracy_top-5: 29.4118
2024-03-06 16:24:42,494 - mmcls - INFO - Epoch(val) [107][9]	accuracy_top-1: 5.8824, accuracy_top-5: 29.4118
2024-03-06 16:24:55,424 - mmcls - INFO - Epoch(val) [108][9]	accuracy_top-1: 5.8824, accuracy_top-5: 29.4118
2024-03-06 16:25:08,208 - mmcls - INFO - Epoch(val) [109][9]	accuracy_top-1: 5.8824, accuracy_top-5: 29.4118
2024-03-06 16:25:20,980 - mmcls - INFO - Epoch(val) [110][9]	accuracy_top-1: 5.8824, accuracy_top-5: 29.4118
2024-03-06 16:25:33,709 - mmcls - INFO - Epoch(val) [111][9]	accuracy_top-1: 5.8824, accuracy_top-5: 29.4118
2024-03-06 16:25:46,337 - mmcls - INFO - Epoch(val) [112][9]	accuracy_top-1: 5.8824, accuracy_top-5: 29.4118
2024-03-06 16:25:59,044 - mmcls - INFO - Epoch(val) [113][9]	accuracy_top-1: 5.8824, accuracy_top-5: 28.6765
2024-03-06 16:26:11,937 - mmcls - INFO - Epoch(val) [114][9]	accuracy_top-1: 5.8824, accuracy_top-5: 28.6765
2024-03-06 16:26:24,486 - mmcls - INFO - Epoch(val) [115][9]	accuracy_top-1: 5.8824, accuracy_top-5: 29.4118
2024-03-06 16:26:37,246 - mmcls - INFO - Epoch(val) [116][9]	accuracy_top-1: 5.8824, accuracy_top-5: 30.1471
2024-03-06 16:26:50,088 - mmcls - INFO - Epoch(val) [117][9]	accuracy_top-1: 5.8824, accuracy_top-5: 28.6765
2024-03-06 16:27:02,908 - mmcls - INFO - Epoch(val) [118][9]	accuracy_top-1: 5.8824, accuracy_top-5: 29.4118
2024-03-06 16:27:15,717 - mmcls - INFO - Epoch(val) [119][9]	accuracy_top-1: 5.8824, accuracy_top-5: 29.4118
2024-03-06 16:27:28,478 - mmcls - INFO - Epoch(val) [120][9]	accuracy_top-1: 5.8824, accuracy_top-5: 29.4118
2024-03-06 16:27:41,271 - mmcls - INFO - Epoch(val) [121][9]	accuracy_top-1: 5.8824, accuracy_top-5: 28.6765
2024-03-06 16:27:54,299 - mmcls - INFO - Epoch(val) [122][9]	accuracy_top-1: 5.8824, accuracy_top-5: 29.4118
2024-03-06 16:28:07,099 - mmcls - INFO - Epoch(val) [123][9]	accuracy_top-1: 5.8824, accuracy_top-5: 29.4118
2024-03-06 16:28:19,895 - mmcls - INFO - Epoch(val) [124][9]	accuracy_top-1: 5.8824, accuracy_top-5: 28.6765
2024-03-06 16:28:32,663 - mmcls - INFO - Epoch(val) [125][9]	accuracy_top-1: 5.8824, accuracy_top-5: 29.4118
2024-03-06 16:28:45,502 - mmcls - INFO - Epoch(val) [126][9]	accuracy_top-1: 5.8824, accuracy_top-5: 28.6765
2024-03-06 16:28:58,274 - mmcls - INFO - Epoch(val) [127][9]	accuracy_top-1: 5.8824, accuracy_top-5: 29.4118
2024-03-06 16:29:10,959 - mmcls - INFO - Epoch(val) [128][9]	accuracy_top-1: 5.8824, accuracy_top-5: 29.4118
2024-03-06 16:29:23,761 - mmcls - INFO - Epoch(val) [129][9]	accuracy_top-1: 5.8824, accuracy_top-5: 29.4118
2024-03-06 16:29:36,513 - mmcls - INFO - Epoch(val) [130][9]	accuracy_top-1: 5.8824, accuracy_top-5: 29.4118
2024-03-06 16:29:49,342 - mmcls - INFO - Epoch(val) [131][9]	accuracy_top-1: 5.8824, accuracy_top-5: 28.6765
2024-03-06 16:30:02,199 - mmcls - INFO - Epoch(val) [132][9]	accuracy_top-1: 5.8824, accuracy_top-5: 29.4118
2024-03-06 16:30:15,015 - mmcls - INFO - Epoch(val) [133][9]	accuracy_top-1: 5.8824, accuracy_top-5: 29.4118
2024-03-06 16:30:27,772 - mmcls - INFO - Epoch(val) [134][9]	accuracy_top-1: 5.8824, accuracy_top-5: 29.4118
2024-03-06 16:30:40,513 - mmcls - INFO - Epoch(val) [135][9]	accuracy_top-1: 5.8824, accuracy_top-5: 28.6765
2024-03-06 16:30:53,277 - mmcls - INFO - Epoch(val) [136][9]	accuracy_top-1: 5.8824, accuracy_top-5: 28.6765
2024-03-06 16:31:05,992 - mmcls - INFO - Epoch(val) [137][9]	accuracy_top-1: 5.8824, accuracy_top-5: 29.4118
2024-03-06 16:31:18,723 - mmcls - INFO - Epoch(val) [138][9]	accuracy_top-1: 5.8824, accuracy_top-5: 28.6765
2024-03-06 16:31:31,444 - mmcls - INFO - Epoch(val) [139][9]	accuracy_top-1: 5.8824, accuracy_top-5: 28.6765
2024-03-06 16:31:44,072 - mmcls - INFO - Epoch(val) [140][9]	accuracy_top-1: 5.8824, accuracy_top-5: 29.4118
2024-03-06 16:31:56,923 - mmcls - INFO - Epoch(val) [141][9]	accuracy_top-1: 5.8824, accuracy_top-5: 29.4118
2024-03-06 16:32:09,781 - mmcls - INFO - Epoch(val) [142][9]	accuracy_top-1: 5.8824, accuracy_top-5: 29.4118
2024-03-06 16:32:22,497 - mmcls - INFO - Epoch(val) [143][9]	accuracy_top-1: 5.8824, accuracy_top-5: 29.4118
2024-03-06 16:32:35,326 - mmcls - INFO - Epoch(val) [144][9]	accuracy_top-1: 5.8824, accuracy_top-5: 29.4118
2024-03-06 16:32:47,991 - mmcls - INFO - Epoch(val) [145][9]	accuracy_top-1: 5.8824, accuracy_top-5: 29.4118
2024-03-06 16:33:00,678 - mmcls - INFO - Epoch(val) [146][9]	accuracy_top-1: 5.8824, accuracy_top-5: 29.4118
2024-03-06 16:33:13,483 - mmcls - INFO - Epoch(val) [147][9]	accuracy_top-1: 5.1471, accuracy_top-5: 28.6765
2024-03-06 16:33:26,194 - mmcls - INFO - Epoch(val) [148][9]	accuracy_top-1: 5.8824, accuracy_top-5: 28.6765
2024-03-06 16:33:38,926 - mmcls - INFO - Epoch(val) [149][9]	accuracy_top-1: 5.8824, accuracy_top-5: 29.4118
2024-03-06 16:33:51,620 - mmcls - INFO - Epoch(val) [150][9]	accuracy_top-1: 5.8824, accuracy_top-5: 29.4118
2024-03-06 16:34:04,339 - mmcls - INFO - Epoch(val) [151][9]	accuracy_top-1: 5.8824, accuracy_top-5: 29.4118
2024-03-06 16:34:17,081 - mmcls - INFO - Epoch(val) [152][9]	accuracy_top-1: 5.8824, accuracy_top-5: 29.4118
2024-03-06 16:34:29,867 - mmcls - INFO - Epoch(val) [153][9]	accuracy_top-1: 5.8824, accuracy_top-5: 29.4118
2024-03-06 16:34:42,617 - mmcls - INFO - Epoch(val) [154][9]	accuracy_top-1: 5.8824, accuracy_top-5: 29.4118
2024-03-06 16:34:55,459 - mmcls - INFO - Epoch(val) [155][9]	accuracy_top-1: 5.8824, accuracy_top-5: 29.4118
2024-03-06 16:35:08,134 - mmcls - INFO - Epoch(val) [156][9]	accuracy_top-1: 5.8824, accuracy_top-5: 29.4118
2024-03-06 16:35:20,918 - mmcls - INFO - Epoch(val) [157][9]	accuracy_top-1: 5.8824, accuracy_top-5: 29.4118
2024-03-06 16:35:33,735 - mmcls - INFO - Epoch(val) [158][9]	accuracy_top-1: 5.8824, accuracy_top-5: 29.4118
2024-03-06 16:35:46,563 - mmcls - INFO - Epoch(val) [159][9]	accuracy_top-1: 5.8824, accuracy_top-5: 29.4118
2024-03-06 16:35:59,410 - mmcls - INFO - Epoch(val) [160][9]	accuracy_top-1: 5.8824, accuracy_top-5: 29.4118
2024-03-06 16:36:12,190 - mmcls - INFO - Epoch(val) [161][9]	accuracy_top-1: 5.8824, accuracy_top-5: 29.4118
2024-03-06 16:36:24,782 - mmcls - INFO - Epoch(val) [162][9]	accuracy_top-1: 5.8824, accuracy_top-5: 29.4118
2024-03-06 16:36:37,536 - mmcls - INFO - Epoch(val) [163][9]	accuracy_top-1: 5.8824, accuracy_top-5: 29.4118
2024-03-06 16:36:50,055 - mmcls - INFO - Epoch(val) [164][9]	accuracy_top-1: 5.8824, accuracy_top-5: 29.4118
2024-03-06 16:37:02,822 - mmcls - INFO - Epoch(val) [165][9]	accuracy_top-1: 5.8824, accuracy_top-5: 29.4118
2024-03-06 16:37:15,605 - mmcls - INFO - Epoch(val) [166][9]	accuracy_top-1: 5.8824, accuracy_top-5: 29.4118
2024-03-06 16:37:28,392 - mmcls - INFO - Epoch(val) [167][9]	accuracy_top-1: 5.8824, accuracy_top-5: 29.4118
2024-03-06 16:37:41,221 - mmcls - INFO - Epoch(val) [168][9]	accuracy_top-1: 5.8824, accuracy_top-5: 29.4118
2024-03-06 16:37:53,920 - mmcls - INFO - Epoch(val) [169][9]	accuracy_top-1: 5.8824, accuracy_top-5: 29.4118
2024-03-06 16:38:06,630 - mmcls - INFO - Epoch(val) [170][9]	accuracy_top-1: 5.8824, accuracy_top-5: 29.4118
2024-03-06 16:38:19,319 - mmcls - INFO - Epoch(val) [171][9]	accuracy_top-1: 5.8824, accuracy_top-5: 29.4118
2024-03-06 16:38:32,153 - mmcls - INFO - Epoch(val) [172][9]	accuracy_top-1: 5.8824, accuracy_top-5: 29.4118
2024-03-06 16:38:44,971 - mmcls - INFO - Epoch(val) [173][9]	accuracy_top-1: 5.8824, accuracy_top-5: 29.4118
2024-03-06 16:38:57,742 - mmcls - INFO - Epoch(val) [174][9]	accuracy_top-1: 5.8824, accuracy_top-5: 29.4118
2024-03-06 16:39:10,539 - mmcls - INFO - Epoch(val) [175][9]	accuracy_top-1: 5.8824, accuracy_top-5: 29.4118
2024-03-06 16:39:23,323 - mmcls - INFO - Epoch(val) [176][9]	accuracy_top-1: 5.8824, accuracy_top-5: 29.4118
2024-03-06 16:39:36,142 - mmcls - INFO - Epoch(val) [177][9]	accuracy_top-1: 5.8824, accuracy_top-5: 29.4118
2024-03-06 16:39:48,985 - mmcls - INFO - Epoch(val) [178][9]	accuracy_top-1: 5.8824, accuracy_top-5: 29.4118
2024-03-06 16:40:01,729 - mmcls - INFO - Epoch(val) [179][9]	accuracy_top-1: 5.8824, accuracy_top-5: 29.4118
2024-03-06 16:40:14,463 - mmcls - INFO - Epoch(val) [180][9]	accuracy_top-1: 5.8824, accuracy_top-5: 29.4118
2024-03-06 16:40:27,225 - mmcls - INFO - Epoch(val) [181][9]	accuracy_top-1: 5.8824, accuracy_top-5: 29.4118
2024-03-06 16:40:39,974 - mmcls - INFO - Epoch(val) [182][9]	accuracy_top-1: 5.8824, accuracy_top-5: 29.4118
2024-03-06 16:40:52,795 - mmcls - INFO - Epoch(val) [183][9]	accuracy_top-1: 5.8824, accuracy_top-5: 29.4118
2024-03-06 16:41:05,593 - mmcls - INFO - Epoch(val) [184][9]	accuracy_top-1: 5.8824, accuracy_top-5: 29.4118
2024-03-06 16:41:18,349 - mmcls - INFO - Epoch(val) [185][9]	accuracy_top-1: 5.1471, accuracy_top-5: 29.4118
2024-03-06 16:41:31,115 - mmcls - INFO - Epoch(val) [186][9]	accuracy_top-1: 5.8824, accuracy_top-5: 29.4118
2024-03-06 16:41:43,886 - mmcls - INFO - Epoch(val) [187][9]	accuracy_top-1: 5.8824, accuracy_top-5: 29.4118
2024-03-06 16:41:56,689 - mmcls - INFO - Epoch(val) [188][9]	accuracy_top-1: 5.8824, accuracy_top-5: 29.4118
2024-03-06 16:42:09,290 - mmcls - INFO - Epoch(val) [189][9]	accuracy_top-1: 5.8824, accuracy_top-5: 29.4118
2024-03-06 16:42:21,998 - mmcls - INFO - Epoch(val) [190][9]	accuracy_top-1: 5.8824, accuracy_top-5: 29.4118
2024-03-06 16:42:34,835 - mmcls - INFO - Epoch(val) [191][9]	accuracy_top-1: 5.8824, accuracy_top-5: 29.4118
2024-03-06 16:42:47,757 - mmcls - INFO - Epoch(val) [192][9]	accuracy_top-1: 5.8824, accuracy_top-5: 29.4118
2024-03-06 16:43:00,540 - mmcls - INFO - Epoch(val) [193][9]	accuracy_top-1: 5.8824, accuracy_top-5: 29.4118
2024-03-06 16:43:13,073 - mmcls - INFO - Epoch(val) [194][9]	accuracy_top-1: 5.8824, accuracy_top-5: 29.4118
2024-03-06 16:43:25,877 - mmcls - INFO - Epoch(val) [195][9]	accuracy_top-1: 5.8824, accuracy_top-5: 29.4118
2024-03-06 16:43:38,658 - mmcls - INFO - Epoch(val) [196][9]	accuracy_top-1: 5.1471, accuracy_top-5: 29.4118
2024-03-06 16:43:51,318 - mmcls - INFO - Epoch(val) [197][9]	accuracy_top-1: 5.1471, accuracy_top-5: 29.4118
2024-03-06 16:44:04,115 - mmcls - INFO - Epoch(val) [198][9]	accuracy_top-1: 5.8824, accuracy_top-5: 29.4118
2024-03-06 16:44:16,842 - mmcls - INFO - Epoch(val) [199][9]	accuracy_top-1: 5.8824, accuracy_top-5: 29.4118
2024-03-06 16:44:28,464 - mmcls - INFO - Saving checkpoint at 200 epochs
2024-03-06 16:44:36,174 - mmcls - INFO - Epoch(val) [200][9]	accuracy_top-1: 5.8824, accuracy_top-5: 29.4118
