2024-03-19 18:02:42,858 - mmcls - INFO - Environment info:
------------------------------------------------------------
sys.platform: linux
Python: 3.7.12 | packaged by conda-forge | (default, Oct 26 2021, 06:08:21) [GCC 9.4.0]
CUDA available: True
GPU 0: NVIDIA GeForce RTX 2080 Ti
CUDA_HOME: /usr/local/cuda
NVCC: Cuda compilation tools, release 11.8, V11.8.89
GCC: gcc (Ubuntu 11.4.0-1ubuntu1~22.04) 11.4.0
PyTorch: 1.13.1+cu117
PyTorch compiling details: PyTorch built with:
  - GCC 9.3
  - C++ Version: 201402
  - Intel(R) Math Kernel Library Version 2020.0.0 Product Build 20191122 for Intel(R) 64 architecture applications
  - Intel(R) MKL-DNN v2.6.0 (Git Hash 52b5f107dd9cf10910aaa19cb47f3abf9b349815)
  - OpenMP 201511 (a.k.a. OpenMP 4.5)
  - LAPACK is enabled (usually provided by MKL)
  - NNPACK is enabled
  - CPU capability usage: AVX2
  - CUDA Runtime 11.7
  - NVCC architecture flags: -gencode;arch=compute_37,code=sm_37;-gencode;arch=compute_50,code=sm_50;-gencode;arch=compute_60,code=sm_60;-gencode;arch=compute_70,code=sm_70;-gencode;arch=compute_75,code=sm_75;-gencode;arch=compute_80,code=sm_80;-gencode;arch=compute_86,code=sm_86
  - CuDNN 8.5
  - Magma 2.6.1
  - Build settings: BLAS_INFO=mkl, BUILD_TYPE=Release, CUDA_VERSION=11.7, CUDNN_VERSION=8.5.0, CXX_COMPILER=/opt/rh/devtoolset-9/root/usr/bin/c++, CXX_FLAGS= -fabi-version=11 -Wno-deprecated -fvisibility-inlines-hidden -DUSE_PTHREADPOOL -fopenmp -DNDEBUG -DUSE_KINETO -DUSE_FBGEMM -DUSE_QNNPACK -DUSE_PYTORCH_QNNPACK -DUSE_XNNPACK -DSYMBOLICATE_MOBILE_DEBUG_HANDLE -DEDGE_PROFILER_USE_KINETO -O2 -fPIC -Wno-narrowing -Wall -Wextra -Werror=return-type -Werror=non-virtual-dtor -Wno-missing-field-initializers -Wno-type-limits -Wno-array-bounds -Wno-unknown-pragmas -Wunused-local-typedefs -Wno-unused-parameter -Wno-unused-function -Wno-unused-result -Wno-strict-overflow -Wno-strict-aliasing -Wno-error=deprecated-declarations -Wno-stringop-overflow -Wno-psabi -Wno-error=pedantic -Wno-error=redundant-decls -Wno-error=old-style-cast -fdiagnostics-color=always -faligned-new -Wno-unused-but-set-variable -Wno-maybe-uninitialized -fno-math-errno -fno-trapping-math -Werror=format -Werror=cast-function-type -Wno-stringop-overflow, LAPACK_INFO=mkl, PERF_WITH_AVX=1, PERF_WITH_AVX2=1, PERF_WITH_AVX512=1, TORCH_VERSION=1.13.1, USE_CUDA=ON, USE_CUDNN=ON, USE_EXCEPTION_PTR=1, USE_GFLAGS=OFF, USE_GLOG=OFF, USE_MKL=ON, USE_MKLDNN=ON, USE_MPI=OFF, USE_NCCL=ON, USE_NNPACK=ON, USE_OPENMP=ON, USE_ROCM=OFF, 

TorchVision: 0.14.1+cu117
OpenCV: 4.9.0
MMCV: 1.5.0
MMCV Compiler: n/a
MMCV CUDA Compiler: n/a
MMClassification: 0.15.0+22875e7
------------------------------------------------------------

2024-03-19 18:02:42,859 - mmcls - INFO - Distributed training: False
2024-03-19 18:02:43,073 - mmcls - INFO - Config:
model = dict(
    type='ImageClassifier',
    backbone=dict(
        type='ResNet',
        depth=50,
        num_stages=4,
        out_indices=(3, ),
        style='pytorch'),
    neck=dict(type='GlobalAveragePooling'),
    head=dict(
        type='LinearClsHead',
        num_classes=17,
        in_channels=2048,
        loss=dict(type='CrossEntropyLoss', loss_weight=1.0)))
dataset_type = 'Flowers'
img_norm_cfg = dict(
    mean=[123.675, 116.28, 103.53], std=[58.395, 57.12, 57.375], to_rgb=True)
train_pipeline = [
    dict(type='LoadImageFromFile'),
    dict(type='RandomResizedCrop', size=224),
    dict(type='RandomFlip', flip_prob=0.5, direction='horizontal'),
    dict(type='ColorJitter', brightness=0.4, contrast=0.4, saturation=0.4),
    dict(
        type='Normalize',
        mean=[123.675, 116.28, 103.53],
        std=[58.395, 57.12, 57.375],
        to_rgb=True),
    dict(type='ImageToTensor', keys=['img']),
    dict(type='ToTensor', keys=['gt_label']),
    dict(type='Collect', keys=['img', 'gt_label'])
]
test_pipeline = [
    dict(type='LoadImageFromFile'),
    dict(type='Resize', size=(256, -1)),
    dict(type='CenterCrop', crop_size=224),
    dict(
        type='Normalize',
        mean=[123.675, 116.28, 103.53],
        std=[58.395, 57.12, 57.375],
        to_rgb=True),
    dict(type='ImageToTensor', keys=['img']),
    dict(type='Collect', keys=['img'])
]
data = dict(
    samples_per_gpu=16,
    workers_per_gpu=1,
    train=dict(
        type='Flowers',
        data_prefix='data/flowers/train',
        ann_file='data/flowers/meta/train.txt',
        pipeline=[
            dict(type='LoadImageFromFile'),
            dict(type='RandomResizedCrop', size=224),
            dict(type='RandomFlip', flip_prob=0.5, direction='horizontal'),
            dict(
                type='ColorJitter',
                brightness=0.4,
                contrast=0.4,
                saturation=0.4),
            dict(
                type='Normalize',
                mean=[123.675, 116.28, 103.53],
                std=[58.395, 57.12, 57.375],
                to_rgb=True),
            dict(type='ImageToTensor', keys=['img']),
            dict(type='ToTensor', keys=['gt_label']),
            dict(type='Collect', keys=['img', 'gt_label'])
        ]),
    val=dict(
        type='Flowers',
        data_prefix='data/flowers/val',
        ann_file='data/flowers/meta/val.txt',
        pipeline=[
            dict(type='LoadImageFromFile'),
            dict(type='Resize', size=(256, -1)),
            dict(type='CenterCrop', crop_size=224),
            dict(
                type='Normalize',
                mean=[123.675, 116.28, 103.53],
                std=[58.395, 57.12, 57.375],
                to_rgb=True),
            dict(type='ImageToTensor', keys=['img']),
            dict(type='Collect', keys=['img'])
        ]),
    test=dict(
        type='Flowers',
        data_prefix='data/flowers/test',
        ann_file='data/flowers/meta/test.txt',
        pipeline=[
            dict(type='LoadImageFromFile'),
            dict(type='Resize', size=(256, -1)),
            dict(type='CenterCrop', crop_size=224),
            dict(
                type='Normalize',
                mean=[123.675, 116.28, 103.53],
                std=[58.395, 57.12, 57.375],
                to_rgb=True),
            dict(type='ImageToTensor', keys=['img']),
            dict(type='Collect', keys=['img'])
        ]))
evaluation = dict(interval=1, metric='accuracy')
optimizer = dict(type='SGD', lr=0.1, momentum=0.9, weight_decay=0.0001)
optimizer_config = dict(grad_clip=None)
lr_config = dict(policy='step', step=[100, 150])
runner = dict(type='EpochBasedRunner', max_epochs=200)
checkpoint_config = dict(interval=100)
log_config = dict(interval=100, hooks=[dict(type='TextLoggerHook')])
dist_params = dict(backend='nccl')
log_level = 'INFO'
load_from = None
resume_from = None
workflow = [('train', 1)]
work_dir = 'output/dataaugment/resnet50_flowers_bs16_colorjitter'
gpu_ids = range(0, 1)

2024-03-19 18:02:43,976 - mmcls - INFO - initialize ResNet with init_cfg [{'type': 'Kaiming', 'layer': ['Conv2d']}, {'type': 'Constant', 'val': 1, 'layer': ['_BatchNorm', 'GroupNorm']}]
2024-03-19 18:02:44,222 - mmcls - INFO - initialize LinearClsHead with init_cfg {'type': 'Normal', 'layer': 'Linear', 'std': 0.01}
Name of parameter - Initialization information

backbone.conv1.weight - torch.Size([64, 3, 7, 7]): 
KaimingInit: a=0, mode=fan_out, nonlinearity=relu, distribution =normal, bias=0 

backbone.bn1.weight - torch.Size([64]): 
The value is the same before and after calling `init_weights` of ImageClassifier  

backbone.bn1.bias - torch.Size([64]): 
The value is the same before and after calling `init_weights` of ImageClassifier  

backbone.layer1.0.conv1.weight - torch.Size([64, 64, 1, 1]): 
KaimingInit: a=0, mode=fan_out, nonlinearity=relu, distribution =normal, bias=0 

backbone.layer1.0.bn1.weight - torch.Size([64]): 
The value is the same before and after calling `init_weights` of ImageClassifier  

backbone.layer1.0.bn1.bias - torch.Size([64]): 
The value is the same before and after calling `init_weights` of ImageClassifier  

backbone.layer1.0.conv2.weight - torch.Size([64, 64, 3, 3]): 
KaimingInit: a=0, mode=fan_out, nonlinearity=relu, distribution =normal, bias=0 

backbone.layer1.0.bn2.weight - torch.Size([64]): 
The value is the same before and after calling `init_weights` of ImageClassifier  

backbone.layer1.0.bn2.bias - torch.Size([64]): 
The value is the same before and after calling `init_weights` of ImageClassifier  

backbone.layer1.0.conv3.weight - torch.Size([256, 64, 1, 1]): 
KaimingInit: a=0, mode=fan_out, nonlinearity=relu, distribution =normal, bias=0 

backbone.layer1.0.bn3.weight - torch.Size([256]): 
Initialized by user-defined `init_weights` in ResNet  

backbone.layer1.0.bn3.bias - torch.Size([256]): 
The value is the same before and after calling `init_weights` of ImageClassifier  

backbone.layer1.0.downsample.0.weight - torch.Size([256, 64, 1, 1]): 
KaimingInit: a=0, mode=fan_out, nonlinearity=relu, distribution =normal, bias=0 

backbone.layer1.0.downsample.1.weight - torch.Size([256]): 
The value is the same before and after calling `init_weights` of ImageClassifier  

backbone.layer1.0.downsample.1.bias - torch.Size([256]): 
The value is the same before and after calling `init_weights` of ImageClassifier  

backbone.layer1.1.conv1.weight - torch.Size([64, 256, 1, 1]): 
KaimingInit: a=0, mode=fan_out, nonlinearity=relu, distribution =normal, bias=0 

backbone.layer1.1.bn1.weight - torch.Size([64]): 
The value is the same before and after calling `init_weights` of ImageClassifier  

backbone.layer1.1.bn1.bias - torch.Size([64]): 
The value is the same before and after calling `init_weights` of ImageClassifier  

backbone.layer1.1.conv2.weight - torch.Size([64, 64, 3, 3]): 
KaimingInit: a=0, mode=fan_out, nonlinearity=relu, distribution =normal, bias=0 

backbone.layer1.1.bn2.weight - torch.Size([64]): 
The value is the same before and after calling `init_weights` of ImageClassifier  

backbone.layer1.1.bn2.bias - torch.Size([64]): 
The value is the same before and after calling `init_weights` of ImageClassifier  

backbone.layer1.1.conv3.weight - torch.Size([256, 64, 1, 1]): 
KaimingInit: a=0, mode=fan_out, nonlinearity=relu, distribution =normal, bias=0 

backbone.layer1.1.bn3.weight - torch.Size([256]): 
Initialized by user-defined `init_weights` in ResNet  

backbone.layer1.1.bn3.bias - torch.Size([256]): 
The value is the same before and after calling `init_weights` of ImageClassifier  

backbone.layer1.2.conv1.weight - torch.Size([64, 256, 1, 1]): 
KaimingInit: a=0, mode=fan_out, nonlinearity=relu, distribution =normal, bias=0 

backbone.layer1.2.bn1.weight - torch.Size([64]): 
The value is the same before and after calling `init_weights` of ImageClassifier  

backbone.layer1.2.bn1.bias - torch.Size([64]): 
The value is the same before and after calling `init_weights` of ImageClassifier  

backbone.layer1.2.conv2.weight - torch.Size([64, 64, 3, 3]): 
KaimingInit: a=0, mode=fan_out, nonlinearity=relu, distribution =normal, bias=0 

backbone.layer1.2.bn2.weight - torch.Size([64]): 
The value is the same before and after calling `init_weights` of ImageClassifier  

backbone.layer1.2.bn2.bias - torch.Size([64]): 
The value is the same before and after calling `init_weights` of ImageClassifier  

backbone.layer1.2.conv3.weight - torch.Size([256, 64, 1, 1]): 
KaimingInit: a=0, mode=fan_out, nonlinearity=relu, distribution =normal, bias=0 

backbone.layer1.2.bn3.weight - torch.Size([256]): 
Initialized by user-defined `init_weights` in ResNet  

backbone.layer1.2.bn3.bias - torch.Size([256]): 
The value is the same before and after calling `init_weights` of ImageClassifier  

backbone.layer2.0.conv1.weight - torch.Size([128, 256, 1, 1]): 
KaimingInit: a=0, mode=fan_out, nonlinearity=relu, distribution =normal, bias=0 

backbone.layer2.0.bn1.weight - torch.Size([128]): 
The value is the same before and after calling `init_weights` of ImageClassifier  

backbone.layer2.0.bn1.bias - torch.Size([128]): 
The value is the same before and after calling `init_weights` of ImageClassifier  

backbone.layer2.0.conv2.weight - torch.Size([128, 128, 3, 3]): 
KaimingInit: a=0, mode=fan_out, nonlinearity=relu, distribution =normal, bias=0 

backbone.layer2.0.bn2.weight - torch.Size([128]): 
The value is the same before and after calling `init_weights` of ImageClassifier  

backbone.layer2.0.bn2.bias - torch.Size([128]): 
The value is the same before and after calling `init_weights` of ImageClassifier  

backbone.layer2.0.conv3.weight - torch.Size([512, 128, 1, 1]): 
KaimingInit: a=0, mode=fan_out, nonlinearity=relu, distribution =normal, bias=0 

backbone.layer2.0.bn3.weight - torch.Size([512]): 
Initialized by user-defined `init_weights` in ResNet  

backbone.layer2.0.bn3.bias - torch.Size([512]): 
The value is the same before and after calling `init_weights` of ImageClassifier  

backbone.layer2.0.downsample.0.weight - torch.Size([512, 256, 1, 1]): 
KaimingInit: a=0, mode=fan_out, nonlinearity=relu, distribution =normal, bias=0 

backbone.layer2.0.downsample.1.weight - torch.Size([512]): 
The value is the same before and after calling `init_weights` of ImageClassifier  

backbone.layer2.0.downsample.1.bias - torch.Size([512]): 
The value is the same before and after calling `init_weights` of ImageClassifier  

backbone.layer2.1.conv1.weight - torch.Size([128, 512, 1, 1]): 
KaimingInit: a=0, mode=fan_out, nonlinearity=relu, distribution =normal, bias=0 

backbone.layer2.1.bn1.weight - torch.Size([128]): 
The value is the same before and after calling `init_weights` of ImageClassifier  

backbone.layer2.1.bn1.bias - torch.Size([128]): 
The value is the same before and after calling `init_weights` of ImageClassifier  

backbone.layer2.1.conv2.weight - torch.Size([128, 128, 3, 3]): 
KaimingInit: a=0, mode=fan_out, nonlinearity=relu, distribution =normal, bias=0 

backbone.layer2.1.bn2.weight - torch.Size([128]): 
The value is the same before and after calling `init_weights` of ImageClassifier  

backbone.layer2.1.bn2.bias - torch.Size([128]): 
The value is the same before and after calling `init_weights` of ImageClassifier  

backbone.layer2.1.conv3.weight - torch.Size([512, 128, 1, 1]): 
KaimingInit: a=0, mode=fan_out, nonlinearity=relu, distribution =normal, bias=0 

backbone.layer2.1.bn3.weight - torch.Size([512]): 
Initialized by user-defined `init_weights` in ResNet  

backbone.layer2.1.bn3.bias - torch.Size([512]): 
The value is the same before and after calling `init_weights` of ImageClassifier  

backbone.layer2.2.conv1.weight - torch.Size([128, 512, 1, 1]): 
KaimingInit: a=0, mode=fan_out, nonlinearity=relu, distribution =normal, bias=0 

backbone.layer2.2.bn1.weight - torch.Size([128]): 
The value is the same before and after calling `init_weights` of ImageClassifier  

backbone.layer2.2.bn1.bias - torch.Size([128]): 
The value is the same before and after calling `init_weights` of ImageClassifier  

backbone.layer2.2.conv2.weight - torch.Size([128, 128, 3, 3]): 
KaimingInit: a=0, mode=fan_out, nonlinearity=relu, distribution =normal, bias=0 

backbone.layer2.2.bn2.weight - torch.Size([128]): 
The value is the same before and after calling `init_weights` of ImageClassifier  

backbone.layer2.2.bn2.bias - torch.Size([128]): 
The value is the same before and after calling `init_weights` of ImageClassifier  

backbone.layer2.2.conv3.weight - torch.Size([512, 128, 1, 1]): 
KaimingInit: a=0, mode=fan_out, nonlinearity=relu, distribution =normal, bias=0 

backbone.layer2.2.bn3.weight - torch.Size([512]): 
Initialized by user-defined `init_weights` in ResNet  

backbone.layer2.2.bn3.bias - torch.Size([512]): 
The value is the same before and after calling `init_weights` of ImageClassifier  

backbone.layer2.3.conv1.weight - torch.Size([128, 512, 1, 1]): 
KaimingInit: a=0, mode=fan_out, nonlinearity=relu, distribution =normal, bias=0 

backbone.layer2.3.bn1.weight - torch.Size([128]): 
The value is the same before and after calling `init_weights` of ImageClassifier  

backbone.layer2.3.bn1.bias - torch.Size([128]): 
The value is the same before and after calling `init_weights` of ImageClassifier  

backbone.layer2.3.conv2.weight - torch.Size([128, 128, 3, 3]): 
KaimingInit: a=0, mode=fan_out, nonlinearity=relu, distribution =normal, bias=0 

backbone.layer2.3.bn2.weight - torch.Size([128]): 
The value is the same before and after calling `init_weights` of ImageClassifier  

backbone.layer2.3.bn2.bias - torch.Size([128]): 
The value is the same before and after calling `init_weights` of ImageClassifier  

backbone.layer2.3.conv3.weight - torch.Size([512, 128, 1, 1]): 
KaimingInit: a=0, mode=fan_out, nonlinearity=relu, distribution =normal, bias=0 

backbone.layer2.3.bn3.weight - torch.Size([512]): 
Initialized by user-defined `init_weights` in ResNet  

backbone.layer2.3.bn3.bias - torch.Size([512]): 
The value is the same before and after calling `init_weights` of ImageClassifier  

backbone.layer3.0.conv1.weight - torch.Size([256, 512, 1, 1]): 
KaimingInit: a=0, mode=fan_out, nonlinearity=relu, distribution =normal, bias=0 

backbone.layer3.0.bn1.weight - torch.Size([256]): 
The value is the same before and after calling `init_weights` of ImageClassifier  

backbone.layer3.0.bn1.bias - torch.Size([256]): 
The value is the same before and after calling `init_weights` of ImageClassifier  

backbone.layer3.0.conv2.weight - torch.Size([256, 256, 3, 3]): 
KaimingInit: a=0, mode=fan_out, nonlinearity=relu, distribution =normal, bias=0 

backbone.layer3.0.bn2.weight - torch.Size([256]): 
The value is the same before and after calling `init_weights` of ImageClassifier  

backbone.layer3.0.bn2.bias - torch.Size([256]): 
The value is the same before and after calling `init_weights` of ImageClassifier  

backbone.layer3.0.conv3.weight - torch.Size([1024, 256, 1, 1]): 
KaimingInit: a=0, mode=fan_out, nonlinearity=relu, distribution =normal, bias=0 

backbone.layer3.0.bn3.weight - torch.Size([1024]): 
Initialized by user-defined `init_weights` in ResNet  

backbone.layer3.0.bn3.bias - torch.Size([1024]): 
The value is the same before and after calling `init_weights` of ImageClassifier  

backbone.layer3.0.downsample.0.weight - torch.Size([1024, 512, 1, 1]): 
KaimingInit: a=0, mode=fan_out, nonlinearity=relu, distribution =normal, bias=0 

backbone.layer3.0.downsample.1.weight - torch.Size([1024]): 
The value is the same before and after calling `init_weights` of ImageClassifier  

backbone.layer3.0.downsample.1.bias - torch.Size([1024]): 
The value is the same before and after calling `init_weights` of ImageClassifier  

backbone.layer3.1.conv1.weight - torch.Size([256, 1024, 1, 1]): 
KaimingInit: a=0, mode=fan_out, nonlinearity=relu, distribution =normal, bias=0 

backbone.layer3.1.bn1.weight - torch.Size([256]): 
The value is the same before and after calling `init_weights` of ImageClassifier  

backbone.layer3.1.bn1.bias - torch.Size([256]): 
The value is the same before and after calling `init_weights` of ImageClassifier  

backbone.layer3.1.conv2.weight - torch.Size([256, 256, 3, 3]): 
KaimingInit: a=0, mode=fan_out, nonlinearity=relu, distribution =normal, bias=0 

backbone.layer3.1.bn2.weight - torch.Size([256]): 
The value is the same before and after calling `init_weights` of ImageClassifier  

backbone.layer3.1.bn2.bias - torch.Size([256]): 
The value is the same before and after calling `init_weights` of ImageClassifier  

backbone.layer3.1.conv3.weight - torch.Size([1024, 256, 1, 1]): 
KaimingInit: a=0, mode=fan_out, nonlinearity=relu, distribution =normal, bias=0 

backbone.layer3.1.bn3.weight - torch.Size([1024]): 
Initialized by user-defined `init_weights` in ResNet  

backbone.layer3.1.bn3.bias - torch.Size([1024]): 
The value is the same before and after calling `init_weights` of ImageClassifier  

backbone.layer3.2.conv1.weight - torch.Size([256, 1024, 1, 1]): 
KaimingInit: a=0, mode=fan_out, nonlinearity=relu, distribution =normal, bias=0 

backbone.layer3.2.bn1.weight - torch.Size([256]): 
The value is the same before and after calling `init_weights` of ImageClassifier  

backbone.layer3.2.bn1.bias - torch.Size([256]): 
The value is the same before and after calling `init_weights` of ImageClassifier  

backbone.layer3.2.conv2.weight - torch.Size([256, 256, 3, 3]): 
KaimingInit: a=0, mode=fan_out, nonlinearity=relu, distribution =normal, bias=0 

backbone.layer3.2.bn2.weight - torch.Size([256]): 
The value is the same before and after calling `init_weights` of ImageClassifier  

backbone.layer3.2.bn2.bias - torch.Size([256]): 
The value is the same before and after calling `init_weights` of ImageClassifier  

backbone.layer3.2.conv3.weight - torch.Size([1024, 256, 1, 1]): 
KaimingInit: a=0, mode=fan_out, nonlinearity=relu, distribution =normal, bias=0 

backbone.layer3.2.bn3.weight - torch.Size([1024]): 
Initialized by user-defined `init_weights` in ResNet  

backbone.layer3.2.bn3.bias - torch.Size([1024]): 
The value is the same before and after calling `init_weights` of ImageClassifier  

backbone.layer3.3.conv1.weight - torch.Size([256, 1024, 1, 1]): 
KaimingInit: a=0, mode=fan_out, nonlinearity=relu, distribution =normal, bias=0 

backbone.layer3.3.bn1.weight - torch.Size([256]): 
The value is the same before and after calling `init_weights` of ImageClassifier  

backbone.layer3.3.bn1.bias - torch.Size([256]): 
The value is the same before and after calling `init_weights` of ImageClassifier  

backbone.layer3.3.conv2.weight - torch.Size([256, 256, 3, 3]): 
KaimingInit: a=0, mode=fan_out, nonlinearity=relu, distribution =normal, bias=0 

backbone.layer3.3.bn2.weight - torch.Size([256]): 
The value is the same before and after calling `init_weights` of ImageClassifier  

backbone.layer3.3.bn2.bias - torch.Size([256]): 
The value is the same before and after calling `init_weights` of ImageClassifier  

backbone.layer3.3.conv3.weight - torch.Size([1024, 256, 1, 1]): 
KaimingInit: a=0, mode=fan_out, nonlinearity=relu, distribution =normal, bias=0 

backbone.layer3.3.bn3.weight - torch.Size([1024]): 
Initialized by user-defined `init_weights` in ResNet  

backbone.layer3.3.bn3.bias - torch.Size([1024]): 
The value is the same before and after calling `init_weights` of ImageClassifier  

backbone.layer3.4.conv1.weight - torch.Size([256, 1024, 1, 1]): 
KaimingInit: a=0, mode=fan_out, nonlinearity=relu, distribution =normal, bias=0 

backbone.layer3.4.bn1.weight - torch.Size([256]): 
The value is the same before and after calling `init_weights` of ImageClassifier  

backbone.layer3.4.bn1.bias - torch.Size([256]): 
The value is the same before and after calling `init_weights` of ImageClassifier  

backbone.layer3.4.conv2.weight - torch.Size([256, 256, 3, 3]): 
KaimingInit: a=0, mode=fan_out, nonlinearity=relu, distribution =normal, bias=0 

backbone.layer3.4.bn2.weight - torch.Size([256]): 
The value is the same before and after calling `init_weights` of ImageClassifier  

backbone.layer3.4.bn2.bias - torch.Size([256]): 
The value is the same before and after calling `init_weights` of ImageClassifier  

backbone.layer3.4.conv3.weight - torch.Size([1024, 256, 1, 1]): 
KaimingInit: a=0, mode=fan_out, nonlinearity=relu, distribution =normal, bias=0 

backbone.layer3.4.bn3.weight - torch.Size([1024]): 
Initialized by user-defined `init_weights` in ResNet  

backbone.layer3.4.bn3.bias - torch.Size([1024]): 
The value is the same before and after calling `init_weights` of ImageClassifier  

backbone.layer3.5.conv1.weight - torch.Size([256, 1024, 1, 1]): 
KaimingInit: a=0, mode=fan_out, nonlinearity=relu, distribution =normal, bias=0 

backbone.layer3.5.bn1.weight - torch.Size([256]): 
The value is the same before and after calling `init_weights` of ImageClassifier  

backbone.layer3.5.bn1.bias - torch.Size([256]): 
The value is the same before and after calling `init_weights` of ImageClassifier  

backbone.layer3.5.conv2.weight - torch.Size([256, 256, 3, 3]): 
KaimingInit: a=0, mode=fan_out, nonlinearity=relu, distribution =normal, bias=0 

backbone.layer3.5.bn2.weight - torch.Size([256]): 
The value is the same before and after calling `init_weights` of ImageClassifier  

backbone.layer3.5.bn2.bias - torch.Size([256]): 
The value is the same before and after calling `init_weights` of ImageClassifier  

backbone.layer3.5.conv3.weight - torch.Size([1024, 256, 1, 1]): 
KaimingInit: a=0, mode=fan_out, nonlinearity=relu, distribution =normal, bias=0 

backbone.layer3.5.bn3.weight - torch.Size([1024]): 
Initialized by user-defined `init_weights` in ResNet  

backbone.layer3.5.bn3.bias - torch.Size([1024]): 
The value is the same before and after calling `init_weights` of ImageClassifier  

backbone.layer4.0.conv1.weight - torch.Size([512, 1024, 1, 1]): 
KaimingInit: a=0, mode=fan_out, nonlinearity=relu, distribution =normal, bias=0 

backbone.layer4.0.bn1.weight - torch.Size([512]): 
The value is the same before and after calling `init_weights` of ImageClassifier  

backbone.layer4.0.bn1.bias - torch.Size([512]): 
The value is the same before and after calling `init_weights` of ImageClassifier  

backbone.layer4.0.conv2.weight - torch.Size([512, 512, 3, 3]): 
KaimingInit: a=0, mode=fan_out, nonlinearity=relu, distribution =normal, bias=0 

backbone.layer4.0.bn2.weight - torch.Size([512]): 
The value is the same before and after calling `init_weights` of ImageClassifier  

backbone.layer4.0.bn2.bias - torch.Size([512]): 
The value is the same before and after calling `init_weights` of ImageClassifier  

backbone.layer4.0.conv3.weight - torch.Size([2048, 512, 1, 1]): 
KaimingInit: a=0, mode=fan_out, nonlinearity=relu, distribution =normal, bias=0 

backbone.layer4.0.bn3.weight - torch.Size([2048]): 
Initialized by user-defined `init_weights` in ResNet  

backbone.layer4.0.bn3.bias - torch.Size([2048]): 
The value is the same before and after calling `init_weights` of ImageClassifier  

backbone.layer4.0.downsample.0.weight - torch.Size([2048, 1024, 1, 1]): 
KaimingInit: a=0, mode=fan_out, nonlinearity=relu, distribution =normal, bias=0 

backbone.layer4.0.downsample.1.weight - torch.Size([2048]): 
The value is the same before and after calling `init_weights` of ImageClassifier  

backbone.layer4.0.downsample.1.bias - torch.Size([2048]): 
The value is the same before and after calling `init_weights` of ImageClassifier  

backbone.layer4.1.conv1.weight - torch.Size([512, 2048, 1, 1]): 
KaimingInit: a=0, mode=fan_out, nonlinearity=relu, distribution =normal, bias=0 

backbone.layer4.1.bn1.weight - torch.Size([512]): 
The value is the same before and after calling `init_weights` of ImageClassifier  

backbone.layer4.1.bn1.bias - torch.Size([512]): 
The value is the same before and after calling `init_weights` of ImageClassifier  

backbone.layer4.1.conv2.weight - torch.Size([512, 512, 3, 3]): 
KaimingInit: a=0, mode=fan_out, nonlinearity=relu, distribution =normal, bias=0 

backbone.layer4.1.bn2.weight - torch.Size([512]): 
The value is the same before and after calling `init_weights` of ImageClassifier  

backbone.layer4.1.bn2.bias - torch.Size([512]): 
The value is the same before and after calling `init_weights` of ImageClassifier  

backbone.layer4.1.conv3.weight - torch.Size([2048, 512, 1, 1]): 
KaimingInit: a=0, mode=fan_out, nonlinearity=relu, distribution =normal, bias=0 

backbone.layer4.1.bn3.weight - torch.Size([2048]): 
Initialized by user-defined `init_weights` in ResNet  

backbone.layer4.1.bn3.bias - torch.Size([2048]): 
The value is the same before and after calling `init_weights` of ImageClassifier  

backbone.layer4.2.conv1.weight - torch.Size([512, 2048, 1, 1]): 
KaimingInit: a=0, mode=fan_out, nonlinearity=relu, distribution =normal, bias=0 

backbone.layer4.2.bn1.weight - torch.Size([512]): 
The value is the same before and after calling `init_weights` of ImageClassifier  

backbone.layer4.2.bn1.bias - torch.Size([512]): 
The value is the same before and after calling `init_weights` of ImageClassifier  

backbone.layer4.2.conv2.weight - torch.Size([512, 512, 3, 3]): 
KaimingInit: a=0, mode=fan_out, nonlinearity=relu, distribution =normal, bias=0 

backbone.layer4.2.bn2.weight - torch.Size([512]): 
The value is the same before and after calling `init_weights` of ImageClassifier  

backbone.layer4.2.bn2.bias - torch.Size([512]): 
The value is the same before and after calling `init_weights` of ImageClassifier  

backbone.layer4.2.conv3.weight - torch.Size([2048, 512, 1, 1]): 
KaimingInit: a=0, mode=fan_out, nonlinearity=relu, distribution =normal, bias=0 

backbone.layer4.2.bn3.weight - torch.Size([2048]): 
Initialized by user-defined `init_weights` in ResNet  

backbone.layer4.2.bn3.bias - torch.Size([2048]): 
The value is the same before and after calling `init_weights` of ImageClassifier  

head.fc.weight - torch.Size([17, 2048]): 
NormalInit: mean=0, std=0.01, bias=0 

head.fc.bias - torch.Size([17]): 
NormalInit: mean=0, std=0.01, bias=0 
2024-03-19 18:03:01,648 - mmcls - INFO - Start running, host: zaychan@gpu2-comp-102, work_dir: /userhome/cs2/zaychan/COMP3340Project/CNN_Image_Classification_Code/output/dataaugment/resnet50_flowers_bs16_colorjitter
2024-03-19 18:03:01,649 - mmcls - INFO - Hooks will be executed in the following order:
before_run:
(VERY_HIGH   ) StepLrUpdaterHook                  
(NORMAL      ) CheckpointHook                     
(NORMAL      ) EvalHook                           
(VERY_LOW    ) TextLoggerHook                     
 -------------------- 
before_train_epoch:
(VERY_HIGH   ) StepLrUpdaterHook                  
(NORMAL      ) EvalHook                           
(LOW         ) IterTimerHook                      
(VERY_LOW    ) TextLoggerHook                     
 -------------------- 
before_train_iter:
(VERY_HIGH   ) StepLrUpdaterHook                  
(NORMAL      ) EvalHook                           
(LOW         ) IterTimerHook                      
 -------------------- 
after_train_iter:
(ABOVE_NORMAL) OptimizerHook                      
(NORMAL      ) CheckpointHook                     
(NORMAL      ) EvalHook                           
(LOW         ) IterTimerHook                      
(VERY_LOW    ) TextLoggerHook                     
 -------------------- 
after_train_epoch:
(NORMAL      ) CheckpointHook                     
(NORMAL      ) EvalHook                           
(VERY_LOW    ) TextLoggerHook                     
 -------------------- 
before_val_epoch:
(LOW         ) IterTimerHook                      
(VERY_LOW    ) TextLoggerHook                     
 -------------------- 
before_val_iter:
(LOW         ) IterTimerHook                      
 -------------------- 
after_val_iter:
(LOW         ) IterTimerHook                      
 -------------------- 
after_val_epoch:
(VERY_LOW    ) TextLoggerHook                     
 -------------------- 
after_run:
(VERY_LOW    ) TextLoggerHook                     
 -------------------- 
2024-03-19 18:03:01,649 - mmcls - INFO - workflow: [('train', 1)], max: 200 epochs
2024-03-19 18:03:01,650 - mmcls - INFO - Checkpoints will be saved to /userhome/cs2/zaychan/COMP3340Project/CNN_Image_Classification_Code/output/dataaugment/resnet50_flowers_bs16_colorjitter by HardDiskBackend.
2024-03-19 18:04:07,328 - mmcls - INFO - Epoch(val) [1][9]	accuracy_top-1: 12.5000, accuracy_top-5: 40.4412
2024-03-19 18:04:22,748 - mmcls - INFO - Epoch(val) [2][9]	accuracy_top-1: 15.4412, accuracy_top-5: 58.0882
2024-03-19 18:04:36,670 - mmcls - INFO - Epoch(val) [3][9]	accuracy_top-1: 18.3824, accuracy_top-5: 61.7647
2024-03-19 18:04:50,606 - mmcls - INFO - Epoch(val) [4][9]	accuracy_top-1: 19.8529, accuracy_top-5: 77.2059
2024-03-19 18:05:04,663 - mmcls - INFO - Epoch(val) [5][9]	accuracy_top-1: 19.1176, accuracy_top-5: 79.4118
2024-03-19 18:05:19,145 - mmcls - INFO - Epoch(val) [6][9]	accuracy_top-1: 23.5294, accuracy_top-5: 76.4706
2024-03-19 18:05:33,153 - mmcls - INFO - Epoch(val) [7][9]	accuracy_top-1: 26.4706, accuracy_top-5: 77.9412
2024-03-19 18:05:47,229 - mmcls - INFO - Epoch(val) [8][9]	accuracy_top-1: 36.7647, accuracy_top-5: 85.2941
2024-03-19 18:06:01,044 - mmcls - INFO - Epoch(val) [9][9]	accuracy_top-1: 40.4412, accuracy_top-5: 89.7059
2024-03-19 18:06:14,819 - mmcls - INFO - Epoch(val) [10][9]	accuracy_top-1: 41.9118, accuracy_top-5: 88.2353
2024-03-19 18:06:29,213 - mmcls - INFO - Epoch(val) [11][9]	accuracy_top-1: 41.1765, accuracy_top-5: 88.2353
2024-03-19 18:06:42,949 - mmcls - INFO - Epoch(val) [12][9]	accuracy_top-1: 45.5882, accuracy_top-5: 91.1765
2024-03-19 18:06:56,697 - mmcls - INFO - Epoch(val) [13][9]	accuracy_top-1: 33.8235, accuracy_top-5: 86.0294
2024-03-19 18:07:10,360 - mmcls - INFO - Epoch(val) [14][9]	accuracy_top-1: 45.5882, accuracy_top-5: 91.9118
2024-03-19 18:07:24,238 - mmcls - INFO - Epoch(val) [15][9]	accuracy_top-1: 55.8824, accuracy_top-5: 88.9706
2024-03-19 18:07:38,178 - mmcls - INFO - Epoch(val) [16][9]	accuracy_top-1: 53.6765, accuracy_top-5: 90.4412
2024-03-19 18:07:51,724 - mmcls - INFO - Epoch(val) [17][9]	accuracy_top-1: 50.7353, accuracy_top-5: 91.9118
2024-03-19 18:08:05,404 - mmcls - INFO - Epoch(val) [18][9]	accuracy_top-1: 55.8824, accuracy_top-5: 94.8529
2024-03-19 18:08:19,326 - mmcls - INFO - Epoch(val) [19][9]	accuracy_top-1: 56.6176, accuracy_top-5: 89.7059
2024-03-19 18:08:33,082 - mmcls - INFO - Epoch(val) [20][9]	accuracy_top-1: 48.5294, accuracy_top-5: 91.1765
2024-03-19 18:08:46,948 - mmcls - INFO - Epoch(val) [21][9]	accuracy_top-1: 51.4706, accuracy_top-5: 95.5882
2024-03-19 18:09:00,490 - mmcls - INFO - Epoch(val) [22][9]	accuracy_top-1: 61.7647, accuracy_top-5: 92.6471
2024-03-19 18:09:14,206 - mmcls - INFO - Epoch(val) [23][9]	accuracy_top-1: 55.8824, accuracy_top-5: 97.0588
2024-03-19 18:09:27,827 - mmcls - INFO - Epoch(val) [24][9]	accuracy_top-1: 58.8235, accuracy_top-5: 93.3824
2024-03-19 18:09:41,257 - mmcls - INFO - Epoch(val) [25][9]	accuracy_top-1: 63.9706, accuracy_top-5: 94.8529
2024-03-19 18:09:55,336 - mmcls - INFO - Epoch(val) [26][9]	accuracy_top-1: 59.5588, accuracy_top-5: 94.1176
2024-03-19 18:10:09,102 - mmcls - INFO - Epoch(val) [27][9]	accuracy_top-1: 65.4412, accuracy_top-5: 93.3824
2024-03-19 18:10:22,912 - mmcls - INFO - Epoch(val) [28][9]	accuracy_top-1: 59.5588, accuracy_top-5: 94.1176
2024-03-19 18:10:36,425 - mmcls - INFO - Epoch(val) [29][9]	accuracy_top-1: 61.0294, accuracy_top-5: 95.5882
2024-03-19 18:10:50,154 - mmcls - INFO - Epoch(val) [30][9]	accuracy_top-1: 67.6471, accuracy_top-5: 94.8529
2024-03-19 18:11:03,806 - mmcls - INFO - Epoch(val) [31][9]	accuracy_top-1: 62.5000, accuracy_top-5: 94.8529
2024-03-19 18:11:17,311 - mmcls - INFO - Epoch(val) [32][9]	accuracy_top-1: 66.1765, accuracy_top-5: 97.7941
2024-03-19 18:11:30,926 - mmcls - INFO - Epoch(val) [33][9]	accuracy_top-1: 71.3235, accuracy_top-5: 96.3235
2024-03-19 18:11:44,608 - mmcls - INFO - Epoch(val) [34][9]	accuracy_top-1: 64.7059, accuracy_top-5: 93.3824
2024-03-19 18:11:58,177 - mmcls - INFO - Epoch(val) [35][9]	accuracy_top-1: 68.3824, accuracy_top-5: 94.1176
2024-03-19 18:12:12,026 - mmcls - INFO - Epoch(val) [36][9]	accuracy_top-1: 71.3235, accuracy_top-5: 93.3824
2024-03-19 18:12:25,748 - mmcls - INFO - Epoch(val) [37][9]	accuracy_top-1: 71.3235, accuracy_top-5: 93.3824
2024-03-19 18:12:39,471 - mmcls - INFO - Epoch(val) [38][9]	accuracy_top-1: 69.8529, accuracy_top-5: 92.6471
2024-03-19 18:12:53,380 - mmcls - INFO - Epoch(val) [39][9]	accuracy_top-1: 66.9118, accuracy_top-5: 91.9118
2024-03-19 18:13:07,250 - mmcls - INFO - Epoch(val) [40][9]	accuracy_top-1: 64.7059, accuracy_top-5: 93.3824
2024-03-19 18:13:21,405 - mmcls - INFO - Epoch(val) [41][9]	accuracy_top-1: 73.5294, accuracy_top-5: 94.8529
2024-03-19 18:13:35,006 - mmcls - INFO - Epoch(val) [42][9]	accuracy_top-1: 71.3235, accuracy_top-5: 95.5882
2024-03-19 18:13:48,758 - mmcls - INFO - Epoch(val) [43][9]	accuracy_top-1: 66.1765, accuracy_top-5: 94.8529
2024-03-19 18:14:02,385 - mmcls - INFO - Epoch(val) [44][9]	accuracy_top-1: 73.5294, accuracy_top-5: 97.0588
2024-03-19 18:14:16,322 - mmcls - INFO - Epoch(val) [45][9]	accuracy_top-1: 74.2647, accuracy_top-5: 96.3235
2024-03-19 18:14:29,977 - mmcls - INFO - Epoch(val) [46][9]	accuracy_top-1: 72.0588, accuracy_top-5: 91.9118
2024-03-19 18:14:43,779 - mmcls - INFO - Epoch(val) [47][9]	accuracy_top-1: 66.1765, accuracy_top-5: 97.7941
2024-03-19 18:14:57,771 - mmcls - INFO - Epoch(val) [48][9]	accuracy_top-1: 75.0000, accuracy_top-5: 95.5882
2024-03-19 18:15:11,718 - mmcls - INFO - Epoch(val) [49][9]	accuracy_top-1: 72.0588, accuracy_top-5: 95.5882
2024-03-19 18:15:25,276 - mmcls - INFO - Epoch(val) [50][9]	accuracy_top-1: 72.7941, accuracy_top-5: 96.3235
2024-03-19 18:15:39,048 - mmcls - INFO - Epoch(val) [51][9]	accuracy_top-1: 72.7941, accuracy_top-5: 97.0588
2024-03-19 18:15:52,908 - mmcls - INFO - Epoch(val) [52][9]	accuracy_top-1: 66.1765, accuracy_top-5: 94.1176
2024-03-19 18:16:06,752 - mmcls - INFO - Epoch(val) [53][9]	accuracy_top-1: 75.0000, accuracy_top-5: 98.5294
2024-03-19 18:16:20,337 - mmcls - INFO - Epoch(val) [54][9]	accuracy_top-1: 71.3235, accuracy_top-5: 97.0588
2024-03-19 18:16:34,121 - mmcls - INFO - Epoch(val) [55][9]	accuracy_top-1: 73.5294, accuracy_top-5: 98.5294
2024-03-19 18:16:47,709 - mmcls - INFO - Epoch(val) [56][9]	accuracy_top-1: 72.7941, accuracy_top-5: 98.5294
2024-03-19 18:17:01,306 - mmcls - INFO - Epoch(val) [57][9]	accuracy_top-1: 73.5294, accuracy_top-5: 97.0588
2024-03-19 18:17:15,302 - mmcls - INFO - Epoch(val) [58][9]	accuracy_top-1: 72.0588, accuracy_top-5: 99.2647
2024-03-19 18:17:29,425 - mmcls - INFO - Epoch(val) [59][9]	accuracy_top-1: 78.6765, accuracy_top-5: 97.7941
2024-03-19 18:17:43,164 - mmcls - INFO - Epoch(val) [60][9]	accuracy_top-1: 77.9412, accuracy_top-5: 98.5294
2024-03-19 18:17:57,334 - mmcls - INFO - Epoch(val) [61][9]	accuracy_top-1: 79.4118, accuracy_top-5: 98.5294
2024-03-19 18:18:11,200 - mmcls - INFO - Epoch(val) [62][9]	accuracy_top-1: 70.5882, accuracy_top-5: 95.5882
2024-03-19 18:18:24,986 - mmcls - INFO - Epoch(val) [63][9]	accuracy_top-1: 75.7353, accuracy_top-5: 98.5294
2024-03-19 18:18:38,722 - mmcls - INFO - Epoch(val) [64][9]	accuracy_top-1: 71.3235, accuracy_top-5: 97.0588
2024-03-19 18:18:52,420 - mmcls - INFO - Epoch(val) [65][9]	accuracy_top-1: 74.2647, accuracy_top-5: 97.0588
2024-03-19 18:19:06,068 - mmcls - INFO - Epoch(val) [66][9]	accuracy_top-1: 72.0588, accuracy_top-5: 95.5882
2024-03-19 18:19:19,803 - mmcls - INFO - Epoch(val) [67][9]	accuracy_top-1: 72.0588, accuracy_top-5: 97.0588
2024-03-19 18:19:33,647 - mmcls - INFO - Epoch(val) [68][9]	accuracy_top-1: 75.7353, accuracy_top-5: 96.3235
2024-03-19 18:19:47,516 - mmcls - INFO - Epoch(val) [69][9]	accuracy_top-1: 68.3824, accuracy_top-5: 94.8529
2024-03-19 18:20:01,399 - mmcls - INFO - Epoch(val) [70][9]	accuracy_top-1: 74.2647, accuracy_top-5: 95.5882
2024-03-19 18:20:15,254 - mmcls - INFO - Epoch(val) [71][9]	accuracy_top-1: 76.4706, accuracy_top-5: 94.1176
2024-03-19 18:20:28,963 - mmcls - INFO - Epoch(val) [72][9]	accuracy_top-1: 76.4706, accuracy_top-5: 98.5294
2024-03-19 18:20:42,737 - mmcls - INFO - Epoch(val) [73][9]	accuracy_top-1: 79.4118, accuracy_top-5: 96.3235
2024-03-19 18:20:56,662 - mmcls - INFO - Epoch(val) [74][9]	accuracy_top-1: 76.4706, accuracy_top-5: 100.0000
2024-03-19 18:21:10,376 - mmcls - INFO - Epoch(val) [75][9]	accuracy_top-1: 81.6176, accuracy_top-5: 99.2647
2024-03-19 18:21:24,119 - mmcls - INFO - Epoch(val) [76][9]	accuracy_top-1: 77.2059, accuracy_top-5: 100.0000
2024-03-19 18:21:37,793 - mmcls - INFO - Epoch(val) [77][9]	accuracy_top-1: 78.6765, accuracy_top-5: 100.0000
2024-03-19 18:21:51,536 - mmcls - INFO - Epoch(val) [78][9]	accuracy_top-1: 75.7353, accuracy_top-5: 98.5294
2024-03-19 18:22:05,368 - mmcls - INFO - Epoch(val) [79][9]	accuracy_top-1: 71.3235, accuracy_top-5: 98.5294
2024-03-19 18:22:19,049 - mmcls - INFO - Epoch(val) [80][9]	accuracy_top-1: 77.2059, accuracy_top-5: 97.0588
2024-03-19 18:22:32,861 - mmcls - INFO - Epoch(val) [81][9]	accuracy_top-1: 82.3529, accuracy_top-5: 100.0000
2024-03-19 18:22:46,840 - mmcls - INFO - Epoch(val) [82][9]	accuracy_top-1: 72.7941, accuracy_top-5: 97.7941
2024-03-19 18:23:00,560 - mmcls - INFO - Epoch(val) [83][9]	accuracy_top-1: 81.6176, accuracy_top-5: 97.7941
2024-03-19 18:23:14,130 - mmcls - INFO - Epoch(val) [84][9]	accuracy_top-1: 81.6176, accuracy_top-5: 99.2647
2024-03-19 18:23:27,738 - mmcls - INFO - Epoch(val) [85][9]	accuracy_top-1: 79.4118, accuracy_top-5: 99.2647
2024-03-19 18:23:41,943 - mmcls - INFO - Epoch(val) [86][9]	accuracy_top-1: 77.2059, accuracy_top-5: 99.2647
2024-03-19 18:23:55,714 - mmcls - INFO - Epoch(val) [87][9]	accuracy_top-1: 75.7353, accuracy_top-5: 99.2647
2024-03-19 18:24:09,329 - mmcls - INFO - Epoch(val) [88][9]	accuracy_top-1: 80.8824, accuracy_top-5: 98.5294
2024-03-19 18:24:23,007 - mmcls - INFO - Epoch(val) [89][9]	accuracy_top-1: 80.8824, accuracy_top-5: 99.2647
2024-03-19 18:24:36,701 - mmcls - INFO - Epoch(val) [90][9]	accuracy_top-1: 74.2647, accuracy_top-5: 98.5294
2024-03-19 18:24:50,029 - mmcls - INFO - Epoch(val) [91][9]	accuracy_top-1: 77.9412, accuracy_top-5: 98.5294
2024-03-19 18:25:04,024 - mmcls - INFO - Epoch(val) [92][9]	accuracy_top-1: 79.4118, accuracy_top-5: 98.5294
2024-03-19 18:25:17,760 - mmcls - INFO - Epoch(val) [93][9]	accuracy_top-1: 83.0882, accuracy_top-5: 98.5294
2024-03-19 18:25:31,489 - mmcls - INFO - Epoch(val) [94][9]	accuracy_top-1: 81.6176, accuracy_top-5: 97.7941
2024-03-19 18:25:45,214 - mmcls - INFO - Epoch(val) [95][9]	accuracy_top-1: 83.8235, accuracy_top-5: 97.7941
2024-03-19 18:25:58,978 - mmcls - INFO - Epoch(val) [96][9]	accuracy_top-1: 82.3529, accuracy_top-5: 98.5294
2024-03-19 18:26:12,642 - mmcls - INFO - Epoch(val) [97][9]	accuracy_top-1: 83.8235, accuracy_top-5: 98.5294
2024-03-19 18:26:26,420 - mmcls - INFO - Epoch(val) [98][9]	accuracy_top-1: 82.3529, accuracy_top-5: 98.5294
2024-03-19 18:26:40,515 - mmcls - INFO - Epoch(val) [99][9]	accuracy_top-1: 72.7941, accuracy_top-5: 99.2647
2024-03-19 18:26:53,126 - mmcls - INFO - Saving checkpoint at 100 epochs
2024-03-19 18:26:55,661 - mmcls - INFO - Epoch(val) [100][9]	accuracy_top-1: 82.3529, accuracy_top-5: 97.0588
2024-03-19 18:27:09,280 - mmcls - INFO - Epoch(val) [101][9]	accuracy_top-1: 84.5588, accuracy_top-5: 99.2647
2024-03-19 18:27:22,483 - mmcls - INFO - Epoch(val) [102][9]	accuracy_top-1: 85.2941, accuracy_top-5: 99.2647
2024-03-19 18:27:36,054 - mmcls - INFO - Epoch(val) [103][9]	accuracy_top-1: 86.7647, accuracy_top-5: 99.2647
2024-03-19 18:27:49,535 - mmcls - INFO - Epoch(val) [104][9]	accuracy_top-1: 86.0294, accuracy_top-5: 99.2647
2024-03-19 18:28:03,078 - mmcls - INFO - Epoch(val) [105][9]	accuracy_top-1: 84.5588, accuracy_top-5: 99.2647
2024-03-19 18:28:16,885 - mmcls - INFO - Epoch(val) [106][9]	accuracy_top-1: 86.0294, accuracy_top-5: 99.2647
2024-03-19 18:28:30,651 - mmcls - INFO - Epoch(val) [107][9]	accuracy_top-1: 89.7059, accuracy_top-5: 99.2647
2024-03-19 18:28:44,739 - mmcls - INFO - Epoch(val) [108][9]	accuracy_top-1: 86.7647, accuracy_top-5: 99.2647
2024-03-19 18:28:58,377 - mmcls - INFO - Epoch(val) [109][9]	accuracy_top-1: 88.2353, accuracy_top-5: 99.2647
2024-03-19 18:29:11,920 - mmcls - INFO - Epoch(val) [110][9]	accuracy_top-1: 87.5000, accuracy_top-5: 99.2647
2024-03-19 18:29:25,562 - mmcls - INFO - Epoch(val) [111][9]	accuracy_top-1: 86.0294, accuracy_top-5: 99.2647
2024-03-19 18:29:39,331 - mmcls - INFO - Epoch(val) [112][9]	accuracy_top-1: 86.7647, accuracy_top-5: 99.2647
2024-03-19 18:29:52,987 - mmcls - INFO - Epoch(val) [113][9]	accuracy_top-1: 86.7647, accuracy_top-5: 99.2647
2024-03-19 18:30:06,680 - mmcls - INFO - Epoch(val) [114][9]	accuracy_top-1: 86.7647, accuracy_top-5: 99.2647
2024-03-19 18:30:20,419 - mmcls - INFO - Epoch(val) [115][9]	accuracy_top-1: 86.7647, accuracy_top-5: 100.0000
2024-03-19 18:30:34,293 - mmcls - INFO - Epoch(val) [116][9]	accuracy_top-1: 86.7647, accuracy_top-5: 99.2647
2024-03-19 18:30:48,122 - mmcls - INFO - Epoch(val) [117][9]	accuracy_top-1: 86.0294, accuracy_top-5: 99.2647
2024-03-19 18:31:01,876 - mmcls - INFO - Epoch(val) [118][9]	accuracy_top-1: 87.5000, accuracy_top-5: 99.2647
2024-03-19 18:31:15,552 - mmcls - INFO - Epoch(val) [119][9]	accuracy_top-1: 86.7647, accuracy_top-5: 99.2647
2024-03-19 18:31:29,286 - mmcls - INFO - Epoch(val) [120][9]	accuracy_top-1: 87.5000, accuracy_top-5: 99.2647
2024-03-19 18:31:43,021 - mmcls - INFO - Epoch(val) [121][9]	accuracy_top-1: 88.2353, accuracy_top-5: 100.0000
2024-03-19 18:31:56,779 - mmcls - INFO - Epoch(val) [122][9]	accuracy_top-1: 87.5000, accuracy_top-5: 100.0000
2024-03-19 18:32:10,834 - mmcls - INFO - Epoch(val) [123][9]	accuracy_top-1: 86.0294, accuracy_top-5: 100.0000
2024-03-19 18:32:24,784 - mmcls - INFO - Epoch(val) [124][9]	accuracy_top-1: 86.7647, accuracy_top-5: 99.2647
2024-03-19 18:32:38,547 - mmcls - INFO - Epoch(val) [125][9]	accuracy_top-1: 87.5000, accuracy_top-5: 100.0000
2024-03-19 18:32:52,242 - mmcls - INFO - Epoch(val) [126][9]	accuracy_top-1: 86.7647, accuracy_top-5: 100.0000
2024-03-19 18:33:06,504 - mmcls - INFO - Epoch(val) [127][9]	accuracy_top-1: 86.0294, accuracy_top-5: 99.2647
2024-03-19 18:33:20,576 - mmcls - INFO - Epoch(val) [128][9]	accuracy_top-1: 87.5000, accuracy_top-5: 100.0000
2024-03-19 18:33:34,366 - mmcls - INFO - Epoch(val) [129][9]	accuracy_top-1: 86.7647, accuracy_top-5: 100.0000
2024-03-19 18:33:48,036 - mmcls - INFO - Epoch(val) [130][9]	accuracy_top-1: 87.5000, accuracy_top-5: 100.0000
2024-03-19 18:34:01,743 - mmcls - INFO - Epoch(val) [131][9]	accuracy_top-1: 88.2353, accuracy_top-5: 99.2647
2024-03-19 18:34:15,394 - mmcls - INFO - Epoch(val) [132][9]	accuracy_top-1: 90.4412, accuracy_top-5: 99.2647
2024-03-19 18:34:28,935 - mmcls - INFO - Epoch(val) [133][9]	accuracy_top-1: 88.2353, accuracy_top-5: 99.2647
2024-03-19 18:34:42,604 - mmcls - INFO - Epoch(val) [134][9]	accuracy_top-1: 88.2353, accuracy_top-5: 99.2647
2024-03-19 18:34:56,430 - mmcls - INFO - Epoch(val) [135][9]	accuracy_top-1: 89.7059, accuracy_top-5: 99.2647
2024-03-19 18:35:10,052 - mmcls - INFO - Epoch(val) [136][9]	accuracy_top-1: 88.9706, accuracy_top-5: 99.2647
2024-03-19 18:35:23,420 - mmcls - INFO - Epoch(val) [137][9]	accuracy_top-1: 88.2353, accuracy_top-5: 99.2647
2024-03-19 18:35:36,761 - mmcls - INFO - Epoch(val) [138][9]	accuracy_top-1: 88.2353, accuracy_top-5: 100.0000
2024-03-19 18:35:50,189 - mmcls - INFO - Epoch(val) [139][9]	accuracy_top-1: 88.9706, accuracy_top-5: 99.2647
2024-03-19 18:36:03,855 - mmcls - INFO - Epoch(val) [140][9]	accuracy_top-1: 87.5000, accuracy_top-5: 99.2647
2024-03-19 18:36:17,707 - mmcls - INFO - Epoch(val) [141][9]	accuracy_top-1: 87.5000, accuracy_top-5: 99.2647
2024-03-19 18:36:31,359 - mmcls - INFO - Epoch(val) [142][9]	accuracy_top-1: 87.5000, accuracy_top-5: 100.0000
2024-03-19 18:36:45,006 - mmcls - INFO - Epoch(val) [143][9]	accuracy_top-1: 87.5000, accuracy_top-5: 100.0000
2024-03-19 18:36:58,787 - mmcls - INFO - Epoch(val) [144][9]	accuracy_top-1: 88.9706, accuracy_top-5: 100.0000
2024-03-19 18:37:12,401 - mmcls - INFO - Epoch(val) [145][9]	accuracy_top-1: 88.2353, accuracy_top-5: 100.0000
2024-03-19 18:37:26,062 - mmcls - INFO - Epoch(val) [146][9]	accuracy_top-1: 88.9706, accuracy_top-5: 100.0000
2024-03-19 18:37:39,582 - mmcls - INFO - Epoch(val) [147][9]	accuracy_top-1: 88.9706, accuracy_top-5: 100.0000
2024-03-19 18:37:53,377 - mmcls - INFO - Epoch(val) [148][9]	accuracy_top-1: 89.7059, accuracy_top-5: 100.0000
2024-03-19 18:38:07,716 - mmcls - INFO - Epoch(val) [149][9]	accuracy_top-1: 88.2353, accuracy_top-5: 100.0000
2024-03-19 18:38:22,019 - mmcls - INFO - Epoch(val) [150][9]	accuracy_top-1: 86.0294, accuracy_top-5: 99.2647
2024-03-19 18:38:35,710 - mmcls - INFO - Epoch(val) [151][9]	accuracy_top-1: 86.0294, accuracy_top-5: 100.0000
2024-03-19 18:38:49,471 - mmcls - INFO - Epoch(val) [152][9]	accuracy_top-1: 87.5000, accuracy_top-5: 100.0000
2024-03-19 18:39:02,866 - mmcls - INFO - Epoch(val) [153][9]	accuracy_top-1: 87.5000, accuracy_top-5: 100.0000
2024-03-19 18:39:16,344 - mmcls - INFO - Epoch(val) [154][9]	accuracy_top-1: 88.2353, accuracy_top-5: 100.0000
2024-03-19 18:39:30,077 - mmcls - INFO - Epoch(val) [155][9]	accuracy_top-1: 88.2353, accuracy_top-5: 100.0000
2024-03-19 18:39:43,861 - mmcls - INFO - Epoch(val) [156][9]	accuracy_top-1: 88.2353, accuracy_top-5: 100.0000
2024-03-19 18:39:57,408 - mmcls - INFO - Epoch(val) [157][9]	accuracy_top-1: 88.9706, accuracy_top-5: 99.2647
2024-03-19 18:40:11,032 - mmcls - INFO - Epoch(val) [158][9]	accuracy_top-1: 87.5000, accuracy_top-5: 99.2647
2024-03-19 18:40:24,745 - mmcls - INFO - Epoch(val) [159][9]	accuracy_top-1: 88.2353, accuracy_top-5: 99.2647
2024-03-19 18:40:38,568 - mmcls - INFO - Epoch(val) [160][9]	accuracy_top-1: 87.5000, accuracy_top-5: 99.2647
2024-03-19 18:40:52,222 - mmcls - INFO - Epoch(val) [161][9]	accuracy_top-1: 87.5000, accuracy_top-5: 100.0000
2024-03-19 18:41:06,155 - mmcls - INFO - Epoch(val) [162][9]	accuracy_top-1: 88.9706, accuracy_top-5: 99.2647
2024-03-19 18:41:19,714 - mmcls - INFO - Epoch(val) [163][9]	accuracy_top-1: 87.5000, accuracy_top-5: 100.0000
2024-03-19 18:41:33,613 - mmcls - INFO - Epoch(val) [164][9]	accuracy_top-1: 88.2353, accuracy_top-5: 99.2647
2024-03-19 18:41:47,252 - mmcls - INFO - Epoch(val) [165][9]	accuracy_top-1: 87.5000, accuracy_top-5: 99.2647
2024-03-19 18:42:00,906 - mmcls - INFO - Epoch(val) [166][9]	accuracy_top-1: 87.5000, accuracy_top-5: 99.2647
2024-03-19 18:42:14,811 - mmcls - INFO - Epoch(val) [167][9]	accuracy_top-1: 88.9706, accuracy_top-5: 99.2647
2024-03-19 18:42:28,589 - mmcls - INFO - Epoch(val) [168][9]	accuracy_top-1: 87.5000, accuracy_top-5: 100.0000
2024-03-19 18:42:42,460 - mmcls - INFO - Epoch(val) [169][9]	accuracy_top-1: 86.7647, accuracy_top-5: 100.0000
2024-03-19 18:42:56,192 - mmcls - INFO - Epoch(val) [170][9]	accuracy_top-1: 88.2353, accuracy_top-5: 99.2647
2024-03-19 18:43:09,777 - mmcls - INFO - Epoch(val) [171][9]	accuracy_top-1: 88.9706, accuracy_top-5: 99.2647
2024-03-19 18:43:23,724 - mmcls - INFO - Epoch(val) [172][9]	accuracy_top-1: 87.5000, accuracy_top-5: 99.2647
2024-03-19 18:43:37,597 - mmcls - INFO - Epoch(val) [173][9]	accuracy_top-1: 86.7647, accuracy_top-5: 100.0000
2024-03-19 18:43:51,477 - mmcls - INFO - Epoch(val) [174][9]	accuracy_top-1: 88.9706, accuracy_top-5: 99.2647
2024-03-19 18:44:05,379 - mmcls - INFO - Epoch(val) [175][9]	accuracy_top-1: 88.9706, accuracy_top-5: 99.2647
2024-03-19 18:44:19,146 - mmcls - INFO - Epoch(val) [176][9]	accuracy_top-1: 88.9706, accuracy_top-5: 99.2647
2024-03-19 18:44:32,844 - mmcls - INFO - Epoch(val) [177][9]	accuracy_top-1: 88.2353, accuracy_top-5: 99.2647
2024-03-19 18:44:46,657 - mmcls - INFO - Epoch(val) [178][9]	accuracy_top-1: 88.2353, accuracy_top-5: 99.2647
2024-03-19 18:45:00,621 - mmcls - INFO - Epoch(val) [179][9]	accuracy_top-1: 90.4412, accuracy_top-5: 99.2647
2024-03-19 18:45:14,248 - mmcls - INFO - Epoch(val) [180][9]	accuracy_top-1: 89.7059, accuracy_top-5: 99.2647
2024-03-19 18:45:27,858 - mmcls - INFO - Epoch(val) [181][9]	accuracy_top-1: 88.2353, accuracy_top-5: 99.2647
2024-03-19 18:45:41,485 - mmcls - INFO - Epoch(val) [182][9]	accuracy_top-1: 88.9706, accuracy_top-5: 99.2647
2024-03-19 18:45:54,906 - mmcls - INFO - Epoch(val) [183][9]	accuracy_top-1: 87.5000, accuracy_top-5: 99.2647
2024-03-19 18:46:08,751 - mmcls - INFO - Epoch(val) [184][9]	accuracy_top-1: 88.2353, accuracy_top-5: 99.2647
2024-03-19 18:46:22,456 - mmcls - INFO - Epoch(val) [185][9]	accuracy_top-1: 88.2353, accuracy_top-5: 99.2647
2024-03-19 18:46:35,918 - mmcls - INFO - Epoch(val) [186][9]	accuracy_top-1: 88.9706, accuracy_top-5: 100.0000
2024-03-19 18:46:49,433 - mmcls - INFO - Epoch(val) [187][9]	accuracy_top-1: 87.5000, accuracy_top-5: 100.0000
2024-03-19 18:47:03,095 - mmcls - INFO - Epoch(val) [188][9]	accuracy_top-1: 87.5000, accuracy_top-5: 100.0000
2024-03-19 18:47:16,763 - mmcls - INFO - Epoch(val) [189][9]	accuracy_top-1: 88.9706, accuracy_top-5: 99.2647
2024-03-19 18:47:30,712 - mmcls - INFO - Epoch(val) [190][9]	accuracy_top-1: 88.9706, accuracy_top-5: 100.0000
2024-03-19 18:47:44,928 - mmcls - INFO - Epoch(val) [191][9]	accuracy_top-1: 89.7059, accuracy_top-5: 99.2647
2024-03-19 18:47:58,679 - mmcls - INFO - Epoch(val) [192][9]	accuracy_top-1: 88.9706, accuracy_top-5: 100.0000
2024-03-19 18:48:12,654 - mmcls - INFO - Epoch(val) [193][9]	accuracy_top-1: 88.9706, accuracy_top-5: 100.0000
2024-03-19 18:48:26,832 - mmcls - INFO - Epoch(val) [194][9]	accuracy_top-1: 89.7059, accuracy_top-5: 100.0000
2024-03-19 18:48:40,836 - mmcls - INFO - Epoch(val) [195][9]	accuracy_top-1: 88.9706, accuracy_top-5: 100.0000
2024-03-19 18:48:54,890 - mmcls - INFO - Epoch(val) [196][9]	accuracy_top-1: 88.2353, accuracy_top-5: 100.0000
2024-03-19 18:49:09,186 - mmcls - INFO - Epoch(val) [197][9]	accuracy_top-1: 89.7059, accuracy_top-5: 99.2647
2024-03-19 18:49:22,909 - mmcls - INFO - Epoch(val) [198][9]	accuracy_top-1: 88.2353, accuracy_top-5: 100.0000
2024-03-19 18:49:36,947 - mmcls - INFO - Epoch(val) [199][9]	accuracy_top-1: 88.9706, accuracy_top-5: 99.2647
2024-03-19 18:49:49,342 - mmcls - INFO - Saving checkpoint at 200 epochs
2024-03-19 18:49:51,577 - mmcls - INFO - Epoch(val) [200][9]	accuracy_top-1: 88.9706, accuracy_top-5: 100.0000
