2024-03-06 14:53:18,333 - mmcls - INFO - Environment info:
------------------------------------------------------------
sys.platform: linux
Python: 3.7.16 (default, Jan 17 2023, 22:20:44) [GCC 11.2.0]
CUDA available: True
GPU 0: NVIDIA GeForce RTX 2080 Ti
CUDA_HOME: /usr/local/cuda
NVCC: Cuda compilation tools, release 11.8, V11.8.89
GCC: gcc (Ubuntu 11.4.0-1ubuntu1~22.04) 11.4.0
PyTorch: 1.7.1
PyTorch compiling details: PyTorch built with:
  - GCC 7.3
  - C++ Version: 201402
  - Intel(R) oneAPI Math Kernel Library Version 2021.4-Product Build 20210904 for Intel(R) 64 architecture applications
  - Intel(R) MKL-DNN v1.6.0 (Git Hash 5ef631a030a6f73131c77892041042805a06064f)
  - OpenMP 201511 (a.k.a. OpenMP 4.5)
  - NNPACK is enabled
  - CPU capability usage: AVX2
  - CUDA Runtime 10.1
  - NVCC architecture flags: -gencode;arch=compute_37,code=sm_37;-gencode;arch=compute_50,code=sm_50;-gencode;arch=compute_60,code=sm_60;-gencode;arch=compute_61,code=sm_61;-gencode;arch=compute_70,code=sm_70;-gencode;arch=compute_75,code=sm_75;-gencode;arch=compute_37,code=compute_37
  - CuDNN 7.6.3
  - Magma 2.5.2
  - Build settings: BLAS=MKL, BUILD_TYPE=Release, CXX_FLAGS= -Wno-deprecated -fvisibility-inlines-hidden -DUSE_PTHREADPOOL -fopenmp -DNDEBUG -DUSE_FBGEMM -DUSE_QNNPACK -DUSE_PYTORCH_QNNPACK -DUSE_XNNPACK -DUSE_VULKAN_WRAPPER -O2 -fPIC -Wno-narrowing -Wall -Wextra -Werror=return-type -Wno-missing-field-initializers -Wno-type-limits -Wno-array-bounds -Wno-unknown-pragmas -Wno-sign-compare -Wno-unused-parameter -Wno-unused-variable -Wno-unused-function -Wno-unused-result -Wno-unused-local-typedefs -Wno-strict-overflow -Wno-strict-aliasing -Wno-error=deprecated-declarations -Wno-stringop-overflow -Wno-psabi -Wno-error=pedantic -Wno-error=redundant-decls -Wno-error=old-style-cast -fdiagnostics-color=always -faligned-new -Wno-unused-but-set-variable -Wno-maybe-uninitialized -fno-math-errno -fno-trapping-math -Werror=format -Wno-stringop-overflow, PERF_WITH_AVX=1, PERF_WITH_AVX2=1, PERF_WITH_AVX512=1, USE_CUDA=ON, USE_EXCEPTION_PTR=1, USE_GFLAGS=OFF, USE_GLOG=OFF, USE_MKL=ON, USE_MKLDNN=ON, USE_MPI=OFF, USE_NCCL=ON, USE_NNPACK=ON, USE_OPENMP=ON, 

TorchVision: 0.8.2
OpenCV: 4.9.0
MMCV: 1.5.0
MMCV Compiler: GCC 11.4
MMCV CUDA Compiler: 11.8
MMClassification: 0.15.0+cd68008
------------------------------------------------------------

2024-03-06 14:53:18,335 - mmcls - INFO - Distributed training: False
2024-03-06 14:53:18,476 - mmcls - INFO - Config:
model = dict(
    type='ImageClassifier',
    backbone=dict(
        type='VGG',
        depth=19,
        norm_cfg=dict(type='BN', requires_grad=True),
        num_classes=17),
    neck=None,
    head=dict(
        type='ClsHead', loss=dict(type='CrossEntropyLoss', loss_weight=1.0)))
dataset_type = 'Flowers'
img_norm_cfg = dict(
    mean=[123.675, 116.28, 103.53], std=[58.395, 57.12, 57.375], to_rgb=True)
train_pipeline = [
    dict(type='LoadImageFromFile'),
    dict(type='RandomResizedCrop', size=224),
    dict(type='RandomFlip', flip_prob=0.5, direction='horizontal'),
    dict(
        type='Normalize',
        mean=[123.675, 116.28, 103.53],
        std=[58.395, 57.12, 57.375],
        to_rgb=True),
    dict(type='ImageToTensor', keys=['img']),
    dict(type='ToTensor', keys=['gt_label']),
    dict(type='Collect', keys=['img', 'gt_label'])
]
test_pipeline = [
    dict(type='LoadImageFromFile'),
    dict(type='Resize', size=(256, -1)),
    dict(type='CenterCrop', crop_size=224),
    dict(
        type='Normalize',
        mean=[123.675, 116.28, 103.53],
        std=[58.395, 57.12, 57.375],
        to_rgb=True),
    dict(type='ImageToTensor', keys=['img']),
    dict(type='Collect', keys=['img'])
]
data = dict(
    samples_per_gpu=4,
    workers_per_gpu=1,
    train=dict(
        type='Flowers',
        data_prefix='data/flowers/train',
        ann_file='data/flowers/meta/train.txt',
        pipeline=[
            dict(type='LoadImageFromFile'),
            dict(type='RandomResizedCrop', size=224),
            dict(type='RandomFlip', flip_prob=0.5, direction='horizontal'),
            dict(
                type='Normalize',
                mean=[123.675, 116.28, 103.53],
                std=[58.395, 57.12, 57.375],
                to_rgb=True),
            dict(type='ImageToTensor', keys=['img']),
            dict(type='ToTensor', keys=['gt_label']),
            dict(type='Collect', keys=['img', 'gt_label'])
        ]),
    val=dict(
        type='Flowers',
        data_prefix='data/flowers/val',
        ann_file='data/flowers/meta/val.txt',
        pipeline=[
            dict(type='LoadImageFromFile'),
            dict(type='Resize', size=(256, -1)),
            dict(type='CenterCrop', crop_size=224),
            dict(
                type='Normalize',
                mean=[123.675, 116.28, 103.53],
                std=[58.395, 57.12, 57.375],
                to_rgb=True),
            dict(type='ImageToTensor', keys=['img']),
            dict(type='Collect', keys=['img'])
        ]),
    test=dict(
        type='Flowers',
        data_prefix='data/flowers/test',
        ann_file='data/flowers/meta/test.txt',
        pipeline=[
            dict(type='LoadImageFromFile'),
            dict(type='Resize', size=(256, -1)),
            dict(type='CenterCrop', crop_size=224),
            dict(
                type='Normalize',
                mean=[123.675, 116.28, 103.53],
                std=[58.395, 57.12, 57.375],
                to_rgb=True),
            dict(type='ImageToTensor', keys=['img']),
            dict(type='Collect', keys=['img'])
        ]))
evaluation = dict(interval=1, metric='accuracy')
optimizer = dict(type='SGD', lr=0.001, momentum=0.9, weight_decay=0.0001)
optimizer_config = dict(grad_clip=None)
lr_config = dict(policy='step', step=[100, 150])
runner = dict(type='EpochBasedRunner', max_epochs=200)
checkpoint_config = dict(interval=100)
log_config = dict(interval=100, hooks=[dict(type='TextLoggerHook')])
dist_params = dict(backend='nccl')
log_level = 'INFO'
load_from = None
resume_from = None
workflow = [('train', 1)]
work_dir = 'output/vgg19/vgg19_flowers_bs4_lr0.001'
gpu_ids = range(0, 1)

2024-03-06 14:53:19,981 - mmcls - INFO - initialize VGG with init_cfg [{'type': 'Kaiming', 'layer': ['Conv2d']}, {'type': 'Constant', 'val': 1.0, 'layer': ['_BatchNorm']}, {'type': 'Normal', 'std': 0.01, 'layer': ['Linear']}]
Name of parameter - Initialization information

backbone.features.0.conv.weight - torch.Size([64, 3, 3, 3]): 
KaimingInit: a=0, mode=fan_out, nonlinearity=relu, distribution =normal, bias=0 

backbone.features.0.conv.bias - torch.Size([64]): 
The value is the same before and after calling `init_weights` of ImageClassifier  

backbone.features.0.bn.weight - torch.Size([64]): 
The value is the same before and after calling `init_weights` of ImageClassifier  

backbone.features.0.bn.bias - torch.Size([64]): 
The value is the same before and after calling `init_weights` of ImageClassifier  

backbone.features.1.conv.weight - torch.Size([64, 64, 3, 3]): 
KaimingInit: a=0, mode=fan_out, nonlinearity=relu, distribution =normal, bias=0 

backbone.features.1.conv.bias - torch.Size([64]): 
The value is the same before and after calling `init_weights` of ImageClassifier  

backbone.features.1.bn.weight - torch.Size([64]): 
The value is the same before and after calling `init_weights` of ImageClassifier  

backbone.features.1.bn.bias - torch.Size([64]): 
The value is the same before and after calling `init_weights` of ImageClassifier  

backbone.features.3.conv.weight - torch.Size([128, 64, 3, 3]): 
KaimingInit: a=0, mode=fan_out, nonlinearity=relu, distribution =normal, bias=0 

backbone.features.3.conv.bias - torch.Size([128]): 
The value is the same before and after calling `init_weights` of ImageClassifier  

backbone.features.3.bn.weight - torch.Size([128]): 
The value is the same before and after calling `init_weights` of ImageClassifier  

backbone.features.3.bn.bias - torch.Size([128]): 
The value is the same before and after calling `init_weights` of ImageClassifier  

backbone.features.4.conv.weight - torch.Size([128, 128, 3, 3]): 
KaimingInit: a=0, mode=fan_out, nonlinearity=relu, distribution =normal, bias=0 

backbone.features.4.conv.bias - torch.Size([128]): 
The value is the same before and after calling `init_weights` of ImageClassifier  

backbone.features.4.bn.weight - torch.Size([128]): 
The value is the same before and after calling `init_weights` of ImageClassifier  

backbone.features.4.bn.bias - torch.Size([128]): 
The value is the same before and after calling `init_weights` of ImageClassifier  

backbone.features.6.conv.weight - torch.Size([256, 128, 3, 3]): 
KaimingInit: a=0, mode=fan_out, nonlinearity=relu, distribution =normal, bias=0 

backbone.features.6.conv.bias - torch.Size([256]): 
The value is the same before and after calling `init_weights` of ImageClassifier  

backbone.features.6.bn.weight - torch.Size([256]): 
The value is the same before and after calling `init_weights` of ImageClassifier  

backbone.features.6.bn.bias - torch.Size([256]): 
The value is the same before and after calling `init_weights` of ImageClassifier  

backbone.features.7.conv.weight - torch.Size([256, 256, 3, 3]): 
KaimingInit: a=0, mode=fan_out, nonlinearity=relu, distribution =normal, bias=0 

backbone.features.7.conv.bias - torch.Size([256]): 
The value is the same before and after calling `init_weights` of ImageClassifier  

backbone.features.7.bn.weight - torch.Size([256]): 
The value is the same before and after calling `init_weights` of ImageClassifier  

backbone.features.7.bn.bias - torch.Size([256]): 
The value is the same before and after calling `init_weights` of ImageClassifier  

backbone.features.8.conv.weight - torch.Size([256, 256, 3, 3]): 
KaimingInit: a=0, mode=fan_out, nonlinearity=relu, distribution =normal, bias=0 

backbone.features.8.conv.bias - torch.Size([256]): 
The value is the same before and after calling `init_weights` of ImageClassifier  

backbone.features.8.bn.weight - torch.Size([256]): 
The value is the same before and after calling `init_weights` of ImageClassifier  

backbone.features.8.bn.bias - torch.Size([256]): 
The value is the same before and after calling `init_weights` of ImageClassifier  

backbone.features.9.conv.weight - torch.Size([256, 256, 3, 3]): 
KaimingInit: a=0, mode=fan_out, nonlinearity=relu, distribution =normal, bias=0 

backbone.features.9.conv.bias - torch.Size([256]): 
The value is the same before and after calling `init_weights` of ImageClassifier  

backbone.features.9.bn.weight - torch.Size([256]): 
The value is the same before and after calling `init_weights` of ImageClassifier  

backbone.features.9.bn.bias - torch.Size([256]): 
The value is the same before and after calling `init_weights` of ImageClassifier  

backbone.features.11.conv.weight - torch.Size([512, 256, 3, 3]): 
KaimingInit: a=0, mode=fan_out, nonlinearity=relu, distribution =normal, bias=0 

backbone.features.11.conv.bias - torch.Size([512]): 
The value is the same before and after calling `init_weights` of ImageClassifier  

backbone.features.11.bn.weight - torch.Size([512]): 
The value is the same before and after calling `init_weights` of ImageClassifier  

backbone.features.11.bn.bias - torch.Size([512]): 
The value is the same before and after calling `init_weights` of ImageClassifier  

backbone.features.12.conv.weight - torch.Size([512, 512, 3, 3]): 
KaimingInit: a=0, mode=fan_out, nonlinearity=relu, distribution =normal, bias=0 

backbone.features.12.conv.bias - torch.Size([512]): 
The value is the same before and after calling `init_weights` of ImageClassifier  

backbone.features.12.bn.weight - torch.Size([512]): 
The value is the same before and after calling `init_weights` of ImageClassifier  

backbone.features.12.bn.bias - torch.Size([512]): 
The value is the same before and after calling `init_weights` of ImageClassifier  

backbone.features.13.conv.weight - torch.Size([512, 512, 3, 3]): 
KaimingInit: a=0, mode=fan_out, nonlinearity=relu, distribution =normal, bias=0 

backbone.features.13.conv.bias - torch.Size([512]): 
The value is the same before and after calling `init_weights` of ImageClassifier  

backbone.features.13.bn.weight - torch.Size([512]): 
The value is the same before and after calling `init_weights` of ImageClassifier  

backbone.features.13.bn.bias - torch.Size([512]): 
The value is the same before and after calling `init_weights` of ImageClassifier  

backbone.features.14.conv.weight - torch.Size([512, 512, 3, 3]): 
KaimingInit: a=0, mode=fan_out, nonlinearity=relu, distribution =normal, bias=0 

backbone.features.14.conv.bias - torch.Size([512]): 
The value is the same before and after calling `init_weights` of ImageClassifier  

backbone.features.14.bn.weight - torch.Size([512]): 
The value is the same before and after calling `init_weights` of ImageClassifier  

backbone.features.14.bn.bias - torch.Size([512]): 
The value is the same before and after calling `init_weights` of ImageClassifier  

backbone.features.16.conv.weight - torch.Size([512, 512, 3, 3]): 
KaimingInit: a=0, mode=fan_out, nonlinearity=relu, distribution =normal, bias=0 

backbone.features.16.conv.bias - torch.Size([512]): 
The value is the same before and after calling `init_weights` of ImageClassifier  

backbone.features.16.bn.weight - torch.Size([512]): 
The value is the same before and after calling `init_weights` of ImageClassifier  

backbone.features.16.bn.bias - torch.Size([512]): 
The value is the same before and after calling `init_weights` of ImageClassifier  

backbone.features.17.conv.weight - torch.Size([512, 512, 3, 3]): 
KaimingInit: a=0, mode=fan_out, nonlinearity=relu, distribution =normal, bias=0 

backbone.features.17.conv.bias - torch.Size([512]): 
The value is the same before and after calling `init_weights` of ImageClassifier  

backbone.features.17.bn.weight - torch.Size([512]): 
The value is the same before and after calling `init_weights` of ImageClassifier  

backbone.features.17.bn.bias - torch.Size([512]): 
The value is the same before and after calling `init_weights` of ImageClassifier  

backbone.features.18.conv.weight - torch.Size([512, 512, 3, 3]): 
KaimingInit: a=0, mode=fan_out, nonlinearity=relu, distribution =normal, bias=0 

backbone.features.18.conv.bias - torch.Size([512]): 
The value is the same before and after calling `init_weights` of ImageClassifier  

backbone.features.18.bn.weight - torch.Size([512]): 
The value is the same before and after calling `init_weights` of ImageClassifier  

backbone.features.18.bn.bias - torch.Size([512]): 
The value is the same before and after calling `init_weights` of ImageClassifier  

backbone.features.19.conv.weight - torch.Size([512, 512, 3, 3]): 
KaimingInit: a=0, mode=fan_out, nonlinearity=relu, distribution =normal, bias=0 

backbone.features.19.conv.bias - torch.Size([512]): 
The value is the same before and after calling `init_weights` of ImageClassifier  

backbone.features.19.bn.weight - torch.Size([512]): 
The value is the same before and after calling `init_weights` of ImageClassifier  

backbone.features.19.bn.bias - torch.Size([512]): 
The value is the same before and after calling `init_weights` of ImageClassifier  

backbone.classifier.0.weight - torch.Size([4096, 25088]): 
NormalInit: mean=0, std=0.01, bias=0 

backbone.classifier.0.bias - torch.Size([4096]): 
NormalInit: mean=0, std=0.01, bias=0 

backbone.classifier.3.weight - torch.Size([4096, 4096]): 
NormalInit: mean=0, std=0.01, bias=0 

backbone.classifier.3.bias - torch.Size([4096]): 
NormalInit: mean=0, std=0.01, bias=0 

backbone.classifier.6.weight - torch.Size([17, 4096]): 
NormalInit: mean=0, std=0.01, bias=0 

backbone.classifier.6.bias - torch.Size([17]): 
NormalInit: mean=0, std=0.01, bias=0 
2024-03-06 14:53:25,071 - mmcls - INFO - Start running, host: zaychan@gpu2-comp-105, work_dir: /userhome/cs2/zaychan/COMP3340Project/CNN_Image_Classification_Code/output/vgg19/vgg19_flowers_bs4_lr0.001
2024-03-06 14:53:25,071 - mmcls - INFO - Hooks will be executed in the following order:
before_run:
(VERY_HIGH   ) StepLrUpdaterHook                  
(NORMAL      ) CheckpointHook                     
(NORMAL      ) EvalHook                           
(VERY_LOW    ) TextLoggerHook                     
 -------------------- 
before_train_epoch:
(VERY_HIGH   ) StepLrUpdaterHook                  
(NORMAL      ) EvalHook                           
(LOW         ) IterTimerHook                      
(VERY_LOW    ) TextLoggerHook                     
 -------------------- 
before_train_iter:
(VERY_HIGH   ) StepLrUpdaterHook                  
(NORMAL      ) EvalHook                           
(LOW         ) IterTimerHook                      
 -------------------- 
after_train_iter:
(ABOVE_NORMAL) OptimizerHook                      
(NORMAL      ) CheckpointHook                     
(NORMAL      ) EvalHook                           
(LOW         ) IterTimerHook                      
(VERY_LOW    ) TextLoggerHook                     
 -------------------- 
after_train_epoch:
(NORMAL      ) CheckpointHook                     
(NORMAL      ) EvalHook                           
(VERY_LOW    ) TextLoggerHook                     
 -------------------- 
before_val_epoch:
(LOW         ) IterTimerHook                      
(VERY_LOW    ) TextLoggerHook                     
 -------------------- 
before_val_iter:
(LOW         ) IterTimerHook                      
 -------------------- 
after_val_iter:
(LOW         ) IterTimerHook                      
 -------------------- 
after_val_epoch:
(VERY_LOW    ) TextLoggerHook                     
 -------------------- 
after_run:
(VERY_LOW    ) TextLoggerHook                     
 -------------------- 
2024-03-06 14:53:25,071 - mmcls - INFO - workflow: [('train', 1)], max: 200 epochs
2024-03-06 14:53:25,071 - mmcls - INFO - Checkpoints will be saved to /userhome/cs2/zaychan/COMP3340Project/CNN_Image_Classification_Code/output/vgg19/vgg19_flowers_bs4_lr0.001 by HardDiskBackend.
2024-03-06 14:53:33,348 - mmcls - INFO - Epoch [1][100/272]	lr: 1.000e-03, eta: 1:14:34, time: 0.082, data_time: 0.025, memory: 2525, loss: 4.0256
2024-03-06 14:53:39,036 - mmcls - INFO - Epoch [1][200/272]	lr: 1.000e-03, eta: 1:02:55, time: 0.057, data_time: 0.004, memory: 2525, loss: 3.4211
2024-03-06 14:53:45,034 - mmcls - INFO - Epoch(val) [1][34]	accuracy_top-1: 11.0294, accuracy_top-5: 42.6471
2024-03-06 14:53:52,932 - mmcls - INFO - Epoch [2][100/272]	lr: 1.000e-03, eta: 0:52:44, time: 0.079, data_time: 0.025, memory: 2525, loss: 2.8856
2024-03-06 14:53:58,699 - mmcls - INFO - Epoch [2][200/272]	lr: 1.000e-03, eta: 0:52:28, time: 0.058, data_time: 0.003, memory: 2525, loss: 2.8685
2024-03-06 14:54:04,157 - mmcls - INFO - Epoch(val) [2][34]	accuracy_top-1: 12.5000, accuracy_top-5: 55.8824
2024-03-06 14:54:12,206 - mmcls - INFO - Epoch [3][100/272]	lr: 1.000e-03, eta: 0:49:29, time: 0.080, data_time: 0.025, memory: 2525, loss: 2.7731
2024-03-06 14:54:17,965 - mmcls - INFO - Epoch [3][200/272]	lr: 1.000e-03, eta: 0:49:40, time: 0.058, data_time: 0.003, memory: 2525, loss: 2.6809
2024-03-06 14:54:23,501 - mmcls - INFO - Epoch(val) [3][34]	accuracy_top-1: 16.9118, accuracy_top-5: 64.7059
2024-03-06 14:54:31,486 - mmcls - INFO - Epoch [4][100/272]	lr: 1.000e-03, eta: 0:47:57, time: 0.079, data_time: 0.025, memory: 2525, loss: 2.6852
2024-03-06 14:54:37,258 - mmcls - INFO - Epoch [4][200/272]	lr: 1.000e-03, eta: 0:48:12, time: 0.058, data_time: 0.002, memory: 2525, loss: 2.6211
2024-03-06 14:54:42,429 - mmcls - INFO - Epoch(val) [4][34]	accuracy_top-1: 19.1176, accuracy_top-5: 72.7941
2024-03-06 14:54:50,421 - mmcls - INFO - Epoch [5][100/272]	lr: 1.000e-03, eta: 0:47:02, time: 0.080, data_time: 0.025, memory: 2525, loss: 2.6509
2024-03-06 14:54:56,149 - mmcls - INFO - Epoch [5][200/272]	lr: 1.000e-03, eta: 0:47:14, time: 0.057, data_time: 0.003, memory: 2525, loss: 2.6547
2024-03-06 14:55:01,537 - mmcls - INFO - Epoch(val) [5][34]	accuracy_top-1: 21.3235, accuracy_top-5: 70.5882
2024-03-06 14:55:09,571 - mmcls - INFO - Epoch [6][100/272]	lr: 1.000e-03, eta: 0:46:21, time: 0.080, data_time: 0.024, memory: 2525, loss: 2.6421
2024-03-06 14:55:15,350 - mmcls - INFO - Epoch [6][200/272]	lr: 1.000e-03, eta: 0:46:34, time: 0.058, data_time: 0.003, memory: 2525, loss: 2.5912
2024-03-06 14:55:20,701 - mmcls - INFO - Epoch(val) [6][34]	accuracy_top-1: 18.3824, accuracy_top-5: 69.1176
2024-03-06 14:55:28,755 - mmcls - INFO - Epoch [7][100/272]	lr: 1.000e-03, eta: 0:45:52, time: 0.080, data_time: 0.025, memory: 2525, loss: 2.5724
2024-03-06 14:55:34,540 - mmcls - INFO - Epoch [7][200/272]	lr: 1.000e-03, eta: 0:46:03, time: 0.058, data_time: 0.003, memory: 2525, loss: 2.6024
2024-03-06 14:55:39,969 - mmcls - INFO - Epoch(val) [7][34]	accuracy_top-1: 18.3824, accuracy_top-5: 67.6471
2024-03-06 14:55:47,929 - mmcls - INFO - Epoch [8][100/272]	lr: 1.000e-03, eta: 0:45:25, time: 0.079, data_time: 0.025, memory: 2525, loss: 2.5939
2024-03-06 14:55:53,714 - mmcls - INFO - Epoch [8][200/272]	lr: 1.000e-03, eta: 0:45:34, time: 0.058, data_time: 0.003, memory: 2525, loss: 2.5891
2024-03-06 14:55:58,890 - mmcls - INFO - Epoch(val) [8][34]	accuracy_top-1: 22.7941, accuracy_top-5: 77.2059
2024-03-06 14:56:06,900 - mmcls - INFO - Epoch [9][100/272]	lr: 1.000e-03, eta: 0:45:02, time: 0.080, data_time: 0.024, memory: 2525, loss: 2.6159
2024-03-06 14:56:12,658 - mmcls - INFO - Epoch [9][200/272]	lr: 1.000e-03, eta: 0:45:09, time: 0.058, data_time: 0.002, memory: 2525, loss: 2.5980
2024-03-06 14:56:18,045 - mmcls - INFO - Epoch(val) [9][34]	accuracy_top-1: 16.1765, accuracy_top-5: 69.1176
2024-03-06 14:56:26,005 - mmcls - INFO - Epoch [10][100/272]	lr: 1.000e-03, eta: 0:44:39, time: 0.079, data_time: 0.024, memory: 2525, loss: 2.5227
2024-03-06 14:56:31,769 - mmcls - INFO - Epoch [10][200/272]	lr: 1.000e-03, eta: 0:44:45, time: 0.058, data_time: 0.002, memory: 2525, loss: 2.4913
2024-03-06 14:56:37,105 - mmcls - INFO - Epoch(val) [10][34]	accuracy_top-1: 19.8529, accuracy_top-5: 82.3529
2024-03-06 14:56:45,133 - mmcls - INFO - Epoch [11][100/272]	lr: 1.000e-03, eta: 0:44:19, time: 0.080, data_time: 0.025, memory: 2525, loss: 2.5212
2024-03-06 14:56:50,900 - mmcls - INFO - Epoch [11][200/272]	lr: 1.000e-03, eta: 0:44:25, time: 0.058, data_time: 0.003, memory: 2525, loss: 2.4978
2024-03-06 14:56:56,357 - mmcls - INFO - Epoch(val) [11][34]	accuracy_top-1: 21.3235, accuracy_top-5: 69.8529
2024-03-06 14:57:04,349 - mmcls - INFO - Epoch [12][100/272]	lr: 1.000e-03, eta: 0:44:00, time: 0.080, data_time: 0.024, memory: 2525, loss: 2.4683
2024-03-06 14:57:10,105 - mmcls - INFO - Epoch [12][200/272]	lr: 1.000e-03, eta: 0:44:05, time: 0.058, data_time: 0.002, memory: 2525, loss: 2.4526
2024-03-06 14:57:15,523 - mmcls - INFO - Epoch(val) [12][34]	accuracy_top-1: 27.2059, accuracy_top-5: 75.7353
2024-03-06 14:57:23,495 - mmcls - INFO - Epoch [13][100/272]	lr: 1.000e-03, eta: 0:43:42, time: 0.079, data_time: 0.025, memory: 2525, loss: 2.4605
2024-03-06 14:57:29,272 - mmcls - INFO - Epoch [13][200/272]	lr: 1.000e-03, eta: 0:43:46, time: 0.058, data_time: 0.003, memory: 2525, loss: 2.4930
2024-03-06 14:57:34,670 - mmcls - INFO - Epoch(val) [13][34]	accuracy_top-1: 27.9412, accuracy_top-5: 79.4118
2024-03-06 14:57:42,710 - mmcls - INFO - Epoch [14][100/272]	lr: 1.000e-03, eta: 0:43:25, time: 0.080, data_time: 0.026, memory: 2525, loss: 2.4561
2024-03-06 14:57:48,461 - mmcls - INFO - Epoch [14][200/272]	lr: 1.000e-03, eta: 0:43:28, time: 0.057, data_time: 0.003, memory: 2525, loss: 2.4745
2024-03-06 14:57:53,613 - mmcls - INFO - Epoch(val) [14][34]	accuracy_top-1: 30.1471, accuracy_top-5: 77.9412
2024-03-06 14:58:01,587 - mmcls - INFO - Epoch [15][100/272]	lr: 1.000e-03, eta: 0:43:07, time: 0.079, data_time: 0.025, memory: 2525, loss: 2.4086
2024-03-06 14:58:07,353 - mmcls - INFO - Epoch [15][200/272]	lr: 1.000e-03, eta: 0:43:10, time: 0.058, data_time: 0.003, memory: 2525, loss: 2.4307
2024-03-06 14:58:12,844 - mmcls - INFO - Epoch(val) [15][34]	accuracy_top-1: 27.2059, accuracy_top-5: 78.6765
2024-03-06 14:58:20,861 - mmcls - INFO - Epoch [16][100/272]	lr: 1.000e-03, eta: 0:42:51, time: 0.080, data_time: 0.025, memory: 2525, loss: 2.4304
2024-03-06 14:58:26,651 - mmcls - INFO - Epoch [16][200/272]	lr: 1.000e-03, eta: 0:42:54, time: 0.058, data_time: 0.003, memory: 2525, loss: 2.3464
2024-03-06 14:58:32,108 - mmcls - INFO - Epoch(val) [16][34]	accuracy_top-1: 31.6176, accuracy_top-5: 78.6765
2024-03-06 14:58:40,111 - mmcls - INFO - Epoch [17][100/272]	lr: 1.000e-03, eta: 0:42:35, time: 0.080, data_time: 0.025, memory: 2525, loss: 2.3389
2024-03-06 14:58:45,933 - mmcls - INFO - Epoch [17][200/272]	lr: 1.000e-03, eta: 0:42:38, time: 0.058, data_time: 0.003, memory: 2525, loss: 2.3955
2024-03-06 14:58:51,389 - mmcls - INFO - Epoch(val) [17][34]	accuracy_top-1: 35.2941, accuracy_top-5: 77.2059
2024-03-06 14:58:59,439 - mmcls - INFO - Epoch [18][100/272]	lr: 1.000e-03, eta: 0:42:21, time: 0.080, data_time: 0.025, memory: 2525, loss: 2.3389
2024-03-06 14:59:05,233 - mmcls - INFO - Epoch [18][200/272]	lr: 1.000e-03, eta: 0:42:22, time: 0.058, data_time: 0.003, memory: 2525, loss: 2.3701
2024-03-06 14:59:10,689 - mmcls - INFO - Epoch(val) [18][34]	accuracy_top-1: 32.3529, accuracy_top-5: 80.1471
2024-03-06 14:59:18,697 - mmcls - INFO - Epoch [19][100/272]	lr: 1.000e-03, eta: 0:42:05, time: 0.080, data_time: 0.025, memory: 2525, loss: 2.3285
2024-03-06 14:59:24,466 - mmcls - INFO - Epoch [19][200/272]	lr: 1.000e-03, eta: 0:42:06, time: 0.058, data_time: 0.004, memory: 2525, loss: 2.4127
2024-03-06 14:59:30,013 - mmcls - INFO - Epoch(val) [19][34]	accuracy_top-1: 36.0294, accuracy_top-5: 80.8824
2024-03-06 14:59:38,095 - mmcls - INFO - Epoch [20][100/272]	lr: 1.000e-03, eta: 0:41:50, time: 0.080, data_time: 0.025, memory: 2525, loss: 2.3234
2024-03-06 14:59:43,906 - mmcls - INFO - Epoch [20][200/272]	lr: 1.000e-03, eta: 0:41:52, time: 0.058, data_time: 0.004, memory: 2525, loss: 2.2696
2024-03-06 14:59:49,378 - mmcls - INFO - Epoch(val) [20][34]	accuracy_top-1: 38.9706, accuracy_top-5: 87.5000
2024-03-06 14:59:57,364 - mmcls - INFO - Epoch [21][100/272]	lr: 1.000e-03, eta: 0:41:35, time: 0.079, data_time: 0.025, memory: 2525, loss: 2.3464
2024-03-06 15:00:03,179 - mmcls - INFO - Epoch [21][200/272]	lr: 1.000e-03, eta: 0:41:36, time: 0.058, data_time: 0.004, memory: 2525, loss: 2.2450
2024-03-06 15:00:08,534 - mmcls - INFO - Epoch(val) [21][34]	accuracy_top-1: 39.7059, accuracy_top-5: 83.8235
2024-03-06 15:00:16,579 - mmcls - INFO - Epoch [22][100/272]	lr: 1.000e-03, eta: 0:41:21, time: 0.080, data_time: 0.025, memory: 2525, loss: 2.2559
2024-03-06 15:00:22,375 - mmcls - INFO - Epoch [22][200/272]	lr: 1.000e-03, eta: 0:41:21, time: 0.058, data_time: 0.003, memory: 2525, loss: 2.2751
2024-03-06 15:00:27,661 - mmcls - INFO - Epoch(val) [22][34]	accuracy_top-1: 30.1471, accuracy_top-5: 83.8235
2024-03-06 15:00:35,702 - mmcls - INFO - Epoch [23][100/272]	lr: 1.000e-03, eta: 0:41:06, time: 0.080, data_time: 0.025, memory: 2525, loss: 2.1891
2024-03-06 15:00:41,521 - mmcls - INFO - Epoch [23][200/272]	lr: 1.000e-03, eta: 0:41:07, time: 0.058, data_time: 0.003, memory: 2525, loss: 2.1581
2024-03-06 15:00:46,993 - mmcls - INFO - Epoch(val) [23][34]	accuracy_top-1: 36.0294, accuracy_top-5: 83.0882
2024-03-06 15:00:55,041 - mmcls - INFO - Epoch [24][100/272]	lr: 1.000e-03, eta: 0:40:52, time: 0.080, data_time: 0.024, memory: 2525, loss: 2.1250
2024-03-06 15:01:00,881 - mmcls - INFO - Epoch [24][200/272]	lr: 1.000e-03, eta: 0:40:52, time: 0.058, data_time: 0.004, memory: 2525, loss: 2.2315
2024-03-06 15:01:06,358 - mmcls - INFO - Epoch(val) [24][34]	accuracy_top-1: 40.4412, accuracy_top-5: 85.2941
2024-03-06 15:01:14,391 - mmcls - INFO - Epoch [25][100/272]	lr: 1.000e-03, eta: 0:40:38, time: 0.080, data_time: 0.026, memory: 2525, loss: 2.1978
2024-03-06 15:01:20,218 - mmcls - INFO - Epoch [25][200/272]	lr: 1.000e-03, eta: 0:40:38, time: 0.058, data_time: 0.004, memory: 2525, loss: 2.2430
2024-03-06 15:01:25,658 - mmcls - INFO - Epoch(val) [25][34]	accuracy_top-1: 38.9706, accuracy_top-5: 89.7059
2024-03-06 15:01:33,695 - mmcls - INFO - Epoch [26][100/272]	lr: 1.000e-03, eta: 0:40:23, time: 0.080, data_time: 0.025, memory: 2525, loss: 2.1231
2024-03-06 15:01:39,496 - mmcls - INFO - Epoch [26][200/272]	lr: 1.000e-03, eta: 0:40:23, time: 0.058, data_time: 0.003, memory: 2525, loss: 2.1546
2024-03-06 15:01:44,952 - mmcls - INFO - Epoch(val) [26][34]	accuracy_top-1: 49.2647, accuracy_top-5: 87.5000
2024-03-06 15:01:52,970 - mmcls - INFO - Epoch [27][100/272]	lr: 1.000e-03, eta: 0:40:09, time: 0.080, data_time: 0.025, memory: 2525, loss: 2.1329
2024-03-06 15:01:58,795 - mmcls - INFO - Epoch [27][200/272]	lr: 1.000e-03, eta: 0:40:08, time: 0.058, data_time: 0.003, memory: 2525, loss: 2.1151
2024-03-06 15:02:04,291 - mmcls - INFO - Epoch(val) [27][34]	accuracy_top-1: 38.9706, accuracy_top-5: 85.2941
2024-03-06 15:02:12,337 - mmcls - INFO - Epoch [28][100/272]	lr: 1.000e-03, eta: 0:39:55, time: 0.080, data_time: 0.025, memory: 2525, loss: 2.2018
2024-03-06 15:02:18,141 - mmcls - INFO - Epoch [28][200/272]	lr: 1.000e-03, eta: 0:39:54, time: 0.058, data_time: 0.003, memory: 2525, loss: 2.0847
2024-03-06 15:02:23,613 - mmcls - INFO - Epoch(val) [28][34]	accuracy_top-1: 35.2941, accuracy_top-5: 84.5588
2024-03-06 15:02:31,602 - mmcls - INFO - Epoch [29][100/272]	lr: 1.000e-03, eta: 0:39:40, time: 0.080, data_time: 0.024, memory: 2525, loss: 2.1145
2024-03-06 15:02:37,419 - mmcls - INFO - Epoch [29][200/272]	lr: 1.000e-03, eta: 0:39:39, time: 0.058, data_time: 0.003, memory: 2525, loss: 2.0792
2024-03-06 15:02:42,833 - mmcls - INFO - Epoch(val) [29][34]	accuracy_top-1: 44.8529, accuracy_top-5: 87.5000
2024-03-06 15:02:50,846 - mmcls - INFO - Epoch [30][100/272]	lr: 1.000e-03, eta: 0:39:26, time: 0.080, data_time: 0.024, memory: 2525, loss: 2.0809
2024-03-06 15:02:56,573 - mmcls - INFO - Epoch [30][200/272]	lr: 1.000e-03, eta: 0:39:24, time: 0.057, data_time: 0.003, memory: 2525, loss: 2.1058
2024-03-06 15:03:02,000 - mmcls - INFO - Epoch(val) [30][34]	accuracy_top-1: 49.2647, accuracy_top-5: 84.5588
2024-03-06 15:03:10,052 - mmcls - INFO - Epoch [31][100/272]	lr: 1.000e-03, eta: 0:39:11, time: 0.080, data_time: 0.026, memory: 2525, loss: 1.9873
2024-03-06 15:03:15,814 - mmcls - INFO - Epoch [31][200/272]	lr: 1.000e-03, eta: 0:39:10, time: 0.058, data_time: 0.004, memory: 2525, loss: 2.0989
2024-03-06 15:03:21,414 - mmcls - INFO - Epoch(val) [31][34]	accuracy_top-1: 42.6471, accuracy_top-5: 90.4412
2024-03-06 15:03:29,365 - mmcls - INFO - Epoch [32][100/272]	lr: 1.000e-03, eta: 0:38:56, time: 0.079, data_time: 0.025, memory: 2525, loss: 2.0714
2024-03-06 15:03:35,189 - mmcls - INFO - Epoch [32][200/272]	lr: 1.000e-03, eta: 0:38:55, time: 0.058, data_time: 0.004, memory: 2525, loss: 2.0671
2024-03-06 15:03:40,656 - mmcls - INFO - Epoch(val) [32][34]	accuracy_top-1: 42.6471, accuracy_top-5: 87.5000
2024-03-06 15:03:48,643 - mmcls - INFO - Epoch [33][100/272]	lr: 1.000e-03, eta: 0:38:42, time: 0.079, data_time: 0.025, memory: 2525, loss: 2.0597
2024-03-06 15:03:54,440 - mmcls - INFO - Epoch [33][200/272]	lr: 1.000e-03, eta: 0:38:41, time: 0.058, data_time: 0.004, memory: 2525, loss: 1.9825
2024-03-06 15:03:59,922 - mmcls - INFO - Epoch(val) [33][34]	accuracy_top-1: 44.1176, accuracy_top-5: 86.7647
2024-03-06 15:04:07,947 - mmcls - INFO - Epoch [34][100/272]	lr: 1.000e-03, eta: 0:38:28, time: 0.080, data_time: 0.025, memory: 2525, loss: 2.0405
2024-03-06 15:04:13,709 - mmcls - INFO - Epoch [34][200/272]	lr: 1.000e-03, eta: 0:38:26, time: 0.058, data_time: 0.003, memory: 2525, loss: 1.9835
2024-03-06 15:04:19,201 - mmcls - INFO - Epoch(val) [34][34]	accuracy_top-1: 49.2647, accuracy_top-5: 86.0294
2024-03-06 15:04:27,192 - mmcls - INFO - Epoch [35][100/272]	lr: 1.000e-03, eta: 0:38:13, time: 0.080, data_time: 0.025, memory: 2525, loss: 1.9855
2024-03-06 15:04:33,014 - mmcls - INFO - Epoch [35][200/272]	lr: 1.000e-03, eta: 0:38:12, time: 0.058, data_time: 0.004, memory: 2525, loss: 1.9900
2024-03-06 15:04:38,279 - mmcls - INFO - Epoch(val) [35][34]	accuracy_top-1: 44.8529, accuracy_top-5: 88.2353
2024-03-06 15:04:46,253 - mmcls - INFO - Epoch [36][100/272]	lr: 1.000e-03, eta: 0:37:59, time: 0.079, data_time: 0.025, memory: 2525, loss: 1.9950
2024-03-06 15:04:52,060 - mmcls - INFO - Epoch [36][200/272]	lr: 1.000e-03, eta: 0:37:57, time: 0.058, data_time: 0.003, memory: 2525, loss: 2.0074
2024-03-06 15:04:57,496 - mmcls - INFO - Epoch(val) [36][34]	accuracy_top-1: 56.6176, accuracy_top-5: 94.1176
2024-03-06 15:05:05,535 - mmcls - INFO - Epoch [37][100/272]	lr: 1.000e-03, eta: 0:37:45, time: 0.080, data_time: 0.025, memory: 2525, loss: 1.9823
2024-03-06 15:05:11,333 - mmcls - INFO - Epoch [37][200/272]	lr: 1.000e-03, eta: 0:37:43, time: 0.058, data_time: 0.004, memory: 2525, loss: 1.9007
2024-03-06 15:05:16,794 - mmcls - INFO - Epoch(val) [37][34]	accuracy_top-1: 45.5882, accuracy_top-5: 91.1765
2024-03-06 15:05:24,834 - mmcls - INFO - Epoch [38][100/272]	lr: 1.000e-03, eta: 0:37:31, time: 0.080, data_time: 0.026, memory: 2525, loss: 1.9384
2024-03-06 15:05:30,641 - mmcls - INFO - Epoch [38][200/272]	lr: 1.000e-03, eta: 0:37:29, time: 0.058, data_time: 0.004, memory: 2525, loss: 1.9810
2024-03-06 15:05:36,058 - mmcls - INFO - Epoch(val) [38][34]	accuracy_top-1: 45.5882, accuracy_top-5: 91.1765
2024-03-06 15:05:44,133 - mmcls - INFO - Epoch [39][100/272]	lr: 1.000e-03, eta: 0:37:17, time: 0.080, data_time: 0.025, memory: 2525, loss: 1.8818
2024-03-06 15:05:49,951 - mmcls - INFO - Epoch [39][200/272]	lr: 1.000e-03, eta: 0:37:15, time: 0.058, data_time: 0.004, memory: 2525, loss: 1.8788
2024-03-06 15:05:55,343 - mmcls - INFO - Epoch(val) [39][34]	accuracy_top-1: 54.4118, accuracy_top-5: 94.1176
2024-03-06 15:06:03,347 - mmcls - INFO - Epoch [40][100/272]	lr: 1.000e-03, eta: 0:37:03, time: 0.080, data_time: 0.025, memory: 2525, loss: 1.9782
2024-03-06 15:06:09,150 - mmcls - INFO - Epoch [40][200/272]	lr: 1.000e-03, eta: 0:37:01, time: 0.058, data_time: 0.004, memory: 2525, loss: 1.9229
2024-03-06 15:06:14,541 - mmcls - INFO - Epoch(val) [40][34]	accuracy_top-1: 49.2647, accuracy_top-5: 91.9118
2024-03-06 15:06:22,540 - mmcls - INFO - Epoch [41][100/272]	lr: 1.000e-03, eta: 0:36:49, time: 0.080, data_time: 0.025, memory: 2525, loss: 1.8819
2024-03-06 15:06:28,362 - mmcls - INFO - Epoch [41][200/272]	lr: 1.000e-03, eta: 0:36:47, time: 0.058, data_time: 0.003, memory: 2525, loss: 1.8724
2024-03-06 15:06:33,792 - mmcls - INFO - Epoch(val) [41][34]	accuracy_top-1: 48.5294, accuracy_top-5: 87.5000
2024-03-06 15:06:41,794 - mmcls - INFO - Epoch [42][100/272]	lr: 1.000e-03, eta: 0:36:35, time: 0.080, data_time: 0.025, memory: 2525, loss: 1.8417
2024-03-06 15:06:47,595 - mmcls - INFO - Epoch [42][200/272]	lr: 1.000e-03, eta: 0:36:32, time: 0.058, data_time: 0.004, memory: 2525, loss: 1.8433
2024-03-06 15:06:52,869 - mmcls - INFO - Epoch(val) [42][34]	accuracy_top-1: 50.7353, accuracy_top-5: 89.7059
2024-03-06 15:07:00,906 - mmcls - INFO - Epoch [43][100/272]	lr: 1.000e-03, eta: 0:36:21, time: 0.080, data_time: 0.024, memory: 2525, loss: 1.8570
2024-03-06 15:07:06,684 - mmcls - INFO - Epoch [43][200/272]	lr: 1.000e-03, eta: 0:36:18, time: 0.058, data_time: 0.003, memory: 2525, loss: 1.8740
2024-03-06 15:07:12,194 - mmcls - INFO - Epoch(val) [43][34]	accuracy_top-1: 47.7941, accuracy_top-5: 88.2353
2024-03-06 15:07:20,253 - mmcls - INFO - Epoch [44][100/272]	lr: 1.000e-03, eta: 0:36:07, time: 0.080, data_time: 0.025, memory: 2525, loss: 1.8002
2024-03-06 15:07:26,063 - mmcls - INFO - Epoch [44][200/272]	lr: 1.000e-03, eta: 0:36:04, time: 0.058, data_time: 0.003, memory: 2525, loss: 1.7570
2024-03-06 15:07:31,476 - mmcls - INFO - Epoch(val) [44][34]	accuracy_top-1: 49.2647, accuracy_top-5: 92.6471
2024-03-06 15:07:39,426 - mmcls - INFO - Epoch [45][100/272]	lr: 1.000e-03, eta: 0:35:53, time: 0.079, data_time: 0.025, memory: 2525, loss: 1.8019
2024-03-06 15:07:45,227 - mmcls - INFO - Epoch [45][200/272]	lr: 1.000e-03, eta: 0:35:50, time: 0.058, data_time: 0.003, memory: 2525, loss: 1.7845
2024-03-06 15:07:50,687 - mmcls - INFO - Epoch(val) [45][34]	accuracy_top-1: 54.4118, accuracy_top-5: 92.6471
2024-03-06 15:07:58,748 - mmcls - INFO - Epoch [46][100/272]	lr: 1.000e-03, eta: 0:35:39, time: 0.080, data_time: 0.026, memory: 2525, loss: 1.7235
2024-03-06 15:08:04,541 - mmcls - INFO - Epoch [46][200/272]	lr: 1.000e-03, eta: 0:35:36, time: 0.058, data_time: 0.004, memory: 2525, loss: 1.6834
2024-03-06 15:08:10,016 - mmcls - INFO - Epoch(val) [46][34]	accuracy_top-1: 53.6765, accuracy_top-5: 88.2353
2024-03-06 15:08:18,045 - mmcls - INFO - Epoch [47][100/272]	lr: 1.000e-03, eta: 0:35:25, time: 0.080, data_time: 0.025, memory: 2525, loss: 1.8739
2024-03-06 15:08:23,902 - mmcls - INFO - Epoch [47][200/272]	lr: 1.000e-03, eta: 0:35:22, time: 0.059, data_time: 0.004, memory: 2525, loss: 1.6339
2024-03-06 15:08:29,322 - mmcls - INFO - Epoch(val) [47][34]	accuracy_top-1: 57.3529, accuracy_top-5: 96.3235
2024-03-06 15:08:37,399 - mmcls - INFO - Epoch [48][100/272]	lr: 1.000e-03, eta: 0:35:11, time: 0.080, data_time: 0.025, memory: 2525, loss: 1.7323
2024-03-06 15:08:43,201 - mmcls - INFO - Epoch [48][200/272]	lr: 1.000e-03, eta: 0:35:08, time: 0.058, data_time: 0.003, memory: 2525, loss: 1.7499
2024-03-06 15:08:48,654 - mmcls - INFO - Epoch(val) [48][34]	accuracy_top-1: 52.2059, accuracy_top-5: 91.1765
2024-03-06 15:08:56,626 - mmcls - INFO - Epoch [49][100/272]	lr: 1.000e-03, eta: 0:34:57, time: 0.079, data_time: 0.025, memory: 2525, loss: 1.6703
2024-03-06 15:09:02,468 - mmcls - INFO - Epoch [49][200/272]	lr: 1.000e-03, eta: 0:34:54, time: 0.058, data_time: 0.003, memory: 2525, loss: 1.7049
2024-03-06 15:09:07,956 - mmcls - INFO - Epoch(val) [49][34]	accuracy_top-1: 55.1471, accuracy_top-5: 88.9706
2024-03-06 15:09:15,997 - mmcls - INFO - Epoch [50][100/272]	lr: 1.000e-03, eta: 0:34:43, time: 0.080, data_time: 0.026, memory: 2525, loss: 1.7714
2024-03-06 15:09:21,747 - mmcls - INFO - Epoch [50][200/272]	lr: 1.000e-03, eta: 0:34:40, time: 0.057, data_time: 0.003, memory: 2525, loss: 1.8693
2024-03-06 15:09:27,205 - mmcls - INFO - Epoch(val) [50][34]	accuracy_top-1: 63.9706, accuracy_top-5: 94.8529
2024-03-06 15:09:35,226 - mmcls - INFO - Epoch [51][100/272]	lr: 1.000e-03, eta: 0:34:29, time: 0.080, data_time: 0.025, memory: 2525, loss: 1.6354
2024-03-06 15:09:41,036 - mmcls - INFO - Epoch [51][200/272]	lr: 1.000e-03, eta: 0:34:26, time: 0.058, data_time: 0.003, memory: 2525, loss: 1.6721
2024-03-06 15:09:46,426 - mmcls - INFO - Epoch(val) [51][34]	accuracy_top-1: 56.6176, accuracy_top-5: 94.8529
2024-03-06 15:09:54,447 - mmcls - INFO - Epoch [52][100/272]	lr: 1.000e-03, eta: 0:34:15, time: 0.080, data_time: 0.024, memory: 2525, loss: 1.7022
2024-03-06 15:10:00,262 - mmcls - INFO - Epoch [52][200/272]	lr: 1.000e-03, eta: 0:34:12, time: 0.058, data_time: 0.003, memory: 2525, loss: 1.6267
2024-03-06 15:10:05,728 - mmcls - INFO - Epoch(val) [52][34]	accuracy_top-1: 55.1471, accuracy_top-5: 96.3235
2024-03-06 15:10:13,725 - mmcls - INFO - Epoch [53][100/272]	lr: 1.000e-03, eta: 0:34:01, time: 0.080, data_time: 0.025, memory: 2525, loss: 1.6035
2024-03-06 15:10:19,513 - mmcls - INFO - Epoch [53][200/272]	lr: 1.000e-03, eta: 0:33:58, time: 0.058, data_time: 0.004, memory: 2525, loss: 1.6112
2024-03-06 15:10:25,020 - mmcls - INFO - Epoch(val) [53][34]	accuracy_top-1: 62.5000, accuracy_top-5: 93.3824
2024-03-06 15:10:33,066 - mmcls - INFO - Epoch [54][100/272]	lr: 1.000e-03, eta: 0:33:47, time: 0.080, data_time: 0.026, memory: 2525, loss: 1.6684
2024-03-06 15:10:38,813 - mmcls - INFO - Epoch [54][200/272]	lr: 1.000e-03, eta: 0:33:44, time: 0.057, data_time: 0.003, memory: 2525, loss: 1.6325
2024-03-06 15:10:44,331 - mmcls - INFO - Epoch(val) [54][34]	accuracy_top-1: 50.7353, accuracy_top-5: 92.6471
2024-03-06 15:10:52,345 - mmcls - INFO - Epoch [55][100/272]	lr: 1.000e-03, eta: 0:33:33, time: 0.080, data_time: 0.025, memory: 2525, loss: 1.6116
2024-03-06 15:10:58,163 - mmcls - INFO - Epoch [55][200/272]	lr: 1.000e-03, eta: 0:33:30, time: 0.058, data_time: 0.004, memory: 2525, loss: 1.6676
2024-03-06 15:11:03,635 - mmcls - INFO - Epoch(val) [55][34]	accuracy_top-1: 59.5588, accuracy_top-5: 96.3235
2024-03-06 15:11:11,648 - mmcls - INFO - Epoch [56][100/272]	lr: 1.000e-03, eta: 0:33:19, time: 0.080, data_time: 0.025, memory: 2525, loss: 1.7146
2024-03-06 15:11:17,450 - mmcls - INFO - Epoch [56][200/272]	lr: 1.000e-03, eta: 0:33:16, time: 0.058, data_time: 0.003, memory: 2525, loss: 1.5293
2024-03-06 15:11:22,862 - mmcls - INFO - Epoch(val) [56][34]	accuracy_top-1: 64.7059, accuracy_top-5: 94.8529
2024-03-06 15:11:30,896 - mmcls - INFO - Epoch [57][100/272]	lr: 1.000e-03, eta: 0:33:05, time: 0.080, data_time: 0.025, memory: 2525, loss: 1.5127
2024-03-06 15:11:36,713 - mmcls - INFO - Epoch [57][200/272]	lr: 1.000e-03, eta: 0:33:02, time: 0.058, data_time: 0.003, memory: 2525, loss: 1.6164
2024-03-06 15:11:41,978 - mmcls - INFO - Epoch(val) [57][34]	accuracy_top-1: 63.2353, accuracy_top-5: 94.1176
2024-03-06 15:11:50,046 - mmcls - INFO - Epoch [58][100/272]	lr: 1.000e-03, eta: 0:32:52, time: 0.080, data_time: 0.025, memory: 2525, loss: 1.6506
2024-03-06 15:11:55,860 - mmcls - INFO - Epoch [58][200/272]	lr: 1.000e-03, eta: 0:32:48, time: 0.058, data_time: 0.004, memory: 2525, loss: 1.4832
2024-03-06 15:12:01,311 - mmcls - INFO - Epoch(val) [58][34]	accuracy_top-1: 61.0294, accuracy_top-5: 93.3824
2024-03-06 15:12:09,326 - mmcls - INFO - Epoch [59][100/272]	lr: 1.000e-03, eta: 0:32:38, time: 0.080, data_time: 0.026, memory: 2525, loss: 1.5550
2024-03-06 15:12:15,131 - mmcls - INFO - Epoch [59][200/272]	lr: 1.000e-03, eta: 0:32:34, time: 0.058, data_time: 0.004, memory: 2525, loss: 1.5312
2024-03-06 15:12:20,647 - mmcls - INFO - Epoch(val) [59][34]	accuracy_top-1: 61.0294, accuracy_top-5: 92.6471
2024-03-06 15:12:28,666 - mmcls - INFO - Epoch [60][100/272]	lr: 1.000e-03, eta: 0:32:24, time: 0.080, data_time: 0.025, memory: 2525, loss: 1.4563
2024-03-06 15:12:34,473 - mmcls - INFO - Epoch [60][200/272]	lr: 1.000e-03, eta: 0:32:20, time: 0.058, data_time: 0.003, memory: 2525, loss: 1.7104
2024-03-06 15:12:39,726 - mmcls - INFO - Epoch(val) [60][34]	accuracy_top-1: 57.3529, accuracy_top-5: 94.8529
2024-03-06 15:12:47,759 - mmcls - INFO - Epoch [61][100/272]	lr: 1.000e-03, eta: 0:32:10, time: 0.080, data_time: 0.026, memory: 2525, loss: 1.5464
2024-03-06 15:12:53,576 - mmcls - INFO - Epoch [61][200/272]	lr: 1.000e-03, eta: 0:32:06, time: 0.058, data_time: 0.003, memory: 2525, loss: 1.5826
2024-03-06 15:12:58,942 - mmcls - INFO - Epoch(val) [61][34]	accuracy_top-1: 58.8235, accuracy_top-5: 93.3824
2024-03-06 15:13:07,001 - mmcls - INFO - Epoch [62][100/272]	lr: 1.000e-03, eta: 0:31:56, time: 0.080, data_time: 0.024, memory: 2525, loss: 1.5414
2024-03-06 15:13:12,807 - mmcls - INFO - Epoch [62][200/272]	lr: 1.000e-03, eta: 0:31:53, time: 0.058, data_time: 0.003, memory: 2525, loss: 1.6776
2024-03-06 15:13:18,318 - mmcls - INFO - Epoch(val) [62][34]	accuracy_top-1: 56.6176, accuracy_top-5: 95.5882
2024-03-06 15:13:26,268 - mmcls - INFO - Epoch [63][100/272]	lr: 1.000e-03, eta: 0:31:42, time: 0.079, data_time: 0.025, memory: 2525, loss: 1.4719
2024-03-06 15:13:32,017 - mmcls - INFO - Epoch [63][200/272]	lr: 1.000e-03, eta: 0:31:38, time: 0.057, data_time: 0.003, memory: 2525, loss: 1.5884
2024-03-06 15:13:37,525 - mmcls - INFO - Epoch(val) [63][34]	accuracy_top-1: 58.0882, accuracy_top-5: 96.3235
2024-03-06 15:13:45,565 - mmcls - INFO - Epoch [64][100/272]	lr: 1.000e-03, eta: 0:31:28, time: 0.080, data_time: 0.026, memory: 2525, loss: 1.5065
2024-03-06 15:13:51,382 - mmcls - INFO - Epoch [64][200/272]	lr: 1.000e-03, eta: 0:31:24, time: 0.058, data_time: 0.004, memory: 2525, loss: 1.5315
2024-03-06 15:13:56,861 - mmcls - INFO - Epoch(val) [64][34]	accuracy_top-1: 57.3529, accuracy_top-5: 94.8529
2024-03-06 15:14:04,906 - mmcls - INFO - Epoch [65][100/272]	lr: 1.000e-03, eta: 0:31:14, time: 0.080, data_time: 0.026, memory: 2525, loss: 1.5305
2024-03-06 15:14:10,705 - mmcls - INFO - Epoch [65][200/272]	lr: 1.000e-03, eta: 0:31:11, time: 0.058, data_time: 0.004, memory: 2525, loss: 1.4689
2024-03-06 15:14:16,053 - mmcls - INFO - Epoch(val) [65][34]	accuracy_top-1: 58.8235, accuracy_top-5: 96.3235
2024-03-06 15:14:24,069 - mmcls - INFO - Epoch [66][100/272]	lr: 1.000e-03, eta: 0:31:00, time: 0.080, data_time: 0.024, memory: 2525, loss: 1.5464
2024-03-06 15:14:29,892 - mmcls - INFO - Epoch [66][200/272]	lr: 1.000e-03, eta: 0:30:57, time: 0.058, data_time: 0.003, memory: 2525, loss: 1.6104
2024-03-06 15:14:35,235 - mmcls - INFO - Epoch(val) [66][34]	accuracy_top-1: 70.5882, accuracy_top-5: 97.7941
2024-03-06 15:14:43,304 - mmcls - INFO - Epoch [67][100/272]	lr: 1.000e-03, eta: 0:30:47, time: 0.080, data_time: 0.025, memory: 2525, loss: 1.3236
2024-03-06 15:14:49,111 - mmcls - INFO - Epoch [67][200/272]	lr: 1.000e-03, eta: 0:30:43, time: 0.058, data_time: 0.003, memory: 2525, loss: 1.3188
2024-03-06 15:14:54,572 - mmcls - INFO - Epoch(val) [67][34]	accuracy_top-1: 67.6471, accuracy_top-5: 97.7941
2024-03-06 15:15:02,637 - mmcls - INFO - Epoch [68][100/272]	lr: 1.000e-03, eta: 0:30:33, time: 0.080, data_time: 0.026, memory: 2525, loss: 1.4476
2024-03-06 15:15:08,456 - mmcls - INFO - Epoch [68][200/272]	lr: 1.000e-03, eta: 0:30:29, time: 0.058, data_time: 0.004, memory: 2525, loss: 1.3409
2024-03-06 15:15:13,801 - mmcls - INFO - Epoch(val) [68][34]	accuracy_top-1: 66.9118, accuracy_top-5: 98.5294
2024-03-06 15:15:21,842 - mmcls - INFO - Epoch [69][100/272]	lr: 1.000e-03, eta: 0:30:19, time: 0.080, data_time: 0.025, memory: 2525, loss: 1.3658
2024-03-06 15:15:27,649 - mmcls - INFO - Epoch [69][200/272]	lr: 1.000e-03, eta: 0:30:15, time: 0.058, data_time: 0.004, memory: 2525, loss: 1.4832
2024-03-06 15:15:32,952 - mmcls - INFO - Epoch(val) [69][34]	accuracy_top-1: 72.0588, accuracy_top-5: 97.7941
2024-03-06 15:15:41,021 - mmcls - INFO - Epoch [70][100/272]	lr: 1.000e-03, eta: 0:30:05, time: 0.080, data_time: 0.026, memory: 2525, loss: 1.4007
2024-03-06 15:15:46,844 - mmcls - INFO - Epoch [70][200/272]	lr: 1.000e-03, eta: 0:30:01, time: 0.058, data_time: 0.003, memory: 2525, loss: 1.3768
2024-03-06 15:15:52,317 - mmcls - INFO - Epoch(val) [70][34]	accuracy_top-1: 65.4412, accuracy_top-5: 95.5882
2024-03-06 15:16:00,307 - mmcls - INFO - Epoch [71][100/272]	lr: 1.000e-03, eta: 0:29:51, time: 0.079, data_time: 0.025, memory: 2525, loss: 1.3177
2024-03-06 15:16:06,108 - mmcls - INFO - Epoch [71][200/272]	lr: 1.000e-03, eta: 0:29:47, time: 0.058, data_time: 0.004, memory: 2525, loss: 1.4521
2024-03-06 15:16:11,546 - mmcls - INFO - Epoch(val) [71][34]	accuracy_top-1: 63.9706, accuracy_top-5: 97.7941
2024-03-06 15:16:19,585 - mmcls - INFO - Epoch [72][100/272]	lr: 1.000e-03, eta: 0:29:37, time: 0.080, data_time: 0.025, memory: 2525, loss: 1.3541
2024-03-06 15:16:25,370 - mmcls - INFO - Epoch [72][200/272]	lr: 1.000e-03, eta: 0:29:33, time: 0.058, data_time: 0.003, memory: 2525, loss: 1.3731
2024-03-06 15:16:30,832 - mmcls - INFO - Epoch(val) [72][34]	accuracy_top-1: 66.1765, accuracy_top-5: 97.7941
2024-03-06 15:16:38,876 - mmcls - INFO - Epoch [73][100/272]	lr: 1.000e-03, eta: 0:29:23, time: 0.080, data_time: 0.025, memory: 2525, loss: 1.2331
2024-03-06 15:16:44,677 - mmcls - INFO - Epoch [73][200/272]	lr: 1.000e-03, eta: 0:29:20, time: 0.058, data_time: 0.003, memory: 2525, loss: 1.4209
2024-03-06 15:16:49,982 - mmcls - INFO - Epoch(val) [73][34]	accuracy_top-1: 69.8529, accuracy_top-5: 94.8529
2024-03-06 15:16:57,998 - mmcls - INFO - Epoch [74][100/272]	lr: 1.000e-03, eta: 0:29:10, time: 0.080, data_time: 0.024, memory: 2525, loss: 1.3615
2024-03-06 15:17:03,812 - mmcls - INFO - Epoch [74][200/272]	lr: 1.000e-03, eta: 0:29:06, time: 0.058, data_time: 0.003, memory: 2525, loss: 1.3248
2024-03-06 15:17:09,275 - mmcls - INFO - Epoch(val) [74][34]	accuracy_top-1: 66.1765, accuracy_top-5: 97.7941
2024-03-06 15:17:17,323 - mmcls - INFO - Epoch [75][100/272]	lr: 1.000e-03, eta: 0:28:56, time: 0.080, data_time: 0.026, memory: 2525, loss: 1.2637
2024-03-06 15:17:23,106 - mmcls - INFO - Epoch [75][200/272]	lr: 1.000e-03, eta: 0:28:52, time: 0.058, data_time: 0.004, memory: 2525, loss: 1.3368
2024-03-06 15:17:28,519 - mmcls - INFO - Epoch(val) [75][34]	accuracy_top-1: 66.9118, accuracy_top-5: 96.3235
2024-03-06 15:17:36,527 - mmcls - INFO - Epoch [76][100/272]	lr: 1.000e-03, eta: 0:28:42, time: 0.080, data_time: 0.024, memory: 2525, loss: 1.1859
2024-03-06 15:17:42,360 - mmcls - INFO - Epoch [76][200/272]	lr: 1.000e-03, eta: 0:28:38, time: 0.058, data_time: 0.003, memory: 2525, loss: 1.3810
2024-03-06 15:17:47,752 - mmcls - INFO - Epoch(val) [76][34]	accuracy_top-1: 67.6471, accuracy_top-5: 97.7941
2024-03-06 15:17:55,816 - mmcls - INFO - Epoch [77][100/272]	lr: 1.000e-03, eta: 0:28:28, time: 0.080, data_time: 0.026, memory: 2525, loss: 1.3452
2024-03-06 15:18:01,639 - mmcls - INFO - Epoch [77][200/272]	lr: 1.000e-03, eta: 0:28:24, time: 0.058, data_time: 0.004, memory: 2525, loss: 1.2225
2024-03-06 15:18:07,045 - mmcls - INFO - Epoch(val) [77][34]	accuracy_top-1: 64.7059, accuracy_top-5: 97.0588
2024-03-06 15:18:15,044 - mmcls - INFO - Epoch [78][100/272]	lr: 1.000e-03, eta: 0:28:14, time: 0.080, data_time: 0.026, memory: 2525, loss: 1.2736
2024-03-06 15:18:20,814 - mmcls - INFO - Epoch [78][200/272]	lr: 1.000e-03, eta: 0:28:10, time: 0.058, data_time: 0.003, memory: 2525, loss: 1.3014
2024-03-06 15:18:26,295 - mmcls - INFO - Epoch(val) [78][34]	accuracy_top-1: 71.3235, accuracy_top-5: 97.0588
2024-03-06 15:18:34,379 - mmcls - INFO - Epoch [79][100/272]	lr: 1.000e-03, eta: 0:28:00, time: 0.080, data_time: 0.025, memory: 2525, loss: 1.3017
2024-03-06 15:18:40,186 - mmcls - INFO - Epoch [79][200/272]	lr: 1.000e-03, eta: 0:27:56, time: 0.058, data_time: 0.003, memory: 2525, loss: 1.3052
2024-03-06 15:18:45,679 - mmcls - INFO - Epoch(val) [79][34]	accuracy_top-1: 69.1176, accuracy_top-5: 97.7941
2024-03-06 15:18:53,694 - mmcls - INFO - Epoch [80][100/272]	lr: 1.000e-03, eta: 0:27:46, time: 0.080, data_time: 0.024, memory: 2525, loss: 1.1988
2024-03-06 15:18:59,516 - mmcls - INFO - Epoch [80][200/272]	lr: 1.000e-03, eta: 0:27:43, time: 0.058, data_time: 0.003, memory: 2525, loss: 1.2316
2024-03-06 15:19:04,957 - mmcls - INFO - Epoch(val) [80][34]	accuracy_top-1: 67.6471, accuracy_top-5: 96.3235
2024-03-06 15:19:12,963 - mmcls - INFO - Epoch [81][100/272]	lr: 1.000e-03, eta: 0:27:33, time: 0.080, data_time: 0.025, memory: 2525, loss: 1.1805
2024-03-06 15:19:18,784 - mmcls - INFO - Epoch [81][200/272]	lr: 1.000e-03, eta: 0:27:29, time: 0.058, data_time: 0.003, memory: 2525, loss: 1.1666
2024-03-06 15:19:24,091 - mmcls - INFO - Epoch(val) [81][34]	accuracy_top-1: 62.5000, accuracy_top-5: 96.3235
2024-03-06 15:19:32,076 - mmcls - INFO - Epoch [82][100/272]	lr: 1.000e-03, eta: 0:27:19, time: 0.079, data_time: 0.025, memory: 2525, loss: 1.4234
2024-03-06 15:19:37,899 - mmcls - INFO - Epoch [82][200/272]	lr: 1.000e-03, eta: 0:27:15, time: 0.058, data_time: 0.004, memory: 2525, loss: 1.1940
2024-03-06 15:19:43,381 - mmcls - INFO - Epoch(val) [82][34]	accuracy_top-1: 69.1176, accuracy_top-5: 97.7941
2024-03-06 15:19:51,359 - mmcls - INFO - Epoch [83][100/272]	lr: 1.000e-03, eta: 0:27:05, time: 0.079, data_time: 0.024, memory: 2525, loss: 1.2838
2024-03-06 15:19:57,181 - mmcls - INFO - Epoch [83][200/272]	lr: 1.000e-03, eta: 0:27:01, time: 0.058, data_time: 0.003, memory: 2525, loss: 1.0870
2024-03-06 15:20:02,561 - mmcls - INFO - Epoch(val) [83][34]	accuracy_top-1: 68.3824, accuracy_top-5: 97.0588
2024-03-06 15:20:10,530 - mmcls - INFO - Epoch [84][100/272]	lr: 1.000e-03, eta: 0:26:51, time: 0.079, data_time: 0.024, memory: 2525, loss: 1.2177
2024-03-06 15:20:16,358 - mmcls - INFO - Epoch [84][200/272]	lr: 1.000e-03, eta: 0:26:47, time: 0.058, data_time: 0.003, memory: 2525, loss: 1.1127
2024-03-06 15:20:21,812 - mmcls - INFO - Epoch(val) [84][34]	accuracy_top-1: 71.3235, accuracy_top-5: 97.7941
2024-03-06 15:20:29,872 - mmcls - INFO - Epoch [85][100/272]	lr: 1.000e-03, eta: 0:26:37, time: 0.080, data_time: 0.026, memory: 2525, loss: 1.1422
2024-03-06 15:20:35,642 - mmcls - INFO - Epoch [85][200/272]	lr: 1.000e-03, eta: 0:26:33, time: 0.058, data_time: 0.003, memory: 2525, loss: 1.1566
2024-03-06 15:20:40,988 - mmcls - INFO - Epoch(val) [85][34]	accuracy_top-1: 69.1176, accuracy_top-5: 94.8529
2024-03-06 15:20:49,003 - mmcls - INFO - Epoch [86][100/272]	lr: 1.000e-03, eta: 0:26:23, time: 0.080, data_time: 0.024, memory: 2525, loss: 0.9947
2024-03-06 15:20:54,819 - mmcls - INFO - Epoch [86][200/272]	lr: 1.000e-03, eta: 0:26:19, time: 0.058, data_time: 0.003, memory: 2525, loss: 1.2848
2024-03-06 15:21:00,321 - mmcls - INFO - Epoch(val) [86][34]	accuracy_top-1: 72.0588, accuracy_top-5: 98.5294
2024-03-06 15:21:08,289 - mmcls - INFO - Epoch [87][100/272]	lr: 1.000e-03, eta: 0:26:09, time: 0.079, data_time: 0.025, memory: 2525, loss: 1.0926
2024-03-06 15:21:14,111 - mmcls - INFO - Epoch [87][200/272]	lr: 1.000e-03, eta: 0:26:05, time: 0.058, data_time: 0.004, memory: 2525, loss: 1.1460
2024-03-06 15:21:19,636 - mmcls - INFO - Epoch(val) [87][34]	accuracy_top-1: 69.1176, accuracy_top-5: 97.7941
2024-03-06 15:21:27,601 - mmcls - INFO - Epoch [88][100/272]	lr: 1.000e-03, eta: 0:25:55, time: 0.079, data_time: 0.025, memory: 2525, loss: 1.1453
2024-03-06 15:21:33,440 - mmcls - INFO - Epoch [88][200/272]	lr: 1.000e-03, eta: 0:25:51, time: 0.058, data_time: 0.003, memory: 2525, loss: 1.1552
2024-03-06 15:21:38,784 - mmcls - INFO - Epoch(val) [88][34]	accuracy_top-1: 70.5882, accuracy_top-5: 96.3235
2024-03-06 15:21:46,861 - mmcls - INFO - Epoch [89][100/272]	lr: 1.000e-03, eta: 0:25:42, time: 0.080, data_time: 0.025, memory: 2525, loss: 1.0446
2024-03-06 15:21:52,670 - mmcls - INFO - Epoch [89][200/272]	lr: 1.000e-03, eta: 0:25:38, time: 0.058, data_time: 0.003, memory: 2525, loss: 1.2226
2024-03-06 15:21:58,035 - mmcls - INFO - Epoch(val) [89][34]	accuracy_top-1: 78.6765, accuracy_top-5: 97.0588
2024-03-06 15:22:05,994 - mmcls - INFO - Epoch [90][100/272]	lr: 1.000e-03, eta: 0:25:28, time: 0.079, data_time: 0.025, memory: 2525, loss: 1.0063
2024-03-06 15:22:11,784 - mmcls - INFO - Epoch [90][200/272]	lr: 1.000e-03, eta: 0:25:24, time: 0.058, data_time: 0.003, memory: 2525, loss: 1.1707
2024-03-06 15:22:17,040 - mmcls - INFO - Epoch(val) [90][34]	accuracy_top-1: 66.9118, accuracy_top-5: 97.0588
2024-03-06 15:22:25,069 - mmcls - INFO - Epoch [91][100/272]	lr: 1.000e-03, eta: 0:25:14, time: 0.080, data_time: 0.026, memory: 2525, loss: 1.1850
2024-03-06 15:22:30,890 - mmcls - INFO - Epoch [91][200/272]	lr: 1.000e-03, eta: 0:25:10, time: 0.058, data_time: 0.004, memory: 2525, loss: 1.1921
2024-03-06 15:22:36,412 - mmcls - INFO - Epoch(val) [91][34]	accuracy_top-1: 70.5882, accuracy_top-5: 97.0588
2024-03-06 15:22:44,476 - mmcls - INFO - Epoch [92][100/272]	lr: 1.000e-03, eta: 0:25:00, time: 0.080, data_time: 0.025, memory: 2525, loss: 1.0767
2024-03-06 15:22:50,289 - mmcls - INFO - Epoch [92][200/272]	lr: 1.000e-03, eta: 0:24:56, time: 0.058, data_time: 0.003, memory: 2525, loss: 0.9559
2024-03-06 15:22:55,752 - mmcls - INFO - Epoch(val) [92][34]	accuracy_top-1: 75.0000, accuracy_top-5: 94.1176
2024-03-06 15:23:03,776 - mmcls - INFO - Epoch [93][100/272]	lr: 1.000e-03, eta: 0:24:46, time: 0.080, data_time: 0.024, memory: 2525, loss: 1.1800
2024-03-06 15:23:09,609 - mmcls - INFO - Epoch [93][200/272]	lr: 1.000e-03, eta: 0:24:42, time: 0.058, data_time: 0.003, memory: 2525, loss: 1.0568
2024-03-06 15:23:14,926 - mmcls - INFO - Epoch(val) [93][34]	accuracy_top-1: 71.3235, accuracy_top-5: 97.7941
2024-03-06 15:23:22,884 - mmcls - INFO - Epoch [94][100/272]	lr: 1.000e-03, eta: 0:24:32, time: 0.079, data_time: 0.025, memory: 2525, loss: 1.1351
2024-03-06 15:23:28,746 - mmcls - INFO - Epoch [94][200/272]	lr: 1.000e-03, eta: 0:24:28, time: 0.059, data_time: 0.003, memory: 2525, loss: 0.9841
2024-03-06 15:23:34,154 - mmcls - INFO - Epoch(val) [94][34]	accuracy_top-1: 75.7353, accuracy_top-5: 97.7941
2024-03-06 15:23:42,138 - mmcls - INFO - Epoch [95][100/272]	lr: 1.000e-03, eta: 0:24:19, time: 0.080, data_time: 0.024, memory: 2525, loss: 1.0164
2024-03-06 15:23:47,956 - mmcls - INFO - Epoch [95][200/272]	lr: 1.000e-03, eta: 0:24:14, time: 0.058, data_time: 0.003, memory: 2525, loss: 1.0792
2024-03-06 15:23:53,414 - mmcls - INFO - Epoch(val) [95][34]	accuracy_top-1: 67.6471, accuracy_top-5: 94.8529
2024-03-06 15:24:01,431 - mmcls - INFO - Epoch [96][100/272]	lr: 1.000e-03, eta: 0:24:05, time: 0.080, data_time: 0.025, memory: 2525, loss: 1.0294
2024-03-06 15:24:07,221 - mmcls - INFO - Epoch [96][200/272]	lr: 1.000e-03, eta: 0:24:01, time: 0.058, data_time: 0.003, memory: 2525, loss: 1.1083
2024-03-06 15:24:12,506 - mmcls - INFO - Epoch(val) [96][34]	accuracy_top-1: 75.0000, accuracy_top-5: 99.2647
2024-03-06 15:24:20,524 - mmcls - INFO - Epoch [97][100/272]	lr: 1.000e-03, eta: 0:23:51, time: 0.080, data_time: 0.026, memory: 2525, loss: 1.0016
2024-03-06 15:24:26,312 - mmcls - INFO - Epoch [97][200/272]	lr: 1.000e-03, eta: 0:23:47, time: 0.058, data_time: 0.004, memory: 2525, loss: 0.9617
2024-03-06 15:24:31,799 - mmcls - INFO - Epoch(val) [97][34]	accuracy_top-1: 72.0588, accuracy_top-5: 96.3235
2024-03-06 15:24:39,740 - mmcls - INFO - Epoch [98][100/272]	lr: 1.000e-03, eta: 0:23:37, time: 0.079, data_time: 0.024, memory: 2525, loss: 1.0296
2024-03-06 15:24:45,585 - mmcls - INFO - Epoch [98][200/272]	lr: 1.000e-03, eta: 0:23:33, time: 0.058, data_time: 0.003, memory: 2525, loss: 1.1199
2024-03-06 15:24:51,031 - mmcls - INFO - Epoch(val) [98][34]	accuracy_top-1: 69.8529, accuracy_top-5: 97.0588
2024-03-06 15:24:59,077 - mmcls - INFO - Epoch [99][100/272]	lr: 1.000e-03, eta: 0:23:23, time: 0.080, data_time: 0.025, memory: 2525, loss: 1.2078
2024-03-06 15:25:04,858 - mmcls - INFO - Epoch [99][200/272]	lr: 1.000e-03, eta: 0:23:19, time: 0.058, data_time: 0.004, memory: 2525, loss: 1.0426
2024-03-06 15:25:10,396 - mmcls - INFO - Epoch(val) [99][34]	accuracy_top-1: 75.0000, accuracy_top-5: 98.5294
2024-03-06 15:25:18,386 - mmcls - INFO - Epoch [100][100/272]	lr: 1.000e-03, eta: 0:23:09, time: 0.079, data_time: 0.025, memory: 2525, loss: 0.9819
2024-03-06 15:25:24,144 - mmcls - INFO - Epoch [100][200/272]	lr: 1.000e-03, eta: 0:23:05, time: 0.058, data_time: 0.003, memory: 2525, loss: 1.0653
2024-03-06 15:25:28,385 - mmcls - INFO - Saving checkpoint at 100 epochs
2024-03-06 15:25:36,516 - mmcls - INFO - Epoch(val) [100][34]	accuracy_top-1: 74.2647, accuracy_top-5: 98.5294
2024-03-06 15:25:44,483 - mmcls - INFO - Epoch [101][100/272]	lr: 1.000e-04, eta: 0:22:55, time: 0.079, data_time: 0.024, memory: 2525, loss: 0.9273
2024-03-06 15:25:50,292 - mmcls - INFO - Epoch [101][200/272]	lr: 1.000e-04, eta: 0:22:51, time: 0.058, data_time: 0.003, memory: 2525, loss: 0.9960
2024-03-06 15:25:55,758 - mmcls - INFO - Epoch(val) [101][34]	accuracy_top-1: 80.8824, accuracy_top-5: 99.2647
2024-03-06 15:26:03,821 - mmcls - INFO - Epoch [102][100/272]	lr: 1.000e-04, eta: 0:22:42, time: 0.080, data_time: 0.025, memory: 2525, loss: 0.8651
2024-03-06 15:26:09,679 - mmcls - INFO - Epoch [102][200/272]	lr: 1.000e-04, eta: 0:22:37, time: 0.059, data_time: 0.003, memory: 2525, loss: 0.8487
2024-03-06 15:26:15,248 - mmcls - INFO - Epoch(val) [102][34]	accuracy_top-1: 77.2059, accuracy_top-5: 100.0000
2024-03-06 15:26:23,301 - mmcls - INFO - Epoch [103][100/272]	lr: 1.000e-04, eta: 0:22:28, time: 0.080, data_time: 0.025, memory: 2525, loss: 0.8624
2024-03-06 15:26:29,063 - mmcls - INFO - Epoch [103][200/272]	lr: 1.000e-04, eta: 0:22:23, time: 0.058, data_time: 0.003, memory: 2525, loss: 0.7401
2024-03-06 15:26:34,338 - mmcls - INFO - Epoch(val) [103][34]	accuracy_top-1: 77.9412, accuracy_top-5: 97.7941
2024-03-06 15:26:42,391 - mmcls - INFO - Epoch [104][100/272]	lr: 1.000e-04, eta: 0:22:14, time: 0.080, data_time: 0.025, memory: 2525, loss: 0.8293
2024-03-06 15:26:48,156 - mmcls - INFO - Epoch [104][200/272]	lr: 1.000e-04, eta: 0:22:10, time: 0.058, data_time: 0.003, memory: 2525, loss: 0.7006
2024-03-06 15:26:53,626 - mmcls - INFO - Epoch(val) [104][34]	accuracy_top-1: 77.9412, accuracy_top-5: 99.2647
2024-03-06 15:27:01,630 - mmcls - INFO - Epoch [105][100/272]	lr: 1.000e-04, eta: 0:22:00, time: 0.080, data_time: 0.025, memory: 2525, loss: 0.7307
2024-03-06 15:27:07,449 - mmcls - INFO - Epoch [105][200/272]	lr: 1.000e-04, eta: 0:21:56, time: 0.058, data_time: 0.003, memory: 2525, loss: 0.7326
2024-03-06 15:27:12,906 - mmcls - INFO - Epoch(val) [105][34]	accuracy_top-1: 79.4118, accuracy_top-5: 99.2647
2024-03-06 15:27:20,895 - mmcls - INFO - Epoch [106][100/272]	lr: 1.000e-04, eta: 0:21:46, time: 0.080, data_time: 0.026, memory: 2525, loss: 0.7223
2024-03-06 15:27:26,719 - mmcls - INFO - Epoch [106][200/272]	lr: 1.000e-04, eta: 0:21:42, time: 0.058, data_time: 0.003, memory: 2525, loss: 0.7204
2024-03-06 15:27:32,136 - mmcls - INFO - Epoch(val) [106][34]	accuracy_top-1: 77.9412, accuracy_top-5: 100.0000
2024-03-06 15:27:40,214 - mmcls - INFO - Epoch [107][100/272]	lr: 1.000e-04, eta: 0:21:33, time: 0.080, data_time: 0.026, memory: 2525, loss: 0.7709
2024-03-06 15:27:46,043 - mmcls - INFO - Epoch [107][200/272]	lr: 1.000e-04, eta: 0:21:28, time: 0.058, data_time: 0.004, memory: 2525, loss: 0.7609
2024-03-06 15:27:51,534 - mmcls - INFO - Epoch(val) [107][34]	accuracy_top-1: 80.1471, accuracy_top-5: 100.0000
2024-03-06 15:27:59,482 - mmcls - INFO - Epoch [108][100/272]	lr: 1.000e-04, eta: 0:21:19, time: 0.079, data_time: 0.025, memory: 2525, loss: 0.7358
2024-03-06 15:28:05,246 - mmcls - INFO - Epoch [108][200/272]	lr: 1.000e-04, eta: 0:21:14, time: 0.058, data_time: 0.003, memory: 2525, loss: 0.7760
2024-03-06 15:28:10,724 - mmcls - INFO - Epoch(val) [108][34]	accuracy_top-1: 77.9412, accuracy_top-5: 100.0000
2024-03-06 15:28:18,800 - mmcls - INFO - Epoch [109][100/272]	lr: 1.000e-04, eta: 0:21:05, time: 0.080, data_time: 0.025, memory: 2525, loss: 0.6750
2024-03-06 15:28:24,593 - mmcls - INFO - Epoch [109][200/272]	lr: 1.000e-04, eta: 0:21:00, time: 0.058, data_time: 0.003, memory: 2525, loss: 0.6750
2024-03-06 15:28:29,972 - mmcls - INFO - Epoch(val) [109][34]	accuracy_top-1: 80.1471, accuracy_top-5: 100.0000
2024-03-06 15:28:37,999 - mmcls - INFO - Epoch [110][100/272]	lr: 1.000e-04, eta: 0:20:51, time: 0.080, data_time: 0.025, memory: 2525, loss: 0.7388
2024-03-06 15:28:43,762 - mmcls - INFO - Epoch [110][200/272]	lr: 1.000e-04, eta: 0:20:46, time: 0.058, data_time: 0.003, memory: 2525, loss: 0.6941
2024-03-06 15:28:49,223 - mmcls - INFO - Epoch(val) [110][34]	accuracy_top-1: 80.1471, accuracy_top-5: 99.2647
2024-03-06 15:28:57,252 - mmcls - INFO - Epoch [111][100/272]	lr: 1.000e-04, eta: 0:20:37, time: 0.080, data_time: 0.025, memory: 2525, loss: 0.7727
2024-03-06 15:29:03,051 - mmcls - INFO - Epoch [111][200/272]	lr: 1.000e-04, eta: 0:20:33, time: 0.058, data_time: 0.004, memory: 2525, loss: 0.6409
2024-03-06 15:29:08,453 - mmcls - INFO - Epoch(val) [111][34]	accuracy_top-1: 79.4118, accuracy_top-5: 100.0000
2024-03-06 15:29:16,434 - mmcls - INFO - Epoch [112][100/272]	lr: 1.000e-04, eta: 0:20:23, time: 0.079, data_time: 0.025, memory: 2525, loss: 0.7164
2024-03-06 15:29:22,264 - mmcls - INFO - Epoch [112][200/272]	lr: 1.000e-04, eta: 0:20:19, time: 0.058, data_time: 0.003, memory: 2525, loss: 0.7051
2024-03-06 15:29:27,558 - mmcls - INFO - Epoch(val) [112][34]	accuracy_top-1: 80.1471, accuracy_top-5: 100.0000
2024-03-06 15:29:35,606 - mmcls - INFO - Epoch [113][100/272]	lr: 1.000e-04, eta: 0:20:10, time: 0.080, data_time: 0.025, memory: 2525, loss: 0.8446
2024-03-06 15:29:41,413 - mmcls - INFO - Epoch [113][200/272]	lr: 1.000e-04, eta: 0:20:05, time: 0.058, data_time: 0.003, memory: 2525, loss: 0.7538
2024-03-06 15:29:46,853 - mmcls - INFO - Epoch(val) [113][34]	accuracy_top-1: 81.6176, accuracy_top-5: 99.2647
2024-03-06 15:29:54,922 - mmcls - INFO - Epoch [114][100/272]	lr: 1.000e-04, eta: 0:19:56, time: 0.080, data_time: 0.025, memory: 2525, loss: 0.5923
2024-03-06 15:30:00,741 - mmcls - INFO - Epoch [114][200/272]	lr: 1.000e-04, eta: 0:19:51, time: 0.058, data_time: 0.003, memory: 2525, loss: 0.7959
2024-03-06 15:30:06,310 - mmcls - INFO - Epoch(val) [114][34]	accuracy_top-1: 80.1471, accuracy_top-5: 100.0000
2024-03-06 15:30:14,268 - mmcls - INFO - Epoch [115][100/272]	lr: 1.000e-04, eta: 0:19:42, time: 0.079, data_time: 0.025, memory: 2525, loss: 0.7237
2024-03-06 15:30:20,093 - mmcls - INFO - Epoch [115][200/272]	lr: 1.000e-04, eta: 0:19:37, time: 0.058, data_time: 0.004, memory: 2525, loss: 0.6103
2024-03-06 15:30:25,557 - mmcls - INFO - Epoch(val) [115][34]	accuracy_top-1: 79.4118, accuracy_top-5: 100.0000
2024-03-06 15:30:33,559 - mmcls - INFO - Epoch [116][100/272]	lr: 1.000e-04, eta: 0:19:28, time: 0.080, data_time: 0.025, memory: 2525, loss: 0.7601
2024-03-06 15:30:39,362 - mmcls - INFO - Epoch [116][200/272]	lr: 1.000e-04, eta: 0:19:23, time: 0.058, data_time: 0.003, memory: 2525, loss: 0.7269
2024-03-06 15:30:44,891 - mmcls - INFO - Epoch(val) [116][34]	accuracy_top-1: 80.1471, accuracy_top-5: 100.0000
2024-03-06 15:30:52,875 - mmcls - INFO - Epoch [117][100/272]	lr: 1.000e-04, eta: 0:19:14, time: 0.079, data_time: 0.025, memory: 2525, loss: 0.6807
2024-03-06 15:30:58,715 - mmcls - INFO - Epoch [117][200/272]	lr: 1.000e-04, eta: 0:19:10, time: 0.058, data_time: 0.003, memory: 2525, loss: 0.6918
2024-03-06 15:31:04,193 - mmcls - INFO - Epoch(val) [117][34]	accuracy_top-1: 80.8824, accuracy_top-5: 100.0000
2024-03-06 15:31:12,260 - mmcls - INFO - Epoch [118][100/272]	lr: 1.000e-04, eta: 0:19:00, time: 0.080, data_time: 0.025, memory: 2525, loss: 0.6276
2024-03-06 15:31:18,031 - mmcls - INFO - Epoch [118][200/272]	lr: 1.000e-04, eta: 0:18:56, time: 0.058, data_time: 0.004, memory: 2525, loss: 0.6857
2024-03-06 15:31:23,507 - mmcls - INFO - Epoch(val) [118][34]	accuracy_top-1: 81.6176, accuracy_top-5: 99.2647
2024-03-06 15:31:31,522 - mmcls - INFO - Epoch [119][100/272]	lr: 1.000e-04, eta: 0:18:47, time: 0.080, data_time: 0.025, memory: 2525, loss: 0.7012
2024-03-06 15:31:37,349 - mmcls - INFO - Epoch [119][200/272]	lr: 1.000e-04, eta: 0:18:42, time: 0.058, data_time: 0.004, memory: 2525, loss: 0.6504
2024-03-06 15:31:42,725 - mmcls - INFO - Epoch(val) [119][34]	accuracy_top-1: 79.4118, accuracy_top-5: 99.2647
2024-03-06 15:31:50,775 - mmcls - INFO - Epoch [120][100/272]	lr: 1.000e-04, eta: 0:18:33, time: 0.080, data_time: 0.024, memory: 2525, loss: 0.7595
2024-03-06 15:31:56,587 - mmcls - INFO - Epoch [120][200/272]	lr: 1.000e-04, eta: 0:18:28, time: 0.058, data_time: 0.003, memory: 2525, loss: 0.7615
2024-03-06 15:32:02,042 - mmcls - INFO - Epoch(val) [120][34]	accuracy_top-1: 80.1471, accuracy_top-5: 98.5294
2024-03-06 15:32:10,003 - mmcls - INFO - Epoch [121][100/272]	lr: 1.000e-04, eta: 0:18:19, time: 0.079, data_time: 0.025, memory: 2525, loss: 0.7789
2024-03-06 15:32:15,839 - mmcls - INFO - Epoch [121][200/272]	lr: 1.000e-04, eta: 0:18:14, time: 0.058, data_time: 0.003, memory: 2525, loss: 0.7657
2024-03-06 15:32:21,285 - mmcls - INFO - Epoch(val) [121][34]	accuracy_top-1: 81.6176, accuracy_top-5: 98.5294
2024-03-06 15:32:29,364 - mmcls - INFO - Epoch [122][100/272]	lr: 1.000e-04, eta: 0:18:05, time: 0.080, data_time: 0.025, memory: 2525, loss: 0.6681
2024-03-06 15:32:35,181 - mmcls - INFO - Epoch [122][200/272]	lr: 1.000e-04, eta: 0:18:01, time: 0.058, data_time: 0.003, memory: 2525, loss: 0.6251
2024-03-06 15:32:40,683 - mmcls - INFO - Epoch(val) [122][34]	accuracy_top-1: 81.6176, accuracy_top-5: 98.5294
2024-03-06 15:32:48,685 - mmcls - INFO - Epoch [123][100/272]	lr: 1.000e-04, eta: 0:17:51, time: 0.080, data_time: 0.025, memory: 2525, loss: 0.5849
2024-03-06 15:32:54,552 - mmcls - INFO - Epoch [123][200/272]	lr: 1.000e-04, eta: 0:17:47, time: 0.059, data_time: 0.004, memory: 2525, loss: 0.8240
2024-03-06 15:32:59,841 - mmcls - INFO - Epoch(val) [123][34]	accuracy_top-1: 82.3529, accuracy_top-5: 99.2647
2024-03-06 15:33:07,937 - mmcls - INFO - Epoch [124][100/272]	lr: 1.000e-04, eta: 0:17:38, time: 0.081, data_time: 0.025, memory: 2525, loss: 0.6193
2024-03-06 15:33:13,761 - mmcls - INFO - Epoch [124][200/272]	lr: 1.000e-04, eta: 0:17:33, time: 0.058, data_time: 0.003, memory: 2525, loss: 0.5918
2024-03-06 15:33:19,046 - mmcls - INFO - Epoch(val) [124][34]	accuracy_top-1: 78.6765, accuracy_top-5: 98.5294
2024-03-06 15:33:27,091 - mmcls - INFO - Epoch [125][100/272]	lr: 1.000e-04, eta: 0:17:24, time: 0.080, data_time: 0.026, memory: 2525, loss: 0.7726
2024-03-06 15:33:32,940 - mmcls - INFO - Epoch [125][200/272]	lr: 1.000e-04, eta: 0:17:19, time: 0.058, data_time: 0.003, memory: 2525, loss: 0.6878
2024-03-06 15:33:38,396 - mmcls - INFO - Epoch(val) [125][34]	accuracy_top-1: 80.8824, accuracy_top-5: 99.2647
2024-03-06 15:33:46,480 - mmcls - INFO - Epoch [126][100/272]	lr: 1.000e-04, eta: 0:17:10, time: 0.081, data_time: 0.026, memory: 2525, loss: 0.7020
2024-03-06 15:33:52,262 - mmcls - INFO - Epoch [126][200/272]	lr: 1.000e-04, eta: 0:17:05, time: 0.058, data_time: 0.003, memory: 2525, loss: 0.6765
2024-03-06 15:33:57,680 - mmcls - INFO - Epoch(val) [126][34]	accuracy_top-1: 83.8235, accuracy_top-5: 99.2647
2024-03-06 15:34:05,634 - mmcls - INFO - Epoch [127][100/272]	lr: 1.000e-04, eta: 0:16:56, time: 0.079, data_time: 0.024, memory: 2525, loss: 0.6307
2024-03-06 15:34:11,467 - mmcls - INFO - Epoch [127][200/272]	lr: 1.000e-04, eta: 0:16:52, time: 0.058, data_time: 0.003, memory: 2525, loss: 0.6435
2024-03-06 15:34:17,023 - mmcls - INFO - Epoch(val) [127][34]	accuracy_top-1: 82.3529, accuracy_top-5: 100.0000
2024-03-06 15:34:25,061 - mmcls - INFO - Epoch [128][100/272]	lr: 1.000e-04, eta: 0:16:42, time: 0.080, data_time: 0.025, memory: 2525, loss: 0.7029
2024-03-06 15:34:30,901 - mmcls - INFO - Epoch [128][200/272]	lr: 1.000e-04, eta: 0:16:38, time: 0.058, data_time: 0.004, memory: 2525, loss: 0.6994
2024-03-06 15:34:36,341 - mmcls - INFO - Epoch(val) [128][34]	accuracy_top-1: 82.3529, accuracy_top-5: 100.0000
2024-03-06 15:34:44,344 - mmcls - INFO - Epoch [129][100/272]	lr: 1.000e-04, eta: 0:16:29, time: 0.080, data_time: 0.026, memory: 2525, loss: 0.6062
2024-03-06 15:34:50,112 - mmcls - INFO - Epoch [129][200/272]	lr: 1.000e-04, eta: 0:16:24, time: 0.058, data_time: 0.003, memory: 2525, loss: 0.6134
2024-03-06 15:34:55,557 - mmcls - INFO - Epoch(val) [129][34]	accuracy_top-1: 82.3529, accuracy_top-5: 100.0000
2024-03-06 15:35:03,621 - mmcls - INFO - Epoch [130][100/272]	lr: 1.000e-04, eta: 0:16:15, time: 0.080, data_time: 0.025, memory: 2525, loss: 0.6019
2024-03-06 15:35:09,423 - mmcls - INFO - Epoch [130][200/272]	lr: 1.000e-04, eta: 0:16:10, time: 0.058, data_time: 0.003, memory: 2525, loss: 0.6832
2024-03-06 15:35:14,856 - mmcls - INFO - Epoch(val) [130][34]	accuracy_top-1: 80.8824, accuracy_top-5: 100.0000
2024-03-06 15:35:22,880 - mmcls - INFO - Epoch [131][100/272]	lr: 1.000e-04, eta: 0:16:01, time: 0.080, data_time: 0.025, memory: 2525, loss: 0.6193
2024-03-06 15:35:28,686 - mmcls - INFO - Epoch [131][200/272]	lr: 1.000e-04, eta: 0:15:56, time: 0.058, data_time: 0.004, memory: 2525, loss: 0.7567
2024-03-06 15:35:34,052 - mmcls - INFO - Epoch(val) [131][34]	accuracy_top-1: 81.6176, accuracy_top-5: 99.2647
2024-03-06 15:35:42,002 - mmcls - INFO - Epoch [132][100/272]	lr: 1.000e-04, eta: 0:15:47, time: 0.079, data_time: 0.025, memory: 2525, loss: 0.7409
2024-03-06 15:35:47,820 - mmcls - INFO - Epoch [132][200/272]	lr: 1.000e-04, eta: 0:15:42, time: 0.058, data_time: 0.003, memory: 2525, loss: 0.6644
2024-03-06 15:35:53,233 - mmcls - INFO - Epoch(val) [132][34]	accuracy_top-1: 80.8824, accuracy_top-5: 100.0000
2024-03-06 15:36:01,303 - mmcls - INFO - Epoch [133][100/272]	lr: 1.000e-04, eta: 0:15:33, time: 0.080, data_time: 0.025, memory: 2525, loss: 0.6820
2024-03-06 15:36:07,116 - mmcls - INFO - Epoch [133][200/272]	lr: 1.000e-04, eta: 0:15:29, time: 0.058, data_time: 0.003, memory: 2525, loss: 0.6597
2024-03-06 15:36:12,562 - mmcls - INFO - Epoch(val) [133][34]	accuracy_top-1: 80.8824, accuracy_top-5: 99.2647
2024-03-06 15:36:20,556 - mmcls - INFO - Epoch [134][100/272]	lr: 1.000e-04, eta: 0:15:20, time: 0.080, data_time: 0.025, memory: 2525, loss: 0.5489
2024-03-06 15:36:26,374 - mmcls - INFO - Epoch [134][200/272]	lr: 1.000e-04, eta: 0:15:15, time: 0.058, data_time: 0.003, memory: 2525, loss: 0.6565
2024-03-06 15:36:31,792 - mmcls - INFO - Epoch(val) [134][34]	accuracy_top-1: 81.6176, accuracy_top-5: 99.2647
2024-03-06 15:36:39,841 - mmcls - INFO - Epoch [135][100/272]	lr: 1.000e-04, eta: 0:15:06, time: 0.080, data_time: 0.025, memory: 2525, loss: 0.6476
2024-03-06 15:36:45,640 - mmcls - INFO - Epoch [135][200/272]	lr: 1.000e-04, eta: 0:15:01, time: 0.058, data_time: 0.003, memory: 2525, loss: 0.5688
2024-03-06 15:36:51,115 - mmcls - INFO - Epoch(val) [135][34]	accuracy_top-1: 83.8235, accuracy_top-5: 100.0000
2024-03-06 15:36:59,127 - mmcls - INFO - Epoch [136][100/272]	lr: 1.000e-04, eta: 0:14:52, time: 0.080, data_time: 0.025, memory: 2525, loss: 0.6870
2024-03-06 15:37:04,943 - mmcls - INFO - Epoch [136][200/272]	lr: 1.000e-04, eta: 0:14:47, time: 0.058, data_time: 0.003, memory: 2525, loss: 0.5754
2024-03-06 15:37:10,329 - mmcls - INFO - Epoch(val) [136][34]	accuracy_top-1: 81.6176, accuracy_top-5: 100.0000
2024-03-06 15:37:18,314 - mmcls - INFO - Epoch [137][100/272]	lr: 1.000e-04, eta: 0:14:38, time: 0.080, data_time: 0.025, memory: 2525, loss: 0.6248
2024-03-06 15:37:24,142 - mmcls - INFO - Epoch [137][200/272]	lr: 1.000e-04, eta: 0:14:33, time: 0.058, data_time: 0.004, memory: 2525, loss: 0.6054
2024-03-06 15:37:29,575 - mmcls - INFO - Epoch(val) [137][34]	accuracy_top-1: 80.8824, accuracy_top-5: 99.2647
2024-03-06 15:37:37,661 - mmcls - INFO - Epoch [138][100/272]	lr: 1.000e-04, eta: 0:14:24, time: 0.080, data_time: 0.025, memory: 2525, loss: 0.6106
2024-03-06 15:37:43,439 - mmcls - INFO - Epoch [138][200/272]	lr: 1.000e-04, eta: 0:14:20, time: 0.058, data_time: 0.003, memory: 2525, loss: 0.6477
2024-03-06 15:37:48,704 - mmcls - INFO - Epoch(val) [138][34]	accuracy_top-1: 82.3529, accuracy_top-5: 100.0000
2024-03-06 15:37:56,670 - mmcls - INFO - Epoch [139][100/272]	lr: 1.000e-04, eta: 0:14:10, time: 0.079, data_time: 0.025, memory: 2525, loss: 0.5564
2024-03-06 15:38:02,464 - mmcls - INFO - Epoch [139][200/272]	lr: 1.000e-04, eta: 0:14:06, time: 0.058, data_time: 0.004, memory: 2525, loss: 0.6158
2024-03-06 15:38:07,738 - mmcls - INFO - Epoch(val) [139][34]	accuracy_top-1: 81.6176, accuracy_top-5: 100.0000
2024-03-06 15:38:15,785 - mmcls - INFO - Epoch [140][100/272]	lr: 1.000e-04, eta: 0:13:57, time: 0.080, data_time: 0.025, memory: 2525, loss: 0.6128
2024-03-06 15:38:21,594 - mmcls - INFO - Epoch [140][200/272]	lr: 1.000e-04, eta: 0:13:52, time: 0.058, data_time: 0.003, memory: 2525, loss: 0.6870
2024-03-06 15:38:27,003 - mmcls - INFO - Epoch(val) [140][34]	accuracy_top-1: 83.0882, accuracy_top-5: 100.0000
2024-03-06 15:38:34,951 - mmcls - INFO - Epoch [141][100/272]	lr: 1.000e-04, eta: 0:13:43, time: 0.079, data_time: 0.025, memory: 2525, loss: 0.5777
2024-03-06 15:38:40,776 - mmcls - INFO - Epoch [141][200/272]	lr: 1.000e-04, eta: 0:13:38, time: 0.058, data_time: 0.004, memory: 2525, loss: 0.5600
2024-03-06 15:38:46,257 - mmcls - INFO - Epoch(val) [141][34]	accuracy_top-1: 83.8235, accuracy_top-5: 100.0000
2024-03-06 15:38:54,270 - mmcls - INFO - Epoch [142][100/272]	lr: 1.000e-04, eta: 0:13:29, time: 0.080, data_time: 0.024, memory: 2525, loss: 0.6625
2024-03-06 15:39:00,093 - mmcls - INFO - Epoch [142][200/272]	lr: 1.000e-04, eta: 0:13:24, time: 0.058, data_time: 0.003, memory: 2525, loss: 0.5700
2024-03-06 15:39:05,600 - mmcls - INFO - Epoch(val) [142][34]	accuracy_top-1: 82.3529, accuracy_top-5: 100.0000
2024-03-06 15:39:13,625 - mmcls - INFO - Epoch [143][100/272]	lr: 1.000e-04, eta: 0:13:15, time: 0.080, data_time: 0.025, memory: 2525, loss: 0.6928
2024-03-06 15:39:19,442 - mmcls - INFO - Epoch [143][200/272]	lr: 1.000e-04, eta: 0:13:10, time: 0.058, data_time: 0.003, memory: 2525, loss: 0.6322
2024-03-06 15:39:24,894 - mmcls - INFO - Epoch(val) [143][34]	accuracy_top-1: 84.5588, accuracy_top-5: 100.0000
2024-03-06 15:39:32,958 - mmcls - INFO - Epoch [144][100/272]	lr: 1.000e-04, eta: 0:13:01, time: 0.080, data_time: 0.026, memory: 2525, loss: 0.6339
2024-03-06 15:39:38,771 - mmcls - INFO - Epoch [144][200/272]	lr: 1.000e-04, eta: 0:12:57, time: 0.058, data_time: 0.004, memory: 2525, loss: 0.6772
2024-03-06 15:39:44,277 - mmcls - INFO - Epoch(val) [144][34]	accuracy_top-1: 82.3529, accuracy_top-5: 100.0000
2024-03-06 15:39:52,297 - mmcls - INFO - Epoch [145][100/272]	lr: 1.000e-04, eta: 0:12:48, time: 0.080, data_time: 0.026, memory: 2525, loss: 0.6759
2024-03-06 15:39:58,064 - mmcls - INFO - Epoch [145][200/272]	lr: 1.000e-04, eta: 0:12:43, time: 0.058, data_time: 0.003, memory: 2525, loss: 0.6408
2024-03-06 15:40:03,553 - mmcls - INFO - Epoch(val) [145][34]	accuracy_top-1: 81.6176, accuracy_top-5: 100.0000
2024-03-06 15:40:11,623 - mmcls - INFO - Epoch [146][100/272]	lr: 1.000e-04, eta: 0:12:34, time: 0.080, data_time: 0.025, memory: 2525, loss: 0.6258
2024-03-06 15:40:17,415 - mmcls - INFO - Epoch [146][200/272]	lr: 1.000e-04, eta: 0:12:29, time: 0.058, data_time: 0.003, memory: 2525, loss: 0.5903
2024-03-06 15:40:22,863 - mmcls - INFO - Epoch(val) [146][34]	accuracy_top-1: 83.8235, accuracy_top-5: 100.0000
2024-03-06 15:40:30,886 - mmcls - INFO - Epoch [147][100/272]	lr: 1.000e-04, eta: 0:12:20, time: 0.080, data_time: 0.025, memory: 2525, loss: 0.6235
2024-03-06 15:40:36,711 - mmcls - INFO - Epoch [147][200/272]	lr: 1.000e-04, eta: 0:12:15, time: 0.058, data_time: 0.004, memory: 2525, loss: 0.5875
2024-03-06 15:40:42,138 - mmcls - INFO - Epoch(val) [147][34]	accuracy_top-1: 81.6176, accuracy_top-5: 98.5294
2024-03-06 15:40:50,190 - mmcls - INFO - Epoch [148][100/272]	lr: 1.000e-04, eta: 0:12:06, time: 0.080, data_time: 0.025, memory: 2525, loss: 0.5950
2024-03-06 15:40:56,024 - mmcls - INFO - Epoch [148][200/272]	lr: 1.000e-04, eta: 0:12:01, time: 0.058, data_time: 0.003, memory: 2525, loss: 0.5798
2024-03-06 15:41:01,317 - mmcls - INFO - Epoch(val) [148][34]	accuracy_top-1: 82.3529, accuracy_top-5: 99.2647
2024-03-06 15:41:09,305 - mmcls - INFO - Epoch [149][100/272]	lr: 1.000e-04, eta: 0:11:52, time: 0.079, data_time: 0.025, memory: 2525, loss: 0.4878
2024-03-06 15:41:15,087 - mmcls - INFO - Epoch [149][200/272]	lr: 1.000e-04, eta: 0:11:47, time: 0.058, data_time: 0.004, memory: 2525, loss: 0.6801
2024-03-06 15:41:20,512 - mmcls - INFO - Epoch(val) [149][34]	accuracy_top-1: 80.1471, accuracy_top-5: 99.2647
2024-03-06 15:41:28,557 - mmcls - INFO - Epoch [150][100/272]	lr: 1.000e-04, eta: 0:11:39, time: 0.080, data_time: 0.025, memory: 2525, loss: 0.6107
2024-03-06 15:41:34,403 - mmcls - INFO - Epoch [150][200/272]	lr: 1.000e-04, eta: 0:11:34, time: 0.058, data_time: 0.004, memory: 2525, loss: 0.5748
2024-03-06 15:41:39,894 - mmcls - INFO - Epoch(val) [150][34]	accuracy_top-1: 84.5588, accuracy_top-5: 100.0000
2024-03-06 15:41:47,909 - mmcls - INFO - Epoch [151][100/272]	lr: 1.000e-05, eta: 0:11:25, time: 0.080, data_time: 0.024, memory: 2525, loss: 0.6389
2024-03-06 15:41:53,728 - mmcls - INFO - Epoch [151][200/272]	lr: 1.000e-05, eta: 0:11:20, time: 0.058, data_time: 0.003, memory: 2525, loss: 0.6166
2024-03-06 15:41:59,111 - mmcls - INFO - Epoch(val) [151][34]	accuracy_top-1: 82.3529, accuracy_top-5: 99.2647
2024-03-06 15:42:07,177 - mmcls - INFO - Epoch [152][100/272]	lr: 1.000e-05, eta: 0:11:11, time: 0.080, data_time: 0.026, memory: 2525, loss: 0.5690
2024-03-06 15:42:12,996 - mmcls - INFO - Epoch [152][200/272]	lr: 1.000e-05, eta: 0:11:06, time: 0.058, data_time: 0.003, memory: 2525, loss: 0.5951
2024-03-06 15:42:18,259 - mmcls - INFO - Epoch(val) [152][34]	accuracy_top-1: 83.8235, accuracy_top-5: 100.0000
2024-03-06 15:42:26,227 - mmcls - INFO - Epoch [153][100/272]	lr: 1.000e-05, eta: 0:10:57, time: 0.079, data_time: 0.025, memory: 2525, loss: 0.5732
2024-03-06 15:42:32,045 - mmcls - INFO - Epoch [153][200/272]	lr: 1.000e-05, eta: 0:10:52, time: 0.058, data_time: 0.003, memory: 2525, loss: 0.5588
2024-03-06 15:42:37,431 - mmcls - INFO - Epoch(val) [153][34]	accuracy_top-1: 80.8824, accuracy_top-5: 100.0000
2024-03-06 15:42:45,468 - mmcls - INFO - Epoch [154][100/272]	lr: 1.000e-05, eta: 0:10:43, time: 0.080, data_time: 0.025, memory: 2525, loss: 0.6076
2024-03-06 15:42:51,299 - mmcls - INFO - Epoch [154][200/272]	lr: 1.000e-05, eta: 0:10:38, time: 0.058, data_time: 0.003, memory: 2525, loss: 0.5458
2024-03-06 15:42:56,679 - mmcls - INFO - Epoch(val) [154][34]	accuracy_top-1: 82.3529, accuracy_top-5: 100.0000
2024-03-06 15:43:04,755 - mmcls - INFO - Epoch [155][100/272]	lr: 1.000e-05, eta: 0:10:30, time: 0.080, data_time: 0.025, memory: 2525, loss: 0.6066
2024-03-06 15:43:10,603 - mmcls - INFO - Epoch [155][200/272]	lr: 1.000e-05, eta: 0:10:25, time: 0.058, data_time: 0.004, memory: 2525, loss: 0.5737
2024-03-06 15:43:15,981 - mmcls - INFO - Epoch(val) [155][34]	accuracy_top-1: 83.8235, accuracy_top-5: 99.2647
2024-03-06 15:43:23,960 - mmcls - INFO - Epoch [156][100/272]	lr: 1.000e-05, eta: 0:10:16, time: 0.079, data_time: 0.024, memory: 2525, loss: 0.6059
2024-03-06 15:43:29,788 - mmcls - INFO - Epoch [156][200/272]	lr: 1.000e-05, eta: 0:10:11, time: 0.058, data_time: 0.003, memory: 2525, loss: 0.5874
2024-03-06 15:43:35,088 - mmcls - INFO - Epoch(val) [156][34]	accuracy_top-1: 81.6176, accuracy_top-5: 100.0000
2024-03-06 15:43:43,065 - mmcls - INFO - Epoch [157][100/272]	lr: 1.000e-05, eta: 0:10:02, time: 0.079, data_time: 0.025, memory: 2525, loss: 0.5262
2024-03-06 15:43:48,844 - mmcls - INFO - Epoch [157][200/272]	lr: 1.000e-05, eta: 0:09:57, time: 0.058, data_time: 0.003, memory: 2525, loss: 0.5554
2024-03-06 15:43:54,246 - mmcls - INFO - Epoch(val) [157][34]	accuracy_top-1: 83.0882, accuracy_top-5: 99.2647
2024-03-06 15:44:02,284 - mmcls - INFO - Epoch [158][100/272]	lr: 1.000e-05, eta: 0:09:48, time: 0.080, data_time: 0.025, memory: 2525, loss: 0.5243
2024-03-06 15:44:08,100 - mmcls - INFO - Epoch [158][200/272]	lr: 1.000e-05, eta: 0:09:43, time: 0.058, data_time: 0.004, memory: 2525, loss: 0.6016
2024-03-06 15:44:13,646 - mmcls - INFO - Epoch(val) [158][34]	accuracy_top-1: 82.3529, accuracy_top-5: 99.2647
2024-03-06 15:44:21,732 - mmcls - INFO - Epoch [159][100/272]	lr: 1.000e-05, eta: 0:09:34, time: 0.080, data_time: 0.025, memory: 2525, loss: 0.5541
2024-03-06 15:44:27,575 - mmcls - INFO - Epoch [159][200/272]	lr: 1.000e-05, eta: 0:09:29, time: 0.058, data_time: 0.003, memory: 2525, loss: 0.5371
2024-03-06 15:44:32,839 - mmcls - INFO - Epoch(val) [159][34]	accuracy_top-1: 84.5588, accuracy_top-5: 100.0000
2024-03-06 15:44:40,891 - mmcls - INFO - Epoch [160][100/272]	lr: 1.000e-05, eta: 0:09:20, time: 0.080, data_time: 0.025, memory: 2525, loss: 0.5518
2024-03-06 15:44:46,704 - mmcls - INFO - Epoch [160][200/272]	lr: 1.000e-05, eta: 0:09:16, time: 0.058, data_time: 0.003, memory: 2525, loss: 0.5783
2024-03-06 15:44:52,125 - mmcls - INFO - Epoch(val) [160][34]	accuracy_top-1: 77.9412, accuracy_top-5: 99.2647
2024-03-06 15:45:00,119 - mmcls - INFO - Epoch [161][100/272]	lr: 1.000e-05, eta: 0:09:07, time: 0.080, data_time: 0.025, memory: 2525, loss: 0.5483
2024-03-06 15:45:05,904 - mmcls - INFO - Epoch [161][200/272]	lr: 1.000e-05, eta: 0:09:02, time: 0.058, data_time: 0.003, memory: 2525, loss: 0.5952
2024-03-06 15:45:11,297 - mmcls - INFO - Epoch(val) [161][34]	accuracy_top-1: 79.4118, accuracy_top-5: 99.2647
2024-03-06 15:45:19,373 - mmcls - INFO - Epoch [162][100/272]	lr: 1.000e-05, eta: 0:08:53, time: 0.080, data_time: 0.025, memory: 2525, loss: 0.6199
2024-03-06 15:45:25,177 - mmcls - INFO - Epoch [162][200/272]	lr: 1.000e-05, eta: 0:08:48, time: 0.058, data_time: 0.003, memory: 2525, loss: 0.5526
2024-03-06 15:45:30,533 - mmcls - INFO - Epoch(val) [162][34]	accuracy_top-1: 83.8235, accuracy_top-5: 99.2647
2024-03-06 15:45:38,533 - mmcls - INFO - Epoch [163][100/272]	lr: 1.000e-05, eta: 0:08:39, time: 0.080, data_time: 0.024, memory: 2525, loss: 0.6309
2024-03-06 15:45:44,259 - mmcls - INFO - Epoch [163][200/272]	lr: 1.000e-05, eta: 0:08:34, time: 0.057, data_time: 0.002, memory: 2525, loss: 0.5526
2024-03-06 15:45:49,714 - mmcls - INFO - Epoch(val) [163][34]	accuracy_top-1: 82.3529, accuracy_top-5: 100.0000
2024-03-06 15:45:57,753 - mmcls - INFO - Epoch [164][100/272]	lr: 1.000e-05, eta: 0:08:25, time: 0.080, data_time: 0.024, memory: 2525, loss: 0.5349
2024-03-06 15:46:03,534 - mmcls - INFO - Epoch [164][200/272]	lr: 1.000e-05, eta: 0:08:20, time: 0.058, data_time: 0.003, memory: 2525, loss: 0.5510
2024-03-06 15:46:08,706 - mmcls - INFO - Epoch(val) [164][34]	accuracy_top-1: 83.8235, accuracy_top-5: 100.0000
2024-03-06 15:46:16,679 - mmcls - INFO - Epoch [165][100/272]	lr: 1.000e-05, eta: 0:08:11, time: 0.079, data_time: 0.025, memory: 2525, loss: 0.5705
2024-03-06 15:46:22,440 - mmcls - INFO - Epoch [165][200/272]	lr: 1.000e-05, eta: 0:08:06, time: 0.058, data_time: 0.003, memory: 2525, loss: 0.5908
2024-03-06 15:46:27,877 - mmcls - INFO - Epoch(val) [165][34]	accuracy_top-1: 80.8824, accuracy_top-5: 100.0000
2024-03-06 15:46:35,824 - mmcls - INFO - Epoch [166][100/272]	lr: 1.000e-05, eta: 0:07:58, time: 0.079, data_time: 0.025, memory: 2525, loss: 0.5279
2024-03-06 15:46:41,598 - mmcls - INFO - Epoch [166][200/272]	lr: 1.000e-05, eta: 0:07:53, time: 0.058, data_time: 0.003, memory: 2525, loss: 0.5711
2024-03-06 15:46:47,071 - mmcls - INFO - Epoch(val) [166][34]	accuracy_top-1: 82.3529, accuracy_top-5: 100.0000
2024-03-06 15:46:55,073 - mmcls - INFO - Epoch [167][100/272]	lr: 1.000e-05, eta: 0:07:44, time: 0.080, data_time: 0.025, memory: 2525, loss: 0.4901
2024-03-06 15:47:00,857 - mmcls - INFO - Epoch [167][200/272]	lr: 1.000e-05, eta: 0:07:39, time: 0.058, data_time: 0.002, memory: 2525, loss: 0.4871
2024-03-06 15:47:06,173 - mmcls - INFO - Epoch(val) [167][34]	accuracy_top-1: 82.3529, accuracy_top-5: 100.0000
2024-03-06 15:47:14,168 - mmcls - INFO - Epoch [168][100/272]	lr: 1.000e-05, eta: 0:07:30, time: 0.080, data_time: 0.024, memory: 2525, loss: 0.5942
2024-03-06 15:47:19,945 - mmcls - INFO - Epoch [168][200/272]	lr: 1.000e-05, eta: 0:07:25, time: 0.058, data_time: 0.002, memory: 2525, loss: 0.5250
2024-03-06 15:47:25,338 - mmcls - INFO - Epoch(val) [168][34]	accuracy_top-1: 83.0882, accuracy_top-5: 100.0000
2024-03-06 15:47:33,321 - mmcls - INFO - Epoch [169][100/272]	lr: 1.000e-05, eta: 0:07:16, time: 0.080, data_time: 0.025, memory: 2525, loss: 0.5633
2024-03-06 15:47:39,108 - mmcls - INFO - Epoch [169][200/272]	lr: 1.000e-05, eta: 0:07:11, time: 0.058, data_time: 0.004, memory: 2525, loss: 0.5732
2024-03-06 15:47:44,507 - mmcls - INFO - Epoch(val) [169][34]	accuracy_top-1: 80.8824, accuracy_top-5: 100.0000
2024-03-06 15:47:52,576 - mmcls - INFO - Epoch [170][100/272]	lr: 1.000e-05, eta: 0:07:02, time: 0.080, data_time: 0.025, memory: 2525, loss: 0.5061
2024-03-06 15:47:58,408 - mmcls - INFO - Epoch [170][200/272]	lr: 1.000e-05, eta: 0:06:57, time: 0.058, data_time: 0.004, memory: 2525, loss: 0.6314
2024-03-06 15:48:03,732 - mmcls - INFO - Epoch(val) [170][34]	accuracy_top-1: 83.8235, accuracy_top-5: 99.2647
2024-03-06 15:48:11,796 - mmcls - INFO - Epoch [171][100/272]	lr: 1.000e-05, eta: 0:06:49, time: 0.080, data_time: 0.025, memory: 2525, loss: 0.5702
2024-03-06 15:48:17,582 - mmcls - INFO - Epoch [171][200/272]	lr: 1.000e-05, eta: 0:06:44, time: 0.058, data_time: 0.004, memory: 2525, loss: 0.5849
2024-03-06 15:48:22,851 - mmcls - INFO - Epoch(val) [171][34]	accuracy_top-1: 83.0882, accuracy_top-5: 100.0000
2024-03-06 15:48:30,834 - mmcls - INFO - Epoch [172][100/272]	lr: 1.000e-05, eta: 0:06:35, time: 0.079, data_time: 0.025, memory: 2525, loss: 0.4896
2024-03-06 15:48:36,618 - mmcls - INFO - Epoch [172][200/272]	lr: 1.000e-05, eta: 0:06:30, time: 0.058, data_time: 0.003, memory: 2525, loss: 0.4385
2024-03-06 15:48:41,959 - mmcls - INFO - Epoch(val) [172][34]	accuracy_top-1: 83.0882, accuracy_top-5: 99.2647
2024-03-06 15:48:49,935 - mmcls - INFO - Epoch [173][100/272]	lr: 1.000e-05, eta: 0:06:21, time: 0.079, data_time: 0.024, memory: 2525, loss: 0.5169
2024-03-06 15:48:55,725 - mmcls - INFO - Epoch [173][200/272]	lr: 1.000e-05, eta: 0:06:16, time: 0.058, data_time: 0.002, memory: 2525, loss: 0.5452
2024-03-06 15:49:01,133 - mmcls - INFO - Epoch(val) [173][34]	accuracy_top-1: 81.6176, accuracy_top-5: 99.2647
2024-03-06 15:49:09,169 - mmcls - INFO - Epoch [174][100/272]	lr: 1.000e-05, eta: 0:06:07, time: 0.080, data_time: 0.025, memory: 2525, loss: 0.6317
2024-03-06 15:49:14,951 - mmcls - INFO - Epoch [174][200/272]	lr: 1.000e-05, eta: 0:06:02, time: 0.058, data_time: 0.004, memory: 2525, loss: 0.5275
2024-03-06 15:49:20,455 - mmcls - INFO - Epoch(val) [174][34]	accuracy_top-1: 82.3529, accuracy_top-5: 99.2647
2024-03-06 15:49:28,459 - mmcls - INFO - Epoch [175][100/272]	lr: 1.000e-05, eta: 0:05:53, time: 0.080, data_time: 0.025, memory: 2525, loss: 0.5316
2024-03-06 15:49:34,223 - mmcls - INFO - Epoch [175][200/272]	lr: 1.000e-05, eta: 0:05:48, time: 0.058, data_time: 0.004, memory: 2525, loss: 0.5603
2024-03-06 15:49:39,614 - mmcls - INFO - Epoch(val) [175][34]	accuracy_top-1: 83.0882, accuracy_top-5: 99.2647
2024-03-06 15:49:47,587 - mmcls - INFO - Epoch [176][100/272]	lr: 1.000e-05, eta: 0:05:39, time: 0.079, data_time: 0.025, memory: 2525, loss: 0.6281
2024-03-06 15:49:53,373 - mmcls - INFO - Epoch [176][200/272]	lr: 1.000e-05, eta: 0:05:34, time: 0.058, data_time: 0.002, memory: 2525, loss: 0.4577
2024-03-06 15:49:58,565 - mmcls - INFO - Epoch(val) [176][34]	accuracy_top-1: 82.3529, accuracy_top-5: 100.0000
2024-03-06 15:50:06,609 - mmcls - INFO - Epoch [177][100/272]	lr: 1.000e-05, eta: 0:05:26, time: 0.080, data_time: 0.025, memory: 2525, loss: 0.4720
2024-03-06 15:50:12,417 - mmcls - INFO - Epoch [177][200/272]	lr: 1.000e-05, eta: 0:05:21, time: 0.058, data_time: 0.003, memory: 2525, loss: 0.6096
2024-03-06 15:50:17,774 - mmcls - INFO - Epoch(val) [177][34]	accuracy_top-1: 83.8235, accuracy_top-5: 100.0000
2024-03-06 15:50:25,659 - mmcls - INFO - Epoch [178][100/272]	lr: 1.000e-05, eta: 0:05:12, time: 0.078, data_time: 0.025, memory: 2525, loss: 0.6189
2024-03-06 15:50:31,440 - mmcls - INFO - Epoch [178][200/272]	lr: 1.000e-05, eta: 0:05:07, time: 0.058, data_time: 0.003, memory: 2525, loss: 0.6093
2024-03-06 15:50:36,889 - mmcls - INFO - Epoch(val) [178][34]	accuracy_top-1: 83.8235, accuracy_top-5: 100.0000
2024-03-06 15:50:44,864 - mmcls - INFO - Epoch [179][100/272]	lr: 1.000e-05, eta: 0:04:58, time: 0.079, data_time: 0.024, memory: 2525, loss: 0.5650
2024-03-06 15:50:50,651 - mmcls - INFO - Epoch [179][200/272]	lr: 1.000e-05, eta: 0:04:53, time: 0.058, data_time: 0.002, memory: 2525, loss: 0.5803
2024-03-06 15:50:56,069 - mmcls - INFO - Epoch(val) [179][34]	accuracy_top-1: 82.3529, accuracy_top-5: 100.0000
2024-03-06 15:51:04,091 - mmcls - INFO - Epoch [180][100/272]	lr: 1.000e-05, eta: 0:04:44, time: 0.080, data_time: 0.024, memory: 2525, loss: 0.5424
2024-03-06 15:51:09,875 - mmcls - INFO - Epoch [180][200/272]	lr: 1.000e-05, eta: 0:04:39, time: 0.058, data_time: 0.003, memory: 2525, loss: 0.5983
2024-03-06 15:51:15,237 - mmcls - INFO - Epoch(val) [180][34]	accuracy_top-1: 82.3529, accuracy_top-5: 100.0000
2024-03-06 15:51:23,186 - mmcls - INFO - Epoch [181][100/272]	lr: 1.000e-05, eta: 0:04:30, time: 0.079, data_time: 0.025, memory: 2525, loss: 0.5109
2024-03-06 15:51:28,979 - mmcls - INFO - Epoch [181][200/272]	lr: 1.000e-05, eta: 0:04:25, time: 0.058, data_time: 0.003, memory: 2525, loss: 0.5967
2024-03-06 15:51:34,297 - mmcls - INFO - Epoch(val) [181][34]	accuracy_top-1: 83.0882, accuracy_top-5: 100.0000
2024-03-06 15:51:42,285 - mmcls - INFO - Epoch [182][100/272]	lr: 1.000e-05, eta: 0:04:17, time: 0.079, data_time: 0.024, memory: 2525, loss: 0.5221
2024-03-06 15:51:48,060 - mmcls - INFO - Epoch [182][200/272]	lr: 1.000e-05, eta: 0:04:12, time: 0.058, data_time: 0.004, memory: 2525, loss: 0.5845
2024-03-06 15:51:53,496 - mmcls - INFO - Epoch(val) [182][34]	accuracy_top-1: 83.0882, accuracy_top-5: 99.2647
2024-03-06 15:52:01,481 - mmcls - INFO - Epoch [183][100/272]	lr: 1.000e-05, eta: 0:04:03, time: 0.080, data_time: 0.025, memory: 2525, loss: 0.5465
2024-03-06 15:52:07,337 - mmcls - INFO - Epoch [183][200/272]	lr: 1.000e-05, eta: 0:03:58, time: 0.059, data_time: 0.004, memory: 2525, loss: 0.5677
2024-03-06 15:52:12,615 - mmcls - INFO - Epoch(val) [183][34]	accuracy_top-1: 82.3529, accuracy_top-5: 100.0000
2024-03-06 15:52:20,569 - mmcls - INFO - Epoch [184][100/272]	lr: 1.000e-05, eta: 0:03:49, time: 0.079, data_time: 0.025, memory: 2525, loss: 0.5211
2024-03-06 15:52:26,334 - mmcls - INFO - Epoch [184][200/272]	lr: 1.000e-05, eta: 0:03:44, time: 0.058, data_time: 0.003, memory: 2525, loss: 0.5536
2024-03-06 15:52:31,681 - mmcls - INFO - Epoch(val) [184][34]	accuracy_top-1: 82.3529, accuracy_top-5: 100.0000
2024-03-06 15:52:39,562 - mmcls - INFO - Epoch [185][100/272]	lr: 1.000e-05, eta: 0:03:35, time: 0.078, data_time: 0.023, memory: 2525, loss: 0.6323
2024-03-06 15:52:45,349 - mmcls - INFO - Epoch [185][200/272]	lr: 1.000e-05, eta: 0:03:30, time: 0.058, data_time: 0.002, memory: 2525, loss: 0.5131
2024-03-06 15:52:50,728 - mmcls - INFO - Epoch(val) [185][34]	accuracy_top-1: 81.6176, accuracy_top-5: 100.0000
2024-03-06 15:52:58,690 - mmcls - INFO - Epoch [186][100/272]	lr: 1.000e-05, eta: 0:03:21, time: 0.079, data_time: 0.025, memory: 2525, loss: 0.5467
2024-03-06 15:53:04,459 - mmcls - INFO - Epoch [186][200/272]	lr: 1.000e-05, eta: 0:03:16, time: 0.058, data_time: 0.003, memory: 2525, loss: 0.6711
2024-03-06 15:53:09,832 - mmcls - INFO - Epoch(val) [186][34]	accuracy_top-1: 81.6176, accuracy_top-5: 100.0000
2024-03-06 15:53:17,827 - mmcls - INFO - Epoch [187][100/272]	lr: 1.000e-05, eta: 0:03:08, time: 0.080, data_time: 0.024, memory: 2525, loss: 0.5515
2024-03-06 15:53:23,551 - mmcls - INFO - Epoch [187][200/272]	lr: 1.000e-05, eta: 0:03:03, time: 0.057, data_time: 0.002, memory: 2525, loss: 0.4837
2024-03-06 15:53:28,933 - mmcls - INFO - Epoch(val) [187][34]	accuracy_top-1: 83.0882, accuracy_top-5: 100.0000
2024-03-06 15:53:36,952 - mmcls - INFO - Epoch [188][100/272]	lr: 1.000e-05, eta: 0:02:54, time: 0.080, data_time: 0.025, memory: 2525, loss: 0.5112
2024-03-06 15:53:42,752 - mmcls - INFO - Epoch [188][200/272]	lr: 1.000e-05, eta: 0:02:49, time: 0.058, data_time: 0.003, memory: 2525, loss: 0.5789
2024-03-06 15:53:48,171 - mmcls - INFO - Epoch(val) [188][34]	accuracy_top-1: 83.0882, accuracy_top-5: 100.0000
2024-03-06 15:53:56,153 - mmcls - INFO - Epoch [189][100/272]	lr: 1.000e-05, eta: 0:02:40, time: 0.079, data_time: 0.025, memory: 2525, loss: 0.5701
2024-03-06 15:54:01,956 - mmcls - INFO - Epoch [189][200/272]	lr: 1.000e-05, eta: 0:02:35, time: 0.058, data_time: 0.002, memory: 2525, loss: 0.6236
2024-03-06 15:54:07,323 - mmcls - INFO - Epoch(val) [189][34]	accuracy_top-1: 83.0882, accuracy_top-5: 100.0000
2024-03-06 15:54:15,337 - mmcls - INFO - Epoch [190][100/272]	lr: 1.000e-05, eta: 0:02:26, time: 0.080, data_time: 0.024, memory: 2525, loss: 0.5990
2024-03-06 15:54:21,113 - mmcls - INFO - Epoch [190][200/272]	lr: 1.000e-05, eta: 0:02:21, time: 0.058, data_time: 0.003, memory: 2525, loss: 0.5240
2024-03-06 15:54:26,528 - mmcls - INFO - Epoch(val) [190][34]	accuracy_top-1: 82.3529, accuracy_top-5: 99.2647
2024-03-06 15:54:34,509 - mmcls - INFO - Epoch [191][100/272]	lr: 1.000e-05, eta: 0:02:12, time: 0.079, data_time: 0.025, memory: 2525, loss: 0.5739
2024-03-06 15:54:40,298 - mmcls - INFO - Epoch [191][200/272]	lr: 1.000e-05, eta: 0:02:07, time: 0.058, data_time: 0.003, memory: 2525, loss: 0.5622
2024-03-06 15:54:45,645 - mmcls - INFO - Epoch(val) [191][34]	accuracy_top-1: 83.8235, accuracy_top-5: 100.0000
2024-03-06 15:54:53,563 - mmcls - INFO - Epoch [192][100/272]	lr: 1.000e-05, eta: 0:01:59, time: 0.079, data_time: 0.024, memory: 2525, loss: 0.4228
2024-03-06 15:54:59,365 - mmcls - INFO - Epoch [192][200/272]	lr: 1.000e-05, eta: 0:01:54, time: 0.058, data_time: 0.004, memory: 2525, loss: 0.5169
2024-03-06 15:55:04,820 - mmcls - INFO - Epoch(val) [192][34]	accuracy_top-1: 83.0882, accuracy_top-5: 100.0000
2024-03-06 15:55:12,830 - mmcls - INFO - Epoch [193][100/272]	lr: 1.000e-05, eta: 0:01:45, time: 0.080, data_time: 0.025, memory: 2525, loss: 0.5442
2024-03-06 15:55:18,626 - mmcls - INFO - Epoch [193][200/272]	lr: 1.000e-05, eta: 0:01:40, time: 0.058, data_time: 0.003, memory: 2525, loss: 0.5759
2024-03-06 15:55:24,010 - mmcls - INFO - Epoch(val) [193][34]	accuracy_top-1: 83.8235, accuracy_top-5: 99.2647
2024-03-06 15:55:32,012 - mmcls - INFO - Epoch [194][100/272]	lr: 1.000e-05, eta: 0:01:31, time: 0.080, data_time: 0.024, memory: 2525, loss: 0.5403
2024-03-06 15:55:37,815 - mmcls - INFO - Epoch [194][200/272]	lr: 1.000e-05, eta: 0:01:26, time: 0.058, data_time: 0.003, memory: 2525, loss: 0.5119
2024-03-06 15:55:43,171 - mmcls - INFO - Epoch(val) [194][34]	accuracy_top-1: 83.8235, accuracy_top-5: 100.0000
2024-03-06 15:55:51,237 - mmcls - INFO - Epoch [195][100/272]	lr: 1.000e-05, eta: 0:01:17, time: 0.080, data_time: 0.025, memory: 2525, loss: 0.5877
2024-03-06 15:55:57,026 - mmcls - INFO - Epoch [195][200/272]	lr: 1.000e-05, eta: 0:01:12, time: 0.058, data_time: 0.004, memory: 2525, loss: 0.6301
2024-03-06 15:56:02,456 - mmcls - INFO - Epoch(val) [195][34]	accuracy_top-1: 83.8235, accuracy_top-5: 100.0000
2024-03-06 15:56:10,503 - mmcls - INFO - Epoch [196][100/272]	lr: 1.000e-05, eta: 0:01:03, time: 0.080, data_time: 0.025, memory: 2525, loss: 0.4676
2024-03-06 15:56:16,277 - mmcls - INFO - Epoch [196][200/272]	lr: 1.000e-05, eta: 0:00:58, time: 0.058, data_time: 0.002, memory: 2525, loss: 0.5859
2024-03-06 15:56:21,491 - mmcls - INFO - Epoch(val) [196][34]	accuracy_top-1: 83.0882, accuracy_top-5: 100.0000
2024-03-06 15:56:29,533 - mmcls - INFO - Epoch [197][100/272]	lr: 1.000e-05, eta: 0:00:50, time: 0.080, data_time: 0.025, memory: 2525, loss: 0.5275
2024-03-06 15:56:35,332 - mmcls - INFO - Epoch [197][200/272]	lr: 1.000e-05, eta: 0:00:45, time: 0.058, data_time: 0.003, memory: 2525, loss: 0.5996
2024-03-06 15:56:40,549 - mmcls - INFO - Epoch(val) [197][34]	accuracy_top-1: 82.3529, accuracy_top-5: 100.0000
2024-03-06 15:56:48,510 - mmcls - INFO - Epoch [198][100/272]	lr: 1.000e-05, eta: 0:00:36, time: 0.079, data_time: 0.025, memory: 2525, loss: 0.5770
2024-03-06 15:56:54,277 - mmcls - INFO - Epoch [198][200/272]	lr: 1.000e-05, eta: 0:00:31, time: 0.058, data_time: 0.003, memory: 2525, loss: 0.5988
2024-03-06 15:56:59,710 - mmcls - INFO - Epoch(val) [198][34]	accuracy_top-1: 83.0882, accuracy_top-5: 99.2647
2024-03-06 15:57:07,693 - mmcls - INFO - Epoch [199][100/272]	lr: 1.000e-05, eta: 0:00:22, time: 0.079, data_time: 0.025, memory: 2525, loss: 0.5583
2024-03-06 15:57:13,491 - mmcls - INFO - Epoch [199][200/272]	lr: 1.000e-05, eta: 0:00:17, time: 0.058, data_time: 0.003, memory: 2525, loss: 0.5710
2024-03-06 15:57:18,787 - mmcls - INFO - Epoch(val) [199][34]	accuracy_top-1: 86.0294, accuracy_top-5: 100.0000
2024-03-06 15:57:26,749 - mmcls - INFO - Epoch [200][100/272]	lr: 1.000e-05, eta: 0:00:08, time: 0.079, data_time: 0.024, memory: 2525, loss: 0.5892
2024-03-06 15:57:32,470 - mmcls - INFO - Epoch [200][200/272]	lr: 1.000e-05, eta: 0:00:03, time: 0.057, data_time: 0.003, memory: 2525, loss: 0.5771
2024-03-06 15:57:36,697 - mmcls - INFO - Saving checkpoint at 200 epochs
2024-03-06 15:57:44,427 - mmcls - INFO - Epoch(val) [200][34]	accuracy_top-1: 83.8235, accuracy_top-5: 99.2647
