2024-03-06 13:48:38,339 - mmcls - INFO - Environment info:
------------------------------------------------------------
sys.platform: linux
Python: 3.7.16 (default, Jan 17 2023, 22:20:44) [GCC 11.2.0]
CUDA available: True
GPU 0: NVIDIA GeForce RTX 2080 Ti
CUDA_HOME: /usr/local/cuda
NVCC: Cuda compilation tools, release 11.8, V11.8.89
GCC: gcc (Ubuntu 11.4.0-1ubuntu1~22.04) 11.4.0
PyTorch: 1.7.1
PyTorch compiling details: PyTorch built with:
  - GCC 7.3
  - C++ Version: 201402
  - Intel(R) oneAPI Math Kernel Library Version 2021.4-Product Build 20210904 for Intel(R) 64 architecture applications
  - Intel(R) MKL-DNN v1.6.0 (Git Hash 5ef631a030a6f73131c77892041042805a06064f)
  - OpenMP 201511 (a.k.a. OpenMP 4.5)
  - NNPACK is enabled
  - CPU capability usage: AVX2
  - CUDA Runtime 10.1
  - NVCC architecture flags: -gencode;arch=compute_37,code=sm_37;-gencode;arch=compute_50,code=sm_50;-gencode;arch=compute_60,code=sm_60;-gencode;arch=compute_61,code=sm_61;-gencode;arch=compute_70,code=sm_70;-gencode;arch=compute_75,code=sm_75;-gencode;arch=compute_37,code=compute_37
  - CuDNN 7.6.3
  - Magma 2.5.2
  - Build settings: BLAS=MKL, BUILD_TYPE=Release, CXX_FLAGS= -Wno-deprecated -fvisibility-inlines-hidden -DUSE_PTHREADPOOL -fopenmp -DNDEBUG -DUSE_FBGEMM -DUSE_QNNPACK -DUSE_PYTORCH_QNNPACK -DUSE_XNNPACK -DUSE_VULKAN_WRAPPER -O2 -fPIC -Wno-narrowing -Wall -Wextra -Werror=return-type -Wno-missing-field-initializers -Wno-type-limits -Wno-array-bounds -Wno-unknown-pragmas -Wno-sign-compare -Wno-unused-parameter -Wno-unused-variable -Wno-unused-function -Wno-unused-result -Wno-unused-local-typedefs -Wno-strict-overflow -Wno-strict-aliasing -Wno-error=deprecated-declarations -Wno-stringop-overflow -Wno-psabi -Wno-error=pedantic -Wno-error=redundant-decls -Wno-error=old-style-cast -fdiagnostics-color=always -faligned-new -Wno-unused-but-set-variable -Wno-maybe-uninitialized -fno-math-errno -fno-trapping-math -Werror=format -Wno-stringop-overflow, PERF_WITH_AVX=1, PERF_WITH_AVX2=1, PERF_WITH_AVX512=1, USE_CUDA=ON, USE_EXCEPTION_PTR=1, USE_GFLAGS=OFF, USE_GLOG=OFF, USE_MKL=ON, USE_MKLDNN=ON, USE_MPI=OFF, USE_NCCL=ON, USE_NNPACK=ON, USE_OPENMP=ON, 

TorchVision: 0.8.2
OpenCV: 4.9.0
MMCV: 1.5.0
MMCV Compiler: GCC 11.4
MMCV CUDA Compiler: 11.8
MMClassification: 0.15.0+cd68008
------------------------------------------------------------

2024-03-06 13:48:38,341 - mmcls - INFO - Distributed training: False
2024-03-06 13:48:38,539 - mmcls - INFO - Config:
model = dict(
    type='ImageClassifier',
    backbone=dict(
        type='VGG',
        depth=19,
        norm_cfg=dict(type='BN', requires_grad=True),
        num_classes=17),
    neck=None,
    head=dict(
        type='ClsHead', loss=dict(type='CrossEntropyLoss', loss_weight=1.0)))
dataset_type = 'Flowers'
img_norm_cfg = dict(
    mean=[123.675, 116.28, 103.53], std=[58.395, 57.12, 57.375], to_rgb=True)
train_pipeline = [
    dict(type='LoadImageFromFile'),
    dict(type='RandomResizedCrop', size=224),
    dict(type='RandomFlip', flip_prob=0.5, direction='horizontal'),
    dict(
        type='Normalize',
        mean=[123.675, 116.28, 103.53],
        std=[58.395, 57.12, 57.375],
        to_rgb=True),
    dict(type='ImageToTensor', keys=['img']),
    dict(type='ToTensor', keys=['gt_label']),
    dict(type='Collect', keys=['img', 'gt_label'])
]
test_pipeline = [
    dict(type='LoadImageFromFile'),
    dict(type='Resize', size=(256, -1)),
    dict(type='CenterCrop', crop_size=224),
    dict(
        type='Normalize',
        mean=[123.675, 116.28, 103.53],
        std=[58.395, 57.12, 57.375],
        to_rgb=True),
    dict(type='ImageToTensor', keys=['img']),
    dict(type='Collect', keys=['img'])
]
data = dict(
    samples_per_gpu=4,
    workers_per_gpu=1,
    train=dict(
        type='Flowers',
        data_prefix='data/flowers/train',
        ann_file='data/flowers/meta/train.txt',
        pipeline=[
            dict(type='LoadImageFromFile'),
            dict(type='RandomResizedCrop', size=224),
            dict(type='RandomFlip', flip_prob=0.5, direction='horizontal'),
            dict(
                type='Normalize',
                mean=[123.675, 116.28, 103.53],
                std=[58.395, 57.12, 57.375],
                to_rgb=True),
            dict(type='ImageToTensor', keys=['img']),
            dict(type='ToTensor', keys=['gt_label']),
            dict(type='Collect', keys=['img', 'gt_label'])
        ]),
    val=dict(
        type='Flowers',
        data_prefix='data/flowers/val',
        ann_file='data/flowers/meta/val.txt',
        pipeline=[
            dict(type='LoadImageFromFile'),
            dict(type='Resize', size=(256, -1)),
            dict(type='CenterCrop', crop_size=224),
            dict(
                type='Normalize',
                mean=[123.675, 116.28, 103.53],
                std=[58.395, 57.12, 57.375],
                to_rgb=True),
            dict(type='ImageToTensor', keys=['img']),
            dict(type='Collect', keys=['img'])
        ]),
    test=dict(
        type='Flowers',
        data_prefix='data/flowers/test',
        ann_file='data/flowers/meta/test.txt',
        pipeline=[
            dict(type='LoadImageFromFile'),
            dict(type='Resize', size=(256, -1)),
            dict(type='CenterCrop', crop_size=224),
            dict(
                type='Normalize',
                mean=[123.675, 116.28, 103.53],
                std=[58.395, 57.12, 57.375],
                to_rgb=True),
            dict(type='ImageToTensor', keys=['img']),
            dict(type='Collect', keys=['img'])
        ]))
evaluation = dict(interval=1, metric='accuracy')
optimizer = dict(type='SGD', lr=0.01, momentum=0.9, weight_decay=0.0001)
optimizer_config = dict(grad_clip=None)
lr_config = dict(policy='step', step=[100, 150])
runner = dict(type='EpochBasedRunner', max_epochs=200)
checkpoint_config = dict(interval=100)
log_config = dict(interval=100, hooks=[dict(type='TextLoggerHook')])
dist_params = dict(backend='nccl')
log_level = 'INFO'
load_from = None
resume_from = None
workflow = [('train', 1)]
work_dir = 'output/vgg19/vgg19_flowers_bs4_lr0.01'
gpu_ids = range(0, 1)

2024-03-06 13:48:40,451 - mmcls - INFO - initialize VGG with init_cfg [{'type': 'Kaiming', 'layer': ['Conv2d']}, {'type': 'Constant', 'val': 1.0, 'layer': ['_BatchNorm']}, {'type': 'Normal', 'std': 0.01, 'layer': ['Linear']}]
Name of parameter - Initialization information

backbone.features.0.conv.weight - torch.Size([64, 3, 3, 3]): 
KaimingInit: a=0, mode=fan_out, nonlinearity=relu, distribution =normal, bias=0 

backbone.features.0.conv.bias - torch.Size([64]): 
The value is the same before and after calling `init_weights` of ImageClassifier  

backbone.features.0.bn.weight - torch.Size([64]): 
The value is the same before and after calling `init_weights` of ImageClassifier  

backbone.features.0.bn.bias - torch.Size([64]): 
The value is the same before and after calling `init_weights` of ImageClassifier  

backbone.features.1.conv.weight - torch.Size([64, 64, 3, 3]): 
KaimingInit: a=0, mode=fan_out, nonlinearity=relu, distribution =normal, bias=0 

backbone.features.1.conv.bias - torch.Size([64]): 
The value is the same before and after calling `init_weights` of ImageClassifier  

backbone.features.1.bn.weight - torch.Size([64]): 
The value is the same before and after calling `init_weights` of ImageClassifier  

backbone.features.1.bn.bias - torch.Size([64]): 
The value is the same before and after calling `init_weights` of ImageClassifier  

backbone.features.3.conv.weight - torch.Size([128, 64, 3, 3]): 
KaimingInit: a=0, mode=fan_out, nonlinearity=relu, distribution =normal, bias=0 

backbone.features.3.conv.bias - torch.Size([128]): 
The value is the same before and after calling `init_weights` of ImageClassifier  

backbone.features.3.bn.weight - torch.Size([128]): 
The value is the same before and after calling `init_weights` of ImageClassifier  

backbone.features.3.bn.bias - torch.Size([128]): 
The value is the same before and after calling `init_weights` of ImageClassifier  

backbone.features.4.conv.weight - torch.Size([128, 128, 3, 3]): 
KaimingInit: a=0, mode=fan_out, nonlinearity=relu, distribution =normal, bias=0 

backbone.features.4.conv.bias - torch.Size([128]): 
The value is the same before and after calling `init_weights` of ImageClassifier  

backbone.features.4.bn.weight - torch.Size([128]): 
The value is the same before and after calling `init_weights` of ImageClassifier  

backbone.features.4.bn.bias - torch.Size([128]): 
The value is the same before and after calling `init_weights` of ImageClassifier  

backbone.features.6.conv.weight - torch.Size([256, 128, 3, 3]): 
KaimingInit: a=0, mode=fan_out, nonlinearity=relu, distribution =normal, bias=0 

backbone.features.6.conv.bias - torch.Size([256]): 
The value is the same before and after calling `init_weights` of ImageClassifier  

backbone.features.6.bn.weight - torch.Size([256]): 
The value is the same before and after calling `init_weights` of ImageClassifier  

backbone.features.6.bn.bias - torch.Size([256]): 
The value is the same before and after calling `init_weights` of ImageClassifier  

backbone.features.7.conv.weight - torch.Size([256, 256, 3, 3]): 
KaimingInit: a=0, mode=fan_out, nonlinearity=relu, distribution =normal, bias=0 

backbone.features.7.conv.bias - torch.Size([256]): 
The value is the same before and after calling `init_weights` of ImageClassifier  

backbone.features.7.bn.weight - torch.Size([256]): 
The value is the same before and after calling `init_weights` of ImageClassifier  

backbone.features.7.bn.bias - torch.Size([256]): 
The value is the same before and after calling `init_weights` of ImageClassifier  

backbone.features.8.conv.weight - torch.Size([256, 256, 3, 3]): 
KaimingInit: a=0, mode=fan_out, nonlinearity=relu, distribution =normal, bias=0 

backbone.features.8.conv.bias - torch.Size([256]): 
The value is the same before and after calling `init_weights` of ImageClassifier  

backbone.features.8.bn.weight - torch.Size([256]): 
The value is the same before and after calling `init_weights` of ImageClassifier  

backbone.features.8.bn.bias - torch.Size([256]): 
The value is the same before and after calling `init_weights` of ImageClassifier  

backbone.features.9.conv.weight - torch.Size([256, 256, 3, 3]): 
KaimingInit: a=0, mode=fan_out, nonlinearity=relu, distribution =normal, bias=0 

backbone.features.9.conv.bias - torch.Size([256]): 
The value is the same before and after calling `init_weights` of ImageClassifier  

backbone.features.9.bn.weight - torch.Size([256]): 
The value is the same before and after calling `init_weights` of ImageClassifier  

backbone.features.9.bn.bias - torch.Size([256]): 
The value is the same before and after calling `init_weights` of ImageClassifier  

backbone.features.11.conv.weight - torch.Size([512, 256, 3, 3]): 
KaimingInit: a=0, mode=fan_out, nonlinearity=relu, distribution =normal, bias=0 

backbone.features.11.conv.bias - torch.Size([512]): 
The value is the same before and after calling `init_weights` of ImageClassifier  

backbone.features.11.bn.weight - torch.Size([512]): 
The value is the same before and after calling `init_weights` of ImageClassifier  

backbone.features.11.bn.bias - torch.Size([512]): 
The value is the same before and after calling `init_weights` of ImageClassifier  

backbone.features.12.conv.weight - torch.Size([512, 512, 3, 3]): 
KaimingInit: a=0, mode=fan_out, nonlinearity=relu, distribution =normal, bias=0 

backbone.features.12.conv.bias - torch.Size([512]): 
The value is the same before and after calling `init_weights` of ImageClassifier  

backbone.features.12.bn.weight - torch.Size([512]): 
The value is the same before and after calling `init_weights` of ImageClassifier  

backbone.features.12.bn.bias - torch.Size([512]): 
The value is the same before and after calling `init_weights` of ImageClassifier  

backbone.features.13.conv.weight - torch.Size([512, 512, 3, 3]): 
KaimingInit: a=0, mode=fan_out, nonlinearity=relu, distribution =normal, bias=0 

backbone.features.13.conv.bias - torch.Size([512]): 
The value is the same before and after calling `init_weights` of ImageClassifier  

backbone.features.13.bn.weight - torch.Size([512]): 
The value is the same before and after calling `init_weights` of ImageClassifier  

backbone.features.13.bn.bias - torch.Size([512]): 
The value is the same before and after calling `init_weights` of ImageClassifier  

backbone.features.14.conv.weight - torch.Size([512, 512, 3, 3]): 
KaimingInit: a=0, mode=fan_out, nonlinearity=relu, distribution =normal, bias=0 

backbone.features.14.conv.bias - torch.Size([512]): 
The value is the same before and after calling `init_weights` of ImageClassifier  

backbone.features.14.bn.weight - torch.Size([512]): 
The value is the same before and after calling `init_weights` of ImageClassifier  

backbone.features.14.bn.bias - torch.Size([512]): 
The value is the same before and after calling `init_weights` of ImageClassifier  

backbone.features.16.conv.weight - torch.Size([512, 512, 3, 3]): 
KaimingInit: a=0, mode=fan_out, nonlinearity=relu, distribution =normal, bias=0 

backbone.features.16.conv.bias - torch.Size([512]): 
The value is the same before and after calling `init_weights` of ImageClassifier  

backbone.features.16.bn.weight - torch.Size([512]): 
The value is the same before and after calling `init_weights` of ImageClassifier  

backbone.features.16.bn.bias - torch.Size([512]): 
The value is the same before and after calling `init_weights` of ImageClassifier  

backbone.features.17.conv.weight - torch.Size([512, 512, 3, 3]): 
KaimingInit: a=0, mode=fan_out, nonlinearity=relu, distribution =normal, bias=0 

backbone.features.17.conv.bias - torch.Size([512]): 
The value is the same before and after calling `init_weights` of ImageClassifier  

backbone.features.17.bn.weight - torch.Size([512]): 
The value is the same before and after calling `init_weights` of ImageClassifier  

backbone.features.17.bn.bias - torch.Size([512]): 
The value is the same before and after calling `init_weights` of ImageClassifier  

backbone.features.18.conv.weight - torch.Size([512, 512, 3, 3]): 
KaimingInit: a=0, mode=fan_out, nonlinearity=relu, distribution =normal, bias=0 

backbone.features.18.conv.bias - torch.Size([512]): 
The value is the same before and after calling `init_weights` of ImageClassifier  

backbone.features.18.bn.weight - torch.Size([512]): 
The value is the same before and after calling `init_weights` of ImageClassifier  

backbone.features.18.bn.bias - torch.Size([512]): 
The value is the same before and after calling `init_weights` of ImageClassifier  

backbone.features.19.conv.weight - torch.Size([512, 512, 3, 3]): 
KaimingInit: a=0, mode=fan_out, nonlinearity=relu, distribution =normal, bias=0 

backbone.features.19.conv.bias - torch.Size([512]): 
The value is the same before and after calling `init_weights` of ImageClassifier  

backbone.features.19.bn.weight - torch.Size([512]): 
The value is the same before and after calling `init_weights` of ImageClassifier  

backbone.features.19.bn.bias - torch.Size([512]): 
The value is the same before and after calling `init_weights` of ImageClassifier  

backbone.classifier.0.weight - torch.Size([4096, 25088]): 
NormalInit: mean=0, std=0.01, bias=0 

backbone.classifier.0.bias - torch.Size([4096]): 
NormalInit: mean=0, std=0.01, bias=0 

backbone.classifier.3.weight - torch.Size([4096, 4096]): 
NormalInit: mean=0, std=0.01, bias=0 

backbone.classifier.3.bias - torch.Size([4096]): 
NormalInit: mean=0, std=0.01, bias=0 

backbone.classifier.6.weight - torch.Size([17, 4096]): 
NormalInit: mean=0, std=0.01, bias=0 

backbone.classifier.6.bias - torch.Size([17]): 
NormalInit: mean=0, std=0.01, bias=0 
2024-03-06 13:48:50,642 - mmcls - INFO - Start running, host: zaychan@gpu2-comp-105, work_dir: /userhome/cs2/zaychan/COMP3340Project/CNN_Image_Classification_Code/output/vgg19/vgg19_flowers_bs4_lr0.01
2024-03-06 13:48:50,642 - mmcls - INFO - Hooks will be executed in the following order:
before_run:
(VERY_HIGH   ) StepLrUpdaterHook                  
(NORMAL      ) CheckpointHook                     
(NORMAL      ) EvalHook                           
(VERY_LOW    ) TextLoggerHook                     
 -------------------- 
before_train_epoch:
(VERY_HIGH   ) StepLrUpdaterHook                  
(NORMAL      ) EvalHook                           
(LOW         ) IterTimerHook                      
(VERY_LOW    ) TextLoggerHook                     
 -------------------- 
before_train_iter:
(VERY_HIGH   ) StepLrUpdaterHook                  
(NORMAL      ) EvalHook                           
(LOW         ) IterTimerHook                      
 -------------------- 
after_train_iter:
(ABOVE_NORMAL) OptimizerHook                      
(NORMAL      ) CheckpointHook                     
(NORMAL      ) EvalHook                           
(LOW         ) IterTimerHook                      
(VERY_LOW    ) TextLoggerHook                     
 -------------------- 
after_train_epoch:
(NORMAL      ) CheckpointHook                     
(NORMAL      ) EvalHook                           
(VERY_LOW    ) TextLoggerHook                     
 -------------------- 
before_val_epoch:
(LOW         ) IterTimerHook                      
(VERY_LOW    ) TextLoggerHook                     
 -------------------- 
before_val_iter:
(LOW         ) IterTimerHook                      
 -------------------- 
after_val_iter:
(LOW         ) IterTimerHook                      
 -------------------- 
after_val_epoch:
(VERY_LOW    ) TextLoggerHook                     
 -------------------- 
after_run:
(VERY_LOW    ) TextLoggerHook                     
 -------------------- 
2024-03-06 13:48:50,642 - mmcls - INFO - workflow: [('train', 1)], max: 200 epochs
2024-03-06 13:48:50,642 - mmcls - INFO - Checkpoints will be saved to /userhome/cs2/zaychan/COMP3340Project/CNN_Image_Classification_Code/output/vgg19/vgg19_flowers_bs4_lr0.01 by HardDiskBackend.
2024-03-06 13:48:59,640 - mmcls - INFO - Epoch [1][100/272]	lr: 1.000e-02, eta: 1:21:06, time: 0.090, data_time: 0.026, memory: 2525, loss: nan
2024-03-06 13:49:05,213 - mmcls - INFO - Epoch [1][200/272]	lr: 1.000e-02, eta: 1:05:38, time: 0.056, data_time: 0.004, memory: 2525, loss: nan
2024-03-06 13:49:11,874 - mmcls - INFO - Epoch(val) [1][34]	accuracy_top-1: 0.0000, accuracy_top-5: 0.0000
2024-03-06 13:49:19,732 - mmcls - INFO - Epoch [2][100/272]	lr: 1.000e-02, eta: 0:54:06, time: 0.078, data_time: 0.025, memory: 2525, loss: nan
2024-03-06 13:49:25,345 - mmcls - INFO - Epoch [2][200/272]	lr: 1.000e-02, eta: 0:53:15, time: 0.056, data_time: 0.003, memory: 2525, loss: nan
2024-03-06 13:49:30,718 - mmcls - INFO - Epoch(val) [2][34]	accuracy_top-1: 0.0000, accuracy_top-5: 0.0000
2024-03-06 13:49:38,571 - mmcls - INFO - Epoch [3][100/272]	lr: 1.000e-02, eta: 0:49:46, time: 0.078, data_time: 0.025, memory: 2525, loss: nan
2024-03-06 13:49:44,226 - mmcls - INFO - Epoch [3][200/272]	lr: 1.000e-02, eta: 0:49:48, time: 0.057, data_time: 0.003, memory: 2525, loss: nan
2024-03-06 13:49:49,570 - mmcls - INFO - Epoch(val) [3][34]	accuracy_top-1: 0.0000, accuracy_top-5: 0.0000
2024-03-06 13:49:57,399 - mmcls - INFO - Epoch [4][100/272]	lr: 1.000e-02, eta: 0:47:54, time: 0.078, data_time: 0.025, memory: 2525, loss: nan
2024-03-06 13:50:02,972 - mmcls - INFO - Epoch [4][200/272]	lr: 1.000e-02, eta: 0:47:59, time: 0.056, data_time: 0.004, memory: 2525, loss: nan
2024-03-06 13:50:08,272 - mmcls - INFO - Epoch(val) [4][34]	accuracy_top-1: 0.0000, accuracy_top-5: 0.0000
2024-03-06 13:50:16,142 - mmcls - INFO - Epoch [5][100/272]	lr: 1.000e-02, eta: 0:46:45, time: 0.078, data_time: 0.025, memory: 2525, loss: nan
2024-03-06 13:50:21,774 - mmcls - INFO - Epoch [5][200/272]	lr: 1.000e-02, eta: 0:46:55, time: 0.056, data_time: 0.003, memory: 2525, loss: nan
2024-03-06 13:50:27,086 - mmcls - INFO - Epoch(val) [5][34]	accuracy_top-1: 0.0000, accuracy_top-5: 0.0000
2024-03-06 13:50:34,829 - mmcls - INFO - Epoch [6][100/272]	lr: 1.000e-02, eta: 0:45:54, time: 0.077, data_time: 0.025, memory: 2525, loss: nan
2024-03-06 13:50:40,448 - mmcls - INFO - Epoch [6][200/272]	lr: 1.000e-02, eta: 0:46:03, time: 0.056, data_time: 0.003, memory: 2525, loss: nan
2024-03-06 13:50:45,730 - mmcls - INFO - Epoch(val) [6][34]	accuracy_top-1: 0.0000, accuracy_top-5: 0.0000
2024-03-06 13:50:53,533 - mmcls - INFO - Epoch [7][100/272]	lr: 1.000e-02, eta: 0:45:17, time: 0.078, data_time: 0.025, memory: 2525, loss: nan
2024-03-06 13:50:59,113 - mmcls - INFO - Epoch [7][200/272]	lr: 1.000e-02, eta: 0:45:24, time: 0.056, data_time: 0.003, memory: 2525, loss: nan
2024-03-06 13:51:04,494 - mmcls - INFO - Epoch(val) [7][34]	accuracy_top-1: 0.0000, accuracy_top-5: 0.0000
2024-03-06 13:51:12,340 - mmcls - INFO - Epoch [8][100/272]	lr: 1.000e-02, eta: 0:44:46, time: 0.078, data_time: 0.025, memory: 2525, loss: nan
2024-03-06 13:51:17,970 - mmcls - INFO - Epoch [8][200/272]	lr: 1.000e-02, eta: 0:44:53, time: 0.056, data_time: 0.003, memory: 2525, loss: nan
2024-03-06 13:51:23,225 - mmcls - INFO - Epoch(val) [8][34]	accuracy_top-1: 0.0000, accuracy_top-5: 0.0000
2024-03-06 13:51:31,078 - mmcls - INFO - Epoch [9][100/272]	lr: 1.000e-02, eta: 0:44:21, time: 0.078, data_time: 0.025, memory: 2525, loss: nan
2024-03-06 13:51:36,706 - mmcls - INFO - Epoch [9][200/272]	lr: 1.000e-02, eta: 0:44:27, time: 0.056, data_time: 0.003, memory: 2525, loss: nan
2024-03-06 13:51:42,035 - mmcls - INFO - Epoch(val) [9][34]	accuracy_top-1: 0.0000, accuracy_top-5: 0.0000
2024-03-06 13:51:49,966 - mmcls - INFO - Epoch [10][100/272]	lr: 1.000e-02, eta: 0:43:59, time: 0.079, data_time: 0.025, memory: 2525, loss: nan
2024-03-06 13:51:55,602 - mmcls - INFO - Epoch [10][200/272]	lr: 1.000e-02, eta: 0:44:05, time: 0.056, data_time: 0.004, memory: 2525, loss: nan
2024-03-06 13:52:00,881 - mmcls - INFO - Epoch(val) [10][34]	accuracy_top-1: 0.0000, accuracy_top-5: 0.0000
2024-03-06 13:52:08,734 - mmcls - INFO - Epoch [11][100/272]	lr: 1.000e-02, eta: 0:43:38, time: 0.078, data_time: 0.025, memory: 2525, loss: nan
2024-03-06 13:52:14,379 - mmcls - INFO - Epoch [11][200/272]	lr: 1.000e-02, eta: 0:43:43, time: 0.056, data_time: 0.003, memory: 2525, loss: nan
2024-03-06 13:52:19,703 - mmcls - INFO - Epoch(val) [11][34]	accuracy_top-1: 0.0000, accuracy_top-5: 0.0000
2024-03-06 13:52:27,496 - mmcls - INFO - Epoch [12][100/272]	lr: 1.000e-02, eta: 0:43:17, time: 0.078, data_time: 0.025, memory: 2525, loss: nan
2024-03-06 13:52:33,133 - mmcls - INFO - Epoch [12][200/272]	lr: 1.000e-02, eta: 0:43:22, time: 0.056, data_time: 0.004, memory: 2525, loss: nan
2024-03-06 13:52:38,394 - mmcls - INFO - Epoch(val) [12][34]	accuracy_top-1: 0.0000, accuracy_top-5: 0.0000
2024-03-06 13:52:46,344 - mmcls - INFO - Epoch [13][100/272]	lr: 1.000e-02, eta: 0:43:00, time: 0.079, data_time: 0.025, memory: 2525, loss: nan
2024-03-06 13:52:51,986 - mmcls - INFO - Epoch [13][200/272]	lr: 1.000e-02, eta: 0:43:04, time: 0.056, data_time: 0.003, memory: 2525, loss: nan
2024-03-06 13:52:57,322 - mmcls - INFO - Epoch(val) [13][34]	accuracy_top-1: 0.0000, accuracy_top-5: 0.0000
2024-03-06 13:53:05,160 - mmcls - INFO - Epoch [14][100/272]	lr: 1.000e-02, eta: 0:42:42, time: 0.078, data_time: 0.025, memory: 2525, loss: nan
2024-03-06 13:53:10,754 - mmcls - INFO - Epoch [14][200/272]	lr: 1.000e-02, eta: 0:42:45, time: 0.056, data_time: 0.003, memory: 2525, loss: nan
2024-03-06 13:53:16,053 - mmcls - INFO - Epoch(val) [14][34]	accuracy_top-1: 0.0000, accuracy_top-5: 0.0000
2024-03-06 13:53:23,868 - mmcls - INFO - Epoch [15][100/272]	lr: 1.000e-02, eta: 0:42:24, time: 0.078, data_time: 0.025, memory: 2525, loss: nan
2024-03-06 13:53:29,477 - mmcls - INFO - Epoch [15][200/272]	lr: 1.000e-02, eta: 0:42:26, time: 0.056, data_time: 0.003, memory: 2525, loss: nan
2024-03-06 13:53:34,730 - mmcls - INFO - Epoch(val) [15][34]	accuracy_top-1: 0.0000, accuracy_top-5: 0.0000
2024-03-06 13:53:42,599 - mmcls - INFO - Epoch [16][100/272]	lr: 1.000e-02, eta: 0:42:07, time: 0.078, data_time: 0.025, memory: 2525, loss: nan
2024-03-06 13:53:48,202 - mmcls - INFO - Epoch [16][200/272]	lr: 1.000e-02, eta: 0:42:09, time: 0.056, data_time: 0.004, memory: 2525, loss: nan
2024-03-06 13:53:53,572 - mmcls - INFO - Epoch(val) [16][34]	accuracy_top-1: 0.0000, accuracy_top-5: 0.0000
2024-03-06 13:54:01,376 - mmcls - INFO - Epoch [17][100/272]	lr: 1.000e-02, eta: 0:41:50, time: 0.078, data_time: 0.025, memory: 2525, loss: nan
2024-03-06 13:54:07,010 - mmcls - INFO - Epoch [17][200/272]	lr: 1.000e-02, eta: 0:41:51, time: 0.056, data_time: 0.003, memory: 2525, loss: nan
2024-03-06 13:54:12,282 - mmcls - INFO - Epoch(val) [17][34]	accuracy_top-1: 0.0000, accuracy_top-5: 0.0000
2024-03-06 13:54:20,127 - mmcls - INFO - Epoch [18][100/272]	lr: 1.000e-02, eta: 0:41:34, time: 0.078, data_time: 0.025, memory: 2525, loss: nan
2024-03-06 13:54:25,776 - mmcls - INFO - Epoch [18][200/272]	lr: 1.000e-02, eta: 0:41:35, time: 0.056, data_time: 0.004, memory: 2525, loss: nan
2024-03-06 13:54:30,999 - mmcls - INFO - Epoch(val) [18][34]	accuracy_top-1: 0.0000, accuracy_top-5: 0.0000
2024-03-06 13:54:38,901 - mmcls - INFO - Epoch [19][100/272]	lr: 1.000e-02, eta: 0:41:19, time: 0.079, data_time: 0.026, memory: 2525, loss: nan
2024-03-06 13:54:44,471 - mmcls - INFO - Epoch [19][200/272]	lr: 1.000e-02, eta: 0:41:19, time: 0.056, data_time: 0.003, memory: 2525, loss: nan
2024-03-06 13:54:49,906 - mmcls - INFO - Epoch(val) [19][34]	accuracy_top-1: 0.0000, accuracy_top-5: 0.0000
2024-03-06 13:54:57,727 - mmcls - INFO - Epoch [20][100/272]	lr: 1.000e-02, eta: 0:41:02, time: 0.078, data_time: 0.025, memory: 2525, loss: nan
2024-03-06 13:55:03,352 - mmcls - INFO - Epoch [20][200/272]	lr: 1.000e-02, eta: 0:41:03, time: 0.056, data_time: 0.004, memory: 2525, loss: nan
2024-03-06 13:55:08,629 - mmcls - INFO - Epoch(val) [20][34]	accuracy_top-1: 0.0000, accuracy_top-5: 0.0000
2024-03-06 13:55:16,463 - mmcls - INFO - Epoch [21][100/272]	lr: 1.000e-02, eta: 0:40:47, time: 0.078, data_time: 0.025, memory: 2525, loss: nan
2024-03-06 13:55:22,101 - mmcls - INFO - Epoch [21][200/272]	lr: 1.000e-02, eta: 0:40:47, time: 0.056, data_time: 0.004, memory: 2525, loss: nan
2024-03-06 13:55:27,414 - mmcls - INFO - Epoch(val) [21][34]	accuracy_top-1: 0.0000, accuracy_top-5: 0.0000
2024-03-06 13:55:35,328 - mmcls - INFO - Epoch [22][100/272]	lr: 1.000e-02, eta: 0:40:32, time: 0.079, data_time: 0.026, memory: 2525, loss: nan
2024-03-06 13:55:40,988 - mmcls - INFO - Epoch [22][200/272]	lr: 1.000e-02, eta: 0:40:32, time: 0.056, data_time: 0.004, memory: 2525, loss: nan
2024-03-06 13:55:46,262 - mmcls - INFO - Epoch(val) [22][34]	accuracy_top-1: 0.0000, accuracy_top-5: 0.0000
2024-03-06 13:55:54,099 - mmcls - INFO - Epoch [23][100/272]	lr: 1.000e-02, eta: 0:40:17, time: 0.078, data_time: 0.025, memory: 2525, loss: nan
2024-03-06 13:55:59,747 - mmcls - INFO - Epoch [23][200/272]	lr: 1.000e-02, eta: 0:40:17, time: 0.056, data_time: 0.003, memory: 2525, loss: nan
2024-03-06 13:56:05,146 - mmcls - INFO - Epoch(val) [23][34]	accuracy_top-1: 0.0000, accuracy_top-5: 0.0000
2024-03-06 13:56:13,045 - mmcls - INFO - Epoch [24][100/272]	lr: 1.000e-02, eta: 0:40:03, time: 0.079, data_time: 0.025, memory: 2525, loss: nan
2024-03-06 13:56:18,685 - mmcls - INFO - Epoch [24][200/272]	lr: 1.000e-02, eta: 0:40:03, time: 0.056, data_time: 0.003, memory: 2525, loss: nan
2024-03-06 13:56:23,964 - mmcls - INFO - Epoch(val) [24][34]	accuracy_top-1: 0.0000, accuracy_top-5: 0.0000
2024-03-06 13:56:31,851 - mmcls - INFO - Epoch [25][100/272]	lr: 1.000e-02, eta: 0:39:48, time: 0.079, data_time: 0.025, memory: 2525, loss: nan
2024-03-06 13:56:37,482 - mmcls - INFO - Epoch [25][200/272]	lr: 1.000e-02, eta: 0:39:48, time: 0.056, data_time: 0.003, memory: 2525, loss: nan
2024-03-06 13:56:42,570 - mmcls - INFO - Epoch(val) [25][34]	accuracy_top-1: 0.0000, accuracy_top-5: 0.0000
2024-03-06 13:56:50,504 - mmcls - INFO - Epoch [26][100/272]	lr: 1.000e-02, eta: 0:39:34, time: 0.079, data_time: 0.025, memory: 2525, loss: nan
2024-03-06 13:56:56,166 - mmcls - INFO - Epoch [26][200/272]	lr: 1.000e-02, eta: 0:39:34, time: 0.057, data_time: 0.003, memory: 2525, loss: nan
2024-03-06 13:57:01,413 - mmcls - INFO - Epoch(val) [26][34]	accuracy_top-1: 0.0000, accuracy_top-5: 0.0000
2024-03-06 13:57:09,262 - mmcls - INFO - Epoch [27][100/272]	lr: 1.000e-02, eta: 0:39:20, time: 0.078, data_time: 0.024, memory: 2525, loss: nan
2024-03-06 13:57:14,904 - mmcls - INFO - Epoch [27][200/272]	lr: 1.000e-02, eta: 0:39:19, time: 0.056, data_time: 0.003, memory: 2525, loss: nan
2024-03-06 13:57:20,201 - mmcls - INFO - Epoch(val) [27][34]	accuracy_top-1: 0.0000, accuracy_top-5: 0.0000
2024-03-06 13:57:28,042 - mmcls - INFO - Epoch [28][100/272]	lr: 1.000e-02, eta: 0:39:05, time: 0.078, data_time: 0.025, memory: 2525, loss: nan
2024-03-06 13:57:33,632 - mmcls - INFO - Epoch [28][200/272]	lr: 1.000e-02, eta: 0:39:04, time: 0.056, data_time: 0.003, memory: 2525, loss: nan
2024-03-06 13:57:38,860 - mmcls - INFO - Epoch(val) [28][34]	accuracy_top-1: 0.0000, accuracy_top-5: 0.0000
2024-03-06 13:57:46,666 - mmcls - INFO - Epoch [29][100/272]	lr: 1.000e-02, eta: 0:38:50, time: 0.078, data_time: 0.024, memory: 2525, loss: nan
2024-03-06 13:57:52,310 - mmcls - INFO - Epoch [29][200/272]	lr: 1.000e-02, eta: 0:38:49, time: 0.056, data_time: 0.004, memory: 2525, loss: nan
2024-03-06 13:57:57,678 - mmcls - INFO - Epoch(val) [29][34]	accuracy_top-1: 0.0000, accuracy_top-5: 0.0000
2024-03-06 13:58:05,608 - mmcls - INFO - Epoch [30][100/272]	lr: 1.000e-02, eta: 0:38:37, time: 0.079, data_time: 0.025, memory: 2525, loss: nan
2024-03-06 13:58:11,213 - mmcls - INFO - Epoch [30][200/272]	lr: 1.000e-02, eta: 0:38:35, time: 0.056, data_time: 0.004, memory: 2525, loss: nan
2024-03-06 13:58:16,576 - mmcls - INFO - Epoch(val) [30][34]	accuracy_top-1: 0.0000, accuracy_top-5: 0.0000
2024-03-06 13:58:24,364 - mmcls - INFO - Epoch [31][100/272]	lr: 1.000e-02, eta: 0:38:22, time: 0.077, data_time: 0.025, memory: 2525, loss: nan
2024-03-06 13:58:30,012 - mmcls - INFO - Epoch [31][200/272]	lr: 1.000e-02, eta: 0:38:20, time: 0.057, data_time: 0.003, memory: 2525, loss: nan
2024-03-06 13:58:35,346 - mmcls - INFO - Epoch(val) [31][34]	accuracy_top-1: 0.0000, accuracy_top-5: 0.0000
2024-03-06 13:58:43,227 - mmcls - INFO - Epoch [32][100/272]	lr: 1.000e-02, eta: 0:38:08, time: 0.078, data_time: 0.025, memory: 2525, loss: nan
2024-03-06 13:58:48,864 - mmcls - INFO - Epoch [32][200/272]	lr: 1.000e-02, eta: 0:38:06, time: 0.056, data_time: 0.003, memory: 2525, loss: nan
2024-03-06 13:58:54,154 - mmcls - INFO - Epoch(val) [32][34]	accuracy_top-1: 0.0000, accuracy_top-5: 0.0000
2024-03-06 13:59:02,013 - mmcls - INFO - Epoch [33][100/272]	lr: 1.000e-02, eta: 0:37:54, time: 0.078, data_time: 0.025, memory: 2525, loss: nan
2024-03-06 13:59:07,644 - mmcls - INFO - Epoch [33][200/272]	lr: 1.000e-02, eta: 0:37:52, time: 0.056, data_time: 0.004, memory: 2525, loss: nan
2024-03-06 13:59:12,968 - mmcls - INFO - Epoch(val) [33][34]	accuracy_top-1: 0.0000, accuracy_top-5: 0.0000
2024-03-06 13:59:20,825 - mmcls - INFO - Epoch [34][100/272]	lr: 1.000e-02, eta: 0:37:39, time: 0.078, data_time: 0.026, memory: 2525, loss: nan
2024-03-06 13:59:26,466 - mmcls - INFO - Epoch [34][200/272]	lr: 1.000e-02, eta: 0:37:38, time: 0.056, data_time: 0.004, memory: 2525, loss: nan
2024-03-06 13:59:31,689 - mmcls - INFO - Epoch(val) [34][34]	accuracy_top-1: 0.0000, accuracy_top-5: 0.0000
2024-03-06 13:59:39,443 - mmcls - INFO - Epoch [35][100/272]	lr: 1.000e-02, eta: 0:37:25, time: 0.077, data_time: 0.024, memory: 2525, loss: nan
2024-03-06 13:59:45,083 - mmcls - INFO - Epoch [35][200/272]	lr: 1.000e-02, eta: 0:37:23, time: 0.056, data_time: 0.004, memory: 2525, loss: nan
2024-03-06 13:59:50,340 - mmcls - INFO - Epoch(val) [35][34]	accuracy_top-1: 0.0000, accuracy_top-5: 0.0000
2024-03-06 13:59:58,215 - mmcls - INFO - Epoch [36][100/272]	lr: 1.000e-02, eta: 0:37:11, time: 0.078, data_time: 0.026, memory: 2525, loss: nan
2024-03-06 14:00:03,847 - mmcls - INFO - Epoch [36][200/272]	lr: 1.000e-02, eta: 0:37:09, time: 0.056, data_time: 0.004, memory: 2525, loss: nan
2024-03-06 14:00:09,128 - mmcls - INFO - Epoch(val) [36][34]	accuracy_top-1: 0.0000, accuracy_top-5: 0.0000
2024-03-06 14:00:17,048 - mmcls - INFO - Epoch [37][100/272]	lr: 1.000e-02, eta: 0:36:57, time: 0.079, data_time: 0.025, memory: 2525, loss: nan
2024-03-06 14:00:22,714 - mmcls - INFO - Epoch [37][200/272]	lr: 1.000e-02, eta: 0:36:55, time: 0.057, data_time: 0.003, memory: 2525, loss: nan
2024-03-06 14:00:28,007 - mmcls - INFO - Epoch(val) [37][34]	accuracy_top-1: 0.0000, accuracy_top-5: 0.0000
2024-03-06 14:00:35,861 - mmcls - INFO - Epoch [38][100/272]	lr: 1.000e-02, eta: 0:36:43, time: 0.078, data_time: 0.025, memory: 2525, loss: nan
2024-03-06 14:00:41,460 - mmcls - INFO - Epoch [38][200/272]	lr: 1.000e-02, eta: 0:36:41, time: 0.056, data_time: 0.003, memory: 2525, loss: nan
2024-03-06 14:00:46,780 - mmcls - INFO - Epoch(val) [38][34]	accuracy_top-1: 0.0000, accuracy_top-5: 0.0000
2024-03-06 14:00:54,605 - mmcls - INFO - Epoch [39][100/272]	lr: 1.000e-02, eta: 0:36:29, time: 0.078, data_time: 0.025, memory: 2525, loss: nan
2024-03-06 14:01:00,245 - mmcls - INFO - Epoch [39][200/272]	lr: 1.000e-02, eta: 0:36:27, time: 0.056, data_time: 0.003, memory: 2525, loss: nan
2024-03-06 14:01:05,543 - mmcls - INFO - Epoch(val) [39][34]	accuracy_top-1: 0.0000, accuracy_top-5: 0.0000
2024-03-06 14:01:13,394 - mmcls - INFO - Epoch [40][100/272]	lr: 1.000e-02, eta: 0:36:15, time: 0.078, data_time: 0.025, memory: 2525, loss: nan
2024-03-06 14:01:18,990 - mmcls - INFO - Epoch [40][200/272]	lr: 1.000e-02, eta: 0:36:13, time: 0.056, data_time: 0.003, memory: 2525, loss: nan
2024-03-06 14:01:24,277 - mmcls - INFO - Epoch(val) [40][34]	accuracy_top-1: 0.0000, accuracy_top-5: 0.0000
2024-03-06 14:01:32,154 - mmcls - INFO - Epoch [41][100/272]	lr: 1.000e-02, eta: 0:36:01, time: 0.078, data_time: 0.026, memory: 2525, loss: nan
2024-03-06 14:01:37,804 - mmcls - INFO - Epoch [41][200/272]	lr: 1.000e-02, eta: 0:35:59, time: 0.056, data_time: 0.004, memory: 2525, loss: nan
2024-03-06 14:01:43,143 - mmcls - INFO - Epoch(val) [41][34]	accuracy_top-1: 0.0000, accuracy_top-5: 0.0000
2024-03-06 14:01:50,989 - mmcls - INFO - Epoch [42][100/272]	lr: 1.000e-02, eta: 0:35:47, time: 0.078, data_time: 0.025, memory: 2525, loss: nan
2024-03-06 14:01:56,645 - mmcls - INFO - Epoch [42][200/272]	lr: 1.000e-02, eta: 0:35:45, time: 0.056, data_time: 0.003, memory: 2525, loss: nan
2024-03-06 14:02:01,933 - mmcls - INFO - Epoch(val) [42][34]	accuracy_top-1: 0.0000, accuracy_top-5: 0.0000
2024-03-06 14:02:09,749 - mmcls - INFO - Epoch [43][100/272]	lr: 1.000e-02, eta: 0:35:33, time: 0.078, data_time: 0.025, memory: 2525, loss: nan
2024-03-06 14:02:15,381 - mmcls - INFO - Epoch [43][200/272]	lr: 1.000e-02, eta: 0:35:31, time: 0.056, data_time: 0.003, memory: 2525, loss: nan
2024-03-06 14:02:20,703 - mmcls - INFO - Epoch(val) [43][34]	accuracy_top-1: 0.0000, accuracy_top-5: 0.0000
2024-03-06 14:02:28,467 - mmcls - INFO - Epoch [44][100/272]	lr: 1.000e-02, eta: 0:35:19, time: 0.077, data_time: 0.024, memory: 2525, loss: nan
2024-03-06 14:02:34,081 - mmcls - INFO - Epoch [44][200/272]	lr: 1.000e-02, eta: 0:35:17, time: 0.056, data_time: 0.004, memory: 2525, loss: nan
2024-03-06 14:02:39,355 - mmcls - INFO - Epoch(val) [44][34]	accuracy_top-1: 0.0000, accuracy_top-5: 0.0000
2024-03-06 14:02:47,130 - mmcls - INFO - Epoch [45][100/272]	lr: 1.000e-02, eta: 0:35:05, time: 0.077, data_time: 0.024, memory: 2525, loss: nan
2024-03-06 14:02:52,776 - mmcls - INFO - Epoch [45][200/272]	lr: 1.000e-02, eta: 0:35:02, time: 0.057, data_time: 0.003, memory: 2525, loss: nan
2024-03-06 14:02:58,081 - mmcls - INFO - Epoch(val) [45][34]	accuracy_top-1: 0.0000, accuracy_top-5: 0.0000
2024-03-06 14:03:05,933 - mmcls - INFO - Epoch [46][100/272]	lr: 1.000e-02, eta: 0:34:51, time: 0.078, data_time: 0.026, memory: 2525, loss: nan
2024-03-06 14:03:11,601 - mmcls - INFO - Epoch [46][200/272]	lr: 1.000e-02, eta: 0:34:49, time: 0.057, data_time: 0.004, memory: 2525, loss: nan
2024-03-06 14:03:16,941 - mmcls - INFO - Epoch(val) [46][34]	accuracy_top-1: 0.0000, accuracy_top-5: 0.0000
2024-03-06 14:03:24,777 - mmcls - INFO - Epoch [47][100/272]	lr: 1.000e-02, eta: 0:34:38, time: 0.078, data_time: 0.025, memory: 2525, loss: nan
2024-03-06 14:03:30,416 - mmcls - INFO - Epoch [47][200/272]	lr: 1.000e-02, eta: 0:34:35, time: 0.056, data_time: 0.004, memory: 2525, loss: nan
2024-03-06 14:03:35,680 - mmcls - INFO - Epoch(val) [47][34]	accuracy_top-1: 0.0000, accuracy_top-5: 0.0000
2024-03-06 14:03:43,602 - mmcls - INFO - Epoch [48][100/272]	lr: 1.000e-02, eta: 0:34:24, time: 0.079, data_time: 0.024, memory: 2525, loss: nan
2024-03-06 14:03:49,236 - mmcls - INFO - Epoch [48][200/272]	lr: 1.000e-02, eta: 0:34:21, time: 0.056, data_time: 0.003, memory: 2525, loss: nan
2024-03-06 14:03:54,411 - mmcls - INFO - Epoch(val) [48][34]	accuracy_top-1: 0.0000, accuracy_top-5: 0.0000
2024-03-06 14:04:02,273 - mmcls - INFO - Epoch [49][100/272]	lr: 1.000e-02, eta: 0:34:10, time: 0.078, data_time: 0.025, memory: 2525, loss: nan
2024-03-06 14:04:07,941 - mmcls - INFO - Epoch [49][200/272]	lr: 1.000e-02, eta: 0:34:08, time: 0.057, data_time: 0.003, memory: 2525, loss: nan
2024-03-06 14:04:13,305 - mmcls - INFO - Epoch(val) [49][34]	accuracy_top-1: 0.0000, accuracy_top-5: 0.0000
2024-03-06 14:04:21,157 - mmcls - INFO - Epoch [50][100/272]	lr: 1.000e-02, eta: 0:33:57, time: 0.078, data_time: 0.025, memory: 2525, loss: nan
2024-03-06 14:04:26,796 - mmcls - INFO - Epoch [50][200/272]	lr: 1.000e-02, eta: 0:33:54, time: 0.056, data_time: 0.004, memory: 2525, loss: nan
2024-03-06 14:04:32,169 - mmcls - INFO - Epoch(val) [50][34]	accuracy_top-1: 0.0000, accuracy_top-5: 0.0000
2024-03-06 14:04:39,927 - mmcls - INFO - Epoch [51][100/272]	lr: 1.000e-02, eta: 0:33:43, time: 0.077, data_time: 0.025, memory: 2525, loss: nan
2024-03-06 14:04:45,553 - mmcls - INFO - Epoch [51][200/272]	lr: 1.000e-02, eta: 0:33:40, time: 0.056, data_time: 0.003, memory: 2525, loss: nan
2024-03-06 14:04:50,719 - mmcls - INFO - Epoch(val) [51][34]	accuracy_top-1: 0.0000, accuracy_top-5: 0.0000
2024-03-06 14:04:58,555 - mmcls - INFO - Epoch [52][100/272]	lr: 1.000e-02, eta: 0:33:29, time: 0.078, data_time: 0.026, memory: 2525, loss: nan
2024-03-06 14:05:04,200 - mmcls - INFO - Epoch [52][200/272]	lr: 1.000e-02, eta: 0:33:26, time: 0.056, data_time: 0.003, memory: 2525, loss: nan
2024-03-06 14:05:09,450 - mmcls - INFO - Epoch(val) [52][34]	accuracy_top-1: 0.0000, accuracy_top-5: 0.0000
2024-03-06 14:05:17,273 - mmcls - INFO - Epoch [53][100/272]	lr: 1.000e-02, eta: 0:33:15, time: 0.078, data_time: 0.025, memory: 2525, loss: nan
2024-03-06 14:05:22,910 - mmcls - INFO - Epoch [53][200/272]	lr: 1.000e-02, eta: 0:33:12, time: 0.056, data_time: 0.003, memory: 2525, loss: nan
2024-03-06 14:05:28,201 - mmcls - INFO - Epoch(val) [53][34]	accuracy_top-1: 0.0000, accuracy_top-5: 0.0000
2024-03-06 14:05:36,005 - mmcls - INFO - Epoch [54][100/272]	lr: 1.000e-02, eta: 0:33:01, time: 0.078, data_time: 0.024, memory: 2525, loss: nan
2024-03-06 14:05:41,662 - mmcls - INFO - Epoch [54][200/272]	lr: 1.000e-02, eta: 0:32:58, time: 0.057, data_time: 0.003, memory: 2525, loss: nan
2024-03-06 14:05:46,980 - mmcls - INFO - Epoch(val) [54][34]	accuracy_top-1: 0.0000, accuracy_top-5: 0.0000
2024-03-06 14:05:54,913 - mmcls - INFO - Epoch [55][100/272]	lr: 1.000e-02, eta: 0:32:48, time: 0.079, data_time: 0.025, memory: 2525, loss: nan
2024-03-06 14:06:00,577 - mmcls - INFO - Epoch [55][200/272]	lr: 1.000e-02, eta: 0:32:45, time: 0.057, data_time: 0.003, memory: 2525, loss: nan
2024-03-06 14:06:05,878 - mmcls - INFO - Epoch(val) [55][34]	accuracy_top-1: 0.0000, accuracy_top-5: 0.0000
2024-03-06 14:06:13,772 - mmcls - INFO - Epoch [56][100/272]	lr: 1.000e-02, eta: 0:32:34, time: 0.079, data_time: 0.025, memory: 2525, loss: nan
2024-03-06 14:06:19,425 - mmcls - INFO - Epoch [56][200/272]	lr: 1.000e-02, eta: 0:32:31, time: 0.057, data_time: 0.003, memory: 2525, loss: nan
2024-03-06 14:06:24,710 - mmcls - INFO - Epoch(val) [56][34]	accuracy_top-1: 0.0000, accuracy_top-5: 0.0000
2024-03-06 14:06:32,613 - mmcls - INFO - Epoch [57][100/272]	lr: 1.000e-02, eta: 0:32:21, time: 0.079, data_time: 0.025, memory: 2525, loss: nan
2024-03-06 14:06:38,257 - mmcls - INFO - Epoch [57][200/272]	lr: 1.000e-02, eta: 0:32:18, time: 0.056, data_time: 0.003, memory: 2525, loss: nan
2024-03-06 14:06:43,588 - mmcls - INFO - Epoch(val) [57][34]	accuracy_top-1: 0.0000, accuracy_top-5: 0.0000
2024-03-06 14:06:51,504 - mmcls - INFO - Epoch [58][100/272]	lr: 1.000e-02, eta: 0:32:07, time: 0.079, data_time: 0.025, memory: 2525, loss: nan
2024-03-06 14:06:57,092 - mmcls - INFO - Epoch [58][200/272]	lr: 1.000e-02, eta: 0:32:04, time: 0.056, data_time: 0.003, memory: 2525, loss: nan
2024-03-06 14:07:02,489 - mmcls - INFO - Epoch(val) [58][34]	accuracy_top-1: 0.0000, accuracy_top-5: 0.0000
2024-03-06 14:07:10,288 - mmcls - INFO - Epoch [59][100/272]	lr: 1.000e-02, eta: 0:31:53, time: 0.078, data_time: 0.026, memory: 2525, loss: nan
2024-03-06 14:07:15,933 - mmcls - INFO - Epoch [59][200/272]	lr: 1.000e-02, eta: 0:31:50, time: 0.056, data_time: 0.004, memory: 2525, loss: nan
2024-03-06 14:07:21,196 - mmcls - INFO - Epoch(val) [59][34]	accuracy_top-1: 0.0000, accuracy_top-5: 0.0000
2024-03-06 14:07:29,005 - mmcls - INFO - Epoch [60][100/272]	lr: 1.000e-02, eta: 0:31:40, time: 0.078, data_time: 0.025, memory: 2525, loss: nan
2024-03-06 14:07:34,622 - mmcls - INFO - Epoch [60][200/272]	lr: 1.000e-02, eta: 0:31:36, time: 0.056, data_time: 0.004, memory: 2525, loss: nan
2024-03-06 14:07:39,952 - mmcls - INFO - Epoch(val) [60][34]	accuracy_top-1: 0.0000, accuracy_top-5: 0.0000
2024-03-06 14:07:47,878 - mmcls - INFO - Epoch [61][100/272]	lr: 1.000e-02, eta: 0:31:26, time: 0.079, data_time: 0.026, memory: 2525, loss: nan
2024-03-06 14:07:53,497 - mmcls - INFO - Epoch [61][200/272]	lr: 1.000e-02, eta: 0:31:23, time: 0.056, data_time: 0.004, memory: 2525, loss: nan
2024-03-06 14:07:58,831 - mmcls - INFO - Epoch(val) [61][34]	accuracy_top-1: 0.0000, accuracy_top-5: 0.0000
2024-03-06 14:08:06,710 - mmcls - INFO - Epoch [62][100/272]	lr: 1.000e-02, eta: 0:31:13, time: 0.078, data_time: 0.026, memory: 2525, loss: nan
2024-03-06 14:08:12,360 - mmcls - INFO - Epoch [62][200/272]	lr: 1.000e-02, eta: 0:31:09, time: 0.056, data_time: 0.004, memory: 2525, loss: nan
2024-03-06 14:08:17,702 - mmcls - INFO - Epoch(val) [62][34]	accuracy_top-1: 0.0000, accuracy_top-5: 0.0000
2024-03-06 14:08:25,567 - mmcls - INFO - Epoch [63][100/272]	lr: 1.000e-02, eta: 0:30:59, time: 0.078, data_time: 0.024, memory: 2525, loss: nan
2024-03-06 14:08:31,203 - mmcls - INFO - Epoch [63][200/272]	lr: 1.000e-02, eta: 0:30:55, time: 0.056, data_time: 0.003, memory: 2525, loss: nan
2024-03-06 14:08:36,470 - mmcls - INFO - Epoch(val) [63][34]	accuracy_top-1: 0.0000, accuracy_top-5: 0.0000
2024-03-06 14:08:44,315 - mmcls - INFO - Epoch [64][100/272]	lr: 1.000e-02, eta: 0:30:45, time: 0.078, data_time: 0.025, memory: 2525, loss: nan
2024-03-06 14:08:49,971 - mmcls - INFO - Epoch [64][200/272]	lr: 1.000e-02, eta: 0:30:42, time: 0.057, data_time: 0.003, memory: 2525, loss: nan
2024-03-06 14:08:55,261 - mmcls - INFO - Epoch(val) [64][34]	accuracy_top-1: 0.0000, accuracy_top-5: 0.0000
2024-03-06 14:09:03,137 - mmcls - INFO - Epoch [65][100/272]	lr: 1.000e-02, eta: 0:30:32, time: 0.078, data_time: 0.026, memory: 2525, loss: nan
2024-03-06 14:09:08,773 - mmcls - INFO - Epoch [65][200/272]	lr: 1.000e-02, eta: 0:30:28, time: 0.056, data_time: 0.004, memory: 2525, loss: nan
2024-03-06 14:09:14,030 - mmcls - INFO - Epoch(val) [65][34]	accuracy_top-1: 0.0000, accuracy_top-5: 0.0000
2024-03-06 14:09:21,837 - mmcls - INFO - Epoch [66][100/272]	lr: 1.000e-02, eta: 0:30:18, time: 0.078, data_time: 0.025, memory: 2525, loss: nan
2024-03-06 14:09:27,489 - mmcls - INFO - Epoch [66][200/272]	lr: 1.000e-02, eta: 0:30:14, time: 0.057, data_time: 0.003, memory: 2525, loss: nan
2024-03-06 14:09:32,743 - mmcls - INFO - Epoch(val) [66][34]	accuracy_top-1: 0.0000, accuracy_top-5: 0.0000
2024-03-06 14:09:40,662 - mmcls - INFO - Epoch [67][100/272]	lr: 1.000e-02, eta: 0:30:05, time: 0.079, data_time: 0.026, memory: 2525, loss: nan
2024-03-06 14:09:46,325 - mmcls - INFO - Epoch [67][200/272]	lr: 1.000e-02, eta: 0:30:01, time: 0.057, data_time: 0.003, memory: 2525, loss: nan
2024-03-06 14:09:51,650 - mmcls - INFO - Epoch(val) [67][34]	accuracy_top-1: 0.0000, accuracy_top-5: 0.0000
2024-03-06 14:09:59,498 - mmcls - INFO - Epoch [68][100/272]	lr: 1.000e-02, eta: 0:29:51, time: 0.078, data_time: 0.025, memory: 2525, loss: nan
2024-03-06 14:10:05,153 - mmcls - INFO - Epoch [68][200/272]	lr: 1.000e-02, eta: 0:29:47, time: 0.057, data_time: 0.003, memory: 2525, loss: nan
2024-03-06 14:10:10,429 - mmcls - INFO - Epoch(val) [68][34]	accuracy_top-1: 0.0000, accuracy_top-5: 0.0000
2024-03-06 14:10:18,291 - mmcls - INFO - Epoch [69][100/272]	lr: 1.000e-02, eta: 0:29:37, time: 0.078, data_time: 0.026, memory: 2525, loss: nan
2024-03-06 14:10:23,939 - mmcls - INFO - Epoch [69][200/272]	lr: 1.000e-02, eta: 0:29:34, time: 0.056, data_time: 0.004, memory: 2525, loss: nan
2024-03-06 14:10:29,291 - mmcls - INFO - Epoch(val) [69][34]	accuracy_top-1: 0.0000, accuracy_top-5: 0.0000
2024-03-06 14:10:37,139 - mmcls - INFO - Epoch [70][100/272]	lr: 1.000e-02, eta: 0:29:24, time: 0.078, data_time: 0.025, memory: 2525, loss: nan
2024-03-06 14:10:42,776 - mmcls - INFO - Epoch [70][200/272]	lr: 1.000e-02, eta: 0:29:20, time: 0.056, data_time: 0.004, memory: 2525, loss: nan
2024-03-06 14:10:48,130 - mmcls - INFO - Epoch(val) [70][34]	accuracy_top-1: 0.0000, accuracy_top-5: 0.0000
2024-03-06 14:10:56,091 - mmcls - INFO - Epoch [71][100/272]	lr: 1.000e-02, eta: 0:29:10, time: 0.079, data_time: 0.025, memory: 2525, loss: nan
2024-03-06 14:11:01,730 - mmcls - INFO - Epoch [71][200/272]	lr: 1.000e-02, eta: 0:29:07, time: 0.056, data_time: 0.003, memory: 2525, loss: nan
2024-03-06 14:11:07,016 - mmcls - INFO - Epoch(val) [71][34]	accuracy_top-1: 0.0000, accuracy_top-5: 0.0000
2024-03-06 14:11:14,865 - mmcls - INFO - Epoch [72][100/272]	lr: 1.000e-02, eta: 0:28:57, time: 0.078, data_time: 0.025, memory: 2525, loss: nan
2024-03-06 14:11:20,509 - mmcls - INFO - Epoch [72][200/272]	lr: 1.000e-02, eta: 0:28:53, time: 0.056, data_time: 0.003, memory: 2525, loss: nan
2024-03-06 14:11:25,841 - mmcls - INFO - Epoch(val) [72][34]	accuracy_top-1: 0.0000, accuracy_top-5: 0.0000
2024-03-06 14:11:33,686 - mmcls - INFO - Epoch [73][100/272]	lr: 1.000e-02, eta: 0:28:43, time: 0.078, data_time: 0.025, memory: 2525, loss: nan
2024-03-06 14:11:39,339 - mmcls - INFO - Epoch [73][200/272]	lr: 1.000e-02, eta: 0:28:39, time: 0.057, data_time: 0.003, memory: 2525, loss: nan
2024-03-06 14:11:44,648 - mmcls - INFO - Epoch(val) [73][34]	accuracy_top-1: 0.0000, accuracy_top-5: 0.0000
2024-03-06 14:11:52,467 - mmcls - INFO - Epoch [74][100/272]	lr: 1.000e-02, eta: 0:28:30, time: 0.078, data_time: 0.025, memory: 2525, loss: nan
2024-03-06 14:11:58,121 - mmcls - INFO - Epoch [74][200/272]	lr: 1.000e-02, eta: 0:28:26, time: 0.057, data_time: 0.003, memory: 2525, loss: nan
2024-03-06 14:12:03,444 - mmcls - INFO - Epoch(val) [74][34]	accuracy_top-1: 0.0000, accuracy_top-5: 0.0000
2024-03-06 14:12:11,308 - mmcls - INFO - Epoch [75][100/272]	lr: 1.000e-02, eta: 0:28:16, time: 0.078, data_time: 0.025, memory: 2525, loss: nan
2024-03-06 14:12:16,960 - mmcls - INFO - Epoch [75][200/272]	lr: 1.000e-02, eta: 0:28:12, time: 0.057, data_time: 0.003, memory: 2525, loss: nan
2024-03-06 14:12:22,287 - mmcls - INFO - Epoch(val) [75][34]	accuracy_top-1: 0.0000, accuracy_top-5: 0.0000
2024-03-06 14:12:30,141 - mmcls - INFO - Epoch [76][100/272]	lr: 1.000e-02, eta: 0:28:03, time: 0.078, data_time: 0.025, memory: 2525, loss: nan
2024-03-06 14:12:35,781 - mmcls - INFO - Epoch [76][200/272]	lr: 1.000e-02, eta: 0:27:59, time: 0.056, data_time: 0.003, memory: 2525, loss: nan
2024-03-06 14:12:41,079 - mmcls - INFO - Epoch(val) [76][34]	accuracy_top-1: 0.0000, accuracy_top-5: 0.0000
2024-03-06 14:12:49,000 - mmcls - INFO - Epoch [77][100/272]	lr: 1.000e-02, eta: 0:27:49, time: 0.079, data_time: 0.024, memory: 2525, loss: nan
2024-03-06 14:12:54,655 - mmcls - INFO - Epoch [77][200/272]	lr: 1.000e-02, eta: 0:27:45, time: 0.057, data_time: 0.003, memory: 2525, loss: nan
2024-03-06 14:13:00,025 - mmcls - INFO - Epoch(val) [77][34]	accuracy_top-1: 0.0000, accuracy_top-5: 0.0000
2024-03-06 14:13:07,865 - mmcls - INFO - Epoch [78][100/272]	lr: 1.000e-02, eta: 0:27:35, time: 0.078, data_time: 0.024, memory: 2525, loss: nan
2024-03-06 14:13:13,504 - mmcls - INFO - Epoch [78][200/272]	lr: 1.000e-02, eta: 0:27:32, time: 0.056, data_time: 0.004, memory: 2525, loss: nan
2024-03-06 14:13:18,799 - mmcls - INFO - Epoch(val) [78][34]	accuracy_top-1: 0.0000, accuracy_top-5: 0.0000
2024-03-06 14:13:26,621 - mmcls - INFO - Epoch [79][100/272]	lr: 1.000e-02, eta: 0:27:22, time: 0.078, data_time: 0.024, memory: 2525, loss: nan
2024-03-06 14:13:32,225 - mmcls - INFO - Epoch [79][200/272]	lr: 1.000e-02, eta: 0:27:18, time: 0.056, data_time: 0.003, memory: 2525, loss: nan
2024-03-06 14:13:37,527 - mmcls - INFO - Epoch(val) [79][34]	accuracy_top-1: 0.0000, accuracy_top-5: 0.0000
2024-03-06 14:13:45,414 - mmcls - INFO - Epoch [80][100/272]	lr: 1.000e-02, eta: 0:27:08, time: 0.079, data_time: 0.025, memory: 2525, loss: nan
2024-03-06 14:13:51,048 - mmcls - INFO - Epoch [80][200/272]	lr: 1.000e-02, eta: 0:27:04, time: 0.056, data_time: 0.003, memory: 2525, loss: nan
2024-03-06 14:13:56,396 - mmcls - INFO - Epoch(val) [80][34]	accuracy_top-1: 0.0000, accuracy_top-5: 0.0000
2024-03-06 14:14:04,246 - mmcls - INFO - Epoch [81][100/272]	lr: 1.000e-02, eta: 0:26:55, time: 0.078, data_time: 0.024, memory: 2525, loss: nan
2024-03-06 14:14:09,883 - mmcls - INFO - Epoch [81][200/272]	lr: 1.000e-02, eta: 0:26:51, time: 0.056, data_time: 0.003, memory: 2525, loss: nan
2024-03-06 14:14:15,253 - mmcls - INFO - Epoch(val) [81][34]	accuracy_top-1: 0.0000, accuracy_top-5: 0.0000
2024-03-06 14:14:23,113 - mmcls - INFO - Epoch [82][100/272]	lr: 1.000e-02, eta: 0:26:41, time: 0.078, data_time: 0.025, memory: 2525, loss: nan
2024-03-06 14:14:28,757 - mmcls - INFO - Epoch [82][200/272]	lr: 1.000e-02, eta: 0:26:37, time: 0.056, data_time: 0.003, memory: 2525, loss: nan
2024-03-06 14:14:34,027 - mmcls - INFO - Epoch(val) [82][34]	accuracy_top-1: 0.0000, accuracy_top-5: 0.0000
2024-03-06 14:14:41,849 - mmcls - INFO - Epoch [83][100/272]	lr: 1.000e-02, eta: 0:26:28, time: 0.078, data_time: 0.025, memory: 2525, loss: nan
2024-03-06 14:14:47,440 - mmcls - INFO - Epoch [83][200/272]	lr: 1.000e-02, eta: 0:26:23, time: 0.056, data_time: 0.004, memory: 2525, loss: nan
2024-03-06 14:14:52,728 - mmcls - INFO - Epoch(val) [83][34]	accuracy_top-1: 0.0000, accuracy_top-5: 0.0000
2024-03-06 14:15:00,583 - mmcls - INFO - Epoch [84][100/272]	lr: 1.000e-02, eta: 0:26:14, time: 0.078, data_time: 0.025, memory: 2525, loss: nan
2024-03-06 14:15:06,230 - mmcls - INFO - Epoch [84][200/272]	lr: 1.000e-02, eta: 0:26:10, time: 0.056, data_time: 0.004, memory: 2525, loss: nan
2024-03-06 14:15:11,538 - mmcls - INFO - Epoch(val) [84][34]	accuracy_top-1: 0.0000, accuracy_top-5: 0.0000
2024-03-06 14:15:19,371 - mmcls - INFO - Epoch [85][100/272]	lr: 1.000e-02, eta: 0:26:00, time: 0.078, data_time: 0.025, memory: 2525, loss: nan
2024-03-06 14:15:24,968 - mmcls - INFO - Epoch [85][200/272]	lr: 1.000e-02, eta: 0:25:56, time: 0.056, data_time: 0.003, memory: 2525, loss: nan
2024-03-06 14:15:30,351 - mmcls - INFO - Epoch(val) [85][34]	accuracy_top-1: 0.0000, accuracy_top-5: 0.0000
2024-03-06 14:15:38,223 - mmcls - INFO - Epoch [86][100/272]	lr: 1.000e-02, eta: 0:25:47, time: 0.078, data_time: 0.024, memory: 2525, loss: nan
2024-03-06 14:15:43,851 - mmcls - INFO - Epoch [86][200/272]	lr: 1.000e-02, eta: 0:25:43, time: 0.056, data_time: 0.003, memory: 2525, loss: nan
2024-03-06 14:15:48,967 - mmcls - INFO - Epoch(val) [86][34]	accuracy_top-1: 0.0000, accuracy_top-5: 0.0000
2024-03-06 14:15:56,817 - mmcls - INFO - Epoch [87][100/272]	lr: 1.000e-02, eta: 0:25:33, time: 0.078, data_time: 0.025, memory: 2525, loss: nan
2024-03-06 14:16:02,458 - mmcls - INFO - Epoch [87][200/272]	lr: 1.000e-02, eta: 0:25:29, time: 0.056, data_time: 0.004, memory: 2525, loss: nan
2024-03-06 14:16:07,856 - mmcls - INFO - Epoch(val) [87][34]	accuracy_top-1: 0.0000, accuracy_top-5: 0.0000
2024-03-06 14:16:15,753 - mmcls - INFO - Epoch [88][100/272]	lr: 1.000e-02, eta: 0:25:20, time: 0.079, data_time: 0.025, memory: 2525, loss: nan
2024-03-06 14:16:21,401 - mmcls - INFO - Epoch [88][200/272]	lr: 1.000e-02, eta: 0:25:16, time: 0.056, data_time: 0.003, memory: 2525, loss: nan
2024-03-06 14:16:26,688 - mmcls - INFO - Epoch(val) [88][34]	accuracy_top-1: 0.0000, accuracy_top-5: 0.0000
2024-03-06 14:16:34,607 - mmcls - INFO - Epoch [89][100/272]	lr: 1.000e-02, eta: 0:25:06, time: 0.079, data_time: 0.026, memory: 2525, loss: nan
2024-03-06 14:16:40,249 - mmcls - INFO - Epoch [89][200/272]	lr: 1.000e-02, eta: 0:25:02, time: 0.056, data_time: 0.003, memory: 2525, loss: nan
2024-03-06 14:16:45,428 - mmcls - INFO - Epoch(val) [89][34]	accuracy_top-1: 0.0000, accuracy_top-5: 0.0000
2024-03-06 14:16:53,295 - mmcls - INFO - Epoch [90][100/272]	lr: 1.000e-02, eta: 0:24:53, time: 0.078, data_time: 0.025, memory: 2525, loss: nan
2024-03-06 14:16:58,896 - mmcls - INFO - Epoch [90][200/272]	lr: 1.000e-02, eta: 0:24:48, time: 0.056, data_time: 0.003, memory: 2525, loss: nan
2024-03-06 14:17:04,238 - mmcls - INFO - Epoch(val) [90][34]	accuracy_top-1: 0.0000, accuracy_top-5: 0.0000
2024-03-06 14:17:12,110 - mmcls - INFO - Epoch [91][100/272]	lr: 1.000e-02, eta: 0:24:39, time: 0.078, data_time: 0.026, memory: 2525, loss: nan
2024-03-06 14:17:17,750 - mmcls - INFO - Epoch [91][200/272]	lr: 1.000e-02, eta: 0:24:35, time: 0.056, data_time: 0.004, memory: 2525, loss: nan
2024-03-06 14:17:23,123 - mmcls - INFO - Epoch(val) [91][34]	accuracy_top-1: 0.0000, accuracy_top-5: 0.0000
2024-03-06 14:17:31,002 - mmcls - INFO - Epoch [92][100/272]	lr: 1.000e-02, eta: 0:24:26, time: 0.078, data_time: 0.025, memory: 2525, loss: nan
2024-03-06 14:17:36,636 - mmcls - INFO - Epoch [92][200/272]	lr: 1.000e-02, eta: 0:24:21, time: 0.056, data_time: 0.004, memory: 2525, loss: nan
2024-03-06 14:17:41,945 - mmcls - INFO - Epoch(val) [92][34]	accuracy_top-1: 0.0000, accuracy_top-5: 0.0000
2024-03-06 14:17:49,814 - mmcls - INFO - Epoch [93][100/272]	lr: 1.000e-02, eta: 0:24:12, time: 0.078, data_time: 0.025, memory: 2525, loss: nan
2024-03-06 14:17:55,421 - mmcls - INFO - Epoch [93][200/272]	lr: 1.000e-02, eta: 0:24:08, time: 0.056, data_time: 0.004, memory: 2525, loss: nan
2024-03-06 14:18:00,714 - mmcls - INFO - Epoch(val) [93][34]	accuracy_top-1: 0.0000, accuracy_top-5: 0.0000
2024-03-06 14:18:08,624 - mmcls - INFO - Epoch [94][100/272]	lr: 1.000e-02, eta: 0:23:59, time: 0.079, data_time: 0.025, memory: 2525, loss: nan
2024-03-06 14:18:14,271 - mmcls - INFO - Epoch [94][200/272]	lr: 1.000e-02, eta: 0:23:54, time: 0.056, data_time: 0.004, memory: 2525, loss: nan
2024-03-06 14:18:19,602 - mmcls - INFO - Epoch(val) [94][34]	accuracy_top-1: 0.0000, accuracy_top-5: 0.0000
2024-03-06 14:18:27,437 - mmcls - INFO - Epoch [95][100/272]	lr: 1.000e-02, eta: 0:23:45, time: 0.078, data_time: 0.025, memory: 2525, loss: nan
2024-03-06 14:18:33,048 - mmcls - INFO - Epoch [95][200/272]	lr: 1.000e-02, eta: 0:23:41, time: 0.056, data_time: 0.004, memory: 2525, loss: nan
2024-03-06 14:18:38,229 - mmcls - INFO - Epoch(val) [95][34]	accuracy_top-1: 0.0000, accuracy_top-5: 0.0000
2024-03-06 14:18:46,122 - mmcls - INFO - Epoch [96][100/272]	lr: 1.000e-02, eta: 0:23:31, time: 0.079, data_time: 0.025, memory: 2525, loss: nan
2024-03-06 14:18:51,704 - mmcls - INFO - Epoch [96][200/272]	lr: 1.000e-02, eta: 0:23:27, time: 0.056, data_time: 0.003, memory: 2525, loss: nan
2024-03-06 14:18:57,054 - mmcls - INFO - Epoch(val) [96][34]	accuracy_top-1: 0.0000, accuracy_top-5: 0.0000
2024-03-06 14:19:04,892 - mmcls - INFO - Epoch [97][100/272]	lr: 1.000e-02, eta: 0:23:18, time: 0.078, data_time: 0.025, memory: 2525, loss: nan
2024-03-06 14:19:10,496 - mmcls - INFO - Epoch [97][200/272]	lr: 1.000e-02, eta: 0:23:14, time: 0.056, data_time: 0.003, memory: 2525, loss: nan
2024-03-06 14:19:15,803 - mmcls - INFO - Epoch(val) [97][34]	accuracy_top-1: 0.0000, accuracy_top-5: 0.0000
2024-03-06 14:19:23,656 - mmcls - INFO - Epoch [98][100/272]	lr: 1.000e-02, eta: 0:23:04, time: 0.078, data_time: 0.025, memory: 2525, loss: nan
2024-03-06 14:19:29,295 - mmcls - INFO - Epoch [98][200/272]	lr: 1.000e-02, eta: 0:23:00, time: 0.056, data_time: 0.003, memory: 2525, loss: nan
2024-03-06 14:19:34,613 - mmcls - INFO - Epoch(val) [98][34]	accuracy_top-1: 0.0000, accuracy_top-5: 0.0000
2024-03-06 14:19:42,424 - mmcls - INFO - Epoch [99][100/272]	lr: 1.000e-02, eta: 0:22:51, time: 0.078, data_time: 0.024, memory: 2525, loss: nan
2024-03-06 14:19:48,005 - mmcls - INFO - Epoch [99][200/272]	lr: 1.000e-02, eta: 0:22:46, time: 0.056, data_time: 0.003, memory: 2525, loss: nan
2024-03-06 14:19:53,333 - mmcls - INFO - Epoch(val) [99][34]	accuracy_top-1: 0.0000, accuracy_top-5: 0.0000
2024-03-06 14:20:01,146 - mmcls - INFO - Epoch [100][100/272]	lr: 1.000e-02, eta: 0:22:37, time: 0.078, data_time: 0.025, memory: 2525, loss: nan
2024-03-06 14:20:06,746 - mmcls - INFO - Epoch [100][200/272]	lr: 1.000e-02, eta: 0:22:33, time: 0.056, data_time: 0.003, memory: 2525, loss: nan
2024-03-06 14:20:10,826 - mmcls - INFO - Saving checkpoint at 100 epochs
2024-03-06 14:20:19,142 - mmcls - INFO - Epoch(val) [100][34]	accuracy_top-1: 0.0000, accuracy_top-5: 0.0000
2024-03-06 14:20:27,010 - mmcls - INFO - Epoch [101][100/272]	lr: 1.000e-03, eta: 0:22:24, time: 0.078, data_time: 0.024, memory: 2525, loss: nan
2024-03-06 14:20:32,666 - mmcls - INFO - Epoch [101][200/272]	lr: 1.000e-03, eta: 0:22:19, time: 0.057, data_time: 0.003, memory: 2525, loss: nan
2024-03-06 14:20:37,936 - mmcls - INFO - Epoch(val) [101][34]	accuracy_top-1: 0.0000, accuracy_top-5: 0.0000
2024-03-06 14:20:45,757 - mmcls - INFO - Epoch [102][100/272]	lr: 1.000e-03, eta: 0:22:10, time: 0.078, data_time: 0.025, memory: 2525, loss: nan
2024-03-06 14:20:51,405 - mmcls - INFO - Epoch [102][200/272]	lr: 1.000e-03, eta: 0:22:06, time: 0.057, data_time: 0.004, memory: 2525, loss: nan
2024-03-06 14:20:56,641 - mmcls - INFO - Epoch(val) [102][34]	accuracy_top-1: 0.0000, accuracy_top-5: 0.0000
2024-03-06 14:21:04,517 - mmcls - INFO - Epoch [103][100/272]	lr: 1.000e-03, eta: 0:21:56, time: 0.078, data_time: 0.025, memory: 2525, loss: nan
2024-03-06 14:21:10,132 - mmcls - INFO - Epoch [103][200/272]	lr: 1.000e-03, eta: 0:21:52, time: 0.056, data_time: 0.003, memory: 2525, loss: nan
2024-03-06 14:21:15,309 - mmcls - INFO - Epoch(val) [103][34]	accuracy_top-1: 0.0000, accuracy_top-5: 0.0000
2024-03-06 14:21:23,198 - mmcls - INFO - Epoch [104][100/272]	lr: 1.000e-03, eta: 0:21:43, time: 0.079, data_time: 0.026, memory: 2525, loss: nan
2024-03-06 14:21:28,783 - mmcls - INFO - Epoch [104][200/272]	lr: 1.000e-03, eta: 0:21:39, time: 0.056, data_time: 0.003, memory: 2525, loss: nan
2024-03-06 14:21:34,122 - mmcls - INFO - Epoch(val) [104][34]	accuracy_top-1: 0.0000, accuracy_top-5: 0.0000
2024-03-06 14:21:41,970 - mmcls - INFO - Epoch [105][100/272]	lr: 1.000e-03, eta: 0:21:29, time: 0.078, data_time: 0.024, memory: 2525, loss: nan
2024-03-06 14:21:47,628 - mmcls - INFO - Epoch [105][200/272]	lr: 1.000e-03, eta: 0:21:25, time: 0.057, data_time: 0.003, memory: 2525, loss: nan
2024-03-06 14:21:53,034 - mmcls - INFO - Epoch(val) [105][34]	accuracy_top-1: 0.0000, accuracy_top-5: 0.0000
2024-03-06 14:22:00,928 - mmcls - INFO - Epoch [106][100/272]	lr: 1.000e-03, eta: 0:21:16, time: 0.079, data_time: 0.025, memory: 2525, loss: nan
2024-03-06 14:22:06,565 - mmcls - INFO - Epoch [106][200/272]	lr: 1.000e-03, eta: 0:21:12, time: 0.056, data_time: 0.003, memory: 2525, loss: nan
2024-03-06 14:22:11,705 - mmcls - INFO - Epoch(val) [106][34]	accuracy_top-1: 0.0000, accuracy_top-5: 0.0000
2024-03-06 14:22:19,576 - mmcls - INFO - Epoch [107][100/272]	lr: 1.000e-03, eta: 0:21:02, time: 0.078, data_time: 0.025, memory: 2525, loss: nan
2024-03-06 14:22:25,219 - mmcls - INFO - Epoch [107][200/272]	lr: 1.000e-03, eta: 0:20:58, time: 0.056, data_time: 0.003, memory: 2525, loss: nan
2024-03-06 14:22:30,658 - mmcls - INFO - Epoch(val) [107][34]	accuracy_top-1: 0.0000, accuracy_top-5: 0.0000
2024-03-06 14:22:38,540 - mmcls - INFO - Epoch [108][100/272]	lr: 1.000e-03, eta: 0:20:49, time: 0.078, data_time: 0.025, memory: 2525, loss: nan
2024-03-06 14:22:44,156 - mmcls - INFO - Epoch [108][200/272]	lr: 1.000e-03, eta: 0:20:45, time: 0.056, data_time: 0.003, memory: 2525, loss: nan
2024-03-06 14:22:49,466 - mmcls - INFO - Epoch(val) [108][34]	accuracy_top-1: 0.0000, accuracy_top-5: 0.0000
2024-03-06 14:22:57,377 - mmcls - INFO - Epoch [109][100/272]	lr: 1.000e-03, eta: 0:20:35, time: 0.079, data_time: 0.025, memory: 2525, loss: nan
2024-03-06 14:23:03,018 - mmcls - INFO - Epoch [109][200/272]	lr: 1.000e-03, eta: 0:20:31, time: 0.056, data_time: 0.003, memory: 2525, loss: nan
2024-03-06 14:23:08,299 - mmcls - INFO - Epoch(val) [109][34]	accuracy_top-1: 0.0000, accuracy_top-5: 0.0000
2024-03-06 14:23:16,170 - mmcls - INFO - Epoch [110][100/272]	lr: 1.000e-03, eta: 0:20:22, time: 0.078, data_time: 0.024, memory: 2525, loss: nan
2024-03-06 14:23:21,817 - mmcls - INFO - Epoch [110][200/272]	lr: 1.000e-03, eta: 0:20:18, time: 0.056, data_time: 0.003, memory: 2525, loss: nan
2024-03-06 14:23:27,029 - mmcls - INFO - Epoch(val) [110][34]	accuracy_top-1: 0.0000, accuracy_top-5: 0.0000
2024-03-06 14:23:34,926 - mmcls - INFO - Epoch [111][100/272]	lr: 1.000e-03, eta: 0:20:08, time: 0.079, data_time: 0.024, memory: 2525, loss: nan
2024-03-06 14:23:40,585 - mmcls - INFO - Epoch [111][200/272]	lr: 1.000e-03, eta: 0:20:04, time: 0.057, data_time: 0.003, memory: 2525, loss: nan
2024-03-06 14:23:45,846 - mmcls - INFO - Epoch(val) [111][34]	accuracy_top-1: 0.0000, accuracy_top-5: 0.0000
2024-03-06 14:23:53,737 - mmcls - INFO - Epoch [112][100/272]	lr: 1.000e-03, eta: 0:19:55, time: 0.079, data_time: 0.026, memory: 2525, loss: nan
2024-03-06 14:23:59,384 - mmcls - INFO - Epoch [112][200/272]	lr: 1.000e-03, eta: 0:19:51, time: 0.056, data_time: 0.004, memory: 2525, loss: nan
2024-03-06 14:24:04,682 - mmcls - INFO - Epoch(val) [112][34]	accuracy_top-1: 0.0000, accuracy_top-5: 0.0000
2024-03-06 14:24:12,472 - mmcls - INFO - Epoch [113][100/272]	lr: 1.000e-03, eta: 0:19:41, time: 0.078, data_time: 0.025, memory: 2525, loss: nan
2024-03-06 14:24:18,078 - mmcls - INFO - Epoch [113][200/272]	lr: 1.000e-03, eta: 0:19:37, time: 0.056, data_time: 0.004, memory: 2525, loss: nan
2024-03-06 14:24:23,469 - mmcls - INFO - Epoch(val) [113][34]	accuracy_top-1: 0.0000, accuracy_top-5: 0.0000
2024-03-06 14:24:31,247 - mmcls - INFO - Epoch [114][100/272]	lr: 1.000e-03, eta: 0:19:28, time: 0.077, data_time: 0.025, memory: 2525, loss: nan
2024-03-06 14:24:36,889 - mmcls - INFO - Epoch [114][200/272]	lr: 1.000e-03, eta: 0:19:23, time: 0.056, data_time: 0.003, memory: 2525, loss: nan
2024-03-06 14:24:42,010 - mmcls - INFO - Epoch(val) [114][34]	accuracy_top-1: 0.0000, accuracy_top-5: 0.0000
2024-03-06 14:24:49,885 - mmcls - INFO - Epoch [115][100/272]	lr: 1.000e-03, eta: 0:19:14, time: 0.078, data_time: 0.025, memory: 2525, loss: nan
2024-03-06 14:24:55,538 - mmcls - INFO - Epoch [115][200/272]	lr: 1.000e-03, eta: 0:19:10, time: 0.057, data_time: 0.003, memory: 2525, loss: nan
2024-03-06 14:25:00,874 - mmcls - INFO - Epoch(val) [115][34]	accuracy_top-1: 0.0000, accuracy_top-5: 0.0000
2024-03-06 14:25:08,778 - mmcls - INFO - Epoch [116][100/272]	lr: 1.000e-03, eta: 0:19:01, time: 0.079, data_time: 0.025, memory: 2525, loss: nan
2024-03-06 14:25:14,410 - mmcls - INFO - Epoch [116][200/272]	lr: 1.000e-03, eta: 0:18:56, time: 0.056, data_time: 0.003, memory: 2525, loss: nan
2024-03-06 14:25:19,822 - mmcls - INFO - Epoch(val) [116][34]	accuracy_top-1: 0.0000, accuracy_top-5: 0.0000
2024-03-06 14:25:27,705 - mmcls - INFO - Epoch [117][100/272]	lr: 1.000e-03, eta: 0:18:47, time: 0.079, data_time: 0.025, memory: 2525, loss: nan
2024-03-06 14:25:33,359 - mmcls - INFO - Epoch [117][200/272]	lr: 1.000e-03, eta: 0:18:43, time: 0.057, data_time: 0.003, memory: 2525, loss: nan
2024-03-06 14:25:38,518 - mmcls - INFO - Epoch(val) [117][34]	accuracy_top-1: 0.0000, accuracy_top-5: 0.0000
2024-03-06 14:25:46,423 - mmcls - INFO - Epoch [118][100/272]	lr: 1.000e-03, eta: 0:18:34, time: 0.079, data_time: 0.024, memory: 2525, loss: nan
2024-03-06 14:25:52,066 - mmcls - INFO - Epoch [118][200/272]	lr: 1.000e-03, eta: 0:18:29, time: 0.056, data_time: 0.003, memory: 2525, loss: nan
2024-03-06 14:25:57,360 - mmcls - INFO - Epoch(val) [118][34]	accuracy_top-1: 0.0000, accuracy_top-5: 0.0000
2024-03-06 14:26:05,228 - mmcls - INFO - Epoch [119][100/272]	lr: 1.000e-03, eta: 0:18:20, time: 0.078, data_time: 0.025, memory: 2525, loss: nan
2024-03-06 14:26:10,882 - mmcls - INFO - Epoch [119][200/272]	lr: 1.000e-03, eta: 0:18:16, time: 0.057, data_time: 0.003, memory: 2525, loss: nan
2024-03-06 14:26:16,167 - mmcls - INFO - Epoch(val) [119][34]	accuracy_top-1: 0.0000, accuracy_top-5: 0.0000
2024-03-06 14:26:24,032 - mmcls - INFO - Epoch [120][100/272]	lr: 1.000e-03, eta: 0:18:07, time: 0.078, data_time: 0.025, memory: 2525, loss: nan
2024-03-06 14:26:29,667 - mmcls - INFO - Epoch [120][200/272]	lr: 1.000e-03, eta: 0:18:02, time: 0.056, data_time: 0.003, memory: 2525, loss: nan
2024-03-06 14:26:35,073 - mmcls - INFO - Epoch(val) [120][34]	accuracy_top-1: 0.0000, accuracy_top-5: 0.0000
2024-03-06 14:26:42,929 - mmcls - INFO - Epoch [121][100/272]	lr: 1.000e-03, eta: 0:17:53, time: 0.078, data_time: 0.024, memory: 2525, loss: nan
2024-03-06 14:26:48,568 - mmcls - INFO - Epoch [121][200/272]	lr: 1.000e-03, eta: 0:17:49, time: 0.056, data_time: 0.003, memory: 2525, loss: nan
2024-03-06 14:26:54,099 - mmcls - INFO - Epoch(val) [121][34]	accuracy_top-1: 0.0000, accuracy_top-5: 0.0000
2024-03-06 14:27:02,024 - mmcls - INFO - Epoch [122][100/272]	lr: 1.000e-03, eta: 0:17:40, time: 0.079, data_time: 0.026, memory: 2525, loss: nan
2024-03-06 14:27:07,668 - mmcls - INFO - Epoch [122][200/272]	lr: 1.000e-03, eta: 0:17:35, time: 0.056, data_time: 0.004, memory: 2525, loss: nan
2024-03-06 14:27:13,008 - mmcls - INFO - Epoch(val) [122][34]	accuracy_top-1: 0.0000, accuracy_top-5: 0.0000
2024-03-06 14:27:20,907 - mmcls - INFO - Epoch [123][100/272]	lr: 1.000e-03, eta: 0:17:27, time: 0.079, data_time: 0.024, memory: 2525, loss: nan
2024-03-06 14:27:26,480 - mmcls - INFO - Epoch [123][200/272]	lr: 1.000e-03, eta: 0:17:22, time: 0.056, data_time: 0.003, memory: 2525, loss: nan
2024-03-06 14:27:31,774 - mmcls - INFO - Epoch(val) [123][34]	accuracy_top-1: 0.0000, accuracy_top-5: 0.0000
2024-03-06 14:27:39,574 - mmcls - INFO - Epoch [124][100/272]	lr: 1.000e-03, eta: 0:17:13, time: 0.078, data_time: 0.024, memory: 2525, loss: nan
2024-03-06 14:27:45,200 - mmcls - INFO - Epoch [124][200/272]	lr: 1.000e-03, eta: 0:17:08, time: 0.056, data_time: 0.003, memory: 2525, loss: nan
2024-03-06 14:27:50,420 - mmcls - INFO - Epoch(val) [124][34]	accuracy_top-1: 0.0000, accuracy_top-5: 0.0000
2024-03-06 14:27:58,333 - mmcls - INFO - Epoch [125][100/272]	lr: 1.000e-03, eta: 0:16:59, time: 0.079, data_time: 0.025, memory: 2525, loss: nan
2024-03-06 14:28:03,971 - mmcls - INFO - Epoch [125][200/272]	lr: 1.000e-03, eta: 0:16:55, time: 0.056, data_time: 0.003, memory: 2525, loss: nan
2024-03-06 14:28:09,123 - mmcls - INFO - Epoch(val) [125][34]	accuracy_top-1: 0.0000, accuracy_top-5: 0.0000
2024-03-06 14:28:17,007 - mmcls - INFO - Epoch [126][100/272]	lr: 1.000e-03, eta: 0:16:46, time: 0.078, data_time: 0.025, memory: 2525, loss: nan
2024-03-06 14:28:22,673 - mmcls - INFO - Epoch [126][200/272]	lr: 1.000e-03, eta: 0:16:41, time: 0.057, data_time: 0.003, memory: 2525, loss: nan
2024-03-06 14:28:27,975 - mmcls - INFO - Epoch(val) [126][34]	accuracy_top-1: 0.0000, accuracy_top-5: 0.0000
2024-03-06 14:28:35,851 - mmcls - INFO - Epoch [127][100/272]	lr: 1.000e-03, eta: 0:16:33, time: 0.078, data_time: 0.025, memory: 2525, loss: nan
2024-03-06 14:28:41,446 - mmcls - INFO - Epoch [127][200/272]	lr: 1.000e-03, eta: 0:16:28, time: 0.056, data_time: 0.003, memory: 2525, loss: nan
2024-03-06 14:28:46,533 - mmcls - INFO - Epoch(val) [127][34]	accuracy_top-1: 0.0000, accuracy_top-5: 0.0000
2024-03-06 14:28:54,385 - mmcls - INFO - Epoch [128][100/272]	lr: 1.000e-03, eta: 0:16:19, time: 0.078, data_time: 0.026, memory: 2525, loss: nan
2024-03-06 14:28:59,987 - mmcls - INFO - Epoch [128][200/272]	lr: 1.000e-03, eta: 0:16:14, time: 0.056, data_time: 0.004, memory: 2525, loss: nan
2024-03-06 14:29:05,308 - mmcls - INFO - Epoch(val) [128][34]	accuracy_top-1: 0.0000, accuracy_top-5: 0.0000
2024-03-06 14:29:13,165 - mmcls - INFO - Epoch [129][100/272]	lr: 1.000e-03, eta: 0:16:05, time: 0.078, data_time: 0.025, memory: 2525, loss: nan
2024-03-06 14:29:18,814 - mmcls - INFO - Epoch [129][200/272]	lr: 1.000e-03, eta: 0:16:01, time: 0.056, data_time: 0.004, memory: 2525, loss: nan
2024-03-06 14:29:24,091 - mmcls - INFO - Epoch(val) [129][34]	accuracy_top-1: 0.0000, accuracy_top-5: 0.0000
2024-03-06 14:29:31,961 - mmcls - INFO - Epoch [130][100/272]	lr: 1.000e-03, eta: 0:15:52, time: 0.078, data_time: 0.025, memory: 2525, loss: nan
2024-03-06 14:29:37,611 - mmcls - INFO - Epoch [130][200/272]	lr: 1.000e-03, eta: 0:15:47, time: 0.056, data_time: 0.003, memory: 2525, loss: nan
2024-03-06 14:29:42,863 - mmcls - INFO - Epoch(val) [130][34]	accuracy_top-1: 0.0000, accuracy_top-5: 0.0000
2024-03-06 14:29:50,697 - mmcls - INFO - Epoch [131][100/272]	lr: 1.000e-03, eta: 0:15:38, time: 0.078, data_time: 0.025, memory: 2525, loss: nan
2024-03-06 14:29:56,291 - mmcls - INFO - Epoch [131][200/272]	lr: 1.000e-03, eta: 0:15:34, time: 0.056, data_time: 0.004, memory: 2525, loss: nan
2024-03-06 14:30:01,568 - mmcls - INFO - Epoch(val) [131][34]	accuracy_top-1: 0.0000, accuracy_top-5: 0.0000
2024-03-06 14:30:09,420 - mmcls - INFO - Epoch [132][100/272]	lr: 1.000e-03, eta: 0:15:25, time: 0.078, data_time: 0.025, memory: 2525, loss: nan
2024-03-06 14:30:15,070 - mmcls - INFO - Epoch [132][200/272]	lr: 1.000e-03, eta: 0:15:20, time: 0.056, data_time: 0.003, memory: 2525, loss: nan
2024-03-06 14:30:20,356 - mmcls - INFO - Epoch(val) [132][34]	accuracy_top-1: 0.0000, accuracy_top-5: 0.0000
2024-03-06 14:30:28,208 - mmcls - INFO - Epoch [133][100/272]	lr: 1.000e-03, eta: 0:15:11, time: 0.078, data_time: 0.025, memory: 2525, loss: nan
2024-03-06 14:30:33,862 - mmcls - INFO - Epoch [133][200/272]	lr: 1.000e-03, eta: 0:15:07, time: 0.057, data_time: 0.003, memory: 2525, loss: nan
2024-03-06 14:30:39,150 - mmcls - INFO - Epoch(val) [133][34]	accuracy_top-1: 0.0000, accuracy_top-5: 0.0000
2024-03-06 14:30:47,078 - mmcls - INFO - Epoch [134][100/272]	lr: 1.000e-03, eta: 0:14:58, time: 0.079, data_time: 0.025, memory: 2525, loss: nan
2024-03-06 14:30:52,716 - mmcls - INFO - Epoch [134][200/272]	lr: 1.000e-03, eta: 0:14:53, time: 0.056, data_time: 0.003, memory: 2525, loss: nan
2024-03-06 14:30:57,960 - mmcls - INFO - Epoch(val) [134][34]	accuracy_top-1: 0.0000, accuracy_top-5: 0.0000
2024-03-06 14:31:05,813 - mmcls - INFO - Epoch [135][100/272]	lr: 1.000e-03, eta: 0:14:45, time: 0.078, data_time: 0.025, memory: 2525, loss: nan
2024-03-06 14:31:11,435 - mmcls - INFO - Epoch [135][200/272]	lr: 1.000e-03, eta: 0:14:40, time: 0.056, data_time: 0.003, memory: 2525, loss: nan
2024-03-06 14:31:16,752 - mmcls - INFO - Epoch(val) [135][34]	accuracy_top-1: 0.0000, accuracy_top-5: 0.0000
2024-03-06 14:31:24,675 - mmcls - INFO - Epoch [136][100/272]	lr: 1.000e-03, eta: 0:14:31, time: 0.079, data_time: 0.026, memory: 2525, loss: nan
2024-03-06 14:31:30,303 - mmcls - INFO - Epoch [136][200/272]	lr: 1.000e-03, eta: 0:14:26, time: 0.056, data_time: 0.003, memory: 2525, loss: nan
2024-03-06 14:31:35,608 - mmcls - INFO - Epoch(val) [136][34]	accuracy_top-1: 0.0000, accuracy_top-5: 0.0000
2024-03-06 14:31:43,498 - mmcls - INFO - Epoch [137][100/272]	lr: 1.000e-03, eta: 0:14:18, time: 0.079, data_time: 0.026, memory: 2525, loss: nan
2024-03-06 14:31:49,150 - mmcls - INFO - Epoch [137][200/272]	lr: 1.000e-03, eta: 0:14:13, time: 0.056, data_time: 0.004, memory: 2525, loss: nan
2024-03-06 14:31:54,564 - mmcls - INFO - Epoch(val) [137][34]	accuracy_top-1: 0.0000, accuracy_top-5: 0.0000
2024-03-06 14:32:02,454 - mmcls - INFO - Epoch [138][100/272]	lr: 1.000e-03, eta: 0:14:04, time: 0.078, data_time: 0.024, memory: 2525, loss: nan
2024-03-06 14:32:08,109 - mmcls - INFO - Epoch [138][200/272]	lr: 1.000e-03, eta: 0:13:59, time: 0.057, data_time: 0.003, memory: 2525, loss: nan
2024-03-06 14:32:13,430 - mmcls - INFO - Epoch(val) [138][34]	accuracy_top-1: 0.0000, accuracy_top-5: 0.0000
2024-03-06 14:32:21,394 - mmcls - INFO - Epoch [139][100/272]	lr: 1.000e-03, eta: 0:13:51, time: 0.079, data_time: 0.026, memory: 2525, loss: nan
2024-03-06 14:32:27,041 - mmcls - INFO - Epoch [139][200/272]	lr: 1.000e-03, eta: 0:13:46, time: 0.056, data_time: 0.004, memory: 2525, loss: nan
2024-03-06 14:32:32,470 - mmcls - INFO - Epoch(val) [139][34]	accuracy_top-1: 0.0000, accuracy_top-5: 0.0000
2024-03-06 14:32:40,300 - mmcls - INFO - Epoch [140][100/272]	lr: 1.000e-03, eta: 0:13:37, time: 0.078, data_time: 0.024, memory: 2525, loss: nan
2024-03-06 14:32:45,961 - mmcls - INFO - Epoch [140][200/272]	lr: 1.000e-03, eta: 0:13:32, time: 0.057, data_time: 0.003, memory: 2525, loss: nan
2024-03-06 14:32:51,152 - mmcls - INFO - Epoch(val) [140][34]	accuracy_top-1: 0.0000, accuracy_top-5: 0.0000
2024-03-06 14:32:58,979 - mmcls - INFO - Epoch [141][100/272]	lr: 1.000e-03, eta: 0:13:24, time: 0.078, data_time: 0.025, memory: 2525, loss: nan
2024-03-06 14:33:04,650 - mmcls - INFO - Epoch [141][200/272]	lr: 1.000e-03, eta: 0:13:19, time: 0.057, data_time: 0.003, memory: 2525, loss: nan
2024-03-06 14:33:09,980 - mmcls - INFO - Epoch(val) [141][34]	accuracy_top-1: 0.0000, accuracy_top-5: 0.0000
2024-03-06 14:33:17,780 - mmcls - INFO - Epoch [142][100/272]	lr: 1.000e-03, eta: 0:13:10, time: 0.078, data_time: 0.025, memory: 2525, loss: nan
2024-03-06 14:33:23,404 - mmcls - INFO - Epoch [142][200/272]	lr: 1.000e-03, eta: 0:13:05, time: 0.056, data_time: 0.003, memory: 2525, loss: nan
2024-03-06 14:33:28,800 - mmcls - INFO - Epoch(val) [142][34]	accuracy_top-1: 0.0000, accuracy_top-5: 0.0000
2024-03-06 14:33:36,701 - mmcls - INFO - Epoch [143][100/272]	lr: 1.000e-03, eta: 0:12:57, time: 0.079, data_time: 0.025, memory: 2525, loss: nan
2024-03-06 14:33:42,357 - mmcls - INFO - Epoch [143][200/272]	lr: 1.000e-03, eta: 0:12:52, time: 0.057, data_time: 0.003, memory: 2525, loss: nan
2024-03-06 14:33:47,752 - mmcls - INFO - Epoch(val) [143][34]	accuracy_top-1: 0.0000, accuracy_top-5: 0.0000
2024-03-06 14:33:55,577 - mmcls - INFO - Epoch [144][100/272]	lr: 1.000e-03, eta: 0:12:43, time: 0.078, data_time: 0.026, memory: 2525, loss: nan
2024-03-06 14:34:01,251 - mmcls - INFO - Epoch [144][200/272]	lr: 1.000e-03, eta: 0:12:38, time: 0.057, data_time: 0.003, memory: 2525, loss: nan
2024-03-06 14:34:06,628 - mmcls - INFO - Epoch(val) [144][34]	accuracy_top-1: 0.0000, accuracy_top-5: 0.0000
2024-03-06 14:34:14,493 - mmcls - INFO - Epoch [145][100/272]	lr: 1.000e-03, eta: 0:12:30, time: 0.078, data_time: 0.026, memory: 2525, loss: nan
2024-03-06 14:34:20,098 - mmcls - INFO - Epoch [145][200/272]	lr: 1.000e-03, eta: 0:12:25, time: 0.056, data_time: 0.003, memory: 2525, loss: nan
2024-03-06 14:34:25,421 - mmcls - INFO - Epoch(val) [145][34]	accuracy_top-1: 0.0000, accuracy_top-5: 0.0000
2024-03-06 14:34:33,319 - mmcls - INFO - Epoch [146][100/272]	lr: 1.000e-03, eta: 0:12:16, time: 0.079, data_time: 0.024, memory: 2525, loss: nan
2024-03-06 14:34:38,952 - mmcls - INFO - Epoch [146][200/272]	lr: 1.000e-03, eta: 0:12:11, time: 0.056, data_time: 0.003, memory: 2525, loss: nan
2024-03-06 14:34:44,222 - mmcls - INFO - Epoch(val) [146][34]	accuracy_top-1: 0.0000, accuracy_top-5: 0.0000
2024-03-06 14:34:52,101 - mmcls - INFO - Epoch [147][100/272]	lr: 1.000e-03, eta: 0:12:03, time: 0.078, data_time: 0.025, memory: 2525, loss: nan
2024-03-06 14:34:57,721 - mmcls - INFO - Epoch [147][200/272]	lr: 1.000e-03, eta: 0:11:58, time: 0.056, data_time: 0.003, memory: 2525, loss: nan
2024-03-06 14:35:03,036 - mmcls - INFO - Epoch(val) [147][34]	accuracy_top-1: 0.0000, accuracy_top-5: 0.0000
2024-03-06 14:35:10,852 - mmcls - INFO - Epoch [148][100/272]	lr: 1.000e-03, eta: 0:11:49, time: 0.078, data_time: 0.024, memory: 2525, loss: nan
2024-03-06 14:35:16,484 - mmcls - INFO - Epoch [148][200/272]	lr: 1.000e-03, eta: 0:11:44, time: 0.056, data_time: 0.003, memory: 2525, loss: nan
2024-03-06 14:35:21,682 - mmcls - INFO - Epoch(val) [148][34]	accuracy_top-1: 0.0000, accuracy_top-5: 0.0000
2024-03-06 14:35:29,613 - mmcls - INFO - Epoch [149][100/272]	lr: 1.000e-03, eta: 0:11:36, time: 0.079, data_time: 0.026, memory: 2525, loss: nan
2024-03-06 14:35:35,218 - mmcls - INFO - Epoch [149][200/272]	lr: 1.000e-03, eta: 0:11:31, time: 0.056, data_time: 0.003, memory: 2525, loss: nan
2024-03-06 14:35:40,597 - mmcls - INFO - Epoch(val) [149][34]	accuracy_top-1: 0.0000, accuracy_top-5: 0.0000
2024-03-06 14:35:48,473 - mmcls - INFO - Epoch [150][100/272]	lr: 1.000e-03, eta: 0:11:22, time: 0.078, data_time: 0.025, memory: 2525, loss: nan
2024-03-06 14:35:54,071 - mmcls - INFO - Epoch [150][200/272]	lr: 1.000e-03, eta: 0:11:17, time: 0.056, data_time: 0.003, memory: 2525, loss: nan
2024-03-06 14:35:59,335 - mmcls - INFO - Epoch(val) [150][34]	accuracy_top-1: 0.0000, accuracy_top-5: 0.0000
2024-03-06 14:36:07,217 - mmcls - INFO - Epoch [151][100/272]	lr: 1.000e-04, eta: 0:11:09, time: 0.078, data_time: 0.026, memory: 2525, loss: nan
2024-03-06 14:36:12,834 - mmcls - INFO - Epoch [151][200/272]	lr: 1.000e-04, eta: 0:11:04, time: 0.056, data_time: 0.004, memory: 2525, loss: nan
2024-03-06 14:36:17,951 - mmcls - INFO - Epoch(val) [151][34]	accuracy_top-1: 0.0000, accuracy_top-5: 0.0000
2024-03-06 14:36:25,889 - mmcls - INFO - Epoch [152][100/272]	lr: 1.000e-04, eta: 0:10:55, time: 0.079, data_time: 0.025, memory: 2525, loss: nan
2024-03-06 14:36:31,529 - mmcls - INFO - Epoch [152][200/272]	lr: 1.000e-04, eta: 0:10:50, time: 0.056, data_time: 0.003, memory: 2525, loss: nan
2024-03-06 14:36:36,719 - mmcls - INFO - Epoch(val) [152][34]	accuracy_top-1: 0.0000, accuracy_top-5: 0.0000
2024-03-06 14:36:44,520 - mmcls - INFO - Epoch [153][100/272]	lr: 1.000e-04, eta: 0:10:42, time: 0.078, data_time: 0.025, memory: 2525, loss: nan
2024-03-06 14:36:50,123 - mmcls - INFO - Epoch [153][200/272]	lr: 1.000e-04, eta: 0:10:37, time: 0.056, data_time: 0.004, memory: 2525, loss: nan
2024-03-06 14:36:55,342 - mmcls - INFO - Epoch(val) [153][34]	accuracy_top-1: 0.0000, accuracy_top-5: 0.0000
2024-03-06 14:37:03,209 - mmcls - INFO - Epoch [154][100/272]	lr: 1.000e-04, eta: 0:10:28, time: 0.078, data_time: 0.025, memory: 2525, loss: nan
2024-03-06 14:37:08,854 - mmcls - INFO - Epoch [154][200/272]	lr: 1.000e-04, eta: 0:10:23, time: 0.056, data_time: 0.003, memory: 2525, loss: nan
2024-03-06 14:37:14,096 - mmcls - INFO - Epoch(val) [154][34]	accuracy_top-1: 0.0000, accuracy_top-5: 0.0000
2024-03-06 14:37:21,960 - mmcls - INFO - Epoch [155][100/272]	lr: 1.000e-04, eta: 0:10:15, time: 0.078, data_time: 0.025, memory: 2525, loss: nan
2024-03-06 14:37:27,607 - mmcls - INFO - Epoch [155][200/272]	lr: 1.000e-04, eta: 0:10:10, time: 0.056, data_time: 0.003, memory: 2525, loss: nan
2024-03-06 14:37:32,937 - mmcls - INFO - Epoch(val) [155][34]	accuracy_top-1: 0.0000, accuracy_top-5: 0.0000
2024-03-06 14:37:40,816 - mmcls - INFO - Epoch [156][100/272]	lr: 1.000e-04, eta: 0:10:01, time: 0.078, data_time: 0.025, memory: 2525, loss: nan
2024-03-06 14:37:46,436 - mmcls - INFO - Epoch [156][200/272]	lr: 1.000e-04, eta: 0:09:56, time: 0.056, data_time: 0.003, memory: 2525, loss: nan
2024-03-06 14:37:51,569 - mmcls - INFO - Epoch(val) [156][34]	accuracy_top-1: 0.0000, accuracy_top-5: 0.0000
2024-03-06 14:37:59,471 - mmcls - INFO - Epoch [157][100/272]	lr: 1.000e-04, eta: 0:09:48, time: 0.079, data_time: 0.025, memory: 2525, loss: nan
2024-03-06 14:38:05,114 - mmcls - INFO - Epoch [157][200/272]	lr: 1.000e-04, eta: 0:09:43, time: 0.056, data_time: 0.004, memory: 2525, loss: nan
2024-03-06 14:38:10,434 - mmcls - INFO - Epoch(val) [157][34]	accuracy_top-1: 0.0000, accuracy_top-5: 0.0000
2024-03-06 14:38:18,303 - mmcls - INFO - Epoch [158][100/272]	lr: 1.000e-04, eta: 0:09:34, time: 0.078, data_time: 0.026, memory: 2525, loss: nan
2024-03-06 14:38:23,946 - mmcls - INFO - Epoch [158][200/272]	lr: 1.000e-04, eta: 0:09:30, time: 0.056, data_time: 0.004, memory: 2525, loss: nan
2024-03-06 14:38:29,339 - mmcls - INFO - Epoch(val) [158][34]	accuracy_top-1: 0.0000, accuracy_top-5: 0.0000
2024-03-06 14:38:37,208 - mmcls - INFO - Epoch [159][100/272]	lr: 1.000e-04, eta: 0:09:21, time: 0.078, data_time: 0.025, memory: 2525, loss: nan
2024-03-06 14:38:42,821 - mmcls - INFO - Epoch [159][200/272]	lr: 1.000e-04, eta: 0:09:16, time: 0.056, data_time: 0.004, memory: 2525, loss: nan
2024-03-06 14:38:48,183 - mmcls - INFO - Epoch(val) [159][34]	accuracy_top-1: 0.0000, accuracy_top-5: 0.0000
2024-03-06 14:38:56,059 - mmcls - INFO - Epoch [160][100/272]	lr: 1.000e-04, eta: 0:09:07, time: 0.078, data_time: 0.025, memory: 2525, loss: nan
2024-03-06 14:39:01,700 - mmcls - INFO - Epoch [160][200/272]	lr: 1.000e-04, eta: 0:09:03, time: 0.056, data_time: 0.004, memory: 2525, loss: nan
2024-03-06 14:39:06,956 - mmcls - INFO - Epoch(val) [160][34]	accuracy_top-1: 0.0000, accuracy_top-5: 0.0000
2024-03-06 14:39:14,752 - mmcls - INFO - Epoch [161][100/272]	lr: 1.000e-04, eta: 0:08:54, time: 0.078, data_time: 0.025, memory: 2525, loss: nan
2024-03-06 14:39:20,395 - mmcls - INFO - Epoch [161][200/272]	lr: 1.000e-04, eta: 0:08:49, time: 0.056, data_time: 0.003, memory: 2525, loss: nan
2024-03-06 14:39:25,690 - mmcls - INFO - Epoch(val) [161][34]	accuracy_top-1: 0.0000, accuracy_top-5: 0.0000
2024-03-06 14:39:33,506 - mmcls - INFO - Epoch [162][100/272]	lr: 1.000e-04, eta: 0:08:40, time: 0.078, data_time: 0.025, memory: 2525, loss: nan
2024-03-06 14:39:39,137 - mmcls - INFO - Epoch [162][200/272]	lr: 1.000e-04, eta: 0:08:36, time: 0.056, data_time: 0.004, memory: 2525, loss: nan
2024-03-06 14:39:44,264 - mmcls - INFO - Epoch(val) [162][34]	accuracy_top-1: 0.0000, accuracy_top-5: 0.0000
2024-03-06 14:39:52,153 - mmcls - INFO - Epoch [163][100/272]	lr: 1.000e-04, eta: 0:08:27, time: 0.079, data_time: 0.025, memory: 2525, loss: nan
2024-03-06 14:39:57,793 - mmcls - INFO - Epoch [163][200/272]	lr: 1.000e-04, eta: 0:08:22, time: 0.056, data_time: 0.003, memory: 2525, loss: nan
2024-03-06 14:40:03,083 - mmcls - INFO - Epoch(val) [163][34]	accuracy_top-1: 0.0000, accuracy_top-5: 0.0000
2024-03-06 14:40:10,960 - mmcls - INFO - Epoch [164][100/272]	lr: 1.000e-04, eta: 0:08:13, time: 0.078, data_time: 0.025, memory: 2525, loss: nan
2024-03-06 14:40:16,542 - mmcls - INFO - Epoch [164][200/272]	lr: 1.000e-04, eta: 0:08:09, time: 0.056, data_time: 0.003, memory: 2525, loss: nan
2024-03-06 14:40:21,722 - mmcls - INFO - Epoch(val) [164][34]	accuracy_top-1: 0.0000, accuracy_top-5: 0.0000
2024-03-06 14:40:29,550 - mmcls - INFO - Epoch [165][100/272]	lr: 1.000e-04, eta: 0:08:00, time: 0.078, data_time: 0.025, memory: 2525, loss: nan
2024-03-06 14:40:35,143 - mmcls - INFO - Epoch [165][200/272]	lr: 1.000e-04, eta: 0:07:55, time: 0.056, data_time: 0.003, memory: 2525, loss: nan
2024-03-06 14:40:40,503 - mmcls - INFO - Epoch(val) [165][34]	accuracy_top-1: 0.0000, accuracy_top-5: 0.0000
2024-03-06 14:40:48,428 - mmcls - INFO - Epoch [166][100/272]	lr: 1.000e-04, eta: 0:07:46, time: 0.079, data_time: 0.024, memory: 2525, loss: nan
2024-03-06 14:40:54,070 - mmcls - INFO - Epoch [166][200/272]	lr: 1.000e-04, eta: 0:07:42, time: 0.056, data_time: 0.003, memory: 2525, loss: nan
2024-03-06 14:40:59,390 - mmcls - INFO - Epoch(val) [166][34]	accuracy_top-1: 0.0000, accuracy_top-5: 0.0000
2024-03-06 14:41:07,204 - mmcls - INFO - Epoch [167][100/272]	lr: 1.000e-04, eta: 0:07:33, time: 0.078, data_time: 0.025, memory: 2525, loss: nan
2024-03-06 14:41:12,803 - mmcls - INFO - Epoch [167][200/272]	lr: 1.000e-04, eta: 0:07:28, time: 0.056, data_time: 0.003, memory: 2525, loss: nan
2024-03-06 14:41:17,928 - mmcls - INFO - Epoch(val) [167][34]	accuracy_top-1: 0.0000, accuracy_top-5: 0.0000
2024-03-06 14:41:25,884 - mmcls - INFO - Epoch [168][100/272]	lr: 1.000e-04, eta: 0:07:19, time: 0.079, data_time: 0.025, memory: 2525, loss: nan
2024-03-06 14:41:31,524 - mmcls - INFO - Epoch [168][200/272]	lr: 1.000e-04, eta: 0:07:15, time: 0.056, data_time: 0.004, memory: 2525, loss: nan
2024-03-06 14:41:36,887 - mmcls - INFO - Epoch(val) [168][34]	accuracy_top-1: 0.0000, accuracy_top-5: 0.0000
2024-03-06 14:41:44,800 - mmcls - INFO - Epoch [169][100/272]	lr: 1.000e-04, eta: 0:07:06, time: 0.079, data_time: 0.025, memory: 2525, loss: nan
2024-03-06 14:41:50,438 - mmcls - INFO - Epoch [169][200/272]	lr: 1.000e-04, eta: 0:07:01, time: 0.056, data_time: 0.003, memory: 2525, loss: nan
2024-03-06 14:41:55,770 - mmcls - INFO - Epoch(val) [169][34]	accuracy_top-1: 0.0000, accuracy_top-5: 0.0000
2024-03-06 14:42:03,690 - mmcls - INFO - Epoch [170][100/272]	lr: 1.000e-04, eta: 0:06:52, time: 0.079, data_time: 0.026, memory: 2525, loss: nan
2024-03-06 14:42:09,292 - mmcls - INFO - Epoch [170][200/272]	lr: 1.000e-04, eta: 0:06:48, time: 0.056, data_time: 0.004, memory: 2525, loss: nan
2024-03-06 14:42:14,398 - mmcls - INFO - Epoch(val) [170][34]	accuracy_top-1: 0.0000, accuracy_top-5: 0.0000
2024-03-06 14:42:22,251 - mmcls - INFO - Epoch [171][100/272]	lr: 1.000e-04, eta: 0:06:39, time: 0.078, data_time: 0.025, memory: 2525, loss: nan
2024-03-06 14:42:27,891 - mmcls - INFO - Epoch [171][200/272]	lr: 1.000e-04, eta: 0:06:34, time: 0.056, data_time: 0.003, memory: 2525, loss: nan
2024-03-06 14:42:33,136 - mmcls - INFO - Epoch(val) [171][34]	accuracy_top-1: 0.0000, accuracy_top-5: 0.0000
2024-03-06 14:42:40,959 - mmcls - INFO - Epoch [172][100/272]	lr: 1.000e-04, eta: 0:06:25, time: 0.078, data_time: 0.025, memory: 2525, loss: nan
2024-03-06 14:42:46,602 - mmcls - INFO - Epoch [172][200/272]	lr: 1.000e-04, eta: 0:06:21, time: 0.056, data_time: 0.003, memory: 2525, loss: nan
2024-03-06 14:42:51,977 - mmcls - INFO - Epoch(val) [172][34]	accuracy_top-1: 0.0000, accuracy_top-5: 0.0000
2024-03-06 14:42:59,773 - mmcls - INFO - Epoch [173][100/272]	lr: 1.000e-04, eta: 0:06:12, time: 0.078, data_time: 0.025, memory: 2525, loss: nan
2024-03-06 14:43:05,354 - mmcls - INFO - Epoch [173][200/272]	lr: 1.000e-04, eta: 0:06:07, time: 0.056, data_time: 0.003, memory: 2525, loss: nan
2024-03-06 14:43:10,667 - mmcls - INFO - Epoch(val) [173][34]	accuracy_top-1: 0.0000, accuracy_top-5: 0.0000
2024-03-06 14:43:18,503 - mmcls - INFO - Epoch [174][100/272]	lr: 1.000e-04, eta: 0:05:58, time: 0.078, data_time: 0.025, memory: 2525, loss: nan
2024-03-06 14:43:24,133 - mmcls - INFO - Epoch [174][200/272]	lr: 1.000e-04, eta: 0:05:54, time: 0.056, data_time: 0.003, memory: 2525, loss: nan
2024-03-06 14:43:29,447 - mmcls - INFO - Epoch(val) [174][34]	accuracy_top-1: 0.0000, accuracy_top-5: 0.0000
2024-03-06 14:43:37,345 - mmcls - INFO - Epoch [175][100/272]	lr: 1.000e-04, eta: 0:05:45, time: 0.079, data_time: 0.024, memory: 2525, loss: nan
2024-03-06 14:43:42,940 - mmcls - INFO - Epoch [175][200/272]	lr: 1.000e-04, eta: 0:05:40, time: 0.056, data_time: 0.003, memory: 2525, loss: nan
2024-03-06 14:43:48,263 - mmcls - INFO - Epoch(val) [175][34]	accuracy_top-1: 0.0000, accuracy_top-5: 0.0000
2024-03-06 14:43:56,067 - mmcls - INFO - Epoch [176][100/272]	lr: 1.000e-04, eta: 0:05:32, time: 0.078, data_time: 0.024, memory: 2525, loss: nan
2024-03-06 14:44:01,676 - mmcls - INFO - Epoch [176][200/272]	lr: 1.000e-04, eta: 0:05:27, time: 0.056, data_time: 0.002, memory: 2525, loss: nan
2024-03-06 14:44:06,887 - mmcls - INFO - Epoch(val) [176][34]	accuracy_top-1: 0.0000, accuracy_top-5: 0.0000
2024-03-06 14:44:14,733 - mmcls - INFO - Epoch [177][100/272]	lr: 1.000e-04, eta: 0:05:18, time: 0.078, data_time: 0.025, memory: 2525, loss: nan
2024-03-06 14:44:20,340 - mmcls - INFO - Epoch [177][200/272]	lr: 1.000e-04, eta: 0:05:13, time: 0.056, data_time: 0.003, memory: 2525, loss: nan
2024-03-06 14:44:25,582 - mmcls - INFO - Epoch(val) [177][34]	accuracy_top-1: 0.0000, accuracy_top-5: 0.0000
2024-03-06 14:44:33,443 - mmcls - INFO - Epoch [178][100/272]	lr: 1.000e-04, eta: 0:05:05, time: 0.078, data_time: 0.025, memory: 2525, loss: nan
2024-03-06 14:44:39,052 - mmcls - INFO - Epoch [178][200/272]	lr: 1.000e-04, eta: 0:05:00, time: 0.056, data_time: 0.003, memory: 2525, loss: nan
2024-03-06 14:44:44,311 - mmcls - INFO - Epoch(val) [178][34]	accuracy_top-1: 0.0000, accuracy_top-5: 0.0000
2024-03-06 14:44:52,069 - mmcls - INFO - Epoch [179][100/272]	lr: 1.000e-04, eta: 0:04:51, time: 0.077, data_time: 0.024, memory: 2525, loss: nan
2024-03-06 14:44:57,640 - mmcls - INFO - Epoch [179][200/272]	lr: 1.000e-04, eta: 0:04:46, time: 0.056, data_time: 0.003, memory: 2525, loss: nan
2024-03-06 14:45:02,767 - mmcls - INFO - Epoch(val) [179][34]	accuracy_top-1: 0.0000, accuracy_top-5: 0.0000
2024-03-06 14:45:10,624 - mmcls - INFO - Epoch [180][100/272]	lr: 1.000e-04, eta: 0:04:38, time: 0.078, data_time: 0.025, memory: 2525, loss: nan
2024-03-06 14:45:16,236 - mmcls - INFO - Epoch [180][200/272]	lr: 1.000e-04, eta: 0:04:33, time: 0.056, data_time: 0.002, memory: 2525, loss: nan
2024-03-06 14:45:21,509 - mmcls - INFO - Epoch(val) [180][34]	accuracy_top-1: 0.0000, accuracy_top-5: 0.0000
2024-03-06 14:45:29,355 - mmcls - INFO - Epoch [181][100/272]	lr: 1.000e-04, eta: 0:04:24, time: 0.078, data_time: 0.025, memory: 2525, loss: nan
2024-03-06 14:45:34,908 - mmcls - INFO - Epoch [181][200/272]	lr: 1.000e-04, eta: 0:04:19, time: 0.055, data_time: 0.003, memory: 2525, loss: nan
2024-03-06 14:45:40,053 - mmcls - INFO - Epoch(val) [181][34]	accuracy_top-1: 0.0000, accuracy_top-5: 0.0000
2024-03-06 14:45:47,824 - mmcls - INFO - Epoch [182][100/272]	lr: 1.000e-04, eta: 0:04:11, time: 0.077, data_time: 0.024, memory: 2525, loss: nan
2024-03-06 14:45:53,440 - mmcls - INFO - Epoch [182][200/272]	lr: 1.000e-04, eta: 0:04:06, time: 0.056, data_time: 0.004, memory: 2525, loss: nan
2024-03-06 14:45:58,759 - mmcls - INFO - Epoch(val) [182][34]	accuracy_top-1: 0.0000, accuracy_top-5: 0.0000
2024-03-06 14:46:06,628 - mmcls - INFO - Epoch [183][100/272]	lr: 1.000e-04, eta: 0:03:57, time: 0.078, data_time: 0.025, memory: 2525, loss: nan
2024-03-06 14:46:12,232 - mmcls - INFO - Epoch [183][200/272]	lr: 1.000e-04, eta: 0:03:52, time: 0.056, data_time: 0.004, memory: 2525, loss: nan
2024-03-06 14:46:17,472 - mmcls - INFO - Epoch(val) [183][34]	accuracy_top-1: 0.0000, accuracy_top-5: 0.0000
2024-03-06 14:46:25,295 - mmcls - INFO - Epoch [184][100/272]	lr: 1.000e-04, eta: 0:03:44, time: 0.078, data_time: 0.025, memory: 2525, loss: nan
2024-03-06 14:46:30,861 - mmcls - INFO - Epoch [184][200/272]	lr: 1.000e-04, eta: 0:03:39, time: 0.056, data_time: 0.003, memory: 2525, loss: nan
2024-03-06 14:46:36,144 - mmcls - INFO - Epoch(val) [184][34]	accuracy_top-1: 0.0000, accuracy_top-5: 0.0000
2024-03-06 14:46:43,943 - mmcls - INFO - Epoch [185][100/272]	lr: 1.000e-04, eta: 0:03:30, time: 0.078, data_time: 0.025, memory: 2525, loss: nan
2024-03-06 14:46:49,484 - mmcls - INFO - Epoch [185][200/272]	lr: 1.000e-04, eta: 0:03:25, time: 0.055, data_time: 0.003, memory: 2525, loss: nan
2024-03-06 14:46:54,746 - mmcls - INFO - Epoch(val) [185][34]	accuracy_top-1: 0.0000, accuracy_top-5: 0.0000
2024-03-06 14:47:02,596 - mmcls - INFO - Epoch [186][100/272]	lr: 1.000e-04, eta: 0:03:17, time: 0.078, data_time: 0.024, memory: 2525, loss: nan
2024-03-06 14:47:08,209 - mmcls - INFO - Epoch [186][200/272]	lr: 1.000e-04, eta: 0:03:12, time: 0.056, data_time: 0.002, memory: 2525, loss: nan
2024-03-06 14:47:13,526 - mmcls - INFO - Epoch(val) [186][34]	accuracy_top-1: 0.0000, accuracy_top-5: 0.0000
2024-03-06 14:47:21,457 - mmcls - INFO - Epoch [187][100/272]	lr: 1.000e-04, eta: 0:03:03, time: 0.079, data_time: 0.025, memory: 2525, loss: nan
2024-03-06 14:47:27,102 - mmcls - INFO - Epoch [187][200/272]	lr: 1.000e-04, eta: 0:02:58, time: 0.056, data_time: 0.004, memory: 2525, loss: nan
2024-03-06 14:47:32,346 - mmcls - INFO - Epoch(val) [187][34]	accuracy_top-1: 0.0000, accuracy_top-5: 0.0000
2024-03-06 14:47:40,196 - mmcls - INFO - Epoch [188][100/272]	lr: 1.000e-04, eta: 0:02:50, time: 0.078, data_time: 0.024, memory: 2525, loss: nan
2024-03-06 14:47:45,812 - mmcls - INFO - Epoch [188][200/272]	lr: 1.000e-04, eta: 0:02:45, time: 0.056, data_time: 0.002, memory: 2525, loss: nan
2024-03-06 14:47:51,079 - mmcls - INFO - Epoch(val) [188][34]	accuracy_top-1: 0.0000, accuracy_top-5: 0.0000
2024-03-06 14:47:58,957 - mmcls - INFO - Epoch [189][100/272]	lr: 1.000e-04, eta: 0:02:36, time: 0.078, data_time: 0.025, memory: 2525, loss: nan
2024-03-06 14:48:04,576 - mmcls - INFO - Epoch [189][200/272]	lr: 1.000e-04, eta: 0:02:31, time: 0.056, data_time: 0.004, memory: 2525, loss: nan
2024-03-06 14:48:09,829 - mmcls - INFO - Epoch(val) [189][34]	accuracy_top-1: 0.0000, accuracy_top-5: 0.0000
2024-03-06 14:48:17,612 - mmcls - INFO - Epoch [190][100/272]	lr: 1.000e-04, eta: 0:02:23, time: 0.077, data_time: 0.024, memory: 2525, loss: nan
2024-03-06 14:48:23,221 - mmcls - INFO - Epoch [190][200/272]	lr: 1.000e-04, eta: 0:02:18, time: 0.056, data_time: 0.002, memory: 2525, loss: nan
2024-03-06 14:48:28,490 - mmcls - INFO - Epoch(val) [190][34]	accuracy_top-1: 0.0000, accuracy_top-5: 0.0000
2024-03-06 14:48:36,379 - mmcls - INFO - Epoch [191][100/272]	lr: 1.000e-04, eta: 0:02:09, time: 0.079, data_time: 0.025, memory: 2525, loss: nan
2024-03-06 14:48:41,992 - mmcls - INFO - Epoch [191][200/272]	lr: 1.000e-04, eta: 0:02:04, time: 0.056, data_time: 0.003, memory: 2525, loss: nan
2024-03-06 14:48:47,127 - mmcls - INFO - Epoch(val) [191][34]	accuracy_top-1: 0.0000, accuracy_top-5: 0.0000
2024-03-06 14:48:54,966 - mmcls - INFO - Epoch [192][100/272]	lr: 1.000e-04, eta: 0:01:56, time: 0.078, data_time: 0.025, memory: 2525, loss: nan
2024-03-06 14:49:00,554 - mmcls - INFO - Epoch [192][200/272]	lr: 1.000e-04, eta: 0:01:51, time: 0.056, data_time: 0.002, memory: 2525, loss: nan
2024-03-06 14:49:05,762 - mmcls - INFO - Epoch(val) [192][34]	accuracy_top-1: 0.0000, accuracy_top-5: 0.0000
2024-03-06 14:49:13,567 - mmcls - INFO - Epoch [193][100/272]	lr: 1.000e-04, eta: 0:01:42, time: 0.078, data_time: 0.025, memory: 2525, loss: nan
2024-03-06 14:49:19,180 - mmcls - INFO - Epoch [193][200/272]	lr: 1.000e-04, eta: 0:01:37, time: 0.056, data_time: 0.003, memory: 2525, loss: nan
2024-03-06 14:49:24,518 - mmcls - INFO - Epoch(val) [193][34]	accuracy_top-1: 0.0000, accuracy_top-5: 0.0000
2024-03-06 14:49:32,351 - mmcls - INFO - Epoch [194][100/272]	lr: 1.000e-04, eta: 0:01:29, time: 0.078, data_time: 0.025, memory: 2525, loss: nan
2024-03-06 14:49:37,913 - mmcls - INFO - Epoch [194][200/272]	lr: 1.000e-04, eta: 0:01:24, time: 0.056, data_time: 0.003, memory: 2525, loss: nan
2024-03-06 14:49:42,989 - mmcls - INFO - Epoch(val) [194][34]	accuracy_top-1: 0.0000, accuracy_top-5: 0.0000
2024-03-06 14:49:50,836 - mmcls - INFO - Epoch [195][100/272]	lr: 1.000e-04, eta: 0:01:15, time: 0.078, data_time: 0.024, memory: 2525, loss: nan
2024-03-06 14:49:56,436 - mmcls - INFO - Epoch [195][200/272]	lr: 1.000e-04, eta: 0:01:10, time: 0.056, data_time: 0.002, memory: 2525, loss: nan
2024-03-06 14:50:01,740 - mmcls - INFO - Epoch(val) [195][34]	accuracy_top-1: 0.0000, accuracy_top-5: 0.0000
2024-03-06 14:50:09,572 - mmcls - INFO - Epoch [196][100/272]	lr: 1.000e-04, eta: 0:01:02, time: 0.078, data_time: 0.024, memory: 2525, loss: nan
2024-03-06 14:50:15,185 - mmcls - INFO - Epoch [196][200/272]	lr: 1.000e-04, eta: 0:00:57, time: 0.056, data_time: 0.003, memory: 2525, loss: nan
2024-03-06 14:50:20,353 - mmcls - INFO - Epoch(val) [196][34]	accuracy_top-1: 0.0000, accuracy_top-5: 0.0000
2024-03-06 14:50:28,206 - mmcls - INFO - Epoch [197][100/272]	lr: 1.000e-04, eta: 0:00:48, time: 0.078, data_time: 0.024, memory: 2525, loss: nan
2024-03-06 14:50:33,810 - mmcls - INFO - Epoch [197][200/272]	lr: 1.000e-04, eta: 0:00:43, time: 0.056, data_time: 0.003, memory: 2525, loss: nan
2024-03-06 14:50:39,142 - mmcls - INFO - Epoch(val) [197][34]	accuracy_top-1: 0.0000, accuracy_top-5: 0.0000
2024-03-06 14:50:46,963 - mmcls - INFO - Epoch [198][100/272]	lr: 1.000e-04, eta: 0:00:35, time: 0.078, data_time: 0.025, memory: 2525, loss: nan
2024-03-06 14:50:52,534 - mmcls - INFO - Epoch [198][200/272]	lr: 1.000e-04, eta: 0:00:30, time: 0.056, data_time: 0.003, memory: 2525, loss: nan
2024-03-06 14:50:57,781 - mmcls - INFO - Epoch(val) [198][34]	accuracy_top-1: 0.0000, accuracy_top-5: 0.0000
2024-03-06 14:51:05,593 - mmcls - INFO - Epoch [199][100/272]	lr: 1.000e-04, eta: 0:00:21, time: 0.078, data_time: 0.025, memory: 2525, loss: nan
2024-03-06 14:51:11,204 - mmcls - INFO - Epoch [199][200/272]	lr: 1.000e-04, eta: 0:00:17, time: 0.056, data_time: 0.003, memory: 2525, loss: nan
2024-03-06 14:51:16,441 - mmcls - INFO - Epoch(val) [199][34]	accuracy_top-1: 0.0000, accuracy_top-5: 0.0000
2024-03-06 14:51:24,219 - mmcls - INFO - Epoch [200][100/272]	lr: 1.000e-04, eta: 0:00:08, time: 0.077, data_time: 0.025, memory: 2525, loss: nan
2024-03-06 14:51:29,778 - mmcls - INFO - Epoch [200][200/272]	lr: 1.000e-04, eta: 0:00:03, time: 0.056, data_time: 0.002, memory: 2525, loss: nan
2024-03-06 14:51:33,827 - mmcls - INFO - Saving checkpoint at 200 epochs
2024-03-06 14:51:41,397 - mmcls - INFO - Epoch(val) [200][34]	accuracy_top-1: 0.0000, accuracy_top-5: 0.0000
