2024-03-04 09:29:18,907 - mmcls - INFO - Environment info:
------------------------------------------------------------
sys.platform: linux
Python: 3.7.16 (default, Jan 17 2023, 22:20:44) [GCC 11.2.0]
CUDA available: True
GPU 0: NVIDIA GeForce RTX 2080 Ti
CUDA_HOME: /usr/local/cuda
NVCC: Cuda compilation tools, release 11.8, V11.8.89
GCC: gcc (Ubuntu 11.4.0-1ubuntu1~22.04) 11.4.0
PyTorch: 1.7.1
PyTorch compiling details: PyTorch built with:
  - GCC 7.3
  - C++ Version: 201402
  - Intel(R) oneAPI Math Kernel Library Version 2021.4-Product Build 20210904 for Intel(R) 64 architecture applications
  - Intel(R) MKL-DNN v1.6.0 (Git Hash 5ef631a030a6f73131c77892041042805a06064f)
  - OpenMP 201511 (a.k.a. OpenMP 4.5)
  - NNPACK is enabled
  - CPU capability usage: AVX2
  - CUDA Runtime 10.1
  - NVCC architecture flags: -gencode;arch=compute_37,code=sm_37;-gencode;arch=compute_50,code=sm_50;-gencode;arch=compute_60,code=sm_60;-gencode;arch=compute_61,code=sm_61;-gencode;arch=compute_70,code=sm_70;-gencode;arch=compute_75,code=sm_75;-gencode;arch=compute_37,code=compute_37
  - CuDNN 7.6.3
  - Magma 2.5.2
  - Build settings: BLAS=MKL, BUILD_TYPE=Release, CXX_FLAGS= -Wno-deprecated -fvisibility-inlines-hidden -DUSE_PTHREADPOOL -fopenmp -DNDEBUG -DUSE_FBGEMM -DUSE_QNNPACK -DUSE_PYTORCH_QNNPACK -DUSE_XNNPACK -DUSE_VULKAN_WRAPPER -O2 -fPIC -Wno-narrowing -Wall -Wextra -Werror=return-type -Wno-missing-field-initializers -Wno-type-limits -Wno-array-bounds -Wno-unknown-pragmas -Wno-sign-compare -Wno-unused-parameter -Wno-unused-variable -Wno-unused-function -Wno-unused-result -Wno-unused-local-typedefs -Wno-strict-overflow -Wno-strict-aliasing -Wno-error=deprecated-declarations -Wno-stringop-overflow -Wno-psabi -Wno-error=pedantic -Wno-error=redundant-decls -Wno-error=old-style-cast -fdiagnostics-color=always -faligned-new -Wno-unused-but-set-variable -Wno-maybe-uninitialized -fno-math-errno -fno-trapping-math -Werror=format -Wno-stringop-overflow, PERF_WITH_AVX=1, PERF_WITH_AVX2=1, PERF_WITH_AVX512=1, USE_CUDA=ON, USE_EXCEPTION_PTR=1, USE_GFLAGS=OFF, USE_GLOG=OFF, USE_MKL=ON, USE_MKLDNN=ON, USE_MPI=OFF, USE_NCCL=ON, USE_NNPACK=ON, USE_OPENMP=ON, 

TorchVision: 0.8.2
OpenCV: 4.9.0
MMCV: 1.5.0
MMCV Compiler: GCC 11.4
MMCV CUDA Compiler: 11.8
MMClassification: 0.15.0+4097996
------------------------------------------------------------

2024-03-04 09:29:18,908 - mmcls - INFO - Distributed training: False
2024-03-04 09:29:19,111 - mmcls - INFO - Config:
model = dict(
    type='ImageClassifier',
    backbone=dict(type='VGG', depth=16, num_classes=17),
    neck=None,
    head=dict(
        type='ClsHead',
        loss=dict(type='CrossEntropyLoss', loss_weight=1.0),
        topk=(1, 5)))
dataset_type = 'Flowers'
img_norm_cfg = dict(
    mean=[123.675, 116.28, 103.53], std=[58.395, 57.12, 57.375], to_rgb=True)
train_pipeline = [
    dict(type='LoadImageFromFile'),
    dict(type='RandomResizedCrop', size=224),
    dict(type='RandomFlip', flip_prob=0.5, direction='horizontal'),
    dict(
        type='Normalize',
        mean=[123.675, 116.28, 103.53],
        std=[58.395, 57.12, 57.375],
        to_rgb=True),
    dict(type='ImageToTensor', keys=['img']),
    dict(type='ToTensor', keys=['gt_label']),
    dict(type='Collect', keys=['img', 'gt_label'])
]
test_pipeline = [
    dict(type='LoadImageFromFile'),
    dict(type='Resize', size=(256, -1)),
    dict(type='CenterCrop', crop_size=224),
    dict(
        type='Normalize',
        mean=[123.675, 116.28, 103.53],
        std=[58.395, 57.12, 57.375],
        to_rgb=True),
    dict(type='ImageToTensor', keys=['img']),
    dict(type='Collect', keys=['img'])
]
data = dict(
    samples_per_gpu=64,
    workers_per_gpu=1,
    train=dict(
        type='Flowers',
        data_prefix='data/flowers/train',
        ann_file='data/flowers/meta/train.txt',
        pipeline=[
            dict(type='LoadImageFromFile'),
            dict(type='RandomResizedCrop', size=224),
            dict(type='RandomFlip', flip_prob=0.5, direction='horizontal'),
            dict(
                type='Normalize',
                mean=[123.675, 116.28, 103.53],
                std=[58.395, 57.12, 57.375],
                to_rgb=True),
            dict(type='ImageToTensor', keys=['img']),
            dict(type='ToTensor', keys=['gt_label']),
            dict(type='Collect', keys=['img', 'gt_label'])
        ]),
    val=dict(
        type='Flowers',
        data_prefix='data/flowers/val',
        ann_file='data/flowers/meta/val.txt',
        pipeline=[
            dict(type='LoadImageFromFile'),
            dict(type='Resize', size=(256, -1)),
            dict(type='CenterCrop', crop_size=224),
            dict(
                type='Normalize',
                mean=[123.675, 116.28, 103.53],
                std=[58.395, 57.12, 57.375],
                to_rgb=True),
            dict(type='ImageToTensor', keys=['img']),
            dict(type='Collect', keys=['img'])
        ]),
    test=dict(
        type='Flowers',
        data_prefix='data/flowers/test',
        ann_file='data/flowers/meta/test.txt',
        pipeline=[
            dict(type='LoadImageFromFile'),
            dict(type='Resize', size=(256, -1)),
            dict(type='CenterCrop', crop_size=224),
            dict(
                type='Normalize',
                mean=[123.675, 116.28, 103.53],
                std=[58.395, 57.12, 57.375],
                to_rgb=True),
            dict(type='ImageToTensor', keys=['img']),
            dict(type='Collect', keys=['img'])
        ]))
evaluation = dict(interval=1, metric='accuracy')
optimizer = dict(type='SGD', lr=0.01, momentum=0.9, weight_decay=0.0001)
optimizer_config = dict(grad_clip=None)
lr_config = dict(policy='step', step=[100, 150])
runner = dict(type='EpochBasedRunner', max_epochs=200)
checkpoint_config = dict(interval=100)
log_config = dict(interval=100, hooks=[dict(type='TextLoggerHook')])
dist_params = dict(backend='nccl')
log_level = 'INFO'
load_from = None
resume_from = None
workflow = [('train', 1)]
work_dir = 'output/vgg16/bs64/lr0.01'
gpu_ids = range(0, 1)

2024-03-04 09:29:21,086 - mmcls - INFO - initialize VGG with init_cfg [{'type': 'Kaiming', 'layer': ['Conv2d']}, {'type': 'Constant', 'val': 1.0, 'layer': ['_BatchNorm']}, {'type': 'Normal', 'std': 0.01, 'layer': ['Linear']}]
Name of parameter - Initialization information

backbone.features.0.conv.weight - torch.Size([64, 3, 3, 3]): 
KaimingInit: a=0, mode=fan_out, nonlinearity=relu, distribution =normal, bias=0 

backbone.features.0.conv.bias - torch.Size([64]): 
The value is the same before and after calling `init_weights` of ImageClassifier  

backbone.features.1.conv.weight - torch.Size([64, 64, 3, 3]): 
KaimingInit: a=0, mode=fan_out, nonlinearity=relu, distribution =normal, bias=0 

backbone.features.1.conv.bias - torch.Size([64]): 
The value is the same before and after calling `init_weights` of ImageClassifier  

backbone.features.3.conv.weight - torch.Size([128, 64, 3, 3]): 
KaimingInit: a=0, mode=fan_out, nonlinearity=relu, distribution =normal, bias=0 

backbone.features.3.conv.bias - torch.Size([128]): 
The value is the same before and after calling `init_weights` of ImageClassifier  

backbone.features.4.conv.weight - torch.Size([128, 128, 3, 3]): 
KaimingInit: a=0, mode=fan_out, nonlinearity=relu, distribution =normal, bias=0 

backbone.features.4.conv.bias - torch.Size([128]): 
The value is the same before and after calling `init_weights` of ImageClassifier  

backbone.features.6.conv.weight - torch.Size([256, 128, 3, 3]): 
KaimingInit: a=0, mode=fan_out, nonlinearity=relu, distribution =normal, bias=0 

backbone.features.6.conv.bias - torch.Size([256]): 
The value is the same before and after calling `init_weights` of ImageClassifier  

backbone.features.7.conv.weight - torch.Size([256, 256, 3, 3]): 
KaimingInit: a=0, mode=fan_out, nonlinearity=relu, distribution =normal, bias=0 

backbone.features.7.conv.bias - torch.Size([256]): 
The value is the same before and after calling `init_weights` of ImageClassifier  

backbone.features.8.conv.weight - torch.Size([256, 256, 3, 3]): 
KaimingInit: a=0, mode=fan_out, nonlinearity=relu, distribution =normal, bias=0 

backbone.features.8.conv.bias - torch.Size([256]): 
The value is the same before and after calling `init_weights` of ImageClassifier  

backbone.features.10.conv.weight - torch.Size([512, 256, 3, 3]): 
KaimingInit: a=0, mode=fan_out, nonlinearity=relu, distribution =normal, bias=0 

backbone.features.10.conv.bias - torch.Size([512]): 
The value is the same before and after calling `init_weights` of ImageClassifier  

backbone.features.11.conv.weight - torch.Size([512, 512, 3, 3]): 
KaimingInit: a=0, mode=fan_out, nonlinearity=relu, distribution =normal, bias=0 

backbone.features.11.conv.bias - torch.Size([512]): 
The value is the same before and after calling `init_weights` of ImageClassifier  

backbone.features.12.conv.weight - torch.Size([512, 512, 3, 3]): 
KaimingInit: a=0, mode=fan_out, nonlinearity=relu, distribution =normal, bias=0 

backbone.features.12.conv.bias - torch.Size([512]): 
The value is the same before and after calling `init_weights` of ImageClassifier  

backbone.features.14.conv.weight - torch.Size([512, 512, 3, 3]): 
KaimingInit: a=0, mode=fan_out, nonlinearity=relu, distribution =normal, bias=0 

backbone.features.14.conv.bias - torch.Size([512]): 
The value is the same before and after calling `init_weights` of ImageClassifier  

backbone.features.15.conv.weight - torch.Size([512, 512, 3, 3]): 
KaimingInit: a=0, mode=fan_out, nonlinearity=relu, distribution =normal, bias=0 

backbone.features.15.conv.bias - torch.Size([512]): 
The value is the same before and after calling `init_weights` of ImageClassifier  

backbone.features.16.conv.weight - torch.Size([512, 512, 3, 3]): 
KaimingInit: a=0, mode=fan_out, nonlinearity=relu, distribution =normal, bias=0 

backbone.features.16.conv.bias - torch.Size([512]): 
The value is the same before and after calling `init_weights` of ImageClassifier  

backbone.classifier.0.weight - torch.Size([4096, 25088]): 
NormalInit: mean=0, std=0.01, bias=0 

backbone.classifier.0.bias - torch.Size([4096]): 
NormalInit: mean=0, std=0.01, bias=0 

backbone.classifier.3.weight - torch.Size([4096, 4096]): 
NormalInit: mean=0, std=0.01, bias=0 

backbone.classifier.3.bias - torch.Size([4096]): 
NormalInit: mean=0, std=0.01, bias=0 

backbone.classifier.6.weight - torch.Size([17, 4096]): 
NormalInit: mean=0, std=0.01, bias=0 

backbone.classifier.6.bias - torch.Size([17]): 
NormalInit: mean=0, std=0.01, bias=0 
2024-03-04 09:29:44,709 - mmcls - INFO - Start running, host: cshtimmy@gpu2-comp-107, work_dir: /userhome/cs2/cshtimmy/COMP3340Project/CNN_Image_Classification_Code/output/vgg16/bs64/lr0.01
2024-03-04 09:29:44,710 - mmcls - INFO - Hooks will be executed in the following order:
before_run:
(VERY_HIGH   ) StepLrUpdaterHook                  
(NORMAL      ) CheckpointHook                     
(NORMAL      ) EvalHook                           
(VERY_LOW    ) TextLoggerHook                     
 -------------------- 
before_train_epoch:
(VERY_HIGH   ) StepLrUpdaterHook                  
(NORMAL      ) EvalHook                           
(LOW         ) IterTimerHook                      
(VERY_LOW    ) TextLoggerHook                     
 -------------------- 
before_train_iter:
(VERY_HIGH   ) StepLrUpdaterHook                  
(NORMAL      ) EvalHook                           
(LOW         ) IterTimerHook                      
 -------------------- 
after_train_iter:
(ABOVE_NORMAL) OptimizerHook                      
(NORMAL      ) CheckpointHook                     
(NORMAL      ) EvalHook                           
(LOW         ) IterTimerHook                      
(VERY_LOW    ) TextLoggerHook                     
 -------------------- 
after_train_epoch:
(NORMAL      ) CheckpointHook                     
(NORMAL      ) EvalHook                           
(VERY_LOW    ) TextLoggerHook                     
 -------------------- 
before_val_epoch:
(LOW         ) IterTimerHook                      
(VERY_LOW    ) TextLoggerHook                     
 -------------------- 
before_val_iter:
(LOW         ) IterTimerHook                      
 -------------------- 
after_val_iter:
(LOW         ) IterTimerHook                      
 -------------------- 
after_val_epoch:
(VERY_LOW    ) TextLoggerHook                     
 -------------------- 
after_run:
(VERY_LOW    ) TextLoggerHook                     
 -------------------- 
2024-03-04 09:29:44,711 - mmcls - INFO - workflow: [('train', 1)], max: 200 epochs
2024-03-04 09:29:44,711 - mmcls - INFO - Checkpoints will be saved to /userhome/cs2/cshtimmy/COMP3340Project/CNN_Image_Classification_Code/output/vgg16/bs64/lr0.01 by HardDiskBackend.
2024-03-04 09:30:26,649 - mmcls - INFO - Epoch(val) [1][3]	accuracy_top-1: 5.8824, accuracy_top-5: 35.2941
2024-03-04 09:30:38,360 - mmcls - INFO - Epoch(val) [2][3]	accuracy_top-1: 5.1471, accuracy_top-5: 35.2941
2024-03-04 09:30:48,714 - mmcls - INFO - Epoch(val) [3][3]	accuracy_top-1: 10.2941, accuracy_top-5: 43.3824
2024-03-04 09:30:59,348 - mmcls - INFO - Epoch(val) [4][3]	accuracy_top-1: 10.2941, accuracy_top-5: 51.4706
2024-03-04 09:31:09,812 - mmcls - INFO - Epoch(val) [5][3]	accuracy_top-1: 11.0294, accuracy_top-5: 51.4706
2024-03-04 09:31:20,214 - mmcls - INFO - Epoch(val) [6][3]	accuracy_top-1: 13.2353, accuracy_top-5: 62.5000
2024-03-04 09:31:30,542 - mmcls - INFO - Epoch(val) [7][3]	accuracy_top-1: 13.9706, accuracy_top-5: 63.9706
2024-03-04 09:31:40,999 - mmcls - INFO - Epoch(val) [8][3]	accuracy_top-1: 13.9706, accuracy_top-5: 58.0882
2024-03-04 09:31:52,345 - mmcls - INFO - Epoch(val) [9][3]	accuracy_top-1: 23.5294, accuracy_top-5: 67.6471
2024-03-04 09:32:02,770 - mmcls - INFO - Epoch(val) [10][3]	accuracy_top-1: 22.0588, accuracy_top-5: 70.5882
2024-03-04 09:32:14,097 - mmcls - INFO - Epoch(val) [11][3]	accuracy_top-1: 25.0000, accuracy_top-5: 78.6765
2024-03-04 09:32:24,388 - mmcls - INFO - Epoch(val) [12][3]	accuracy_top-1: 22.0588, accuracy_top-5: 77.9412
2024-03-04 09:32:34,623 - mmcls - INFO - Epoch(val) [13][3]	accuracy_top-1: 25.7353, accuracy_top-5: 76.4706
2024-03-04 09:32:45,101 - mmcls - INFO - Epoch(val) [14][3]	accuracy_top-1: 25.0000, accuracy_top-5: 76.4706
2024-03-04 09:32:55,775 - mmcls - INFO - Epoch(val) [15][3]	accuracy_top-1: 29.4118, accuracy_top-5: 84.5588
2024-03-04 09:33:07,222 - mmcls - INFO - Epoch(val) [16][3]	accuracy_top-1: 28.6765, accuracy_top-5: 83.0882
2024-03-04 09:33:17,596 - mmcls - INFO - Epoch(val) [17][3]	accuracy_top-1: 31.6176, accuracy_top-5: 87.5000
2024-03-04 09:33:28,443 - mmcls - INFO - Epoch(val) [18][3]	accuracy_top-1: 36.7647, accuracy_top-5: 86.7647
2024-03-04 09:33:38,793 - mmcls - INFO - Epoch(val) [19][3]	accuracy_top-1: 43.3824, accuracy_top-5: 87.5000
2024-03-04 09:33:49,182 - mmcls - INFO - Epoch(val) [20][3]	accuracy_top-1: 38.9706, accuracy_top-5: 86.7647
2024-03-04 09:33:59,401 - mmcls - INFO - Epoch(val) [21][3]	accuracy_top-1: 41.1765, accuracy_top-5: 87.5000
2024-03-04 09:34:09,929 - mmcls - INFO - Epoch(val) [22][3]	accuracy_top-1: 41.9118, accuracy_top-5: 91.1765
2024-03-04 09:34:20,268 - mmcls - INFO - Epoch(val) [23][3]	accuracy_top-1: 43.3824, accuracy_top-5: 90.4412
2024-03-04 09:34:31,002 - mmcls - INFO - Epoch(val) [24][3]	accuracy_top-1: 50.0000, accuracy_top-5: 91.9118
2024-03-04 09:34:41,947 - mmcls - INFO - Epoch(val) [25][3]	accuracy_top-1: 50.7353, accuracy_top-5: 92.6471
2024-03-04 09:34:52,830 - mmcls - INFO - Epoch(val) [26][3]	accuracy_top-1: 46.3235, accuracy_top-5: 93.3824
2024-03-04 09:35:03,647 - mmcls - INFO - Epoch(val) [27][3]	accuracy_top-1: 38.2353, accuracy_top-5: 83.0882
2024-03-04 09:35:14,257 - mmcls - INFO - Epoch(val) [28][3]	accuracy_top-1: 46.3235, accuracy_top-5: 87.5000
2024-03-04 09:35:24,440 - mmcls - INFO - Epoch(val) [29][3]	accuracy_top-1: 50.7353, accuracy_top-5: 87.5000
2024-03-04 09:35:35,251 - mmcls - INFO - Epoch(val) [30][3]	accuracy_top-1: 48.5294, accuracy_top-5: 93.3824
2024-03-04 09:35:46,883 - mmcls - INFO - Epoch(val) [31][3]	accuracy_top-1: 55.1471, accuracy_top-5: 95.5882
2024-03-04 09:35:57,324 - mmcls - INFO - Epoch(val) [32][3]	accuracy_top-1: 54.4118, accuracy_top-5: 88.9706
2024-03-04 09:36:08,123 - mmcls - INFO - Epoch(val) [33][3]	accuracy_top-1: 53.6765, accuracy_top-5: 91.9118
2024-03-04 09:36:19,202 - mmcls - INFO - Epoch(val) [34][3]	accuracy_top-1: 58.0882, accuracy_top-5: 93.3824
2024-03-04 09:36:29,765 - mmcls - INFO - Epoch(val) [35][3]	accuracy_top-1: 55.1471, accuracy_top-5: 91.9118
2024-03-04 09:36:40,606 - mmcls - INFO - Epoch(val) [36][3]	accuracy_top-1: 52.2059, accuracy_top-5: 92.6471
2024-03-04 09:36:50,933 - mmcls - INFO - Epoch(val) [37][3]	accuracy_top-1: 54.4118, accuracy_top-5: 91.1765
2024-03-04 09:37:01,618 - mmcls - INFO - Epoch(val) [38][3]	accuracy_top-1: 49.2647, accuracy_top-5: 93.3824
2024-03-04 09:37:12,069 - mmcls - INFO - Epoch(val) [39][3]	accuracy_top-1: 61.0294, accuracy_top-5: 94.8529
2024-03-04 09:37:22,709 - mmcls - INFO - Epoch(val) [40][3]	accuracy_top-1: 60.2941, accuracy_top-5: 96.3235
2024-03-04 09:37:33,304 - mmcls - INFO - Epoch(val) [41][3]	accuracy_top-1: 56.6176, accuracy_top-5: 94.8529
2024-03-04 09:37:44,132 - mmcls - INFO - Epoch(val) [42][3]	accuracy_top-1: 58.0882, accuracy_top-5: 93.3824
2024-03-04 09:37:54,574 - mmcls - INFO - Epoch(val) [43][3]	accuracy_top-1: 53.6765, accuracy_top-5: 94.8529
2024-03-04 09:38:04,917 - mmcls - INFO - Epoch(val) [44][3]	accuracy_top-1: 54.4118, accuracy_top-5: 90.4412
2024-03-04 09:38:15,379 - mmcls - INFO - Epoch(val) [45][3]	accuracy_top-1: 63.9706, accuracy_top-5: 96.3235
2024-03-04 09:38:26,254 - mmcls - INFO - Epoch(val) [46][3]	accuracy_top-1: 60.2941, accuracy_top-5: 94.1176
2024-03-04 09:38:36,875 - mmcls - INFO - Epoch(val) [47][3]	accuracy_top-1: 59.5588, accuracy_top-5: 94.8529
2024-03-04 09:38:47,458 - mmcls - INFO - Epoch(val) [48][3]	accuracy_top-1: 58.8235, accuracy_top-5: 93.3824
2024-03-04 09:38:57,871 - mmcls - INFO - Epoch(val) [49][3]	accuracy_top-1: 60.2941, accuracy_top-5: 94.1176
2024-03-04 09:39:07,998 - mmcls - INFO - Epoch(val) [50][3]	accuracy_top-1: 66.9118, accuracy_top-5: 94.8529
2024-03-04 09:39:18,838 - mmcls - INFO - Epoch(val) [51][3]	accuracy_top-1: 63.9706, accuracy_top-5: 92.6471
2024-03-04 09:39:29,643 - mmcls - INFO - Epoch(val) [52][3]	accuracy_top-1: 60.2941, accuracy_top-5: 95.5882
2024-03-04 09:39:40,252 - mmcls - INFO - Epoch(val) [53][3]	accuracy_top-1: 63.9706, accuracy_top-5: 95.5882
2024-03-04 09:39:50,896 - mmcls - INFO - Epoch(val) [54][3]	accuracy_top-1: 63.9706, accuracy_top-5: 96.3235
2024-03-04 09:40:01,523 - mmcls - INFO - Epoch(val) [55][3]	accuracy_top-1: 57.3529, accuracy_top-5: 95.5882
2024-03-04 09:40:11,842 - mmcls - INFO - Epoch(val) [56][3]	accuracy_top-1: 57.3529, accuracy_top-5: 91.9118
2024-03-04 09:40:23,371 - mmcls - INFO - Epoch(val) [57][3]	accuracy_top-1: 63.2353, accuracy_top-5: 96.3235
2024-03-04 09:40:34,070 - mmcls - INFO - Epoch(val) [58][3]	accuracy_top-1: 63.9706, accuracy_top-5: 94.1176
2024-03-04 09:40:44,838 - mmcls - INFO - Epoch(val) [59][3]	accuracy_top-1: 62.5000, accuracy_top-5: 97.0588
2024-03-04 09:40:55,428 - mmcls - INFO - Epoch(val) [60][3]	accuracy_top-1: 72.7941, accuracy_top-5: 98.5294
2024-03-04 09:41:05,624 - mmcls - INFO - Epoch(val) [61][3]	accuracy_top-1: 66.9118, accuracy_top-5: 94.8529
2024-03-04 09:41:16,582 - mmcls - INFO - Epoch(val) [62][3]	accuracy_top-1: 64.7059, accuracy_top-5: 95.5882
2024-03-04 09:41:26,905 - mmcls - INFO - Epoch(val) [63][3]	accuracy_top-1: 66.1765, accuracy_top-5: 94.8529
2024-03-04 09:41:37,888 - mmcls - INFO - Epoch(val) [64][3]	accuracy_top-1: 65.4412, accuracy_top-5: 95.5882
2024-03-04 09:41:48,828 - mmcls - INFO - Epoch(val) [65][3]	accuracy_top-1: 69.1176, accuracy_top-5: 94.1176
2024-03-04 09:41:59,572 - mmcls - INFO - Epoch(val) [66][3]	accuracy_top-1: 69.1176, accuracy_top-5: 97.0588
2024-03-04 09:42:10,064 - mmcls - INFO - Epoch(val) [67][3]	accuracy_top-1: 63.9706, accuracy_top-5: 94.1176
2024-03-04 09:42:21,976 - mmcls - INFO - Epoch(val) [68][3]	accuracy_top-1: 65.4412, accuracy_top-5: 95.5882
2024-03-04 09:42:32,687 - mmcls - INFO - Epoch(val) [69][3]	accuracy_top-1: 67.6471, accuracy_top-5: 94.8529
2024-03-04 09:42:43,043 - mmcls - INFO - Epoch(val) [70][3]	accuracy_top-1: 62.5000, accuracy_top-5: 94.1176
2024-03-04 09:42:54,070 - mmcls - INFO - Epoch(val) [71][3]	accuracy_top-1: 68.3824, accuracy_top-5: 94.8529
2024-03-04 09:43:05,061 - mmcls - INFO - Epoch(val) [72][3]	accuracy_top-1: 68.3824, accuracy_top-5: 95.5882
2024-03-04 09:43:15,119 - mmcls - INFO - Epoch(val) [73][3]	accuracy_top-1: 68.3824, accuracy_top-5: 96.3235
2024-03-04 09:43:25,800 - mmcls - INFO - Epoch(val) [74][3]	accuracy_top-1: 69.8529, accuracy_top-5: 96.3235
2024-03-04 09:43:35,961 - mmcls - INFO - Epoch(val) [75][3]	accuracy_top-1: 63.9706, accuracy_top-5: 97.0588
2024-03-04 09:43:46,789 - mmcls - INFO - Epoch(val) [76][3]	accuracy_top-1: 69.8529, accuracy_top-5: 94.8529
2024-03-04 09:43:57,899 - mmcls - INFO - Epoch(val) [77][3]	accuracy_top-1: 72.0588, accuracy_top-5: 97.0588
2024-03-04 09:44:08,472 - mmcls - INFO - Epoch(val) [78][3]	accuracy_top-1: 67.6471, accuracy_top-5: 97.0588
2024-03-04 09:44:19,241 - mmcls - INFO - Epoch(val) [79][3]	accuracy_top-1: 69.8529, accuracy_top-5: 95.5882
2024-03-04 09:44:30,214 - mmcls - INFO - Epoch(val) [80][3]	accuracy_top-1: 67.6471, accuracy_top-5: 97.7941
2024-03-04 09:44:40,960 - mmcls - INFO - Epoch(val) [81][3]	accuracy_top-1: 69.8529, accuracy_top-5: 94.1176
2024-03-04 09:44:51,564 - mmcls - INFO - Epoch(val) [82][3]	accuracy_top-1: 69.8529, accuracy_top-5: 96.3235
2024-03-04 09:45:02,880 - mmcls - INFO - Epoch(val) [83][3]	accuracy_top-1: 65.4412, accuracy_top-5: 94.1176
2024-03-04 09:45:14,249 - mmcls - INFO - Epoch(val) [84][3]	accuracy_top-1: 72.0588, accuracy_top-5: 96.3235
2024-03-04 09:45:24,889 - mmcls - INFO - Epoch(val) [85][3]	accuracy_top-1: 64.7059, accuracy_top-5: 94.8529
2024-03-04 09:45:35,301 - mmcls - INFO - Epoch(val) [86][3]	accuracy_top-1: 67.6471, accuracy_top-5: 97.0588
2024-03-04 09:45:46,231 - mmcls - INFO - Epoch(val) [87][3]	accuracy_top-1: 72.0588, accuracy_top-5: 97.0588
2024-03-04 09:45:57,157 - mmcls - INFO - Epoch(val) [88][3]	accuracy_top-1: 72.0588, accuracy_top-5: 95.5882
2024-03-04 09:46:07,622 - mmcls - INFO - Epoch(val) [89][3]	accuracy_top-1: 73.5294, accuracy_top-5: 96.3235
2024-03-04 09:46:18,488 - mmcls - INFO - Epoch(val) [90][3]	accuracy_top-1: 69.8529, accuracy_top-5: 95.5882
2024-03-04 09:46:28,839 - mmcls - INFO - Epoch(val) [91][3]	accuracy_top-1: 69.8529, accuracy_top-5: 96.3235
2024-03-04 09:46:39,961 - mmcls - INFO - Epoch(val) [92][3]	accuracy_top-1: 72.7941, accuracy_top-5: 97.0588
2024-03-04 09:46:50,171 - mmcls - INFO - Epoch(val) [93][3]	accuracy_top-1: 70.5882, accuracy_top-5: 97.0588
2024-03-04 09:47:01,214 - mmcls - INFO - Epoch(val) [94][3]	accuracy_top-1: 72.0588, accuracy_top-5: 94.8529
2024-03-04 09:47:11,846 - mmcls - INFO - Epoch(val) [95][3]	accuracy_top-1: 69.1176, accuracy_top-5: 96.3235
2024-03-04 09:47:22,350 - mmcls - INFO - Epoch(val) [96][3]	accuracy_top-1: 78.6765, accuracy_top-5: 96.3235
2024-03-04 09:47:33,006 - mmcls - INFO - Epoch(val) [97][3]	accuracy_top-1: 72.0588, accuracy_top-5: 94.8529
2024-03-04 09:47:44,308 - mmcls - INFO - Epoch(val) [98][3]	accuracy_top-1: 69.1176, accuracy_top-5: 97.0588
2024-03-04 09:47:54,976 - mmcls - INFO - Epoch(val) [99][3]	accuracy_top-1: 75.7353, accuracy_top-5: 98.5294
2024-03-04 09:48:04,169 - mmcls - INFO - Saving checkpoint at 100 epochs
2024-03-04 09:48:12,267 - mmcls - INFO - Epoch(val) [100][3]	accuracy_top-1: 69.1176, accuracy_top-5: 97.0588
2024-03-04 09:48:22,728 - mmcls - INFO - Epoch(val) [101][3]	accuracy_top-1: 73.5294, accuracy_top-5: 97.7941
2024-03-04 09:48:32,698 - mmcls - INFO - Epoch(val) [102][3]	accuracy_top-1: 76.4706, accuracy_top-5: 98.5294
2024-03-04 09:48:43,701 - mmcls - INFO - Epoch(val) [103][3]	accuracy_top-1: 75.0000, accuracy_top-5: 97.7941
2024-03-04 09:48:54,304 - mmcls - INFO - Epoch(val) [104][3]	accuracy_top-1: 75.7353, accuracy_top-5: 98.5294
2024-03-04 09:49:05,000 - mmcls - INFO - Epoch(val) [105][3]	accuracy_top-1: 77.9412, accuracy_top-5: 97.7941
2024-03-04 09:49:15,749 - mmcls - INFO - Epoch(val) [106][3]	accuracy_top-1: 77.9412, accuracy_top-5: 98.5294
2024-03-04 09:49:27,418 - mmcls - INFO - Epoch(val) [107][3]	accuracy_top-1: 77.9412, accuracy_top-5: 97.7941
2024-03-04 09:49:39,136 - mmcls - INFO - Epoch(val) [108][3]	accuracy_top-1: 77.2059, accuracy_top-5: 97.0588
2024-03-04 09:49:50,257 - mmcls - INFO - Epoch(val) [109][3]	accuracy_top-1: 77.2059, accuracy_top-5: 97.7941
2024-03-04 09:50:00,875 - mmcls - INFO - Epoch(val) [110][3]	accuracy_top-1: 79.4118, accuracy_top-5: 97.7941
2024-03-04 09:50:11,359 - mmcls - INFO - Epoch(val) [111][3]	accuracy_top-1: 78.6765, accuracy_top-5: 97.7941
2024-03-04 09:50:22,744 - mmcls - INFO - Epoch(val) [112][3]	accuracy_top-1: 75.0000, accuracy_top-5: 98.5294
2024-03-04 09:50:33,650 - mmcls - INFO - Epoch(val) [113][3]	accuracy_top-1: 77.9412, accuracy_top-5: 98.5294
2024-03-04 09:50:44,692 - mmcls - INFO - Epoch(val) [114][3]	accuracy_top-1: 75.7353, accuracy_top-5: 97.7941
2024-03-04 09:50:55,113 - mmcls - INFO - Epoch(val) [115][3]	accuracy_top-1: 77.2059, accuracy_top-5: 99.2647
2024-03-04 09:51:05,421 - mmcls - INFO - Epoch(val) [116][3]	accuracy_top-1: 76.4706, accuracy_top-5: 98.5294
2024-03-04 09:51:15,875 - mmcls - INFO - Epoch(val) [117][3]	accuracy_top-1: 76.4706, accuracy_top-5: 98.5294
2024-03-04 09:51:26,793 - mmcls - INFO - Epoch(val) [118][3]	accuracy_top-1: 76.4706, accuracy_top-5: 98.5294
2024-03-04 09:51:37,452 - mmcls - INFO - Epoch(val) [119][3]	accuracy_top-1: 75.0000, accuracy_top-5: 99.2647
2024-03-04 09:51:48,124 - mmcls - INFO - Epoch(val) [120][3]	accuracy_top-1: 76.4706, accuracy_top-5: 98.5294
2024-03-04 09:51:58,935 - mmcls - INFO - Epoch(val) [121][3]	accuracy_top-1: 76.4706, accuracy_top-5: 98.5294
2024-03-04 09:52:09,771 - mmcls - INFO - Epoch(val) [122][3]	accuracy_top-1: 77.2059, accuracy_top-5: 98.5294
2024-03-04 09:52:21,009 - mmcls - INFO - Epoch(val) [123][3]	accuracy_top-1: 76.4706, accuracy_top-5: 97.7941
2024-03-04 09:52:32,798 - mmcls - INFO - Epoch(val) [124][3]	accuracy_top-1: 76.4706, accuracy_top-5: 97.7941
2024-03-04 09:52:44,193 - mmcls - INFO - Epoch(val) [125][3]	accuracy_top-1: 75.7353, accuracy_top-5: 99.2647
2024-03-04 09:52:55,156 - mmcls - INFO - Epoch(val) [126][3]	accuracy_top-1: 77.2059, accuracy_top-5: 98.5294
2024-03-04 09:53:05,944 - mmcls - INFO - Epoch(val) [127][3]	accuracy_top-1: 76.4706, accuracy_top-5: 97.7941
2024-03-04 09:53:16,095 - mmcls - INFO - Epoch(val) [128][3]	accuracy_top-1: 77.2059, accuracy_top-5: 98.5294
2024-03-04 09:53:26,481 - mmcls - INFO - Epoch(val) [129][3]	accuracy_top-1: 75.0000, accuracy_top-5: 98.5294
2024-03-04 09:53:37,123 - mmcls - INFO - Epoch(val) [130][3]	accuracy_top-1: 75.7353, accuracy_top-5: 99.2647
2024-03-04 09:53:47,660 - mmcls - INFO - Epoch(val) [131][3]	accuracy_top-1: 78.6765, accuracy_top-5: 97.0588
2024-03-04 09:53:58,403 - mmcls - INFO - Epoch(val) [132][3]	accuracy_top-1: 78.6765, accuracy_top-5: 97.7941
2024-03-04 09:54:09,094 - mmcls - INFO - Epoch(val) [133][3]	accuracy_top-1: 76.4706, accuracy_top-5: 99.2647
2024-03-04 09:54:19,976 - mmcls - INFO - Epoch(val) [134][3]	accuracy_top-1: 75.7353, accuracy_top-5: 98.5294
2024-03-04 09:54:30,814 - mmcls - INFO - Epoch(val) [135][3]	accuracy_top-1: 77.2059, accuracy_top-5: 98.5294
2024-03-04 09:54:41,784 - mmcls - INFO - Epoch(val) [136][3]	accuracy_top-1: 76.4706, accuracy_top-5: 98.5294
2024-03-04 09:54:52,838 - mmcls - INFO - Epoch(val) [137][3]	accuracy_top-1: 76.4706, accuracy_top-5: 98.5294
2024-03-04 09:55:03,114 - mmcls - INFO - Epoch(val) [138][3]	accuracy_top-1: 75.7353, accuracy_top-5: 97.7941
2024-03-04 09:55:14,166 - mmcls - INFO - Epoch(val) [139][3]	accuracy_top-1: 77.2059, accuracy_top-5: 97.7941
2024-03-04 09:55:25,022 - mmcls - INFO - Epoch(val) [140][3]	accuracy_top-1: 77.9412, accuracy_top-5: 98.5294
2024-03-04 09:55:36,502 - mmcls - INFO - Epoch(val) [141][3]	accuracy_top-1: 76.4706, accuracy_top-5: 98.5294
2024-03-04 09:55:48,428 - mmcls - INFO - Epoch(val) [142][3]	accuracy_top-1: 77.9412, accuracy_top-5: 97.7941
2024-03-04 09:55:58,951 - mmcls - INFO - Epoch(val) [143][3]	accuracy_top-1: 77.2059, accuracy_top-5: 98.5294
2024-03-04 09:56:09,936 - mmcls - INFO - Epoch(val) [144][3]	accuracy_top-1: 78.6765, accuracy_top-5: 97.0588
2024-03-04 09:56:20,563 - mmcls - INFO - Epoch(val) [145][3]	accuracy_top-1: 77.9412, accuracy_top-5: 98.5294
2024-03-04 09:56:31,296 - mmcls - INFO - Epoch(val) [146][3]	accuracy_top-1: 77.2059, accuracy_top-5: 97.0588
2024-03-04 09:56:42,783 - mmcls - INFO - Epoch(val) [147][3]	accuracy_top-1: 77.2059, accuracy_top-5: 95.5882
2024-03-04 09:56:53,895 - mmcls - INFO - Epoch(val) [148][3]	accuracy_top-1: 79.4118, accuracy_top-5: 99.2647
2024-03-04 09:57:04,513 - mmcls - INFO - Epoch(val) [149][3]	accuracy_top-1: 78.6765, accuracy_top-5: 95.5882
2024-03-04 09:57:15,026 - mmcls - INFO - Epoch(val) [150][3]	accuracy_top-1: 77.2059, accuracy_top-5: 98.5294
2024-03-04 09:57:25,550 - mmcls - INFO - Epoch(val) [151][3]	accuracy_top-1: 77.2059, accuracy_top-5: 98.5294
2024-03-04 09:57:36,601 - mmcls - INFO - Epoch(val) [152][3]	accuracy_top-1: 77.9412, accuracy_top-5: 98.5294
2024-03-04 09:57:47,319 - mmcls - INFO - Epoch(val) [153][3]	accuracy_top-1: 77.9412, accuracy_top-5: 98.5294
2024-03-04 09:57:57,659 - mmcls - INFO - Epoch(val) [154][3]	accuracy_top-1: 77.9412, accuracy_top-5: 99.2647
2024-03-04 09:58:08,074 - mmcls - INFO - Epoch(val) [155][3]	accuracy_top-1: 77.9412, accuracy_top-5: 99.2647
2024-03-04 09:58:18,747 - mmcls - INFO - Epoch(val) [156][3]	accuracy_top-1: 77.9412, accuracy_top-5: 99.2647
2024-03-04 09:58:29,386 - mmcls - INFO - Epoch(val) [157][3]	accuracy_top-1: 77.9412, accuracy_top-5: 98.5294
2024-03-04 09:58:40,021 - mmcls - INFO - Epoch(val) [158][3]	accuracy_top-1: 78.6765, accuracy_top-5: 97.7941
2024-03-04 09:58:50,781 - mmcls - INFO - Epoch(val) [159][3]	accuracy_top-1: 78.6765, accuracy_top-5: 97.7941
2024-03-04 09:59:01,541 - mmcls - INFO - Epoch(val) [160][3]	accuracy_top-1: 78.6765, accuracy_top-5: 97.7941
2024-03-04 09:59:12,622 - mmcls - INFO - Epoch(val) [161][3]	accuracy_top-1: 78.6765, accuracy_top-5: 98.5294
2024-03-04 09:59:23,237 - mmcls - INFO - Epoch(val) [162][3]	accuracy_top-1: 78.6765, accuracy_top-5: 99.2647
2024-03-04 09:59:34,221 - mmcls - INFO - Epoch(val) [163][3]	accuracy_top-1: 78.6765, accuracy_top-5: 99.2647
2024-03-04 09:59:45,268 - mmcls - INFO - Epoch(val) [164][3]	accuracy_top-1: 78.6765, accuracy_top-5: 97.7941
2024-03-04 09:59:56,003 - mmcls - INFO - Epoch(val) [165][3]	accuracy_top-1: 78.6765, accuracy_top-5: 97.7941
2024-03-04 10:00:06,962 - mmcls - INFO - Epoch(val) [166][3]	accuracy_top-1: 78.6765, accuracy_top-5: 97.7941
2024-03-04 10:00:17,914 - mmcls - INFO - Epoch(val) [167][3]	accuracy_top-1: 78.6765, accuracy_top-5: 97.7941
2024-03-04 10:00:28,532 - mmcls - INFO - Epoch(val) [168][3]	accuracy_top-1: 79.4118, accuracy_top-5: 98.5294
2024-03-04 10:00:39,011 - mmcls - INFO - Epoch(val) [169][3]	accuracy_top-1: 78.6765, accuracy_top-5: 97.7941
2024-03-04 10:00:50,060 - mmcls - INFO - Epoch(val) [170][3]	accuracy_top-1: 78.6765, accuracy_top-5: 98.5294
2024-03-04 10:01:00,745 - mmcls - INFO - Epoch(val) [171][3]	accuracy_top-1: 78.6765, accuracy_top-5: 98.5294
2024-03-04 10:01:11,386 - mmcls - INFO - Epoch(val) [172][3]	accuracy_top-1: 77.9412, accuracy_top-5: 99.2647
2024-03-04 10:01:21,900 - mmcls - INFO - Epoch(val) [173][3]	accuracy_top-1: 77.9412, accuracy_top-5: 99.2647
2024-03-04 10:01:32,642 - mmcls - INFO - Epoch(val) [174][3]	accuracy_top-1: 77.9412, accuracy_top-5: 98.5294
2024-03-04 10:01:43,175 - mmcls - INFO - Epoch(val) [175][3]	accuracy_top-1: 77.9412, accuracy_top-5: 98.5294
2024-03-04 10:01:54,303 - mmcls - INFO - Epoch(val) [176][3]	accuracy_top-1: 77.2059, accuracy_top-5: 98.5294
2024-03-04 10:02:05,072 - mmcls - INFO - Epoch(val) [177][3]	accuracy_top-1: 77.2059, accuracy_top-5: 99.2647
2024-03-04 10:02:15,435 - mmcls - INFO - Epoch(val) [178][3]	accuracy_top-1: 77.9412, accuracy_top-5: 98.5294
2024-03-04 10:02:25,940 - mmcls - INFO - Epoch(val) [179][3]	accuracy_top-1: 77.9412, accuracy_top-5: 98.5294
2024-03-04 10:02:36,116 - mmcls - INFO - Epoch(val) [180][3]	accuracy_top-1: 77.2059, accuracy_top-5: 98.5294
2024-03-04 10:02:46,555 - mmcls - INFO - Epoch(val) [181][3]	accuracy_top-1: 77.9412, accuracy_top-5: 98.5294
2024-03-04 10:02:57,327 - mmcls - INFO - Epoch(val) [182][3]	accuracy_top-1: 77.2059, accuracy_top-5: 97.7941
2024-03-04 10:03:07,675 - mmcls - INFO - Epoch(val) [183][3]	accuracy_top-1: 77.9412, accuracy_top-5: 97.7941
2024-03-04 10:03:18,330 - mmcls - INFO - Epoch(val) [184][3]	accuracy_top-1: 77.2059, accuracy_top-5: 97.7941
2024-03-04 10:03:29,230 - mmcls - INFO - Epoch(val) [185][3]	accuracy_top-1: 78.6765, accuracy_top-5: 98.5294
2024-03-04 10:03:39,878 - mmcls - INFO - Epoch(val) [186][3]	accuracy_top-1: 79.4118, accuracy_top-5: 98.5294
2024-03-04 10:03:50,851 - mmcls - INFO - Epoch(val) [187][3]	accuracy_top-1: 79.4118, accuracy_top-5: 98.5294
2024-03-04 10:04:01,428 - mmcls - INFO - Epoch(val) [188][3]	accuracy_top-1: 77.9412, accuracy_top-5: 98.5294
2024-03-04 10:04:12,257 - mmcls - INFO - Epoch(val) [189][3]	accuracy_top-1: 77.9412, accuracy_top-5: 98.5294
2024-03-04 10:04:23,044 - mmcls - INFO - Epoch(val) [190][3]	accuracy_top-1: 78.6765, accuracy_top-5: 97.7941
2024-03-04 10:04:33,929 - mmcls - INFO - Epoch(val) [191][3]	accuracy_top-1: 77.9412, accuracy_top-5: 97.7941
2024-03-04 10:04:44,954 - mmcls - INFO - Epoch(val) [192][3]	accuracy_top-1: 78.6765, accuracy_top-5: 97.0588
2024-03-04 10:04:57,390 - mmcls - INFO - Epoch(val) [193][3]	accuracy_top-1: 78.6765, accuracy_top-5: 97.7941
2024-03-04 10:05:08,352 - mmcls - INFO - Epoch(val) [194][3]	accuracy_top-1: 77.9412, accuracy_top-5: 97.7941
2024-03-04 10:05:18,810 - mmcls - INFO - Epoch(val) [195][3]	accuracy_top-1: 77.2059, accuracy_top-5: 97.7941
2024-03-04 10:05:29,888 - mmcls - INFO - Epoch(val) [196][3]	accuracy_top-1: 77.2059, accuracy_top-5: 97.7941
2024-03-04 10:05:41,156 - mmcls - INFO - Epoch(val) [197][3]	accuracy_top-1: 78.6765, accuracy_top-5: 97.7941
2024-03-04 10:05:51,391 - mmcls - INFO - Epoch(val) [198][3]	accuracy_top-1: 77.9412, accuracy_top-5: 97.7941
2024-03-04 10:06:02,089 - mmcls - INFO - Epoch(val) [199][3]	accuracy_top-1: 77.9412, accuracy_top-5: 98.5294
2024-03-04 10:06:11,448 - mmcls - INFO - Saving checkpoint at 200 epochs
2024-03-04 10:06:19,616 - mmcls - INFO - Epoch(val) [200][3]	accuracy_top-1: 77.9412, accuracy_top-5: 97.7941
